2024-04-01 22:50:13+0800: Running with following config:
allowResignation = true
friendlyPassOk = true
hasButton = false
koRule = SIMPLE
lagBuffer = 1.0
logAllGTPCommunication = true
logDir = gtp_logs
logSearchInfo = true
logToStderr = false
multiStoneSuicideLegal = false
nnCacheSizePowerOfTwo = 20
nnMutexPoolSizePowerOfTwo = 16
numNNServerThreadsPerModel = 1
numSearchThreads = 8
openclDeviceToUseThread0 = 0
ponderingEnabled = false
resignConsecTurns = 3
resignThreshold = -0.90
scoringRule = AREA
searchFactorAfterOnePass = 0.50
searchFactorAfterTwoPass = 0.25
searchFactorWhenWinning = 0.40
searchFactorWhenWinningThreshold = 0.95
taxRule = NONE
whiteHandicapBonus = N

2024-04-01 22:50:13+0800: GTP Engine starting...
2024-04-01 22:50:13+0800: KataGo v1.13.0
2024-04-01 22:50:13+0800: Using Chinese rules initially, unless GTP/GUI overrides this
2024-04-01 22:50:13+0800: Using 8 CPU thread(s) for search
2024-04-01 22:50:13+0800: nnRandSeed0 = 15307779393610786323
2024-04-01 22:50:13+0800: After dedups: nnModelFile0 = F:/unity_project/yiwu/Assets/StreamingAssets\katago-v1.13.0-opencl-windows-x64\model.bin useFP16 auto useNHWC auto
2024-04-01 22:50:13+0800: Initializing neural net buffer to be size 19 * 19 exactly
2024-04-01 22:50:14+0800: Found OpenCL Platform 0: NVIDIA CUDA (NVIDIA Corporation) (OpenCL 3.0 CUDA 12.3.99)
2024-04-01 22:50:14+0800: Found 1 device(s) on platform 0 with type CPU or GPU or Accelerator
2024-04-01 22:50:14+0800: Found OpenCL Device 0: NVIDIA GeForce RTX 2060 (NVIDIA Corporation) (score 11000300)
2024-04-01 22:50:14+0800: Creating context for OpenCL Platform: NVIDIA CUDA (NVIDIA Corporation) (OpenCL 3.0 CUDA 12.3.99)
2024-04-01 22:50:14+0800: Using OpenCL Device 0: NVIDIA GeForce RTX 2060 (NVIDIA Corporation) OpenCL 3.0 CUDA (Extensions: cl_khr_global_int32_base_atomics cl_khr_global_int32_extended_atomics cl_khr_local_int32_base_atomics cl_khr_local_int32_extended_atomics cl_khr_fp64 cl_khr_3d_image_writes cl_khr_byte_addressable_store cl_khr_icd cl_khr_gl_sharing cl_nv_compiler_options cl_nv_device_attribute_query cl_nv_pragma_unroll cl_nv_d3d10_sharing cl_khr_d3d10_sharing cl_nv_d3d11_sharing cl_nv_copy_opts cl_nv_create_buffer cl_khr_int64_base_atomics cl_khr_int64_extended_atomics cl_khr_device_uuid cl_khr_pci_bus_info cl_khr_external_semaphore cl_khr_external_memory cl_khr_external_semaphore_win32 cl_khr_external_memory_win32)
2024-04-01 22:50:14+0800: Loaded tuning parameters from: F:\unity_project\yiwu\Assets\StreamingAssets\katago-v1.13.0-opencl-windows-x64/KataGoData/opencltuning/tune11_gpuNVIDIAGeForceRTX2060_x19_y19_c384_mv14.txt
2024-04-01 22:50:14+0800: OpenCL backend thread 0: Device 0 Model version 14
2024-04-01 22:50:14+0800: OpenCL backend thread 0: Device 0 Model name: kata1-b18c384nbt-s7192213760-d3579182099
2024-04-01 22:50:16+0800: OpenCL backend thread 0: Device 0 FP16Storage true FP16Compute false FP16TensorCores true FP16TensorCoresFor1x1 false
2024-04-01 22:50:16+0800: Loaded neural net with nnXLen 19 nnYLen 19
2024-04-01 22:50:16+0800: Initializing board with boardXSize 19 boardYSize 19
2024-04-01 22:50:16+0800: Loaded config F:/unity_project/yiwu/Assets/StreamingAssets\katago-v1.13.0-opencl-windows-x64\gtp_custom.cfg
2024-04-01 22:50:16+0800: Loaded model F:/unity_project/yiwu/Assets/StreamingAssets\katago-v1.13.0-opencl-windows-x64\model.bin
2024-04-01 22:50:16+0800: Model name: kata1-b18c384nbt-s7192213760-d3579182099
2024-04-01 22:50:16+0800: GTP ready, beginning main protocol loop
2024-04-01 22:50:20+0800: Controller: loadsgf C:/Users/KILLLAKILL/AppData/LocalLow/DefaultCompany/yiwu/RecentGames\sgf_1659790193.sgf 1
2024-04-01 22:50:20+0800: Changing komi to 5.5
2024-04-01 22:50:20+0800: GPU 0 finishing, processed 0 rows 0 batches
2024-04-01 22:50:20+0800: Cleaned up old neural net and bot
2024-04-01 22:50:20+0800: nnRandSeed0 = 15004941262237089726
2024-04-01 22:50:20+0800: After dedups: nnModelFile0 = F:/unity_project/yiwu/Assets/StreamingAssets\katago-v1.13.0-opencl-windows-x64\model.bin useFP16 auto useNHWC auto
2024-04-01 22:50:20+0800: Initializing neural net buffer to be size 9 * 9 exactly
2024-04-01 22:50:20+0800: Found OpenCL Platform 0: NVIDIA CUDA (NVIDIA Corporation) (OpenCL 3.0 CUDA 12.3.99)
2024-04-01 22:50:20+0800: Found 1 device(s) on platform 0 with type CPU or GPU or Accelerator
2024-04-01 22:50:20+0800: Found OpenCL Device 0: NVIDIA GeForce RTX 2060 (NVIDIA Corporation) (score 11000300)
2024-04-01 22:50:20+0800: Creating context for OpenCL Platform: NVIDIA CUDA (NVIDIA Corporation) (OpenCL 3.0 CUDA 12.3.99)
2024-04-01 22:50:21+0800: Using OpenCL Device 0: NVIDIA GeForce RTX 2060 (NVIDIA Corporation) OpenCL 3.0 CUDA (Extensions: cl_khr_global_int32_base_atomics cl_khr_global_int32_extended_atomics cl_khr_local_int32_base_atomics cl_khr_local_int32_extended_atomics cl_khr_fp64 cl_khr_3d_image_writes cl_khr_byte_addressable_store cl_khr_icd cl_khr_gl_sharing cl_nv_compiler_options cl_nv_device_attribute_query cl_nv_pragma_unroll cl_nv_d3d10_sharing cl_khr_d3d10_sharing cl_nv_d3d11_sharing cl_nv_copy_opts cl_nv_create_buffer cl_khr_int64_base_atomics cl_khr_int64_extended_atomics cl_khr_device_uuid cl_khr_pci_bus_info cl_khr_external_semaphore cl_khr_external_memory cl_khr_external_semaphore_win32 cl_khr_external_memory_win32)
2024-04-01 22:50:21+0800: Loaded tuning parameters from: F:\unity_project\yiwu\Assets\StreamingAssets\katago-v1.13.0-opencl-windows-x64/KataGoData/opencltuning/tune11_gpuNVIDIAGeForceRTX2060_x19_y19_c384_mv14.txt
2024-04-01 22:50:21+0800: OpenCL backend thread 0: Device 0 Model version 14
2024-04-01 22:50:21+0800: OpenCL backend thread 0: Device 0 Model name: kata1-b18c384nbt-s7192213760-d3579182099
2024-04-01 22:50:23+0800: OpenCL backend thread 0: Device 0 FP16Storage true FP16Compute false FP16TensorCores true FP16TensorCoresFor1x1 false
2024-04-01 22:50:23+0800: Loaded neural net with nnXLen 9 nnYLen 9
2024-04-01 22:50:23+0800: Initializing board with boardXSize 9 boardYSize 9
2024-04-01 22:50:23+0800: = 
2024-04-01 22:50:25+0800: Controller: loadsgf C:/Users/KILLLAKILL/AppData/LocalLow/DefaultCompany/yiwu/RecentGames\sgf_1659790193.sgf 6
2024-04-01 22:50:25+0800: = 
2024-04-01 22:50:25+0800: Controller: lz-genmove_analyze maxmoves 6
2024-04-01 22:50:30+0800: MoveNum: 5 HASH: 611BD4CBA6629026667128E5EC901D9B
   A B C D E F G H J
 9 . . . . . . . . .
 8 . . . . . . . . .
 7 . . . X1. . . . .
 6 . . . . . . . . .
 5 . . . O X . . . .
 4 . . . . @ . . . .
 3 . . . . . . X3. .
 2 . . . . . . . . .
 1 . . . . . O2. . .

koSIMPLEscoreAREAtaxNONEsui0whbNfpok1komi5.5
Time taken: 5
Root visits: 2918
New playouts: 2918
NN rows: 2529
NN batches: 633
NN avg batch size: 3.99526
PV: E4 F5 D6 E7 C7 D4 C4 D3 C3 D2 E6 F6 F7 G7 F8 G8 C2 E8 E2 C8 E3 B7 G2 C5
Tree:
: T -103.83c W -98.02c S  -6.19c ( -7.4 L  -7.0) N    2918  --  E4 F5 D6 E7 C7 D4 C4
---White(^)---
E4  : T -103.14c W -97.91c S  -5.69c ( -7.2 L  -6.8) LCB -103.99c P 21.90% WF 5757.5 PSV    5713 N    2660  --  E4 F5 D6 E7 C7 D4 C4 D3
D4  : T -108.86c W -98.66c S  -9.74c ( -9.4 L  -8.8) LCB -110.74c P 53.36% WF 495.3 PSV     519 N     152  --  D4 D6 G6 E4 D3 H5 G5 E3
F4  : T -106.34c W -98.75c S  -7.40c ( -8.0 L  -7.4) LCB -108.27c P 10.43% WF 186.4 PSV     176 N      59  --  F4 E4 F3 E3 E2 F5 G4
D3  : T -106.07c W -98.70c S  -7.09c ( -7.8 L  -7.3) LCB -109.11c P  4.57% WF  82.7 PSV      83 N      25  --  D3 D4 E4 C4 F4 F5 G4
D6  : T -110.90c W -98.95c S -11.05c ( -9.6 L  -9.0) LCB -156.14c P  1.55% WF  15.4 PSV      11 N       4  --  D6 E6 C7
F3  : T -110.05c W -98.63c S -11.41c ( -9.6 L  -8.5) LCB -460.05c P  0.62% WF   4.6 PSV       5 N       1  --  F3
G5  : T -111.76c W -98.76c S -13.00c (-10.5 L  -9.4) LCB -461.76c P  0.69% WF   4.9 PSV       4 N       1  --  G5
C4  : T -109.88c W -98.57c S -11.31c ( -9.7 L  -8.5) LCB -459.88c P  0.51% WF   4.9 PSV       4 N       1  --  C4
C3  : T -111.72c W -98.93c S -12.79c (-10.3 L  -9.2) LCB -461.72c P  0.54% WF   5.2 PSV       3 N       1  --  C3
G6  : T -111.89c W -98.71c S -13.18c (-10.8 L  -9.5) LCB -461.89c P  0.53% WF   5.1 PSV       3 N       1  --  G6

2024-04-01 22:50:30+0800: = play E4
2024-04-01 22:50:48+0800: Controller: loadsgf C:/Users/KILLLAKILL/AppData/LocalLow/DefaultCompany/yiwu/RecentGames\sgf_1709536917.sgf 1
2024-04-01 22:50:48+0800: Changing komi to 6.5
2024-04-01 22:50:48+0800: = 
2024-04-01 22:50:51+0800: Controller: loadsgf C:/Users/KILLLAKILL/AppData/LocalLow/DefaultCompany/yiwu/RecentGames\sgf_1709536917.sgf 3
2024-04-01 22:50:51+0800: = 
2024-04-01 22:50:51+0800: Controller: lz-genmove_analyze maxmoves 6
2024-04-01 22:50:56+0800: MoveNum: 2 HASH: FED00430BC001BE84FDDCDDE62C2962E
   A B C D E F G H J
 9 . . . . . . . . .
 8 . . . . . . . . .
 7 . . . . @ . O2. .
 6 . . . . . . . . .
 5 . . . . . . . . .
 4 . . . . X1. . . .
 3 . . . . . . . . .
 2 . . . . . . . . .
 1 . . . . . . . . .

koSIMPLEscoreAREAtaxNONEsui0whbNfpok1komi6.5
Time taken: 5
Root visits: 2643
New playouts: 2643
NN rows: 2556
NN batches: 640
NN avg batch size: 3.99375
PV: E7 G4 C4 C6 F6 G6 F5 C8 D8 D7 G5 H5 H6 H4 H7 E8
Tree:
: T  69.63c W  70.08c S   0.69c ( +2.1 L  +1.0) N    2643  --  E7 G4 C4 C6 F6 G6 F5
---Black(^)---
E7  : T  71.35c W  71.63c S   0.94c ( +2.2 L  +1.2) LCB   68.81c P 16.55% WF 1662.7 PSV    1633 N    1611  --  E7 G4 C4 C6 F6 G6 F5 C8
F6  : T  68.94c W  69.42c S   0.53c ( +2.0 L  +0.8) LCB   65.73c P 29.06% WF 839.3 PSV     527 N     747  --  F6 G6 C4 C5 B5 B6 B4 F5
D7  : T  65.12c W  66.35c S   0.28c ( +1.9 L  +0.7) LCB   57.74c P 12.82% WF 115.1 PSV     101 N     102  --  D7 C5 F6 D3 E3 H5 C3 C2
E6  : T  65.84c W  65.59c S  -0.30c ( +1.6 L  +0.5) LCB   60.13c P  9.71% WF 102.3 PSV      85 N      80  --  E6 G5 C4 F3 F7 B4 C3 D7
D6  : T  57.69c W  59.76c S  -0.45c ( +1.5 L  +0.5) LCB   48.29c P 14.44% WF  53.8 PSV      54 N      51  --  D6 G4 G3 C3 G5 H4 H5 F4
C5  : T  54.02c W  57.07c S  -0.90c ( +1.3 L  +0.5) LCB   41.44c P  9.42% WF  26.9 PSV      28 N      24  --  C5 D7 E6 E7 F3 F6 C7 C3
G4  : T  67.93c W  68.53c S   0.12c ( +1.8 L  +0.7) LCB   56.59c P  0.68% WF  19.1 PSV       9 N      14  --  G4 D6 C4 E2 D3 F3
C6  : T  46.27c W  53.31c S  -0.33c ( +1.6 L  +0.5) LCB   18.31c P  3.53% WF   7.1 PSV       7 N       6  --  C6 D5 E7 C5
C4  : T  56.90c W  61.26c S  -0.29c ( +1.6 L  +0.5) LCB   32.86c P  2.00% WF   8.0 PSV       7 N       6  --  C4 D6 G5 G3
G5  : T  43.27c W  45.17c S  -1.90c ( +0.8 L  +0.1) LCB -306.73c P  1.16% WF   1.2 PSV       2 N       1  --  G5

2024-04-01 22:50:56+0800: = play E7
