2024-04-17 22:20:49+0800: Running with following config:
allowResignation = true
friendlyPassOk = true
hasButton = false
koRule = SIMPLE
lagBuffer = 1.0
logAllGTPCommunication = true
logDir = gtp_logs
logSearchInfo = true
logToStderr = false
multiStoneSuicideLegal = false
nnCacheSizePowerOfTwo = 20
nnMutexPoolSizePowerOfTwo = 16
numNNServerThreadsPerModel = 1
numSearchThreads = 8
openclDeviceToUseThread0 = 0
ponderingEnabled = false
resignConsecTurns = 3
resignThreshold = -0.90
scoringRule = AREA
searchFactorAfterOnePass = 0.50
searchFactorAfterTwoPass = 0.25
searchFactorWhenWinning = 0.40
searchFactorWhenWinningThreshold = 0.95
taxRule = NONE
whiteHandicapBonus = N

2024-04-17 22:20:49+0800: GTP Engine starting...
2024-04-17 22:20:49+0800: KataGo v1.13.0
2024-04-17 22:20:49+0800: Using Chinese rules initially, unless GTP/GUI overrides this
2024-04-17 22:20:49+0800: Using 8 CPU thread(s) for search
2024-04-17 22:20:49+0800: nnRandSeed0 = 14430414919703738870
2024-04-17 22:20:49+0800: After dedups: nnModelFile0 = F:/unity_project/yiwu/Assets/StreamingAssets\katago-v1.13.0-opencl-windows-x64\model.bin useFP16 auto useNHWC auto
2024-04-17 22:20:49+0800: Initializing neural net buffer to be size 19 * 19 exactly
2024-04-17 22:20:50+0800: Found OpenCL Platform 0: NVIDIA CUDA (NVIDIA Corporation) (OpenCL 3.0 CUDA 12.3.99)
2024-04-17 22:20:50+0800: Found 1 device(s) on platform 0 with type CPU or GPU or Accelerator
2024-04-17 22:20:50+0800: Found OpenCL Device 0: NVIDIA GeForce RTX 2060 (NVIDIA Corporation) (score 11000300)
2024-04-17 22:20:50+0800: Creating context for OpenCL Platform: NVIDIA CUDA (NVIDIA Corporation) (OpenCL 3.0 CUDA 12.3.99)
2024-04-17 22:20:50+0800: Using OpenCL Device 0: NVIDIA GeForce RTX 2060 (NVIDIA Corporation) OpenCL 3.0 CUDA (Extensions: cl_khr_global_int32_base_atomics cl_khr_global_int32_extended_atomics cl_khr_local_int32_base_atomics cl_khr_local_int32_extended_atomics cl_khr_fp64 cl_khr_3d_image_writes cl_khr_byte_addressable_store cl_khr_icd cl_khr_gl_sharing cl_nv_compiler_options cl_nv_device_attribute_query cl_nv_pragma_unroll cl_nv_d3d10_sharing cl_khr_d3d10_sharing cl_nv_d3d11_sharing cl_nv_copy_opts cl_nv_create_buffer cl_khr_int64_base_atomics cl_khr_int64_extended_atomics cl_khr_device_uuid cl_khr_pci_bus_info cl_khr_external_semaphore cl_khr_external_memory cl_khr_external_semaphore_win32 cl_khr_external_memory_win32)
2024-04-17 22:20:50+0800: Loaded tuning parameters from: F:\unity_project\yiwu\Assets\StreamingAssets\katago-v1.13.0-opencl-windows-x64/KataGoData/opencltuning/tune11_gpuNVIDIAGeForceRTX2060_x19_y19_c384_mv14.txt
2024-04-17 22:20:51+0800: OpenCL backend thread 0: Device 0 Model version 14
2024-04-17 22:20:51+0800: OpenCL backend thread 0: Device 0 Model name: kata1-b18c384nbt-s7192213760-d3579182099
2024-04-17 22:20:53+0800: OpenCL backend thread 0: Device 0 FP16Storage true FP16Compute false FP16TensorCores true FP16TensorCoresFor1x1 false
2024-04-17 22:20:53+0800: Loaded neural net with nnXLen 19 nnYLen 19
2024-04-17 22:20:53+0800: Initializing board with boardXSize 19 boardYSize 19
2024-04-17 22:20:53+0800: Loaded config F:/unity_project/yiwu/Assets/StreamingAssets\katago-v1.13.0-opencl-windows-x64\gtp_custom.cfg
2024-04-17 22:20:53+0800: Loaded model F:/unity_project/yiwu/Assets/StreamingAssets\katago-v1.13.0-opencl-windows-x64\model.bin
2024-04-17 22:20:53+0800: Model name: kata1-b18c384nbt-s7192213760-d3579182099
2024-04-17 22:20:53+0800: GTP ready, beginning main protocol loop
2024-04-17 22:20:58+0800: Controller: loadsgf C:/Users/KILLLAKILL/AppData/LocalLow/DefaultCompany/yiwu/RecentGames\sgf_1659790193.sgf 1
2024-04-17 22:20:58+0800: Changing komi to 5.5
2024-04-17 22:20:58+0800: GPU 0 finishing, processed 0 rows 0 batches
2024-04-17 22:20:58+0800: Cleaned up old neural net and bot
2024-04-17 22:20:58+0800: nnRandSeed0 = 12692235439872326957
2024-04-17 22:20:58+0800: After dedups: nnModelFile0 = F:/unity_project/yiwu/Assets/StreamingAssets\katago-v1.13.0-opencl-windows-x64\model.bin useFP16 auto useNHWC auto
2024-04-17 22:20:58+0800: Initializing neural net buffer to be size 9 * 9 exactly
2024-04-17 22:20:58+0800: Found OpenCL Platform 0: NVIDIA CUDA (NVIDIA Corporation) (OpenCL 3.0 CUDA 12.3.99)
2024-04-17 22:20:58+0800: Found 1 device(s) on platform 0 with type CPU or GPU or Accelerator
2024-04-17 22:20:58+0800: Found OpenCL Device 0: NVIDIA GeForce RTX 2060 (NVIDIA Corporation) (score 11000300)
2024-04-17 22:20:58+0800: Creating context for OpenCL Platform: NVIDIA CUDA (NVIDIA Corporation) (OpenCL 3.0 CUDA 12.3.99)
2024-04-17 22:20:59+0800: Using OpenCL Device 0: NVIDIA GeForce RTX 2060 (NVIDIA Corporation) OpenCL 3.0 CUDA (Extensions: cl_khr_global_int32_base_atomics cl_khr_global_int32_extended_atomics cl_khr_local_int32_base_atomics cl_khr_local_int32_extended_atomics cl_khr_fp64 cl_khr_3d_image_writes cl_khr_byte_addressable_store cl_khr_icd cl_khr_gl_sharing cl_nv_compiler_options cl_nv_device_attribute_query cl_nv_pragma_unroll cl_nv_d3d10_sharing cl_khr_d3d10_sharing cl_nv_d3d11_sharing cl_nv_copy_opts cl_nv_create_buffer cl_khr_int64_base_atomics cl_khr_int64_extended_atomics cl_khr_device_uuid cl_khr_pci_bus_info cl_khr_external_semaphore cl_khr_external_memory cl_khr_external_semaphore_win32 cl_khr_external_memory_win32)
2024-04-17 22:20:59+0800: Loaded tuning parameters from: F:\unity_project\yiwu\Assets\StreamingAssets\katago-v1.13.0-opencl-windows-x64/KataGoData/opencltuning/tune11_gpuNVIDIAGeForceRTX2060_x19_y19_c384_mv14.txt
2024-04-17 22:20:59+0800: OpenCL backend thread 0: Device 0 Model version 14
2024-04-17 22:20:59+0800: OpenCL backend thread 0: Device 0 Model name: kata1-b18c384nbt-s7192213760-d3579182099
2024-04-17 22:21:01+0800: OpenCL backend thread 0: Device 0 FP16Storage true FP16Compute false FP16TensorCores true FP16TensorCoresFor1x1 false
2024-04-17 22:21:01+0800: Loaded neural net with nnXLen 9 nnYLen 9
2024-04-17 22:21:01+0800: Initializing board with boardXSize 9 boardYSize 9
2024-04-17 22:21:01+0800: = 
2024-04-17 22:21:04+0800: Controller: loadsgf C:/Users/KILLLAKILL/AppData/LocalLow/DefaultCompany/yiwu/RecentGames\sgf_1659790193.sgf 7
2024-04-17 22:21:04+0800: = 
2024-04-17 22:21:04+0800: Controller: lz-genmove_analyze maxmoves 6
2024-04-17 22:21:09+0800: MoveNum: 6 HASH: 3D4E0F78DD4BFC17707648C28C5310E5
   A B C D E F G H J
 9 . . . . . . . . .
 8 . . . . . . . . .
 7 . . . X . . . . .
 6 . . . . . . . . .
 5 . . . O X . . . .
 4 . . . @ . . . . .
 3 . . . . . . X2. .
 2 . . . . . . O3. .
 1 . . . . . O1. . .

koSIMPLEscoreAREAtaxNONEsui0whbNfpok1komi5.5
Time taken: 5
Root visits: 2766
New playouts: 2766
NN rows: 2468
NN batches: 618
NN avg batch size: 3.99353
PV: D4 F3 G6 D6 E6 C7 C4 B5 H3 E7 B4 E4 D8 C5
Tree:
: T 108.74c W  99.41c S   9.36c (+12.3 L +11.7) N    2766  --  D4 F3 G6 D6 E6 C7 C4
---Black(^)---
D4  : T 108.90c W  99.41c S   9.52c (+12.4 L +11.8) LCB  108.35c P 77.37% WF 8769.1 PSV    8761 N    2665  --  D4 F3 G6 D6 E6 C7 C4 B5
E4  : T 106.87c W  99.35c S   7.30c (+11.3 L +10.5) LCB  104.06c P  3.90% WF 108.1 PSV      92 N      27  --  E4 D6 E6 C7 C8 D8
E3  : T 106.06c W  99.38c S   6.52c (+11.0 L +10.2) LCB  103.30c P  4.27% WF  79.3 PSV      76 N      21  --  E3 D4 D3 E6 E7
D6  : T 107.35c W  99.47c S   7.66c (+11.4 L +10.6) LCB  102.60c P  1.88% WF  63.7 PSV      54 N      16  --  D6 F3 F4 G4
F3  : T 103.17c W  99.17c S   4.67c (+10.1 L  +9.5) LCB   96.94c P  4.68% WF  46.7 PSV      45 N      13  --  F3 E4 F5 D6 E7 E3
D3  : T 103.17c W  99.31c S   4.18c ( +9.9 L  +9.2) LCB   74.60c P  1.62% WF  17.7 PSV      15 N       5  --  D3 F3 E4
E2  : T 100.70c W  98.96c S   2.40c ( +9.1 L  +8.5) LCB  -51.67c P  0.71% WF   7.1 PSV       4 N       2  --  E2 E4
F4  : T 101.19c W  98.97c S   2.83c ( +9.3 L  +8.8) LCB  -51.52c P  0.52% WF   7.6 PSV       3 N       2  --  F4 D4
E6  : T 101.53c W  99.20c S   3.34c ( +9.5 L  +8.9) LCB  -51.23c P  0.50% WF   7.7 PSV       3 N       2  --  E6 F3
C5  : T 103.43c W  99.56c S   3.87c ( +9.8 L  +9.5) LCB -246.57c P  0.32% WF   3.4 PSV       3 N       1  --  C5

2024-04-17 22:21:09+0800: = play D4
