2024-05-09 01:10:30+0800: Running with following config:
allowResignation = true
friendlyPassOk = true
hasButton = false
koRule = SIMPLE
lagBuffer = 1.0
logAllGTPCommunication = true
logDir = gtp_logs
logSearchInfo = true
logToStderr = false
multiStoneSuicideLegal = false
nnCacheSizePowerOfTwo = 20
nnMutexPoolSizePowerOfTwo = 16
numNNServerThreadsPerModel = 1
numSearchThreads = 8
openclDeviceToUseThread0 = 0
ponderingEnabled = false
resignConsecTurns = 3
resignThreshold = -0.90
scoringRule = AREA
searchFactorAfterOnePass = 0.50
searchFactorAfterTwoPass = 0.25
searchFactorWhenWinning = 0.40
searchFactorWhenWinningThreshold = 0.95
taxRule = NONE
whiteHandicapBonus = N

2024-05-09 01:10:30+0800: GTP Engine starting...
2024-05-09 01:10:30+0800: KataGo v1.13.0
2024-05-09 01:10:30+0800: Using Chinese rules initially, unless GTP/GUI overrides this
2024-05-09 01:10:30+0800: Using 8 CPU thread(s) for search
2024-05-09 01:10:30+0800: nnRandSeed0 = 8982053331972674331
2024-05-09 01:10:30+0800: After dedups: nnModelFile0 = F:/unity_project/yiwu/Assets/StreamingAssets\katago-v1.13.0-opencl-windows-x64\model.bin useFP16 auto useNHWC auto
2024-05-09 01:10:30+0800: Initializing neural net buffer to be size 19 * 19 exactly
2024-05-09 01:10:30+0800: Found OpenCL Platform 0: NVIDIA CUDA (NVIDIA Corporation) (OpenCL 3.0 CUDA 12.3.99)
2024-05-09 01:10:30+0800: Found 1 device(s) on platform 0 with type CPU or GPU or Accelerator
2024-05-09 01:10:30+0800: Found OpenCL Device 0: NVIDIA GeForce RTX 2060 (NVIDIA Corporation) (score 11000300)
2024-05-09 01:10:30+0800: Creating context for OpenCL Platform: NVIDIA CUDA (NVIDIA Corporation) (OpenCL 3.0 CUDA 12.3.99)
2024-05-09 01:10:31+0800: Using OpenCL Device 0: NVIDIA GeForce RTX 2060 (NVIDIA Corporation) OpenCL 3.0 CUDA (Extensions: cl_khr_global_int32_base_atomics cl_khr_global_int32_extended_atomics cl_khr_local_int32_base_atomics cl_khr_local_int32_extended_atomics cl_khr_fp64 cl_khr_3d_image_writes cl_khr_byte_addressable_store cl_khr_icd cl_khr_gl_sharing cl_nv_compiler_options cl_nv_device_attribute_query cl_nv_pragma_unroll cl_nv_d3d10_sharing cl_khr_d3d10_sharing cl_nv_d3d11_sharing cl_nv_copy_opts cl_nv_create_buffer cl_khr_int64_base_atomics cl_khr_int64_extended_atomics cl_khr_device_uuid cl_khr_pci_bus_info cl_khr_external_semaphore cl_khr_external_memory cl_khr_external_semaphore_win32 cl_khr_external_memory_win32)
2024-05-09 01:10:31+0800: Loaded tuning parameters from: F:\unity_project\yiwu\Assets\StreamingAssets\katago-v1.13.0-opencl-windows-x64/KataGoData/opencltuning/tune11_gpuNVIDIAGeForceRTX2060_x19_y19_c384_mv14.txt
2024-05-09 01:10:31+0800: OpenCL backend thread 0: Device 0 Model version 14
2024-05-09 01:10:31+0800: OpenCL backend thread 0: Device 0 Model name: kata1-b18c384nbt-s7192213760-d3579182099
2024-05-09 01:10:33+0800: OpenCL backend thread 0: Device 0 FP16Storage true FP16Compute false FP16TensorCores true FP16TensorCoresFor1x1 false
2024-05-09 01:10:33+0800: Loaded neural net with nnXLen 19 nnYLen 19
2024-05-09 01:10:33+0800: Initializing board with boardXSize 19 boardYSize 19
2024-05-09 01:10:33+0800: Loaded config F:/unity_project/yiwu/Assets/StreamingAssets\katago-v1.13.0-opencl-windows-x64\gtp_custom.cfg
2024-05-09 01:10:33+0800: Loaded model F:/unity_project/yiwu/Assets/StreamingAssets\katago-v1.13.0-opencl-windows-x64\model.bin
2024-05-09 01:10:33+0800: Model name: kata1-b18c384nbt-s7192213760-d3579182099
2024-05-09 01:10:33+0800: GTP ready, beginning main protocol loop
2024-05-09 01:10:33+0800: Controller: clear_board
2024-05-09 01:10:33+0800: = 
2024-05-09 01:10:33+0800: Controller: komi 7.5
2024-05-09 01:10:33+0800: = 
2024-05-09 01:10:33+0800: Controller: boardsize 19
2024-05-09 01:10:33+0800: = 
2024-05-09 01:10:33+0800: Controller: play b J10
2024-05-09 01:10:33+0800: = 
2024-05-09 01:10:33+0800: Controller: genmove w
2024-05-09 01:10:38+0800: MoveNum: 1 HASH: B4C2D8B64713229761665C78C52F6FBF
   A B C D E F G H J K L M N O P Q R S T
19 . . . . . . . . . . . . . . . . . . .
18 . . . . . . . . . . . . . . . . . . .
17 . . . . . . . . . . . . . . . . . . .
16 . . . . . . . . . . . . . . . . . . .
15 . . . . . . . . . . . . . . . . . . .
14 . . . . . . . . . . . . . . . . . . .
13 . . . . . . . . . . . . . . . . . . .
12 . . . . . . . . . . . . . . . . . . .
11 . . . . . . . . . . . . . . . . . . .
10 . . . . . . . . X1. . . . . . . . . .
 9 . . . . . . . . . . . . . . . . . . .
 8 . . . . . . . . . . . . . . . . . . .
 7 . . . . . . . . . . . . . . . . . . .
 6 . . . . . . . . . . . . . . . . . . .
 5 . . . . . . . . . . . . . . . . . . .
 4 . . @ . . . . . . . . . . . . . . . .
 3 . . . . . . . . . . . . . . . . . . .
 2 . . . . . . . . . . . . . . . . . . .
 1 . . . . . . . . . . . . . . . . . . .

koSIMPLEscoreAREAtaxNONEsui0whbNfpok1komi7.5
Time taken: 5.016
Root visits: 1319
New playouts: 1319
NN rows: 1169
NN batches: 293
NN avg batch size: 3.98976
PV: C4 Q16 D16 Q4 F3 D4 D5 C3 D3 E4 E3 C5 B4
Tree:
: T  35.14c W  34.65c S   0.71c ( +2.4 L  +1.6) N    1319  --  C4 Q16 D16 Q4 F3 D4 D5
---White(^)---
C4  : T  35.37c W  34.83c S   0.71c ( +2.4 L  +1.6) LCB   34.65c P  3.50% WF 639.4 PSV    1138 N     268  --  C4 Q16 D16 Q4 F3 D4 D5 C3
D4  : T  35.34c W  34.77c S   0.73c ( +2.4 L  +1.6) LCB   34.61c P 17.45% WF 1045.7 PSV    1044 N     432  --  D4 Q16 D17 Q3 C14 R6 R17 Q17
Q4  : T  34.50c W  34.24c S   0.72c ( +2.4 L  +1.6) LCB   33.35c P 12.57% WF 383.2 PSV     234 N     156  --  Q4 D16 C4 Q16 F3 R3 R4 Q3
D3  : T  35.35c W  34.86c S   0.70c ( +2.4 L  +1.6) LCB   34.58c P  2.84% WF 655.8 PSV     178 N     283  --  D3 D16 Q16 Q4 C6 D4 E4 C3
R4  : T  34.97c W  34.35c S   0.69c ( +2.4 L  +1.6) LCB   33.83c P  2.67% WF 265.9 PSV      81 N     110  --  R4 D16 D4 Q16 O3 C3 C4 D3
Q3  : T  34.55c W  34.29c S   0.72c ( +2.4 L  +1.7) LCB   32.79c P  2.92% WF 111.2 PSV      57 N      45  --  Q3 D16 Q16 D4 R6 R17 Q17 R16
P4  : T  32.56c W  32.67c S   0.53c ( +2.3 L  +1.5) LCB  -10.55c P  0.67% WF   8.5 PSV       4 N       4  --  P4 D16 R4
Q5  : T  32.56c W  32.92c S   0.60c ( +2.3 L  +1.5) LCB  -41.86c P  0.66% WF   6.4 PSV       4 N       3  --  Q5 D16 Q3
D5  : T  32.61c W  32.77c S   0.44c ( +2.2 L  +1.4) LCB  -41.60c P  0.53% WF   6.2 PSV       3 N       3  --  D5 C3
E4  : T  32.64c W  33.52c S   0.51c ( +2.2 L  +1.5) LCB -116.74c P  0.53% WF   4.0 PSV       3 N       2  --  E4 C3

2024-05-09 01:10:38+0800: = C4
2024-05-09 01:10:47+0800: Controller: play b E11
2024-05-09 01:10:47+0800: = 
2024-05-09 01:10:47+0800: Controller: genmove w
2024-05-09 01:10:52+0800: MoveNum: 3 HASH: A241D58C0FF586FAAC74C2CB653C4EB7
   A B C D E F G H J K L M N O P Q R S T
19 . . . . . . . . . . . . . . . . . . .
18 . . . . . . . . . . . . . . . . . . .
17 . . . @ . . . . . . . . . . . . . . .
16 . . . . . . . . . . . . . . . . . . .
15 . . . . . . . . . . . . . . . . . . .
14 . . . . . . . . . . . . . . . . . . .
13 . . . . . . . . . . . . . . . . . . .
12 . . . . . . . . . . . . . . . . . . .
11 . . . . X3. . . . . . . . . . . . . .
10 . . . . . . . . X1. . . . . . . . . .
 9 . . . . . . . . . . . . . . . . . . .
 8 . . . . . . . . . . . . . . . . . . .
 7 . . . . . . . . . . . . . . . . . . .
 6 . . . . . . . . . . . . . . . . . . .
 5 . . . . . . . . . . . . . . . . . . .
 4 . . O2. . . . . . . . . . . . . . . .
 3 . . . . . . . . . . . . . . . . . . .
 2 . . . . . . . . . . . . . . . . . . .
 1 . . . . . . . . . . . . . . . . . . .

koSIMPLEscoreAREAtaxNONEsui0whbNfpok1komi7.5
Time taken: 5.016
Root visits: 1189
New playouts: 1189
NN rows: 1179
NN batches: 296
NN avg batch size: 3.98311
PV: D17 Q4 Q16 E3 R6 D6 D5 C6 F4
Tree:
: T  63.77c W  61.86c S   1.96c ( +5.2 L  +3.6) N    1189  --  D17 Q4 Q16 E3 R6 D6 D5
---White(^)---
D17 : T  64.16c W  62.28c S   1.99c ( +5.3 L  +3.6) LCB   63.24c P 34.48% WF 1174.0 PSV    1264 N     567  --  D17 Q4 Q16 E3 R6 D6 D5 C6
D16 : T  64.10c W  62.04c S   2.00c ( +5.3 L  +3.6) LCB   63.20c P 40.56% WF 1178.5 PSV    1176 N     554  --  D16 Q16 R4 P3 F3 F17 C14 Q6
C16 : T  57.98c W  57.46c S   1.47c ( +4.8 L  +3.3) LCB   53.05c P  5.18% WF  36.6 PSV      17 N      17  --  C16 Q16 Q4 E17 D14
Q16 : T  58.31c W  57.05c S   1.36c ( +4.6 L  +3.1) LCB   54.87c P  5.11% WF  32.5 PSV      17 N      15  --  Q16 D17 Q4 E3 D3 E4
Q4  : T  57.24c W  56.72c S   1.39c ( +4.7 L  +3.2) LCB   48.08c P  3.76% WF  19.8 PSV      11 N       9  --  Q4 D17 Q16 E3 D3 E4
Q17 : T  57.41c W  56.74c S   1.34c ( +4.6 L  +3.2) LCB   37.78c P  2.17% WF  13.0 PSV       6 N       6  --  Q17 D17 Q4 R15
R4  : T  57.70c W  56.69c S   1.32c ( +4.6 L  +3.1) LCB   50.14c P  1.41% WF  21.6 PSV       4 N      10  --  R4 D17 Q16 E3 O3 O17
Q3  : T  58.45c W  57.49c S   1.44c ( +4.7 L  +3.2) LCB   26.47c P  1.25% WF   8.5 PSV       4 N       4  --  Q3 D17 Q16 R5
C17 : T  60.94c W  59.45c S   1.67c ( +4.9 L  +3.4) LCB  -12.91c P  0.84% WF   6.3 PSV       4 N       3  --  C17 Q16
R16 : T  54.89c W  54.62c S   1.21c ( +4.5 L  +3.1) LCB  -19.75c P  1.49% WF   6.6 PSV       3 N       3  --  R16 D17 Q4

2024-05-09 01:10:52+0800: = D17
