2024-05-09 01:11:39+0800: Running with following config:
allowResignation = true
friendlyPassOk = true
hasButton = false
koRule = SIMPLE
lagBuffer = 1.0
logAllGTPCommunication = true
logDir = gtp_logs
logSearchInfo = true
logToStderr = false
multiStoneSuicideLegal = false
nnCacheSizePowerOfTwo = 20
nnMutexPoolSizePowerOfTwo = 16
numNNServerThreadsPerModel = 1
numSearchThreads = 8
openclDeviceToUseThread0 = 0
ponderingEnabled = false
resignConsecTurns = 3
resignThreshold = -0.90
scoringRule = AREA
searchFactorAfterOnePass = 0.50
searchFactorAfterTwoPass = 0.25
searchFactorWhenWinning = 0.40
searchFactorWhenWinningThreshold = 0.95
taxRule = NONE
whiteHandicapBonus = N

2024-05-09 01:11:39+0800: GTP Engine starting...
2024-05-09 01:11:39+0800: KataGo v1.13.0
2024-05-09 01:11:39+0800: Using Chinese rules initially, unless GTP/GUI overrides this
2024-05-09 01:11:39+0800: Using 8 CPU thread(s) for search
2024-05-09 01:11:40+0800: nnRandSeed0 = 11718112340867730163
2024-05-09 01:11:40+0800: After dedups: nnModelFile0 = F:/unity_project/yiwu/Assets/StreamingAssets\katago-v1.13.0-opencl-windows-x64\model.bin useFP16 auto useNHWC auto
2024-05-09 01:11:40+0800: Initializing neural net buffer to be size 19 * 19 exactly
2024-05-09 01:11:40+0800: Found OpenCL Platform 0: NVIDIA CUDA (NVIDIA Corporation) (OpenCL 3.0 CUDA 12.3.99)
2024-05-09 01:11:40+0800: Found 1 device(s) on platform 0 with type CPU or GPU or Accelerator
2024-05-09 01:11:40+0800: Found OpenCL Device 0: NVIDIA GeForce RTX 2060 (NVIDIA Corporation) (score 11000300)
2024-05-09 01:11:40+0800: Creating context for OpenCL Platform: NVIDIA CUDA (NVIDIA Corporation) (OpenCL 3.0 CUDA 12.3.99)
2024-05-09 01:11:41+0800: Using OpenCL Device 0: NVIDIA GeForce RTX 2060 (NVIDIA Corporation) OpenCL 3.0 CUDA (Extensions: cl_khr_global_int32_base_atomics cl_khr_global_int32_extended_atomics cl_khr_local_int32_base_atomics cl_khr_local_int32_extended_atomics cl_khr_fp64 cl_khr_3d_image_writes cl_khr_byte_addressable_store cl_khr_icd cl_khr_gl_sharing cl_nv_compiler_options cl_nv_device_attribute_query cl_nv_pragma_unroll cl_nv_d3d10_sharing cl_khr_d3d10_sharing cl_nv_d3d11_sharing cl_nv_copy_opts cl_nv_create_buffer cl_khr_int64_base_atomics cl_khr_int64_extended_atomics cl_khr_device_uuid cl_khr_pci_bus_info cl_khr_external_semaphore cl_khr_external_memory cl_khr_external_semaphore_win32 cl_khr_external_memory_win32)
2024-05-09 01:11:41+0800: Loaded tuning parameters from: F:\unity_project\yiwu\Assets\StreamingAssets\katago-v1.13.0-opencl-windows-x64/KataGoData/opencltuning/tune11_gpuNVIDIAGeForceRTX2060_x19_y19_c384_mv14.txt
2024-05-09 01:11:41+0800: OpenCL backend thread 0: Device 0 Model version 14
2024-05-09 01:11:41+0800: OpenCL backend thread 0: Device 0 Model name: kata1-b18c384nbt-s7192213760-d3579182099
2024-05-09 01:11:43+0800: OpenCL backend thread 0: Device 0 FP16Storage true FP16Compute false FP16TensorCores true FP16TensorCoresFor1x1 false
2024-05-09 01:11:43+0800: Loaded neural net with nnXLen 19 nnYLen 19
2024-05-09 01:11:43+0800: Initializing board with boardXSize 19 boardYSize 19
2024-05-09 01:11:43+0800: Loaded config F:/unity_project/yiwu/Assets/StreamingAssets\katago-v1.13.0-opencl-windows-x64\gtp_custom.cfg
2024-05-09 01:11:43+0800: Loaded model F:/unity_project/yiwu/Assets/StreamingAssets\katago-v1.13.0-opencl-windows-x64\model.bin
2024-05-09 01:11:43+0800: Model name: kata1-b18c384nbt-s7192213760-d3579182099
2024-05-09 01:11:43+0800: GTP ready, beginning main protocol loop
2024-05-09 01:11:43+0800: Controller: clear_board
2024-05-09 01:11:43+0800: = 
2024-05-09 01:11:43+0800: Controller: play b K10
2024-05-09 01:11:43+0800: = 
2024-05-09 01:11:43+0800: Controller: komi 7.5
2024-05-09 01:11:43+0800: = 
2024-05-09 01:11:43+0800: Controller: boardsize 19
2024-05-09 01:11:43+0800: = 
2024-05-09 01:11:43+0800: Controller: genmove w
2024-05-09 01:11:48+0800: MoveNum: 1 HASH: 7BC546600F28A10FEF906A96B1D6386D
   A B C D E F G H J K L M N O P Q R S T
19 . . . . . . . . . . . . . . . . . . .
18 . . . . . . . . . . . . . . . . . . .
17 . . . . . . . . . . . . . . . . . . .
16 . . . . . . . . . . . . . . . . . . .
15 . . . . . . . . . . . . . . . . . . .
14 . . . . . . . . . . . . . . . . . . .
13 . . . . . . . . . . . . . . . . . . .
12 . . . . . . . . . . . . . . . . . . .
11 . . . . . . . . . . . . . . . . . . .
10 . . . . . . . . . X1. . . . . . . . .
 9 . . . . . . . . . . . . . . . . . . .
 8 . . . . . . . . . . . . . . . . . . .
 7 . . . . . . . . . . . . . . . . . . .
 6 . . . . . . . . . . . . . . . . . . .
 5 . . . . . . . . . . . . . . . . . . .
 4 . . @ . . . . . . . . . . . . . . . .
 3 . . . . . . . . . . . . . . . . . . .
 2 . . . . . . . . . . . . . . . . . . .
 1 . . . . . . . . . . . . . . . . . . .

koSIMPLEscoreAREAtaxNONEsui0whbNfpok1komi7.5
Time taken: 5.031
Root visits: 1222
New playouts: 1222
NN rows: 1161
NN batches: 291
NN avg batch size: 3.98969
PV: C4 Q16 Q4 C16 R17 Q17 R16 R14 R15 Q15 S14 E3 D3 E4 C6
Tree:
: T  33.91c W  33.50c S   0.62c ( +2.3 L  +1.6) N    1222  --  C4 Q16 Q4 C16 R17 Q17 R16
---White(^)---
C4  : T  34.47c W  34.04c S   0.65c ( +2.3 L  +1.6) LCB   33.88c P  3.31% WF 1273.0 PSV    2512 N     540  --  C4 Q16 Q4 C16 R17 Q17 R16 R14
D4  : T  34.24c W  33.76c S   0.66c ( +2.4 L  +1.6) LCB   33.56c P 15.02% WF 1400.9 PSV    1400 N     581  --  D4 Q16 R4 C16 O3 F17 R17 R16
C5  : T  32.53c W  32.46c S   0.54c ( +2.2 L  +1.5) LCB   30.04c P  0.40% WF  44.4 PSV       5 N      19  --  C5 Q16 D3 Q3
C3  : T  31.52c W  31.98c S   0.60c ( +2.3 L  +1.6) LCB   24.99c P  0.69% WF  25.9 PSV       5 N      11  --  C3 Q16 Q4 D16 C17
D5  : T  31.52c W  32.27c S   0.54c ( +2.2 L  +1.5) LCB   25.13c P  0.54% WF  39.2 PSV       4 N      19  --  D5 C3 E3 C5 C6 D6 D4
D10 : T  25.99c W  27.01c S   0.21c ( +1.9 L  +1.3) LCB -123.55c P  0.02% WF   4.1 PSV       0 N       2  --  D10 D4
C6  : T  26.57c W  26.58c S  -0.00c ( +1.7 L  +1.4) LCB -323.43c P  0.12% WF   1.9 PSV       0 N       1  --  C6
D6  : T  23.45c W  23.68c S  -0.24c ( +1.5 L  +1.1) LCB -326.55c P  0.04% WF   1.8 PSV       0 N       1  --  D6
D7  : T  24.13c W  24.31c S  -0.18c ( +1.5 L  +1.2) LCB -325.87c P  0.03% WF   1.8 PSV       0 N       1  --  D7
C7  : T  25.88c W  25.94c S  -0.06c ( +1.7 L  +1.4) LCB -324.12c P  0.03% WF   1.9 PSV       0 N       1  --  C7

2024-05-09 01:11:48+0800: = C4
