2024-04-17 21:48:02+0800: Running with following config:
allowResignation = true
friendlyPassOk = true
hasButton = false
koRule = SIMPLE
lagBuffer = 1.0
logAllGTPCommunication = true
logDir = gtp_logs
logSearchInfo = true
logToStderr = false
multiStoneSuicideLegal = false
nnCacheSizePowerOfTwo = 20
nnMutexPoolSizePowerOfTwo = 16
numNNServerThreadsPerModel = 1
numSearchThreads = 8
openclDeviceToUseThread0 = 0
ponderingEnabled = false
resignConsecTurns = 3
resignThreshold = -0.90
scoringRule = AREA
searchFactorAfterOnePass = 0.50
searchFactorAfterTwoPass = 0.25
searchFactorWhenWinning = 0.40
searchFactorWhenWinningThreshold = 0.95
taxRule = NONE
whiteHandicapBonus = N

2024-04-17 21:48:02+0800: GTP Engine starting...
2024-04-17 21:48:02+0800: KataGo v1.13.0
2024-04-17 21:48:02+0800: Using Chinese rules initially, unless GTP/GUI overrides this
2024-04-17 21:48:02+0800: Using 8 CPU thread(s) for search
2024-04-17 21:48:02+0800: nnRandSeed0 = 871255425790405279
2024-04-17 21:48:02+0800: After dedups: nnModelFile0 = F:/unity_project/yiwu/Assets/StreamingAssets\katago-v1.13.0-opencl-windows-x64\model.bin useFP16 auto useNHWC auto
2024-04-17 21:48:02+0800: Initializing neural net buffer to be size 19 * 19 exactly
2024-04-17 21:48:02+0800: Found OpenCL Platform 0: NVIDIA CUDA (NVIDIA Corporation) (OpenCL 3.0 CUDA 12.3.99)
2024-04-17 21:48:02+0800: Found 1 device(s) on platform 0 with type CPU or GPU or Accelerator
2024-04-17 21:48:02+0800: Found OpenCL Device 0: NVIDIA GeForce RTX 2060 (NVIDIA Corporation) (score 11000300)
2024-04-17 21:48:02+0800: Creating context for OpenCL Platform: NVIDIA CUDA (NVIDIA Corporation) (OpenCL 3.0 CUDA 12.3.99)
2024-04-17 21:48:03+0800: Using OpenCL Device 0: NVIDIA GeForce RTX 2060 (NVIDIA Corporation) OpenCL 3.0 CUDA (Extensions: cl_khr_global_int32_base_atomics cl_khr_global_int32_extended_atomics cl_khr_local_int32_base_atomics cl_khr_local_int32_extended_atomics cl_khr_fp64 cl_khr_3d_image_writes cl_khr_byte_addressable_store cl_khr_icd cl_khr_gl_sharing cl_nv_compiler_options cl_nv_device_attribute_query cl_nv_pragma_unroll cl_nv_d3d10_sharing cl_khr_d3d10_sharing cl_nv_d3d11_sharing cl_nv_copy_opts cl_nv_create_buffer cl_khr_int64_base_atomics cl_khr_int64_extended_atomics cl_khr_device_uuid cl_khr_pci_bus_info cl_khr_external_semaphore cl_khr_external_memory cl_khr_external_semaphore_win32 cl_khr_external_memory_win32)
2024-04-17 21:48:03+0800: Loaded tuning parameters from: F:\unity_project\yiwu\Assets\StreamingAssets\katago-v1.13.0-opencl-windows-x64/KataGoData/opencltuning/tune11_gpuNVIDIAGeForceRTX2060_x19_y19_c384_mv14.txt
2024-04-17 21:48:03+0800: OpenCL backend thread 0: Device 0 Model version 14
2024-04-17 21:48:03+0800: OpenCL backend thread 0: Device 0 Model name: kata1-b18c384nbt-s7192213760-d3579182099
2024-04-17 21:48:05+0800: OpenCL backend thread 0: Device 0 FP16Storage true FP16Compute false FP16TensorCores true FP16TensorCoresFor1x1 false
2024-04-17 21:48:05+0800: Loaded neural net with nnXLen 19 nnYLen 19
2024-04-17 21:48:05+0800: Initializing board with boardXSize 19 boardYSize 19
2024-04-17 21:48:05+0800: Loaded config F:/unity_project/yiwu/Assets/StreamingAssets\katago-v1.13.0-opencl-windows-x64\gtp_custom.cfg
2024-04-17 21:48:05+0800: Loaded model F:/unity_project/yiwu/Assets/StreamingAssets\katago-v1.13.0-opencl-windows-x64\model.bin
2024-04-17 21:48:05+0800: Model name: kata1-b18c384nbt-s7192213760-d3579182099
2024-04-17 21:48:05+0800: GTP ready, beginning main protocol loop
2024-04-17 21:48:09+0800: Controller: loadsgf C:/Users/KILLLAKILL/AppData/LocalLow/DefaultCompany/yiwu/RecentGames\sgf_1659790193.sgf 1
2024-04-17 21:48:09+0800: Changing komi to 5.5
2024-04-17 21:48:09+0800: GPU 0 finishing, processed 0 rows 0 batches
2024-04-17 21:48:09+0800: Cleaned up old neural net and bot
2024-04-17 21:48:09+0800: nnRandSeed0 = 1400264166361207016
2024-04-17 21:48:09+0800: After dedups: nnModelFile0 = F:/unity_project/yiwu/Assets/StreamingAssets\katago-v1.13.0-opencl-windows-x64\model.bin useFP16 auto useNHWC auto
2024-04-17 21:48:09+0800: Initializing neural net buffer to be size 9 * 9 exactly
2024-04-17 21:48:10+0800: Found OpenCL Platform 0: NVIDIA CUDA (NVIDIA Corporation) (OpenCL 3.0 CUDA 12.3.99)
2024-04-17 21:48:10+0800: Found 1 device(s) on platform 0 with type CPU or GPU or Accelerator
2024-04-17 21:48:10+0800: Found OpenCL Device 0: NVIDIA GeForce RTX 2060 (NVIDIA Corporation) (score 11000300)
2024-04-17 21:48:10+0800: Creating context for OpenCL Platform: NVIDIA CUDA (NVIDIA Corporation) (OpenCL 3.0 CUDA 12.3.99)
2024-04-17 21:48:10+0800: Using OpenCL Device 0: NVIDIA GeForce RTX 2060 (NVIDIA Corporation) OpenCL 3.0 CUDA (Extensions: cl_khr_global_int32_base_atomics cl_khr_global_int32_extended_atomics cl_khr_local_int32_base_atomics cl_khr_local_int32_extended_atomics cl_khr_fp64 cl_khr_3d_image_writes cl_khr_byte_addressable_store cl_khr_icd cl_khr_gl_sharing cl_nv_compiler_options cl_nv_device_attribute_query cl_nv_pragma_unroll cl_nv_d3d10_sharing cl_khr_d3d10_sharing cl_nv_d3d11_sharing cl_nv_copy_opts cl_nv_create_buffer cl_khr_int64_base_atomics cl_khr_int64_extended_atomics cl_khr_device_uuid cl_khr_pci_bus_info cl_khr_external_semaphore cl_khr_external_memory cl_khr_external_semaphore_win32 cl_khr_external_memory_win32)
2024-04-17 21:48:10+0800: Loaded tuning parameters from: F:\unity_project\yiwu\Assets\StreamingAssets\katago-v1.13.0-opencl-windows-x64/KataGoData/opencltuning/tune11_gpuNVIDIAGeForceRTX2060_x19_y19_c384_mv14.txt
2024-04-17 21:48:10+0800: OpenCL backend thread 0: Device 0 Model version 14
2024-04-17 21:48:10+0800: OpenCL backend thread 0: Device 0 Model name: kata1-b18c384nbt-s7192213760-d3579182099
2024-04-17 21:48:13+0800: OpenCL backend thread 0: Device 0 FP16Storage true FP16Compute false FP16TensorCores true FP16TensorCoresFor1x1 false
2024-04-17 21:48:13+0800: Loaded neural net with nnXLen 9 nnYLen 9
2024-04-17 21:48:13+0800: Initializing board with boardXSize 9 boardYSize 9
2024-04-17 21:48:13+0800: = 
2024-04-17 21:48:15+0800: Controller: loadsgf C:/Users/KILLLAKILL/AppData/LocalLow/DefaultCompany/yiwu/RecentGames\sgf_1659790193.sgf 6
2024-04-17 21:48:15+0800: = 
2024-04-17 21:48:15+0800: Controller: lz-genmove_analyze maxmoves 6
2024-04-17 21:48:20+0800: MoveNum: 5 HASH: 611BD4CBA6629026667128E5EC901D9B
   A B C D E F G H J
 9 . . . . . . . . .
 8 . . . . . . . . .
 7 . . . X1. . . . .
 6 . . . . . . . . .
 5 . . . O X . . . .
 4 . . . . @ . . . .
 3 . . . . . . X3. .
 2 . . . . . . . . .
 1 . . . . . O2. . .

koSIMPLEscoreAREAtaxNONEsui0whbNfpok1komi5.5
Time taken: 5
Root visits: 2897
New playouts: 2897
NN rows: 2470
NN batches: 618
NN avg batch size: 3.99676
PV: E4 F5 D6 E7 C7 D4 C4 D3 C3 D2 E6 F6 F7 G7 F8 G8 C2 E8 E2 C8 E3 B7 G2 H3 B6
Tree:
: T -103.52c W -98.04c S  -5.86c ( -7.2 L  -6.9) N    2897  --  E4 F5 D6 E7 C7 D4 C4
---White(^)---
E4  : T -102.84c W -97.94c S  -5.34c ( -7.0 L  -6.7) LCB -103.67c P 21.90% WF 5787.1 PSV    5744 N    2661  --  E4 F5 D6 E7 C7 D4 C4 D3
D4  : T -108.79c W -98.70c S  -9.63c ( -9.3 L  -8.8) LCB -110.63c P 53.36% WF 463.3 PSV     491 N     145  --  D4 D6 G6 E4 D3 H5 G5 E3
F4  : T -106.42c W -98.76c S  -7.44c ( -8.0 L  -7.4) LCB -108.49c P 10.43% WF 158.8 PSV     156 N      50  --  F4 E4 F3 E3 E2 C3 F5
D3  : T -106.73c W -98.83c S  -7.61c ( -8.1 L  -7.6) LCB -110.80c P  4.57% WF  63.9 PSV      63 N      19  --  D3 E4 D4 D6 E3 G5
D6  : T -110.36c W -98.91c S -10.71c ( -9.5 L  -8.8) LCB -155.74c P  1.55% WF  15.3 PSV      11 N       4  --  D6 E6 C7
G5  : T -111.43c W -98.68c S -12.75c (-10.4 L  -9.2) LCB -461.43c P  0.69% WF   4.8 PSV       4 N       1  --  G5
F3  : T -110.05c W -98.63c S -11.41c ( -9.6 L  -8.5) LCB -460.05c P  0.62% WF   4.6 PSV       4 N       1  --  F3
C3  : T -111.36c W -98.91c S -12.46c (-10.2 L  -9.0) LCB -461.36c P  0.54% WF   5.2 PSV       3 N       1  --  C3
G6  : T -112.49c W -98.77c S -13.71c (-11.1 L  -9.8) LCB -462.49c P  0.53% WF   5.1 PSV       3 N       1  --  G6
C4  : T -110.07c W -98.68c S -11.39c ( -9.7 L  -8.5) LCB -460.07c P  0.51% WF   4.9 PSV       3 N       1  --  C4

2024-04-17 21:48:20+0800: = play E4
