2024-04-17 22:23:44+0800: Running with following config:
allowResignation = true
friendlyPassOk = true
hasButton = false
koRule = SIMPLE
lagBuffer = 1.0
logAllGTPCommunication = true
logDir = gtp_logs
logSearchInfo = true
logToStderr = false
multiStoneSuicideLegal = false
nnCacheSizePowerOfTwo = 20
nnMutexPoolSizePowerOfTwo = 16
numNNServerThreadsPerModel = 1
numSearchThreads = 8
openclDeviceToUseThread0 = 0
ponderingEnabled = false
resignConsecTurns = 3
resignThreshold = -0.90
scoringRule = AREA
searchFactorAfterOnePass = 0.50
searchFactorAfterTwoPass = 0.25
searchFactorWhenWinning = 0.40
searchFactorWhenWinningThreshold = 0.95
taxRule = NONE
whiteHandicapBonus = N

2024-04-17 22:23:44+0800: GTP Engine starting...
2024-04-17 22:23:44+0800: KataGo v1.13.0
2024-04-17 22:23:44+0800: Using Chinese rules initially, unless GTP/GUI overrides this
2024-04-17 22:23:44+0800: Using 8 CPU thread(s) for search
2024-04-17 22:23:44+0800: nnRandSeed0 = 13523656038841010052
2024-04-17 22:23:44+0800: After dedups: nnModelFile0 = F:/unity_project/yiwu/Assets/StreamingAssets\katago-v1.13.0-opencl-windows-x64\model.bin useFP16 auto useNHWC auto
2024-04-17 22:23:44+0800: Initializing neural net buffer to be size 19 * 19 exactly
2024-04-17 22:23:45+0800: Found OpenCL Platform 0: NVIDIA CUDA (NVIDIA Corporation) (OpenCL 3.0 CUDA 12.3.99)
2024-04-17 22:23:45+0800: Found 1 device(s) on platform 0 with type CPU or GPU or Accelerator
2024-04-17 22:23:45+0800: Found OpenCL Device 0: NVIDIA GeForce RTX 2060 (NVIDIA Corporation) (score 11000300)
2024-04-17 22:23:45+0800: Creating context for OpenCL Platform: NVIDIA CUDA (NVIDIA Corporation) (OpenCL 3.0 CUDA 12.3.99)
2024-04-17 22:23:45+0800: Using OpenCL Device 0: NVIDIA GeForce RTX 2060 (NVIDIA Corporation) OpenCL 3.0 CUDA (Extensions: cl_khr_global_int32_base_atomics cl_khr_global_int32_extended_atomics cl_khr_local_int32_base_atomics cl_khr_local_int32_extended_atomics cl_khr_fp64 cl_khr_3d_image_writes cl_khr_byte_addressable_store cl_khr_icd cl_khr_gl_sharing cl_nv_compiler_options cl_nv_device_attribute_query cl_nv_pragma_unroll cl_nv_d3d10_sharing cl_khr_d3d10_sharing cl_nv_d3d11_sharing cl_nv_copy_opts cl_nv_create_buffer cl_khr_int64_base_atomics cl_khr_int64_extended_atomics cl_khr_device_uuid cl_khr_pci_bus_info cl_khr_external_semaphore cl_khr_external_memory cl_khr_external_semaphore_win32 cl_khr_external_memory_win32)
2024-04-17 22:23:45+0800: Loaded tuning parameters from: F:\unity_project\yiwu\Assets\StreamingAssets\katago-v1.13.0-opencl-windows-x64/KataGoData/opencltuning/tune11_gpuNVIDIAGeForceRTX2060_x19_y19_c384_mv14.txt
2024-04-17 22:23:45+0800: OpenCL backend thread 0: Device 0 Model version 14
2024-04-17 22:23:45+0800: OpenCL backend thread 0: Device 0 Model name: kata1-b18c384nbt-s7192213760-d3579182099
2024-04-17 22:23:48+0800: OpenCL backend thread 0: Device 0 FP16Storage true FP16Compute false FP16TensorCores true FP16TensorCoresFor1x1 false
2024-04-17 22:23:48+0800: Loaded neural net with nnXLen 19 nnYLen 19
2024-04-17 22:23:48+0800: Initializing board with boardXSize 19 boardYSize 19
2024-04-17 22:23:48+0800: Loaded config F:/unity_project/yiwu/Assets/StreamingAssets\katago-v1.13.0-opencl-windows-x64\gtp_custom.cfg
2024-04-17 22:23:48+0800: Loaded model F:/unity_project/yiwu/Assets/StreamingAssets\katago-v1.13.0-opencl-windows-x64\model.bin
2024-04-17 22:23:48+0800: Model name: kata1-b18c384nbt-s7192213760-d3579182099
2024-04-17 22:23:48+0800: GTP ready, beginning main protocol loop
2024-04-17 22:23:52+0800: Controller: loadsgf C:/Users/KILLLAKILL/AppData/LocalLow/DefaultCompany/yiwu/RecentGames\sgf_1659790193.sgf 1
2024-04-17 22:23:52+0800: Changing komi to 5.5
2024-04-17 22:23:52+0800: GPU 0 finishing, processed 0 rows 0 batches
2024-04-17 22:23:52+0800: Cleaned up old neural net and bot
2024-04-17 22:23:52+0800: nnRandSeed0 = 571177259168448697
2024-04-17 22:23:52+0800: After dedups: nnModelFile0 = F:/unity_project/yiwu/Assets/StreamingAssets\katago-v1.13.0-opencl-windows-x64\model.bin useFP16 auto useNHWC auto
2024-04-17 22:23:52+0800: Initializing neural net buffer to be size 9 * 9 exactly
2024-04-17 22:23:52+0800: Found OpenCL Platform 0: NVIDIA CUDA (NVIDIA Corporation) (OpenCL 3.0 CUDA 12.3.99)
2024-04-17 22:23:52+0800: Found 1 device(s) on platform 0 with type CPU or GPU or Accelerator
2024-04-17 22:23:52+0800: Found OpenCL Device 0: NVIDIA GeForce RTX 2060 (NVIDIA Corporation) (score 11000300)
2024-04-17 22:23:52+0800: Creating context for OpenCL Platform: NVIDIA CUDA (NVIDIA Corporation) (OpenCL 3.0 CUDA 12.3.99)
2024-04-17 22:23:52+0800: Using OpenCL Device 0: NVIDIA GeForce RTX 2060 (NVIDIA Corporation) OpenCL 3.0 CUDA (Extensions: cl_khr_global_int32_base_atomics cl_khr_global_int32_extended_atomics cl_khr_local_int32_base_atomics cl_khr_local_int32_extended_atomics cl_khr_fp64 cl_khr_3d_image_writes cl_khr_byte_addressable_store cl_khr_icd cl_khr_gl_sharing cl_nv_compiler_options cl_nv_device_attribute_query cl_nv_pragma_unroll cl_nv_d3d10_sharing cl_khr_d3d10_sharing cl_nv_d3d11_sharing cl_nv_copy_opts cl_nv_create_buffer cl_khr_int64_base_atomics cl_khr_int64_extended_atomics cl_khr_device_uuid cl_khr_pci_bus_info cl_khr_external_semaphore cl_khr_external_memory cl_khr_external_semaphore_win32 cl_khr_external_memory_win32)
2024-04-17 22:23:52+0800: Loaded tuning parameters from: F:\unity_project\yiwu\Assets\StreamingAssets\katago-v1.13.0-opencl-windows-x64/KataGoData/opencltuning/tune11_gpuNVIDIAGeForceRTX2060_x19_y19_c384_mv14.txt
2024-04-17 22:23:53+0800: OpenCL backend thread 0: Device 0 Model version 14
2024-04-17 22:23:53+0800: OpenCL backend thread 0: Device 0 Model name: kata1-b18c384nbt-s7192213760-d3579182099
2024-04-17 22:23:55+0800: OpenCL backend thread 0: Device 0 FP16Storage true FP16Compute false FP16TensorCores true FP16TensorCoresFor1x1 false
2024-04-17 22:23:55+0800: Loaded neural net with nnXLen 9 nnYLen 9
2024-04-17 22:23:55+0800: Initializing board with boardXSize 9 boardYSize 9
2024-04-17 22:23:55+0800: = 
2024-04-17 22:23:57+0800: Controller: loadsgf C:/Users/KILLLAKILL/AppData/LocalLow/DefaultCompany/yiwu/RecentGames\sgf_1659790193.sgf 7
2024-04-17 22:23:57+0800: = 
2024-04-17 22:23:57+0800: Controller: lz-genmove_analyze maxmoves 6
2024-04-17 22:24:02+0800: MoveNum: 6 HASH: 3D4E0F78DD4BFC17707648C28C5310E5
   A B C D E F G H J
 9 . . . . . . . . .
 8 . . . . . . . . .
 7 . . . X . . . . .
 6 . . . . . . . . .
 5 . . . O X . . . .
 4 . . . @ . . . . .
 3 . . . . . . X2. .
 2 . . . . . . O3. .
 1 . . . . . O1. . .

koSIMPLEscoreAREAtaxNONEsui0whbNfpok1komi5.5
Time taken: 5
Root visits: 2879
New playouts: 2879
NN rows: 2465
NN batches: 617
NN avg batch size: 3.99514
PV: D4 F3 G6 D6 E6 C7 B5 C4 C5 C6 C8 D8 E7 B8 B7 C9
Tree:
: T 108.09c W  99.41c S   8.71c (+12.1 L +11.6) N    2879  --  D4 F3 G6 D6 E6 C7 B5
---Black(^)---
D4  : T 108.26c W  99.41c S   8.87c (+12.2 L +11.6) LCB  107.69c P 75.66% WF 8964.2 PSV    8954 N    2770  --  D4 F3 G6 D6 E6 C7 B5 C4
E3  : T 105.43c W  99.36c S   6.06c (+10.9 L +10.1) LCB  103.02c P  5.33% WF 111.4 PSV     100 N      30  --  E3 D4 D3 E6 E7
E4  : T 105.80c W  99.25c S   6.87c (+11.2 L +10.4) LCB  101.72c P  3.00% WF  68.2 PSV      63 N      16  --  E4 C3 D3 C2
D6  : T 106.57c W  99.46c S   7.10c (+11.3 L +10.5) LCB  102.10c P  2.13% WF  72.9 PSV      60 N      19  --  D6 F3 F4 G4 H3
F3  : T 103.15c W  99.21c S   4.29c (+10.1 L  +9.5) LCB   98.12c P  5.21% WF  60.0 PSV      58 N      17  --  F3 E4 F5 D6 E7 E3
D3  : T 101.91c W  99.22c S   2.99c ( +9.5 L  +9.0) LCB   85.88c P  2.18% WF  22.8 PSV      20 N       7  --  D3 E4 D4
E2  : T 101.09c W  99.00c S   2.57c ( +9.3 L  +8.7) LCB  -50.28c P  0.84% WF   7.1 PSV       6 N       2  --  E2 E4
F4  : T 100.77c W  98.89c S   2.54c ( +9.3 L  +8.8) LCB  -52.03c P  0.53% WF   7.6 PSV       4 N       2  --  F4 D4
E6  : T 101.56c W  99.22c S   3.25c ( +9.6 L  +8.9) LCB  -51.10c P  0.53% WF   7.6 PSV       4 N       2  --  E6 F3
C5  : T 102.77c W  99.52c S   3.25c ( +9.6 L  +9.3) LCB -247.23c P  0.29% WF   3.4 PSV       3 N       1  --  C5

2024-04-17 22:24:02+0800: = play D4
