2024-03-18 22:55:00+0800: Running with following config:
allowResignation = true
friendlyPassOk = true
hasButton = false
koRule = SIMPLE
lagBuffer = 1.0
logAllGTPCommunication = true
logDir = gtp_logs
logSearchInfo = true
logToStderr = false
multiStoneSuicideLegal = false
nnCacheSizePowerOfTwo = 20
nnMutexPoolSizePowerOfTwo = 16
numNNServerThreadsPerModel = 1
numSearchThreads = 8
openclDeviceToUseThread0 = 0
ponderingEnabled = false
resignConsecTurns = 3
resignThreshold = -0.90
scoringRule = AREA
searchFactorAfterOnePass = 0.50
searchFactorAfterTwoPass = 0.25
searchFactorWhenWinning = 0.40
searchFactorWhenWinningThreshold = 0.95
taxRule = NONE
whiteHandicapBonus = N

2024-03-18 22:55:00+0800: GTP Engine starting...
2024-03-18 22:55:00+0800: KataGo v1.13.0
2024-03-18 22:55:00+0800: Using Chinese rules initially, unless GTP/GUI overrides this
2024-03-18 22:55:00+0800: Using 8 CPU thread(s) for search
2024-03-18 22:55:00+0800: nnRandSeed0 = 14193175884823849561
2024-03-18 22:55:00+0800: After dedups: nnModelFile0 = F:\homework\毕业设计\katago-v1.13.0-opencl-windows-x64\model.bin useFP16 auto useNHWC auto
2024-03-18 22:55:00+0800: Initializing neural net buffer to be size 19 * 19 exactly
2024-03-18 22:55:01+0800: Found OpenCL Platform 0: NVIDIA CUDA (NVIDIA Corporation) (OpenCL 3.0 CUDA 12.3.99)
2024-03-18 22:55:01+0800: Found 1 device(s) on platform 0 with type CPU or GPU or Accelerator
2024-03-18 22:55:01+0800: Found OpenCL Device 0: NVIDIA GeForce RTX 2060 (NVIDIA Corporation) (score 11000300)
2024-03-18 22:55:01+0800: Creating context for OpenCL Platform: NVIDIA CUDA (NVIDIA Corporation) (OpenCL 3.0 CUDA 12.3.99)
2024-03-18 22:55:01+0800: Using OpenCL Device 0: NVIDIA GeForce RTX 2060 (NVIDIA Corporation) OpenCL 3.0 CUDA (Extensions: cl_khr_global_int32_base_atomics cl_khr_global_int32_extended_atomics cl_khr_local_int32_base_atomics cl_khr_local_int32_extended_atomics cl_khr_fp64 cl_khr_3d_image_writes cl_khr_byte_addressable_store cl_khr_icd cl_khr_gl_sharing cl_nv_compiler_options cl_nv_device_attribute_query cl_nv_pragma_unroll cl_nv_d3d10_sharing cl_khr_d3d10_sharing cl_nv_d3d11_sharing cl_nv_copy_opts cl_nv_create_buffer cl_khr_int64_base_atomics cl_khr_int64_extended_atomics cl_khr_device_uuid cl_khr_pci_bus_info cl_khr_external_semaphore cl_khr_external_memory cl_khr_external_semaphore_win32 cl_khr_external_memory_win32)
2024-03-18 22:55:01+0800: Loaded tuning parameters from: F:\homework\毕业设计\katago-v1.13.0-opencl-windows-x64/KataGoData/opencltuning/tune11_gpuNVIDIAGeForceRTX2060_x19_y19_c384_mv14.txt
2024-03-18 22:55:01+0800: OpenCL backend thread 0: Device 0 Model version 14
2024-03-18 22:55:01+0800: OpenCL backend thread 0: Device 0 Model name: kata1-b18c384nbt-s7192213760-d3579182099
2024-03-18 22:55:03+0800: OpenCL backend thread 0: Device 0 FP16Storage true FP16Compute false FP16TensorCores true FP16TensorCoresFor1x1 false
2024-03-18 22:55:03+0800: Loaded neural net with nnXLen 19 nnYLen 19
2024-03-18 22:55:03+0800: Initializing board with boardXSize 19 boardYSize 19
2024-03-18 22:55:03+0800: Loaded config F:\homework\毕业设计\katago-v1.13.0-opencl-windows-x64\gtp_custom.cfg
2024-03-18 22:55:03+0800: Loaded model F:\homework\毕业设计\katago-v1.13.0-opencl-windows-x64\model.bin
2024-03-18 22:55:03+0800: Model name: kata1-b18c384nbt-s7192213760-d3579182099
2024-03-18 22:55:03+0800: GTP ready, beginning main protocol loop
2024-03-18 22:55:45+0800: Controller: loadsgf C:/Users/KILLLAKILL/AppData/LocalLow/DefaultCompany/yiwu/RecentGames\sgf_1701255612.sgf 1
2024-03-18 22:55:45+0800: Changing komi to 5.5
2024-03-18 22:55:45+0800: GPU 0 finishing, processed 0 rows 0 batches
2024-03-18 22:55:45+0800: Cleaned up old neural net and bot
2024-03-18 22:55:45+0800: nnRandSeed0 = 5492037503343318170
2024-03-18 22:55:45+0800: After dedups: nnModelFile0 = F:\homework\毕业设计\katago-v1.13.0-opencl-windows-x64\model.bin useFP16 auto useNHWC auto
2024-03-18 22:55:45+0800: Initializing neural net buffer to be size 9 * 9 exactly
2024-03-18 22:55:46+0800: Found OpenCL Platform 0: NVIDIA CUDA (NVIDIA Corporation) (OpenCL 3.0 CUDA 12.3.99)
2024-03-18 22:55:46+0800: Found 1 device(s) on platform 0 with type CPU or GPU or Accelerator
2024-03-18 22:55:46+0800: Found OpenCL Device 0: NVIDIA GeForce RTX 2060 (NVIDIA Corporation) (score 11000300)
2024-03-18 22:55:46+0800: Creating context for OpenCL Platform: NVIDIA CUDA (NVIDIA Corporation) (OpenCL 3.0 CUDA 12.3.99)
2024-03-18 22:55:46+0800: Using OpenCL Device 0: NVIDIA GeForce RTX 2060 (NVIDIA Corporation) OpenCL 3.0 CUDA (Extensions: cl_khr_global_int32_base_atomics cl_khr_global_int32_extended_atomics cl_khr_local_int32_base_atomics cl_khr_local_int32_extended_atomics cl_khr_fp64 cl_khr_3d_image_writes cl_khr_byte_addressable_store cl_khr_icd cl_khr_gl_sharing cl_nv_compiler_options cl_nv_device_attribute_query cl_nv_pragma_unroll cl_nv_d3d10_sharing cl_khr_d3d10_sharing cl_nv_d3d11_sharing cl_nv_copy_opts cl_nv_create_buffer cl_khr_int64_base_atomics cl_khr_int64_extended_atomics cl_khr_device_uuid cl_khr_pci_bus_info cl_khr_external_semaphore cl_khr_external_memory cl_khr_external_semaphore_win32 cl_khr_external_memory_win32)
2024-03-18 22:55:46+0800: Loaded tuning parameters from: F:\homework\毕业设计\katago-v1.13.0-opencl-windows-x64/KataGoData/opencltuning/tune11_gpuNVIDIAGeForceRTX2060_x19_y19_c384_mv14.txt
2024-03-18 22:55:46+0800: OpenCL backend thread 0: Device 0 Model version 14
2024-03-18 22:55:46+0800: OpenCL backend thread 0: Device 0 Model name: kata1-b18c384nbt-s7192213760-d3579182099
2024-03-18 22:55:48+0800: OpenCL backend thread 0: Device 0 FP16Storage true FP16Compute false FP16TensorCores true FP16TensorCoresFor1x1 false
2024-03-18 22:55:48+0800: Loaded neural net with nnXLen 9 nnYLen 9
2024-03-18 22:55:48+0800: Initializing board with boardXSize 9 boardYSize 9
2024-03-18 22:55:48+0800: = 
2024-03-18 22:55:51+0800: Controller: loadsgf C:/Users/KILLLAKILL/AppData/LocalLow/DefaultCompany/yiwu/RecentGames\sgf_1701255612.sgf 6
2024-03-18 22:55:51+0800: = 
2024-03-18 22:55:51+0800: Controller: lz-genmove_analyze maxmoves 6
2024-03-18 22:55:56+0800: MoveNum: 5 HASH: FFE96295C396DA517064CFFB0FD39D37
   A B C D E F G H J
 9 . . . . . . . . .
 8 . . . . . . . . .
 7 . . X . . . . . .
 6 . . . . . . . . .
 5 . . . . O O2. . .
 4 . . . . . . . . .
 3 . . X1. @ . X3. .
 2 . . . . . . . . .
 1 . . . . . . . . .

koSIMPLEscoreAREAtaxNONEsui0whbNfpok1komi5.5
Time taken: 5
Root visits: 3210
New playouts: 3210
NN rows: 2530
NN batches: 634
NN avg batch size: 3.99054
PV: E3 D4 F3 H5 H4 G4 G5 J4 D7 D6 H6 H3 C8 E6 C6 D5 B7 G7 F7 E7 F8 E8 G8 H7 G6
Tree:
: T -51.78c W -48.23c S  -3.03c ( -2.2 L  -1.8) N    3210  --  E3 D4 F3 H5 H4 G4 G5
---White(^)---
E3  : T -50.50c W -47.10c S  -3.07c ( -2.3 L  -1.9) LCB  -55.06c P 35.89% WF 1812.6 PSV    1790 N    2770  --  E3 D4 F3 H5 H4 G4 G5 J4
E7  : T -45.51c W -45.96c S  -1.24c ( -1.2 L  -0.7) LCB  -60.91c P 15.39% WF 154.7 PSV     150 N     215  --  E7 C5 D4 C4 G4 H4 H5 F4
C5  : T -68.40c W -58.11c S  -4.21c ( -2.7 L  -2.1) LCB  -85.29c P 25.79% WF 108.4 PSV     116 N     152  --  C5 E7 F7 D4 D5 F8 G8 G7
F3  : T -81.46c W -72.26c S  -4.03c ( -2.5 L  -1.9) LCB  -98.75c P 10.05% WF  22.4 PSV      27 N      27  --  F3 F2 E7 C5 E2 E3 F4
F2  : T -58.34c W -55.38c S  -3.09c ( -2.2 L  -1.5) LCB  -83.14c P  1.84% WF  18.1 PSV      16 N      21  --  F2 H5 C5 D4 D5 F3 F7 E8
D3  : T -80.97c W -76.03c S  -5.28c ( -3.2 L  -2.6) LCB -108.27c P  3.75% WF   8.1 PSV      10 N       9  --  D3 D4 E3 E4 F4
G4  : T -79.49c W -75.52c S  -3.86c ( -2.4 L  -2.2) LCB -136.57c P  1.85% WF   4.1 PSV       5 N       4  --  G4 F3 D4
D7  : T -76.81c W -71.78c S  -3.38c ( -2.2 L  -1.3) LCB -125.39c P  1.59% WF   4.0 PSV       5 N       4  --  D7 C6 G4
C6  : T -87.57c W -79.55c S  -4.53c ( -2.8 L  -1.8) LCB -168.92c P  1.65% WF   3.3 PSV       3 N       3  --  C6 D6 D5
C4  : T -82.02c W -77.99c S  -4.02c ( -2.5 L  -1.3) LCB -432.02c P  0.72% WF   1.2 PSV       1 N       1  --  C4

2024-03-18 22:55:56+0800: = play E3
2024-03-18 22:56:30+0800: Controller: loadsgf C:/Users/KILLLAKILL/AppData/LocalLow/DefaultCompany/yiwu/RecentGames\sgf_1701255612.sgf 6
2024-03-18 22:56:30+0800: = 
2024-03-18 22:56:30+0800: Controller: lz-genmove_analyze maxmoves 6
2024-03-18 22:56:35+0800: MoveNum: 5 HASH: FFE96295C396DA517064CFFB0FD39D37
   A B C D E F G H J
 9 . . . . . . . . .
 8 . . . . . . . . .
 7 . . X . . . . . .
 6 . . . . . . . . .
 5 . . . . O O2. . .
 4 . . . . . . . . .
 3 . . X1. @ . X3. .
 2 . . . . . . . . .
 1 . . . . . . . . .

koSIMPLEscoreAREAtaxNONEsui0whbNfpok1komi5.5
Time taken: 5
Root visits: 7209
New playouts: 7209
NN rows: 2604
NN batches: 652
NN avg batch size: 3.99387
PV: E3 D4 F3 H5 H4 D6 H6 G6 F7 G7 G8 F6 E6 E7 F8 H7 H8 H3 G5 J6 G4 J4 J8 F2 E2
Tree:
: T -56.02c W -52.51c S  -3.54c ( -2.4 L  -2.0) N    7209  --  E3 D4 F3 H5 H4 D6 H6
---White(^)---
E3  : T -54.40c W -51.36c S  -3.54c ( -2.4 L  -2.1) LCB  -58.13c P 35.89% WF 3645.2 PSV    3578 N    5735  --  E3 D4 F3 H5 H4 D6 H6 G6
E7  : T -58.73c W -54.01c S  -3.53c ( -2.3 L  -2.0) LCB  -68.17c P 15.39% WF 399.9 PSV     416 N     601  --  E7 C5 D4 D3 C4 B4 B3 B5
C5  : T -63.73c W -57.01c S  -3.76c ( -2.5 L  -1.9) LCB  -74.20c P 25.79% WF 350.7 PSV     382 N     483  --  C5 D4 C6 E7 G7 B7 F3 F2
F2  : T -54.69c W -51.61c S  -2.92c ( -2.2 L  -1.5) LCB  -64.70c P  1.84% WF 175.8 PSV     155 N     215  --  F2 H5 C5 D4 D5 F3 F8 E8
F3  : T -69.26c W -63.96c S  -3.79c ( -2.5 L  -1.9) LCB  -84.59c P 10.05% WF  72.1 PSV      81 N      94  --  F3 F2 C5 F7 E7 E8 E2 E3
D7  : T -63.12c W -60.67c S  -2.71c ( -1.9 L  -1.2) LCB  -84.47c P  1.59% WF  27.7 PSV      24 N      32  --  D7 D6 E7 C6 G4 E6 F6 F7
D3  : T -79.05c W -75.57c S  -4.66c ( -2.9 L  -2.1) LCB  -95.30c P  3.75% WF  22.2 PSV      23 N      25  --  D3 D4 E3 C4 F3 H5 H4 G4
G4  : T -83.21c W -78.60c S  -4.38c ( -2.7 L  -2.3) LCB -111.03c P  1.85% WF   7.9 PSV       9 N       8  --  G4 F3 D4 D3
C6  : T -87.95c W -80.49c S  -4.88c ( -3.0 L  -2.0) LCB -112.00c P  1.65% WF   6.1 PSV       7 N       6  --  C6 D6 D5 B6 C5
C4  : T -88.00c W -80.39c S  -4.65c ( -2.8 L  -1.8) LCB -167.06c P  0.72% WF   3.5 PSV       3 N       3  --  C4 D4 D5

2024-03-18 22:56:35+0800: = play E3
2024-03-18 22:56:54+0800: Controller: loadsgf C:/Users/KILLLAKILL/AppData/LocalLow/DefaultCompany/yiwu/RecentGames\sgf_1701255612.sgf 7
2024-03-18 22:56:54+0800: = 
2024-03-18 22:56:54+0800: Controller: lz-genmove_analyze maxmoves 6
2024-03-18 22:56:59+0800: MoveNum: 6 HASH: 2733791EA78FF924FDD84A034F99EEAA
   A B C D E F G H J
 9 . . . . . . . . .
 8 . . . . . . . . .
 7 . . X . . . . . .
 6 . . . . . . . . .
 5 . . . . O O1. . .
 4 . . . . . O3. . .
 3 . . X . . . X2. .
 2 . . . . @ . . . .
 1 . . . . . . . . .

koSIMPLEscoreAREAtaxNONEsui0whbNfpok1komi5.5
Time taken: 5
Root visits: 3211
New playouts: 3211
NN rows: 2617
NN batches: 655
NN avg batch size: 3.99542
PV: E2 E7 C5 H4 D8 H3 F8 D4 D3 C4 B4 E8
Tree:
: T  99.68c W  98.69c S   1.13c ( +6.5 L  +6.0) N    3211  --  E2 E7 C5 H4 D8 H3 F8
---Black(^)---
E2  : T 100.00c W  99.08c S   1.15c ( +6.5 L  +6.1) LCB   99.25c P 14.49% WF 2421.8 PSV    6991 N     796  --  E2 E7 C5 H4 D8 H3 F8 D4
F3  : T  99.80c W  98.64c S   1.28c ( +6.5 L  +6.1) LCB   99.17c P 55.03% WF 5808.0 PSV    5804 N    2163  --  F3 E7 C5 H4 D8 H3 F8 E8
C5  : T  98.57c W  98.65c S   0.04c ( +6.0 L  +5.6) LCB   96.76c P  5.36% WF 192.1 PSV     175 N      65  --  C5 D6 C6 H5 F3 D7
H5  : T  95.81c W  96.74c S  -0.44c ( +5.7 L  +5.0) LCB   92.72c P 11.29% WF 147.5 PSV     144 N      77  --  H5 C5 E7 F3 F2 E2 G2 F7
F7  : T  96.44c W  97.71c S  -1.01c ( +5.5 L  +4.9) LCB   93.62c P  4.99% WF  75.8 PSV      74 N      33  --  F7 E2 D6 C4 D4
D6  : T  99.48c W  97.97c S   1.07c ( +6.4 L  +5.9) LCB   97.40c P  0.57% WF  99.4 PSV      38 N      41  --  D6 C4 D4 D3 B4 C5
E7  : T  94.75c W  96.65c S  -1.90c ( +5.1 L  +4.5) LCB   91.60c P  3.63% WF  36.9 PSV      37 N      18  --  E7 E2 H5 C5 F2 F7
F2  : T  92.64c W  97.22c S  -3.19c ( +4.6 L  +4.1) LCB  -62.96c P  0.71% WF   5.2 PSV       5 N       2  --  F2 E7
H4  : T  93.55c W  95.36c S  -1.57c ( +5.2 L  +4.7) LCB  -60.86c P  0.45% WF   3.6 PSV       3 N       2  --  H4 C5
C6  : T  95.14c W  97.96c S  -2.22c ( +5.0 L  +4.6) LCB  -67.23c P  0.29% WF   5.6 PSV       3 N       2  --  C6 D3

2024-03-18 22:56:59+0800: = play E2
