2024-03-18 15:11:22+0800: Running with following config:
allowResignation = true
friendlyPassOk = true
hasButton = false
koRule = SIMPLE
lagBuffer = 1.0
logAllGTPCommunication = true
logDir = gtp_logs
logSearchInfo = true
logToStderr = false
multiStoneSuicideLegal = false
nnCacheSizePowerOfTwo = 20
nnMutexPoolSizePowerOfTwo = 16
numNNServerThreadsPerModel = 1
numSearchThreads = 8
openclDeviceToUseThread0 = 0
ponderingEnabled = false
resignConsecTurns = 3
resignThreshold = -0.90
scoringRule = AREA
searchFactorAfterOnePass = 0.50
searchFactorAfterTwoPass = 0.25
searchFactorWhenWinning = 0.40
searchFactorWhenWinningThreshold = 0.95
taxRule = NONE
whiteHandicapBonus = N

2024-03-18 15:11:22+0800: GTP Engine starting...
2024-03-18 15:11:22+0800: KataGo v1.13.0
2024-03-18 15:11:22+0800: Using Chinese rules initially, unless GTP/GUI overrides this
2024-03-18 15:11:22+0800: Using 8 CPU thread(s) for search
2024-03-18 15:11:23+0800: nnRandSeed0 = 17648402297611896118
2024-03-18 15:11:23+0800: After dedups: nnModelFile0 = F:\homework\毕业设计\katago-v1.13.0-opencl-windows-x64\model.bin useFP16 auto useNHWC auto
2024-03-18 15:11:23+0800: Initializing neural net buffer to be size 19 * 19 exactly
2024-03-18 15:11:23+0800: Found OpenCL Platform 0: NVIDIA CUDA (NVIDIA Corporation) (OpenCL 3.0 CUDA 12.3.99)
2024-03-18 15:11:23+0800: Found 1 device(s) on platform 0 with type CPU or GPU or Accelerator
2024-03-18 15:11:23+0800: Found OpenCL Device 0: NVIDIA GeForce RTX 2060 (NVIDIA Corporation) (score 11000300)
2024-03-18 15:11:23+0800: Creating context for OpenCL Platform: NVIDIA CUDA (NVIDIA Corporation) (OpenCL 3.0 CUDA 12.3.99)
2024-03-18 15:11:23+0800: Using OpenCL Device 0: NVIDIA GeForce RTX 2060 (NVIDIA Corporation) OpenCL 3.0 CUDA (Extensions: cl_khr_global_int32_base_atomics cl_khr_global_int32_extended_atomics cl_khr_local_int32_base_atomics cl_khr_local_int32_extended_atomics cl_khr_fp64 cl_khr_3d_image_writes cl_khr_byte_addressable_store cl_khr_icd cl_khr_gl_sharing cl_nv_compiler_options cl_nv_device_attribute_query cl_nv_pragma_unroll cl_nv_d3d10_sharing cl_khr_d3d10_sharing cl_nv_d3d11_sharing cl_nv_copy_opts cl_nv_create_buffer cl_khr_int64_base_atomics cl_khr_int64_extended_atomics cl_khr_device_uuid cl_khr_pci_bus_info cl_khr_external_semaphore cl_khr_external_memory cl_khr_external_semaphore_win32 cl_khr_external_memory_win32)
2024-03-18 15:11:23+0800: Loaded tuning parameters from: F:\homework\毕业设计\katago-v1.13.0-opencl-windows-x64/KataGoData/opencltuning/tune11_gpuNVIDIAGeForceRTX2060_x19_y19_c384_mv14.txt
2024-03-18 15:11:24+0800: OpenCL backend thread 0: Device 0 Model version 14
2024-03-18 15:11:24+0800: OpenCL backend thread 0: Device 0 Model name: kata1-b18c384nbt-s7192213760-d3579182099
2024-03-18 15:11:26+0800: OpenCL backend thread 0: Device 0 FP16Storage true FP16Compute false FP16TensorCores true FP16TensorCoresFor1x1 false
2024-03-18 15:11:26+0800: Loaded neural net with nnXLen 19 nnYLen 19
2024-03-18 15:11:26+0800: Initializing board with boardXSize 19 boardYSize 19
2024-03-18 15:11:26+0800: Loaded config F:\homework\毕业设计\katago-v1.13.0-opencl-windows-x64\gtp_custom.cfg
2024-03-18 15:11:26+0800: Loaded model F:\homework\毕业设计\katago-v1.13.0-opencl-windows-x64\model.bin
2024-03-18 15:11:26+0800: Model name: kata1-b18c384nbt-s7192213760-d3579182099
2024-03-18 15:11:26+0800: GTP ready, beginning main protocol loop
2024-03-18 15:11:48+0800: Controller: loadsgf C:/Users/KILLLAKILL/AppData/LocalLow/DefaultCompany/yiwu/RecentGames\sgf_1701255612.sgf 1
2024-03-18 15:11:48+0800: Changing komi to 5.5
2024-03-18 15:11:48+0800: GPU 0 finishing, processed 0 rows 0 batches
2024-03-18 15:11:48+0800: Cleaned up old neural net and bot
2024-03-18 15:11:48+0800: nnRandSeed0 = 1201543840455552406
2024-03-18 15:11:48+0800: After dedups: nnModelFile0 = F:\homework\毕业设计\katago-v1.13.0-opencl-windows-x64\model.bin useFP16 auto useNHWC auto
2024-03-18 15:11:48+0800: Initializing neural net buffer to be size 9 * 9 exactly
2024-03-18 15:11:49+0800: Found OpenCL Platform 0: NVIDIA CUDA (NVIDIA Corporation) (OpenCL 3.0 CUDA 12.3.99)
2024-03-18 15:11:49+0800: Found 1 device(s) on platform 0 with type CPU or GPU or Accelerator
2024-03-18 15:11:49+0800: Found OpenCL Device 0: NVIDIA GeForce RTX 2060 (NVIDIA Corporation) (score 11000300)
2024-03-18 15:11:49+0800: Creating context for OpenCL Platform: NVIDIA CUDA (NVIDIA Corporation) (OpenCL 3.0 CUDA 12.3.99)
2024-03-18 15:11:49+0800: Using OpenCL Device 0: NVIDIA GeForce RTX 2060 (NVIDIA Corporation) OpenCL 3.0 CUDA (Extensions: cl_khr_global_int32_base_atomics cl_khr_global_int32_extended_atomics cl_khr_local_int32_base_atomics cl_khr_local_int32_extended_atomics cl_khr_fp64 cl_khr_3d_image_writes cl_khr_byte_addressable_store cl_khr_icd cl_khr_gl_sharing cl_nv_compiler_options cl_nv_device_attribute_query cl_nv_pragma_unroll cl_nv_d3d10_sharing cl_khr_d3d10_sharing cl_nv_d3d11_sharing cl_nv_copy_opts cl_nv_create_buffer cl_khr_int64_base_atomics cl_khr_int64_extended_atomics cl_khr_device_uuid cl_khr_pci_bus_info cl_khr_external_semaphore cl_khr_external_memory cl_khr_external_semaphore_win32 cl_khr_external_memory_win32)
2024-03-18 15:11:49+0800: Loaded tuning parameters from: F:\homework\毕业设计\katago-v1.13.0-opencl-windows-x64/KataGoData/opencltuning/tune11_gpuNVIDIAGeForceRTX2060_x19_y19_c384_mv14.txt
2024-03-18 15:11:49+0800: OpenCL backend thread 0: Device 0 Model version 14
2024-03-18 15:11:49+0800: OpenCL backend thread 0: Device 0 Model name: kata1-b18c384nbt-s7192213760-d3579182099
2024-03-18 15:11:51+0800: OpenCL backend thread 0: Device 0 FP16Storage true FP16Compute false FP16TensorCores true FP16TensorCoresFor1x1 false
2024-03-18 15:11:51+0800: Loaded neural net with nnXLen 9 nnYLen 9
2024-03-18 15:11:51+0800: Initializing board with boardXSize 9 boardYSize 9
2024-03-18 15:11:51+0800: = 
2024-03-18 15:12:02+0800: Controller: loadsgf C:/Users/KILLLAKILL/AppData/LocalLow/DefaultCompany/yiwu/RecentGames\sgf_1701255612.sgf 6
2024-03-18 15:12:02+0800: = 
2024-03-18 15:12:02+0800: Controller: lz-genmove_analyze maxmoves 6
2024-03-18 15:12:07+0800: MoveNum: 5 HASH: FFE96295C396DA517064CFFB0FD39D37
   A B C D E F G H J
 9 . . . . . . . . .
 8 . . . . . . . . .
 7 . . X . . . . . .
 6 . . . . . . . . .
 5 . . . . O O2. . .
 4 . . . . . . . . .
 3 . . X1. @ . X3. .
 2 . . . . . . . . .
 1 . . . . . . . . .

koSIMPLEscoreAREAtaxNONEsui0whbNfpok1komi5.5
Time taken: 5
Root visits: 3601
New playouts: 3601
NN rows: 2425
NN batches: 607
NN avg batch size: 3.99506
PV: E3 D4 F3 H5 H4 G4 G5 H3 H6 J4 D7 D6 C8 E7 D8 C6 E6 H7 B7 B6 J6 F7
Tree:
: T -44.09c W -41.58c S  -2.12c ( -1.7 L  -1.4) N    3601  --  E3 D4 F3 H5 H4 G4 G5
---White(^)---
E3  : T -41.77c W -39.43c S  -2.00c ( -1.7 L  -1.3) LCB  -46.51c P 35.89% WF 1996.9 PSV    1955 N    3150  --  E3 D4 F3 H5 H4 G4 G5 H3
E7  : T -50.50c W -50.64c S  -1.98c ( -1.5 L  -1.1) LCB  -61.86c P 15.39% WF 187.7 PSV     143 N     285  --  E7 C5 D4 H5 C4 B4 H6 D3
C5  : T -69.31c W -57.83c S  -4.60c ( -3.0 L  -2.4) LCB  -89.74c P 25.79% WF  69.1 PSV      86 N     103  --  C5 D4 C6 E7 F3 F2 E3 E2
F3  : T -84.32c W -74.79c S  -4.21c ( -2.6 L  -1.9) LCB  -99.96c P 10.05% WF  16.9 PSV      22 N      21  --  F3 F2 E7 C5 E2 E3
F2  : T -53.00c W -50.07c S  -2.18c ( -1.7 L  -1.0) LCB  -73.05c P  1.84% WF  15.5 PSV      13 N      19  --  F2 C5 G6 H5
D3  : T -87.15c W -79.00c S  -5.55c ( -3.3 L  -2.5) LCB -124.69c P  3.75% WF   6.6 PSV       7 N       7  --  D3 D4 F3 E3 F2
G4  : T -77.36c W -74.22c S  -3.57c ( -2.3 L  -1.9) LCB -131.11c P  1.85% WF   3.9 PSV       4 N       4  --  G4 F3 D4
D7  : T -77.82c W -72.11c S  -3.61c ( -2.3 L  -1.4) LCB -130.46c P  1.59% WF   4.0 PSV       4 N       4  --  D7 C6 G4
C6  : T -86.34c W -78.38c S  -4.40c ( -2.7 L  -1.7) LCB -165.50c P  1.65% WF   3.2 PSV       3 N       3  --  C6 D6 D5
C4  : T -82.02c W -77.99c S  -4.02c ( -2.5 L  -1.3) LCB -432.02c P  0.72% WF   1.2 PSV       1 N       1  --  C4

2024-03-18 15:12:07+0800: = play E3
