2024-05-09 21:59:12+0800: Running with following config:
allowResignation = true
friendlyPassOk = true
hasButton = false
koRule = SIMPLE
lagBuffer = 1.0
logAllGTPCommunication = true
logDir = gtp_logs
logSearchInfo = true
logToStderr = false
multiStoneSuicideLegal = false
nnCacheSizePowerOfTwo = 20
nnMutexPoolSizePowerOfTwo = 16
numNNServerThreadsPerModel = 1
numSearchThreads = 8
openclDeviceToUseThread0 = 0
ponderingEnabled = false
resignConsecTurns = 3
resignThreshold = -0.90
scoringRule = AREA
searchFactorAfterOnePass = 0.50
searchFactorAfterTwoPass = 0.25
searchFactorWhenWinning = 0.40
searchFactorWhenWinningThreshold = 0.95
taxRule = NONE
whiteHandicapBonus = N

2024-05-09 21:59:12+0800: GTP Engine starting...
2024-05-09 21:59:12+0800: KataGo v1.13.0
2024-05-09 21:59:12+0800: Using Chinese rules initially, unless GTP/GUI overrides this
2024-05-09 21:59:12+0800: Using 8 CPU thread(s) for search
2024-05-09 21:59:12+0800: nnRandSeed0 = 1033040468569985253
2024-05-09 21:59:12+0800: After dedups: nnModelFile0 = F:/unity_project/yiwu/Assets/StreamingAssets\katago-v1.13.0-opencl-windows-x64\model.bin useFP16 auto useNHWC auto
2024-05-09 21:59:12+0800: Initializing neural net buffer to be size 19 * 19 exactly
2024-05-09 21:59:12+0800: Found OpenCL Platform 0: NVIDIA CUDA (NVIDIA Corporation) (OpenCL 3.0 CUDA 12.3.99)
2024-05-09 21:59:12+0800: Found 1 device(s) on platform 0 with type CPU or GPU or Accelerator
2024-05-09 21:59:12+0800: Found OpenCL Device 0: NVIDIA GeForce RTX 2060 (NVIDIA Corporation) (score 11000300)
2024-05-09 21:59:12+0800: Creating context for OpenCL Platform: NVIDIA CUDA (NVIDIA Corporation) (OpenCL 3.0 CUDA 12.3.99)
2024-05-09 21:59:13+0800: Using OpenCL Device 0: NVIDIA GeForce RTX 2060 (NVIDIA Corporation) OpenCL 3.0 CUDA (Extensions: cl_khr_global_int32_base_atomics cl_khr_global_int32_extended_atomics cl_khr_local_int32_base_atomics cl_khr_local_int32_extended_atomics cl_khr_fp64 cl_khr_3d_image_writes cl_khr_byte_addressable_store cl_khr_icd cl_khr_gl_sharing cl_nv_compiler_options cl_nv_device_attribute_query cl_nv_pragma_unroll cl_nv_d3d10_sharing cl_khr_d3d10_sharing cl_nv_d3d11_sharing cl_nv_copy_opts cl_nv_create_buffer cl_khr_int64_base_atomics cl_khr_int64_extended_atomics cl_khr_device_uuid cl_khr_pci_bus_info cl_khr_external_semaphore cl_khr_external_memory cl_khr_external_semaphore_win32 cl_khr_external_memory_win32)
2024-05-09 21:59:13+0800: Loaded tuning parameters from: F:\unity_project\yiwu\Assets\StreamingAssets\katago-v1.13.0-opencl-windows-x64/KataGoData/opencltuning/tune11_gpuNVIDIAGeForceRTX2060_x19_y19_c384_mv14.txt
2024-05-09 21:59:13+0800: OpenCL backend thread 0: Device 0 Model version 14
2024-05-09 21:59:13+0800: OpenCL backend thread 0: Device 0 Model name: kata1-b18c384nbt-s7192213760-d3579182099
2024-05-09 21:59:15+0800: OpenCL backend thread 0: Device 0 FP16Storage true FP16Compute false FP16TensorCores true FP16TensorCoresFor1x1 false
2024-05-09 21:59:15+0800: Loaded neural net with nnXLen 19 nnYLen 19
2024-05-09 21:59:15+0800: Initializing board with boardXSize 19 boardYSize 19
2024-05-09 21:59:15+0800: Loaded config F:/unity_project/yiwu/Assets/StreamingAssets\katago-v1.13.0-opencl-windows-x64\gtp_custom.cfg
2024-05-09 21:59:15+0800: Loaded model F:/unity_project/yiwu/Assets/StreamingAssets\katago-v1.13.0-opencl-windows-x64\model.bin
2024-05-09 21:59:15+0800: Model name: kata1-b18c384nbt-s7192213760-d3579182099
2024-05-09 21:59:15+0800: GTP ready, beginning main protocol loop
2024-05-09 21:59:19+0800: Controller: clear_board
2024-05-09 21:59:19+0800: = 
2024-05-09 21:59:19+0800: Controller: komi 7.5
2024-05-09 21:59:19+0800: = 
2024-05-09 21:59:19+0800: Controller: boardsize 19
2024-05-09 21:59:19+0800: = 
2024-05-09 21:59:20+0800: Controller: play b J12
2024-05-09 21:59:20+0800: = 
2024-05-09 21:59:20+0800: Controller: genmove w
2024-05-09 21:59:25+0800: MoveNum: 1 HASH: B823D2DBEB8ABABE8C6C3E50777581D0
   A B C D E F G H J K L M N O P Q R S T
19 . . . . . . . . . . . . . . . . . . .
18 . . . . . . . . . . . . . . . . . . .
17 . . . . . . . . . . . . . . . . . . .
16 . . . @ . . . . . . . . . . . . . . .
15 . . . . . . . . . . . . . . . . . . .
14 . . . . . . . . . . . . . . . . . . .
13 . . . . . . . . . . . . . . . . . . .
12 . . . . . . . . X1. . . . . . . . . .
11 . . . . . . . . . . . . . . . . . . .
10 . . . . . . . . . . . . . . . . . . .
 9 . . . . . . . . . . . . . . . . . . .
 8 . . . . . . . . . . . . . . . . . . .
 7 . . . . . . . . . . . . . . . . . . .
 6 . . . . . . . . . . . . . . . . . . .
 5 . . . . . . . . . . . . . . . . . . .
 4 . . . . . . . . . . . . . . . . . . .
 3 . . . . . . . . . . . . . . . . . . .
 2 . . . . . . . . . . . . . . . . . . .
 1 . . . . . . . . . . . . . . . . . . .

koSIMPLEscoreAREAtaxNONEsui0whbNfpok1komi7.5
Time taken: 5
Root visits: 1397
New playouts: 1397
NN rows: 1066
NN batches: 268
NN avg batch size: 3.97761
PV: Q16 D4 C16 R4 F17 O3 C3 C4 D3 F3 E3 E4 F2 B3 B2
Tree:
: T  36.22c W  35.49c S   0.74c ( +2.5 L  +1.7) N    1397  --  Q16 D4 C16 R4 F17 O3 C3
---White(^)---
Q16 : T  36.58c W  35.63c S   0.75c ( +2.5 L  +1.7) LCB   35.75c P 18.65% WF 897.5 PSV    1272 N     370  --  Q16 D4 C16 R4 F17 O3 C3 C4
D16 : T  36.29c W  35.63c S   0.75c ( +2.5 L  +1.7) LCB   35.57c P 24.99% WF 908.1 PSV     908 N     374  --  D16 Q4 R16 C4 E3 H3 D5 D4
C16 : T  36.82c W  35.81c S   0.74c ( +2.5 L  +1.7) LCB   35.63c P  5.28% WF 297.9 PSV     297 N     123  --  C16 Q16 Q4 D4 F17 R3 R4 Q3
D4  : T  36.06c W  35.31c S   0.73c ( +2.5 L  +1.7) LCB   34.85c P 10.04% WF 357.9 PSV     270 N     147  --  D4 Q16 D17 Q3 R5 R8 P4 Q4
D17 : T  36.05c W  35.66c S   0.76c ( +2.5 L  +1.7) LCB   34.91c P  4.63% WF 216.2 PSV     124 N      89  --  D17 D4 Q4 Q16 C14 R3 R4 Q3
R16 : T  36.32c W  35.57c S   0.74c ( +2.5 L  +1.7) LCB   35.13c P  2.63% WF 241.4 PSV      99 N     101  --  R16 D16 D4 Q4 O17 C3 C4 D3
Q4  : T  35.09c W  34.50c S   0.74c ( +2.5 L  +1.7) LCB   32.30c P  6.75% WF 101.4 PSV      87 N      41  --  Q4 D16 Q16 D4 C3 D3 C4 C6
Q17 : T  35.94c W  35.57c S   0.75c ( +2.5 L  +1.7) LCB   34.37c P  3.52% WF 114.5 PSV      83 N      47  --  Q17 D4 D16 Q4 R14 C17 C16 D17
D3  : T  36.14c W  35.34c S   0.72c ( +2.5 L  +1.7) LCB   34.57c P  2.29% WF 116.9 PSV      68 N      48  --  D3 Q16 D16 Q4 C6 C17 D17 C16
C4  : T  34.26c W  34.30c S   0.63c ( +2.4 L  +1.7) LCB   30.27c P  2.70% WF  31.4 PSV      24 N      13  --  C4 Q16 D16 Q4 F3

2024-05-09 21:59:25+0800: = D16
2024-05-09 21:59:29+0800: Controller: play b Q4
2024-05-09 21:59:29+0800: = 
2024-05-09 21:59:29+0800: Controller: genmove w
2024-05-09 21:59:34+0800: MoveNum: 3 HASH: 44AAF9825A2FAC49CB069135321E68B1
   A B C D E F G H J K L M N O P Q R S T
19 . . . . . . . . . . . . . . . . . . .
18 . . . . . . . . . . . . . . . . . . .
17 . . . . . . . . . . . . . . . . . . .
16 . . . O2. . . . . . . . . . . @ . . .
15 . . . . . . . . . . . . . . . . . . .
14 . . . . . . . . . . . . . . . . . . .
13 . . . . . . . . . . . . . . . . . . .
12 . . . . . . . . X1. . . . . . . . . .
11 . . . . . . . . . . . . . . . . . . .
10 . . . . . . . . . . . . . . . . . . .
 9 . . . . . . . . . . . . . . . . . . .
 8 . . . . . . . . . . . . . . . . . . .
 7 . . . . . . . . . . . . . . . . . . .
 6 . . . . . . . . . . . . . . . . . . .
 5 . . . . . . . . . . . . . . . . . . .
 4 . . . . . . . . . . . . . . . X3. . .
 3 . . . . . . . . . . . . . . . . . . .
 2 . . . . . . . . . . . . . . . . . . .
 1 . . . . . . . . . . . . . . . . . . .

koSIMPLEscoreAREAtaxNONEsui0whbNfpok1komi7.5
Time taken: 5.015
Root visits: 1405
New playouts: 1144
NN rows: 1104
NN batches: 276
NN avg batch size: 4
PV: Q16 D4 R3 R4 Q3 O3 P3 P4 O2 S3 S2 P2 O4 N3 Q2 N2 S4 S5 T3 M5 D3 E3 C3
Tree:
: T  35.26c W  34.50c S   0.72c ( +2.4 L  +1.6) N    1405  --  Q16 D4 R3 R4 Q3 O3 P3
---White(^)---
Q16 : T  35.63c W  34.77c S   0.73c ( +2.4 L  +1.6) LCB   34.90c P 24.89% WF 1112.0 PSV    1108 N     473  --  Q16 D4 R3 R4 Q3 O3 P3 P4
Q17 : T  35.66c W  34.91c S   0.76c ( +2.4 L  +1.7) LCB   34.61c P  9.86% WF 542.7 PSV     465 N     234  --  Q17 C4 R14 F3 R3 Q3 R4 R6
R16 : T  35.42c W  34.65c S   0.75c ( +2.4 L  +1.7) LCB   34.56c P 12.15% WF 642.0 PSV     387 N     272  --  R16 C4 O17 F3 R3 R4 Q3 O3
D4  : T  34.59c W  33.91c S   0.66c ( +2.3 L  +1.6) LCB   33.39c P 20.26% WF 418.2 PSV     310 N     175  --  D4 Q16 R17 Q17 R16 R14 R15 Q15
D3  : T  35.08c W  34.44c S   0.76c ( +2.4 L  +1.7) LCB   33.61c P  6.34% WF 250.6 PSV     140 N     105  --  D3 Q17 R3 R4 Q3 O3 P3 P4
C4  : T  34.64c W  33.90c S   0.70c ( +2.4 L  +1.6) LCB   32.37c P  4.61% WF 107.3 PSV      72 N      45  --  C4 Q17 Q15 R15 R14 R16 Q14 O16
R3  : T  33.95c W  33.42c S   0.57c ( +2.3 L  +1.6) LCB   31.72c P  5.47% WF  80.5 PSV      59 N      36  --  R3 Q3 R4 R6 R5 Q5 S6 Q16
Q15 : T  34.93c W  33.67c S   0.64c ( +2.3 L  +1.5) LCB   27.91c P  0.89% WF  26.3 PSV      17 N      11  --  Q15 D4 Q17 C14
R15 : T  35.11c W  33.95c S   0.67c ( +2.3 L  +1.6) LCB   29.23c P  0.70% WF  29.3 PSV      15 N      12  --  R15 C4 Q17 C17 C16
P16 : T  34.03c W  33.67c S   0.61c ( +2.3 L  +1.5) LCB   25.38c P  1.35% WF  21.7 PSV      15 N       9  --  P16 D4 R16 C14 F17 C6 R3

2024-05-09 21:59:34+0800: = Q16
2024-05-09 21:59:51+0800: Controller: clear_board
2024-05-09 21:59:51+0800: = 
2024-05-09 21:59:51+0800: Controller: komi 6.5
2024-05-09 21:59:51+0800: = 
2024-05-09 21:59:51+0800: Controller: boardsize 9
2024-05-09 21:59:51+0800: GPU 0 finishing, processed 2170 rows 544 batches
2024-05-09 21:59:51+0800: Cleaned up old neural net and bot
2024-05-09 21:59:51+0800: nnRandSeed0 = 2487732058662985709
2024-05-09 21:59:51+0800: After dedups: nnModelFile0 = F:/unity_project/yiwu/Assets/StreamingAssets\katago-v1.13.0-opencl-windows-x64\model.bin useFP16 auto useNHWC auto
2024-05-09 21:59:51+0800: Initializing neural net buffer to be size 9 * 9 exactly
2024-05-09 21:59:52+0800: Found OpenCL Platform 0: NVIDIA CUDA (NVIDIA Corporation) (OpenCL 3.0 CUDA 12.3.99)
2024-05-09 21:59:52+0800: Found 1 device(s) on platform 0 with type CPU or GPU or Accelerator
2024-05-09 21:59:52+0800: Found OpenCL Device 0: NVIDIA GeForce RTX 2060 (NVIDIA Corporation) (score 11000300)
2024-05-09 21:59:52+0800: Creating context for OpenCL Platform: NVIDIA CUDA (NVIDIA Corporation) (OpenCL 3.0 CUDA 12.3.99)
2024-05-09 21:59:52+0800: Using OpenCL Device 0: NVIDIA GeForce RTX 2060 (NVIDIA Corporation) OpenCL 3.0 CUDA (Extensions: cl_khr_global_int32_base_atomics cl_khr_global_int32_extended_atomics cl_khr_local_int32_base_atomics cl_khr_local_int32_extended_atomics cl_khr_fp64 cl_khr_3d_image_writes cl_khr_byte_addressable_store cl_khr_icd cl_khr_gl_sharing cl_nv_compiler_options cl_nv_device_attribute_query cl_nv_pragma_unroll cl_nv_d3d10_sharing cl_khr_d3d10_sharing cl_nv_d3d11_sharing cl_nv_copy_opts cl_nv_create_buffer cl_khr_int64_base_atomics cl_khr_int64_extended_atomics cl_khr_device_uuid cl_khr_pci_bus_info cl_khr_external_semaphore cl_khr_external_memory cl_khr_external_semaphore_win32 cl_khr_external_memory_win32)
2024-05-09 21:59:52+0800: Loaded tuning parameters from: F:\unity_project\yiwu\Assets\StreamingAssets\katago-v1.13.0-opencl-windows-x64/KataGoData/opencltuning/tune11_gpuNVIDIAGeForceRTX2060_x19_y19_c384_mv14.txt
2024-05-09 21:59:52+0800: OpenCL backend thread 0: Device 0 Model version 14
2024-05-09 21:59:52+0800: OpenCL backend thread 0: Device 0 Model name: kata1-b18c384nbt-s7192213760-d3579182099
2024-05-09 21:59:54+0800: OpenCL backend thread 0: Device 0 FP16Storage true FP16Compute false FP16TensorCores true FP16TensorCoresFor1x1 false
2024-05-09 21:59:54+0800: Loaded neural net with nnXLen 9 nnYLen 9
2024-05-09 21:59:54+0800: Initializing board with boardXSize 9 boardYSize 9
2024-05-09 21:59:54+0800: = 
2024-05-09 21:59:56+0800: Controller: play b E5
2024-05-09 21:59:56+0800: = 
2024-05-09 21:59:56+0800: Controller: genmove w
2024-05-09 22:00:01+0800: MoveNum: 1 HASH: 38E71B648B5DE3A43B414F57C285AD76
   A B C D E F G H J
 9 . . . . . . . . .
 8 . . . . . . . . .
 7 . . . . . . . . .
 6 . . . . . . . . .
 5 . . . . X1. . . .
 4 . . @ . . . . . .
 3 . . . . . . . . .
 2 . . . . . . . . .
 1 . . . . . . . . .

koSIMPLEscoreAREAtaxNONEsui0whbNfpok1komi6.5
Time taken: 5
Root visits: 2557
New playouts: 2557
NN rows: 2321
NN batches: 581
NN avg batch size: 3.99484
PV: C4 D3 F3 D4 G4 G6 C7 H5 H4 E2 F6 F7 E6 F5 G5 D6 E7 D7
Tree:
: T -59.12c W -57.19c S  -2.02c ( -1.7 L  -0.8) N    2557  --  C4 D3 F3 D4 G4 G6 C7
---White(^)---
C4  : T -58.62c W -56.79c S  -1.97c ( -1.7 L  -0.8) LCB  -60.80c P  9.05% WF 2378.5 PSV    2373 N    2485  --  C4 D3 F3 D4 G4 G6 C7 H5
C5  : T -62.79c W -59.81c S  -1.93c ( -1.6 L  -0.6) LCB  -67.64c P  3.98% WF  58.3 PSV      49 N      35  --  C5 G6 F3 D4 D7 C4 G4 E2
C3  : T -64.56c W -61.33c S  -1.89c ( -1.6 L  -0.5) LCB  -73.92c P  0.95% WF  31.3 PSV       8 N      21  --  C3 C5 F3 F7 G4 G6
D4  : T -74.82c W -71.18c S  -2.85c ( -2.2 L  -0.4) LCB -120.14c P  0.03% WF   6.6 PSV       0 N       4  --  D4 D5 C4
D5  : T -90.02c W -85.12c S  -4.91c ( -3.5 L  -0.3) LCB -440.02c P  0.01% WF   3.8 PSV       0 N       1  --  D5
B5  : T -90.20c W -84.99c S  -5.22c ( -3.2 L  -1.2) LCB -440.20c P  0.01% WF   1.8 PSV       0 N       1  --  B5
B4  : T -95.78c W -89.11c S  -6.66c ( -3.9 L  -1.9) LCB -445.78c P  0.01% WF   1.8 PSV       0 N       1  --  B4
pss : T -116.88c W -99.64c S -17.24c ( -8.5 L  -7.3) LCB -466.88c P  0.00% WF   1.4 PSV       0 N       1  --  pass
B3  : T -102.67c W -94.06c S  -8.61c ( -4.7 L  -3.0) LCB -452.67c P  0.00% WF   1.3 PSV       0 N       1  --  B3
B2  : T -111.22c W -98.41c S -12.81c ( -6.4 L  -5.3) LCB -461.22c P  0.00% WF   1.2 PSV       0 N       1  --  B2

2024-05-09 22:00:01+0800: = C4
2024-05-09 22:00:02+0800: Controller: play b C5
2024-05-09 22:00:02+0800: = 
2024-05-09 22:00:02+0800: Controller: genmove w
2024-05-09 22:00:07+0800: MoveNum: 3 HASH: D3CFC8B53ABE05AECBA83DF80EB4084E
   A B C D E F G H J
 9 . . . . . . . . .
 8 . . . . . . . . .
 7 . . . . . . . . .
 6 . . . . . . . . .
 5 . @ X3. X1. . . .
 4 . . O2. . . . . .
 3 . . . . . . . . .
 2 . . . . . . . . .
 1 . . . . . . . . .

koSIMPLEscoreAREAtaxNONEsui0whbNfpok1komi6.5
Time taken: 5.015
Root visits: 2717
New playouts: 2717
NN rows: 2481
NN batches: 621
NN avg batch size: 3.99517
PV: B5 B6 D3 D4 B4 C7 E3 G5 D6 C6 G7 F8 H5 H4 H6 G4
Tree:
: T -34.22c W -34.13c S  -0.34c ( -0.8 L  -0.2) N    2717  --  B5 B6 D3 D4 B4 C7 E3
---White(^)---
B5  : T -32.86c W -32.83c S  -0.25c ( -0.7 L  -0.2) LCB  -36.46c P 54.43% WF 1904.2 PSV    1886 N    2516  --  B5 B6 D3 D4 B4 C7 E3 G5
C6  : T -38.54c W -38.79c S  -0.73c ( -0.9 L  -0.3) LCB  -50.86c P  7.75% WF  92.1 PSV      70 N     106  --  C6 D5 B5 G6 C7 E3 G7 F7
D5  : T -49.26c W -48.76c S  -1.50c ( -1.4 L  -0.5) LCB  -61.97c P 14.60% WF  49.4 PSV      55 N      50  --  D5 D6 D4 C6 E6 E4 E3 F3
G6  : T -57.96c W -55.29c S  -1.67c ( -1.4 L  -0.4) LCB  -71.92c P 11.90% WF  28.6 PSV      30 N      29  --  G6 D4 F4 F6 G7 F7 F5
D3  : T -62.58c W -59.52c S  -1.56c ( -1.4 L  -0.3) LCB -119.71c P  3.05% WF   5.1 PSV       6 N       4  --  D3 D4 C3 B5
F7  : T -68.85c W -64.73c S  -2.58c ( -1.9 L  -0.4) LCB -158.51c P  2.74% WF   4.3 PSV       5 N       3  --  F7 G6 D5
D4  : T -69.43c W -66.28c S  -3.15c ( -2.3 L  -0.7) LCB -419.43c P  1.66% WF   1.8 PSV       3 N       1  --  D4
G5  : T -65.29c W -62.74c S  -1.63c ( -1.4 L  -0.5) LCB -226.27c P  1.07% WF   2.8 PSV       2 N       2  --  G5 D4
G4  : T -64.10c W -61.78c S  -2.32c ( -1.8 L  -0.7) LCB -414.10c P  0.80% WF   1.8 PSV       1 N       1  --  G4
G7  : T -60.39c W -58.37c S  -2.01c ( -1.6 L  -0.4) LCB -410.39c P  0.50% WF   1.5 PSV       1 N       1  --  G7

2024-05-09 22:00:07+0800: = B5
2024-05-09 22:00:10+0800: Controller: play b D5
2024-05-09 22:00:10+0800: = 
2024-05-09 22:00:10+0800: Controller: genmove w
2024-05-09 22:00:15+0800: MoveNum: 5 HASH: 41CAB109D7EDD56F9BF88D9AEF90CDA9
   A B C D E F G H J
 9 . . . . . . . . .
 8 . . . . . . . . .
 7 . . . . . . . . .
 6 . @ . . . . . . .
 5 . O2X1X3X . . . .
 4 . . O . . . . . .
 3 . . . . . . . . .
 2 . . . . . . . . .
 1 . . . . . . . . .

koSIMPLEscoreAREAtaxNONEsui0whbNfpok1komi6.5
Time taken: 5
Root visits: 4723
New playouts: 4721
NN rows: 2353
NN batches: 589
NN avg batch size: 3.99491
PV: B6 C3 D4 E3 E4 F4 D3 D2 B4 F3 G6 F8 F5 E7 G8 C7 C2 H5 F7 E8 H6 H9 H8 G9 E6
Tree:
: T  35.84c W  35.91c S   2.91c ( +2.6 L  +2.9) N    4723  --  B6 C3 D4 E3 E4 F4 D3
---White(^)---
B6  : T  37.89c W  37.81c S   3.05c ( +2.7 L  +3.0) LCB   33.75c P 29.47% WF 2664.6 PSV    2618 N    4591  --  B6 C3 D4 E3 E4 F4 D3 D2
G6  : T -28.12c W -21.57c S  -2.68c ( -0.7 L  -0.2) LCB  -44.71c P 26.52% WF  28.4 PSV      47 N      55  --  G6 B6 D3 F4 F8 H5 F2 H6
D3  : T -23.46c W -19.08c S  -2.45c ( -0.6 L  -0.1) LCB  -40.29c P 17.56% WF  21.5 PSV      34 N      38  --  D3 B6 G7 H6 E7 H7 C7 B7
E3  : T -47.53c W -39.18c S  -3.10c ( -0.8 L  -0.3) LCB  -70.78c P  9.43% WF   8.3 PSV      13 N      12  --  E3 D3 B6 C3 D7
G5  : T -57.48c W -51.43c S  -4.21c ( -1.4 L  -0.5) LCB  -77.79c P  6.72% WF   5.3 PSV       8 N       7  --  G5 B6 D3 E3 E2
G4  : T -57.89c W -50.54c S  -3.99c ( -1.2 L  -0.6) LCB -133.86c P  2.52% WF   2.4 PSV       3 N       3  --  G4 B6 F6
G7  : T  -0.22c W  -1.90c S  -1.25c ( +0.1 L  +0.3) LCB  -21.36c P  0.88% WF   4.6 PSV       2 N       6  --  G7 B6 D3 H6 E7 H7 C7 B7
F6  : T -42.81c W -37.51c S  -2.96c ( -0.8 L  -0.4) LCB -192.99c P  1.61% WF   1.9 PSV       2 N       2  --  F6 B6
C7  : T -40.35c W -35.71c S  -2.77c ( -0.6 L  -0.2) LCB -189.53c P  1.37% WF   1.6 PSV       2 N       2  --  C7 B6
F7  : T -40.38c W -37.73c S  -2.65c ( -0.6 L  -0.3) LCB -390.38c P  1.01% WF   0.9 PSV       1 N       1  --  F7

2024-05-09 22:00:15+0800: = B6
2024-05-09 22:00:20+0800: Controller: play b C7
2024-05-09 22:00:20+0800: = 
2024-05-09 22:00:20+0800: Controller: genmove w
2024-05-09 22:00:25+0800: MoveNum: 7 HASH: 5259D23F3653742EE02CCD932CD148F1
   A B C D E F G H J
 9 . . . . . . . . .
 8 . . . . . . . . .
 7 . . X3. . . . . .
 6 . O2. . . . . . .
 5 . O X X1X . . . .
 4 . . O . . . . . .
 3 . . . @ . . . . .
 2 . . . . . . . . .
 1 . . . . . . . . .

koSIMPLEscoreAREAtaxNONEsui0whbNfpok1komi6.5
Time taken: 5
Root visits: 2609
New playouts: 2580
NN rows: 2305
NN batches: 577
NN avg batch size: 3.9948
PV: D3 E3 G6 H5 G5 H6 F7 G8 H7 G4 F4 G3 J6 H4 F8
Tree:
: T  77.31c W  77.29c S   2.46c ( +4.0 L  +3.9) N    2609  --  D3 E3 G6 H5 G5 H6 F7
---White(^)---
D3  : T  78.17c W  78.02c S   2.58c ( +4.1 L  +4.0) LCB   74.83c P 67.93% WF 2073.7 PSV    2064 N    2485  --  D3 E3 G6 H5 G5 H6 F7 G8
G6  : T  69.96c W  69.90c S   0.84c ( +3.2 L  +3.0) LCB   56.87c P  7.94% WF  55.2 PSV      50 N      70  --  G6 H5 G5 G4 F4 G3 H6 F7
C6  : T  60.64c W  65.72c S  -0.70c ( +2.4 L  +2.1) LCB   38.07c P  3.46% WF  11.5 PSV      11 N      15  --  C6 D7 D3 G5 F7 E7
E3  : T  49.58c W  56.01c S  -1.46c ( +2.0 L  +1.9) LCB   20.46c P  3.76% WF   7.4 PSV       8 N      10  --  E3 G4 G7
C3  : T  -6.24c W  10.04c S  -4.96c ( +0.4 L  +0.5) LCB  -52.35c P  8.80% WF   4.3 PSV       6 N       8  --  C3 G6 G7 H6 F3 E3
G7  : T  70.41c W  73.68c S  -0.32c ( +2.6 L  +2.1) LCB   46.63c P  0.88% WF   6.8 PSV       5 N       8  --  G7 G5 D3 E7 H5
G5  : T   8.06c W  23.85c S  -3.15c ( +1.0 L  +1.1) LCB -148.62c P  3.07% WF   1.6 PSV       2 N       2  --  G5 G7
E7  : T  29.65c W  41.04c S  -2.37c ( +1.4 L  +1.3) LCB -121.09c P  1.79% WF   1.4 PSV       2 N       2  --  E7 D7
D7  : T  34.98c W  49.26c S  -2.11c ( +1.6 L  +1.6) LCB -121.08c P  1.12% WF   1.5 PSV       1 N       2  --  D7 C6
G4  : T  10.30c W  14.43c S  -4.13c ( +0.7 L  +0.9) LCB -339.70c P  0.34% WF   0.8 PSV       0 N       1  --  G4

2024-05-09 22:00:25+0800: = D3
2024-05-09 22:00:32+0800: Controller: play b F3
2024-05-09 22:00:32+0800: = 
2024-05-09 22:00:32+0800: Controller: genmove w
2024-05-09 22:00:37+0800: MoveNum: 9 HASH: 94F4830DB02ED62E96B2F7A159A9887C
   A B C D E F G H J
 9 . . . . . . . . .
 8 . . . . . . . . .
 7 . . X1. . . . . .
 6 . O . . . . @ . .
 5 . O X X X . . . .
 4 . . O . . . . . .
 3 . . . O2. X3. . .
 2 . . . . . . . . .
 1 . . . . . . . . .

koSIMPLEscoreAREAtaxNONEsui0whbNfpok1komi6.5
Time taken: 5
Root visits: 2720
New playouts: 2720
NN rows: 2306
NN batches: 578
NN avg batch size: 3.98962
PV: G7 H6 G6 H5 E8 E7 D8 H7 D7 C6 H8 J8 G8 F5 B8
Tree:
: T  97.71c W  97.13c S   1.56c ( +6.0 L  +6.1) N    2720  --  G7 H6 G6 H5 E8 E7 D8
---White(^)---
G7  : T  97.92c W  97.58c S   1.27c ( +5.9 L  +6.0) LCB   96.62c P 53.23% WF 2601.6 PSV    2595 N    1507  --  G7 H6 G6 H5 E8 E7 D8 H7
G6  : T  97.59c W  96.59c S   1.99c ( +6.2 L  +6.4) LCB   95.84c P 39.18% WF 1726.4 PSV    1448 N    1127  --  G6 H5 F7 E8 E7 D7 F8 H6
H7  : T  97.38c W  96.10c S   1.97c ( +6.2 L  +6.0) LCB   88.87c P  1.16% WF  54.7 PSV      37 N      36  --  H7 G6 H6 G7 H4 H8
F7  : T  94.98c W  96.45c S  -1.11c ( +4.8 L  +4.5) LCB   88.58c P  1.58% WF  24.1 PSV      19 N      17  --  F7 G6 G7 H6 D7 E8 F6
F6  : T  92.17c W  91.54c S   2.09c ( +6.4 L  +6.2) LCB   69.71c P  2.02% WF  16.7 PSV      14 N      14  --  F6 C3 C2 B3 B4 D4
E7  : T  91.74c W  93.72c S  -0.73c ( +4.9 L  +4.5) LCB   78.25c P  1.42% WF  12.7 PSV       9 N      11  --  E7 G7 C6 D7
F4  : T  89.29c W  93.01c S  -1.30c ( +4.6 L  +4.3) LCB   11.72c P  0.31% WF   3.5 PSV       1 N       3  --  F4 G4 F5
D7  : T  84.22c W  89.49c S  -2.32c ( +4.1 L  +3.6) LCB   36.54c P  0.12% WF   4.3 PSV       0 N       4  --  D7 E7 E8

2024-05-09 22:00:37+0800: = G6
2024-05-09 22:00:51+0800: Controller: play b G5
2024-05-09 22:00:51+0800: = 
2024-05-09 22:00:51+0800: Controller: genmove w
2024-05-09 22:00:56+0800: MoveNum: 11 HASH: 21C42CD15671F9A0B8A371CA9E782CB3
   A B C D E F G H J
 9 . . . . . . . . .
 8 . . . . . . . . .
 7 . . X . . . . . .
 6 . O . . . . O2. .
 5 . O X X X . X3@ .
 4 . . O . . . . . .
 3 . . . O . X1. . .
 2 . . . . . . . . .
 1 . . . . . . . . .

koSIMPLEscoreAREAtaxNONEsui0whbNfpok1komi6.5
Time taken: 5
Root visits: 2758
New playouts: 2758
NN rows: 2409
NN batches: 603
NN avg batch size: 3.99502
PV: H5 H4 F5 G4 F7 E7 E8 D8 E6 D7 G8 E2 D2 E9 F8 E3 H6
Tree:
: T 102.36c W  99.35c S   3.45c ( +8.3 L  +8.7) N    2758  --  H5 H4 F5 G4 F7 E7 E8
---White(^)---
H5  : T 102.46c W  99.38c S   3.52c ( +8.3 L  +8.7) LCB  101.82c P 87.40% WF 6743.7 PSV    6739 N    2614  --  H5 H4 F5 G4 F7 E7 E8 D8
F6  : T 100.94c W  98.12c S   3.38c ( +8.4 L  +8.8) LCB   96.34c P  4.64% WF 151.3 PSV     112 N      87  --  F6 H5 E7 D7 H6 H8 F8 D8
E7  : T  96.34c W  98.51c S  -1.68c ( +6.1 L  +6.2) LCB   89.67c P  4.42% WF  34.0 PSV      34 N      20  --  E7 F6 G7 H5 C6 F7 F8 E8
F7  : T 100.18c W  99.54c S   0.36c ( +7.0 L  +7.3) LCB   96.32c P  1.59% WF  48.3 PSV      28 N      19  --  F7 H5 E8 D7 H6 F6
D7  : T  97.82c W  98.39c S  -0.40c ( +6.6 L  +6.5) LCB   81.92c P  0.23% WF  11.1 PSV       2 N       7  --  D7 E7 H5
E8  : T  96.81c W  97.98c S  -0.98c ( +6.3 L  +5.8) LCB   19.77c P  0.26% WF   4.4 PSV       2 N       3  --  E8 G7
C6  : T  90.45c W  94.66c S  -4.21c ( +4.8 L  +4.9) LCB -259.55c P  0.41% WF   1.1 PSV       1 N       1  --  C6
H7  : T  96.51c W  99.14c S  -2.21c ( +5.9 L  +5.9) LCB   66.94c P  0.11% WF  10.6 PSV       0 N       5  --  H7 H5 E7
F5  : T  87.56c W  91.58c S  -4.02c ( +4.9 L  +4.9) LCB -262.44c P  0.14% WF   1.0 PSV       0 N       1  --  F5

2024-05-09 22:00:56+0800: = H5
2024-05-09 22:01:02+0800: Controller: play b F6
2024-05-09 22:01:02+0800: = 
2024-05-09 22:01:03+0800: Controller: genmove w
2024-05-09 22:01:08+0800: MoveNum: 13 HASH: 911DC390C52C07F85DC30EFD4CB6120C
   A B C D E F G H J
 9 . . . . . . . . .
 8 . . . . . . . . .
 7 . . X . . . @ . .
 6 . O . . . X3O . .
 5 . O X X X . X1O2.
 4 . . O . . . . . .
 3 . . . O . X . . .
 2 . . . . . . . . .
 1 . . . . . . . . .

koSIMPLEscoreAREAtaxNONEsui0whbNfpok1komi6.5
Time taken: 5
Root visits: 2762
New playouts: 2762
NN rows: 2289
NN batches: 573
NN avg batch size: 3.99476
PV: G7 H4 G4 F5 H3 H6 J4 H7 G8 H8 E8 H9 G3 D8 F4 B7 J6 J7 E7
Tree:
: T 107.36c W  98.92c S   9.13c (+12.3 L +12.9) N    2762  --  G7 H4 G4 F5 H3 H6 J4
---White(^)---
G7  : T 107.81c W  98.90c S   9.58c (+12.5 L +13.1) LCB  106.71c P 64.07% WF 5846.6 PSV    5821 N    2590  --  G7 H4 G4 F5 H3 H6 J4 H7
G4  : T 100.99c W  99.57c S   1.85c ( +8.5 L  +8.9) LCB   99.25c P 33.62% WF 277.8 PSV     286 N     125  --  G4 G7 H6 F4 H7 G8 F5
H6  : T 100.83c W  99.60c S   1.24c ( +8.2 L  +8.6) LCB   98.94c P  1.12% WF  49.0 PSV       9 N      20  --  H6 G7 H7 G8 G4 B3
H7  : T 100.41c W  99.49c S   0.84c ( +8.0 L  +8.4) LCB   96.97c P  0.50% WF  37.5 PSV       3 N      16  --  H7 G7 H6 G8 G4 B3
F7  : T  97.76c W  99.22c S  -2.58c ( +6.5 L  +6.4) LCB   53.62c P  0.28% WF   8.0 PSV       1 N       4  --  F7 H6 G7 H7
G3  : T  82.87c W  90.62c S  -7.75c ( +4.0 L  +4.0) LCB -267.13c P  0.06% WF   0.9 PSV       0 N       1  --  G3
F4  : T  69.25c W  77.37c S  -8.12c ( +3.6 L  +3.4) LCB -280.75c P  0.06% WF   0.6 PSV       0 N       1  --  F4
F2  : T  79.96c W  88.72c S  -8.76c ( +3.7 L  +3.5) LCB -270.04c P  0.04% WF   0.9 PSV       0 N       1  --  F2
F5  : T  40.88c W  50.31c S  -9.42c ( +3.2 L  +2.3) LCB -309.12c P  0.03% WF   0.5 PSV       0 N       1  --  F5
E3  : T  -2.41c W   9.35c S -11.75c ( +1.8 L  +0.8) LCB -352.41c P  0.03% WF   0.4 PSV       0 N       1  --  E3

2024-05-09 22:01:08+0800: = G7
2024-05-09 22:01:18+0800: Controller: play b H4
2024-05-09 22:01:18+0800: = 
2024-05-09 22:01:18+0800: Controller: genmove w
2024-05-09 22:01:21+0800: MoveNum: 15 HASH: 7B0078EF72D101BB1942CDD037E07B93
   A B C D E F G H J
 9 . . . . . . . . .
 8 . . . . . . . . .
 7 . . X . . . O2. .
 6 . O . . . X1O . .
 5 . O X X X . X O .
 4 . . O . . . @ X3.
 3 . . . O . X . . .
 2 . . . . . . . . .
 1 . . . . . . . . .

koSIMPLEscoreAREAtaxNONEsui0whbNfpok1komi6.5
Time taken: 3.735
Root visits: 4781
New playouts: 2290
NN rows: 1680
NN batches: 420
NN avg batch size: 4
PV: G4 F5 H3 H6 J4 H7 G8 H8 E8 H9 G3 E7 F4 B7 A7 A8 A6 C6 B3
Tree:
: T 104.96c W  98.91c S   6.88c (+12.0 L +12.6) N    4781  --  G4 F5 H3 H6 J4 H7 G8
---White(^)---
G4  : T 105.04c W  98.90c S   6.97c (+12.0 L +12.6) LCB  104.25c P 92.83% WF 10302.0 PSV   10297 N    4731  --  G4 F5 H3 H6 J4 H7 G8 H8
J6  : T 101.61c W  99.80c S   1.61c ( +9.4 L  +9.9) LCB   99.66c P  0.78% WF  79.4 PSV      16 N      27  --  J6 E2 D2 F7 G4
E8  : T  91.79c W  99.64c S  -7.09c ( +5.8 L  +6.1) LCB   63.54c P  2.11% WF  14.3 PSV      13 N       5  --  E8 H6 H7 J5
J5  : T  99.44c W  99.73c S  -0.09c ( +8.7 L  +9.3) LCB   56.45c P  0.89% WF  12.2 PSV      12 N       4  --  J5 G3
H6  : T  94.92c W  99.02c S  -3.30c ( +7.1 L  +7.1) LCB   63.78c P  0.92% WF   9.7 PSV       7 N       5  --  H6 F8 F7
D7  : T  94.59c W  99.58c S  -5.26c ( +6.5 L  +6.8) LCB  -62.38c P  0.51% WF   4.9 PSV       4 N       2  --  D7 H6
F7  : T  93.19c W  99.63c S  -6.43c ( +6.1 L  +6.4) LCB  -61.04c P  0.52% WF   5.7 PSV       3 N       2  --  F7 H6
C6  : T  92.89c W  99.24c S  -6.35c ( +5.9 L  +6.0) LCB  -83.73c P  0.35% WF   4.1 PSV       2 N       2  --  C6 H6
E7  : T  92.86c W  99.25c S  -6.38c ( +6.0 L  +6.0) LCB -257.14c P  0.32% WF   2.0 PSV       2 N       1  --  E7
D8  : T  90.07c W  98.83c S  -8.76c ( +4.9 L  +4.9) LCB -259.93c P  0.12% WF   1.9 PSV       0 N       1  --  D8

2024-05-09 22:01:21+0800: = G4
2024-05-09 22:01:36+0800: Controller: play b F5
2024-05-09 22:01:36+0800: = 
2024-05-09 22:01:36+0800: Controller: genmove w
2024-05-09 22:01:39+0800: MoveNum: 17 HASH: 3AECDEF909C27737A44FAF7024D858F7
   A B C D E F G H J
 9 . . . . . . . . .
 8 . . . . . . . . .
 7 . . X . . . O . .
 6 . O . . . X O . .
 5 . O X X X X3X O .
 4 . . O . . . O2X1.
 3 . . . O . X . @ .
 2 . . . . . . . . .
 1 . . . . . . . . .

koSIMPLEscoreAREAtaxNONEsui0whbNfpok1komi6.5
Time taken: 2.656
Root visits: 6287
New playouts: 1643
NN rows: 1161
NN batches: 291
NN avg batch size: 3.98969
PV: H3 H6 J4 H7 G8 H8 E8 H9 G3 E7 F4 E4 E3 B7 A7 A8 A6 C6 B4 B8
Tree:
: T 105.98c W  98.95c S   7.67c (+12.0 L +12.6) N    6287  --  H3 H6 J4 H7 G8 H8 E8
---White(^)---
H3  : T 106.28c W  98.92c S   7.97c (+12.2 L +12.7) LCB  105.59c P 57.77% WF 13230.9 PSV   13189 N    6000  --  H3 H6 J4 H7 G8 H8 E8 H9
H6  : T 100.81c W  99.49c S   2.02c ( +9.2 L  +9.8) LCB   98.36c P 20.22% WF 356.8 PSV     370 N     142  --  H6 E2 D2 H3 E8 D8 G2 D1
J6  : T 100.47c W  99.41c S   1.46c ( +8.9 L  +9.5) LCB   96.30c P 11.65% WF 195.2 PSV     202 N      74  --  J6 H3 E8 E2 D2 D8 E7 D7
J5  : T 101.09c W  99.31c S   1.68c ( +9.0 L  +9.6) LCB   96.83c P  5.25% WF 133.8 PSV     100 N      51  --  J5 H3 E8 D8 E7 D7 E2 J7
J4  : T  96.08c W  99.52c S  -3.13c ( +7.0 L  +7.4) LCB   86.66c P  2.86% WF  28.3 PSV      29 N      11  --  J4 H3 E8 D8 E7
E8  : T  92.53c W  99.41c S  -6.73c ( +5.6 L  +5.9) LCB   18.33c P  1.04% WF   7.8 PSV       7 N       3  --  E8 H6 H7
D7  : T  94.92c W  99.45c S  -5.25c ( +6.2 L  +6.5) LCB  -61.72c P  0.42% WF   4.6 PSV       3 N       2  --  D7 H6
E7  : T  91.24c W  98.76c S  -7.52c ( +5.2 L  +5.0) LCB -258.76c P  0.18% WF   1.9 PSV       1 N       1  --  E7
C6  : T  78.25c W  87.09c S  -8.84c ( +4.1 L  +4.0) LCB -271.75c P  0.17% WF   0.8 PSV       0 N       1  --  C6
F7  : T  89.07c W  97.98c S  -8.92c ( +4.6 L  +4.6) LCB -260.93c P  0.10% WF   1.7 PSV       0 N       1  --  F7

2024-05-09 22:01:39+0800: = H3
2024-05-09 22:01:48+0800: Controller: play b F4
2024-05-09 22:01:48+0800: = 
2024-05-09 22:01:48+0800: Controller: genmove w
2024-05-09 22:01:50+0800: MoveNum: 19 HASH: D8E5EFB7E454DACD20E818004A9B1DE0
   A B C D E F G H J
 9 . . . . . . . . .
 8 . . . . . . . . .
 7 . . X . . . O . .
 6 . O . . . X O . .
 5 . O X X X X1X O .
 4 . . O . . X3O X @
 3 . . . O . X . O2.
 2 . . . . . . . . .
 1 . . . . . . . . .

koSIMPLEscoreAREAtaxNONEsui0whbNfpok1komi6.5
Time taken: 2.672
Root visits: 1756
New playouts: 1756
NN rows: 1275
NN batches: 320
NN avg batch size: 3.98438
PV: J4 F8 G8 E2 D2 B7 E8 F7 F9 H2 G2 G3 H1 H9 G9
Tree:
: T 111.81c W  99.90c S  11.80c (+18.9 L +19.2) N    1756  --  J4 F8 G8 E2 D2 B7 E8
---White(^)---
J4  : T 111.99c W  99.90c S  12.01c (+19.0 L +19.3) LCB  111.56c P 95.96% WF 7437.0 PSV    7431 N    1735  --  J4 F8 G8 E2 D2 B7 E8 F7
G3  : T  96.57c W  99.75c S  -3.40c (+11.8 L +12.2) LCB   20.54c P  1.53% WF   7.8 PSV       4 N       3  --  G3 H6 J4
E8  : T  95.53c W  99.86c S  -3.69c (+12.3 L +12.5) LCB   21.13c P  0.20% WF  10.9 PSV       0 N       3  --  E8 G3 D7
H6  : T  94.30c W  99.70c S  -5.12c (+11.6 L +12.3) LCB   19.83c P  0.17% WF  11.2 PSV       0 N       3  --  H6 E2
J5  : T  90.49c W  99.85c S  -9.36c ( +9.5 L +10.3) LCB -259.51c P  0.19% WF   4.3 PSV       0 N       1  --  J5
F7  : T  92.18c W  99.84c S  -7.66c (+10.3 L +10.8) LCB -257.82c P  0.17% WF   3.8 PSV       0 N       1  --  F7
D7  : T  94.59c W  99.90c S  -5.31c (+11.4 L +11.7) LCB -255.41c P  0.17% WF   3.6 PSV       0 N       1  --  D7
C6  : T  91.51c W  99.80c S  -8.29c ( +9.6 L +10.0) LCB -258.49c P  0.16% WF   3.5 PSV       0 N       1  --  C6
F8  : T  91.19c W  99.82c S  -8.63c ( +9.8 L +10.3) LCB -258.81c P  0.16% WF   3.9 PSV       0 N       1  --  F8
E7  : T  91.70c W  99.83c S  -8.12c (+10.0 L +10.4) LCB -258.30c P  0.15% WF   3.7 PSV       0 N       1  --  E7

2024-05-09 22:01:50+0800: = J4
2024-05-09 22:01:53+0800: Controller: play b G3
2024-05-09 22:01:53+0800: = 
2024-05-09 22:01:53+0800: Controller: genmove w
2024-05-09 22:01:56+0800: MoveNum: 21 HASH: 92CBFE5266DA0360170A88C30F6B3639
   A B C D E F G H J
 9 . . . . . . . . .
 8 . . . . . @ . . .
 7 . . X . . . O . .
 6 . O . . . X O . .
 5 . O X X X X X O .
 4 . . O . . X1O . O2
 3 . . . O . X X3O .
 2 . . . . . . . . .
 1 . . . . . . . . .

koSIMPLEscoreAREAtaxNONEsui0whbNfpok1komi6.5
Time taken: 2.656
Root visits: 1454
New playouts: 1442
NN rows: 1193
NN batches: 299
NN avg batch size: 3.98997
PV: F8 H2 H4 E2 D2 B7 D8 B3 B4 B2 A6 A4 A2
Tree:
: T 112.52c W  99.89c S  12.38c (+19.9 L +20.1) N    1454  --  F8 H2 H4 E2 D2 B7 D8
---White(^)---
F8  : T 112.96c W  99.92c S  12.87c (+20.0 L +20.3) LCB  112.20c P  5.83% WF 2232.8 PSV    3797 N     507  --  F8 H2 H4 E2 D2 B7 D8 B3
H2  : T 112.80c W  99.85c S  12.51c (+20.0 L +20.2) LCB  112.05c P 37.93% WF 2838.1 PSV    2829 N     680  --  H2 F8 G8 B7 E8 E2 D2 D8
E8  : T 111.16c W  99.91c S  11.28c (+19.3 L +19.6) LCB  109.94c P 43.89% WF 953.0 PSV     816 N     226  --  E8 H4 H6 E2 D2 H2 C8 B7
H4  : T 108.16c W  99.93c S   8.25c (+18.0 L +18.3) LCB  102.86c P  5.80% WF  50.9 PSV      45 N      12  --  H4 F8 G8 E2
F7  : T 111.75c W  99.96c S  11.66c (+19.4 L +19.7) LCB  108.47c P  1.01% WF  84.4 PSV      25 N      18  --  F7 E7 H2 F8 G8 E2 D2 B7
E2  : T 108.21c W  99.98c S   9.43c (+18.4 L +18.7) LCB  -43.58c P  1.06% WF   9.4 PSV       8 N       2  --  E2 H4
B7  : T 107.27c W  99.96c S   8.70c (+18.1 L +18.4) LCB  -47.41c P  1.14% WF   9.5 PSV       7 N       2  --  B7 H4
C6  : T 109.06c W  99.96c S  10.08c (+18.8 L +19.0) LCB  -41.49c P  0.56% WF   9.6 PSV       5 N       2  --  C6 H4
E7  : T 108.86c W  99.98c S   8.87c (+18.2 L +18.8) LCB -241.14c P  0.45% WF   4.6 PSV       4 N       1  --  E7
D8  : T 110.38c W  99.97c S  10.41c (+18.9 L +19.4) LCB -239.62c P  0.33% WF   4.7 PSV       4 N       1  --  D8

2024-05-09 22:01:56+0800: = F8
2024-05-09 22:02:01+0800: Controller: play b H4
2024-05-09 22:02:01+0800: = 
2024-05-09 22:02:01+0800: Controller: genmove w
2024-05-09 22:02:03+0800: MoveNum: 23 HASH: 0F20C5F28C0BF0C6B302E630095CE263
   A B C D E F G H J
 9 . . . . . . . . .
 8 . . . . . O2. . .
 7 . . X . . . O . .
 6 . O . . . X O . .
 5 . O X X X X X O .
 4 . . O . . X . X3O
 3 . . . O . X X1O .
 2 . . . . . . . @ .
 1 . . . . . . . . .

koSIMPLEscoreAREAtaxNONEsui0whbNfpok1komi6.5
Time taken: 2.64
Root visits: 1538
New playouts: 1464
NN rows: 1129
NN batches: 283
NN avg batch size: 3.9894
PV: H2 F7 H7 E2 D2 E8 B7 B8 G8 C8 A8
Tree:
: T 114.24c W  99.79c S  13.91c (+21.0 L +21.3) N    1538  --  H2 F7 H7 E2 D2 E8 B7
---White(^)---
H2  : T 114.47c W  99.79c S  14.11c (+21.1 L +21.4) LCB  113.93c P 66.60% WF 6178.2 PSV    6169 N    1486  --  H2 F7 H7 E2 D2 E8 B7 B8
E7  : T 108.78c W  99.91c S   8.84c (+18.4 L +18.6) LCB  104.36c P  8.88% WF  68.4 PSV      62 N      19  --  E7 H6 G4 H7 H8
H7  : T 106.09c W  99.95c S   6.04c (+17.1 L +17.6) LCB  100.80c P 10.48% WF  50.8 PSV      51 N      12  --  H7 E2 D2 H2 G4
C6  : T 109.89c W  99.95c S   9.91c (+18.9 L +19.0) LCB   98.54c P  3.48% WF  32.3 PSV      29 N       8  --  C6 F7 G8
H6  : T 105.78c W  99.96c S   6.58c (+17.4 L +17.7) LCB   86.07c P  4.70% WF  26.6 PSV      22 N       6  --  H6 H2 D8
D7  : T 107.54c W  99.92c S   7.56c (+17.8 L +18.1) LCB   32.94c P  2.05% WF  11.8 PSV      12 N       3  --  D7 H6
E2  : T  92.93c W  99.55c S  -6.62c (+11.6 L +13.1) LCB -257.07c P  1.31% WF   4.3 PSV       2 N       1  --  E2
J6  : T 105.00c W  99.99c S   5.01c (+16.8 L +17.4) LCB -245.00c P  0.68% WF   4.3 PSV       2 N       1  --  J6
J5  : T 102.18c W  99.96c S   2.22c (+15.6 L +16.6) LCB -247.82c P  0.43% WF   4.5 PSV       1 N       1  --  J5

2024-05-09 22:02:03+0800: = H2
2024-05-09 22:02:10+0800: Controller: play b D4
2024-05-09 22:02:10+0800: = 
2024-05-09 22:02:10+0800: Controller: genmove w
2024-05-09 22:02:12+0800: MoveNum: 25 HASH: 1DF5A0951124F034D9D60E071968E38B
   A B C D E F G H J
 9 . . . . . . . . .
 8 . . . . . O . . .
 7 . . X . . . O . .
 6 . O . . . X O . .
 5 . O X X X X X O .
 4 . . O X3. X . X1O
 3 . . @ O . X X O .
 2 . . . . . . . O2.
 1 . . . . . . . . .

koSIMPLEscoreAREAtaxNONEsui0whbNfpok1komi6.5
Time taken: 2.141
Root visits: 1070
New playouts: 1068
NN rows: 880
NN batches: 220
NN avg batch size: 4
PV: C3 B7 E7 C6 E2 D8 H6 F2 E3
Tree:
: T 112.01c W  99.86c S  12.08c (+21.0 L +21.3) N    1070  --  C3 B7 E7 C6 E2 D8 H6
---White(^)---
C3  : T 112.21c W  99.85c S  12.33c (+21.2 L +21.5) LCB  111.32c P 61.61% WF 3094.4 PSV    3089 N     749  --  C3 B7 E7 C6 E2 D8 H6 F2
D2  : T 112.29c W  99.84c S  12.11c (+20.9 L +21.1) LCB  110.25c P 10.87% WF 612.4 PSV     612 N     143  --  D2 H6 G4 E8 B7 H4 J5 H8
B3  : T 110.62c W  99.93c S  10.66c (+20.2 L +20.6) LCB  109.17c P 19.69% WF 343.3 PSV     301 N      82  --  B3 H6 G4 C2 D2 H4 J5
C2  : T 112.16c W  99.94c S  12.19c (+20.9 L +21.1) LCB  110.55c P  5.31% WF 343.6 PSV     250 N      79  --  C2 H6 G4 F7 G8 H4 J5 G2
B4  : T 108.47c W  99.96c S   8.72c (+19.4 L +19.9) LCB   99.23c P  0.83% WF  39.1 PSV       6 N       9  --  B4 H6 J5 F7
C6  : T 105.48c W  99.81c S   4.58c (+17.7 L +18.1) LCB   62.03c P  0.33% WF  12.6 PSV       1 N       4  --  C6 H6 J5
D7  : T 102.06c W  99.79c S   2.61c (+16.9 L +17.4) LCB  -47.40c P  0.23% WF   6.3 PSV       0 N       2  --  D7 H6
E2  : T  93.25c W  97.91c S  -4.65c (+13.2 L +14.6) LCB -256.75c P  0.24% WF   2.8 PSV       0 N       1  --  E2

2024-05-09 22:02:12+0800: = C3
2024-05-09 22:02:16+0800: Controller: play b B7
2024-05-09 22:02:16+0800: = 
2024-05-09 22:02:17+0800: Controller: genmove w
2024-05-09 22:02:19+0800: MoveNum: 27 HASH: DB10B0CA89DA48108C0CAACD998B7F29
   A B C D E F G H J
 9 . . . . . . . . .
 8 . . . . . O . . .
 7 . X3X . @ . O . .
 6 . O . . . X O . .
 5 . O X X X X X O .
 4 . . O X1. X . X O
 3 . . O2O . X X O .
 2 . . . . . . . O .
 1 . . . . . . . . .

koSIMPLEscoreAREAtaxNONEsui0whbNfpok1komi6.5
Time taken: 2.141
Root visits: 1842
New playouts: 1298
NN rows: 938
NN batches: 235
NN avg batch size: 3.99149
PV: E7 C6 E2 D8 G4 A6 B4 H4 E8 E3 H1
Tree:
: T 113.72c W  99.87c S  13.41c (+21.2 L +21.4) N    1842  --  E7 C6 E2 D8 G4 A6 B4
---White(^)---
E7  : T 114.27c W  99.91c S  13.70c (+21.5 L +21.8) LCB  113.76c P 12.38% WF 5296.5 PSV    5554 N    1256  --  E7 C6 E2 D8 G4 A6 B4 H4
D8  : T 113.02c W  99.73c S  13.38c (+20.7 L +21.0) LCB  111.56c P 42.03% WF 1598.2 PSV    1500 N     389  --  D8 E2 D2 G2 G4 A6 A5 H4
E2  : T 111.07c W  99.93c S  11.25c (+19.4 L +19.9) LCB  109.75c P 19.59% WF 301.6 PSV     287 N      79  --  E2 E8 E9 H6 J5 F7
E8  : T 111.00c W  99.72c S  11.26c (+19.7 L +20.0) LCB  108.08c P 16.54% WF 245.8 PSV     237 N      65  --  E8 H6 G4 E2 D2 H4 J5 G2
H7  : T 113.44c W  99.98c S  13.26c (+20.5 L +20.5) LCB  110.33c P  1.91% WF 104.2 PSV      72 N      23  --  H7 E2 D2 E8 D8
G4  : T 112.25c W  99.98c S  12.40c (+20.1 L +20.1) LCB   97.03c P  1.05% WF  30.8 PSV      23 N       7  --  G4 E2 D2 E8
D7  : T 111.42c W  99.86c S  11.98c (+20.2 L +20.3) LCB   91.84c P  1.37% WF  23.6 PSV      22 N       6  --  D7 H6 J5
C6  : T 111.01c W  99.85c S  11.40c (+20.0 L +20.1) LCB   82.75c P  1.20% WF  18.4 PSV      17 N       5  --  C6 E8 E7
H6  : T 111.09c W  99.98c S  11.80c (+19.8 L +20.1) LCB   36.48c P  0.88% WF  13.4 PSV      12 N       3  --  H6 E2
G2  : T 111.28c W  99.91c S  11.69c (+19.7 L +20.3) LCB   66.58c P  0.71% WF  17.1 PSV      11 N       4  --  G2 E2 D2

2024-05-09 22:02:19+0800: = E7
2024-05-09 22:02:35+0800: Controller: play b G2
2024-05-09 22:02:35+0800: = 
2024-05-09 22:02:35+0800: Controller: genmove w
2024-05-09 22:02:37+0800: MoveNum: 29 HASH: D2531906330A3420A8CFCDA04269B717
   A B C D E F G H J
 9 . . . . . . . . .
 8 . . . . . O . . .
 7 . X1X . O2. O . .
 6 . O @ . . X O . .
 5 . O X X X X X O .
 4 . . O X . X . X O
 3 . . O O . X X O .
 2 . . . . . . X3O .
 1 . . . . . . . . .

koSIMPLEscoreAREAtaxNONEsui0whbNfpok1komi6.5
Time taken: 2.141
Root visits: 1169
New playouts: 1169
NN rows: 986
NN batches: 248
NN avg batch size: 3.97581
PV: C6 D6 D7 H6 G4 B4 B3 H4 H7 J5 J7 D8 E8 C9 B8 A8 B9
Tree:
: T 105.05c W  99.89c S   6.20c (+22.5 L +23.0) N    1169  --  C6 D6 D7 H6 G4 B4 B3
---White(^)---
C6  : T 105.35c W  99.89c S   6.55c (+22.7 L +23.3) LCB  104.21c P 69.44% WF 3248.1 PSV    3238 N     984  --  C6 D6 D7 H6 G4 B4 B3 H4
H7  : T 102.81c W  99.98c S   3.86c (+21.4 L +21.6) LCB   99.65c P 13.17% WF 175.8 PSV     147 N      43  --  H7 C6 E2 H1 D8 J2 G4 A6
G4  : T 104.01c W  99.92c S   4.74c (+21.8 L +22.1) LCB  100.36c P  5.98% WF 180.3 PSV     104 N      46  --  G4 C6 E2 H4 H6 D8 H1 F1
H6  : T 103.13c W  99.99c S   3.38c (+21.3 L +21.3) LCB  101.16c P  7.47% WF 114.8 PSV      92 N      28  --  H6 C6 E2 D8 H1 F1 A6
E2  : T 104.58c W  99.87c S   5.15c (+22.0 L +22.2) LCB  101.23c P  1.26% WF 190.2 PSV      30 N      56  --  E2 C6 G4 D8 H4 A6
J5  : T 102.93c W  99.99c S   3.01c (+21.0 L +21.1) LCB   74.79c P  0.44% WF  20.4 PSV       5 N       5  --  J5 C6 E2
J6  : T 101.71c W  99.98c S   2.20c (+20.7 L +20.8) LCB   58.16c P  0.62% WF  15.6 PSV       5 N       4  --  J6 C6
H1  : T  98.81c W  99.71c S  -0.42c (+19.4 L +19.9) LCB  -50.16c P  0.31% WF   5.8 PSV       1 N       2  --  H1 H6

2024-05-09 22:02:37+0800: = C6
2024-05-09 22:03:16+0800: Controller: play b H1
2024-05-09 22:03:16+0800: = 
2024-05-09 22:03:16+0800: Controller: genmove w
2024-05-09 22:03:18+0800: MoveNum: 31 HASH: B7A597920EB4EA6060D642D22280FFB8
   A B C D E F G H J
 9 . . . . . . . . .
 8 . . . . . O . . .
 7 . X X . O . O . .
 6 . O O2. . X O . .
 5 . O X X X X X O .
 4 . . O X . X @ X O
 3 . . O O . X X O .
 2 . . . . . . X1O .
 1 . . . . . . . X3.

koSIMPLEscoreAREAtaxNONEsui0whbNfpok1komi6.5
Time taken: 2.094
Root visits: 1177
New playouts: 1177
NN rows: 962
NN batches: 242
NN avg batch size: 3.97521
PV: G4 D6 D7 H4 H6 F7 E8 J2 J5 E2 J3
Tree:
: T 118.52c W  99.89c S  16.65c (+37.1 L +37.4) N    1177  --  G4 D6 D7 H4 H6 F7 E8
---White(^)---
G4  : T 119.17c W  99.88c S  17.08c (+38.0 L +38.3) LCB  118.29c P 34.01% WF 3725.3 PSV    3694 N     741  --  G4 D6 D7 H4 H6 F7 E8 J2
H6  : T 117.85c W  99.88c S  16.23c (+36.4 L +36.7) LCB  116.94c P 30.78% WF 1407.4 PSV     747 N     292  --  H6 E2 J3 D6 D7 B1 D2 D1
H7  : T 117.11c W  99.93c S  16.26c (+34.8 L +35.0) LCB  115.57c P 16.68% WF 387.2 PSV     281 N      78  --  H7 E2 J5 D6 D7 B1 D2 D1
D6  : T 116.96c W  99.94c S  16.91c (+34.5 L +34.6) LCB  112.38c P  6.24% WF 132.7 PSV      99 N      28  --  D6 H6 G4 H7 H8 H4 J5 J2
J5  : T 115.24c W  99.95c S  14.97c (+33.4 L +33.8) LCB  110.42c P  7.54% WF  82.8 PSV      72 N      18  --  J5 J2 E2 E8
J6  : T 116.07c W  99.99c S  15.62c (+33.5 L +33.5) LCB  110.61c P  2.27% WF  63.4 PSV      26 N      13  --  J6 F7 E8 D6
D7  : T 107.97c W  99.88c S   9.41c (+30.6 L +30.7) LCB  -41.58c P  0.47% WF   7.2 PSV       1 N       2  --  D7 H6
J7  : T 106.21c W  99.96c S   7.06c (+29.6 L +30.2) LCB  -44.33c P  0.26% WF   7.2 PSV       0 N       2  --  J7 F7
J3  : T  91.67c W  99.99c S  -8.32c (+22.2 L +22.8) LCB -258.33c P  0.56% WF   4.9 PSV       0 N       1  --  J3
E2  : T 103.50c W 100.00c S   3.50c (+28.0 L +28.3) LCB -246.50c P  0.26% WF   3.6 PSV       0 N       1  --  E2

2024-05-09 22:03:18+0800: = G4
2024-05-09 22:03:32+0800: Controller: play b E3
2024-05-09 22:03:32+0800: = 
2024-05-09 22:03:32+0800: Controller: genmove w
2024-05-09 22:03:34+0800: MoveNum: 33 HASH: 8EFB52FD6746317A3DEC70BF2990FF65
   A B C D E F G H J
 9 . . . . . . . . .
 8 . . . . . O . . .
 7 . X X . O . O . .
 6 . O O . . X O . .
 5 . O X X X X X O .
 4 . . O X . X O2@ O
 3 . . O O X3X X O .
 2 . . . . . . X O .
 1 . . . . . . . X1.

koSIMPLEscoreAREAtaxNONEsui0whbNfpok1komi6.5
Time taken: 2.094
Root visits: 1018
New playouts: 1018
NN rows: 842
NN batches: 212
NN avg batch size: 3.9717
PV: H4 D2 C2 E2 C1 D8 E8 A7 D9 B8 C9 D6 D7 B4 B3 J2
Tree:
: T 116.99c W  99.94c S  15.73c (+39.0 L +39.6) N    1018  --  H4 D2 C2 E2 C1 D8 E8
---White(^)---
H4  : T 117.49c W  99.94c S  16.08c (+39.3 L +39.9) LCB  116.61c P 58.23% WF 4580.2 PSV    4560 N     937  --  H4 D2 C2 E2 C1 D8 E8 A7
E2  : T 110.86c W  99.97c S  11.10c (+36.0 L +36.2) LCB  107.17c P 34.07% WF 202.1 PSV     192 N      44  --  E2 H4 H6 J2 D6 J3
D6  : T 111.11c W  99.98c S  12.04c (+36.0 L +36.0) LCB   99.50c P  2.08% WF  46.8 PSV      12 N      10  --  D6 H4 D2 H6
D2  : T 110.18c W  99.95c S  10.67c (+35.4 L +35.2) LCB   95.47c P  1.72% WF  32.5 PSV       8 N       7  --  D2 H4 H6
H6  : T 111.46c W  99.99c S  11.09c (+35.6 L +35.9) LCB  103.90c P  0.85% WF  45.6 PSV       5 N      10  --  H6 D6 D7 D2
H7  : T 109.90c W  99.99c S   9.73c (+34.8 L +35.3) LCB   66.35c P  0.44% WF  17.2 PSV       2 N       4  --  H7 D2 C2
J5  : T 107.03c W  99.99c S   7.61c (+33.9 L +34.3) LCB  -41.93c P  0.35% WF   8.5 PSV       1 N       2  --  J5 D2
J6  : T 108.38c W  99.99c S   8.32c (+34.2 L +34.8) LCB   34.46c P  0.23% WF  13.3 PSV       0 N       3  --  J6 D2

2024-05-09 22:03:34+0800: = H4
2024-05-09 22:03:51+0800: Controller: play b B2
2024-05-09 22:03:51+0800: = 
2024-05-09 22:03:51+0800: Controller: genmove w
2024-05-09 22:03:53+0800: MoveNum: 35 HASH: 559BCF318500151383EDC89288D6DC79
   A B C D E F G H J
 9 . . . . . . . . .
 8 . . . . . O . . .
 7 . X X . O . O . .
 6 . O O . . X O . .
 5 . O X X X X X O .
 4 . . O X . X O O2O
 3 . . O O X1X X O .
 2 . X3. . @ . X O .
 1 . . . . . . . X .

koSIMPLEscoreAREAtaxNONEsui0whbNfpok1komi6.5
Time taken: 2.078
Root visits: 947
New playouts: 947
NN rows: 850
NN batches: 214
NN avg batch size: 3.97196
PV: E2 D8 E8 A7 D9 D6 D7 C1 D2 E1 D1 B3 B4
Tree:
: T 116.13c W  99.82c S  11.50c (+80.8 L +81.9) N     947  --  E2 D8 E8 A7 D9 D6 D7
---White(^)---
E2  : T 116.69c W  99.81c S  12.50c (+81.5 L +82.6) LCB  114.88c P 97.75% WF 4792.6 PSV    4779 N     931  --  E2 D8 E8 A7 D9 D6 D7 C1
D2  : T  80.64c W 100.00c S -19.36c (+39.9 L +39.5) LCB -269.36c P  0.87% WF   6.4 PSV       1 N       1  --  D2
D1  : T  80.61c W 100.00c S -19.39c (+39.6 L +39.0) LCB -269.39c P  0.16% WF   6.3 PSV       0 N       1  --  D1
C2  : T  80.73c W 100.00c S -19.27c (+40.5 L +40.0) LCB -269.27c P  0.16% WF   6.4 PSV       0 N       1  --  C2
C1  : T  80.48c W 100.00c S -19.52c (+38.8 L +38.7) LCB -269.52c P  0.13% WF   6.4 PSV       0 N       1  --  C1
D6  : T  79.68c W 100.00c S -20.32c (+33.2 L +33.6) LCB -270.32c P  0.11% WF   6.3 PSV       0 N       1  --  D6
B1  : T  80.44c W 100.00c S -19.56c (+38.5 L +38.6) LCB -269.56c P  0.08% WF   6.4 PSV       0 N       1  --  B1
F1  : T  78.56c W 100.00c S -21.43c (+26.5 L +27.0) LCB -271.44c P  0.08% WF   5.6 PSV       0 N       1  --  F1
B3  : T  80.29c W 100.00c S -19.71c (+37.5 L +37.4) LCB -269.71c P  0.08% WF   6.4 PSV       0 N       1  --  B3
E1  : T  78.91c W  99.97c S -21.06c (+28.6 L +29.2) LCB -271.09c P  0.06% WF   5.1 PSV       0 N       1  --  E1

2024-05-09 22:03:53+0800: = E2
2024-05-09 22:04:05+0800: Controller: play b E1
2024-05-09 22:04:05+0800: = 
2024-05-09 22:04:05+0800: Controller: genmove w
2024-05-09 22:04:07+0800: MoveNum: 37 HASH: 8C38DCB8EBC29E036E82B59C9DB5AC56
   A B C D E F G H J
 9 . . . . . . . . .
 8 . . . . . O . . .
 7 . X X . O . O . .
 6 . O O . . X O . .
 5 . O X X X X X O .
 4 . . O X . X O O O
 3 . . O O X X X O .
 2 . X1. . O2. X O .
 1 . . . @ X3. . X .

koSIMPLEscoreAREAtaxNONEsui0whbNfpok1komi6.5
Time taken: 2.141
Root visits: 1058
New playouts: 1052
NN rows: 921
NN batches: 231
NN avg batch size: 3.98701
PV: D1 D8 E8 A7 B8 C8 D9 D6
Tree:
: T 119.35c W  99.84c S  15.88c (+83.2 L +84.2) N    1058  --  D1 D8 E8 A7 B8 C8 D9
---White(^)---
D1  : T 120.14c W  99.84c S  17.24c (+83.8 L +84.8) LCB  118.57c P 32.76% WF 4210.7 PSV    4638 N     708  --  D1 D8 E8 A7 B8 C8 D9 D6
D2  : T 118.32c W  99.82c S  14.91c (+82.6 L +83.8) LCB  115.60c P 60.78% WF 1893.7 PSV    1575 N     342  --  D2 D8 E8 B8 C9 A7 D9 D6
F1  : T  79.53c W 100.00c S -20.47c (+32.1 L +33.0) LCB -270.47c P  4.46% WF   5.9 PSV       6 N       1  --  F1
C2  : T 103.06c W 100.00c S   3.06c (+75.0 L +75.5) LCB -246.94c P  1.08% WF   3.2 PSV       3 N       1  --  C2
C1  : T  80.73c W 100.00c S -19.27c (+40.2 L +40.0) LCB -269.27c P  0.18% WF   6.1 PSV       0 N       1  --  C1
B1  : T  80.29c W 100.00c S -19.71c (+37.3 L +37.3) LCB -269.71c P  0.08% WF   6.1 PSV       0 N       1  --  B1
D6  : T  80.10c W 100.00c S -19.90c (+36.0 L +35.6) LCB -269.90c P  0.07% WF   6.1 PSV       0 N       1  --  D6
B3  : T  80.15c W 100.00c S -19.85c (+36.3 L +36.2) LCB -269.85c P  0.05% WF   5.3 PSV       0 N       1  --  B3
D7  : T  79.61c W 100.00c S -20.39c (+32.8 L +33.1) LCB -270.39c P  0.04% WF   4.4 PSV       0 N       1  --  D7

2024-05-09 22:04:07+0800: = D1
2024-05-09 22:04:11+0800: Controller: play b F1
2024-05-09 22:04:11+0800: = 
2024-05-09 22:04:11+0800: Controller: genmove w
2024-05-09 22:04:13+0800: MoveNum: 39 HASH: AB597BAA36922DF33313DE7E86B5FB0D
   A B C D E F G H J
 9 . . . . . . . . .
 8 . . . @ . O . . .
 7 . X X . O . O . .
 6 . O O . . X O . .
 5 . O X X X X X O .
 4 . . O X . X O O O
 3 . . O O X X X O .
 2 . X . . O . X O .
 1 . . . O2X1X3. X .

koSIMPLEscoreAREAtaxNONEsui0whbNfpok1komi6.5
Time taken: 2.125
Root visits: 1051
New playouts: 1051
NN rows: 898
NN batches: 226
NN avg batch size: 3.97345
PV: D8 A1 B4 C2 D2 C1
Tree:
: T 119.66c W  99.95c S  18.19c (+87.5 L +87.0) N    1051  --  D8 A1 B4 C2 D2 C1
---White(^)---
D8  : T 120.55c W  99.94c S  18.67c (+87.9 L +87.6) LCB  119.74c P  7.53% WF 4075.4 PSV    4888 N     615  --  D8 A1 B4 C2 D2 C1
D6  : T 118.92c W  99.98c S  17.76c (+87.1 L +85.8) LCB  117.58c P 46.95% WF 1741.8 PSV    1251 N     261  --  D6 D8 E8 B8 A7 C9 A8
D7  : T 118.63c W  99.97c S  18.11c (+87.2 L +86.9) LCB  116.63c P 26.23% WF 781.2 PSV     599 N     120  --  D7 D8 E8 B8 C9 D9 A7
B3  : T 116.91c W  99.93c S  17.00c (+87.2 L +87.8) LCB  108.41c P  4.48% WF  74.1 PSV      55 N      12  --  B3 D7 D8 D6 B9
B4  : T 113.99c W  99.96c S  14.85c (+85.7 L +86.3) LCB   94.08c P  3.58% WF  36.7 PSV      24 N       6  --  B4 D8 E8 D6
B1  : T 115.96c W  99.90c S  15.78c (+86.6 L +87.3) LCB  106.52c P  1.43% WF  59.8 PSV      14 N      10  --  B1 D7 D8
B8  : T 115.73c W  99.83c S  14.99c (+86.1 L +86.6) LCB  106.15c P  1.37% WF  61.6 PSV      12 N      11  --  B8 D7 D6 E8
D2  : T 114.01c W  99.96c S  14.19c (+85.6 L +86.6) LCB   70.35c P  1.87% WF  22.8 PSV      12 N       4  --  D2 D7 D6
A8  : T 112.46c W 100.00c S  12.46c (+84.2 L +84.5) LCB -237.54c P  0.90% WF   6.0 PSV       5 N       1  --  A8
E8  : T 112.75c W 100.00c S  12.75c (+84.4 L +85.3) LCB -237.25c P  0.62% WF   5.9 PSV       3 N       1  --  E8

2024-05-09 22:04:13+0800: = D8
2024-05-09 22:04:21+0800: Controller: play b A6
2024-05-09 22:04:21+0800: = 
2024-05-09 22:04:21+0800: Controller: genmove w
2024-05-09 22:04:24+0800: MoveNum: 41 HASH: 1695EA05C63A6EF1F644580393BE48A2
   A B C D E F G H J
 9 . . . . . . . . .
 8 . . . O2. O . . .
 7 . X X . O . O . .
 6 X3O O @ . X O . .
 5 . O X X X X X O .
 4 . . O X . X O O O
 3 . . O O X X X O .
 2 . X . . O . X O .
 1 . . . O X X1. X .

koSIMPLEscoreAREAtaxNONEsui0whbNfpok1komi6.5
Time taken: 2.125
Root visits: 1220
New playouts: 1122
NN rows: 881
NN batches: 221
NN avg batch size: 3.98643
PV: D6 A3 B4 pass J1 J2 D2 J1
Tree:
: T 122.41c W  99.97c S  21.02c (+87.8 L +86.8) N    1220  --  D6 A3 B4 pass J1 J2 D2
---White(^)---
D6  : T 122.67c W  99.99c S  22.10c (+87.9 L +86.1) LCB  121.86c P 43.06% WF 4629.7 PSV    4615 N     646  --  D6 A3 B4 pass J1 J2 D2 J1
B4  : T 122.42c W  99.95c S  20.95c (+87.9 L +87.9) LCB  121.41c P 33.38% WF 3170.9 PSV    2381 N     472  --  B4 D6 D7 B3 D2 C1 B8 A4
D7  : T 121.85c W  99.92c S  18.08c (+87.0 L +87.1) LCB  119.06c P  9.57% WF 530.3 PSV     387 N      81  --  D7 B4 B3 D6 A4 A7
B3  : T 105.85c W  99.59c S   5.45c (+77.6 L +79.8) LCB   89.42c P  9.27% WF  38.2 PSV      28 N      12  --  B3 D6 D7 A5
A4  : T 117.06c W  99.84c S  16.35c (+86.0 L +87.3) LCB   87.68c P  2.38% WF  28.1 PSV      20 N       5  --  A4 D6 D7
A7  : T 117.65c W  99.99c S  17.67c (+85.2 L +87.4) LCB -232.35c P  0.51% WF   5.5 PSV       4 N       1  --  A7
C8  : T 112.13c W  99.95c S  12.18c (+82.9 L +85.7) LCB -237.87c P  0.45% WF   3.3 PSV       2 N       1  --  C8
B8  : T 102.83c W  99.51c S   3.32c (+77.3 L +80.4) LCB -247.17c P  0.31% WF   2.0 PSV       0 N       1  --  B8

2024-05-09 22:04:24+0800: = D6
2024-05-09 22:04:30+0800: Controller: play b C8
2024-05-09 22:04:30+0800: = 
2024-05-09 22:04:31+0800: Controller: genmove w
2024-05-09 22:04:33+0800: MoveNum: 43 HASH: 90FF0179C08A0F529FD9B610A22D94DE
   A B C D E F G H J
 9 . . . . . . . . .
 8 . . X3O . O . . .
 7 . X X . O . O . .
 6 X1O O O2. X O . .
 5 @ O X X X X X O .
 4 . . O X . X O O O
 3 . . O O X X X O .
 2 . X . . O . X O .
 1 . . . O X X . X .

koSIMPLEscoreAREAtaxNONEsui0whbNfpok1komi6.5
Time taken: 2.11
Root visits: 966
New playouts: 933
NN rows: 880
NN batches: 220
NN avg batch size: 4
PV: A5 F2 D2 J2 D7
Tree:
: T 122.49c W  99.99c S  22.09c (+87.4 L +85.9) N     966  --  A5 F2 D2 J2 D7
---White(^)---
A5  : T 122.99c W  99.98c S  22.74c (+87.9 L +86.4) LCB  121.58c P  5.73% WF 844.9 PSV    1580 N     117  --  A5 F2 D2 J2 D7
B3  : T 122.68c W 100.00c S  22.47c (+87.6 L +85.9) LCB  121.14c P  8.12% WF 941.6 PSV     940 N     130  --  B3 pass A2
D2  : T 122.45c W 100.00c S  22.11c (+87.5 L +85.9) LCB  120.57c P 11.60% WF 847.8 PSV     822 N     118  --  D2 pass F2 G1 B3
B4  : T 122.44c W 100.00c S  22.01c (+87.5 L +85.6) LCB  120.06c P  9.80% WF 689.6 PSV     684 N      96  --  B4 pass C2 F2 D2
C9  : T 122.88c W  99.98c S  22.24c (+87.3 L +85.9) LCB  121.44c P  2.65% WF 576.8 PSV     575 N      80  --  C9 B9 A8 D9 D7 A7
C2  : T 122.93c W  99.99c S  22.63c (+87.7 L +86.2) LCB  120.83c P  3.29% WF 442.9 PSV     442 N      61  --  C2 F2 C1 D2 B3
D7  : T 122.40c W  99.99c S  21.99c (+87.3 L +85.7) LCB  120.42c P  6.47% WF 441.3 PSV     422 N      62  --  D7 F2 D2 A4
A4  : T 122.72c W  99.99c S  22.46c (+87.5 L +85.8) LCB  120.56c P  2.16% WF 309.9 PSV     279 N      43  --  A4 J2 C2
B1  : T 122.37c W  99.99c S  21.81c (+87.2 L +85.7) LCB  120.18c P  3.59% WF 299.4 PSV     223 N      42  --  B1 A1 B3
B9  : T 122.72c W  99.98c S  22.37c (+87.6 L +86.0) LCB  119.53c P  2.81% WF 180.0 PSV     165 N      25  --  B9 C9 B3

2024-05-09 22:04:33+0800: = A5
2024-05-09 22:04:44+0800: Controller: play b B3
2024-05-09 22:04:44+0800: = 
2024-05-09 22:04:44+0800: Controller: genmove w
2024-05-09 22:04:46+0800: MoveNum: 45 HASH: 5CDE384147083A82807A12BBAE13A75C
   A B C D E F G H J
 9 . . . . . . . . .
 8 . . X1O . O . . .
 7 . X X . O . O . .
 6 X O O O . X O . .
 5 O2O X X X X X O .
 4 . @ O X . X O O O
 3 . X3O O X X X O .
 2 . X . . O . X O .
 1 . . . O X X . X .

koSIMPLEscoreAREAtaxNONEsui0whbNfpok1komi6.5
Time taken: 2.031
Root visits: 1020
New playouts: 1014
NN rows: 921
NN batches: 231
NN avg batch size: 3.98701
PV: B4 C1 D2 C2 A3 D7 E6 J2
Tree:
: T 122.13c W  99.99c S  19.17c (+87.3 L +85.7) N    1020  --  B4 C1 D2 C2 A3 D7 E6
---White(^)---
B4  : T 122.39c W  99.99c S  21.18c (+87.7 L +86.1) LCB  121.64c P 98.58% WF 7353.0 PSV    7343 N    1011  --  B4 C1 D2 C2 A3 D7 E6 J2
A4  : T  77.89c W 100.00c S -22.11c (+22.7 L +23.4) LCB -272.16c P  0.24% WF   5.7 PSV       0 N       1  --  A4
B1  : T  77.85c W 100.00c S -22.15c (+22.6 L +23.1) LCB -272.15c P  0.18% WF   5.6 PSV       0 N       1  --  B1
C2  : T  78.30c W  99.99c S -21.70c (+26.7 L +26.4) LCB -271.70c P  0.14% WF   4.9 PSV       0 N       1  --  C2
A3  : T  77.95c W 100.00c S -22.05c (+23.0 L +23.8) LCB -272.05c P  0.13% WF   5.8 PSV       0 N       1  --  A3
A2  : T  77.87c W 100.00c S -22.13c (+22.5 L +23.4) LCB -272.13c P  0.12% WF   5.7 PSV       0 N       1  --  A2
D2  : T  77.55c W 100.00c S -22.45c (+20.9 L +21.4) LCB -272.45c P  0.11% WF   5.5 PSV       0 N       1  --  D2
C1  : T  77.33c W 100.00c S -22.67c (+19.7 L +20.6) LCB -272.69c P  0.08% WF   5.4 PSV       0 N       1  --  C1
E6  : T  77.56c W 100.00c S -22.44c (+20.8 L +21.3) LCB -272.44c P  0.03% WF   3.7 PSV       0 N       1  --  E6

2024-05-09 22:04:46+0800: = B4
2024-05-09 22:04:54+0800: Controller: play b A7
2024-05-09 22:04:54+0800: = 
2024-05-09 22:04:54+0800: Controller: genmove w
2024-05-09 22:04:56+0800: MoveNum: 47 HASH: BC48F3513725A1282D2308275F863A0C
   A B C D E F G H J
 9 . . . . . . . . .
 8 . . X O . O . . .
 7 X3X X . O . O . .
 6 X O O O . X O . .
 5 O O X X X X X O .
 4 . O2O X . X O O O
 3 . X1O O X X X O .
 2 . X @ . O . X O .
 1 . . . O X X . X .

koSIMPLEscoreAREAtaxNONEsui0whbNfpok1komi6.5
Time taken: 2.031
Root visits: 1015
New playouts: 979
NN rows: 872
NN batches: 218
NN avg batch size: 4
PV: C2 F2 D2 B9
Tree:
: T 121.84c W  99.99c S  21.64c (+87.4 L +85.8) N    1015  --  C2 F2 D2 B9
---White(^)---
C2  : T 122.25c W 100.00c S  22.45c (+87.7 L +86.2) LCB  120.66c P  4.46% WF 746.9 PSV    1748 N     101  --  C2 F2 D2 B9
D2  : T 121.90c W 100.00c S  21.95c (+87.6 L +86.0) LCB  120.21c P 13.04% WF 1211.6 PSV    1211 N     165  --  D2 pass C9 pass B1
A8  : T 121.84c W 100.00c S  21.73c (+87.5 L +85.7) LCB  119.86c P 10.69% WF 782.0 PSV     783 N     109  --  A8 C9 D2 B8 A9
A3  : T 122.26c W  99.99c S  22.26c (+87.7 L +86.1) LCB  120.50c P  6.03% WF 532.3 PSV     531 N      73  --  A3 J2 D7 F2
D7  : T 121.65c W  99.99c S  21.52c (+87.4 L +85.7) LCB  118.92c P  8.52% WF 455.5 PSV     457 N      64  --  D7 pass C2 J2
J2  : T 122.70c W  99.99c S  22.24c (+87.7 L +86.4) LCB  120.21c P  3.65% WF 450.7 PSV     448 N      62  --  J2 F2 D2 D7 E6 B9
B1  : T 121.86c W  99.99c S  21.52c (+87.2 L +85.6) LCB  119.69c P  4.52% WF 406.2 PSV     385 N      56  --  B1 J2 A8 C2
D9  : T 122.03c W  99.99c S  21.89c (+87.5 L +85.6) LCB  119.50c P  2.35% WF 370.9 PSV     300 N      51  --  D9 J2 A8 pass
H6  : T 121.89c W  99.99c S  21.65c (+87.4 L +86.0) LCB  119.36c P  2.63% WF 340.9 PSV     238 N      48  --  H6 F2 D2 B9
C9  : T 121.72c W  99.98c S  21.25c (+87.0 L +85.4) LCB  118.83c P  3.33% WF 200.9 PSV     202 N      28  --  C9 B9 A8 D9 E8

2024-05-09 22:04:56+0800: = C2
2024-05-09 22:05:15+0800: Controller: play b F2
2024-05-09 22:05:15+0800: = 
2024-05-09 22:05:15+0800: Controller: genmove w
2024-05-09 22:05:17+0800: MoveNum: 49 HASH: 9FC66DF21BE5A11EC3B86FBFD4B332DA
   A B C D E F G H J
 9 . . . . . . . . .
 8 . . X O . O . . .
 7 X1X X . O . O . .
 6 X O O O . X O . .
 5 O O X X X X X O .
 4 . O O X . X O O O
 3 . X O O X X X O .
 2 . X O2. O X3X O .
 1 . @ . O X X . X .

koSIMPLEscoreAREAtaxNONEsui0whbNfpok1komi6.5
Time taken: 2.016
Root visits: 958
New playouts: 939
NN rows: 833
NN batches: 209
NN avg batch size: 3.98565
PV: B1 D2 C1 pass A8 pass E2
Tree:
: T 122.89c W 100.00c S  22.86c (+87.7 L +86.3) N     958  --  B1 D2 C1 pass A8 pass E2
---White(^)---
B1  : T 123.31c W 100.00c S  23.35c (+87.9 L +86.6) LCB  122.33c P  6.14% WF 1494.1 PSV    1504 N     200  --  B1 D2 C1 pass A8 pass E2
D7  : T 123.35c W 100.00c S  23.28c (+88.0 L +86.5) LCB  122.13c P 11.19% WF 1191.6 PSV    1186 N     160  --  D7 D2 C1 pass A8 pass
A8  : T 123.04c W  99.99c S  23.44c (+88.0 L +86.6) LCB  121.75c P  7.67% WF 1047.4 PSV     730 N     142  --  A8 C9 B1 B8
J1  : T 123.17c W 100.00c S  22.75c (+87.7 L +86.5) LCB  121.26c P  4.94% WF 378.3 PSV     378 N      52  --  J1 J2 C1 D2 D7
C1  : T 122.41c W 100.00c S  22.39c (+87.4 L +86.0) LCB  119.77c P  8.55% WF 376.9 PSV     335 N      51  --  C1 pass J1 J2 D7 D2
D2  : T 121.61c W 100.00c S  21.46c (+86.9 L +85.4) LCB  118.40c P 14.48% WF 348.4 PSV     325 N      50  --  D2 pass A8 J2 C9
A3  : T 122.81c W 100.00c S  22.48c (+87.4 L +86.0) LCB  120.64c P  3.61% WF 297.3 PSV     225 N      41  --  A3 J2 D7 D2
J2  : T 123.11c W 100.00c S  22.89c (+87.7 L +86.5) LCB  120.14c P  4.28% WF 255.4 PSV     205 N      35  --  J2 D2 C1 D7 E6
B9  : T 123.19c W 100.00c S  23.11c (+87.7 L +86.4) LCB  120.44c P  2.79% WF 266.1 PSV     184 N      36  --  B9 pass J1
E8  : T 122.70c W 100.00c S  22.38c (+87.3 L +85.9) LCB  119.90c P  3.43% WF 217.3 PSV     183 N      30  --  E8 pass B1

2024-05-09 22:05:17+0800: = B1
2024-05-09 22:05:20+0800: Controller: play b D2
2024-05-09 22:05:20+0800: = 
2024-05-09 22:05:20+0800: Controller: genmove w
2024-05-09 22:05:22+0800: MoveNum: 51 HASH: FB272A6E0A1C9EB0E41A0B2F4A0B214F
   A B C D E F G H J
 9 . . . . . . . . .
 8 . . X O . O . . .
 7 X X X . O . O . .
 6 X O O O . X O . .
 5 O O X X X X X O .
 4 . O O X . X O O O
 3 . X O O X X X O .
 2 . X O X3. X1X O .
 1 . O2@ O X X . X .

koSIMPLEscoreAREAtaxNONEsui0whbNfpok1komi6.5
Time taken: 2.015
Root visits: 1014
New playouts: 954
NN rows: 888
NN batches: 222
NN avg batch size: 4
PV: C1 D7 B9 E6 E2
Tree:
: T 123.51c W 100.00c S  23.34c (+88.2 L +86.7) N    1014  --  C1 D7 B9 E6 E2
---White(^)---
C1  : T 123.51c W 100.00c S  23.34c (+88.2 L +86.7) LCB  123.04c P 98.76% WF 7582.9 PSV    7583 N    1013  --  C1 D7 B9 E6 E2

2024-05-09 22:05:22+0800: = C1
2024-05-09 22:05:34+0800: Controller: play b D9
2024-05-09 22:05:34+0800: = 
2024-05-09 22:05:34+0800: Controller: genmove w
2024-05-09 22:05:36+0800: MoveNum: 53 HASH: D0771DF3A277A05EB084B2A0EF6B2031
   A B C D E F G H J
 9 . . . X3@ . . . .
 8 . . X O . O . . .
 7 X X X . O . O . .
 6 X O O O . X O . .
 5 O O X X X X X O .
 4 . O O X . X O O O
 3 . X O O X X X O .
 2 . X O X1. X X O .
 1 . O O2O X X . X .

koSIMPLEscoreAREAtaxNONEsui0whbNfpok1komi6.5
Time taken: 2.016
Root visits: 1091
New playouts: 984
NN rows: 865
NN batches: 217
NN avg batch size: 3.98618
PV: E9 C9 D7 pass B9
Tree:
: T 122.68c W 100.00c S  22.44c (+87.9 L +86.6) N    1091  --  E9 C9 D7 pass B9
---White(^)---
E9  : T 123.08c W 100.00c S  23.06c (+88.2 L +86.9) LCB  121.94c P  7.87% WF 895.8 PSV    1398 N     119  --  E9 C9 D7 pass B9
J1  : T 123.14c W 100.00c S  22.76c (+88.1 L +86.9) LCB  121.78c P  4.24% WF 905.0 PSV     901 N     122  --  J1 pass A8 J2 C9
A8  : T 122.84c W 100.00c S  22.73c (+88.0 L +86.7) LCB  121.33c P  9.50% WF 853.5 PSV     830 N     114  --  A8 E2 E9 D7
E2  : T 122.85c W 100.00c S  22.65c (+88.0 L +86.9) LCB  121.35c P  7.25% WF 854.6 PSV     648 N     116  --  E2 J2 A8 D7
D7  : T 122.63c W 100.00c S  22.61c (+88.1 L +86.7) LCB  120.85c P  9.26% WF 850.9 PSV     583 N     115  --  D7 C9 E9 pass B9
E8  : T 122.58c W 100.00c S  22.55c (+88.0 L +86.5) LCB  120.76c P  8.32% WF 754.0 PSV     487 N     101  --  E8 C9 A2
J2  : T 123.26c W 100.00c S  22.88c (+88.2 L +86.9) LCB  120.88c P  5.07% WF 484.6 PSV     325 N      65  --  J2 E6 E2 D7
A2  : T 122.18c W 100.00c S  21.43c (+87.2 L +86.0) LCB  120.13c P  6.47% WF 321.4 PSV     252 N      44  --  A2 J2 A8 E2
H6  : T 122.68c W 100.00c S  22.27c (+87.8 L +86.4) LCB  120.63c P  3.40% WF 382.8 PSV     230 N      52  --  H6 D7 E8 E6 A8 B8
A3  : T 122.55c W 100.00c S  22.05c (+87.7 L +86.2) LCB  120.55c P  3.99% WF 374.0 PSV     225 N      51  --  A3 J2 A8 D7

2024-05-09 22:05:36+0800: = E9
2024-05-09 22:05:48+0800: Controller: play b F7
2024-05-09 22:05:48+0800: = 
2024-05-09 22:05:48+0800: Controller: genmove w
2024-05-09 22:05:50+0800: MoveNum: 55 HASH: 01AA93954ABDE79D18FDE7CEB25DC40B
   A B C D E F G H J
 9 . . . X1O2. . . .
 8 . . X O . O . . .
 7 X X X @ O X3O . .
 6 X O O O . X O . .
 5 O O X X X X X O .
 4 . O O X . X O O O
 3 . X O O X X X O .
 2 . X O X . X X O .
 1 . O O O X X . X .

koSIMPLEscoreAREAtaxNONEsui0whbNfpok1komi6.5
Time taken: 2.016
Root visits: 1072
New playouts: 1057
NN rows: 929
NN batches: 233
NN avg batch size: 3.98712
PV: D7 E2 A8 J2 H6 G1
Tree:
: T 123.67c W  99.99c S  23.50c (+88.6 L +87.6) N    1072  --  D7 E2 A8 J2 H6 G1
---White(^)---
D7  : T 124.38c W 100.00c S  24.29c (+89.1 L +87.9) LCB  123.68c P 15.65% WF 3116.6 PSV    3088 N     410  --  D7 E2 A8 J2 H6 G1
A8  : T 123.68c W 100.00c S  23.70c (+88.6 L +87.6) LCB  122.60c P  8.88% WF 909.7 PSV     430 N     121  --  A8 pass C9 pass J2
C9  : T 123.41c W 100.00c S  23.43c (+88.4 L +87.3) LCB  122.29c P  9.51% WF 801.1 PSV     359 N     107  --  C9 B9 A8 D9 B8
G8  : T 122.56c W 100.00c S  22.36c (+87.7 L +86.7) LCB  120.57c P 13.67% WF 443.1 PSV     300 N      60  --  G8 pass E2 B9
E8  : T 122.77c W 100.00c S  22.53c (+87.9 L +86.8) LCB  120.21c P  7.14% WF 272.3 PSV     175 N      37  --  E8 pass J1
E6  : T 122.96c W 100.00c S  22.92c (+88.2 L +87.3) LCB  120.31c P  6.18% WF 271.9 PSV     169 N      37  --  E6 J2 H6 E2
H6  : T 123.61c W  99.97c S  22.86c (+88.4 L +87.9) LCB  121.43c P  3.13% WF 746.8 PSV     141 N     101  --  H6 B9 A8 pass C9 pass
B9  : T 123.46c W  99.99c S  23.50c (+88.3 L +87.5) LCB  121.36c P  3.73% WF 207.2 PSV     114 N      28  --  B9 C9 J2
J2  : T 123.34c W  99.93c S  23.23c (+88.5 L +88.2) LCB  120.17c P  4.17% WF 211.3 PSV     112 N      30  --  J2 G8 D7 H7
E2  : T 122.73c W  99.95c S  22.09c (+88.1 L +88.4) LCB  118.50c P  4.36% WF 171.3 PSV     104 N      25  --  E2 G8 E6 H8

2024-05-09 22:05:50+0800: = D7
2024-05-09 22:06:17+0800: Controller: play b C9
2024-05-09 22:06:17+0800: = 
2024-05-09 22:06:17+0800: Controller: genmove w
2024-05-09 22:06:19+0800: MoveNum: 57 HASH: 5D6E4A42F9513CD8BFA58E1BF7B303A9
   A B C D E F G H J
 9 . @ X3X O . . . .
 8 . . X O . O . . .
 7 X X X O2O X1O . .
 6 X O O O . X O . .
 5 O O X X X X X O .
 4 . O O X . X O O O
 3 . X O O X X X O .
 2 . X O X . X X O .
 1 . O O O X X . X .

koSIMPLEscoreAREAtaxNONEsui0whbNfpok1komi6.5
Time taken: 2.016
Root visits: 1032
New playouts: 998
NN rows: 864
NN batches: 216
NN avg batch size: 4
PV: B9 pass J1 J2 G8 pass
Tree:
: T 121.99c W 100.00c S  21.67c (+88.5 L +87.4) N    1032  --  B9 pass J1 J2 G8 pass
---White(^)---
B9  : T 122.94c W 100.00c S  23.06c (+89.2 L +87.9) LCB  121.86c P 10.08% WF 1567.6 PSV    3143 N     206  --  B9 pass J1 J2 G8 pass
A8  : T 122.47c W 100.00c S  22.45c (+88.8 L +87.6) LCB  121.42c P 10.44% WF 1841.1 PSV    1831 N     244  --  A8 pass J1 pass G1
J1  : T 122.15c W 100.00c S  21.74c (+88.4 L +87.4) LCB  120.66c P  5.74% WF 1066.2 PSV     456 N     145  --  J1 J2 H6 pass J3 pass
E2  : T 120.86c W  99.98c S  18.59c (+87.8 L +87.1) LCB  116.82c P 10.49% WF 543.5 PSV     263 N      76  --  E2 J2 D2 H6
B8  : T 121.42c W 100.00c S  21.53c (+88.3 L +87.1) LCB  119.09c P  5.68% WF 405.6 PSV     203 N      55  --  B8 pass B9 pass A8
J2  : T 121.29c W 100.00c S  20.85c (+88.0 L +86.8) LCB  116.17c P  6.62% WF 216.5 PSV     148 N      29  --  J2 pass B9
E8  : T 120.98c W 100.00c S  20.46c (+87.6 L +86.6) LCB  117.28c P  5.31% WF 189.6 PSV     142 N      26  --  E8 pass J1
A2  : T 120.85c W 100.00c S  20.86c (+87.9 L +87.0) LCB  117.15c P  5.53% WF 189.3 PSV     138 N      26  --  A2 J2 H6 pass
H6  : T 120.44c W 100.00c S  20.35c (+87.7 L +86.5) LCB  114.32c P  5.47% WF 132.2 PSV     112 N      18  --  H6 pass J1
A3  : T 120.71c W 100.00c S  20.57c (+87.8 L +86.7) LCB  115.22c P  4.41% WF 130.1 PSV     102 N      18  --  A3 pass B9

2024-05-09 22:06:19+0800: = B9
2024-05-09 22:06:50+0800: Controller: play b H8
2024-05-09 22:06:50+0800: = 
2024-05-09 22:06:50+0800: Controller: genmove w
2024-05-09 22:06:52+0800: MoveNum: 59 HASH: 441F961ABB44C274C96A908D695DF484
   A B C D E F G H J
 9 . O2X1X O . . . .
 8 . . X O @ O . X3.
 7 X X X O O X O . .
 6 X O O O . X O . .
 5 O O X X X X X O .
 4 . O O X . X O O O
 3 . X O O X X X O .
 2 . X O X . X X O .
 1 . O O O X X . X .

koSIMPLEscoreAREAtaxNONEsui0whbNfpok1komi6.5
Time taken: 2.015
Root visits: 997
New playouts: 992
NN rows: 832
NN batches: 208
NN avg batch size: 4
PV: E8 pass G8 J2 H6
Tree:
: T 122.78c W  99.98c S  22.88c (+89.3 L +88.5) N     997  --  E8 pass G8 J2 H6
---White(^)---
E8  : T 123.32c W  99.97c S  23.48c (+89.6 L +89.1) LCB  121.89c P  2.21% WF 955.4 PSV    2525 N     130  --  E8 pass G8 J2 H6
H6  : T 123.06c W 100.00c S  22.98c (+89.4 L +88.6) LCB  121.76c P 11.27% WF 1766.2 PSV    1760 N     235  --  H6 E2 A8 J2 G8 pass
G8  : T 122.52c W 100.00c S  22.51c (+89.0 L +87.9) LCB  121.21c P 26.89% WF 1325.2 PSV    1331 N     177  --  G8 G1 A8 pass
J2  : T 123.03c W  99.97c S  23.28c (+89.6 L +88.5) LCB  120.47c P 13.52% WF 715.4 PSV     714 N      96  --  J2 pass H6 pass J1
H7  : T 122.37c W 100.00c S  22.72c (+89.0 L +88.0) LCB  120.89c P 14.51% WF 741.2 PSV     670 N     100  --  H7 pass J1 J2 A8
J6  : T 122.67c W  99.90c S  22.74c (+89.3 L +88.5) LCB  118.75c P  4.07% WF 334.3 PSV     268 N      45  --  J6 J2 H7 pass
J8  : T 122.36c W 100.00c S  22.36c (+88.8 L +88.0) LCB  119.77c P  5.23% WF 292.5 PSV     238 N      40  --  J8 pass J2
A8  : T 124.19c W  99.96c S  23.68c (+90.1 L +90.3) LCB  120.70c P  2.29% WF 218.6 PSV     217 N      30  --  A8 G8 H6 J6 J2
G9  : T 123.05c W  99.97c S  23.20c (+89.3 L +88.6) LCB  120.79c P  2.07% WF 308.2 PSV     210 N      42  --  G9 H6 G8 J2 H7
H9  : T 122.71c W  99.96c S  23.07c (+89.2 L +88.6) LCB  120.55c P  2.86% WF 341.8 PSV     202 N      47  --  H9 G8 H6 G9 J2

2024-05-09 22:06:52+0800: = E8
2024-05-09 22:06:56+0800: Controller: play b G8
2024-05-09 22:06:56+0800: = 
2024-05-09 22:06:56+0800: Controller: genmove w
2024-05-09 22:06:58+0800: MoveNum: 61 HASH: 688DA78433BA2451FB270D3C52A381C4
   A B C D E F G H J
 9 . O X X O . . . .
 8 . . X O O2O X3X1.
 7 X X X O O X O . .
 6 X O O O . X O @ .
 5 O O X X X X X O .
 4 . O O X . X O O O
 3 . X O O X X X O .
 2 . X O X . X X O .
 1 . O O O X X . X .

koSIMPLEscoreAREAtaxNONEsui0whbNfpok1komi6.5
Time taken: 2.032
Root visits: 1069
New playouts: 1049
NN rows: 849
NN batches: 213
NN avg batch size: 3.98592
PV: H6 pass J1 pass G1 B8
Tree:
: T 121.89c W  99.99c S  21.51c (+90.3 L +90.1) N    1069  --  H6 pass J1 pass G1 B8
---White(^)---
H6  : T 122.14c W 100.00c S  22.18c (+90.5 L +90.4) LCB  121.62c P 46.79% WF 5589.7 PSV    5570 N     761  --  H6 pass J1 pass G1 B8
H7  : T 121.31c W  99.97c S  19.10c (+89.7 L +89.1) LCB  119.43c P 22.84% WF 1024.6 PSV     857 N     144  --  H7 pass J7 B8 A8
J6  : T 121.24c W  99.98c S  21.01c (+89.9 L +89.4) LCB  119.61c P 23.20% WF 1010.5 PSV     826 N     141  --  J6 pass H7 B8 A8
J7  : T 121.23c W  99.93c S  20.14c (+89.9 L +89.6) LCB  116.61c P  6.71% WF 150.2 PSV     152 N      22  --  J7 H6 H7 J8 J6

2024-05-09 22:06:58+0800: = H6
2024-05-09 22:07:36+0800: Controller: play b J7
2024-05-09 22:07:36+0800: = 
2024-05-09 22:07:36+0800: Controller: genmove w
2024-05-09 22:07:38+0800: MoveNum: 63 HASH: C76B45E97FEC9791BA50C0C9942D7AA5
   A B C D E F G H J
 9 . O X X O . . . .
 8 . . X O O O X1X @
 7 X X X O O X O . X3
 6 X O O O . X O O2.
 5 O O X X X X X O .
 4 . O O X . X O O O
 3 . X O O X X X O .
 2 . X O X . X X O .
 1 . O O O X X . X .

koSIMPLEscoreAREAtaxNONEsui0whbNfpok1komi6.5
Time taken: 2.031
Root visits: 1249
New playouts: 1233
NN rows: 904
NN batches: 226
NN avg batch size: 4
PV: J8 H7 J2 J6 G9 J9 F9
Tree:
: T 121.96c W  99.99c S  21.49c (+91.2 L +91.4) N    1249  --  J8 H7 J2 J6 G9 J9 F9
---White(^)---
J8  : T 122.12c W 100.00c S  22.07c (+91.3 L +91.6) LCB  121.14c P  6.37% WF 1658.3 PSV    2871 N     233  --  J8 H7 J2 J6 G9 J9 F9
G9  : T 121.87c W 100.00c S  21.68c (+90.9 L +90.7) LCB  121.02c P 17.52% WF 1841.5 PSV    1844 N     251  --  G9 pass J8 H7 J6
H7  : T 121.93c W 100.00c S  21.86c (+91.0 L +90.9) LCB  121.04c P  9.46% WF 1277.1 PSV    1136 N     176  --  H7 J2 J8 J6 J5 J7 G9
J2  : T 122.16c W 100.00c S  22.14c (+91.2 L +91.1) LCB  120.08c P 16.24% WF 1014.1 PSV     968 N     136  --  J2 E2 G9 H9 J1
J6  : T 120.65c W 100.00c S  20.66c (+90.3 L +90.2) LCB  119.24c P 27.93% WF 842.6 PSV     840 N     117  --  J6 H7 J9 J2 H9
E2  : T 123.50c W  99.98c S  22.86c (+92.3 L +93.2) LCB  121.06c P  1.75% WF 457.6 PSV     451 N      64  --  E2 J2 J6 H7 G9 H9
A8  : T 122.01c W  99.97c S  19.01c (+91.3 L +92.3) LCB  118.26c P  2.69% WF 648.1 PSV     397 N      90  --  A8 J2 J6 E2 H7
J9  : T 122.59c W  99.98c S  21.56c (+91.8 L +92.6) LCB  119.57c P  2.04% WF 385.6 PSV     384 N      55  --  J9 J6 J2 H7 G9
F9  : T 122.25c W 100.00c S  22.04c (+91.2 L +91.7) LCB  119.26c P  3.47% WF 274.7 PSV     255 N      38  --  F9 pass J2 J6
H9  : T 121.67c W  99.98c S  22.10c (+91.8 L +92.6) LCB  118.04c P  3.36% WF 275.2 PSV     251 N      40  --  H9 G9 H7 J6 J2 J8

2024-05-09 22:07:38+0800: = J8
2024-05-09 22:07:39+0800: Controller: play b J9
2024-05-09 22:07:39+0800: = 
2024-05-09 22:07:39+0800: Controller: genmove w
2024-05-09 22:07:41+0800: MoveNum: 65 HASH: 3D51B8E05652D4B1FB0EBDAFB265F939
   A B C D E F G H J
 9 . O X X O . . . X3
 8 . . X O O O X X .2
 7 X X X O O X O @ X1
 6 X O O O . X O O .
 5 O O X X X X X O .
 4 . O O X . X O O O
 3 . X O O X X X O .
 2 . X O X . X X O .
 1 . O O O X X . X .

koSIMPLEscoreAREAtaxNONEsui0whbNfpok1komi6.5
Time taken: 2.015
Root visits: 1379
New playouts: 1351
NN rows: 977
NN batches: 245
NN avg batch size: 3.98776
PV: H7 J6 G9 E4 E6 B8 A8
Tree:
: T 120.55c W  99.99c S  20.40c (+90.6 L +90.6) N    1379  --  H7 J6 G9 E4 E6 B8 A8
---White(^)---
H7  : T 120.89c W  99.98c S  20.68c (+90.9 L +91.0) LCB  120.05c P 23.08% WF 4245.2 PSV    5104 N     598  --  H7 J6 G9 E4 E6 B8 A8
G9  : T 120.50c W  99.99c S  20.54c (+90.5 L +90.2) LCB  119.50c P 31.70% WF 3112.0 PSV    2636 N     428  --  G9 E4 F9 pass E2
J6  : T 120.57c W 100.00c S  20.16c (+90.3 L +90.3) LCB  118.84c P 16.81% WF 1261.4 PSV    1264 N     174  --  J6 G9 H7 J8 F9 B8 A8
J2  : T 120.69c W  99.99c S  21.08c (+90.7 L +90.9) LCB  118.30c P 18.85% WF 1147.7 PSV     933 N     159  --  J2 H7 G9 J6 E2 G1 F9 J1
F9  : T 110.55c W  99.89c S  14.63c (+88.4 L +90.1) LCB  -58.24c P  2.39% WF  11.4 PSV      12 N       2  --  F9 G9
E2  : T 108.87c W  99.99c S   8.87c (+85.0 L +88.4) LCB -241.13c P  1.20% WF   4.9 PSV       5 N       1  --  E2
E6  : T 108.13c W 100.00c S   8.13c (+84.7 L +87.0) LCB -241.87c P  0.94% WF   5.2 PSV       4 N       1  --  E6
H9  : T 112.52c W 100.00c S  12.52c (+86.5 L +89.3) LCB -237.48c P  0.59% WF   5.8 PSV       4 N       1  --  H9
A8  : T 106.53c W  99.87c S  11.27c (+86.8 L +89.5) LCB  -49.56c P  0.98% WF  12.1 PSV       3 N       2  --  A8 G9
B8  : T 105.72c W  99.86c S  10.50c (+86.3 L +89.3) LCB  -50.05c P  0.91% WF  12.1 PSV       3 N       2  --  B8 G9

2024-05-09 22:07:41+0800: = H7
2024-05-09 22:08:02+0800: Controller: play b E6
2024-05-09 22:08:02+0800: = 
2024-05-09 22:08:02+0800: Controller: genmove w
2024-05-09 22:08:04+0800: MoveNum: 67 HASH: 946D2623F15483E2057499D841402F2F
   A B C D E F G H J
 9 @ O X X O . . . X1
 8 . . X O O O X X .
 7 X X X O O X O O2X
 6 X O O O X3X O O .
 5 O O X X X X X O .
 4 . O O X . X O O O
 3 . X O O X X X O .
 2 . X O X . X X O .
 1 . O O O X X . X .

koSIMPLEscoreAREAtaxNONEsui0whbNfpok1komi6.5
Time taken: 2.016
Root visits: 1086
New playouts: 1084
NN rows: 889
NN batches: 223
NN avg batch size: 3.98655
PV: A9 H9 J1 J2 J6
Tree:
: T 121.71c W  99.99c S  21.78c (+91.0 L +91.2) N    1086  --  A9 H9 J1 J2 J6
---White(^)---
A9  : T 122.52c W 100.00c S  22.80c (+91.3 L +91.2) LCB  120.95c P  2.64% WF 1094.3 PSV    2327 N     149  --  A9 H9 J1 J2 J6
E2  : T 121.74c W  99.99c S  20.88c (+91.1 L +91.7) LCB  120.00c P  7.35% WF 1200.2 PSV    1200 N     167  --  E2 J2 G9 D2 F9 E2
A3  : T 121.98c W 100.00c S  21.99c (+90.9 L +91.3) LCB  120.50c P  3.46% WF 872.0 PSV     870 N     119  --  A3 J6 G9 J2 A2
A4  : T 122.77c W  99.99c S  23.16c (+91.7 L +92.0) LCB  120.85c P  2.00% WF 790.8 PSV     782 N     107  --  A4 pass J2 E2
A8  : T 121.57c W  99.99c S  22.01c (+91.0 L +91.2) LCB  120.06c P  7.23% WF 734.6 PSV     737 N     100  --  A8 pass B8 pass
G9  : T 120.74c W 100.00c S  20.84c (+90.1 L +90.0) LCB  119.30c P 20.51% WF 702.1 PSV     711 N      96  --  G9 pass A3 E2
B8  : T 121.86c W  99.99c S  22.51c (+91.4 L +91.4) LCB  120.41c P  6.18% WF 620.4 PSV     620 N      86  --  B8 pass J1 J6
J2  : T 121.33c W 100.00c S  21.14c (+90.3 L +90.1) LCB  118.61c P 12.57% WF 459.0 PSV     462 N      62  --  J2 pass E2 B8
J1  : T 121.44c W  99.99c S  22.35c (+91.6 L +92.2) LCB  118.75c P  5.30% WF 422.6 PSV     418 N      60  --  J1 G9 J6 J2 J8
J6  : T 118.95c W 100.00c S  18.85c (+89.0 L +89.3) LCB  116.38c P 19.27% WF 282.0 PSV     290 N      39  --  J6 E2 J2 B8

2024-05-09 22:08:04+0800: = A9
2024-05-09 22:08:15+0800: Controller: play b A1
2024-05-09 22:08:15+0800: = 
2024-05-09 22:08:15+0800: Controller: genmove w
2024-05-09 22:08:17+0800: MoveNum: 69 HASH: 8701C76FDA9D2D8CD2E7E79C33A2E5C4
   A B C D E F G H J
 9 O2O X X O . . . X
 8 . . X O O O X X .
 7 X X X O O X O O X
 6 X O O O X1X O O .
 5 O O X X X X X O .
 4 . O O X . X O O O
 3 . X O O X X X O .
 2 . X O X @ X X O .
 1 X3O O O X X . X .

koSIMPLEscoreAREAtaxNONEsui0whbNfpok1komi6.5
Time taken: 2.015
Root visits: 1047
New playouts: 1045
NN rows: 849
NN batches: 213
NN avg batch size: 3.98592
PV: E2 H9 J1 J2 J6
Tree:
: T 120.37c W  99.98c S  20.25c (+91.0 L +91.5) N    1047  --  E2 H9 J1 J2 J6
---White(^)---
E2  : T 120.76c W  99.99c S  20.67c (+91.2 L +91.6) LCB  119.63c P 10.77% WF 2325.7 PSV    2314 N     327  --  E2 H9 J1 J2 J6
A2  : T 120.69c W  99.99c S  20.62c (+91.0 L +91.4) LCB  119.56c P 13.93% WF 1382.5 PSV    1378 N     192  --  A2 J2 G9 pass J6 J3
G9  : T 119.70c W 100.00c S  19.78c (+90.3 L +90.7) LCB  118.01c P 19.06% WF 715.4 PSV     683 N     100  --  G9 J6 J2 pass
B8  : T 120.69c W  99.95c S  20.30c (+91.3 L +92.0) LCB  118.89c P  4.15% WF 944.4 PSV     681 N     138  --  B8 H9 A8 pass
A3  : T 120.41c W  99.97c S  20.22c (+91.0 L +91.7) LCB  118.27c P  5.55% WF 433.3 PSV     434 N      62  --  A3 G9 J2 J6 A2
A8  : T 120.49c W  99.97c S  20.48c (+91.2 L +91.8) LCB  118.55c P  4.44% WF 560.1 PSV     418 N      84  --  A8 pass G9 B8 A9 J6
J2  : T 119.52c W 100.00c S  19.17c (+90.0 L +90.3) LCB  116.16c P 14.90% WF 324.7 PSV     302 N      45  --  J2 pass A2 G9
J6  : T 117.44c W  99.98c S  17.71c (+89.4 L +89.5) LCB  113.90c P 18.27% WF 255.9 PSV     235 N      37  --  J6 E2 A2 G9
J1  : T 120.35c W  99.91c S  20.36c (+91.9 L +93.6) LCB  115.35c P  3.15% WF 164.5 PSV     165 N      27  --  J1 J6 G9 J2 F9
H9  : T 120.13c W  99.97c S  20.05c (+90.8 L +92.1) LCB  116.87c P  2.55% WF 174.2 PSV     138 N      26  --  H9 G9 A2 J2

2024-05-09 22:08:17+0800: = E2
2024-05-09 22:08:31+0800: Controller: play b G9
2024-05-09 22:08:31+0800: = 
2024-05-09 22:08:31+0800: Controller: genmove w
2024-05-09 22:08:33+0800: MoveNum: 71 HASH: B97967E38783267E47721D4AF2243A7C
   A B C D E F G H J
 9 O O X X O . X3. X
 8 . . X O O O X X .
 7 X X X O O X O O X
 6 X O O O X X O O .
 5 O O X X X X X O .
 4 @ O O X . X O O O
 3 . X O O X X X O .
 2 . X O . O2X X O .
 1 X1O O O X X . X .

koSIMPLEscoreAREAtaxNONEsui0whbNfpok1komi6.5
Time taken: 2.032
Root visits: 1058
New playouts: 1030
NN rows: 856
NN batches: 214
NN avg batch size: 4
PV: A4 J2 J6 H9 J8 D2
Tree:
: T 119.79c W  99.96c S  17.88c (+90.4 L +90.8) N    1058  --  A4 J2 J6 H9 J8 D2
---White(^)---
A4  : T 120.88c W  99.96c S  19.50c (+91.1 L +91.8) LCB  118.02c P  3.62% WF 869.5 PSV    1938 N     123  --  A4 J2 J6 H9 J8 D2
A8  : T 119.99c W  99.98c S  19.59c (+90.7 L +91.1) LCB  117.80c P  6.22% WF 1159.9 PSV    1157 N     167  --  A8 J2 J6 H9 B8 pass D2 pass
A2  : T 119.67c W  99.96c S  16.93c (+90.2 L +90.5) LCB  117.05c P 14.94% WF 996.0 PSV     998 N     141  --  A2 J2 J6 H9 J8 pass
J2  : T 119.75c W  99.99c S  19.74c (+90.5 L +90.8) LCB  116.76c P 23.78% WF 1073.7 PSV     977 N     149  --  J2 E4 J6 pass J8
J6  : T 119.02c W  99.99c S  19.06c (+90.1 L +90.2) LCB  117.09c P 24.48% WF 900.9 PSV     910 N     128  --  J6 H9 J1 J2 A2
B8  : T 119.94c W  99.96c S  16.61c (+90.3 L +90.7) LCB  116.76c P  4.24% WF 923.6 PSV     665 N     136  --  B8 J2 J6 H9 A8 pass D2 pass
F9  : T 120.60c W  99.93c S  18.44c (+90.9 L +91.1) LCB  117.83c P  0.99% WF 667.3 PSV     662 N     100  --  F9 J2 J6 J8 H9 pass D2
A3  : T 119.00c W  99.94c S  14.46c (+89.4 L +90.1) LCB  113.39c P  7.20% WF 342.9 PSV     300 N      49  --  A3 J2 J6 H9 A2 pass
J1  : T 119.20c W  99.92c S  18.17c (+90.5 L +91.6) LCB  113.74c P  3.45% WF 191.9 PSV     171 N      33  --  J1 J6 J2 D2 A2 J8 F9
D2  : T 115.91c W  99.57c S  11.98c (+87.9 L +89.2) LCB  105.64c P 10.48% WF 152.6 PSV     128 N      28  --  D2 J2 J6 F9 A2 J3

2024-05-09 22:08:33+0800: = A4
2024-05-09 22:08:37+0800: Controller: play b F9
2024-05-09 22:08:37+0800: = 
2024-05-09 22:08:37+0800: Controller: genmove w
2024-05-09 22:08:39+0800: MoveNum: 73 HASH: 7CAF1862862DCD06D0872F87E762CA10
   A B C D E F G H J
 9 O O X X O X3X1. X
 8 @ . X O O O X X .
 7 X X X O O X O O X
 6 X O O O X X O O .
 5 O O X X X X X O .
 4 O2O O X . X O O O
 3 . X O O X X X O .
 2 . X O . O X X O .
 1 X O O O X X . X .

koSIMPLEscoreAREAtaxNONEsui0whbNfpok1komi6.5
Time taken: 2.031
Root visits: 1066
New playouts: 1062
NN rows: 841
NN batches: 211
NN avg batch size: 3.98578
PV: A8 J2 J6 J8 B8 pass D2 pass
Tree:
: T 118.41c W  99.96c S  16.07c (+89.7 L +89.8) N    1066  --  A8 J2 J6 J8 B8 pass D2
---White(^)---
A8  : T 118.82c W  99.95c S  16.21c (+89.8 L +89.9) LCB  116.54c P  6.70% WF 1189.7 PSV    2066 N     176  --  A8 J2 J6 J8 B8 pass D2 pass
B8  : T 118.68c W  99.95c S  16.04c (+89.8 L +89.8) LCB  116.36c P  6.82% WF 1619.5 PSV    1614 N     236  --  B8 J2 J6 J8 A8 J1 H9 pass
J2  : T 118.52c W  99.99c S  18.29c (+90.1 L +90.2) LCB  115.41c P 25.34% WF 1200.2 PSV    1105 N     168  --  J2 E4 G1 pass A8
A2  : T 118.51c W  99.97c S  14.20c (+89.3 L +89.4) LCB  115.31c P 18.34% WF 960.6 PSV     960 N     136  --  A2 J2 J6 J8 H9 pass J3
J6  : T 116.58c W  99.99c S  16.60c (+89.2 L +88.8) LCB  114.08c P 30.64% WF 698.1 PSV     715 N     104  --  J6 J8 H9 pass A8 B8
A3  : T 118.47c W  99.97c S  16.79c (+90.0 L +90.0) LCB  115.72c P  5.44% WF 775.5 PSV     685 N     113  --  A3 J2 J6 J8 H9 pass A2
pss : T 118.93c W  99.96c S  16.77c (+90.1 L +90.1) LCB  115.86c P  1.51% WF 641.9 PSV     639 N      94  --  pass J2 J6 J8 H9 pass A8
J1  : T 117.55c W  99.86c S  13.89c (+89.3 L +89.7) LCB  111.82c P  4.59% WF 224.8 PSV     186 N      37  --  J1 D2 A2 J6 J2 J5
J5  : T  42.87c W  64.44c S -21.57c (+22.9 L +26.2) LCB -307.24c P  0.50% WF   0.5 PSV       0 N       1  --  J5

2024-05-09 22:08:39+0800: = A8
2024-05-09 22:08:43+0800: Controller: play b A3
2024-05-09 22:08:43+0800: = 
2024-05-09 22:08:43+0800: Controller: genmove w
2024-05-09 22:08:45+0800: MoveNum: 75 HASH: F44E6732C5A7A03B74C0740A0F86D7B3
   A B C D E F G H J
 9 O O X X O X1X . X
 8 O2@ X O O O X X .
 7 X X X O O X O O X
 6 X O O O X X O O .
 5 O O X X X X X O .
 4 O O O X . X O O O
 3 X3X O O X X X O .
 2 . X O . O X X O .
 1 X O O O X X . X .

koSIMPLEscoreAREAtaxNONEsui0whbNfpok1komi6.5
Time taken: 2.031
Root visits: 973
New playouts: 970
NN rows: 856
NN batches: 214
NN avg batch size: 4
PV: B8 J2 J6 J8 A7 pass H9 G1
Tree:
: T 116.09c W  99.84c S  14.17c (+89.0 L +89.0) N     973  --  B8 J2 J6 J8 A7 pass H9
---White(^)---
B8  : T 116.62c W  99.98c S  15.25c (+89.4 L +89.3) LCB  115.42c P 44.40% WF 4664.5 PSV    5649 N     629  --  B8 J2 J6 J8 A7 pass H9 G1
A2  : T 115.58c W  99.97c S  13.71c (+88.7 L +88.6) LCB  113.81c P 55.52% WF 2357.5 PSV    2165 N     337  --  A2 J2 J6 J8 B8 pass H9 pass
J2  : T -133.98c W -98.20c S -35.78c (-37.0 L -36.5) LCB -484.01c P  0.03% WF   1.8 PSV       0 N       1  --  J2
J6  : T -134.49c W -98.61c S -35.88c (-37.4 L -36.5) LCB -484.49c P  0.02% WF   1.3 PSV       0 N       1  --  J6
pss : T -136.06c W -99.16c S -36.90c (-53.6 L -52.7) LCB -486.06c P  0.01% WF   0.8 PSV       0 N       1  --  pass
J1  : T -136.63c W -99.62c S -37.01c (-57.0 L -55.0) LCB -486.63c P  0.01% WF   0.4 PSV       0 N       1  --  J1
J5  : T -137.20c W -99.98c S -37.22c (-60.7 L -59.0) LCB -487.21c P  0.01% WF   0.4 PSV       0 N       1  --  J5
J3  : T -137.03c W -99.76c S -37.27c (-62.4 L -61.0) LCB -487.04c P  0.00% WF   0.3 PSV       0 N       1  --  J3

2024-05-09 22:08:45+0800: = B8
