2024-03-18 14:41:30+0800: Running with following config:
allowResignation = true
friendlyPassOk = true
hasButton = false
koRule = SIMPLE
lagBuffer = 1.0
logAllGTPCommunication = true
logDir = gtp_logs
logSearchInfo = true
logToStderr = false
multiStoneSuicideLegal = false
nnCacheSizePowerOfTwo = 20
nnMutexPoolSizePowerOfTwo = 16
numNNServerThreadsPerModel = 1
numSearchThreads = 8
openclDeviceToUseThread0 = 0
ponderingEnabled = false
resignConsecTurns = 3
resignThreshold = -0.90
scoringRule = AREA
searchFactorAfterOnePass = 0.50
searchFactorAfterTwoPass = 0.25
searchFactorWhenWinning = 0.40
searchFactorWhenWinningThreshold = 0.95
taxRule = NONE
whiteHandicapBonus = N

2024-03-18 14:41:30+0800: GTP Engine starting...
2024-03-18 14:41:30+0800: KataGo v1.13.0
2024-03-18 14:41:30+0800: Using Chinese rules initially, unless GTP/GUI overrides this
2024-03-18 14:41:30+0800: Using 8 CPU thread(s) for search
2024-03-18 14:41:30+0800: nnRandSeed0 = 3100966695507348758
2024-03-18 14:41:30+0800: After dedups: nnModelFile0 = F:\homework\毕业设计\katago-v1.13.0-opencl-windows-x64\model.bin useFP16 auto useNHWC auto
2024-03-18 14:41:30+0800: Initializing neural net buffer to be size 19 * 19 exactly
2024-03-18 14:41:31+0800: Found OpenCL Platform 0: NVIDIA CUDA (NVIDIA Corporation) (OpenCL 3.0 CUDA 12.3.99)
2024-03-18 14:41:31+0800: Found 1 device(s) on platform 0 with type CPU or GPU or Accelerator
2024-03-18 14:41:31+0800: Found OpenCL Device 0: NVIDIA GeForce RTX 2060 (NVIDIA Corporation) (score 11000300)
2024-03-18 14:41:31+0800: Creating context for OpenCL Platform: NVIDIA CUDA (NVIDIA Corporation) (OpenCL 3.0 CUDA 12.3.99)
2024-03-18 14:41:31+0800: Using OpenCL Device 0: NVIDIA GeForce RTX 2060 (NVIDIA Corporation) OpenCL 3.0 CUDA (Extensions: cl_khr_global_int32_base_atomics cl_khr_global_int32_extended_atomics cl_khr_local_int32_base_atomics cl_khr_local_int32_extended_atomics cl_khr_fp64 cl_khr_3d_image_writes cl_khr_byte_addressable_store cl_khr_icd cl_khr_gl_sharing cl_nv_compiler_options cl_nv_device_attribute_query cl_nv_pragma_unroll cl_nv_d3d10_sharing cl_khr_d3d10_sharing cl_nv_d3d11_sharing cl_nv_copy_opts cl_nv_create_buffer cl_khr_int64_base_atomics cl_khr_int64_extended_atomics cl_khr_device_uuid cl_khr_pci_bus_info cl_khr_external_semaphore cl_khr_external_memory cl_khr_external_semaphore_win32 cl_khr_external_memory_win32)
2024-03-18 14:41:31+0800: Loaded tuning parameters from: F:\homework\毕业设计\katago-v1.13.0-opencl-windows-x64/KataGoData/opencltuning/tune11_gpuNVIDIAGeForceRTX2060_x19_y19_c384_mv14.txt
2024-03-18 14:41:31+0800: OpenCL backend thread 0: Device 0 Model version 14
2024-03-18 14:41:31+0800: OpenCL backend thread 0: Device 0 Model name: kata1-b18c384nbt-s7192213760-d3579182099
2024-03-18 14:41:34+0800: OpenCL backend thread 0: Device 0 FP16Storage true FP16Compute false FP16TensorCores true FP16TensorCoresFor1x1 false
2024-03-18 14:41:34+0800: Loaded neural net with nnXLen 19 nnYLen 19
2024-03-18 14:41:34+0800: Initializing board with boardXSize 19 boardYSize 19
2024-03-18 14:41:34+0800: Loaded config F:\homework\毕业设计\katago-v1.13.0-opencl-windows-x64\gtp_custom.cfg
2024-03-18 14:41:34+0800: Loaded model F:\homework\毕业设计\katago-v1.13.0-opencl-windows-x64\model.bin
2024-03-18 14:41:34+0800: Model name: kata1-b18c384nbt-s7192213760-d3579182099
2024-03-18 14:41:34+0800: GTP ready, beginning main protocol loop
2024-03-18 14:41:36+0800: Controller: loadsgf C:/Users/KILLLAKILL/AppData/LocalLow/DefaultCompany/yiwu/RecentGames\sgf_1701255612.sgf 1
2024-03-18 14:41:36+0800: Changing komi to 5.5
2024-03-18 14:41:36+0800: GPU 0 finishing, processed 0 rows 0 batches
2024-03-18 14:41:36+0800: Cleaned up old neural net and bot
2024-03-18 14:41:36+0800: nnRandSeed0 = 5100929359261167151
2024-03-18 14:41:36+0800: After dedups: nnModelFile0 = F:\homework\毕业设计\katago-v1.13.0-opencl-windows-x64\model.bin useFP16 auto useNHWC auto
2024-03-18 14:41:36+0800: Initializing neural net buffer to be size 9 * 9 exactly
2024-03-18 14:41:36+0800: Found OpenCL Platform 0: NVIDIA CUDA (NVIDIA Corporation) (OpenCL 3.0 CUDA 12.3.99)
2024-03-18 14:41:36+0800: Found 1 device(s) on platform 0 with type CPU or GPU or Accelerator
2024-03-18 14:41:36+0800: Found OpenCL Device 0: NVIDIA GeForce RTX 2060 (NVIDIA Corporation) (score 11000300)
2024-03-18 14:41:36+0800: Creating context for OpenCL Platform: NVIDIA CUDA (NVIDIA Corporation) (OpenCL 3.0 CUDA 12.3.99)
2024-03-18 14:41:37+0800: Using OpenCL Device 0: NVIDIA GeForce RTX 2060 (NVIDIA Corporation) OpenCL 3.0 CUDA (Extensions: cl_khr_global_int32_base_atomics cl_khr_global_int32_extended_atomics cl_khr_local_int32_base_atomics cl_khr_local_int32_extended_atomics cl_khr_fp64 cl_khr_3d_image_writes cl_khr_byte_addressable_store cl_khr_icd cl_khr_gl_sharing cl_nv_compiler_options cl_nv_device_attribute_query cl_nv_pragma_unroll cl_nv_d3d10_sharing cl_khr_d3d10_sharing cl_nv_d3d11_sharing cl_nv_copy_opts cl_nv_create_buffer cl_khr_int64_base_atomics cl_khr_int64_extended_atomics cl_khr_device_uuid cl_khr_pci_bus_info cl_khr_external_semaphore cl_khr_external_memory cl_khr_external_semaphore_win32 cl_khr_external_memory_win32)
2024-03-18 14:41:37+0800: Loaded tuning parameters from: F:\homework\毕业设计\katago-v1.13.0-opencl-windows-x64/KataGoData/opencltuning/tune11_gpuNVIDIAGeForceRTX2060_x19_y19_c384_mv14.txt
2024-03-18 14:41:37+0800: OpenCL backend thread 0: Device 0 Model version 14
2024-03-18 14:41:37+0800: OpenCL backend thread 0: Device 0 Model name: kata1-b18c384nbt-s7192213760-d3579182099
2024-03-18 14:41:39+0800: OpenCL backend thread 0: Device 0 FP16Storage true FP16Compute false FP16TensorCores true FP16TensorCoresFor1x1 false
2024-03-18 14:41:39+0800: Loaded neural net with nnXLen 9 nnYLen 9
2024-03-18 14:41:39+0800: Initializing board with boardXSize 9 boardYSize 9
2024-03-18 14:41:39+0800: = 
2024-03-18 14:41:41+0800: Controller: loadsgf C:/Users/KILLLAKILL/AppData/LocalLow/DefaultCompany/yiwu/RecentGames\sgf_1701255612.sgf 6
2024-03-18 14:41:41+0800: = 
2024-03-18 14:41:41+0800: Controller: lz-genmove_analyze maxmoves 6
2024-03-18 14:41:46+0800: MoveNum: 5 HASH: FFE96295C396DA517064CFFB0FD39D37
   A B C D E F G H J
 9 . . . . . . . . .
 8 . . . . . . . . .
 7 . . X . . . . . .
 6 . . . . . . . . .
 5 . . . . O O2. . .
 4 . . . . . . . . .
 3 . . X1. @ . X3. .
 2 . . . . . . . . .
 1 . . . . . . . . .

koSIMPLEscoreAREAtaxNONEsui0whbNfpok1komi5.5
Time taken: 5
Root visits: 3304
New playouts: 3304
NN rows: 2537
NN batches: 635
NN avg batch size: 3.99528
PV: E3 D4 F3 H5 H4 G4 G5 J4 H6 H3 D7 D6 C8 E7 D8 C6 E6 H7 B7 B6 J6 F7 G7 G8 G6
Tree:
: T -49.03c W -46.45c S  -2.48c ( -2.0 L  -1.6) N    3304  --  E3 D4 F3 H5 H4 G4 G5
---White(^)---
E3  : T -47.06c W -44.64c S  -2.44c ( -2.0 L  -1.6) LCB  -51.87c P 38.51% WF 1829.5 PSV    1797 N    2783  --  E3 D4 F3 H5 H4 G4 G5 J4
E7  : T -50.66c W -50.27c S  -1.87c ( -1.6 L  -1.1) LCB  -60.96c P 13.01% WF 228.2 PSV     214 N     338  --  E7 C5 D4 H5 C4 B4 H6 D3
C5  : T -71.09c W -60.60c S  -4.08c ( -2.8 L  -2.1) LCB  -88.20c P 24.63% WF  78.1 PSV      86 N     111  --  C5 D4 C6 E7 F3 F2 E3 E2
F2  : T -57.11c W -55.51c S  -2.89c ( -2.2 L  -1.4) LCB  -78.99c P  3.29% WF  23.4 PSV      25 N      27  --  F2 H5 C5 D4 D5 F3 F7 E8
F3  : T -80.01c W -72.32c S  -3.77c ( -2.4 L  -1.8) LCB  -98.79c P  9.67% WF  20.5 PSV      25 N      25  --  F3 F2 E7 C5 E2 E3 F4
G4  : T -77.38c W -73.10c S  -3.47c ( -2.3 L  -1.9) LCB -111.57c P  2.14% WF   4.6 PSV       6 N       5  --  G4 F3 E3
D7  : T -78.60c W -73.19c S  -3.43c ( -2.3 L  -1.4) LCB -127.97c P  2.04% WF   4.1 PSV       5 N       4  --  D7 C6 G4
D3  : T -93.63c W -81.81c S  -6.09c ( -3.6 L  -2.9) LCB -172.51c P  2.46% WF   3.1 PSV       4 N       3  --  D3 D4 E3
C6  : T -85.82c W -77.89c S  -4.24c ( -2.7 L  -1.7) LCB -165.99c P  1.73% WF   3.3 PSV       3 N       3  --  C6 D6 D5
F7  : T -83.92c W -79.63c S  -4.29c ( -2.6 L  -1.6) LCB -433.92c P  0.79% WF   1.1 PSV       1 N       1  --  F7

2024-03-18 14:41:46+0800: = play E3
2024-03-18 14:42:00+0800: Controller: loadsgf C:/Users/KILLLAKILL/AppData/LocalLow/DefaultCompany/yiwu/RecentGames\sgf_1701255612.sgf 10
2024-03-18 14:42:00+0800: = 
2024-03-18 14:42:00+0800: Controller: lz-genmove_analyze maxmoves 6
2024-03-18 14:42:05+0800: MoveNum: 9 HASH: 1A43B4F7037795C87097EDB3B56E1981
   A B C D E F G H J
 9 . . . . . . . . .
 8 . . . . . . . . .
 7 . . X . . . . . .
 6 . . . . . . . . .
 5 . . . . O O O2. .
 4 . . @ . . O X1. .
 3 . . X . . X3X . .
 2 . . . . . . . . .
 1 . . . . . . . . .

koSIMPLEscoreAREAtaxNONEsui0whbNfpok1komi5.5
Time taken: 5
Root visits: 3039
New playouts: 3039
NN rows: 2529
NN batches: 633
NN avg batch size: 3.99526
PV: D3 D2 D4 B2 D8 C8 E7 C5 H4 H3 H5 D6 E6 D7 E8 J4
Tree:
: T -101.16c W -97.49c S  -4.12c ( -4.7 L  -4.3) N    3039  --  D3 D2 D4 B2 D8 C8 E7
---White(^)---
D3  : T -101.15c W -97.63c S  -3.80c ( -4.5 L  -4.1) LCB -102.58c P 65.31% WF 4688.6 PSV    4695 N    1959  --  D3 D2 D4 B2 D8 C8 E7 C5
C4  : T -100.50c W -97.13c S  -4.30c ( -4.8 L  -4.5) LCB -102.74c P  9.45% WF 1964.4 PSV    1800 N     881  --  C4 D3 D8 E7 D7 D6 E6 C6
C6  : T -103.16c W -97.00c S  -5.79c ( -5.6 L  -5.0) LCB -106.65c P  7.46% WF 185.1 PSV     183 N      86  --  C6 E7 B7 D6 C8 D7 D3 D2
D8  : T -102.32c W -97.07c S  -5.49c ( -5.4 L  -4.9) LCB -107.74c P  3.29% WF 113.8 PSV     111 N      51  --  D8 D4 E3 E4 E2 H5 H6
D4  : T -104.36c W -98.75c S  -6.38c ( -5.6 L  -5.2) LCB -108.74c P  2.84% WF  49.2 PSV      50 N      17  --  D4 D3 D8 E7 D7 D6 E6
E3  : T -107.71c W -98.87c S  -8.86c ( -6.7 L  -6.2) LCB -113.25c P  4.23% WF  39.3 PSV      41 N      12  --  E3 E2 D8 E7 D7 D6
D7  : T -105.48c W -98.31c S  -7.04c ( -6.0 L  -5.5) LCB -111.16c P  2.74% WF  37.0 PSV      38 N      13  --  D7 D8 C6 B7 E8
E7  : T -104.76c W -97.68c S  -6.34c ( -5.7 L  -5.4) LCB -114.45c P  1.77% WF  30.3 PSV      28 N      13  --  E7 C5 D4 D3
C5  : T -108.59c W -98.72c S  -9.17c ( -6.9 L  -6.5) LCB -257.56c P  0.99% WF   7.5 PSV       8 N       2  --  C5 F8
E8  : T -106.03c W -98.21c S  -6.44c ( -5.7 L  -5.1) LCB -272.03c P  0.25% WF   6.1 PSV       3 N       2  --  E8 E7

2024-03-18 14:42:05+0800: = play C4
