2024-03-18 22:19:49+0800: Running with following config:
allowResignation = true
friendlyPassOk = true
hasButton = false
koRule = SIMPLE
lagBuffer = 1.0
logAllGTPCommunication = true
logDir = gtp_logs
logSearchInfo = true
logToStderr = false
multiStoneSuicideLegal = false
nnCacheSizePowerOfTwo = 20
nnMutexPoolSizePowerOfTwo = 16
numNNServerThreadsPerModel = 1
numSearchThreads = 8
openclDeviceToUseThread0 = 0
ponderingEnabled = false
resignConsecTurns = 3
resignThreshold = -0.90
scoringRule = AREA
searchFactorAfterOnePass = 0.50
searchFactorAfterTwoPass = 0.25
searchFactorWhenWinning = 0.40
searchFactorWhenWinningThreshold = 0.95
taxRule = NONE
whiteHandicapBonus = N

2024-03-18 22:19:49+0800: GTP Engine starting...
2024-03-18 22:19:49+0800: KataGo v1.13.0
2024-03-18 22:19:49+0800: Using Chinese rules initially, unless GTP/GUI overrides this
2024-03-18 22:19:49+0800: Using 8 CPU thread(s) for search
2024-03-18 22:19:49+0800: nnRandSeed0 = 13328069709035849305
2024-03-18 22:19:49+0800: After dedups: nnModelFile0 = F:\homework\毕业设计\katago-v1.13.0-opencl-windows-x64\model.bin useFP16 auto useNHWC auto
2024-03-18 22:19:49+0800: Initializing neural net buffer to be size 19 * 19 exactly
2024-03-18 22:19:50+0800: Found OpenCL Platform 0: NVIDIA CUDA (NVIDIA Corporation) (OpenCL 3.0 CUDA 12.3.99)
2024-03-18 22:19:50+0800: Found 1 device(s) on platform 0 with type CPU or GPU or Accelerator
2024-03-18 22:19:50+0800: Found OpenCL Device 0: NVIDIA GeForce RTX 2060 (NVIDIA Corporation) (score 11000300)
2024-03-18 22:19:50+0800: Creating context for OpenCL Platform: NVIDIA CUDA (NVIDIA Corporation) (OpenCL 3.0 CUDA 12.3.99)
2024-03-18 22:19:50+0800: Using OpenCL Device 0: NVIDIA GeForce RTX 2060 (NVIDIA Corporation) OpenCL 3.0 CUDA (Extensions: cl_khr_global_int32_base_atomics cl_khr_global_int32_extended_atomics cl_khr_local_int32_base_atomics cl_khr_local_int32_extended_atomics cl_khr_fp64 cl_khr_3d_image_writes cl_khr_byte_addressable_store cl_khr_icd cl_khr_gl_sharing cl_nv_compiler_options cl_nv_device_attribute_query cl_nv_pragma_unroll cl_nv_d3d10_sharing cl_khr_d3d10_sharing cl_nv_d3d11_sharing cl_nv_copy_opts cl_nv_create_buffer cl_khr_int64_base_atomics cl_khr_int64_extended_atomics cl_khr_device_uuid cl_khr_pci_bus_info cl_khr_external_semaphore cl_khr_external_memory cl_khr_external_semaphore_win32 cl_khr_external_memory_win32)
2024-03-18 22:19:50+0800: Loaded tuning parameters from: F:\homework\毕业设计\katago-v1.13.0-opencl-windows-x64/KataGoData/opencltuning/tune11_gpuNVIDIAGeForceRTX2060_x19_y19_c384_mv14.txt
2024-03-18 22:19:50+0800: OpenCL backend thread 0: Device 0 Model version 14
2024-03-18 22:19:50+0800: OpenCL backend thread 0: Device 0 Model name: kata1-b18c384nbt-s7192213760-d3579182099
2024-03-18 22:19:52+0800: OpenCL backend thread 0: Device 0 FP16Storage true FP16Compute false FP16TensorCores true FP16TensorCoresFor1x1 false
2024-03-18 22:19:52+0800: Loaded neural net with nnXLen 19 nnYLen 19
2024-03-18 22:19:52+0800: Initializing board with boardXSize 19 boardYSize 19
2024-03-18 22:19:52+0800: Loaded config F:\homework\毕业设计\katago-v1.13.0-opencl-windows-x64\gtp_custom.cfg
2024-03-18 22:19:52+0800: Loaded model F:\homework\毕业设计\katago-v1.13.0-opencl-windows-x64\model.bin
2024-03-18 22:19:52+0800: Model name: kata1-b18c384nbt-s7192213760-d3579182099
2024-03-18 22:19:52+0800: GTP ready, beginning main protocol loop
2024-03-18 22:19:55+0800: Controller: loadsgf C:/Users/KILLLAKILL/AppData/LocalLow/DefaultCompany/yiwu/RecentGames\sgf_1701255612.sgf 1
2024-03-18 22:19:55+0800: Changing komi to 5.5
2024-03-18 22:19:55+0800: GPU 0 finishing, processed 0 rows 0 batches
2024-03-18 22:19:55+0800: Cleaned up old neural net and bot
2024-03-18 22:19:55+0800: nnRandSeed0 = 13908447466456665362
2024-03-18 22:19:55+0800: After dedups: nnModelFile0 = F:\homework\毕业设计\katago-v1.13.0-opencl-windows-x64\model.bin useFP16 auto useNHWC auto
2024-03-18 22:19:55+0800: Initializing neural net buffer to be size 9 * 9 exactly
2024-03-18 22:19:56+0800: Found OpenCL Platform 0: NVIDIA CUDA (NVIDIA Corporation) (OpenCL 3.0 CUDA 12.3.99)
2024-03-18 22:19:56+0800: Found 1 device(s) on platform 0 with type CPU or GPU or Accelerator
2024-03-18 22:19:56+0800: Found OpenCL Device 0: NVIDIA GeForce RTX 2060 (NVIDIA Corporation) (score 11000300)
2024-03-18 22:19:56+0800: Creating context for OpenCL Platform: NVIDIA CUDA (NVIDIA Corporation) (OpenCL 3.0 CUDA 12.3.99)
2024-03-18 22:19:56+0800: Using OpenCL Device 0: NVIDIA GeForce RTX 2060 (NVIDIA Corporation) OpenCL 3.0 CUDA (Extensions: cl_khr_global_int32_base_atomics cl_khr_global_int32_extended_atomics cl_khr_local_int32_base_atomics cl_khr_local_int32_extended_atomics cl_khr_fp64 cl_khr_3d_image_writes cl_khr_byte_addressable_store cl_khr_icd cl_khr_gl_sharing cl_nv_compiler_options cl_nv_device_attribute_query cl_nv_pragma_unroll cl_nv_d3d10_sharing cl_khr_d3d10_sharing cl_nv_d3d11_sharing cl_nv_copy_opts cl_nv_create_buffer cl_khr_int64_base_atomics cl_khr_int64_extended_atomics cl_khr_device_uuid cl_khr_pci_bus_info cl_khr_external_semaphore cl_khr_external_memory cl_khr_external_semaphore_win32 cl_khr_external_memory_win32)
2024-03-18 22:19:56+0800: Loaded tuning parameters from: F:\homework\毕业设计\katago-v1.13.0-opencl-windows-x64/KataGoData/opencltuning/tune11_gpuNVIDIAGeForceRTX2060_x19_y19_c384_mv14.txt
2024-03-18 22:19:56+0800: OpenCL backend thread 0: Device 0 Model version 14
2024-03-18 22:19:56+0800: OpenCL backend thread 0: Device 0 Model name: kata1-b18c384nbt-s7192213760-d3579182099
2024-03-18 22:19:58+0800: OpenCL backend thread 0: Device 0 FP16Storage true FP16Compute false FP16TensorCores true FP16TensorCoresFor1x1 false
2024-03-18 22:19:58+0800: Loaded neural net with nnXLen 9 nnYLen 9
2024-03-18 22:19:58+0800: Initializing board with boardXSize 9 boardYSize 9
2024-03-18 22:19:58+0800: = 
2024-03-18 22:20:01+0800: Controller: loadsgf C:/Users/KILLLAKILL/AppData/LocalLow/DefaultCompany/yiwu/RecentGames\sgf_1701255612.sgf 6
2024-03-18 22:20:01+0800: = 
2024-03-18 22:20:01+0800: Controller: lz-genmove_analyze maxmoves 6
2024-03-18 22:20:06+0800: MoveNum: 5 HASH: FFE96295C396DA517064CFFB0FD39D37
   A B C D E F G H J
 9 . . . . . . . . .
 8 . . . . . . . . .
 7 . . X . . . . . .
 6 . . . . . . . . .
 5 . . . . O O2. . .
 4 . . . . . . . . .
 3 . . X1. @ . X3. .
 2 . . . . . . . . .
 1 . . . . . . . . .

koSIMPLEscoreAREAtaxNONEsui0whbNfpok1komi5.5
Time taken: 5
Root visits: 3090
New playouts: 3090
NN rows: 2497
NN batches: 625
NN avg batch size: 3.9952
PV: E3 D4 F3 H5 H4 G4 G5 J4 H6 H3 D7 D6 C8 E7 D8 C6 E6 H7 B7 B6 J6 F7 G7 G8 G6
Tree:
: T -49.28c W -45.86c S  -2.35c ( -1.9 L  -1.5) N    3090  --  E3 D4 F3 H5 H4 G4 G5
---White(^)---
E3  : T -47.20c W -43.86c S  -2.28c ( -1.9 L  -1.5) LCB  -52.16c P 33.02% WF 1559.8 PSV    1530 N    2408  --  E3 D4 F3 H5 H4 G4 G5 J4
E7  : T -49.78c W -48.14c S  -2.10c ( -1.7 L  -1.3) LCB  -59.73c P 15.68% WF 327.3 PSV     300 N     488  --  E7 D4 C6 D6 D5 C5 B6 D7
C5  : T -68.65c W -58.45c S  -3.72c ( -2.6 L  -2.0) LCB  -83.55c P 30.56% WF  90.7 PSV     109 N     133  --  C5 D4 C6 E7 F3 F2 E3 E2
F3  : T -79.24c W -71.34c S  -3.77c ( -2.5 L  -1.9) LCB  -99.81c P  8.27% WF  17.0 PSV      20 N      21  --  F3 F2 E7 C5 G4 E3
F2  : T -57.13c W -53.93c S  -2.87c ( -2.2 L  -1.4) LCB  -92.47c P  1.81% WF  14.6 PSV      13 N      17  --  F2 H5 C5 D4 D5
G4  : T -75.22c W -72.76c S  -3.59c ( -2.4 L  -2.0) LCB -110.47c P  2.28% WF   5.7 PSV       6 N       6  --  G4 F3 E3
D3  : T -86.08c W -80.37c S  -5.12c ( -3.2 L  -2.3) LCB -117.34c P  2.63% WF   4.4 PSV       5 N       5  --  D3 D4 E3 C4
D7  : T -76.30c W -72.05c S  -3.24c ( -2.2 L  -1.3) LCB -126.79c P  1.34% WF   4.1 PSV       3 N       4  --  D7 C6 G4
C6  : T -85.71c W -78.16c S  -4.08c ( -2.7 L  -1.7) LCB -164.90c P  1.61% WF   3.2 PSV       3 N       3  --  C6 D6 D5
C4  : T -85.04c W -80.66c S  -4.39c ( -2.8 L  -1.6) LCB -435.04c P  0.85% WF   1.3 PSV       1 N       1  --  C4

2024-03-18 22:20:06+0800: = play E3
