2024-03-18 12:04:57+0800: Running with following config:
allowResignation = true
friendlyPassOk = true
hasButton = false
koRule = SIMPLE
lagBuffer = 1.0
logAllGTPCommunication = true
logDir = gtp_logs
logSearchInfo = true
logToStderr = false
multiStoneSuicideLegal = false
nnCacheSizePowerOfTwo = 20
nnMutexPoolSizePowerOfTwo = 16
numNNServerThreadsPerModel = 1
numSearchThreads = 8
openclDeviceToUseThread0 = 0
ponderingEnabled = false
resignConsecTurns = 3
resignThreshold = -0.90
scoringRule = AREA
searchFactorAfterOnePass = 0.50
searchFactorAfterTwoPass = 0.25
searchFactorWhenWinning = 0.40
searchFactorWhenWinningThreshold = 0.95
taxRule = NONE
whiteHandicapBonus = N

2024-03-18 12:04:57+0800: GTP Engine starting...
2024-03-18 12:04:57+0800: KataGo v1.13.0
2024-03-18 12:04:57+0800: Using Chinese rules initially, unless GTP/GUI overrides this
2024-03-18 12:04:57+0800: Using 8 CPU thread(s) for search
2024-03-18 12:04:57+0800: nnRandSeed0 = 3844977275096372781
2024-03-18 12:04:57+0800: After dedups: nnModelFile0 = F:\homework\毕业设计\katago-v1.13.0-opencl-windows-x64\model.bin useFP16 auto useNHWC auto
2024-03-18 12:04:57+0800: Initializing neural net buffer to be size 19 * 19 exactly
2024-03-18 12:04:58+0800: Found OpenCL Platform 0: NVIDIA CUDA (NVIDIA Corporation) (OpenCL 3.0 CUDA 12.3.99)
2024-03-18 12:04:58+0800: Found 1 device(s) on platform 0 with type CPU or GPU or Accelerator
2024-03-18 12:04:58+0800: Found OpenCL Device 0: NVIDIA GeForce RTX 2060 (NVIDIA Corporation) (score 11000300)
2024-03-18 12:04:58+0800: Creating context for OpenCL Platform: NVIDIA CUDA (NVIDIA Corporation) (OpenCL 3.0 CUDA 12.3.99)
2024-03-18 12:04:58+0800: Using OpenCL Device 0: NVIDIA GeForce RTX 2060 (NVIDIA Corporation) OpenCL 3.0 CUDA (Extensions: cl_khr_global_int32_base_atomics cl_khr_global_int32_extended_atomics cl_khr_local_int32_base_atomics cl_khr_local_int32_extended_atomics cl_khr_fp64 cl_khr_3d_image_writes cl_khr_byte_addressable_store cl_khr_icd cl_khr_gl_sharing cl_nv_compiler_options cl_nv_device_attribute_query cl_nv_pragma_unroll cl_nv_d3d10_sharing cl_khr_d3d10_sharing cl_nv_d3d11_sharing cl_nv_copy_opts cl_nv_create_buffer cl_khr_int64_base_atomics cl_khr_int64_extended_atomics cl_khr_device_uuid cl_khr_pci_bus_info cl_khr_external_semaphore cl_khr_external_memory cl_khr_external_semaphore_win32 cl_khr_external_memory_win32)
2024-03-18 12:04:58+0800: Loaded tuning parameters from: F:\homework\毕业设计\katago-v1.13.0-opencl-windows-x64/KataGoData/opencltuning/tune11_gpuNVIDIAGeForceRTX2060_x19_y19_c384_mv14.txt
2024-03-18 12:04:58+0800: OpenCL backend thread 0: Device 0 Model version 14
2024-03-18 12:04:58+0800: OpenCL backend thread 0: Device 0 Model name: kata1-b18c384nbt-s7192213760-d3579182099
2024-03-18 12:05:00+0800: OpenCL backend thread 0: Device 0 FP16Storage true FP16Compute false FP16TensorCores true FP16TensorCoresFor1x1 false
2024-03-18 12:05:00+0800: Loaded neural net with nnXLen 19 nnYLen 19
2024-03-18 12:05:00+0800: Initializing board with boardXSize 19 boardYSize 19
2024-03-18 12:05:00+0800: Loaded config F:\homework\毕业设计\katago-v1.13.0-opencl-windows-x64\gtp_custom.cfg
2024-03-18 12:05:00+0800: Loaded model F:\homework\毕业设计\katago-v1.13.0-opencl-windows-x64\model.bin
2024-03-18 12:05:00+0800: Model name: kata1-b18c384nbt-s7192213760-d3579182099
2024-03-18 12:05:00+0800: GTP ready, beginning main protocol loop
2024-03-18 12:05:13+0800: Controller: loadsgf C:/Users/KILLLAKILL/AppData/LocalLow/DefaultCompany/yiwu/RecentGames\sgf_1701255612.sgf 1
2024-03-18 12:05:13+0800: Changing komi to 5.5
2024-03-18 12:05:13+0800: GPU 0 finishing, processed 0 rows 0 batches
2024-03-18 12:05:13+0800: Cleaned up old neural net and bot
2024-03-18 12:05:13+0800: nnRandSeed0 = 1557725625238299313
2024-03-18 12:05:13+0800: After dedups: nnModelFile0 = F:\homework\毕业设计\katago-v1.13.0-opencl-windows-x64\model.bin useFP16 auto useNHWC auto
2024-03-18 12:05:13+0800: Initializing neural net buffer to be size 9 * 9 exactly
2024-03-18 12:05:13+0800: Found OpenCL Platform 0: NVIDIA CUDA (NVIDIA Corporation) (OpenCL 3.0 CUDA 12.3.99)
2024-03-18 12:05:13+0800: Found 1 device(s) on platform 0 with type CPU or GPU or Accelerator
2024-03-18 12:05:13+0800: Found OpenCL Device 0: NVIDIA GeForce RTX 2060 (NVIDIA Corporation) (score 11000300)
2024-03-18 12:05:13+0800: Creating context for OpenCL Platform: NVIDIA CUDA (NVIDIA Corporation) (OpenCL 3.0 CUDA 12.3.99)
2024-03-18 12:05:14+0800: Using OpenCL Device 0: NVIDIA GeForce RTX 2060 (NVIDIA Corporation) OpenCL 3.0 CUDA (Extensions: cl_khr_global_int32_base_atomics cl_khr_global_int32_extended_atomics cl_khr_local_int32_base_atomics cl_khr_local_int32_extended_atomics cl_khr_fp64 cl_khr_3d_image_writes cl_khr_byte_addressable_store cl_khr_icd cl_khr_gl_sharing cl_nv_compiler_options cl_nv_device_attribute_query cl_nv_pragma_unroll cl_nv_d3d10_sharing cl_khr_d3d10_sharing cl_nv_d3d11_sharing cl_nv_copy_opts cl_nv_create_buffer cl_khr_int64_base_atomics cl_khr_int64_extended_atomics cl_khr_device_uuid cl_khr_pci_bus_info cl_khr_external_semaphore cl_khr_external_memory cl_khr_external_semaphore_win32 cl_khr_external_memory_win32)
2024-03-18 12:05:14+0800: Loaded tuning parameters from: F:\homework\毕业设计\katago-v1.13.0-opencl-windows-x64/KataGoData/opencltuning/tune11_gpuNVIDIAGeForceRTX2060_x19_y19_c384_mv14.txt
2024-03-18 12:05:14+0800: OpenCL backend thread 0: Device 0 Model version 14
2024-03-18 12:05:14+0800: OpenCL backend thread 0: Device 0 Model name: kata1-b18c384nbt-s7192213760-d3579182099
2024-03-18 12:05:16+0800: OpenCL backend thread 0: Device 0 FP16Storage true FP16Compute false FP16TensorCores true FP16TensorCoresFor1x1 false
2024-03-18 12:05:16+0800: Loaded neural net with nnXLen 9 nnYLen 9
2024-03-18 12:05:16+0800: Initializing board with boardXSize 9 boardYSize 9
2024-03-18 12:05:16+0800: = 
2024-03-18 12:05:20+0800: Controller: loadsgf C:/Users/KILLLAKILL/AppData/LocalLow/DefaultCompany/yiwu/RecentGames\sgf_1701255612.sgf 6
2024-03-18 12:05:20+0800: = 
2024-03-18 12:05:20+0800: Controller: lz-genmove_analyze maxmoves 6
2024-03-18 12:05:25+0800: MoveNum: 5 HASH: FFE96295C396DA517064CFFB0FD39D37
   A B C D E F G H J
 9 . . . . . . . . .
 8 . . . . . . . . .
 7 . . X . . . . . .
 6 . . . . . . . . .
 5 . . . . O O2. . .
 4 . . . . . . . . .
 3 . . X1. @ . X3. .
 2 . . . . . . . . .
 1 . . . . . . . . .

koSIMPLEscoreAREAtaxNONEsui0whbNfpok1komi5.5
Time taken: 5
Root visits: 3431
New playouts: 3431
NN rows: 2449
NN batches: 613
NN avg batch size: 3.99511
PV: E3 D4 F3 H5 H4 G4 G5 J4 H6 H3 J6 D7 F1 G7 G6 G2 J2 G1 J5 D2 D3 C2 E1 F7
Tree:
: T -43.53c W -40.64c S  -1.96c ( -1.8 L  -1.4) N    3431  --  E3 D4 F3 H5 H4 G4 G5
---White(^)---
E3  : T -41.46c W -38.87c S  -1.89c ( -1.7 L  -1.4) LCB  -46.14c P 39.04% WF 1886.3 PSV    1851 N    2962  --  E3 D4 F3 H5 H4 G4 G5 J4
E7  : T -46.87c W -43.94c S  -1.49c ( -1.5 L  -1.1) LCB  -57.77c P 12.51% WF 179.3 PSV     159 N     289  --  E7 D4 C6 D7 B5 E8 F7 F8
C5  : T -69.27c W -59.46c S  -4.13c ( -2.9 L  -2.3) LCB  -88.29c P 27.75% WF  72.2 PSV      88 N     108  --  C5 D4 C6 E7 F3 F2 E3 E2
F2  : T -52.62c W -50.35c S  -1.85c ( -1.7 L  -1.0) LCB  -71.34c P  3.40% WF  24.2 PSV      24 N      31  --  F2 C5 G6 H5 G2 H6
F3  : T -74.00c W -68.21c S  -3.19c ( -2.3 L  -1.6) LCB  -88.97c P  5.41% WF  13.2 PSV      14 N      17  --  F3 F2 E7 C5 E2 E3
C6  : T -75.42c W -72.07c S  -3.69c ( -2.5 L  -1.7) LCB -118.57c P  2.65% WF   5.5 PSV       6 N       6  --  C6 D6 D5 E3
G4  : T -75.20c W -72.35c S  -3.53c ( -2.4 L  -2.2) LCB -111.45c P  2.51% WF   5.4 PSV       6 N       6  --  G4 F3 D3
D7  : T -79.19c W -73.54c S  -3.39c ( -2.4 L  -1.4) LCB -129.09c P  2.26% WF   3.9 PSV       5 N       4  --  D7 C6 G4
D3  : T -92.34c W -81.46c S  -5.71c ( -3.5 L  -2.7) LCB -170.20c P  2.16% WF   3.0 PSV       3 N       3  --  D3 D4 E3
C4  : T -79.83c W -76.40c S  -3.42c ( -2.4 L  -1.2) LCB -429.83c P  0.62% WF   1.2 PSV       1 N       1  --  C4

2024-03-18 12:05:25+0800: = play E3
