2024-03-15 12:59:52+0800: Running with following config:
allowResignation = true
friendlyPassOk = true
hasButton = false
koRule = SIMPLE
lagBuffer = 1.0
logAllGTPCommunication = true
logDir = gtp_logs
logSearchInfo = true
logToStderr = false
multiStoneSuicideLegal = false
nnCacheSizePowerOfTwo = 20
nnMutexPoolSizePowerOfTwo = 16
numNNServerThreadsPerModel = 1
numSearchThreads = 8
openclDeviceToUseThread0 = 0
ponderingEnabled = false
resignConsecTurns = 3
resignThreshold = -0.90
scoringRule = AREA
searchFactorAfterOnePass = 0.50
searchFactorAfterTwoPass = 0.25
searchFactorWhenWinning = 0.40
searchFactorWhenWinningThreshold = 0.95
taxRule = NONE
whiteHandicapBonus = N

2024-03-15 12:59:52+0800: GTP Engine starting...
2024-03-15 12:59:52+0800: KataGo v1.13.0
2024-03-15 12:59:52+0800: Using Chinese rules initially, unless GTP/GUI overrides this
2024-03-15 12:59:52+0800: Using 8 CPU thread(s) for search
2024-03-15 12:59:52+0800: nnRandSeed0 = 14317454251070007755
2024-03-15 12:59:52+0800: After dedups: nnModelFile0 = F:\homework\毕业设计\katago-v1.13.0-opencl-windows-x64\model.bin useFP16 auto useNHWC auto
2024-03-15 12:59:52+0800: Initializing neural net buffer to be size 19 * 19 exactly
2024-03-15 12:59:53+0800: Found OpenCL Platform 0: NVIDIA CUDA (NVIDIA Corporation) (OpenCL 3.0 CUDA 12.3.99)
2024-03-15 12:59:53+0800: Found 1 device(s) on platform 0 with type CPU or GPU or Accelerator
2024-03-15 12:59:53+0800: Found OpenCL Device 0: NVIDIA GeForce RTX 2060 (NVIDIA Corporation) (score 11000300)
2024-03-15 12:59:53+0800: Creating context for OpenCL Platform: NVIDIA CUDA (NVIDIA Corporation) (OpenCL 3.0 CUDA 12.3.99)
2024-03-15 12:59:54+0800: Using OpenCL Device 0: NVIDIA GeForce RTX 2060 (NVIDIA Corporation) OpenCL 3.0 CUDA (Extensions: cl_khr_global_int32_base_atomics cl_khr_global_int32_extended_atomics cl_khr_local_int32_base_atomics cl_khr_local_int32_extended_atomics cl_khr_fp64 cl_khr_3d_image_writes cl_khr_byte_addressable_store cl_khr_icd cl_khr_gl_sharing cl_nv_compiler_options cl_nv_device_attribute_query cl_nv_pragma_unroll cl_nv_d3d10_sharing cl_khr_d3d10_sharing cl_nv_d3d11_sharing cl_nv_copy_opts cl_nv_create_buffer cl_khr_int64_base_atomics cl_khr_int64_extended_atomics cl_khr_device_uuid cl_khr_pci_bus_info cl_khr_external_semaphore cl_khr_external_memory cl_khr_external_semaphore_win32 cl_khr_external_memory_win32)
2024-03-15 12:59:54+0800: Loaded tuning parameters from: F:\homework\毕业设计\katago-v1.13.0-opencl-windows-x64/KataGoData/opencltuning/tune11_gpuNVIDIAGeForceRTX2060_x19_y19_c384_mv14.txt
2024-03-15 12:59:55+0800: OpenCL backend thread 0: Device 0 Model version 14
2024-03-15 12:59:55+0800: OpenCL backend thread 0: Device 0 Model name: kata1-b18c384nbt-s7192213760-d3579182099
2024-03-15 12:59:58+0800: OpenCL backend thread 0: Device 0 FP16Storage true FP16Compute false FP16TensorCores true FP16TensorCoresFor1x1 false
2024-03-15 12:59:58+0800: Loaded neural net with nnXLen 19 nnYLen 19
2024-03-15 12:59:58+0800: Initializing board with boardXSize 19 boardYSize 19
2024-03-15 12:59:58+0800: Loaded config F:\homework\毕业设计\katago-v1.13.0-opencl-windows-x64\gtp_custom.cfg
2024-03-15 12:59:58+0800: Loaded model F:\homework\毕业设计\katago-v1.13.0-opencl-windows-x64\model.bin
2024-03-15 12:59:58+0800: Model name: kata1-b18c384nbt-s7192213760-d3579182099
2024-03-15 12:59:58+0800: GTP ready, beginning main protocol loop
2024-03-15 13:00:29+0800: Controller: loadsgf C:/Users/KILLLAKILL/AppData/LocalLow/DefaultCompany//RecentGames\sgf_1659790193.sgf 1
2024-03-15 13:00:29+0800: ? Could not load sgf: Could not open file C:/Users/KILLLAKILL/AppData/LocalLow/DefaultCompany//RecentGames\sgf_1659790193.sgf - does not exist or invalid permissions?
2024-03-15 13:00:57+0800: Controller: loadsgf C:/Users/KILLLAKILL/AppData/LocalLow/DefaultCompany//RecentGames\sgf_1659790193.sgf 1
2024-03-15 13:00:57+0800: ? Could not load sgf: Could not open file C:/Users/KILLLAKILL/AppData/LocalLow/DefaultCompany//RecentGames\sgf_1659790193.sgf - does not exist or invalid permissions?
2024-03-15 13:00:57+0800: Controller: lz-genmove_analyze maxmoves 6
2024-03-15 13:01:02+0800: MoveNum: 0 HASH: CDCBC1F514D7E680FACD226074256633
   A B C D E F G H J K L M N O P Q R S T
19 . . . . . . . . . . . . . . . . . . .
18 . . . . . . . . . . . . . . . . . . .
17 . . . . . . . . . . . . . . . . . . .
16 . . . . . . . . . . . . . . . @ . . .
15 . . . . . . . . . . . . . . . . . . .
14 . . . . . . . . . . . . . . . . . . .
13 . . . . . . . . . . . . . . . . . . .
12 . . . . . . . . . . . . . . . . . . .
11 . . . . . . . . . . . . . . . . . . .
10 . . . . . . . . . . . . . . . . . . .
 9 . . . . . . . . . . . . . . . . . . .
 8 . . . . . . . . . . . . . . . . . . .
 7 . . . . . . . . . . . . . . . . . . .
 6 . . . . . . . . . . . . . . . . . . .
 5 . . . . . . . . . . . . . . . . . . .
 4 . . . . . . . . . . . . . . . . . . .
 3 . . . . . . . . . . . . . . . . . . .
 2 . . . . . . . . . . . . . . . . . . .
 1 . . . . . . . . . . . . . . . . . . .

koSIMPLEscoreAREAtaxNONEsui0whbNfpok1komi7.5
Time taken: 5.031
Root visits: 1351
New playouts: 1351
NN rows: 1193
NN batches: 299
NN avg batch size: 3.98997
PV: Q16 D4 D16 Q4 R6 C17 C16 D17 E16 F18 O3 O4 N4 O5 Q3 R3 P3 R4 R9 Q8 R8 L4
Tree:
: T -24.61c W -24.69c S  -0.05c ( -1.5 L  -1.0) N    1351  --  Q16 D4 D16 Q4 R6 C17 C16
---Black(^)---
Q16 : T -24.23c W -24.37c S  -0.02c ( -1.5 L  -1.0) LCB  -24.60c P 13.58% WF 3306.1 PSV    3297 N    1206  --  Q16 D4 D16 Q4 R6 C17 C16 D17
R16 : T -26.79c W -26.57c S  -0.27c ( -1.7 L  -1.1) LCB  -28.41c P  2.90% WF 136.4 PSV      27 N      51  --  R16 D16 C17 C16 D17 E16 F18 D4
Q15 : T -28.34c W -27.09c S  -0.43c ( -1.9 L  -1.2) LCB  -32.02c P  1.66% WF  51.7 PSV      10 N      19  --  Q15 Q4 Q17 D16 C3
R15 : T -27.64c W -26.95c S  -0.37c ( -1.8 L  -1.1) LCB  -29.55c P  0.61% WF  71.4 PSV       4 N      26  --  R15 D16 Q17 Q4 C3 C14
R17 : T -26.64c W -26.75c S  -0.22c ( -1.7 L  -1.0) LCB  -28.47c P  0.35% WF  88.5 PSV       3 N      34  --  R17 D4 C16 Q3 R5 E17
R14 : T -33.95c W -33.30c S  -0.65c ( -2.1 L  -1.4) LCB -383.95c P  0.04% WF   2.2 PSV       0 N       1  --  R14
Q13 : T -37.42c W -36.51c S  -0.91c ( -2.3 L  -1.5) LCB -387.42c P  0.03% WF   2.0 PSV       0 N       1  --  Q13
Q14 : T -36.48c W -35.58c S  -0.91c ( -2.3 L  -1.6) LCB -386.48c P  0.03% WF   2.1 PSV       0 N       1  --  Q14
Q11 : T -36.83c W -35.91c S  -0.92c ( -2.3 L  -1.5) LCB -386.83c P  0.02% WF   2.1 PSV       0 N       1  --  Q11
Q10 : T -35.51c W -34.65c S  -0.87c ( -2.3 L  -1.5) LCB -385.51c P  0.02% WF   2.1 PSV       0 N       1  --  Q10

2024-03-15 13:01:02+0800: = play Q16
