2024-03-16 11:54:19+0800: Running with following config:
allowResignation = true
friendlyPassOk = true
hasButton = false
koRule = SIMPLE
lagBuffer = 1.0
logAllGTPCommunication = true
logDir = gtp_logs
logSearchInfo = true
logToStderr = false
multiStoneSuicideLegal = false
nnCacheSizePowerOfTwo = 20
nnMutexPoolSizePowerOfTwo = 16
numNNServerThreadsPerModel = 1
numSearchThreads = 8
openclDeviceToUseThread0 = 0
ponderingEnabled = false
resignConsecTurns = 3
resignThreshold = -0.90
scoringRule = AREA
searchFactorAfterOnePass = 0.50
searchFactorAfterTwoPass = 0.25
searchFactorWhenWinning = 0.40
searchFactorWhenWinningThreshold = 0.95
taxRule = NONE
whiteHandicapBonus = N

2024-03-16 11:54:19+0800: GTP Engine starting...
2024-03-16 11:54:19+0800: KataGo v1.13.0
2024-03-16 11:54:19+0800: Using Chinese rules initially, unless GTP/GUI overrides this
2024-03-16 11:54:19+0800: Using 8 CPU thread(s) for search
2024-03-16 11:54:19+0800: nnRandSeed0 = 13991333270169841775
2024-03-16 11:54:19+0800: After dedups: nnModelFile0 = F:\homework\毕业设计\katago-v1.13.0-opencl-windows-x64\model.bin useFP16 auto useNHWC auto
2024-03-16 11:54:19+0800: Initializing neural net buffer to be size 19 * 19 exactly
2024-03-16 11:54:20+0800: Found OpenCL Platform 0: NVIDIA CUDA (NVIDIA Corporation) (OpenCL 3.0 CUDA 12.3.99)
2024-03-16 11:54:20+0800: Found 1 device(s) on platform 0 with type CPU or GPU or Accelerator
2024-03-16 11:54:20+0800: Found OpenCL Device 0: NVIDIA GeForce RTX 2060 (NVIDIA Corporation) (score 11000300)
2024-03-16 11:54:20+0800: Creating context for OpenCL Platform: NVIDIA CUDA (NVIDIA Corporation) (OpenCL 3.0 CUDA 12.3.99)
2024-03-16 11:54:21+0800: Using OpenCL Device 0: NVIDIA GeForce RTX 2060 (NVIDIA Corporation) OpenCL 3.0 CUDA (Extensions: cl_khr_global_int32_base_atomics cl_khr_global_int32_extended_atomics cl_khr_local_int32_base_atomics cl_khr_local_int32_extended_atomics cl_khr_fp64 cl_khr_3d_image_writes cl_khr_byte_addressable_store cl_khr_icd cl_khr_gl_sharing cl_nv_compiler_options cl_nv_device_attribute_query cl_nv_pragma_unroll cl_nv_d3d10_sharing cl_khr_d3d10_sharing cl_nv_d3d11_sharing cl_nv_copy_opts cl_nv_create_buffer cl_khr_int64_base_atomics cl_khr_int64_extended_atomics cl_khr_device_uuid cl_khr_pci_bus_info cl_khr_external_semaphore cl_khr_external_memory cl_khr_external_semaphore_win32 cl_khr_external_memory_win32)
2024-03-16 11:54:21+0800: Loaded tuning parameters from: F:\homework\毕业设计\katago-v1.13.0-opencl-windows-x64/KataGoData/opencltuning/tune11_gpuNVIDIAGeForceRTX2060_x19_y19_c384_mv14.txt
2024-03-16 11:54:21+0800: OpenCL backend thread 0: Device 0 Model version 14
2024-03-16 11:54:21+0800: OpenCL backend thread 0: Device 0 Model name: kata1-b18c384nbt-s7192213760-d3579182099
2024-03-16 11:54:23+0800: OpenCL backend thread 0: Device 0 FP16Storage true FP16Compute false FP16TensorCores true FP16TensorCoresFor1x1 false
2024-03-16 11:54:23+0800: Loaded neural net with nnXLen 19 nnYLen 19
2024-03-16 11:54:23+0800: Initializing board with boardXSize 19 boardYSize 19
2024-03-16 11:54:23+0800: Loaded config F:\homework\毕业设计\katago-v1.13.0-opencl-windows-x64\gtp_custom.cfg
2024-03-16 11:54:23+0800: Loaded model F:\homework\毕业设计\katago-v1.13.0-opencl-windows-x64\model.bin
2024-03-16 11:54:23+0800: Model name: kata1-b18c384nbt-s7192213760-d3579182099
2024-03-16 11:54:23+0800: GTP ready, beginning main protocol loop
2024-03-16 11:54:38+0800: Controller: loadsgf C:/Users/KILLLAKILL/AppData/LocalLow/DefaultCompany/yiwu/RecentGames\sgf_1659790193.sgf 1
2024-03-16 11:54:38+0800: Changing komi to 5.5
2024-03-16 11:54:38+0800: GPU 0 finishing, processed 0 rows 0 batches
2024-03-16 11:54:38+0800: Cleaned up old neural net and bot
2024-03-16 11:54:38+0800: nnRandSeed0 = 15938368763229320241
2024-03-16 11:54:38+0800: After dedups: nnModelFile0 = F:\homework\毕业设计\katago-v1.13.0-opencl-windows-x64\model.bin useFP16 auto useNHWC auto
2024-03-16 11:54:38+0800: Initializing neural net buffer to be size 9 * 9 exactly
2024-03-16 11:54:39+0800: Found OpenCL Platform 0: NVIDIA CUDA (NVIDIA Corporation) (OpenCL 3.0 CUDA 12.3.99)
2024-03-16 11:54:39+0800: Found 1 device(s) on platform 0 with type CPU or GPU or Accelerator
2024-03-16 11:54:39+0800: Found OpenCL Device 0: NVIDIA GeForce RTX 2060 (NVIDIA Corporation) (score 11000300)
2024-03-16 11:54:39+0800: Creating context for OpenCL Platform: NVIDIA CUDA (NVIDIA Corporation) (OpenCL 3.0 CUDA 12.3.99)
2024-03-16 11:54:39+0800: Using OpenCL Device 0: NVIDIA GeForce RTX 2060 (NVIDIA Corporation) OpenCL 3.0 CUDA (Extensions: cl_khr_global_int32_base_atomics cl_khr_global_int32_extended_atomics cl_khr_local_int32_base_atomics cl_khr_local_int32_extended_atomics cl_khr_fp64 cl_khr_3d_image_writes cl_khr_byte_addressable_store cl_khr_icd cl_khr_gl_sharing cl_nv_compiler_options cl_nv_device_attribute_query cl_nv_pragma_unroll cl_nv_d3d10_sharing cl_khr_d3d10_sharing cl_nv_d3d11_sharing cl_nv_copy_opts cl_nv_create_buffer cl_khr_int64_base_atomics cl_khr_int64_extended_atomics cl_khr_device_uuid cl_khr_pci_bus_info cl_khr_external_semaphore cl_khr_external_memory cl_khr_external_semaphore_win32 cl_khr_external_memory_win32)
2024-03-16 11:54:39+0800: Loaded tuning parameters from: F:\homework\毕业设计\katago-v1.13.0-opencl-windows-x64/KataGoData/opencltuning/tune11_gpuNVIDIAGeForceRTX2060_x19_y19_c384_mv14.txt
2024-03-16 11:54:39+0800: OpenCL backend thread 0: Device 0 Model version 14
2024-03-16 11:54:39+0800: OpenCL backend thread 0: Device 0 Model name: kata1-b18c384nbt-s7192213760-d3579182099
2024-03-16 11:54:41+0800: OpenCL backend thread 0: Device 0 FP16Storage true FP16Compute false FP16TensorCores true FP16TensorCoresFor1x1 false
2024-03-16 11:54:41+0800: Loaded neural net with nnXLen 9 nnYLen 9
2024-03-16 11:54:41+0800: Initializing board with boardXSize 9 boardYSize 9
2024-03-16 11:54:41+0800: = 
2024-03-16 11:54:46+0800: Controller: loadsgf C:/Users/KILLLAKILL/AppData/LocalLow/DefaultCompany/yiwu/RecentGames\sgf_1659790193.sgf 4
2024-03-16 11:54:46+0800: = 
2024-03-16 11:54:46+0800: Controller: lz-genmove_analyze maxmoves 6
2024-03-16 11:54:51+0800: MoveNum: 3 HASH: 4FD053605BDA3B3AC611A19BC31D9EF0
   A B C D E F G H J
 9 . . . . . . . . .
 8 . . . . . . . . .
 7 . . . X3. . . . .
 6 . . . . . . . . .
 5 . . . O2X1. . . .
 4 . . . . @ . . . .
 3 . . . . . . . . .
 2 . . . . . . . . .
 1 . . . . . . . . .

koSIMPLEscoreAREAtaxNONEsui0whbNfpok1komi5.5
Time taken: 5
Root visits: 4964
New playouts: 4964
NN rows: 2417
NN batches: 605
NN avg batch size: 3.99504
PV: E4 F5 D6 D4 E6 F6 C4 D3 E7 C3 F7 H6 G3 F3 F2 E2 H4 G7
Tree:
: T  48.77c W  44.32c S   4.19c ( +1.6 L  +1.5) N    4964  --  E4 F5 D6 D4 E6 F6 C4
---White(^)---
E4  : T  49.80c W  45.27c S   4.27c ( +1.6 L  +1.5) LCB   46.48c P 86.36% WF 3051.9 PSV    3036 N    4935  --  E4 F5 D6 D4 E6 F6 C4 D3
D4  : T -43.50c W -41.33c S  -2.18c ( -1.7 L  -1.1) LCB  -66.03c P  8.91% WF   6.0 PSV      10 N      10  --  D4 E4 E3 F3 D3 G4 E6 D6
D6  : T -66.04c W -61.37c S  -3.10c ( -2.2 L  -1.5) LCB -215.91c P  2.51% WF   1.3 PSV       2 N       2  --  D6 E6
E6  : T -88.96c W -82.46c S  -6.50c ( -4.1 L  -3.2) LCB -438.96c P  1.07% WF   0.9 PSV       0 N       1  --  E6
D3  : T -72.76c W -68.77c S  -3.98c ( -2.6 L  -1.1) LCB -422.76c P  0.27% WF   0.8 PSV       0 N       1  --  D3
G6  : T -100.63c W -91.05c S  -9.58c ( -5.4 L  -4.2) LCB -450.63c P  0.19% WF   1.2 PSV       0 N       1  --  G6
G5  : T -98.45c W -90.05c S  -8.40c ( -4.8 L  -3.3) LCB -448.45c P  0.12% WF   1.0 PSV       0 N       1  --  G5
C7  : T -97.21c W -90.08c S  -7.12c ( -4.1 L  -3.0) LCB -447.21c P  0.06% WF   1.2 PSV       0 N       1  --  C7
F7  : T -101.97c W -92.26c S  -9.70c ( -5.6 L  -4.0) LCB -451.97c P  0.05% WF   1.3 PSV       0 N       1  --  F7
E3  : T -96.28c W -88.41c S  -7.87c ( -4.3 L  -3.6) LCB -446.28c P  0.05% WF   1.6 PSV       0 N       1  --  E3

2024-03-16 11:54:51+0800: = play E4
