2024-03-18 17:34:43+0800: Running with following config:
allowResignation = true
friendlyPassOk = true
hasButton = false
koRule = SIMPLE
lagBuffer = 1.0
logAllGTPCommunication = true
logDir = gtp_logs
logSearchInfo = true
logToStderr = false
multiStoneSuicideLegal = false
nnCacheSizePowerOfTwo = 20
nnMutexPoolSizePowerOfTwo = 16
numNNServerThreadsPerModel = 1
numSearchThreads = 8
openclDeviceToUseThread0 = 0
ponderingEnabled = false
resignConsecTurns = 3
resignThreshold = -0.90
scoringRule = AREA
searchFactorAfterOnePass = 0.50
searchFactorAfterTwoPass = 0.25
searchFactorWhenWinning = 0.40
searchFactorWhenWinningThreshold = 0.95
taxRule = NONE
whiteHandicapBonus = N

2024-03-18 17:34:43+0800: GTP Engine starting...
2024-03-18 17:34:43+0800: KataGo v1.13.0
2024-03-18 17:34:43+0800: Using Chinese rules initially, unless GTP/GUI overrides this
2024-03-18 17:34:43+0800: Using 8 CPU thread(s) for search
2024-03-18 17:34:43+0800: nnRandSeed0 = 7050635348093493448
2024-03-18 17:34:43+0800: After dedups: nnModelFile0 = F:\homework\毕业设计\katago-v1.13.0-opencl-windows-x64\model.bin useFP16 auto useNHWC auto
2024-03-18 17:34:43+0800: Initializing neural net buffer to be size 19 * 19 exactly
2024-03-18 17:34:44+0800: Found OpenCL Platform 0: NVIDIA CUDA (NVIDIA Corporation) (OpenCL 3.0 CUDA 12.3.99)
2024-03-18 17:34:44+0800: Found 1 device(s) on platform 0 with type CPU or GPU or Accelerator
2024-03-18 17:34:44+0800: Found OpenCL Device 0: NVIDIA GeForce RTX 2060 (NVIDIA Corporation) (score 11000300)
2024-03-18 17:34:44+0800: Creating context for OpenCL Platform: NVIDIA CUDA (NVIDIA Corporation) (OpenCL 3.0 CUDA 12.3.99)
2024-03-18 17:34:44+0800: Using OpenCL Device 0: NVIDIA GeForce RTX 2060 (NVIDIA Corporation) OpenCL 3.0 CUDA (Extensions: cl_khr_global_int32_base_atomics cl_khr_global_int32_extended_atomics cl_khr_local_int32_base_atomics cl_khr_local_int32_extended_atomics cl_khr_fp64 cl_khr_3d_image_writes cl_khr_byte_addressable_store cl_khr_icd cl_khr_gl_sharing cl_nv_compiler_options cl_nv_device_attribute_query cl_nv_pragma_unroll cl_nv_d3d10_sharing cl_khr_d3d10_sharing cl_nv_d3d11_sharing cl_nv_copy_opts cl_nv_create_buffer cl_khr_int64_base_atomics cl_khr_int64_extended_atomics cl_khr_device_uuid cl_khr_pci_bus_info cl_khr_external_semaphore cl_khr_external_memory cl_khr_external_semaphore_win32 cl_khr_external_memory_win32)
2024-03-18 17:34:44+0800: Loaded tuning parameters from: F:\homework\毕业设计\katago-v1.13.0-opencl-windows-x64/KataGoData/opencltuning/tune11_gpuNVIDIAGeForceRTX2060_x19_y19_c384_mv14.txt
2024-03-18 17:34:44+0800: OpenCL backend thread 0: Device 0 Model version 14
2024-03-18 17:34:44+0800: OpenCL backend thread 0: Device 0 Model name: kata1-b18c384nbt-s7192213760-d3579182099
2024-03-18 17:34:47+0800: OpenCL backend thread 0: Device 0 FP16Storage true FP16Compute false FP16TensorCores true FP16TensorCoresFor1x1 false
2024-03-18 17:34:47+0800: Loaded neural net with nnXLen 19 nnYLen 19
2024-03-18 17:34:47+0800: Initializing board with boardXSize 19 boardYSize 19
2024-03-18 17:34:47+0800: Loaded config F:\homework\毕业设计\katago-v1.13.0-opencl-windows-x64\gtp_custom.cfg
2024-03-18 17:34:47+0800: Loaded model F:\homework\毕业设计\katago-v1.13.0-opencl-windows-x64\model.bin
2024-03-18 17:34:47+0800: Model name: kata1-b18c384nbt-s7192213760-d3579182099
2024-03-18 17:34:47+0800: GTP ready, beginning main protocol loop
2024-03-18 17:34:52+0800: Controller: loadsgf C:/Users/KILLLAKILL/AppData/LocalLow/DefaultCompany/yiwu/RecentGames\sgf_1701255612.sgf 1
2024-03-18 17:34:52+0800: Changing komi to 5.5
2024-03-18 17:34:52+0800: GPU 0 finishing, processed 0 rows 0 batches
2024-03-18 17:34:52+0800: Cleaned up old neural net and bot
2024-03-18 17:34:52+0800: nnRandSeed0 = 8954548595063123140
2024-03-18 17:34:52+0800: After dedups: nnModelFile0 = F:\homework\毕业设计\katago-v1.13.0-opencl-windows-x64\model.bin useFP16 auto useNHWC auto
2024-03-18 17:34:52+0800: Initializing neural net buffer to be size 9 * 9 exactly
2024-03-18 17:34:53+0800: Found OpenCL Platform 0: NVIDIA CUDA (NVIDIA Corporation) (OpenCL 3.0 CUDA 12.3.99)
2024-03-18 17:34:53+0800: Found 1 device(s) on platform 0 with type CPU or GPU or Accelerator
2024-03-18 17:34:53+0800: Found OpenCL Device 0: NVIDIA GeForce RTX 2060 (NVIDIA Corporation) (score 11000300)
2024-03-18 17:34:53+0800: Creating context for OpenCL Platform: NVIDIA CUDA (NVIDIA Corporation) (OpenCL 3.0 CUDA 12.3.99)
2024-03-18 17:34:53+0800: Using OpenCL Device 0: NVIDIA GeForce RTX 2060 (NVIDIA Corporation) OpenCL 3.0 CUDA (Extensions: cl_khr_global_int32_base_atomics cl_khr_global_int32_extended_atomics cl_khr_local_int32_base_atomics cl_khr_local_int32_extended_atomics cl_khr_fp64 cl_khr_3d_image_writes cl_khr_byte_addressable_store cl_khr_icd cl_khr_gl_sharing cl_nv_compiler_options cl_nv_device_attribute_query cl_nv_pragma_unroll cl_nv_d3d10_sharing cl_khr_d3d10_sharing cl_nv_d3d11_sharing cl_nv_copy_opts cl_nv_create_buffer cl_khr_int64_base_atomics cl_khr_int64_extended_atomics cl_khr_device_uuid cl_khr_pci_bus_info cl_khr_external_semaphore cl_khr_external_memory cl_khr_external_semaphore_win32 cl_khr_external_memory_win32)
2024-03-18 17:34:53+0800: Loaded tuning parameters from: F:\homework\毕业设计\katago-v1.13.0-opencl-windows-x64/KataGoData/opencltuning/tune11_gpuNVIDIAGeForceRTX2060_x19_y19_c384_mv14.txt
2024-03-18 17:34:53+0800: OpenCL backend thread 0: Device 0 Model version 14
2024-03-18 17:34:53+0800: OpenCL backend thread 0: Device 0 Model name: kata1-b18c384nbt-s7192213760-d3579182099
2024-03-18 17:34:55+0800: OpenCL backend thread 0: Device 0 FP16Storage true FP16Compute false FP16TensorCores true FP16TensorCoresFor1x1 false
2024-03-18 17:34:55+0800: Loaded neural net with nnXLen 9 nnYLen 9
2024-03-18 17:34:55+0800: Initializing board with boardXSize 9 boardYSize 9
2024-03-18 17:34:55+0800: = 
2024-03-18 17:35:20+0800: Controller: loadsgf C:/Users/KILLLAKILL/AppData/LocalLow/DefaultCompany/yiwu/RecentGames\sgf_1701255612.sgf 26
2024-03-18 17:35:20+0800: = 
2024-03-18 17:35:20+0800: Controller: lz-genmove_analyze maxmoves 6
2024-03-18 17:35:25+0800: MoveNum: 25 HASH: 2AC84B9179944BF863515966EF4C1131
   A B C D E F G H J
 9 . . . . . . . . .
 8 . . . . . @ . . .
 7 . . X X . . X3. .
 6 . X O X1O . . . .
 5 . O O2O O O O . .
 4 . . O X O O X . .
 3 . . X X O X X . .
 2 . . . . X . . . .
 1 . . . . . . . . .

koSIMPLEscoreAREAtaxNONEsui0whbNfpok1komi5.5
Time taken: 5.016
Root visits: 5164
New playouts: 5164
NN rows: 2400
NN batches: 601
NN avg batch size: 3.99334
PV: F8 E8 F7 B7 F2 D2 H2 G2 E7 D8 H4 H3 J3 F1 H5 F9 G9 E9 G8 B3 A5 C9 A3
Tree:
: T 100.93c W  99.11c S   2.22c ( +5.5 L  +6.1) N    5164  --  F8 E8 F7 B7 F2 D2 H2
---White(^)---
F8  : T 101.20c W  99.14c S   2.47c ( +5.6 L  +6.1) LCB  100.73c P 42.49% WF 7389.0 PSV    9424 N    3173  --  F8 E8 F7 B7 F2 D2 H2 G2
F2  : T 100.52c W  99.11c S   1.75c ( +5.3 L  +5.9) LCB   99.94c P 41.56% WF 3168.0 PSV    2745 N    1389  --  F2 D2 E7 E8 H5 H3 F8 D8
E7  : T 100.88c W  99.24c S   2.19c ( +5.5 L  +6.1) LCB  100.09c P 10.06% WF 1308.1 PSV     987 N     556  --  E7 E8 F8 D8 G8 H7 F7 B8
D2  : T  96.70c W  98.42c S  -1.16c ( +4.2 L  +4.5) LCB   93.11c P  2.28% WF  33.5 PSV      33 N      19  --  D2 C2 F8 E8 F7 H5 H6 F9
H5  : T  93.83c W  97.51c S  -3.86c ( +3.2 L  +3.5) LCB   84.22c P  2.62% WF  23.2 PSV      24 N      13  --  H5 B3 F8 E8 E7 D8 F7 F9
H4  : T  87.67c W  93.12c S  -3.85c ( +3.1 L  +3.0) LCB  -63.65c P  0.50% WF   1.7 PSV       2 N       2  --  H4 E7
H3  : T  35.52c W  43.28c S  -7.77c ( +1.2 L  +0.8) LCB -314.48c P  0.11% WF   0.4 PSV       0 N       1  --  H3
G2  : T  39.66c W  47.35c S  -7.69c ( +1.1 L  +0.8) LCB -310.34c P  0.08% WF   0.4 PSV       0 N       1  --  G2
C2  : T  69.40c W  76.17c S  -6.78c ( +1.7 L  +1.5) LCB -280.60c P  0.04% WF   0.6 PSV       0 N       1  --  C2
F7  : T -23.95c W -12.99c S -10.96c ( -0.9 L  -1.0) LCB -373.95c P  0.04% WF   0.3 PSV       0 N       1  --  F7

2024-03-18 17:35:25+0800: = play F8
