2024-03-17 12:04:30+0800: Running with following config:
allowResignation = true
friendlyPassOk = true
hasButton = false
koRule = SIMPLE
lagBuffer = 1.0
logAllGTPCommunication = true
logDir = gtp_logs
logSearchInfo = true
logToStderr = false
multiStoneSuicideLegal = false
nnCacheSizePowerOfTwo = 20
nnMutexPoolSizePowerOfTwo = 16
numNNServerThreadsPerModel = 1
numSearchThreads = 8
openclDeviceToUseThread0 = 0
ponderingEnabled = false
resignConsecTurns = 3
resignThreshold = -0.90
scoringRule = AREA
searchFactorAfterOnePass = 0.50
searchFactorAfterTwoPass = 0.25
searchFactorWhenWinning = 0.40
searchFactorWhenWinningThreshold = 0.95
taxRule = NONE
whiteHandicapBonus = N

2024-03-17 12:04:30+0800: GTP Engine starting...
2024-03-17 12:04:30+0800: KataGo v1.13.0
2024-03-17 12:04:30+0800: Using Chinese rules initially, unless GTP/GUI overrides this
2024-03-17 12:04:30+0800: Using 8 CPU thread(s) for search
2024-03-17 12:04:30+0800: nnRandSeed0 = 1172183881221609596
2024-03-17 12:04:30+0800: After dedups: nnModelFile0 = F:\homework\毕业设计\katago-v1.13.0-opencl-windows-x64\model.bin useFP16 auto useNHWC auto
2024-03-17 12:04:30+0800: Initializing neural net buffer to be size 19 * 19 exactly
2024-03-17 12:04:30+0800: Found OpenCL Platform 0: NVIDIA CUDA (NVIDIA Corporation) (OpenCL 3.0 CUDA 12.3.99)
2024-03-17 12:04:30+0800: Found 1 device(s) on platform 0 with type CPU or GPU or Accelerator
2024-03-17 12:04:30+0800: Found OpenCL Device 0: NVIDIA GeForce RTX 2060 (NVIDIA Corporation) (score 11000300)
2024-03-17 12:04:30+0800: Creating context for OpenCL Platform: NVIDIA CUDA (NVIDIA Corporation) (OpenCL 3.0 CUDA 12.3.99)
2024-03-17 12:04:31+0800: Using OpenCL Device 0: NVIDIA GeForce RTX 2060 (NVIDIA Corporation) OpenCL 3.0 CUDA (Extensions: cl_khr_global_int32_base_atomics cl_khr_global_int32_extended_atomics cl_khr_local_int32_base_atomics cl_khr_local_int32_extended_atomics cl_khr_fp64 cl_khr_3d_image_writes cl_khr_byte_addressable_store cl_khr_icd cl_khr_gl_sharing cl_nv_compiler_options cl_nv_device_attribute_query cl_nv_pragma_unroll cl_nv_d3d10_sharing cl_khr_d3d10_sharing cl_nv_d3d11_sharing cl_nv_copy_opts cl_nv_create_buffer cl_khr_int64_base_atomics cl_khr_int64_extended_atomics cl_khr_device_uuid cl_khr_pci_bus_info cl_khr_external_semaphore cl_khr_external_memory cl_khr_external_semaphore_win32 cl_khr_external_memory_win32)
2024-03-17 12:04:31+0800: Loaded tuning parameters from: F:\homework\毕业设计\katago-v1.13.0-opencl-windows-x64/KataGoData/opencltuning/tune11_gpuNVIDIAGeForceRTX2060_x19_y19_c384_mv14.txt
2024-03-17 12:04:31+0800: OpenCL backend thread 0: Device 0 Model version 14
2024-03-17 12:04:31+0800: OpenCL backend thread 0: Device 0 Model name: kata1-b18c384nbt-s7192213760-d3579182099
2024-03-17 12:04:33+0800: OpenCL backend thread 0: Device 0 FP16Storage true FP16Compute false FP16TensorCores true FP16TensorCoresFor1x1 false
2024-03-17 12:04:33+0800: Loaded neural net with nnXLen 19 nnYLen 19
2024-03-17 12:04:33+0800: Initializing board with boardXSize 19 boardYSize 19
2024-03-17 12:04:33+0800: Loaded config F:\homework\毕业设计\katago-v1.13.0-opencl-windows-x64\gtp_custom.cfg
2024-03-17 12:04:33+0800: Loaded model F:\homework\毕业设计\katago-v1.13.0-opencl-windows-x64\model.bin
2024-03-17 12:04:33+0800: Model name: kata1-b18c384nbt-s7192213760-d3579182099
2024-03-17 12:04:33+0800: GTP ready, beginning main protocol loop
2024-03-17 12:04:39+0800: Controller: loadsgf C:/Users/KILLLAKILL/AppData/LocalLow/DefaultCompany/yiwu/RecentGames\sgf_1701255612.sgf 1
2024-03-17 12:04:39+0800: Changing komi to 5.5
2024-03-17 12:04:39+0800: GPU 0 finishing, processed 0 rows 0 batches
2024-03-17 12:04:39+0800: Cleaned up old neural net and bot
2024-03-17 12:04:39+0800: nnRandSeed0 = 5059154081756480904
2024-03-17 12:04:39+0800: After dedups: nnModelFile0 = F:\homework\毕业设计\katago-v1.13.0-opencl-windows-x64\model.bin useFP16 auto useNHWC auto
2024-03-17 12:04:39+0800: Initializing neural net buffer to be size 9 * 9 exactly
2024-03-17 12:04:39+0800: Found OpenCL Platform 0: NVIDIA CUDA (NVIDIA Corporation) (OpenCL 3.0 CUDA 12.3.99)
2024-03-17 12:04:39+0800: Found 1 device(s) on platform 0 with type CPU or GPU or Accelerator
2024-03-17 12:04:39+0800: Found OpenCL Device 0: NVIDIA GeForce RTX 2060 (NVIDIA Corporation) (score 11000300)
2024-03-17 12:04:39+0800: Creating context for OpenCL Platform: NVIDIA CUDA (NVIDIA Corporation) (OpenCL 3.0 CUDA 12.3.99)
2024-03-17 12:04:39+0800: Using OpenCL Device 0: NVIDIA GeForce RTX 2060 (NVIDIA Corporation) OpenCL 3.0 CUDA (Extensions: cl_khr_global_int32_base_atomics cl_khr_global_int32_extended_atomics cl_khr_local_int32_base_atomics cl_khr_local_int32_extended_atomics cl_khr_fp64 cl_khr_3d_image_writes cl_khr_byte_addressable_store cl_khr_icd cl_khr_gl_sharing cl_nv_compiler_options cl_nv_device_attribute_query cl_nv_pragma_unroll cl_nv_d3d10_sharing cl_khr_d3d10_sharing cl_nv_d3d11_sharing cl_nv_copy_opts cl_nv_create_buffer cl_khr_int64_base_atomics cl_khr_int64_extended_atomics cl_khr_device_uuid cl_khr_pci_bus_info cl_khr_external_semaphore cl_khr_external_memory cl_khr_external_semaphore_win32 cl_khr_external_memory_win32)
2024-03-17 12:04:39+0800: Loaded tuning parameters from: F:\homework\毕业设计\katago-v1.13.0-opencl-windows-x64/KataGoData/opencltuning/tune11_gpuNVIDIAGeForceRTX2060_x19_y19_c384_mv14.txt
2024-03-17 12:04:40+0800: OpenCL backend thread 0: Device 0 Model version 14
2024-03-17 12:04:40+0800: OpenCL backend thread 0: Device 0 Model name: kata1-b18c384nbt-s7192213760-d3579182099
2024-03-17 12:04:42+0800: OpenCL backend thread 0: Device 0 FP16Storage true FP16Compute false FP16TensorCores true FP16TensorCoresFor1x1 false
2024-03-17 12:04:42+0800: Loaded neural net with nnXLen 9 nnYLen 9
2024-03-17 12:04:42+0800: Initializing board with boardXSize 9 boardYSize 9
2024-03-17 12:04:42+0800: = 
2024-03-17 12:04:45+0800: Controller: loadsgf C:/Users/KILLLAKILL/AppData/LocalLow/DefaultCompany/yiwu/RecentGames\sgf_1701255612.sgf 6
2024-03-17 12:04:45+0800: = 
2024-03-17 12:04:45+0800: Controller: lz-genmove_analyze maxmoves 6
2024-03-17 12:04:50+0800: MoveNum: 5 HASH: FFE96295C396DA517064CFFB0FD39D37
   A B C D E F G H J
 9 . . . . . . . . .
 8 . . . . . . . . .
 7 . . X . . . . . .
 6 . . . . . . . . .
 5 . . . . O O2. . .
 4 . . . . . . . . .
 3 . . X1. @ . X3. .
 2 . . . . . . . . .
 1 . . . . . . . . .

koSIMPLEscoreAREAtaxNONEsui0whbNfpok1komi5.5
Time taken: 5
Root visits: 2837
New playouts: 2837
NN rows: 2507
NN batches: 627
NN avg batch size: 3.99841
PV: E3 D4 F3 H5 F7 H4 H6 G2 C6 D6 D7 B6 C5 D5 B7 C8 B8 B5
Tree:
: T -52.56c W -49.27c S  -2.72c ( -2.1 L  -1.7) N    2837  --  E3 D4 F3 H5 F7 H4 H6
---White(^)---
E3  : T -50.72c W -47.49c S  -2.73c ( -2.1 L  -1.7) LCB  -56.47c P 39.04% WF 1594.5 PSV    1568 N    2275  --  E3 D4 F3 H5 F7 H4 H6 G2
C5  : T -59.22c W -53.27c S  -3.05c ( -2.3 L  -1.7) LCB  -70.29c P 27.75% WF 209.3 PSV     225 N     291  --  C5 D4 C6 E7 F3 F2 E3 E2
F2  : T -48.82c W -49.48c S  -2.39c ( -2.0 L  -1.4) LCB  -63.22c P  3.40% WF  87.6 PSV      87 N     102  --  F2 H5 C5 D4 D5 F3 E7 E8
E7  : T -61.19c W -59.88c S  -1.63c ( -1.5 L  -1.0) LCB  -79.39c P 12.51% WF  81.7 PSV      85 N     112  --  E7 C5 D4 C4 G4 H4 H5 F4
D7  : T -58.15c W -60.00c S  -2.25c ( -1.8 L  -1.1) LCB  -78.32c P  2.26% WF  19.2 PSV      20 N      21  --  D7 C6 G4 D8 E8
F3  : T -79.32c W -70.20c S  -3.66c ( -2.5 L  -1.9) LCB -107.57c P  5.41% WF  12.9 PSV      15 N      15  --  F3 F2 E2 E3 D3 F4 E4 F3
G4  : T -80.09c W -75.37c S  -3.39c ( -2.3 L  -2.0) LCB -118.65c P  2.51% WF   5.8 PSV       6 N       6  --  G4 F3 D4 D3
C6  : T -86.69c W -79.21c S  -4.41c ( -2.9 L  -1.9) LCB -119.21c P  2.65% WF   5.2 PSV       6 N       5  --  C6 D6 D5 B6 C5
D3  : T -91.41c W -82.81c S  -5.49c ( -3.4 L  -2.4) LCB -137.04c P  2.16% WF   4.1 PSV       4 N       4  --  D3 D4 F3
C4  : T -80.67c W -77.11c S  -3.55c ( -2.5 L  -1.2) LCB -430.67c P  0.62% WF   1.2 PSV       1 N       1  --  C4

2024-03-17 12:04:50+0800: = play E3
