2024-03-15 15:02:20+0800: Running with following config:
allowResignation = true
friendlyPassOk = true
hasButton = false
koRule = SIMPLE
lagBuffer = 1.0
logAllGTPCommunication = true
logDir = gtp_logs
logSearchInfo = true
logToStderr = false
multiStoneSuicideLegal = false
nnCacheSizePowerOfTwo = 20
nnMutexPoolSizePowerOfTwo = 16
numNNServerThreadsPerModel = 1
numSearchThreads = 8
openclDeviceToUseThread0 = 0
ponderingEnabled = false
resignConsecTurns = 3
resignThreshold = -0.90
scoringRule = AREA
searchFactorAfterOnePass = 0.50
searchFactorAfterTwoPass = 0.25
searchFactorWhenWinning = 0.40
searchFactorWhenWinningThreshold = 0.95
taxRule = NONE
whiteHandicapBonus = N

2024-03-15 15:02:20+0800: GTP Engine starting...
2024-03-15 15:02:20+0800: KataGo v1.13.0
2024-03-15 15:02:20+0800: Using Chinese rules initially, unless GTP/GUI overrides this
2024-03-15 15:02:20+0800: Using 8 CPU thread(s) for search
2024-03-15 15:02:20+0800: nnRandSeed0 = 13101397252907831978
2024-03-15 15:02:20+0800: After dedups: nnModelFile0 = F:\homework\毕业设计\katago-v1.13.0-opencl-windows-x64\model.bin useFP16 auto useNHWC auto
2024-03-15 15:02:20+0800: Initializing neural net buffer to be size 19 * 19 exactly
2024-03-15 15:02:21+0800: Found OpenCL Platform 0: NVIDIA CUDA (NVIDIA Corporation) (OpenCL 3.0 CUDA 12.3.99)
2024-03-15 15:02:21+0800: Found 1 device(s) on platform 0 with type CPU or GPU or Accelerator
2024-03-15 15:02:21+0800: Found OpenCL Device 0: NVIDIA GeForce RTX 2060 (NVIDIA Corporation) (score 11000300)
2024-03-15 15:02:21+0800: Creating context for OpenCL Platform: NVIDIA CUDA (NVIDIA Corporation) (OpenCL 3.0 CUDA 12.3.99)
2024-03-15 15:02:21+0800: Using OpenCL Device 0: NVIDIA GeForce RTX 2060 (NVIDIA Corporation) OpenCL 3.0 CUDA (Extensions: cl_khr_global_int32_base_atomics cl_khr_global_int32_extended_atomics cl_khr_local_int32_base_atomics cl_khr_local_int32_extended_atomics cl_khr_fp64 cl_khr_3d_image_writes cl_khr_byte_addressable_store cl_khr_icd cl_khr_gl_sharing cl_nv_compiler_options cl_nv_device_attribute_query cl_nv_pragma_unroll cl_nv_d3d10_sharing cl_khr_d3d10_sharing cl_nv_d3d11_sharing cl_nv_copy_opts cl_nv_create_buffer cl_khr_int64_base_atomics cl_khr_int64_extended_atomics cl_khr_device_uuid cl_khr_pci_bus_info cl_khr_external_semaphore cl_khr_external_memory cl_khr_external_semaphore_win32 cl_khr_external_memory_win32)
2024-03-15 15:02:21+0800: Loaded tuning parameters from: F:\homework\毕业设计\katago-v1.13.0-opencl-windows-x64/KataGoData/opencltuning/tune11_gpuNVIDIAGeForceRTX2060_x19_y19_c384_mv14.txt
2024-03-15 15:02:21+0800: OpenCL backend thread 0: Device 0 Model version 14
2024-03-15 15:02:21+0800: OpenCL backend thread 0: Device 0 Model name: kata1-b18c384nbt-s7192213760-d3579182099
2024-03-15 15:02:24+0800: OpenCL backend thread 0: Device 0 FP16Storage true FP16Compute false FP16TensorCores true FP16TensorCoresFor1x1 false
2024-03-15 15:02:24+0800: Loaded neural net with nnXLen 19 nnYLen 19
2024-03-15 15:02:24+0800: Initializing board with boardXSize 19 boardYSize 19
2024-03-15 15:02:24+0800: Loaded config F:\homework\毕业设计\katago-v1.13.0-opencl-windows-x64\gtp_custom.cfg
2024-03-15 15:02:24+0800: Loaded model F:\homework\毕业设计\katago-v1.13.0-opencl-windows-x64\model.bin
2024-03-15 15:02:24+0800: Model name: kata1-b18c384nbt-s7192213760-d3579182099
2024-03-15 15:02:24+0800: GTP ready, beginning main protocol loop
2024-03-15 15:02:32+0800: Controller: loadsgf C:/Users/KILLLAKILL/AppData/LocalLow/DefaultCompany//RecentGames\sgf_1659790193.sgf 1
2024-03-15 15:02:32+0800: ? Could not load sgf: Could not open file C:/Users/KILLLAKILL/AppData/LocalLow/DefaultCompany//RecentGames\sgf_1659790193.sgf - does not exist or invalid permissions?
2024-03-15 15:02:50+0800: Controller: loadsgf C:/Users/KILLLAKILL/AppData/LocalLow/DefaultCompany//RecentGames\sgf_1659790193.sgf 1
2024-03-15 15:02:50+0800: ? Could not load sgf: Could not open file C:/Users/KILLLAKILL/AppData/LocalLow/DefaultCompany//RecentGames\sgf_1659790193.sgf - does not exist or invalid permissions?
2024-03-15 15:02:50+0800: Controller: lz-genmove_analyze maxmoves 6
2024-03-15 15:02:55+0800: MoveNum: 0 HASH: CDCBC1F514D7E680FACD226074256633
   A B C D E F G H J K L M N O P Q R S T
19 . . . . . . . . . . . . . . . . . . .
18 . . . . . . . . . . . . . . . . . . .
17 . . . . . . . . . . . . . . . . . . .
16 . . . . . . . . . . . . . . . @ . . .
15 . . . . . . . . . . . . . . . . . . .
14 . . . . . . . . . . . . . . . . . . .
13 . . . . . . . . . . . . . . . . . . .
12 . . . . . . . . . . . . . . . . . . .
11 . . . . . . . . . . . . . . . . . . .
10 . . . . . . . . . . . . . . . . . . .
 9 . . . . . . . . . . . . . . . . . . .
 8 . . . . . . . . . . . . . . . . . . .
 7 . . . . . . . . . . . . . . . . . . .
 6 . . . . . . . . . . . . . . . . . . .
 5 . . . . . . . . . . . . . . . . . . .
 4 . . . . . . . . . . . . . . . . . . .
 3 . . . . . . . . . . . . . . . . . . .
 2 . . . . . . . . . . . . . . . . . . .
 1 . . . . . . . . . . . . . . . . . . .

koSIMPLEscoreAREAtaxNONEsui0whbNfpok1komi7.5
Time taken: 5.015
Root visits: 1404
New playouts: 1404
NN rows: 1146
NN batches: 288
NN avg batch size: 3.97917
PV: Q16 D4 D16 Q4 R6 C17 C16 D17 E16 F18 F3 O3 C6 F4 G4 F5 D3 C3 E3
Tree:
: T -24.61c W -24.64c S  -0.05c ( -1.5 L  -1.0) N    1404  --  Q16 D4 D16 Q4 R6 C17 C16
---Black(^)---
Q16 : T -24.24c W -24.34c S  -0.02c ( -1.5 L  -1.0) LCB  -24.62c P 13.29% WF 3446.6 PSV    3437 N    1256  --  Q16 D4 D16 Q4 R6 C17 C16 D17
R16 : T -26.63c W -26.00c S  -0.23c ( -1.7 L  -1.1) LCB  -28.16c P  3.05% WF 163.2 PSV      32 N      61  --  R16 D16 C17 C16 D17 E16 F18 D4
Q15 : T -27.57c W -27.07c S  -0.37c ( -1.8 L  -1.2) LCB  -29.92c P  1.70% WF  94.1 PSV      13 N      34  --  Q15 Q4 Q17 D16 C3 R6
R15 : T -27.73c W -27.18c S  -0.41c ( -1.8 L  -1.2) LCB  -30.71c P  0.53% WF  66.5 PSV       3 N      24  --  R15 D16 Q17 R4 D4
R17 : T -28.05c W -27.73c S  -0.26c ( -1.7 L  -1.0) LCB  -31.63c P  0.36% WF  41.8 PSV       2 N      16  --  R17 D4 Q3 D17 C15
R14 : T -35.51c W -34.64c S  -0.87c ( -2.3 L  -1.5) LCB -385.51c P  0.04% WF   2.2 PSV       0 N       1  --  R14
Q14 : T -36.65c W -35.75c S  -0.91c ( -2.3 L  -1.5) LCB -386.65c P  0.03% WF   2.1 PSV       0 N       1  --  Q14
Q13 : T -37.79c W -36.88c S  -0.91c ( -2.3 L  -1.5) LCB -387.79c P  0.03% WF   2.0 PSV       0 N       1  --  Q13
Q11 : T -36.57c W -35.66c S  -0.91c ( -2.3 L  -1.5) LCB -386.57c P  0.02% WF   2.1 PSV       0 N       1  --  Q11
Q10 : T -35.42c W -34.57c S  -0.85c ( -2.3 L  -1.5) LCB -385.42c P  0.02% WF   2.1 PSV       0 N       1  --  Q10

2024-03-15 15:02:55+0800: = play Q16
2024-03-15 15:10:42+0800: GPU 0 finishing, processed 1146 rows 288 batches
2024-03-15 15:10:43+0800: All cleaned up, quitting
