2024-03-19 11:02:20+0800: Running with following config:
allowResignation = true
friendlyPassOk = true
hasButton = false
koRule = SIMPLE
lagBuffer = 1.0
logAllGTPCommunication = true
logDir = gtp_logs
logSearchInfo = true
logToStderr = false
multiStoneSuicideLegal = false
nnCacheSizePowerOfTwo = 20
nnMutexPoolSizePowerOfTwo = 16
numNNServerThreadsPerModel = 1
numSearchThreads = 8
openclDeviceToUseThread0 = 0
ponderingEnabled = false
resignConsecTurns = 3
resignThreshold = -0.90
scoringRule = AREA
searchFactorAfterOnePass = 0.50
searchFactorAfterTwoPass = 0.25
searchFactorWhenWinning = 0.40
searchFactorWhenWinningThreshold = 0.95
taxRule = NONE
whiteHandicapBonus = N

2024-03-19 11:02:20+0800: GTP Engine starting...
2024-03-19 11:02:20+0800: KataGo v1.13.0
2024-03-19 11:02:20+0800: Using Chinese rules initially, unless GTP/GUI overrides this
2024-03-19 11:02:20+0800: Using 8 CPU thread(s) for search
2024-03-19 11:02:20+0800: nnRandSeed0 = 11706368766485264412
2024-03-19 11:02:20+0800: After dedups: nnModelFile0 = F:\homework\毕业设计\katago-v1.13.0-opencl-windows-x64\model.bin useFP16 auto useNHWC auto
2024-03-19 11:02:20+0800: Initializing neural net buffer to be size 19 * 19 exactly
2024-03-19 11:02:21+0800: Found OpenCL Platform 0: NVIDIA CUDA (NVIDIA Corporation) (OpenCL 3.0 CUDA 12.3.99)
2024-03-19 11:02:21+0800: Found 1 device(s) on platform 0 with type CPU or GPU or Accelerator
2024-03-19 11:02:21+0800: Found OpenCL Device 0: NVIDIA GeForce RTX 2060 (NVIDIA Corporation) (score 11000300)
2024-03-19 11:02:21+0800: Creating context for OpenCL Platform: NVIDIA CUDA (NVIDIA Corporation) (OpenCL 3.0 CUDA 12.3.99)
2024-03-19 11:02:21+0800: Using OpenCL Device 0: NVIDIA GeForce RTX 2060 (NVIDIA Corporation) OpenCL 3.0 CUDA (Extensions: cl_khr_global_int32_base_atomics cl_khr_global_int32_extended_atomics cl_khr_local_int32_base_atomics cl_khr_local_int32_extended_atomics cl_khr_fp64 cl_khr_3d_image_writes cl_khr_byte_addressable_store cl_khr_icd cl_khr_gl_sharing cl_nv_compiler_options cl_nv_device_attribute_query cl_nv_pragma_unroll cl_nv_d3d10_sharing cl_khr_d3d10_sharing cl_nv_d3d11_sharing cl_nv_copy_opts cl_nv_create_buffer cl_khr_int64_base_atomics cl_khr_int64_extended_atomics cl_khr_device_uuid cl_khr_pci_bus_info cl_khr_external_semaphore cl_khr_external_memory cl_khr_external_semaphore_win32 cl_khr_external_memory_win32)
2024-03-19 11:02:21+0800: Loaded tuning parameters from: F:\homework\毕业设计\katago-v1.13.0-opencl-windows-x64/KataGoData/opencltuning/tune11_gpuNVIDIAGeForceRTX2060_x19_y19_c384_mv14.txt
2024-03-19 11:02:22+0800: OpenCL backend thread 0: Device 0 Model version 14
2024-03-19 11:02:22+0800: OpenCL backend thread 0: Device 0 Model name: kata1-b18c384nbt-s7192213760-d3579182099
2024-03-19 11:02:24+0800: OpenCL backend thread 0: Device 0 FP16Storage true FP16Compute false FP16TensorCores true FP16TensorCoresFor1x1 false
2024-03-19 11:02:24+0800: Loaded neural net with nnXLen 19 nnYLen 19
2024-03-19 11:02:24+0800: Initializing board with boardXSize 19 boardYSize 19
2024-03-19 11:02:24+0800: Loaded config F:\homework\毕业设计\katago-v1.13.0-opencl-windows-x64\gtp_custom.cfg
2024-03-19 11:02:24+0800: Loaded model F:\homework\毕业设计\katago-v1.13.0-opencl-windows-x64\model.bin
2024-03-19 11:02:24+0800: Model name: kata1-b18c384nbt-s7192213760-d3579182099
2024-03-19 11:02:24+0800: GTP ready, beginning main protocol loop
2024-03-19 11:02:28+0800: Controller: loadsgf C:/Users/KILLLAKILL/AppData/LocalLow/DefaultCompany/yiwu/RecentGames\sgf_1709537998.sgf 1
2024-03-19 11:02:28+0800: = 
2024-03-19 11:02:34+0800: Controller: loadsgf C:/Users/KILLLAKILL/AppData/LocalLow/DefaultCompany/yiwu/RecentGames\sgf_1709537998.sgf 4
2024-03-19 11:02:34+0800: = 
2024-03-19 11:02:34+0800: Controller: lz-genmove_analyze maxmoves 6
2024-03-19 11:02:39+0800: MoveNum: 3 HASH: 518619F1B10C106A0E3FDE7283B59F37
   A B C D E F G H J K L M N O P Q R S T
19 . . . . . . . . . . . . . . . . . . .
18 . . . . . . . . . . . . . . . . . . .
17 . . . . . . . . . . . . . . . . . . .
16 . . . . . . . . . . . . . . . . . . .
15 . . . . . . . . . . . . . . . . . . .
14 . . . . . . . . . . . . . . . . . . .
13 . . . . . . . . X3. . . . . . . . . .
12 . . . . . . . . . . . . . . . . . . .
11 . . . . . . . . . . . . . . . . . . .
10 . . . . . . . . . . . . . . . . . . .
 9 . . . . . . . . . . . . . . . . . . .
 8 . . . . . . . . . . . . . O2. . . . .
 7 . . . . . . . . . . . . . . . . . . .
 6 . . . . . . . . . . . X1. . . . . . .
 5 . . . . . . . . . . . . . . . . . . .
 4 . . . . . . . . . . . . . . . @ . . .
 3 . . . . . . . . . . . . . . . . . . .
 2 . . . . . . . . . . . . . . . . . . .
 1 . . . . . . . . . . . . . . . . . . .

koSIMPLEscoreAREAtaxNONEsui0whbNfpok1komi7.5
Time taken: 5.078
Root visits: 1281
New playouts: 1281
NN rows: 1153
NN batches: 289
NN avg batch size: 3.98962
PV: Q4 D16 C4 R16 P17 M17 Q15 Q16 P16 P15 Q14 O15 R18 S14 R13 S18
Tree:
: T  35.39c W  34.85c S   0.93c ( +2.6 L  +1.8) N    1281  --  Q4 D16 C4 R16 P17 M17 Q15
---White(^)---
Q4  : T  35.89c W  35.30c S   0.96c ( +2.6 L  +1.8) LCB   35.32c P 37.25% WF 1955.5 PSV    1946 N     862  --  Q4 D16 C4 R16 P17 M17 Q15 Q16
R4  : T  35.05c W  34.48c S   0.87c ( +2.5 L  +1.7) LCB   33.95c P  7.40% WF 252.7 PSV     130 N     108  --  R4 D17 D4 Q16 D15 P4 E17
Q16 : T  34.64c W  34.19c S   0.92c ( +2.6 L  +1.8) LCB   33.50c P  9.21% WF 188.6 PSV     122 N      81  --  Q16 Q4 D4 D16 C17 D17 C16 C14
D16 : T  33.68c W  33.22c S   0.80c ( +2.5 L  +1.7) LCB   31.78c P 10.96% WF 122.6 PSV      93 N      53  --  D16 Q4 Q16 D4 R6 C17 C16 D17
Q3  : T  34.17c W  33.83c S   0.82c ( +2.5 L  +1.7) LCB   32.58c P  8.84% WF 124.9 PSV      92 N      54  --  Q3 Q16 D16 D4 Q5 C17 D17 C16
D4  : T  34.64c W  34.18c S   0.91c ( +2.6 L  +1.7) LCB   33.12c P  6.65% WF 139.3 PSV      89 N      60  --  D4 Q4 Q16 D16 C17 D17 C16 C14
Q17 : T  33.79c W  33.42c S   0.83c ( +2.5 L  +1.7) LCB   31.09c P  2.66% WF  39.9 PSV      23 N      17  --  Q17 Q4 D4 D16 R14 C3 C4
D3  : T  34.19c W  33.56c S   0.88c ( +2.5 L  +1.8) LCB   29.59c P  1.66% WF  30.3 PSV      17 N      13  --  D3 Q4 Q16 D16 C6
C16 : T  32.61c W  32.61c S   0.76c ( +2.4 L  +1.7) LCB   21.18c P  2.70% WF  18.7 PSV      16 N       8  --  C16 Q4 Q16 D4 F17
R16 : T  33.37c W  32.81c S   0.81c ( +2.5 L  +1.7) LCB   26.86c P  1.73% WF  23.2 PSV      13 N      10  --  R16 Q4 D16 D4 O17 C14

2024-03-19 11:02:39+0800: = play Q4
