2024-03-17 17:40:37+0800: Running with following config:
allowResignation = true
friendlyPassOk = true
hasButton = false
koRule = SIMPLE
lagBuffer = 1.0
logAllGTPCommunication = true
logDir = gtp_logs
logSearchInfo = true
logToStderr = false
multiStoneSuicideLegal = false
nnCacheSizePowerOfTwo = 20
nnMutexPoolSizePowerOfTwo = 16
numNNServerThreadsPerModel = 1
numSearchThreads = 8
openclDeviceToUseThread0 = 0
ponderingEnabled = false
resignConsecTurns = 3
resignThreshold = -0.90
scoringRule = AREA
searchFactorAfterOnePass = 0.50
searchFactorAfterTwoPass = 0.25
searchFactorWhenWinning = 0.40
searchFactorWhenWinningThreshold = 0.95
taxRule = NONE
whiteHandicapBonus = N

2024-03-17 17:40:37+0800: GTP Engine starting...
2024-03-17 17:40:37+0800: KataGo v1.13.0
2024-03-17 17:40:37+0800: Using Chinese rules initially, unless GTP/GUI overrides this
2024-03-17 17:40:37+0800: Using 8 CPU thread(s) for search
2024-03-17 17:40:37+0800: nnRandSeed0 = 17339512348413997568
2024-03-17 17:40:37+0800: After dedups: nnModelFile0 = F:\homework\毕业设计\katago-v1.13.0-opencl-windows-x64\model.bin useFP16 auto useNHWC auto
2024-03-17 17:40:37+0800: Initializing neural net buffer to be size 19 * 19 exactly
2024-03-17 17:40:37+0800: Found OpenCL Platform 0: NVIDIA CUDA (NVIDIA Corporation) (OpenCL 3.0 CUDA 12.3.99)
2024-03-17 17:40:37+0800: Found 1 device(s) on platform 0 with type CPU or GPU or Accelerator
2024-03-17 17:40:37+0800: Found OpenCL Device 0: NVIDIA GeForce RTX 2060 (NVIDIA Corporation) (score 11000300)
2024-03-17 17:40:37+0800: Creating context for OpenCL Platform: NVIDIA CUDA (NVIDIA Corporation) (OpenCL 3.0 CUDA 12.3.99)
2024-03-17 17:40:38+0800: Using OpenCL Device 0: NVIDIA GeForce RTX 2060 (NVIDIA Corporation) OpenCL 3.0 CUDA (Extensions: cl_khr_global_int32_base_atomics cl_khr_global_int32_extended_atomics cl_khr_local_int32_base_atomics cl_khr_local_int32_extended_atomics cl_khr_fp64 cl_khr_3d_image_writes cl_khr_byte_addressable_store cl_khr_icd cl_khr_gl_sharing cl_nv_compiler_options cl_nv_device_attribute_query cl_nv_pragma_unroll cl_nv_d3d10_sharing cl_khr_d3d10_sharing cl_nv_d3d11_sharing cl_nv_copy_opts cl_nv_create_buffer cl_khr_int64_base_atomics cl_khr_int64_extended_atomics cl_khr_device_uuid cl_khr_pci_bus_info cl_khr_external_semaphore cl_khr_external_memory cl_khr_external_semaphore_win32 cl_khr_external_memory_win32)
2024-03-17 17:40:38+0800: Loaded tuning parameters from: F:\homework\毕业设计\katago-v1.13.0-opencl-windows-x64/KataGoData/opencltuning/tune11_gpuNVIDIAGeForceRTX2060_x19_y19_c384_mv14.txt
2024-03-17 17:40:38+0800: OpenCL backend thread 0: Device 0 Model version 14
2024-03-17 17:40:38+0800: OpenCL backend thread 0: Device 0 Model name: kata1-b18c384nbt-s7192213760-d3579182099
2024-03-17 17:40:40+0800: OpenCL backend thread 0: Device 0 FP16Storage true FP16Compute false FP16TensorCores true FP16TensorCoresFor1x1 false
2024-03-17 17:40:40+0800: Loaded neural net with nnXLen 19 nnYLen 19
2024-03-17 17:40:40+0800: Initializing board with boardXSize 19 boardYSize 19
2024-03-17 17:40:40+0800: Loaded config F:\homework\毕业设计\katago-v1.13.0-opencl-windows-x64\gtp_custom.cfg
2024-03-17 17:40:40+0800: Loaded model F:\homework\毕业设计\katago-v1.13.0-opencl-windows-x64\model.bin
2024-03-17 17:40:40+0800: Model name: kata1-b18c384nbt-s7192213760-d3579182099
2024-03-17 17:40:40+0800: GTP ready, beginning main protocol loop
2024-03-17 17:40:49+0800: Controller: loadsgf C:/Users/KILLLAKILL/AppData/LocalLow/DefaultCompany/yiwu/RecentGames\sgf_1701255612.sgf 1
2024-03-17 17:40:49+0800: Changing komi to 5.5
2024-03-17 17:40:49+0800: GPU 0 finishing, processed 0 rows 0 batches
2024-03-17 17:40:49+0800: Cleaned up old neural net and bot
2024-03-17 17:40:49+0800: nnRandSeed0 = 13510201025441311341
2024-03-17 17:40:49+0800: After dedups: nnModelFile0 = F:\homework\毕业设计\katago-v1.13.0-opencl-windows-x64\model.bin useFP16 auto useNHWC auto
2024-03-17 17:40:49+0800: Initializing neural net buffer to be size 9 * 9 exactly
2024-03-17 17:40:50+0800: Found OpenCL Platform 0: NVIDIA CUDA (NVIDIA Corporation) (OpenCL 3.0 CUDA 12.3.99)
2024-03-17 17:40:50+0800: Found 1 device(s) on platform 0 with type CPU or GPU or Accelerator
2024-03-17 17:40:50+0800: Found OpenCL Device 0: NVIDIA GeForce RTX 2060 (NVIDIA Corporation) (score 11000300)
2024-03-17 17:40:50+0800: Creating context for OpenCL Platform: NVIDIA CUDA (NVIDIA Corporation) (OpenCL 3.0 CUDA 12.3.99)
2024-03-17 17:40:50+0800: Using OpenCL Device 0: NVIDIA GeForce RTX 2060 (NVIDIA Corporation) OpenCL 3.0 CUDA (Extensions: cl_khr_global_int32_base_atomics cl_khr_global_int32_extended_atomics cl_khr_local_int32_base_atomics cl_khr_local_int32_extended_atomics cl_khr_fp64 cl_khr_3d_image_writes cl_khr_byte_addressable_store cl_khr_icd cl_khr_gl_sharing cl_nv_compiler_options cl_nv_device_attribute_query cl_nv_pragma_unroll cl_nv_d3d10_sharing cl_khr_d3d10_sharing cl_nv_d3d11_sharing cl_nv_copy_opts cl_nv_create_buffer cl_khr_int64_base_atomics cl_khr_int64_extended_atomics cl_khr_device_uuid cl_khr_pci_bus_info cl_khr_external_semaphore cl_khr_external_memory cl_khr_external_semaphore_win32 cl_khr_external_memory_win32)
2024-03-17 17:40:50+0800: Loaded tuning parameters from: F:\homework\毕业设计\katago-v1.13.0-opencl-windows-x64/KataGoData/opencltuning/tune11_gpuNVIDIAGeForceRTX2060_x19_y19_c384_mv14.txt
2024-03-17 17:40:50+0800: OpenCL backend thread 0: Device 0 Model version 14
2024-03-17 17:40:50+0800: OpenCL backend thread 0: Device 0 Model name: kata1-b18c384nbt-s7192213760-d3579182099
2024-03-17 17:40:52+0800: OpenCL backend thread 0: Device 0 FP16Storage true FP16Compute false FP16TensorCores true FP16TensorCoresFor1x1 false
2024-03-17 17:40:52+0800: Loaded neural net with nnXLen 9 nnYLen 9
2024-03-17 17:40:52+0800: Initializing board with boardXSize 9 boardYSize 9
2024-03-17 17:40:52+0800: = 
2024-03-17 17:41:20+0800: Controller: loadsgf C:/Users/KILLLAKILL/AppData/LocalLow/DefaultCompany/yiwu/RecentGames\sgf_1701255612.sgf 10
2024-03-17 17:41:21+0800: = 
2024-03-17 17:41:21+0800: Controller: lz-genmove_analyze maxmoves 6
2024-03-17 17:41:26+0800: MoveNum: 9 HASH: 1A43B4F7037795C87097EDB3B56E1981
   A B C D E F G H J
 9 . . . . . . . . .
 8 . . . . . . . . .
 7 . . X . . . . . .
 6 . . . . . . . . .
 5 . . . . O O O2. .
 4 . . . . . O X1. .
 3 . . X @ . X3X . .
 2 . . . . . . . . .
 1 . . . . . . . . .

koSIMPLEscoreAREAtaxNONEsui0whbNfpok1komi5.5
Time taken: 5.016
Root visits: 2955
New playouts: 2955
NN rows: 2426
NN batches: 608
NN avg batch size: 3.99013
PV: D3 D2 D4 B2 D8 C8 E7 C5 H4 H3 H5 D6 E6 D7 E8 J4 J5
Tree:
: T -101.13c W -97.39c S  -4.07c ( -4.8 L  -4.4) N    2955  --  D3 D2 D4 B2 D8 C8 E7
---White(^)---
D3  : T -101.07c W -97.56c S  -3.72c ( -4.6 L  -4.2) LCB -102.56c P 64.10% WF 4745.8 PSV    4748 N    2003  --  D3 D2 D4 B2 D8 C8 E7 C5
C4  : T -100.45c W -96.76c S  -4.37c ( -4.9 L  -4.6) LCB -102.84c P  8.67% WF 1548.1 PSV    1537 N     719  --  C4 D3 D8 E7 D7 D6 E6 C6
D8  : T -101.34c W -96.83c S  -4.86c ( -5.2 L  -4.7) LCB -105.77c P  4.80% WF 215.4 PSV     217 N     101  --  D8 D4 E3 E4 H5 D6 E2 F2
C6  : T -103.16c W -97.53c S  -5.59c ( -5.6 L  -4.9) LCB -106.29c P  5.05% WF 116.3 PSV     119 N      50  --  C6 E7 B7 D6 C8 D7 D3 D2
D4  : T -104.86c W -98.64c S  -6.68c ( -5.9 L  -5.4) LCB -110.07c P  5.46% WF  83.6 PSV      84 N      32  --  D4 D3 D8 C8 C4 E7 E8 F7
E7  : T -105.11c W -97.94c S  -6.68c ( -5.9 L  -5.5) LCB -112.71c P  2.76% WF  39.5 PSV      40 N      16  --  E7 C5 D4 D3 C8
E3  : T -107.77c W -98.75c S  -8.66c ( -6.8 L  -6.2) LCB -112.41c P  4.09% WF  44.8 PSV      39 N      14  --  E3 E2 D8 E7 D7 D6
D7  : T -104.86c W -98.33c S  -6.62c ( -5.9 L  -5.4) LCB -113.11c P  1.89% WF  28.2 PSV      29 N      10  --  D7 D8 C6 B7
E8  : T -105.03c W -98.38c S  -6.32c ( -5.8 L  -5.2) LCB -154.66c P  0.55% WF  10.5 PSV       8 N       4  --  E8 C5
C5  : T -108.74c W -98.76c S  -9.19c ( -7.0 L  -6.6) LCB -257.73c P  0.93% WF   7.6 PSV       7 N       2  --  C5 F8

2024-03-17 17:41:26+0800: = play D3
2024-03-17 17:42:14+0800: Controller: loadsgf C:/Users/KILLLAKILL/AppData/LocalLow/DefaultCompany/yiwu/RecentGames\sgf_1701255612.sgf 1
2024-03-17 17:42:14+0800: = 
