2024-03-18 22:44:46+0800: Running with following config:
allowResignation = true
friendlyPassOk = true
hasButton = false
koRule = SIMPLE
lagBuffer = 1.0
logAllGTPCommunication = true
logDir = gtp_logs
logSearchInfo = true
logToStderr = false
multiStoneSuicideLegal = false
nnCacheSizePowerOfTwo = 20
nnMutexPoolSizePowerOfTwo = 16
numNNServerThreadsPerModel = 1
numSearchThreads = 8
openclDeviceToUseThread0 = 0
ponderingEnabled = false
resignConsecTurns = 3
resignThreshold = -0.90
scoringRule = AREA
searchFactorAfterOnePass = 0.50
searchFactorAfterTwoPass = 0.25
searchFactorWhenWinning = 0.40
searchFactorWhenWinningThreshold = 0.95
taxRule = NONE
whiteHandicapBonus = N

2024-03-18 22:44:46+0800: GTP Engine starting...
2024-03-18 22:44:46+0800: KataGo v1.13.0
2024-03-18 22:44:46+0800: Using Chinese rules initially, unless GTP/GUI overrides this
2024-03-18 22:44:46+0800: Using 8 CPU thread(s) for search
2024-03-18 22:44:47+0800: nnRandSeed0 = 14763161735081282700
2024-03-18 22:44:47+0800: After dedups: nnModelFile0 = F:\homework\毕业设计\katago-v1.13.0-opencl-windows-x64\model.bin useFP16 auto useNHWC auto
2024-03-18 22:44:47+0800: Initializing neural net buffer to be size 19 * 19 exactly
2024-03-18 22:44:47+0800: Found OpenCL Platform 0: NVIDIA CUDA (NVIDIA Corporation) (OpenCL 3.0 CUDA 12.3.99)
2024-03-18 22:44:47+0800: Found 1 device(s) on platform 0 with type CPU or GPU or Accelerator
2024-03-18 22:44:47+0800: Found OpenCL Device 0: NVIDIA GeForce RTX 2060 (NVIDIA Corporation) (score 11000300)
2024-03-18 22:44:47+0800: Creating context for OpenCL Platform: NVIDIA CUDA (NVIDIA Corporation) (OpenCL 3.0 CUDA 12.3.99)
2024-03-18 22:44:47+0800: Using OpenCL Device 0: NVIDIA GeForce RTX 2060 (NVIDIA Corporation) OpenCL 3.0 CUDA (Extensions: cl_khr_global_int32_base_atomics cl_khr_global_int32_extended_atomics cl_khr_local_int32_base_atomics cl_khr_local_int32_extended_atomics cl_khr_fp64 cl_khr_3d_image_writes cl_khr_byte_addressable_store cl_khr_icd cl_khr_gl_sharing cl_nv_compiler_options cl_nv_device_attribute_query cl_nv_pragma_unroll cl_nv_d3d10_sharing cl_khr_d3d10_sharing cl_nv_d3d11_sharing cl_nv_copy_opts cl_nv_create_buffer cl_khr_int64_base_atomics cl_khr_int64_extended_atomics cl_khr_device_uuid cl_khr_pci_bus_info cl_khr_external_semaphore cl_khr_external_memory cl_khr_external_semaphore_win32 cl_khr_external_memory_win32)
2024-03-18 22:44:47+0800: Loaded tuning parameters from: F:\homework\毕业设计\katago-v1.13.0-opencl-windows-x64/KataGoData/opencltuning/tune11_gpuNVIDIAGeForceRTX2060_x19_y19_c384_mv14.txt
2024-03-18 22:44:48+0800: OpenCL backend thread 0: Device 0 Model version 14
2024-03-18 22:44:48+0800: OpenCL backend thread 0: Device 0 Model name: kata1-b18c384nbt-s7192213760-d3579182099
2024-03-18 22:44:50+0800: OpenCL backend thread 0: Device 0 FP16Storage true FP16Compute false FP16TensorCores true FP16TensorCoresFor1x1 false
2024-03-18 22:44:50+0800: Loaded neural net with nnXLen 19 nnYLen 19
2024-03-18 22:44:50+0800: Initializing board with boardXSize 19 boardYSize 19
2024-03-18 22:44:50+0800: Loaded config F:\homework\毕业设计\katago-v1.13.0-opencl-windows-x64\gtp_custom.cfg
2024-03-18 22:44:50+0800: Loaded model F:\homework\毕业设计\katago-v1.13.0-opencl-windows-x64\model.bin
2024-03-18 22:44:50+0800: Model name: kata1-b18c384nbt-s7192213760-d3579182099
2024-03-18 22:44:50+0800: GTP ready, beginning main protocol loop
2024-03-18 22:44:52+0800: Controller: loadsgf C:/Users/KILLLAKILL/AppData/LocalLow/DefaultCompany/yiwu/RecentGames\sgf_1701255612.sgf 1
2024-03-18 22:44:52+0800: Changing komi to 5.5
2024-03-18 22:44:52+0800: GPU 0 finishing, processed 0 rows 0 batches
2024-03-18 22:44:53+0800: Cleaned up old neural net and bot
2024-03-18 22:44:53+0800: nnRandSeed0 = 8747188300237293460
2024-03-18 22:44:53+0800: After dedups: nnModelFile0 = F:\homework\毕业设计\katago-v1.13.0-opencl-windows-x64\model.bin useFP16 auto useNHWC auto
2024-03-18 22:44:53+0800: Initializing neural net buffer to be size 9 * 9 exactly
2024-03-18 22:44:53+0800: Found OpenCL Platform 0: NVIDIA CUDA (NVIDIA Corporation) (OpenCL 3.0 CUDA 12.3.99)
2024-03-18 22:44:53+0800: Found 1 device(s) on platform 0 with type CPU or GPU or Accelerator
2024-03-18 22:44:53+0800: Found OpenCL Device 0: NVIDIA GeForce RTX 2060 (NVIDIA Corporation) (score 11000300)
2024-03-18 22:44:53+0800: Creating context for OpenCL Platform: NVIDIA CUDA (NVIDIA Corporation) (OpenCL 3.0 CUDA 12.3.99)
2024-03-18 22:44:53+0800: Using OpenCL Device 0: NVIDIA GeForce RTX 2060 (NVIDIA Corporation) OpenCL 3.0 CUDA (Extensions: cl_khr_global_int32_base_atomics cl_khr_global_int32_extended_atomics cl_khr_local_int32_base_atomics cl_khr_local_int32_extended_atomics cl_khr_fp64 cl_khr_3d_image_writes cl_khr_byte_addressable_store cl_khr_icd cl_khr_gl_sharing cl_nv_compiler_options cl_nv_device_attribute_query cl_nv_pragma_unroll cl_nv_d3d10_sharing cl_khr_d3d10_sharing cl_nv_d3d11_sharing cl_nv_copy_opts cl_nv_create_buffer cl_khr_int64_base_atomics cl_khr_int64_extended_atomics cl_khr_device_uuid cl_khr_pci_bus_info cl_khr_external_semaphore cl_khr_external_memory cl_khr_external_semaphore_win32 cl_khr_external_memory_win32)
2024-03-18 22:44:53+0800: Loaded tuning parameters from: F:\homework\毕业设计\katago-v1.13.0-opencl-windows-x64/KataGoData/opencltuning/tune11_gpuNVIDIAGeForceRTX2060_x19_y19_c384_mv14.txt
2024-03-18 22:44:54+0800: OpenCL backend thread 0: Device 0 Model version 14
2024-03-18 22:44:54+0800: OpenCL backend thread 0: Device 0 Model name: kata1-b18c384nbt-s7192213760-d3579182099
2024-03-18 22:44:56+0800: OpenCL backend thread 0: Device 0 FP16Storage true FP16Compute false FP16TensorCores true FP16TensorCoresFor1x1 false
2024-03-18 22:44:56+0800: Loaded neural net with nnXLen 9 nnYLen 9
2024-03-18 22:44:56+0800: Initializing board with boardXSize 9 boardYSize 9
2024-03-18 22:44:56+0800: = 
2024-03-18 22:44:58+0800: Controller: loadsgf C:/Users/KILLLAKILL/AppData/LocalLow/DefaultCompany/yiwu/RecentGames\sgf_1701255612.sgf 6
2024-03-18 22:44:58+0800: = 
2024-03-18 22:44:58+0800: Controller: lz-genmove_analyze maxmoves 6
2024-03-18 22:45:03+0800: MoveNum: 5 HASH: FFE96295C396DA517064CFFB0FD39D37
   A B C D E F G H J
 9 . . . . . . . . .
 8 . . . . . . . . .
 7 . . X . . . . . .
 6 . . . . . . . . .
 5 . . . . O O2. . .
 4 . . . . . . . . .
 3 . . X1. @ . X3. .
 2 . . . . . . . . .
 1 . . . . . . . . .

koSIMPLEscoreAREAtaxNONEsui0whbNfpok1komi5.5
Time taken: 5
Root visits: 3275
New playouts: 3275
NN rows: 2473
NN batches: 619
NN avg batch size: 3.99515
PV: E3 D4 F3 H5 H4 G4 G5 H3 H6 J4 D7 D6 C8 C6 E7 E6 F6 G7 H7 B8 D8 F7 B9 F8 B7
Tree:
: T -44.28c W -40.59c S  -2.42c ( -2.0 L  -1.7) N    3275  --  E3 D4 F3 H5 H4 G4 G5
---White(^)---
E3  : T -42.09c W -38.63c S  -2.40c ( -2.1 L  -1.7) LCB  -46.66c P 38.51% WF 1870.6 PSV    1836 N    2920  --  E3 D4 F3 H5 H4 G4 G5 H3
E7  : T -51.17c W -48.13c S  -1.37c ( -1.3 L  -0.9) LCB  -64.60c P 13.01% WF 107.6 PSV     108 N     164  --  E7 C5 D4 C4 G4 H4 H5 F4
C5  : T -64.75c W -56.21c S  -3.59c ( -2.5 L  -2.0) LCB  -80.23c P 24.63% WF  80.0 PSV      91 N     120  --  C5 E7 F7 D4 D5 F8 G7 G8
F3  : T -80.02c W -72.18c S  -3.89c ( -2.5 L  -1.9) LCB  -99.60c P  9.67% WF  18.4 PSV      22 N      23  --  F3 F2 E7 C5 G4 E3
F2  : T -55.85c W -52.70c S  -2.42c ( -1.9 L  -1.2) LCB  -79.16c P  3.29% WF  20.7 PSV      19 N      26  --  F2 H5 C5 D4 D5
D3  : T -82.53c W -75.03c S  -5.32c ( -3.2 L  -2.6) LCB -142.22c P  2.46% WF   4.9 PSV       5 N       5  --  D3 D4 F3
G4  : T -85.07c W -78.62c S  -3.89c ( -2.5 L  -2.0) LCB -131.23c P  2.14% WF   4.8 PSV       4 N       5  --  G4 F3 D4 D3
D7  : T -79.11c W -73.59c S  -3.46c ( -2.3 L  -1.4) LCB -129.81c P  2.04% WF   4.0 PSV       4 N       4  --  D7 C6 G4
C6  : T -86.26c W -78.86c S  -4.18c ( -2.7 L  -1.7) LCB -165.70c P  1.73% WF   3.1 PSV       3 N       3  --  C6 D6 D5
F7  : T -83.22c W -79.13c S  -4.09c ( -2.5 L  -1.5) LCB -433.22c P  0.79% WF   1.1 PSV       1 N       1  --  F7

2024-03-18 22:45:03+0800: = play E3
