2024-05-08 23:04:59+0800: Running with following config:
allowResignation = true
friendlyPassOk = true
hasButton = false
koRule = SIMPLE
lagBuffer = 1.0
logAllGTPCommunication = true
logDir = gtp_logs
logSearchInfo = true
logToStderr = false
multiStoneSuicideLegal = false
nnCacheSizePowerOfTwo = 20
nnMutexPoolSizePowerOfTwo = 16
numNNServerThreadsPerModel = 1
numSearchThreads = 8
openclDeviceToUseThread0 = 0
ponderingEnabled = false
resignConsecTurns = 3
resignThreshold = -0.90
scoringRule = AREA
searchFactorAfterOnePass = 0.50
searchFactorAfterTwoPass = 0.25
searchFactorWhenWinning = 0.40
searchFactorWhenWinningThreshold = 0.95
taxRule = NONE
whiteHandicapBonus = N

2024-05-08 23:04:59+0800: GTP Engine starting...
2024-05-08 23:04:59+0800: KataGo v1.13.0
2024-05-08 23:04:59+0800: Using Chinese rules initially, unless GTP/GUI overrides this
2024-05-08 23:04:59+0800: Using 8 CPU thread(s) for search
2024-05-08 23:04:59+0800: nnRandSeed0 = 9106695898441359110
2024-05-08 23:04:59+0800: After dedups: nnModelFile0 = F:/unity_project/yiwu/Assets/StreamingAssets\katago-v1.13.0-opencl-windows-x64\model.bin useFP16 auto useNHWC auto
2024-05-08 23:04:59+0800: Initializing neural net buffer to be size 19 * 19 exactly
2024-05-08 23:05:00+0800: Found OpenCL Platform 0: NVIDIA CUDA (NVIDIA Corporation) (OpenCL 3.0 CUDA 12.3.99)
2024-05-08 23:05:00+0800: Found 1 device(s) on platform 0 with type CPU or GPU or Accelerator
2024-05-08 23:05:00+0800: Found OpenCL Device 0: NVIDIA GeForce RTX 2060 (NVIDIA Corporation) (score 11000300)
2024-05-08 23:05:00+0800: Creating context for OpenCL Platform: NVIDIA CUDA (NVIDIA Corporation) (OpenCL 3.0 CUDA 12.3.99)
2024-05-08 23:05:00+0800: Using OpenCL Device 0: NVIDIA GeForce RTX 2060 (NVIDIA Corporation) OpenCL 3.0 CUDA (Extensions: cl_khr_global_int32_base_atomics cl_khr_global_int32_extended_atomics cl_khr_local_int32_base_atomics cl_khr_local_int32_extended_atomics cl_khr_fp64 cl_khr_3d_image_writes cl_khr_byte_addressable_store cl_khr_icd cl_khr_gl_sharing cl_nv_compiler_options cl_nv_device_attribute_query cl_nv_pragma_unroll cl_nv_d3d10_sharing cl_khr_d3d10_sharing cl_nv_d3d11_sharing cl_nv_copy_opts cl_nv_create_buffer cl_khr_int64_base_atomics cl_khr_int64_extended_atomics cl_khr_device_uuid cl_khr_pci_bus_info cl_khr_external_semaphore cl_khr_external_memory cl_khr_external_semaphore_win32 cl_khr_external_memory_win32)
2024-05-08 23:05:00+0800: Loaded tuning parameters from: F:\unity_project\yiwu\Assets\StreamingAssets\katago-v1.13.0-opencl-windows-x64/KataGoData/opencltuning/tune11_gpuNVIDIAGeForceRTX2060_x19_y19_c384_mv14.txt
2024-05-08 23:05:00+0800: OpenCL backend thread 0: Device 0 Model version 14
2024-05-08 23:05:00+0800: OpenCL backend thread 0: Device 0 Model name: kata1-b18c384nbt-s7192213760-d3579182099
2024-05-08 23:05:03+0800: OpenCL backend thread 0: Device 0 FP16Storage true FP16Compute false FP16TensorCores true FP16TensorCoresFor1x1 false
2024-05-08 23:05:03+0800: Loaded neural net with nnXLen 19 nnYLen 19
2024-05-08 23:05:03+0800: Initializing board with boardXSize 19 boardYSize 19
2024-05-08 23:05:03+0800: Loaded config F:/unity_project/yiwu/Assets/StreamingAssets\katago-v1.13.0-opencl-windows-x64\gtp_custom.cfg
2024-05-08 23:05:03+0800: Loaded model F:/unity_project/yiwu/Assets/StreamingAssets\katago-v1.13.0-opencl-windows-x64\model.bin
2024-05-08 23:05:03+0800: Model name: kata1-b18c384nbt-s7192213760-d3579182099
2024-05-08 23:05:03+0800: GTP ready, beginning main protocol loop
2024-05-08 23:05:03+0800: Controller: clear_board
2024-05-08 23:05:03+0800: = 
2024-05-08 23:05:03+0800: Controller: play b K9
2024-05-08 23:05:03+0800: = 
2024-05-08 23:05:03+0800: Controller: komi 7.5
2024-05-08 23:05:03+0800: = 
2024-05-08 23:05:03+0800: Controller: boardsize 19
2024-05-08 23:05:03+0800: = 
2024-05-08 23:05:03+0800: Controller: genmove w
2024-05-08 23:05:08+0800: MoveNum: 1 HASH: C5B3A86777AAE45F1CA80B82D8B9A186
   A B C D E F G H J K L M N O P Q R S T
19 . . . . . . . . . . . . . . . . . . .
18 . . . . . . . . . . . . . . . . . . .
17 . . . . . . . . . . . . . . . . . . .
16 . . . . . . . . . . . . . . . . . . .
15 . . . . . . . . . . . . . . . . . . .
14 . . . . . . . . . . . . . . . . . . .
13 . . . . . . . . . . . . . . . . . . .
12 . . . . . . . . . . . . . . . . . . .
11 . . . . . . . . . . . . . . . . . . .
10 . . . . . . . . . . . . . . . . . . .
 9 . . . . . . . . . X1. . . . . . . . .
 8 . . . . . . . . . . . . . . . . . . .
 7 . . . . . . . . . . . . . . . . . . .
 6 . . . . . . . . . . . . . . . . . . .
 5 . . . . . . . . . . . . . . . . . . .
 4 . . . @ . . . . . . . . . . . . . . .
 3 . . . . . . . . . . . . . . . . . . .
 2 . . . . . . . . . . . . . . . . . . .
 1 . . . . . . . . . . . . . . . . . . .

koSIMPLEscoreAREAtaxNONEsui0whbNfpok1komi7.5
Time taken: 5.016
Root visits: 1356
New playouts: 1356
NN rows: 1201
NN batches: 301
NN avg batch size: 3.99003
PV: C4 Q4 Q16 D16 F3 D4 D3 C5 B4 D5
Tree:
: T  35.31c W  34.72c S   0.72c ( +2.4 L  +1.6) N    1356  --  C4 Q4 Q16 D16 F3 D4 D3
---White(^)---
C4  : T  35.68c W  35.09c S   0.73c ( +2.5 L  +1.6) LCB   34.80c P  2.84% WF 588.1 PSV    1195 N     248  --  C4 Q4 Q16 D16 F3 D4 D3 C5
D4  : T  35.52c W  34.82c S   0.73c ( +2.4 L  +1.6) LCB   34.79c P 17.45% WF 1168.0 PSV    1166 N     483  --  D4 Q16 Q4 D16 C17 C16 D17 F17
D16 : T  34.45c W  34.20c S   0.72c ( +2.4 L  +1.6) LCB   33.14c P 12.57% WF 339.5 PSV     208 N     139  --  D16 Q4 D3 Q17 R15 R12 P16 Q16
D3  : T  35.41c W  34.82c S   0.72c ( +2.4 L  +1.6) LCB   34.66c P  3.50% WF 645.8 PSV     181 N     271  --  D3 Q16 Q4 C16 C6 R3 Q3 R4
D17 : T  35.20c W  34.47c S   0.71c ( +2.4 L  +1.6) LCB   34.21c P  2.67% WF 365.6 PSV      94 N     152  --  D17 Q4 D4 Q16 C14 F3 C6 O3
C16 : T  34.59c W  34.45c S   0.74c ( +2.5 L  +1.7) LCB   32.69c P  2.92% WF  93.7 PSV      53 N      38  --  C16 Q4 Q16 D4 F17 R17 R16 Q17
E4  : T  33.76c W  33.48c S   0.59c ( +2.3 L  +1.5) LCB    5.85c P  0.53% WF  10.9 PSV       5 N       5  --  E4 Q16 C4
D15 : T  33.22c W  33.26c S   0.54c ( +2.3 L  +1.5) LCB  -41.07c P  0.67% WF   6.4 PSV       5 N       3  --  D15 Q4
E16 : T  32.84c W  32.88c S   0.52c ( +2.2 L  +1.5) LCB  -41.50c P  0.66% WF   6.3 PSV       5 N       3  --  E16 Q4
C3  : T  30.97c W  30.71c S   0.36c ( +2.1 L  +1.6) LCB -118.36c P  0.63% WF   4.3 PSV       3 N       2  --  C3 Q16

2024-05-08 23:05:08+0800: = D4
2024-05-08 23:06:00+0800: GPU 0 finishing, processed 1201 rows 301 batches
2024-05-08 23:06:00+0800: All cleaned up, quitting
