2024-05-08 22:58:23+0800: Running with following config:
allowResignation = true
friendlyPassOk = true
hasButton = false
koRule = SIMPLE
lagBuffer = 1.0
logAllGTPCommunication = true
logDir = gtp_logs
logSearchInfo = true
logToStderr = false
multiStoneSuicideLegal = false
nnCacheSizePowerOfTwo = 20
nnMutexPoolSizePowerOfTwo = 16
numNNServerThreadsPerModel = 1
numSearchThreads = 8
openclDeviceToUseThread0 = 0
ponderingEnabled = false
resignConsecTurns = 3
resignThreshold = -0.90
scoringRule = AREA
searchFactorAfterOnePass = 0.50
searchFactorAfterTwoPass = 0.25
searchFactorWhenWinning = 0.40
searchFactorWhenWinningThreshold = 0.95
taxRule = NONE
whiteHandicapBonus = N

2024-05-08 22:58:23+0800: GTP Engine starting...
2024-05-08 22:58:23+0800: KataGo v1.13.0
2024-05-08 22:58:23+0800: Using Chinese rules initially, unless GTP/GUI overrides this
2024-05-08 22:58:23+0800: Using 8 CPU thread(s) for search
2024-05-08 22:58:24+0800: nnRandSeed0 = 4853421368642026497
2024-05-08 22:58:24+0800: After dedups: nnModelFile0 = F:/unity_project/yiwu/Assets/StreamingAssets\katago-v1.13.0-opencl-windows-x64\model.bin useFP16 auto useNHWC auto
2024-05-08 22:58:24+0800: Initializing neural net buffer to be size 19 * 19 exactly
2024-05-08 22:58:24+0800: Found OpenCL Platform 0: NVIDIA CUDA (NVIDIA Corporation) (OpenCL 3.0 CUDA 12.3.99)
2024-05-08 22:58:24+0800: Found 1 device(s) on platform 0 with type CPU or GPU or Accelerator
2024-05-08 22:58:24+0800: Found OpenCL Device 0: NVIDIA GeForce RTX 2060 (NVIDIA Corporation) (score 11000300)
2024-05-08 22:58:24+0800: Creating context for OpenCL Platform: NVIDIA CUDA (NVIDIA Corporation) (OpenCL 3.0 CUDA 12.3.99)
2024-05-08 22:58:25+0800: Using OpenCL Device 0: NVIDIA GeForce RTX 2060 (NVIDIA Corporation) OpenCL 3.0 CUDA (Extensions: cl_khr_global_int32_base_atomics cl_khr_global_int32_extended_atomics cl_khr_local_int32_base_atomics cl_khr_local_int32_extended_atomics cl_khr_fp64 cl_khr_3d_image_writes cl_khr_byte_addressable_store cl_khr_icd cl_khr_gl_sharing cl_nv_compiler_options cl_nv_device_attribute_query cl_nv_pragma_unroll cl_nv_d3d10_sharing cl_khr_d3d10_sharing cl_nv_d3d11_sharing cl_nv_copy_opts cl_nv_create_buffer cl_khr_int64_base_atomics cl_khr_int64_extended_atomics cl_khr_device_uuid cl_khr_pci_bus_info cl_khr_external_semaphore cl_khr_external_memory cl_khr_external_semaphore_win32 cl_khr_external_memory_win32)
2024-05-08 22:58:25+0800: Loaded tuning parameters from: F:\unity_project\yiwu\Assets\StreamingAssets\katago-v1.13.0-opencl-windows-x64/KataGoData/opencltuning/tune11_gpuNVIDIAGeForceRTX2060_x19_y19_c384_mv14.txt
2024-05-08 22:58:25+0800: OpenCL backend thread 0: Device 0 Model version 14
2024-05-08 22:58:25+0800: OpenCL backend thread 0: Device 0 Model name: kata1-b18c384nbt-s7192213760-d3579182099
2024-05-08 22:58:27+0800: OpenCL backend thread 0: Device 0 FP16Storage true FP16Compute false FP16TensorCores true FP16TensorCoresFor1x1 false
2024-05-08 22:58:27+0800: Loaded neural net with nnXLen 19 nnYLen 19
2024-05-08 22:58:27+0800: Initializing board with boardXSize 19 boardYSize 19
2024-05-08 22:58:27+0800: Loaded config F:/unity_project/yiwu/Assets/StreamingAssets\katago-v1.13.0-opencl-windows-x64\gtp_custom.cfg
2024-05-08 22:58:27+0800: Loaded model F:/unity_project/yiwu/Assets/StreamingAssets\katago-v1.13.0-opencl-windows-x64\model.bin
2024-05-08 22:58:27+0800: Model name: kata1-b18c384nbt-s7192213760-d3579182099
2024-05-08 22:58:27+0800: GTP ready, beginning main protocol loop
2024-05-08 22:58:27+0800: Controller: clear_board
2024-05-08 22:58:27+0800: = 
2024-05-08 22:58:27+0800: Controller: komi 7.5
2024-05-08 22:58:27+0800: = 
2024-05-08 22:58:27+0800: Controller: boardsize 19
2024-05-08 22:58:27+0800: = 
2024-05-08 23:00:39+0800: Controller: play b N15
2024-05-08 23:00:39+0800: = 
2024-05-08 23:00:39+0800: Controller: genmove w
2024-05-08 23:00:44+0800: MoveNum: 1 HASH: 8A0C8FFD5551E1134EAC86F6950360F6
   A B C D E F G H J K L M N O P Q R S T
19 . . . . . . . . . . . . . . . . . . .
18 . . . . . . . . . . . . . . . . . . .
17 . . . . . . . . . . . . . . . . . . .
16 . . . . . . . . . . . . . . . . @ . .
15 . . . . . . . . . . . . X1. . . . . .
14 . . . . . . . . . . . . . . . . . . .
13 . . . . . . . . . . . . . . . . . . .
12 . . . . . . . . . . . . . . . . . . .
11 . . . . . . . . . . . . . . . . . . .
10 . . . . . . . . . . . . . . . . . . .
 9 . . . . . . . . . . . . . . . . . . .
 8 . . . . . . . . . . . . . . . . . . .
 7 . . . . . . . . . . . . . . . . . . .
 6 . . . . . . . . . . . . . . . . . . .
 5 . . . . . . . . . . . . . . . . . . .
 4 . . . . . . . . . . . . . . . . . . .
 3 . . . . . . . . . . . . . . . . . . .
 2 . . . . . . . . . . . . . . . . . . .
 1 . . . . . . . . . . . . . . . . . . .

koSIMPLEscoreAREAtaxNONEsui0whbNfpok1komi7.5
Time taken: 5.016
Root visits: 1372
New playouts: 1372
NN rows: 1201
NN batches: 301
NN avg batch size: 3.99003
PV: R16 D4 C16 R4 F17 O3 P17 F3 C6 C9 C12 E9
Tree:
: T  36.06c W  35.27c S   0.72c ( +2.4 L  +1.6) N    1372  --  R16 D4 C16 R4 F17 O3 P17
---White(^)---
R16 : T  36.63c W  35.70c S   0.74c ( +2.4 L  +1.6) LCB   36.11c P 48.17% WF 2434.0 PSV    2421 N    1091  --  R16 D4 C16 R4 F17 O3 P17 F3
Q16 : T  34.46c W  34.37c S   0.68c ( +2.4 L  +1.6) LCB   33.29c P 18.85% WF 268.2 PSV     171 N     119  --  Q16 D16 D4 Q4 R3 R4 Q3 O3
Q17 : T  34.55c W  34.13c S   0.65c ( +2.3 L  +1.6) LCB   33.38c P  6.68% WF 158.1 PSV      62 N      68  --  Q17 D16 D4 Q4 R14 C3 C4 D3
D16 : T  33.55c W  32.68c S   0.60c ( +2.3 L  +1.5) LCB   30.82c P  5.33% WF  67.0 PSV      35 N      28  --  D16 R16 Q4 C3 P16 N17 R17
Q4  : T  33.39c W  32.78c S   0.59c ( +2.3 L  +1.5) LCB   31.19c P  3.46% WF  95.3 PSV      22 N      40  --  Q4 R16 D16 C3 P16 N17 R17
D4  : T  30.34c W  31.42c S   0.60c ( +2.3 L  +1.5) LCB    1.32c P  2.35% WF  11.5 PSV       8 N       5  --  D4 R16 D16 Q4
D17 : T  29.84c W  31.20c S   0.47c ( +2.2 L  +1.5) LCB  -13.94c P  1.38% WF   9.0 PSV       4 N       4  --  D17 R16 Q4 D4 C14 R6
Q3  : T  31.56c W  32.33c S   0.57c ( +2.3 L  +1.6) LCB -118.47c P  0.98% WF   4.1 PSV       4 N       2  --  Q3 R16
C16 : T  31.80c W  32.66c S   0.62c ( +2.3 L  +1.6) LCB -118.48c P  0.91% WF   4.2 PSV       4 N       2  --  C16 R16
R4  : T  30.15c W  30.99c S   0.39c ( +2.1 L  +1.4) LCB   10.24c P  1.13% WF  13.7 PSV       3 N       6  --  R4 R16 D16 D4 O3 F17

2024-05-08 23:00:44+0800: = R16
2024-05-08 23:00:47+0800: Controller: play b K11
2024-05-08 23:00:47+0800: = 
2024-05-08 23:00:47+0800: Controller: genmove w
2024-05-08 23:00:52+0800: MoveNum: 3 HASH: E2643851FB12BF99C361EEBBEE64FC96
   A B C D E F G H J K L M N O P Q R S T
19 . . . . . . . . . . . . . . . . . . .
18 . . . . . . . . . . . . . . . . . . .
17 . . . . . . . . . . . . . . . . . . .
16 . . . @ . . . . . . . . . . . . O2. .
15 . . . . . . . . . . . . X1. . . . . .
14 . . . . . . . . . . . . . . . . . . .
13 . . . . . . . . . . . . . . . . . . .
12 . . . . . . . . . . . . . . . . . . .
11 . . . . . . . . . X3. . . . . . . . .
10 . . . . . . . . . . . . . . . . . . .
 9 . . . . . . . . . . . . . . . . . . .
 8 . . . . . . . . . . . . . . . . . . .
 7 . . . . . . . . . . . . . . . . . . .
 6 . . . . . . . . . . . . . . . . . . .
 5 . . . . . . . . . . . . . . . . . . .
 4 . . . . . . . . . . . . . . . . . . .
 3 . . . . . . . . . . . . . . . . . . .
 2 . . . . . . . . . . . . . . . . . . .
 1 . . . . . . . . . . . . . . . . . . .

koSIMPLEscoreAREAtaxNONEsui0whbNfpok1komi7.5
Time taken: 5
Root visits: 1560
New playouts: 1560
NN rows: 1266
NN batches: 318
NN avg batch size: 3.98113
PV: D16 D4 Q4 F17 C14 P16 Q17 O3 R6 P17 R14 D17 C17
Tree:
: T  65.27c W  63.21c S   2.19c ( +5.4 L  +3.6) N    1560  --  D16 D4 Q4 F17 C14 P16 Q17
---White(^)---
D16 : T  65.88c W  63.80c S   2.27c ( +5.4 L  +3.7) LCB   65.12c P 35.14% WF 2157.2 PSV    2145 N    1079  --  D16 D4 Q4 F17 C14 P16 Q17 O3
D17 : T  64.90c W  62.86c S   2.13c ( +5.3 L  +3.6) LCB   63.67c P 19.66% WF 681.2 PSV     381 N     340  --  D17 D4 Q4 C15 E16 O3 R6 P16
D4  : T  62.06c W  59.85c S   1.75c ( +4.9 L  +3.4) LCB   59.12c P 11.17% WF  83.0 PSV      72 N      40  --  D4 D17 Q4 C14 O17
Q4  : T  61.97c W  59.62c S   1.71c ( +4.9 L  +3.3) LCB   59.40c P 10.08% WF  74.6 PSV      63 N      36  --  Q4 D17 D4 C14 O17
C4  : T  62.19c W  60.27c S   1.77c ( +5.0 L  +3.3) LCB   58.28c P  4.39% WF  41.5 PSV      29 N      20  --  C4 D16 Q4 P16 Q17 E3
Q3  : T  61.57c W  59.56c S   1.79c ( +5.0 L  +3.5) LCB   53.96c P  2.72% WF  18.6 PSV      15 N       9  --  Q3 D17 C4
C16 : T  59.18c W  58.59c S   1.61c ( +4.8 L  +3.3) LCB   47.28c P  4.11% WF  16.0 PSV      15 N       8  --  C16 Q4 D3 E16
C17 : T  63.33c W  61.54c S   1.90c ( +5.1 L  +3.4) LCB   55.61c P  1.35% WF  20.2 PSV      12 N      10  --  C17 Q4 D4 P16
R4  : T  60.87c W  59.09c S   1.66c ( +4.9 L  +3.3) LCB   46.12c P  2.37% WF  14.7 PSV      11 N       7  --  R4 D16 D4 P16 Q17
D3  : T  58.54c W  57.25c S   1.46c ( +4.7 L  +3.2) LCB   38.93c P  3.30% WF  12.3 PSV      11 N       6  --  D3 D16 Q4 P16

2024-05-08 23:00:52+0800: = D16
2024-05-08 23:01:02+0800: Controller: play b N7
2024-05-08 23:01:02+0800: = 
2024-05-08 23:01:02+0800: Controller: genmove w
2024-05-08 23:01:07+0800: MoveNum: 5 HASH: C11060482464558567EB0F2AA2830CE8
   A B C D E F G H J K L M N O P Q R S T
19 . . . . . . . . . . . . . . . . . . .
18 . . . . . . . . . . . . . . . . . . .
17 . . . . . . . . . . . . . . . . . . .
16 . . . O2. . . . . . . . . . . . O . .
15 . . . . . . . . . . . . X . . . . . .
14 . . . . . . . . . . . . . . . . . . .
13 . . . . . . . . . . . . . . . . . . .
12 . . . . . . . . . . . . . . . . . . .
11 . . . . . . . . . X1. . . . . . . . .
10 . . . . . . . . . . . . . . . . . . .
 9 . . . . . . . . . . . . . . . . . . .
 8 . . . . . . . . . . . . . . . . . . .
 7 . . . . . . . . . . . . X3. . . . . .
 6 . . . . . . . . . . . . . . . . . . .
 5 . . . . . . . . . . . . . . . . . . .
 4 . . . . . . . . . . . . . . . . @ . .
 3 . . . . . . . . . . . . . . . . . . .
 2 . . . . . . . . . . . . . . . . . . .
 1 . . . . . . . . . . . . . . . . . . .

koSIMPLEscoreAREAtaxNONEsui0whbNfpok1komi7.5
Time taken: 5.016
Root visits: 1440
New playouts: 1440
NN rows: 1297
NN batches: 325
NN avg batch size: 3.99077
PV: R4 D4 O3 F17 C14 P16 Q17 P17 R14 F15 D18 D13 D14 E13 B12 N4 N3
Tree:
: T  81.02c W  78.37c S   2.86c ( +7.5 L  +5.2) N    1440  --  R4 D4 O3 F17 C14 P16 Q17
---White(^)---
R4  : T  81.39c W  78.66c S   2.87c ( +7.6 L  +5.2) LCB   80.53c P 29.00% WF 1061.9 PSV    1252 N     522  --  R4 D4 O3 F17 C14 P16 Q17 P17
Q3  : T  81.28c W  78.62c S   2.87c ( +7.6 L  +5.2) LCB   80.26c P 22.72% WF 806.5 PSV     705 N     390  --  Q3 D4 R6 F17 C14 P17 Q17 P16
Q4  : T  80.53c W  78.12c S   2.83c ( +7.5 L  +5.2) LCB   79.61c P 28.20% WF 630.2 PSV     450 N     315  --  Q4 D4 C3 D3 C4 C6 C5 D5
D4  : T  80.93c W  77.94c S   2.94c ( +7.6 L  +5.3) LCB   79.12c P  4.55% WF 314.2 PSV      98 N     164  --  D4 Q3 R5 Q8 P6 P4 P8
C4  : T  79.50c W  76.74c S   2.62c ( +7.3 L  +5.1) LCB   76.47c P  1.37% WF  39.8 PSV      13 N      20  --  C4 R4 F3 P16 Q17 P17
D3  : T  77.92c W  75.67c S   2.48c ( +7.2 L  +5.0) LCB   72.08c P  1.92% WF  28.1 PSV      11 N      14  --  D3 R4 P3 P16
R3  : T  78.91c W  76.89c S   2.68c ( +7.4 L  +5.1) LCB   59.30c P  1.05% WF  12.6 PSV       8 N       6  --  R3 D4 O17 C14
O17 : T  76.77c W  74.44c S   2.26c ( +7.0 L  +4.9) LCB   48.78c P  1.70% WF   9.5 PSV       7 N       5  --  O17 R4 D4 O3
P17 : T  74.95c W  73.97c S   2.11c ( +6.8 L  +4.8) LCB    0.80c P  1.65% WF   6.0 PSV       5 N       3  --  P17 Q3

2024-05-08 23:01:07+0800: = R4
2024-05-08 23:01:35+0800: GPU 0 finishing, processed 3764 rows 944 batches
2024-05-08 23:01:35+0800: All cleaned up, quitting
