2024-05-09 00:58:06+0800: Running with following config:
allowResignation = true
friendlyPassOk = true
hasButton = false
koRule = SIMPLE
lagBuffer = 1.0
logAllGTPCommunication = true
logDir = gtp_logs
logSearchInfo = true
logToStderr = false
multiStoneSuicideLegal = false
nnCacheSizePowerOfTwo = 20
nnMutexPoolSizePowerOfTwo = 16
numNNServerThreadsPerModel = 1
numSearchThreads = 8
openclDeviceToUseThread0 = 0
ponderingEnabled = false
resignConsecTurns = 3
resignThreshold = -0.90
scoringRule = AREA
searchFactorAfterOnePass = 0.50
searchFactorAfterTwoPass = 0.25
searchFactorWhenWinning = 0.40
searchFactorWhenWinningThreshold = 0.95
taxRule = NONE
whiteHandicapBonus = N

2024-05-09 00:58:06+0800: GTP Engine starting...
2024-05-09 00:58:06+0800: KataGo v1.13.0
2024-05-09 00:58:06+0800: Using Chinese rules initially, unless GTP/GUI overrides this
2024-05-09 00:58:06+0800: Using 8 CPU thread(s) for search
2024-05-09 00:58:06+0800: nnRandSeed0 = 1133615880342221072
2024-05-09 00:58:06+0800: After dedups: nnModelFile0 = F:/unity_project/yiwu/Assets/StreamingAssets\katago-v1.13.0-opencl-windows-x64\model.bin useFP16 auto useNHWC auto
2024-05-09 00:58:06+0800: Initializing neural net buffer to be size 19 * 19 exactly
2024-05-09 00:58:06+0800: Found OpenCL Platform 0: NVIDIA CUDA (NVIDIA Corporation) (OpenCL 3.0 CUDA 12.3.99)
2024-05-09 00:58:06+0800: Found 1 device(s) on platform 0 with type CPU or GPU or Accelerator
2024-05-09 00:58:06+0800: Found OpenCL Device 0: NVIDIA GeForce RTX 2060 (NVIDIA Corporation) (score 11000300)
2024-05-09 00:58:06+0800: Creating context for OpenCL Platform: NVIDIA CUDA (NVIDIA Corporation) (OpenCL 3.0 CUDA 12.3.99)
2024-05-09 00:58:07+0800: Using OpenCL Device 0: NVIDIA GeForce RTX 2060 (NVIDIA Corporation) OpenCL 3.0 CUDA (Extensions: cl_khr_global_int32_base_atomics cl_khr_global_int32_extended_atomics cl_khr_local_int32_base_atomics cl_khr_local_int32_extended_atomics cl_khr_fp64 cl_khr_3d_image_writes cl_khr_byte_addressable_store cl_khr_icd cl_khr_gl_sharing cl_nv_compiler_options cl_nv_device_attribute_query cl_nv_pragma_unroll cl_nv_d3d10_sharing cl_khr_d3d10_sharing cl_nv_d3d11_sharing cl_nv_copy_opts cl_nv_create_buffer cl_khr_int64_base_atomics cl_khr_int64_extended_atomics cl_khr_device_uuid cl_khr_pci_bus_info cl_khr_external_semaphore cl_khr_external_memory cl_khr_external_semaphore_win32 cl_khr_external_memory_win32)
2024-05-09 00:58:07+0800: Loaded tuning parameters from: F:\unity_project\yiwu\Assets\StreamingAssets\katago-v1.13.0-opencl-windows-x64/KataGoData/opencltuning/tune11_gpuNVIDIAGeForceRTX2060_x19_y19_c384_mv14.txt
2024-05-09 00:58:07+0800: OpenCL backend thread 0: Device 0 Model version 14
2024-05-09 00:58:07+0800: OpenCL backend thread 0: Device 0 Model name: kata1-b18c384nbt-s7192213760-d3579182099
2024-05-09 00:58:09+0800: OpenCL backend thread 0: Device 0 FP16Storage true FP16Compute false FP16TensorCores true FP16TensorCoresFor1x1 false
2024-05-09 00:58:09+0800: Loaded neural net with nnXLen 19 nnYLen 19
2024-05-09 00:58:09+0800: Initializing board with boardXSize 19 boardYSize 19
2024-05-09 00:58:09+0800: Loaded config F:/unity_project/yiwu/Assets/StreamingAssets\katago-v1.13.0-opencl-windows-x64\gtp_custom.cfg
2024-05-09 00:58:09+0800: Loaded model F:/unity_project/yiwu/Assets/StreamingAssets\katago-v1.13.0-opencl-windows-x64\model.bin
2024-05-09 00:58:09+0800: Model name: kata1-b18c384nbt-s7192213760-d3579182099
2024-05-09 00:58:09+0800: GTP ready, beginning main protocol loop
2024-05-09 00:58:09+0800: Controller: clear_board
2024-05-09 00:58:09+0800: = 
2024-05-09 00:58:09+0800: Controller: komi 7.5
2024-05-09 00:58:09+0800: = 
2024-05-09 00:58:09+0800: Controller: boardsize 19
2024-05-09 00:58:09+0800: = 
2024-05-09 00:58:10+0800: Controller: play b K10
2024-05-09 00:58:10+0800: = 
2024-05-09 00:58:10+0800: Controller: genmove w
2024-05-09 00:58:15+0800: MoveNum: 1 HASH: 7BC546600F28A10FEF906A96B1D6386D
   A B C D E F G H J K L M N O P Q R S T
19 . . . . . . . . . . . . . . . . . . .
18 . . . . . . . . . . . . . . . . . . .
17 . . . . . . . . . . . . . . . . . . .
16 . . . . . . . . . . . . . . . . . . .
15 . . . . . . . . . . . . . . . . . . .
14 . . . . . . . . . . . . . . . . . . .
13 . . . . . . . . . . . . . . . . . . .
12 . . . . . . . . . . . . . . . . . . .
11 . . . . . . . . . . . . . . . . . . .
10 . . . . . . . . . X1. . . . . . . . .
 9 . . . . . . . . . . . . . . . . . . .
 8 . . . . . . . . . . . . . . . . . . .
 7 . . . . . . . . . . . . . . . . . . .
 6 . . . . . . . . . . . . . . . . . . .
 5 . . . . . . . . . . . . . . . . . . .
 4 . . @ . . . . . . . . . . . . . . . .
 3 . . . . . . . . . . . . . . . . . . .
 2 . . . . . . . . . . . . . . . . . . .
 1 . . . . . . . . . . . . . . . . . . .

koSIMPLEscoreAREAtaxNONEsui0whbNfpok1komi7.5
Time taken: 5.015
Root visits: 1271
New playouts: 1271
NN rows: 1213
NN batches: 304
NN avg batch size: 3.99013
PV: C4 Q16 D16 Q3 F3 D4 D3 C5 B4
Tree:
: T  33.94c W  33.52c S   0.62c ( +2.3 L  +1.6) N    1271  --  C4 Q16 D16 Q3 F3 D4 D3
---White(^)---
C4  : T  34.53c W  34.08c S   0.66c ( +2.4 L  +1.6) LCB   33.91c P  3.33% WF 1213.4 PSV    2699 N     515  --  C4 Q16 D16 Q3 F3 D4 D3 C5
D4  : T  34.27c W  33.79c S   0.66c ( +2.4 L  +1.6) LCB   33.63c P 15.02% WF 1538.9 PSV    1538 N     641  --  D4 Q16 D17 Q3 C14 R6 R17 Q17
D5  : T  32.53c W  32.36c S   0.54c ( +2.2 L  +1.5) LCB   30.01c P  0.60% WF  77.9 PSV       7 N      36  --  D5 C3 E3 C5 C6 D4 E4 B6
C5  : T  32.80c W  32.54c S   0.54c ( +2.2 L  +1.5) LCB   30.23c P  0.40% WF  48.8 PSV       6 N      21  --  C5 Q16 D3 Q3
C3  : T  31.25c W  30.91c S   0.39c ( +2.1 L  +1.5) LCB   11.69c P  0.64% WF  13.8 PSV       5 N       6  --  C3 Q16 Q4 D16
C10 : T  25.92c W  27.09c S   0.25c ( +2.0 L  +1.4) LCB -124.16c P  0.02% WF   4.3 PSV       0 N       2  --  C10 D16
C6  : T  25.16c W  25.31c S  -0.15c ( +1.6 L  +1.3) LCB -324.84c P  0.12% WF   1.9 PSV       0 N       1  --  C6
D6  : T  23.45c W  23.68c S  -0.24c ( +1.5 L  +1.1) LCB -326.55c P  0.04% WF   1.8 PSV       0 N       1  --  D6
D7  : T  25.91c W  25.92c S  -0.01c ( +1.7 L  +1.3) LCB -324.09c P  0.03% WF   1.9 PSV       0 N       1  --  D7
C7  : T  25.72c W  25.77c S  -0.05c ( +1.7 L  +1.3) LCB -324.28c P  0.03% WF   1.9 PSV       0 N       1  --  C7

2024-05-09 00:58:15+0800: = C4
