2024-03-17 15:23:50+0800: Running with following config:
allowResignation = true
friendlyPassOk = true
hasButton = false
koRule = SIMPLE
lagBuffer = 1.0
logAllGTPCommunication = true
logDir = gtp_logs
logSearchInfo = true
logToStderr = false
multiStoneSuicideLegal = false
nnCacheSizePowerOfTwo = 20
nnMutexPoolSizePowerOfTwo = 16
numNNServerThreadsPerModel = 1
numSearchThreads = 8
openclDeviceToUseThread0 = 0
ponderingEnabled = false
resignConsecTurns = 3
resignThreshold = -0.90
scoringRule = AREA
searchFactorAfterOnePass = 0.50
searchFactorAfterTwoPass = 0.25
searchFactorWhenWinning = 0.40
searchFactorWhenWinningThreshold = 0.95
taxRule = NONE
whiteHandicapBonus = N

2024-03-17 15:23:50+0800: GTP Engine starting...
2024-03-17 15:23:50+0800: KataGo v1.13.0
2024-03-17 15:23:50+0800: Using Chinese rules initially, unless GTP/GUI overrides this
2024-03-17 15:23:50+0800: Using 8 CPU thread(s) for search
2024-03-17 15:23:51+0800: nnRandSeed0 = 8776986979392302580
2024-03-17 15:23:51+0800: After dedups: nnModelFile0 = F:\homework\毕业设计\katago-v1.13.0-opencl-windows-x64\model.bin useFP16 auto useNHWC auto
2024-03-17 15:23:51+0800: Initializing neural net buffer to be size 19 * 19 exactly
2024-03-17 15:23:51+0800: Found OpenCL Platform 0: NVIDIA CUDA (NVIDIA Corporation) (OpenCL 3.0 CUDA 12.3.99)
2024-03-17 15:23:51+0800: Found 1 device(s) on platform 0 with type CPU or GPU or Accelerator
2024-03-17 15:23:51+0800: Found OpenCL Device 0: NVIDIA GeForce RTX 2060 (NVIDIA Corporation) (score 11000300)
2024-03-17 15:23:51+0800: Creating context for OpenCL Platform: NVIDIA CUDA (NVIDIA Corporation) (OpenCL 3.0 CUDA 12.3.99)
2024-03-17 15:23:52+0800: Using OpenCL Device 0: NVIDIA GeForce RTX 2060 (NVIDIA Corporation) OpenCL 3.0 CUDA (Extensions: cl_khr_global_int32_base_atomics cl_khr_global_int32_extended_atomics cl_khr_local_int32_base_atomics cl_khr_local_int32_extended_atomics cl_khr_fp64 cl_khr_3d_image_writes cl_khr_byte_addressable_store cl_khr_icd cl_khr_gl_sharing cl_nv_compiler_options cl_nv_device_attribute_query cl_nv_pragma_unroll cl_nv_d3d10_sharing cl_khr_d3d10_sharing cl_nv_d3d11_sharing cl_nv_copy_opts cl_nv_create_buffer cl_khr_int64_base_atomics cl_khr_int64_extended_atomics cl_khr_device_uuid cl_khr_pci_bus_info cl_khr_external_semaphore cl_khr_external_memory cl_khr_external_semaphore_win32 cl_khr_external_memory_win32)
2024-03-17 15:23:52+0800: Loaded tuning parameters from: F:\homework\毕业设计\katago-v1.13.0-opencl-windows-x64/KataGoData/opencltuning/tune11_gpuNVIDIAGeForceRTX2060_x19_y19_c384_mv14.txt
2024-03-17 15:23:52+0800: OpenCL backend thread 0: Device 0 Model version 14
2024-03-17 15:23:52+0800: OpenCL backend thread 0: Device 0 Model name: kata1-b18c384nbt-s7192213760-d3579182099
2024-03-17 15:23:54+0800: OpenCL backend thread 0: Device 0 FP16Storage true FP16Compute false FP16TensorCores true FP16TensorCoresFor1x1 false
2024-03-17 15:23:54+0800: Loaded neural net with nnXLen 19 nnYLen 19
2024-03-17 15:23:54+0800: Initializing board with boardXSize 19 boardYSize 19
2024-03-17 15:23:54+0800: Loaded config F:\homework\毕业设计\katago-v1.13.0-opencl-windows-x64\gtp_custom.cfg
2024-03-17 15:23:54+0800: Loaded model F:\homework\毕业设计\katago-v1.13.0-opencl-windows-x64\model.bin
2024-03-17 15:23:54+0800: Model name: kata1-b18c384nbt-s7192213760-d3579182099
2024-03-17 15:23:54+0800: GTP ready, beginning main protocol loop
2024-03-17 15:23:59+0800: Controller: loadsgf C:/Users/KILLLAKILL/AppData/LocalLow/DefaultCompany/yiwu/RecentGames\sgf_1701255612.sgf 1
2024-03-17 15:23:59+0800: Changing komi to 5.5
2024-03-17 15:23:59+0800: GPU 0 finishing, processed 0 rows 0 batches
2024-03-17 15:23:59+0800: Cleaned up old neural net and bot
2024-03-17 15:23:59+0800: nnRandSeed0 = 9121625038333090813
2024-03-17 15:23:59+0800: After dedups: nnModelFile0 = F:\homework\毕业设计\katago-v1.13.0-opencl-windows-x64\model.bin useFP16 auto useNHWC auto
2024-03-17 15:23:59+0800: Initializing neural net buffer to be size 9 * 9 exactly
2024-03-17 15:24:00+0800: Found OpenCL Platform 0: NVIDIA CUDA (NVIDIA Corporation) (OpenCL 3.0 CUDA 12.3.99)
2024-03-17 15:24:00+0800: Found 1 device(s) on platform 0 with type CPU or GPU or Accelerator
2024-03-17 15:24:00+0800: Found OpenCL Device 0: NVIDIA GeForce RTX 2060 (NVIDIA Corporation) (score 11000300)
2024-03-17 15:24:00+0800: Creating context for OpenCL Platform: NVIDIA CUDA (NVIDIA Corporation) (OpenCL 3.0 CUDA 12.3.99)
2024-03-17 15:24:00+0800: Using OpenCL Device 0: NVIDIA GeForce RTX 2060 (NVIDIA Corporation) OpenCL 3.0 CUDA (Extensions: cl_khr_global_int32_base_atomics cl_khr_global_int32_extended_atomics cl_khr_local_int32_base_atomics cl_khr_local_int32_extended_atomics cl_khr_fp64 cl_khr_3d_image_writes cl_khr_byte_addressable_store cl_khr_icd cl_khr_gl_sharing cl_nv_compiler_options cl_nv_device_attribute_query cl_nv_pragma_unroll cl_nv_d3d10_sharing cl_khr_d3d10_sharing cl_nv_d3d11_sharing cl_nv_copy_opts cl_nv_create_buffer cl_khr_int64_base_atomics cl_khr_int64_extended_atomics cl_khr_device_uuid cl_khr_pci_bus_info cl_khr_external_semaphore cl_khr_external_memory cl_khr_external_semaphore_win32 cl_khr_external_memory_win32)
2024-03-17 15:24:00+0800: Loaded tuning parameters from: F:\homework\毕业设计\katago-v1.13.0-opencl-windows-x64/KataGoData/opencltuning/tune11_gpuNVIDIAGeForceRTX2060_x19_y19_c384_mv14.txt
2024-03-17 15:24:01+0800: OpenCL backend thread 0: Device 0 Model version 14
2024-03-17 15:24:01+0800: OpenCL backend thread 0: Device 0 Model name: kata1-b18c384nbt-s7192213760-d3579182099
2024-03-17 15:24:03+0800: OpenCL backend thread 0: Device 0 FP16Storage true FP16Compute false FP16TensorCores true FP16TensorCoresFor1x1 false
2024-03-17 15:24:03+0800: Loaded neural net with nnXLen 9 nnYLen 9
2024-03-17 15:24:03+0800: Initializing board with boardXSize 9 boardYSize 9
2024-03-17 15:24:03+0800: = 
2024-03-17 15:24:08+0800: Controller: loadsgf C:/Users/KILLLAKILL/AppData/LocalLow/DefaultCompany/yiwu/RecentGames\sgf_1701255612.sgf 6
2024-03-17 15:24:08+0800: = 
2024-03-17 15:24:08+0800: Controller: lz-genmove_analyze maxmoves 6
2024-03-17 15:24:13+0800: MoveNum: 5 HASH: FFE96295C396DA517064CFFB0FD39D37
   A B C D E F G H J
 9 . . . . . . . . .
 8 . . . . . . . . .
 7 . . X . . . . . .
 6 . . . . . . . . .
 5 . . . . O O2. . .
 4 . . . . . . . . .
 3 . . X1. @ . X3. .
 2 . . . . . . . . .
 1 . . . . . . . . .

koSIMPLEscoreAREAtaxNONEsui0whbNfpok1komi5.5
Time taken: 5
Root visits: 2400
New playouts: 2400
NN rows: 2082
NN batches: 521
NN avg batch size: 3.99616
PV: E3 D4 F3 H5 H4 D6 H6 G6 F7 G7 G5 H7 J5 F6 E6 E7
Tree:
: T -60.43c W -54.96c S  -3.30c ( -2.3 L  -1.9) N    2400  --  E3 D4 F3 H5 H4 D6 H6
---White(^)---
E3  : T -58.71c W -53.30c S  -3.37c ( -2.4 L  -1.9) LCB  -64.58c P 33.02% WF 1174.2 PSV    1155 N    1615  --  E3 D4 F3 H5 H4 D6 H6 G6
E7  : T -60.41c W -56.23c S  -2.55c ( -1.9 L  -1.5) LCB  -70.15c P 15.68% WF 266.9 PSV     269 N     367  --  E7 C5 D4 H5 C4 B4 B3 B5
F2  : T -57.56c W -54.14c S  -3.00c ( -2.3 L  -1.6) LCB  -68.18c P  1.81% WF 175.8 PSV     145 N     210  --  F2 H5 C5 D4 D5 F3 F8 E8
C5  : T -72.86c W -61.75c S  -4.30c ( -2.9 L  -2.2) LCB  -86.66c P 30.56% WF 121.2 PSV     133 N     160  --  C5 D4 C6 E7 F3 F2 E3 E2
F3  : T -81.95c W -72.42c S  -3.86c ( -2.5 L  -1.9) LCB -102.44c P  8.27% WF  21.1 PSV      23 N      23  --  F3 F2 E7 C5 E2 E3 F4
G4  : T -77.74c W -74.13c S  -3.47c ( -2.3 L  -1.8) LCB -110.24c P  2.28% WF   6.8 PSV       7 N       7  --  G4 F3 D4 D3
D3  : T -91.35c W -81.53c S  -5.71c ( -3.4 L  -2.7) LCB -138.79c P  2.63% WF   4.2 PSV       5 N       4  --  D3 D4 F3
D7  : T -80.02c W -74.39c S  -3.60c ( -2.4 L  -1.4) LCB -129.15c P  1.34% WF   4.3 PSV       4 N       4  --  D7 C6 G4
C6  : T -87.01c W -78.15c S  -4.35c ( -2.8 L  -1.8) LCB -171.32c P  1.61% WF   3.5 PSV       3 N       3  --  C6 D6 D5
C4  : T -77.47c W -75.43c S  -3.70c ( -2.5 L  -1.5) LCB -231.96c P  0.85% WF   2.2 PSV       2 N       2  --  C4 D4

2024-03-17 15:24:13+0800: = play E3
