2024-03-17 16:52:43+0800: Running with following config:
allowResignation = true
friendlyPassOk = true
hasButton = false
koRule = SIMPLE
lagBuffer = 1.0
logAllGTPCommunication = true
logDir = gtp_logs
logSearchInfo = true
logToStderr = false
multiStoneSuicideLegal = false
nnCacheSizePowerOfTwo = 20
nnMutexPoolSizePowerOfTwo = 16
numNNServerThreadsPerModel = 1
numSearchThreads = 8
openclDeviceToUseThread0 = 0
ponderingEnabled = false
resignConsecTurns = 3
resignThreshold = -0.90
scoringRule = AREA
searchFactorAfterOnePass = 0.50
searchFactorAfterTwoPass = 0.25
searchFactorWhenWinning = 0.40
searchFactorWhenWinningThreshold = 0.95
taxRule = NONE
whiteHandicapBonus = N

2024-03-17 16:52:43+0800: GTP Engine starting...
2024-03-17 16:52:43+0800: KataGo v1.13.0
2024-03-17 16:52:43+0800: Using Chinese rules initially, unless GTP/GUI overrides this
2024-03-17 16:52:43+0800: Using 8 CPU thread(s) for search
2024-03-17 16:52:43+0800: nnRandSeed0 = 1691496763454825402
2024-03-17 16:52:43+0800: After dedups: nnModelFile0 = F:\homework\毕业设计\katago-v1.13.0-opencl-windows-x64\model.bin useFP16 auto useNHWC auto
2024-03-17 16:52:43+0800: Initializing neural net buffer to be size 19 * 19 exactly
2024-03-17 16:52:44+0800: Found OpenCL Platform 0: NVIDIA CUDA (NVIDIA Corporation) (OpenCL 3.0 CUDA 12.3.99)
2024-03-17 16:52:44+0800: Found 1 device(s) on platform 0 with type CPU or GPU or Accelerator
2024-03-17 16:52:44+0800: Found OpenCL Device 0: NVIDIA GeForce RTX 2060 (NVIDIA Corporation) (score 11000300)
2024-03-17 16:52:44+0800: Creating context for OpenCL Platform: NVIDIA CUDA (NVIDIA Corporation) (OpenCL 3.0 CUDA 12.3.99)
2024-03-17 16:52:44+0800: Using OpenCL Device 0: NVIDIA GeForce RTX 2060 (NVIDIA Corporation) OpenCL 3.0 CUDA (Extensions: cl_khr_global_int32_base_atomics cl_khr_global_int32_extended_atomics cl_khr_local_int32_base_atomics cl_khr_local_int32_extended_atomics cl_khr_fp64 cl_khr_3d_image_writes cl_khr_byte_addressable_store cl_khr_icd cl_khr_gl_sharing cl_nv_compiler_options cl_nv_device_attribute_query cl_nv_pragma_unroll cl_nv_d3d10_sharing cl_khr_d3d10_sharing cl_nv_d3d11_sharing cl_nv_copy_opts cl_nv_create_buffer cl_khr_int64_base_atomics cl_khr_int64_extended_atomics cl_khr_device_uuid cl_khr_pci_bus_info cl_khr_external_semaphore cl_khr_external_memory cl_khr_external_semaphore_win32 cl_khr_external_memory_win32)
2024-03-17 16:52:44+0800: Loaded tuning parameters from: F:\homework\毕业设计\katago-v1.13.0-opencl-windows-x64/KataGoData/opencltuning/tune11_gpuNVIDIAGeForceRTX2060_x19_y19_c384_mv14.txt
2024-03-17 16:52:45+0800: OpenCL backend thread 0: Device 0 Model version 14
2024-03-17 16:52:45+0800: OpenCL backend thread 0: Device 0 Model name: kata1-b18c384nbt-s7192213760-d3579182099
2024-03-17 16:52:47+0800: OpenCL backend thread 0: Device 0 FP16Storage true FP16Compute false FP16TensorCores true FP16TensorCoresFor1x1 false
2024-03-17 16:52:47+0800: Loaded neural net with nnXLen 19 nnYLen 19
2024-03-17 16:52:47+0800: Initializing board with boardXSize 19 boardYSize 19
2024-03-17 16:52:47+0800: Loaded config F:\homework\毕业设计\katago-v1.13.0-opencl-windows-x64\gtp_custom.cfg
2024-03-17 16:52:47+0800: Loaded model F:\homework\毕业设计\katago-v1.13.0-opencl-windows-x64\model.bin
2024-03-17 16:52:47+0800: Model name: kata1-b18c384nbt-s7192213760-d3579182099
2024-03-17 16:52:47+0800: GTP ready, beginning main protocol loop
2024-03-17 16:52:52+0800: Controller: loadsgf C:/Users/KILLLAKILL/AppData/LocalLow/DefaultCompany/yiwu/RecentGames\sgf_1701255612.sgf 1
2024-03-17 16:52:52+0800: Changing komi to 5.5
2024-03-17 16:52:52+0800: GPU 0 finishing, processed 0 rows 0 batches
2024-03-17 16:52:52+0800: Cleaned up old neural net and bot
2024-03-17 16:52:52+0800: nnRandSeed0 = 12594694029202742498
2024-03-17 16:52:52+0800: After dedups: nnModelFile0 = F:\homework\毕业设计\katago-v1.13.0-opencl-windows-x64\model.bin useFP16 auto useNHWC auto
2024-03-17 16:52:52+0800: Initializing neural net buffer to be size 9 * 9 exactly
2024-03-17 16:52:52+0800: Found OpenCL Platform 0: NVIDIA CUDA (NVIDIA Corporation) (OpenCL 3.0 CUDA 12.3.99)
2024-03-17 16:52:52+0800: Found 1 device(s) on platform 0 with type CPU or GPU or Accelerator
2024-03-17 16:52:52+0800: Found OpenCL Device 0: NVIDIA GeForce RTX 2060 (NVIDIA Corporation) (score 11000300)
2024-03-17 16:52:52+0800: Creating context for OpenCL Platform: NVIDIA CUDA (NVIDIA Corporation) (OpenCL 3.0 CUDA 12.3.99)
2024-03-17 16:52:53+0800: Using OpenCL Device 0: NVIDIA GeForce RTX 2060 (NVIDIA Corporation) OpenCL 3.0 CUDA (Extensions: cl_khr_global_int32_base_atomics cl_khr_global_int32_extended_atomics cl_khr_local_int32_base_atomics cl_khr_local_int32_extended_atomics cl_khr_fp64 cl_khr_3d_image_writes cl_khr_byte_addressable_store cl_khr_icd cl_khr_gl_sharing cl_nv_compiler_options cl_nv_device_attribute_query cl_nv_pragma_unroll cl_nv_d3d10_sharing cl_khr_d3d10_sharing cl_nv_d3d11_sharing cl_nv_copy_opts cl_nv_create_buffer cl_khr_int64_base_atomics cl_khr_int64_extended_atomics cl_khr_device_uuid cl_khr_pci_bus_info cl_khr_external_semaphore cl_khr_external_memory cl_khr_external_semaphore_win32 cl_khr_external_memory_win32)
2024-03-17 16:52:53+0800: Loaded tuning parameters from: F:\homework\毕业设计\katago-v1.13.0-opencl-windows-x64/KataGoData/opencltuning/tune11_gpuNVIDIAGeForceRTX2060_x19_y19_c384_mv14.txt
2024-03-17 16:52:53+0800: OpenCL backend thread 0: Device 0 Model version 14
2024-03-17 16:52:53+0800: OpenCL backend thread 0: Device 0 Model name: kata1-b18c384nbt-s7192213760-d3579182099
2024-03-17 16:52:55+0800: OpenCL backend thread 0: Device 0 FP16Storage true FP16Compute false FP16TensorCores true FP16TensorCoresFor1x1 false
2024-03-17 16:52:55+0800: Loaded neural net with nnXLen 9 nnYLen 9
2024-03-17 16:52:55+0800: Initializing board with boardXSize 9 boardYSize 9
2024-03-17 16:52:55+0800: = 
2024-03-17 16:52:57+0800: Controller: loadsgf C:/Users/KILLLAKILL/AppData/LocalLow/DefaultCompany/yiwu/RecentGames\sgf_1701255612.sgf 1
2024-03-17 16:52:57+0800: = 
2024-03-17 16:52:57+0800: Controller: lz-genmove_analyze maxmoves 6
2024-03-17 16:53:02+0800: MoveNum: 0 HASH: 9F0B2D702FC8448C75410E097F089AEB
   A B C D E F G H J
 9 . . . . . . . . .
 8 . . . . . . . . .
 7 . . . . . . . . .
 6 . . . . . @ . . .
 5 . . . . . . . . .
 4 . . . . . . . . .
 3 . . . . . . . . .
 2 . . . . . . . . .
 1 . . . . . . . . .

koSIMPLEscoreAREAtaxNONEsui0whbNfpok1komi5.5
Time taken: 5
Root visits: 2713
New playouts: 2713
NN rows: 2491
NN batches: 624
NN avg batch size: 3.99199
PV: F6 D6 E4 C5 D3 G4 H5 G5 G6 H4 H6 F3 C4 E7 E2 F2 B5 B6 D5 C6 H2 F5 E5 E6 E3
Tree:
: T  45.30c W  45.58c S   0.67c ( +1.9 L  +1.3) N    2713  --  F6 D6 E4 C5 D3 G4 H5
---Black(^)---
F6  : T  45.79c W  46.13c S   0.75c ( +1.9 L  +1.4) LCB   42.85c P 22.95% WF 1886.2 PSV    1879 N    2524  --  F6 D6 E4 C5 D3 G4 H5 G5
E5  : T  42.59c W  42.01c S   0.04c ( +1.5 L  +0.9) LCB   38.35c P  7.17% WF 184.8 PSV     107 N     150  --  E5 G6 F7 G4 C4 C7 G7 B5
F5  : T  41.91c W  42.79c S  -0.19c ( +1.4 L  +0.8) LCB   31.75c P  0.48% WF  25.8 PSV       6 N      21  --  F5 D5 E7 C7 C3 C4 D3 H5
G5  : T  13.09c W  18.59c S  -1.36c ( +0.9 L  +0.6) LCB  -38.10c P  0.10% WF   3.8 PSV       0 N       4  --  G5 D5 E5 D6
G6  : T  14.79c W  15.91c S  -1.11c ( +1.0 L  +0.7) LCB -134.28c P  0.12% WF   2.4 PSV       0 N       2  --  G6 D4
G7  : T -57.75c W -52.61c S  -5.14c ( -1.0 L  -0.2) LCB -407.75c P  0.00% WF   0.4 PSV       0 N       1  --  G7
H5  : T -78.72c W -71.54c S  -7.18c ( -2.0 L  -0.9) LCB -428.72c P  0.00% WF   0.1 PSV       0 N       1  --  H5
H7  : T -106.07c W -93.66c S -12.42c ( -4.3 L  -3.2) LCB -456.07c P  0.00% WF   0.1 PSV       0 N       1  --  H7
H6  : T -89.14c W -80.74c S  -8.41c ( -2.6 L  -1.4) LCB -439.14c P  0.00% WF   0.1 PSV       0 N       1  --  H6
J6  : T -118.47c W -99.48c S -18.99c ( -7.7 L  -7.8) LCB -468.47c P  0.00% WF   0.1 PSV       0 N       1  --  J6

2024-03-17 16:53:02+0800: = play F6
