2024-03-14 11:23:24+0800: Running with following config:
allowResignation = true
friendlyPassOk = true
hasButton = false
koRule = SIMPLE
lagBuffer = 1.0
logAllGTPCommunication = true
logDir = gtp_logs
logSearchInfo = true
logToStderr = false
multiStoneSuicideLegal = false
nnCacheSizePowerOfTwo = 20
nnMutexPoolSizePowerOfTwo = 16
numNNServerThreadsPerModel = 1
numSearchThreads = 8
openclDeviceToUseThread0 = 0
ponderingEnabled = false
resignConsecTurns = 3
resignThreshold = -0.90
scoringRule = AREA
searchFactorAfterOnePass = 0.50
searchFactorAfterTwoPass = 0.25
searchFactorWhenWinning = 0.40
searchFactorWhenWinningThreshold = 0.95
taxRule = NONE
whiteHandicapBonus = N

2024-03-14 11:23:24+0800: GTP Engine starting...
2024-03-14 11:23:24+0800: KataGo v1.13.0
2024-03-14 11:23:24+0800: Using Chinese rules initially, unless GTP/GUI overrides this
2024-03-14 11:23:24+0800: Using 8 CPU thread(s) for search
2024-03-14 11:23:24+0800: nnRandSeed0 = 8090330095265052408
2024-03-14 11:23:24+0800: After dedups: nnModelFile0 = F:\homework\毕业设计\katago-v1.13.0-opencl-windows-x64\model.bin useFP16 auto useNHWC auto
2024-03-14 11:23:24+0800: Initializing neural net buffer to be size 19 * 19 exactly
2024-03-14 11:23:25+0800: Found OpenCL Platform 0: NVIDIA CUDA (NVIDIA Corporation) (OpenCL 3.0 CUDA 12.3.99)
2024-03-14 11:23:25+0800: Found 1 device(s) on platform 0 with type CPU or GPU or Accelerator
2024-03-14 11:23:25+0800: Found OpenCL Device 0: NVIDIA GeForce RTX 2060 (NVIDIA Corporation) (score 11000300)
2024-03-14 11:23:25+0800: Creating context for OpenCL Platform: NVIDIA CUDA (NVIDIA Corporation) (OpenCL 3.0 CUDA 12.3.99)
2024-03-14 11:23:25+0800: Using OpenCL Device 0: NVIDIA GeForce RTX 2060 (NVIDIA Corporation) OpenCL 3.0 CUDA (Extensions: cl_khr_global_int32_base_atomics cl_khr_global_int32_extended_atomics cl_khr_local_int32_base_atomics cl_khr_local_int32_extended_atomics cl_khr_fp64 cl_khr_3d_image_writes cl_khr_byte_addressable_store cl_khr_icd cl_khr_gl_sharing cl_nv_compiler_options cl_nv_device_attribute_query cl_nv_pragma_unroll cl_nv_d3d10_sharing cl_khr_d3d10_sharing cl_nv_d3d11_sharing cl_nv_copy_opts cl_nv_create_buffer cl_khr_int64_base_atomics cl_khr_int64_extended_atomics cl_khr_device_uuid cl_khr_pci_bus_info cl_khr_external_semaphore cl_khr_external_memory cl_khr_external_semaphore_win32 cl_khr_external_memory_win32)
2024-03-14 11:23:25+0800: Loaded tuning parameters from: F:\homework\毕业设计\katago-v1.13.0-opencl-windows-x64/KataGoData/opencltuning/tune11_gpuNVIDIAGeForceRTX2060_x19_y19_c384_mv14.txt
2024-03-14 11:23:26+0800: OpenCL backend thread 0: Device 0 Model version 14
2024-03-14 11:23:26+0800: OpenCL backend thread 0: Device 0 Model name: kata1-b18c384nbt-s7192213760-d3579182099
2024-03-14 11:23:28+0800: OpenCL backend thread 0: Device 0 FP16Storage true FP16Compute false FP16TensorCores true FP16TensorCoresFor1x1 false
2024-03-14 11:23:28+0800: Loaded neural net with nnXLen 19 nnYLen 19
2024-03-14 11:23:28+0800: Initializing board with boardXSize 19 boardYSize 19
2024-03-14 11:23:28+0800: Loaded config F:\homework\毕业设计\katago-v1.13.0-opencl-windows-x64\gtp_custom.cfg
2024-03-14 11:23:28+0800: Loaded model F:\homework\毕业设计\katago-v1.13.0-opencl-windows-x64\model.bin
2024-03-14 11:23:28+0800: Model name: kata1-b18c384nbt-s7192213760-d3579182099
2024-03-14 11:23:28+0800: GTP ready, beginning main protocol loop
2024-03-14 11:23:39+0800: Controller: lz-genmove_analyze
2024-03-14 11:23:44+0800: MoveNum: 0 HASH: CDCBC1F514D7E680FACD226074256633
   A B C D E F G H J K L M N O P Q R S T
19 . . . . . . . . . . . . . . . . . . .
18 . . . . . . . . . . . . . . . . . . .
17 . . . . . . . . . . . . . . . . . . .
16 . . . . . . . . . . . . . . . @ . . .
15 . . . . . . . . . . . . . . . . . . .
14 . . . . . . . . . . . . . . . . . . .
13 . . . . . . . . . . . . . . . . . . .
12 . . . . . . . . . . . . . . . . . . .
11 . . . . . . . . . . . . . . . . . . .
10 . . . . . . . . . . . . . . . . . . .
 9 . . . . . . . . . . . . . . . . . . .
 8 . . . . . . . . . . . . . . . . . . .
 7 . . . . . . . . . . . . . . . . . . .
 6 . . . . . . . . . . . . . . . . . . .
 5 . . . . . . . . . . . . . . . . . . .
 4 . . . . . . . . . . . . . . . . . . .
 3 . . . . . . . . . . . . . . . . . . .
 2 . . . . . . . . . . . . . . . . . . .
 1 . . . . . . . . . . . . . . . . . . .

koSIMPLEscoreAREAtaxNONEsui0whbNfpok1komi7.5
Time taken: 5.016
Root visits: 1316
New playouts: 1316
NN rows: 1154
NN batches: 290
NN avg batch size: 3.97931
PV: Q16 D4 Q4 D16 F17 E17 F16 D14 C3 D3 C4 D5 B6 O3 M3 R17
Tree:
: T -24.81c W -24.84c S  -0.06c ( -1.5 L  -1.0) N    1316  --  Q16 D4 Q4 D16 F17 E17 F16
---Black(^)---
Q16 : T -24.41c W -24.50c S  -0.03c ( -1.5 L  -1.0) LCB  -24.78c P 13.58% WF 3169.5 PSV    3160 N    1153  --  Q16 D4 Q4 D16 F17 E17 F16 D14
R16 : T -26.82c W -26.41c S  -0.24c ( -1.7 L  -1.1) LCB  -28.31c P  2.90% WF 144.6 PSV      28 N      54  --  R16 D16 C17 C16 D17 E16 F18 D4
Q15 : T -27.93c W -27.29c S  -0.42c ( -1.9 L  -1.2) LCB  -30.65c P  1.66% WF  68.8 PSV      11 N      25  --  Q15 Q4 Q17 D16 C3 R6
R15 : T -27.60c W -27.09c S  -0.36c ( -1.8 L  -1.1) LCB  -29.56c P  0.61% WF  71.9 PSV       4 N      26  --  R15 D16 Q17 D4 Q3
R17 : T -26.91c W -26.91c S  -0.25c ( -1.7 L  -1.0) LCB  -28.60c P  0.35% WF 119.0 PSV       3 N      45  --  R17 D4 C16 R4 P3 Q5
R14 : T -34.77c W -34.03c S  -0.74c ( -2.2 L  -1.4) LCB -384.77c P  0.04% WF   2.2 PSV       0 N       1  --  R14
Q13 : T -37.75c W -36.82c S  -0.92c ( -2.3 L  -1.5) LCB -387.75c P  0.03% WF   2.0 PSV       0 N       1  --  Q13
Q14 : T -35.57c W -34.75c S  -0.83c ( -2.2 L  -1.5) LCB -385.57c P  0.03% WF   2.1 PSV       0 N       1  --  Q14
Q11 : T -36.57c W -35.66c S  -0.91c ( -2.3 L  -1.5) LCB -386.57c P  0.02% WF   2.1 PSV       0 N       1  --  Q11
Q10 : T -35.42c W -34.57c S  -0.85c ( -2.3 L  -1.5) LCB -385.42c P  0.02% WF   2.1 PSV       0 N       1  --  Q10

2024-03-14 11:23:44+0800: = play Q16
