2024-05-09 00:41:17+0800: Running with following config:
allowResignation = true
friendlyPassOk = true
hasButton = false
koRule = SIMPLE
lagBuffer = 1.0
logAllGTPCommunication = true
logDir = gtp_logs
logSearchInfo = true
logToStderr = false
multiStoneSuicideLegal = false
nnCacheSizePowerOfTwo = 20
nnMutexPoolSizePowerOfTwo = 16
numNNServerThreadsPerModel = 1
numSearchThreads = 8
openclDeviceToUseThread0 = 0
ponderingEnabled = false
resignConsecTurns = 3
resignThreshold = -0.90
scoringRule = AREA
searchFactorAfterOnePass = 0.50
searchFactorAfterTwoPass = 0.25
searchFactorWhenWinning = 0.40
searchFactorWhenWinningThreshold = 0.95
taxRule = NONE
whiteHandicapBonus = N

2024-05-09 00:41:17+0800: GTP Engine starting...
2024-05-09 00:41:17+0800: KataGo v1.13.0
2024-05-09 00:41:17+0800: Using Chinese rules initially, unless GTP/GUI overrides this
2024-05-09 00:41:17+0800: Using 8 CPU thread(s) for search
2024-05-09 00:41:17+0800: nnRandSeed0 = 6675155656518620110
2024-05-09 00:41:17+0800: After dedups: nnModelFile0 = F:/unity_project/yiwu/Assets/StreamingAssets\katago-v1.13.0-opencl-windows-x64\model.bin useFP16 auto useNHWC auto
2024-05-09 00:41:17+0800: Initializing neural net buffer to be size 19 * 19 exactly
2024-05-09 00:41:18+0800: Found OpenCL Platform 0: NVIDIA CUDA (NVIDIA Corporation) (OpenCL 3.0 CUDA 12.3.99)
2024-05-09 00:41:18+0800: Found 1 device(s) on platform 0 with type CPU or GPU or Accelerator
2024-05-09 00:41:18+0800: Found OpenCL Device 0: NVIDIA GeForce RTX 2060 (NVIDIA Corporation) (score 11000300)
2024-05-09 00:41:18+0800: Creating context for OpenCL Platform: NVIDIA CUDA (NVIDIA Corporation) (OpenCL 3.0 CUDA 12.3.99)
2024-05-09 00:41:18+0800: Using OpenCL Device 0: NVIDIA GeForce RTX 2060 (NVIDIA Corporation) OpenCL 3.0 CUDA (Extensions: cl_khr_global_int32_base_atomics cl_khr_global_int32_extended_atomics cl_khr_local_int32_base_atomics cl_khr_local_int32_extended_atomics cl_khr_fp64 cl_khr_3d_image_writes cl_khr_byte_addressable_store cl_khr_icd cl_khr_gl_sharing cl_nv_compiler_options cl_nv_device_attribute_query cl_nv_pragma_unroll cl_nv_d3d10_sharing cl_khr_d3d10_sharing cl_nv_d3d11_sharing cl_nv_copy_opts cl_nv_create_buffer cl_khr_int64_base_atomics cl_khr_int64_extended_atomics cl_khr_device_uuid cl_khr_pci_bus_info cl_khr_external_semaphore cl_khr_external_memory cl_khr_external_semaphore_win32 cl_khr_external_memory_win32)
2024-05-09 00:41:18+0800: Loaded tuning parameters from: F:\unity_project\yiwu\Assets\StreamingAssets\katago-v1.13.0-opencl-windows-x64/KataGoData/opencltuning/tune11_gpuNVIDIAGeForceRTX2060_x19_y19_c384_mv14.txt
2024-05-09 00:41:19+0800: OpenCL backend thread 0: Device 0 Model version 14
2024-05-09 00:41:19+0800: OpenCL backend thread 0: Device 0 Model name: kata1-b18c384nbt-s7192213760-d3579182099
2024-05-09 00:41:21+0800: OpenCL backend thread 0: Device 0 FP16Storage true FP16Compute false FP16TensorCores true FP16TensorCoresFor1x1 false
2024-05-09 00:41:21+0800: Loaded neural net with nnXLen 19 nnYLen 19
2024-05-09 00:41:21+0800: Initializing board with boardXSize 19 boardYSize 19
2024-05-09 00:41:21+0800: Loaded config F:/unity_project/yiwu/Assets/StreamingAssets\katago-v1.13.0-opencl-windows-x64\gtp_custom.cfg
2024-05-09 00:41:21+0800: Loaded model F:/unity_project/yiwu/Assets/StreamingAssets\katago-v1.13.0-opencl-windows-x64\model.bin
2024-05-09 00:41:21+0800: Model name: kata1-b18c384nbt-s7192213760-d3579182099
2024-05-09 00:41:21+0800: GTP ready, beginning main protocol loop
2024-05-09 00:41:21+0800: Controller: clear_board
2024-05-09 00:41:21+0800: = 
2024-05-09 00:41:21+0800: Controller: play b K10
2024-05-09 00:41:21+0800: = 
2024-05-09 00:41:21+0800: Controller: komi 7.5
2024-05-09 00:41:21+0800: = 
2024-05-09 00:41:21+0800: Controller: boardsize 19
2024-05-09 00:41:21+0800: = 
2024-05-09 00:41:21+0800: Controller: genmove w
2024-05-09 00:41:26+0800: MoveNum: 1 HASH: 7BC546600F28A10FEF906A96B1D6386D
   A B C D E F G H J K L M N O P Q R S T
19 . . . . . . . . . . . . . . . . . . .
18 . . . . . . . . . . . . . . . . . . .
17 . . . . . . . . . . . . . . . . . . .
16 . . . . . . . . . . . . . . . . . . .
15 . . . . . . . . . . . . . . . . . . .
14 . . . . . . . . . . . . . . . . . . .
13 . . . . . . . . . . . . . . . . . . .
12 . . . . . . . . . . . . . . . . . . .
11 . . . . . . . . . . . . . . . . . . .
10 . . . . . . . . . X1. . . . . . . . .
 9 . . . . . . . . . . . . . . . . . . .
 8 . . . . . . . . . . . . . . . . . . .
 7 . . . . . . . . . . . . . . . . . . .
 6 . . . . . . . . . . . . . . . . . . .
 5 . . . . . . . . . . . . . . . . . . .
 4 . . @ . . . . . . . . . . . . . . . .
 3 . . . . . . . . . . . . . . . . . . .
 2 . . . . . . . . . . . . . . . . . . .
 1 . . . . . . . . . . . . . . . . . . .

koSIMPLEscoreAREAtaxNONEsui0whbNfpok1komi7.5
Time taken: 5.031
Root visits: 1228
New playouts: 1228
NN rows: 1154
NN batches: 290
NN avg batch size: 3.97931
PV: C4 Q16 D16 Q3 F3 R6 R17 Q17
Tree:
: T  34.00c W  33.61c S   0.63c ( +2.3 L  +1.6) N    1228  --  C4 Q16 D16 Q3 F3 R6 R17
---White(^)---
C4  : T  34.67c W  34.15c S   0.65c ( +2.4 L  +1.6) LCB   34.10c P  3.36% WF 1420.1 PSV    1777 N     609  --  C4 Q16 D16 Q3 F3 R6 R17 Q17
D4  : T  34.17c W  33.84c S   0.67c ( +2.4 L  +1.6) LCB   33.49c P 15.02% WF 1248.8 PSV     685 N     520  --  D4 Q16 C16 Q4 F17 D16 D17 C15
D5  : T  32.37c W  32.40c S   0.58c ( +2.3 L  +1.5) LCB   27.95c P  0.69% WF  58.9 PSV       7 N      29  --  D5 C3 E3 C5 C6 D6 E5 C7
C3  : T  31.50c W  31.49c S   0.56c ( +2.3 L  +1.6) LCB   12.07c P  0.64% WF  13.5 PSV       5 N       6  --  C3 Q16 Q4
C5  : T  32.07c W  32.15c S   0.54c ( +2.2 L  +1.5) LCB   25.61c P  0.44% WF  25.6 PSV       4 N      12  --  C5 C3 D16 E4
C10 : T  26.20c W  27.08c S   0.20c ( +1.9 L  +1.3) LCB -123.83c P  0.02% WF   4.3 PSV       0 N       2  --  C10 D16
C6  : T  25.63c W  25.71c S  -0.08c ( +1.6 L  +1.4) LCB -324.37c P  0.11% WF   1.9 PSV       0 N       1  --  C6
D6  : T  24.58c W  24.68c S  -0.10c ( +1.6 L  +1.2) LCB -325.42c P  0.04% WF   1.8 PSV       0 N       1  --  D6
D7  : T  25.91c W  25.92c S  -0.01c ( +1.7 L  +1.3) LCB -324.09c P  0.03% WF   1.9 PSV       0 N       1  --  D7
C7  : T  26.01c W  26.04c S  -0.02c ( +1.7 L  +1.4) LCB -323.99c P  0.03% WF   1.9 PSV       0 N       1  --  C7

2024-05-09 00:41:26+0800: = C4
2024-05-09 00:41:27+0800: Controller: play b P15
2024-05-09 00:41:27+0800: = 
2024-05-09 00:41:27+0800: Controller: genmove w
2024-05-09 00:41:32+0800: MoveNum: 3 HASH: 427784453AD22F03A9AF108EB6D83C63
   A B C D E F G H J K L M N O P Q R S T
19 . . . . . . . . . . . . . . . . . . .
18 . . . . . . . . . . . . . . . . . . .
17 . . . . . . . . . . . . . . . . . . .
16 . . . . . . . . . . . . . . . . . . .
15 . . . . . . . . . . . . . . X3. . . .
14 . . . . . . . . . . . . . . . . . . .
13 . . . . . . . . . . . . . . . . . . .
12 . . . . . . . . . . . . . . . . . . .
11 . . . . . . . . . . . . . . . . . . .
10 . . . . . . . . . X1. . . . . . . . .
 9 . . . . . . . . . . . . . . . . . . .
 8 . . . . . . . . . . . . . . . . . . .
 7 . . . . . . . . . . . . . . . . . . .
 6 . . . . . . . . . . . . . . . . . . .
 5 . . . . . . . . . . . . . . . . . . .
 4 . . O2. . . . . . . . . . . . @ . . .
 3 . . . . . . . . . . . . . . . . . . .
 2 . . . . . . . . . . . . . . . . . . .
 1 . . . . . . . . . . . . . . . . . . .

koSIMPLEscoreAREAtaxNONEsui0whbNfpok1komi7.5
Time taken: 5
Root visits: 1566
New playouts: 1566
NN rows: 1210
NN batches: 304
NN avg batch size: 3.98026
PV: Q4 R16 D16 F17 P17 N17 R17 S17 Q16 R15 F3
Tree:
: T  57.59c W  55.67c S   1.85c ( +4.5 L  +3.0) N    1566  --  Q4 R16 D16 F17 P17 N17 R17
---White(^)---
Q4  : T  58.36c W  56.27c S   1.94c ( +4.5 L  +3.0) LCB   57.49c P 25.05% WF 1555.6 PSV    1542 N     728  --  Q4 R16 D16 F17 P17 N17 R17 S17
R16 : T  57.59c W  55.79c S   1.85c ( +4.5 L  +3.0) LCB   56.48c P 14.21% WF 553.7 PSV     320 N     275  --  R16 Q4 D16 Q17 R17 E4 E3 F3
D16 : T  56.79c W  55.24c S   1.80c ( +4.4 L  +3.0) LCB   55.50c P 21.84% WF 566.0 PSV     297 N     278  --  D16 R16 R4 P3 F3 R7 Q5 P7
R4  : T  57.08c W  54.80c S   1.73c ( +4.3 L  +2.9) LCB   54.96c P  7.40% WF 273.3 PSV     117 N     129  --  R4 R16 D16 P3 F3 R7 Q5 P7
Q17 : T  55.70c W  54.13c S   1.64c ( +4.2 L  +2.9) LCB   53.89c P 13.24% WF 161.1 PSV     117 N      81  --  Q17 R16 R17 Q4 D16 S15 O16 P16
D17 : T  56.42c W  54.75c S   1.74c ( +4.3 L  +3.0) LCB   54.11c P  5.94% WF 114.9 PSV      68 N      57  --  D17 Q4 R16 Q17 R17 P18 R13 R18
Q3  : T  53.65c W  52.12c S   1.53c ( +4.1 L  +2.8) LCB   45.64c P  2.86% WF  16.6 PSV      15 N       8  --  Q3 D16 R16 Q17 R17 P18
C16 : T  52.43c W  50.83c S   1.42c ( +4.0 L  +2.7) LCB   39.52c P  2.27% WF  12.7 PSV       9 N       6  --  C16 Q4 R16 Q17 R17 P18 R13
R3  : T  50.17c W  49.66c S   1.33c ( +3.9 L  +2.7) LCB  -99.71c P  0.72% WF   4.2 PSV       2 N       2  --  R3 D16
C17 : T  50.33c W  48.82c S   1.50c ( +4.1 L  +3.0) LCB -299.67c P  0.66% WF   2.0 PSV       2 N       1  --  C17

2024-05-09 00:41:32+0800: = Q4
2024-05-09 00:43:04+0800: GPU 0 finishing, processed 2364 rows 594 batches
2024-05-09 00:43:04+0800: All cleaned up, quitting
