2024-03-18 21:55:20+0800: Running with following config:
allowResignation = true
friendlyPassOk = true
hasButton = false
koRule = SIMPLE
lagBuffer = 1.0
logAllGTPCommunication = true
logDir = gtp_logs
logSearchInfo = true
logToStderr = false
multiStoneSuicideLegal = false
nnCacheSizePowerOfTwo = 20
nnMutexPoolSizePowerOfTwo = 16
numNNServerThreadsPerModel = 1
numSearchThreads = 8
openclDeviceToUseThread0 = 0
ponderingEnabled = false
resignConsecTurns = 3
resignThreshold = -0.90
scoringRule = AREA
searchFactorAfterOnePass = 0.50
searchFactorAfterTwoPass = 0.25
searchFactorWhenWinning = 0.40
searchFactorWhenWinningThreshold = 0.95
taxRule = NONE
whiteHandicapBonus = N

2024-03-18 21:55:20+0800: GTP Engine starting...
2024-03-18 21:55:20+0800: KataGo v1.13.0
2024-03-18 21:55:20+0800: Using Chinese rules initially, unless GTP/GUI overrides this
2024-03-18 21:55:21+0800: Using 8 CPU thread(s) for search
2024-03-18 21:55:21+0800: nnRandSeed0 = 10516352728895487627
2024-03-18 21:55:21+0800: After dedups: nnModelFile0 = F:\homework\毕业设计\katago-v1.13.0-opencl-windows-x64\model.bin useFP16 auto useNHWC auto
2024-03-18 21:55:21+0800: Initializing neural net buffer to be size 19 * 19 exactly
2024-03-18 21:55:21+0800: Found OpenCL Platform 0: NVIDIA CUDA (NVIDIA Corporation) (OpenCL 3.0 CUDA 12.3.99)
2024-03-18 21:55:21+0800: Found 1 device(s) on platform 0 with type CPU or GPU or Accelerator
2024-03-18 21:55:21+0800: Found OpenCL Device 0: NVIDIA GeForce RTX 2060 (NVIDIA Corporation) (score 11000300)
2024-03-18 21:55:21+0800: Creating context for OpenCL Platform: NVIDIA CUDA (NVIDIA Corporation) (OpenCL 3.0 CUDA 12.3.99)
2024-03-18 21:55:22+0800: Using OpenCL Device 0: NVIDIA GeForce RTX 2060 (NVIDIA Corporation) OpenCL 3.0 CUDA (Extensions: cl_khr_global_int32_base_atomics cl_khr_global_int32_extended_atomics cl_khr_local_int32_base_atomics cl_khr_local_int32_extended_atomics cl_khr_fp64 cl_khr_3d_image_writes cl_khr_byte_addressable_store cl_khr_icd cl_khr_gl_sharing cl_nv_compiler_options cl_nv_device_attribute_query cl_nv_pragma_unroll cl_nv_d3d10_sharing cl_khr_d3d10_sharing cl_nv_d3d11_sharing cl_nv_copy_opts cl_nv_create_buffer cl_khr_int64_base_atomics cl_khr_int64_extended_atomics cl_khr_device_uuid cl_khr_pci_bus_info cl_khr_external_semaphore cl_khr_external_memory cl_khr_external_semaphore_win32 cl_khr_external_memory_win32)
2024-03-18 21:55:22+0800: Loaded tuning parameters from: F:\homework\毕业设计\katago-v1.13.0-opencl-windows-x64/KataGoData/opencltuning/tune11_gpuNVIDIAGeForceRTX2060_x19_y19_c384_mv14.txt
2024-03-18 21:55:22+0800: OpenCL backend thread 0: Device 0 Model version 14
2024-03-18 21:55:22+0800: OpenCL backend thread 0: Device 0 Model name: kata1-b18c384nbt-s7192213760-d3579182099
2024-03-18 21:55:24+0800: OpenCL backend thread 0: Device 0 FP16Storage true FP16Compute false FP16TensorCores true FP16TensorCoresFor1x1 false
2024-03-18 21:55:24+0800: Loaded neural net with nnXLen 19 nnYLen 19
2024-03-18 21:55:24+0800: Initializing board with boardXSize 19 boardYSize 19
2024-03-18 21:55:24+0800: Loaded config F:\homework\毕业设计\katago-v1.13.0-opencl-windows-x64\gtp_custom.cfg
2024-03-18 21:55:24+0800: Loaded model F:\homework\毕业设计\katago-v1.13.0-opencl-windows-x64\model.bin
2024-03-18 21:55:24+0800: Model name: kata1-b18c384nbt-s7192213760-d3579182099
2024-03-18 21:55:24+0800: GTP ready, beginning main protocol loop
2024-03-18 21:56:25+0800: Controller: loadsgf C:/Users/KILLLAKILL/AppData/LocalLow/DefaultCompany/yiwu/RecentGames\sgf_1701255612.sgf 1
2024-03-18 21:56:25+0800: Changing komi to 5.5
2024-03-18 21:56:25+0800: GPU 0 finishing, processed 0 rows 0 batches
2024-03-18 21:56:25+0800: Cleaned up old neural net and bot
2024-03-18 21:56:25+0800: nnRandSeed0 = 9469838533003296405
2024-03-18 21:56:25+0800: After dedups: nnModelFile0 = F:\homework\毕业设计\katago-v1.13.0-opencl-windows-x64\model.bin useFP16 auto useNHWC auto
2024-03-18 21:56:25+0800: Initializing neural net buffer to be size 9 * 9 exactly
2024-03-18 21:56:26+0800: Found OpenCL Platform 0: NVIDIA CUDA (NVIDIA Corporation) (OpenCL 3.0 CUDA 12.3.99)
2024-03-18 21:56:26+0800: Found 1 device(s) on platform 0 with type CPU or GPU or Accelerator
2024-03-18 21:56:26+0800: Found OpenCL Device 0: NVIDIA GeForce RTX 2060 (NVIDIA Corporation) (score 11000300)
2024-03-18 21:56:26+0800: Creating context for OpenCL Platform: NVIDIA CUDA (NVIDIA Corporation) (OpenCL 3.0 CUDA 12.3.99)
2024-03-18 21:56:26+0800: Using OpenCL Device 0: NVIDIA GeForce RTX 2060 (NVIDIA Corporation) OpenCL 3.0 CUDA (Extensions: cl_khr_global_int32_base_atomics cl_khr_global_int32_extended_atomics cl_khr_local_int32_base_atomics cl_khr_local_int32_extended_atomics cl_khr_fp64 cl_khr_3d_image_writes cl_khr_byte_addressable_store cl_khr_icd cl_khr_gl_sharing cl_nv_compiler_options cl_nv_device_attribute_query cl_nv_pragma_unroll cl_nv_d3d10_sharing cl_khr_d3d10_sharing cl_nv_d3d11_sharing cl_nv_copy_opts cl_nv_create_buffer cl_khr_int64_base_atomics cl_khr_int64_extended_atomics cl_khr_device_uuid cl_khr_pci_bus_info cl_khr_external_semaphore cl_khr_external_memory cl_khr_external_semaphore_win32 cl_khr_external_memory_win32)
2024-03-18 21:56:26+0800: Loaded tuning parameters from: F:\homework\毕业设计\katago-v1.13.0-opencl-windows-x64/KataGoData/opencltuning/tune11_gpuNVIDIAGeForceRTX2060_x19_y19_c384_mv14.txt
2024-03-18 21:56:26+0800: OpenCL backend thread 0: Device 0 Model version 14
2024-03-18 21:56:26+0800: OpenCL backend thread 0: Device 0 Model name: kata1-b18c384nbt-s7192213760-d3579182099
2024-03-18 21:56:28+0800: OpenCL backend thread 0: Device 0 FP16Storage true FP16Compute false FP16TensorCores true FP16TensorCoresFor1x1 false
2024-03-18 21:56:28+0800: Loaded neural net with nnXLen 9 nnYLen 9
2024-03-18 21:56:28+0800: Initializing board with boardXSize 9 boardYSize 9
2024-03-18 21:56:28+0800: = 
2024-03-18 21:56:41+0800: Controller: loadsgf C:/Users/KILLLAKILL/AppData/LocalLow/DefaultCompany/yiwu/RecentGames\sgf_1701255612.sgf 6
2024-03-18 21:56:41+0800: = 
2024-03-18 21:56:41+0800: Controller: lz-genmove_analyze maxmoves 6
2024-03-18 21:56:46+0800: MoveNum: 5 HASH: FFE96295C396DA517064CFFB0FD39D37
   A B C D E F G H J
 9 . . . . . . . . .
 8 . . . . . . . . .
 7 . . X . . . . . .
 6 . . . . . . . . .
 5 . . . . O O2. . .
 4 . . . . . . . . .
 3 . . X1. @ . X3. .
 2 . . . . . . . . .
 1 . . . . . . . . .

koSIMPLEscoreAREAtaxNONEsui0whbNfpok1komi5.5
Time taken: 5
Root visits: 3463
New playouts: 3463
NN rows: 2441
NN batches: 611
NN avg batch size: 3.99509
PV: E3 D4 F3 H5 H4 G4 G5 J4 H6 H3 J6 D7 F1 G2 J2 G7 G6 G1 J5 D2 D3 C2 E2 F7
Tree:
: T -45.23c W -42.78c S  -1.87c ( -1.8 L  -1.4) N    3463  --  E3 D4 F3 H5 H4 G4 G5
---White(^)---
E3  : T -42.97c W -40.91c S  -1.68c ( -1.7 L  -1.3) LCB  -47.29c P 34.58% WF 1976.2 PSV    1937 N    3070  --  E3 D4 F3 H5 H4 G4 G5 J4
E7  : T -54.30c W -50.08c S  -3.38c ( -2.5 L  -2.3) LCB  -69.72c P 17.52% WF 127.4 PSV     125 N     202  --  E7 C5 D4 D3 C4 B4 B3 B5
C5  : T -66.32c W -57.81c S  -3.24c ( -2.5 L  -1.8) LCB  -83.52c P 26.16% WF  82.1 PSV      97 N     121  --  C5 D4 C6 E7 F3 F2 E3 E2
F3  : T -83.28c W -74.53c S  -3.78c ( -2.6 L  -2.0) LCB -103.92c P  7.30% WF  13.0 PSV      16 N      15  --  F3 F2 E2 E3 D3 F4 E4 F3
F2  : T -55.77c W -53.75c S  -2.40c ( -2.1 L  -1.3) LCB  -84.78c P  2.18% WF  18.3 PSV      13 N      22  --  F2 H5 C5 D4 D5
D7  : T -58.66c W -62.91c S  -2.23c ( -1.9 L  -1.1) LCB  -72.26c P  2.34% WF  12.2 PSV      12 N      13  --  D7 C6 G4 D8
G4  : T -77.87c W -75.47c S  -3.57c ( -2.5 L  -2.2) LCB -109.54c P  2.54% WF   5.8 PSV       6 N       6  --  G4 F3 E3
C6  : T -86.95c W -78.85c S  -4.31c ( -2.9 L  -1.9) LCB -120.61c P  2.37% WF   4.9 PSV       4 N       5  --  C6 D6 D5 B6 C5
D3  : T -91.17c W -80.86c S  -5.13c ( -3.3 L  -2.4) LCB -169.32c P  1.81% WF   3.0 PSV       3 N       3  --  D3 D4 E3
C4  : T -76.51c W -74.33c S  -3.30c ( -2.5 L  -1.5) LCB -229.93c P  1.11% WF   2.0 PSV       2 N       2  --  C4 D4

2024-03-18 21:56:46+0800: = play E3
