2024-03-18 14:15:28+0800: Running with following config:
allowResignation = true
friendlyPassOk = true
hasButton = false
koRule = SIMPLE
lagBuffer = 1.0
logAllGTPCommunication = true
logDir = gtp_logs
logSearchInfo = true
logToStderr = false
multiStoneSuicideLegal = false
nnCacheSizePowerOfTwo = 20
nnMutexPoolSizePowerOfTwo = 16
numNNServerThreadsPerModel = 1
numSearchThreads = 8
openclDeviceToUseThread0 = 0
ponderingEnabled = false
resignConsecTurns = 3
resignThreshold = -0.90
scoringRule = AREA
searchFactorAfterOnePass = 0.50
searchFactorAfterTwoPass = 0.25
searchFactorWhenWinning = 0.40
searchFactorWhenWinningThreshold = 0.95
taxRule = NONE
whiteHandicapBonus = N

2024-03-18 14:15:28+0800: GTP Engine starting...
2024-03-18 14:15:28+0800: KataGo v1.13.0
2024-03-18 14:15:28+0800: Using Chinese rules initially, unless GTP/GUI overrides this
2024-03-18 14:15:28+0800: Using 8 CPU thread(s) for search
2024-03-18 14:15:29+0800: nnRandSeed0 = 17377641204478120716
2024-03-18 14:15:29+0800: After dedups: nnModelFile0 = F:\homework\毕业设计\katago-v1.13.0-opencl-windows-x64\model.bin useFP16 auto useNHWC auto
2024-03-18 14:15:29+0800: Initializing neural net buffer to be size 19 * 19 exactly
2024-03-18 14:15:29+0800: Found OpenCL Platform 0: NVIDIA CUDA (NVIDIA Corporation) (OpenCL 3.0 CUDA 12.3.99)
2024-03-18 14:15:29+0800: Found 1 device(s) on platform 0 with type CPU or GPU or Accelerator
2024-03-18 14:15:29+0800: Found OpenCL Device 0: NVIDIA GeForce RTX 2060 (NVIDIA Corporation) (score 11000300)
2024-03-18 14:15:29+0800: Creating context for OpenCL Platform: NVIDIA CUDA (NVIDIA Corporation) (OpenCL 3.0 CUDA 12.3.99)
2024-03-18 14:15:30+0800: Using OpenCL Device 0: NVIDIA GeForce RTX 2060 (NVIDIA Corporation) OpenCL 3.0 CUDA (Extensions: cl_khr_global_int32_base_atomics cl_khr_global_int32_extended_atomics cl_khr_local_int32_base_atomics cl_khr_local_int32_extended_atomics cl_khr_fp64 cl_khr_3d_image_writes cl_khr_byte_addressable_store cl_khr_icd cl_khr_gl_sharing cl_nv_compiler_options cl_nv_device_attribute_query cl_nv_pragma_unroll cl_nv_d3d10_sharing cl_khr_d3d10_sharing cl_nv_d3d11_sharing cl_nv_copy_opts cl_nv_create_buffer cl_khr_int64_base_atomics cl_khr_int64_extended_atomics cl_khr_device_uuid cl_khr_pci_bus_info cl_khr_external_semaphore cl_khr_external_memory cl_khr_external_semaphore_win32 cl_khr_external_memory_win32)
2024-03-18 14:15:30+0800: Loaded tuning parameters from: F:\homework\毕业设计\katago-v1.13.0-opencl-windows-x64/KataGoData/opencltuning/tune11_gpuNVIDIAGeForceRTX2060_x19_y19_c384_mv14.txt
2024-03-18 14:15:31+0800: OpenCL backend thread 0: Device 0 Model version 14
2024-03-18 14:15:31+0800: OpenCL backend thread 0: Device 0 Model name: kata1-b18c384nbt-s7192213760-d3579182099
2024-03-18 14:15:33+0800: OpenCL backend thread 0: Device 0 FP16Storage true FP16Compute false FP16TensorCores true FP16TensorCoresFor1x1 false
2024-03-18 14:15:33+0800: Loaded neural net with nnXLen 19 nnYLen 19
2024-03-18 14:15:33+0800: Initializing board with boardXSize 19 boardYSize 19
2024-03-18 14:15:33+0800: Loaded config F:\homework\毕业设计\katago-v1.13.0-opencl-windows-x64\gtp_custom.cfg
2024-03-18 14:15:33+0800: Loaded model F:\homework\毕业设计\katago-v1.13.0-opencl-windows-x64\model.bin
2024-03-18 14:15:33+0800: Model name: kata1-b18c384nbt-s7192213760-d3579182099
2024-03-18 14:15:33+0800: GTP ready, beginning main protocol loop
2024-03-18 14:15:37+0800: Controller: loadsgf C:/Users/KILLLAKILL/AppData/LocalLow/DefaultCompany/yiwu/RecentGames\sgf_1701255612.sgf 1
2024-03-18 14:15:37+0800: Changing komi to 5.5
2024-03-18 14:15:37+0800: GPU 0 finishing, processed 0 rows 0 batches
2024-03-18 14:15:37+0800: Cleaned up old neural net and bot
2024-03-18 14:15:37+0800: nnRandSeed0 = 8697393964441214072
2024-03-18 14:15:37+0800: After dedups: nnModelFile0 = F:\homework\毕业设计\katago-v1.13.0-opencl-windows-x64\model.bin useFP16 auto useNHWC auto
2024-03-18 14:15:37+0800: Initializing neural net buffer to be size 9 * 9 exactly
2024-03-18 14:15:38+0800: Found OpenCL Platform 0: NVIDIA CUDA (NVIDIA Corporation) (OpenCL 3.0 CUDA 12.3.99)
2024-03-18 14:15:38+0800: Found 1 device(s) on platform 0 with type CPU or GPU or Accelerator
2024-03-18 14:15:38+0800: Found OpenCL Device 0: NVIDIA GeForce RTX 2060 (NVIDIA Corporation) (score 11000300)
2024-03-18 14:15:38+0800: Creating context for OpenCL Platform: NVIDIA CUDA (NVIDIA Corporation) (OpenCL 3.0 CUDA 12.3.99)
2024-03-18 14:15:38+0800: Using OpenCL Device 0: NVIDIA GeForce RTX 2060 (NVIDIA Corporation) OpenCL 3.0 CUDA (Extensions: cl_khr_global_int32_base_atomics cl_khr_global_int32_extended_atomics cl_khr_local_int32_base_atomics cl_khr_local_int32_extended_atomics cl_khr_fp64 cl_khr_3d_image_writes cl_khr_byte_addressable_store cl_khr_icd cl_khr_gl_sharing cl_nv_compiler_options cl_nv_device_attribute_query cl_nv_pragma_unroll cl_nv_d3d10_sharing cl_khr_d3d10_sharing cl_nv_d3d11_sharing cl_nv_copy_opts cl_nv_create_buffer cl_khr_int64_base_atomics cl_khr_int64_extended_atomics cl_khr_device_uuid cl_khr_pci_bus_info cl_khr_external_semaphore cl_khr_external_memory cl_khr_external_semaphore_win32 cl_khr_external_memory_win32)
2024-03-18 14:15:38+0800: Loaded tuning parameters from: F:\homework\毕业设计\katago-v1.13.0-opencl-windows-x64/KataGoData/opencltuning/tune11_gpuNVIDIAGeForceRTX2060_x19_y19_c384_mv14.txt
2024-03-18 14:15:38+0800: OpenCL backend thread 0: Device 0 Model version 14
2024-03-18 14:15:38+0800: OpenCL backend thread 0: Device 0 Model name: kata1-b18c384nbt-s7192213760-d3579182099
2024-03-18 14:15:40+0800: OpenCL backend thread 0: Device 0 FP16Storage true FP16Compute false FP16TensorCores true FP16TensorCoresFor1x1 false
2024-03-18 14:15:40+0800: Loaded neural net with nnXLen 9 nnYLen 9
2024-03-18 14:15:40+0800: Initializing board with boardXSize 9 boardYSize 9
2024-03-18 14:15:40+0800: = 
2024-03-18 14:15:45+0800: Controller: loadsgf C:/Users/KILLLAKILL/AppData/LocalLow/DefaultCompany/yiwu/RecentGames\sgf_1701255612.sgf 6
2024-03-18 14:15:45+0800: = 
2024-03-18 14:15:45+0800: Controller: lz-genmove_analyze maxmoves 6
2024-03-18 14:15:50+0800: MoveNum: 5 HASH: FFE96295C396DA517064CFFB0FD39D37
   A B C D E F G H J
 9 . . . . . . . . .
 8 . . . . . . . . .
 7 . . X . . . . . .
 6 . . . . . . . . .
 5 . . . . O O2. . .
 4 . . . . . . . . .
 3 . . X1. @ . X3. .
 2 . . . . . . . . .
 1 . . . . . . . . .

koSIMPLEscoreAREAtaxNONEsui0whbNfpok1komi5.5
Time taken: 5.032
Root visits: 2808
New playouts: 2808
NN rows: 2441
NN batches: 611
NN avg batch size: 3.99509
PV: E3 D4 F3 H5 H4 G4 G5 J4 H6 H3 D7 D6 C8 C6 E7 E6 F6 G7 H7 B8 D8 F7 B9 F8 B7
Tree:
: T -54.77c W -51.62c S  -2.60c ( -2.1 L  -1.6) N    2808  --  E3 D4 F3 H5 H4 G4 G5
---White(^)---
E3  : T -52.46c W -48.71c S  -2.72c ( -2.2 L  -1.8) LCB  -58.54c P 37.30% WF 1172.8 PSV    1147 N    1642  --  E3 D4 F3 H5 H4 G4 G5 J4
E7  : T -55.57c W -54.64c S  -1.90c ( -1.7 L  -1.2) LCB  -64.45c P 17.04% WF 468.0 PSV     241 N     642  --  E7 C5 D4 H5 C4 B4 B3 B5
C5  : T -70.15c W -60.41c S  -4.04c ( -2.9 L  -2.3) LCB  -86.05c P 21.83% WF  84.2 PSV      87 N     115  --  C5 D4 C6 E7 F3 F2 E3 E2
F2  : T -53.89c W -52.15c S  -2.59c ( -2.2 L  -1.5) LCB  -62.41c P  3.38% WF 285.8 PSV      67 N     357  --  F2 H5 C5 D4 D5 F3 F8 E8
F3  : T -79.48c W -71.38c S  -3.61c ( -2.5 L  -1.9) LCB  -99.21c P  8.63% WF  21.3 PSV      23 N      25  --  F3 F2 E7 C5 E2 E3 F4
G4  : T -77.66c W -74.32c S  -3.46c ( -2.4 L  -2.0) LCB -111.06c P  2.29% WF   6.7 PSV       6 N       7  --  G4 F3 E3 E2
D3  : T -89.84c W -81.82c S  -5.05c ( -3.2 L  -2.3) LCB -134.59c P  2.34% WF   4.1 PSV       4 N       4  --  D3 D4 F3
C6  : T -86.22c W -78.54c S  -4.07c ( -2.8 L  -1.8) LCB -166.17c P  2.03% WF   3.4 PSV       4 N       3  --  C6 D6 D5
D7  : T -80.47c W -74.84c S  -3.36c ( -2.4 L  -1.4) LCB -128.45c P  1.31% WF   4.2 PSV       3 N       4  --  D7 C6 G4
E8  : T -82.52c W -73.38c S  -2.89c ( -2.1 L  -1.2) LCB -158.78c P  1.17% WF   3.1 PSV       2 N       3  --  E8 C5 G4

2024-03-18 14:15:50+0800: = play E3
