2024-03-17 16:56:08+0800: Running with following config:
allowResignation = true
friendlyPassOk = true
hasButton = false
koRule = SIMPLE
lagBuffer = 1.0
logAllGTPCommunication = true
logDir = gtp_logs
logSearchInfo = true
logToStderr = false
multiStoneSuicideLegal = false
nnCacheSizePowerOfTwo = 20
nnMutexPoolSizePowerOfTwo = 16
numNNServerThreadsPerModel = 1
numSearchThreads = 8
openclDeviceToUseThread0 = 0
ponderingEnabled = false
resignConsecTurns = 3
resignThreshold = -0.90
scoringRule = AREA
searchFactorAfterOnePass = 0.50
searchFactorAfterTwoPass = 0.25
searchFactorWhenWinning = 0.40
searchFactorWhenWinningThreshold = 0.95
taxRule = NONE
whiteHandicapBonus = N

2024-03-17 16:56:08+0800: GTP Engine starting...
2024-03-17 16:56:08+0800: KataGo v1.13.0
2024-03-17 16:56:08+0800: Using Chinese rules initially, unless GTP/GUI overrides this
2024-03-17 16:56:08+0800: Using 8 CPU thread(s) for search
2024-03-17 16:56:09+0800: nnRandSeed0 = 8152106713112219076
2024-03-17 16:56:09+0800: After dedups: nnModelFile0 = F:\homework\毕业设计\katago-v1.13.0-opencl-windows-x64\model.bin useFP16 auto useNHWC auto
2024-03-17 16:56:09+0800: Initializing neural net buffer to be size 19 * 19 exactly
2024-03-17 16:56:09+0800: Found OpenCL Platform 0: NVIDIA CUDA (NVIDIA Corporation) (OpenCL 3.0 CUDA 12.3.99)
2024-03-17 16:56:09+0800: Found 1 device(s) on platform 0 with type CPU or GPU or Accelerator
2024-03-17 16:56:09+0800: Found OpenCL Device 0: NVIDIA GeForce RTX 2060 (NVIDIA Corporation) (score 11000300)
2024-03-17 16:56:09+0800: Creating context for OpenCL Platform: NVIDIA CUDA (NVIDIA Corporation) (OpenCL 3.0 CUDA 12.3.99)
2024-03-17 16:56:10+0800: Using OpenCL Device 0: NVIDIA GeForce RTX 2060 (NVIDIA Corporation) OpenCL 3.0 CUDA (Extensions: cl_khr_global_int32_base_atomics cl_khr_global_int32_extended_atomics cl_khr_local_int32_base_atomics cl_khr_local_int32_extended_atomics cl_khr_fp64 cl_khr_3d_image_writes cl_khr_byte_addressable_store cl_khr_icd cl_khr_gl_sharing cl_nv_compiler_options cl_nv_device_attribute_query cl_nv_pragma_unroll cl_nv_d3d10_sharing cl_khr_d3d10_sharing cl_nv_d3d11_sharing cl_nv_copy_opts cl_nv_create_buffer cl_khr_int64_base_atomics cl_khr_int64_extended_atomics cl_khr_device_uuid cl_khr_pci_bus_info cl_khr_external_semaphore cl_khr_external_memory cl_khr_external_semaphore_win32 cl_khr_external_memory_win32)
2024-03-17 16:56:10+0800: Loaded tuning parameters from: F:\homework\毕业设计\katago-v1.13.0-opencl-windows-x64/KataGoData/opencltuning/tune11_gpuNVIDIAGeForceRTX2060_x19_y19_c384_mv14.txt
2024-03-17 16:56:10+0800: OpenCL backend thread 0: Device 0 Model version 14
2024-03-17 16:56:10+0800: OpenCL backend thread 0: Device 0 Model name: kata1-b18c384nbt-s7192213760-d3579182099
2024-03-17 16:56:12+0800: OpenCL backend thread 0: Device 0 FP16Storage true FP16Compute false FP16TensorCores true FP16TensorCoresFor1x1 false
2024-03-17 16:56:12+0800: Loaded neural net with nnXLen 19 nnYLen 19
2024-03-17 16:56:12+0800: Initializing board with boardXSize 19 boardYSize 19
2024-03-17 16:56:12+0800: Loaded config F:\homework\毕业设计\katago-v1.13.0-opencl-windows-x64\gtp_custom.cfg
2024-03-17 16:56:12+0800: Loaded model F:\homework\毕业设计\katago-v1.13.0-opencl-windows-x64\model.bin
2024-03-17 16:56:12+0800: Model name: kata1-b18c384nbt-s7192213760-d3579182099
2024-03-17 16:56:12+0800: GTP ready, beginning main protocol loop
2024-03-17 16:56:15+0800: Controller: loadsgf C:/Users/KILLLAKILL/AppData/LocalLow/DefaultCompany/yiwu/RecentGames\sgf_1659790193.sgf 1
2024-03-17 16:56:15+0800: Changing komi to 5.5
2024-03-17 16:56:15+0800: GPU 0 finishing, processed 0 rows 0 batches
2024-03-17 16:56:15+0800: Cleaned up old neural net and bot
2024-03-17 16:56:15+0800: nnRandSeed0 = 1952446794998257357
2024-03-17 16:56:15+0800: After dedups: nnModelFile0 = F:\homework\毕业设计\katago-v1.13.0-opencl-windows-x64\model.bin useFP16 auto useNHWC auto
2024-03-17 16:56:15+0800: Initializing neural net buffer to be size 9 * 9 exactly
2024-03-17 16:56:16+0800: Found OpenCL Platform 0: NVIDIA CUDA (NVIDIA Corporation) (OpenCL 3.0 CUDA 12.3.99)
2024-03-17 16:56:16+0800: Found 1 device(s) on platform 0 with type CPU or GPU or Accelerator
2024-03-17 16:56:16+0800: Found OpenCL Device 0: NVIDIA GeForce RTX 2060 (NVIDIA Corporation) (score 11000300)
2024-03-17 16:56:16+0800: Creating context for OpenCL Platform: NVIDIA CUDA (NVIDIA Corporation) (OpenCL 3.0 CUDA 12.3.99)
2024-03-17 16:56:16+0800: Using OpenCL Device 0: NVIDIA GeForce RTX 2060 (NVIDIA Corporation) OpenCL 3.0 CUDA (Extensions: cl_khr_global_int32_base_atomics cl_khr_global_int32_extended_atomics cl_khr_local_int32_base_atomics cl_khr_local_int32_extended_atomics cl_khr_fp64 cl_khr_3d_image_writes cl_khr_byte_addressable_store cl_khr_icd cl_khr_gl_sharing cl_nv_compiler_options cl_nv_device_attribute_query cl_nv_pragma_unroll cl_nv_d3d10_sharing cl_khr_d3d10_sharing cl_nv_d3d11_sharing cl_nv_copy_opts cl_nv_create_buffer cl_khr_int64_base_atomics cl_khr_int64_extended_atomics cl_khr_device_uuid cl_khr_pci_bus_info cl_khr_external_semaphore cl_khr_external_memory cl_khr_external_semaphore_win32 cl_khr_external_memory_win32)
2024-03-17 16:56:16+0800: Loaded tuning parameters from: F:\homework\毕业设计\katago-v1.13.0-opencl-windows-x64/KataGoData/opencltuning/tune11_gpuNVIDIAGeForceRTX2060_x19_y19_c384_mv14.txt
2024-03-17 16:56:16+0800: OpenCL backend thread 0: Device 0 Model version 14
2024-03-17 16:56:16+0800: OpenCL backend thread 0: Device 0 Model name: kata1-b18c384nbt-s7192213760-d3579182099
2024-03-17 16:56:18+0800: OpenCL backend thread 0: Device 0 FP16Storage true FP16Compute false FP16TensorCores true FP16TensorCoresFor1x1 false
2024-03-17 16:56:18+0800: Loaded neural net with nnXLen 9 nnYLen 9
2024-03-17 16:56:18+0800: Initializing board with boardXSize 9 boardYSize 9
2024-03-17 16:56:18+0800: = 
2024-03-17 16:56:20+0800: Controller: loadsgf C:/Users/KILLLAKILL/AppData/LocalLow/DefaultCompany/yiwu/RecentGames\sgf_1659790193.sgf 6
2024-03-17 16:56:20+0800: = 
2024-03-17 16:56:20+0800: Controller: lz-genmove_analyze maxmoves 6
2024-03-17 16:56:25+0800: MoveNum: 5 HASH: 611BD4CBA6629026667128E5EC901D9B
   A B C D E F G H J
 9 . . . . . . . . .
 8 . . . . . . . . .
 7 . . . X1. . . . .
 6 . . . . . . . . .
 5 . . . O X . . . .
 4 . . . . @ . . . .
 3 . . . . . . X3. .
 2 . . . . . . . . .
 1 . . . . . O2. . .

koSIMPLEscoreAREAtaxNONEsui0whbNfpok1komi5.5
Time taken: 5
Root visits: 2823
New playouts: 2823
NN rows: 2482
NN batches: 622
NN avg batch size: 3.99035
PV: E4 F5 D6 E7 C7 D4 C4 D3 C3 E3 H3 H4 G2 F4 C8 C2
Tree:
: T -104.07c W -97.97c S  -6.45c ( -7.6 L  -7.2) N    2823  --  E4 F5 D6 E7 C7 D4 C4
---White(^)---
E4  : T -103.40c W -97.85c S  -5.97c ( -7.3 L  -7.0) LCB -104.25c P 21.90% WF 5544.4 PSV    5502 N    2574  --  E4 F5 D6 E7 C7 D4 C4 D3
D4  : T -108.75c W -98.69c S  -9.74c ( -9.3 L  -8.8) LCB -110.49c P 53.36% WF 510.3 PSV     532 N     157  --  D4 D6 G6 E4 D3 H5 G5 E3
F4  : T -107.01c W -98.80c S  -7.81c ( -8.2 L  -7.5) LCB -109.19c P 10.43% WF 148.2 PSV     151 N      45  --  F4 E4 F3 E3 E2 F5 G4
D3  : T -106.54c W -98.79c S  -7.43c ( -8.0 L  -7.5) LCB -109.55c P  4.57% WF  84.8 PSV      75 N      25  --  D3 E4 D4 D6 E3 G5
D6  : T -110.53c W -98.98c S -10.89c ( -9.5 L  -8.9) LCB -155.41c P  1.55% WF  15.3 PSV      11 N       4  --  D6 E6 C7
F3  : T -109.60c W -98.85c S -10.28c ( -9.4 L  -8.5) LCB -271.13c P  0.62% WF   7.3 PSV       5 N       2  --  F3 F4
G5  : T -111.29c W -98.71c S -12.58c (-10.3 L  -9.1) LCB -461.29c P  0.69% WF   4.8 PSV       4 N       1  --  G5
C4  : T -110.12c W -98.65c S -11.46c ( -9.7 L  -8.6) LCB -460.12c P  0.51% WF   4.9 PSV       4 N       1  --  C4
C3  : T -110.89c W -98.75c S -12.14c (-10.0 L  -8.9) LCB -460.89c P  0.54% WF   5.2 PSV       3 N       1  --  C3
G6  : T -112.18c W -98.73c S -13.45c (-10.9 L  -9.6) LCB -462.18c P  0.53% WF   5.1 PSV       3 N       1  --  G6

2024-03-17 16:56:25+0800: = play E4
