2024-03-18 17:07:41+0800: Running with following config:
allowResignation = true
friendlyPassOk = true
hasButton = false
koRule = SIMPLE
lagBuffer = 1.0
logAllGTPCommunication = true
logDir = gtp_logs
logSearchInfo = true
logToStderr = false
multiStoneSuicideLegal = false
nnCacheSizePowerOfTwo = 20
nnMutexPoolSizePowerOfTwo = 16
numNNServerThreadsPerModel = 1
numSearchThreads = 8
openclDeviceToUseThread0 = 0
ponderingEnabled = false
resignConsecTurns = 3
resignThreshold = -0.90
scoringRule = AREA
searchFactorAfterOnePass = 0.50
searchFactorAfterTwoPass = 0.25
searchFactorWhenWinning = 0.40
searchFactorWhenWinningThreshold = 0.95
taxRule = NONE
whiteHandicapBonus = N

2024-03-18 17:07:41+0800: GTP Engine starting...
2024-03-18 17:07:41+0800: KataGo v1.13.0
2024-03-18 17:07:41+0800: Using Chinese rules initially, unless GTP/GUI overrides this
2024-03-18 17:07:41+0800: Using 8 CPU thread(s) for search
2024-03-18 17:07:41+0800: nnRandSeed0 = 4937854439722331327
2024-03-18 17:07:41+0800: After dedups: nnModelFile0 = F:\homework\毕业设计\katago-v1.13.0-opencl-windows-x64\model.bin useFP16 auto useNHWC auto
2024-03-18 17:07:41+0800: Initializing neural net buffer to be size 19 * 19 exactly
2024-03-18 17:07:42+0800: Found OpenCL Platform 0: NVIDIA CUDA (NVIDIA Corporation) (OpenCL 3.0 CUDA 12.3.99)
2024-03-18 17:07:42+0800: Found 1 device(s) on platform 0 with type CPU or GPU or Accelerator
2024-03-18 17:07:42+0800: Found OpenCL Device 0: NVIDIA GeForce RTX 2060 (NVIDIA Corporation) (score 11000300)
2024-03-18 17:07:42+0800: Creating context for OpenCL Platform: NVIDIA CUDA (NVIDIA Corporation) (OpenCL 3.0 CUDA 12.3.99)
2024-03-18 17:07:42+0800: Using OpenCL Device 0: NVIDIA GeForce RTX 2060 (NVIDIA Corporation) OpenCL 3.0 CUDA (Extensions: cl_khr_global_int32_base_atomics cl_khr_global_int32_extended_atomics cl_khr_local_int32_base_atomics cl_khr_local_int32_extended_atomics cl_khr_fp64 cl_khr_3d_image_writes cl_khr_byte_addressable_store cl_khr_icd cl_khr_gl_sharing cl_nv_compiler_options cl_nv_device_attribute_query cl_nv_pragma_unroll cl_nv_d3d10_sharing cl_khr_d3d10_sharing cl_nv_d3d11_sharing cl_nv_copy_opts cl_nv_create_buffer cl_khr_int64_base_atomics cl_khr_int64_extended_atomics cl_khr_device_uuid cl_khr_pci_bus_info cl_khr_external_semaphore cl_khr_external_memory cl_khr_external_semaphore_win32 cl_khr_external_memory_win32)
2024-03-18 17:07:42+0800: Loaded tuning parameters from: F:\homework\毕业设计\katago-v1.13.0-opencl-windows-x64/KataGoData/opencltuning/tune11_gpuNVIDIAGeForceRTX2060_x19_y19_c384_mv14.txt
2024-03-18 17:07:43+0800: OpenCL backend thread 0: Device 0 Model version 14
2024-03-18 17:07:43+0800: OpenCL backend thread 0: Device 0 Model name: kata1-b18c384nbt-s7192213760-d3579182099
2024-03-18 17:07:45+0800: OpenCL backend thread 0: Device 0 FP16Storage true FP16Compute false FP16TensorCores true FP16TensorCoresFor1x1 false
2024-03-18 17:07:45+0800: Loaded neural net with nnXLen 19 nnYLen 19
2024-03-18 17:07:45+0800: Initializing board with boardXSize 19 boardYSize 19
2024-03-18 17:07:45+0800: Loaded config F:\homework\毕业设计\katago-v1.13.0-opencl-windows-x64\gtp_custom.cfg
2024-03-18 17:07:45+0800: Loaded model F:\homework\毕业设计\katago-v1.13.0-opencl-windows-x64\model.bin
2024-03-18 17:07:45+0800: Model name: kata1-b18c384nbt-s7192213760-d3579182099
2024-03-18 17:07:45+0800: GTP ready, beginning main protocol loop
2024-03-18 17:07:50+0800: Controller: loadsgf C:/Users/KILLLAKILL/AppData/LocalLow/DefaultCompany/yiwu/RecentGames\sgf_1701255612.sgf 1
2024-03-18 17:07:50+0800: Changing komi to 5.5
2024-03-18 17:07:50+0800: GPU 0 finishing, processed 0 rows 0 batches
2024-03-18 17:07:50+0800: Cleaned up old neural net and bot
2024-03-18 17:07:50+0800: nnRandSeed0 = 12583656109877846569
2024-03-18 17:07:50+0800: After dedups: nnModelFile0 = F:\homework\毕业设计\katago-v1.13.0-opencl-windows-x64\model.bin useFP16 auto useNHWC auto
2024-03-18 17:07:50+0800: Initializing neural net buffer to be size 9 * 9 exactly
2024-03-18 17:07:51+0800: Found OpenCL Platform 0: NVIDIA CUDA (NVIDIA Corporation) (OpenCL 3.0 CUDA 12.3.99)
2024-03-18 17:07:51+0800: Found 1 device(s) on platform 0 with type CPU or GPU or Accelerator
2024-03-18 17:07:51+0800: Found OpenCL Device 0: NVIDIA GeForce RTX 2060 (NVIDIA Corporation) (score 11000300)
2024-03-18 17:07:51+0800: Creating context for OpenCL Platform: NVIDIA CUDA (NVIDIA Corporation) (OpenCL 3.0 CUDA 12.3.99)
2024-03-18 17:07:51+0800: Using OpenCL Device 0: NVIDIA GeForce RTX 2060 (NVIDIA Corporation) OpenCL 3.0 CUDA (Extensions: cl_khr_global_int32_base_atomics cl_khr_global_int32_extended_atomics cl_khr_local_int32_base_atomics cl_khr_local_int32_extended_atomics cl_khr_fp64 cl_khr_3d_image_writes cl_khr_byte_addressable_store cl_khr_icd cl_khr_gl_sharing cl_nv_compiler_options cl_nv_device_attribute_query cl_nv_pragma_unroll cl_nv_d3d10_sharing cl_khr_d3d10_sharing cl_nv_d3d11_sharing cl_nv_copy_opts cl_nv_create_buffer cl_khr_int64_base_atomics cl_khr_int64_extended_atomics cl_khr_device_uuid cl_khr_pci_bus_info cl_khr_external_semaphore cl_khr_external_memory cl_khr_external_semaphore_win32 cl_khr_external_memory_win32)
2024-03-18 17:07:51+0800: Loaded tuning parameters from: F:\homework\毕业设计\katago-v1.13.0-opencl-windows-x64/KataGoData/opencltuning/tune11_gpuNVIDIAGeForceRTX2060_x19_y19_c384_mv14.txt
2024-03-18 17:07:51+0800: OpenCL backend thread 0: Device 0 Model version 14
2024-03-18 17:07:51+0800: OpenCL backend thread 0: Device 0 Model name: kata1-b18c384nbt-s7192213760-d3579182099
2024-03-18 17:07:53+0800: OpenCL backend thread 0: Device 0 FP16Storage true FP16Compute false FP16TensorCores true FP16TensorCoresFor1x1 false
2024-03-18 17:07:53+0800: Loaded neural net with nnXLen 9 nnYLen 9
2024-03-18 17:07:53+0800: Initializing board with boardXSize 9 boardYSize 9
2024-03-18 17:07:53+0800: = 
2024-03-18 17:07:57+0800: Controller: loadsgf C:/Users/KILLLAKILL/AppData/LocalLow/DefaultCompany/yiwu/RecentGames\sgf_1701255612.sgf 6
2024-03-18 17:07:57+0800: = 
2024-03-18 17:07:57+0800: Controller: lz-genmove_analyze maxmoves 6
2024-03-18 17:08:02+0800: MoveNum: 5 HASH: FFE96295C396DA517064CFFB0FD39D37
   A B C D E F G H J
 9 . . . . . . . . .
 8 . . . . . . . . .
 7 . . X . . . . . .
 6 . . . . . . . . .
 5 . . . . O O2. . .
 4 . . . . . . . . .
 3 . . X1. @ . X3. .
 2 . . . . . . . . .
 1 . . . . . . . . .

koSIMPLEscoreAREAtaxNONEsui0whbNfpok1komi5.5
Time taken: 5
Root visits: 3277
New playouts: 3277
NN rows: 2522
NN batches: 632
NN avg batch size: 3.99051
PV: E3 D4 F3 H5 H4 G4 G5 J4 D7 D6 H6 H3 C8 C6 E7 E6 F7 H7 G7 J6 B8 G6 F6 B7 C2
Tree:
: T -53.32c W -49.50c S  -2.93c ( -2.2 L  -1.9) N    3277  --  E3 D4 F3 H5 H4 G4 G5
---White(^)---
E3  : T -51.45c W -47.77c S  -2.97c ( -2.3 L  -1.9) LCB  -56.58c P 33.02% WF 1640.6 PSV    1611 N    2416  --  E3 D4 F3 H5 H4 G4 G5 J4
C5  : T -58.38c W -53.34c S  -3.26c ( -2.3 L  -1.8) LCB  -68.96c P 30.56% WF 262.8 PSV     279 N     372  --  C5 E7 F7 D4 F3 D5 E2 H5
E7  : T -54.88c W -51.51c S  -2.24c ( -1.7 L  -1.4) LCB  -64.42c P 15.68% WF 277.5 PSV     268 N     411  --  E7 C5 D4 H5 C4 B4 B3 B5
F3  : T -79.69c W -71.39c S  -3.84c ( -2.5 L  -1.9) LCB -107.25c P  8.27% WF  20.6 PSV      24 N      24  --  F3 F2 E7 C5 G4 E3
F2  : T -56.43c W -55.55c S  -2.73c ( -2.1 L  -1.4) LCB  -76.25c P  1.81% WF  23.6 PSV      23 N      27  --  F2 H5 C5 D4 D5 F3 F7
D3  : T -76.94c W -73.85c S  -4.62c ( -2.9 L  -2.2) LCB -106.77c P  2.63% WF   7.4 PSV       8 N       8  --  D3 D4 E3 C4
G4  : T -76.42c W -72.72c S  -3.51c ( -2.4 L  -1.8) LCB -101.19c P  2.28% WF   6.8 PSV       7 N       7  --  G4 F3 E3
D7  : T -78.15c W -72.84c S  -3.45c ( -2.3 L  -1.4) LCB -130.99c P  1.34% WF   4.2 PSV       4 N       4  --  D7 C6 G4
C6  : T -88.40c W -80.04c S  -4.54c ( -2.9 L  -1.9) LCB -171.01c P  1.61% WF   3.4 PSV       3 N       3  --  C6 D6 D5
C4  : T -83.29c W -79.12c S  -4.17c ( -2.7 L  -1.5) LCB -433.29c P  0.85% WF   1.3 PSV       2 N       1  --  C4

2024-03-18 17:08:02+0800: = play E3
2024-03-18 17:08:48+0800: Controller: loadsgf C:/Users/KILLLAKILL/AppData/LocalLow/DefaultCompany/yiwu/RecentGames\sgf_1701255612.sgf 6
2024-03-18 17:08:48+0800: = 
2024-03-18 17:08:48+0800: Controller: lz-genmove_analyze maxmoves 6
2024-03-18 17:08:53+0800: MoveNum: 5 HASH: FFE96295C396DA517064CFFB0FD39D37
   A B C D E F G H J
 9 . . . . . . . . .
 8 . . . . . . . . .
 7 . . X . . . . . .
 6 . . . . . . . . .
 5 . . . . O O2. . .
 4 . . . . . . . . .
 3 . . X1. @ . X3. .
 2 . . . . . . . . .
 1 . . . . . . . . .

koSIMPLEscoreAREAtaxNONEsui0whbNfpok1komi5.5
Time taken: 5
Root visits: 7643
New playouts: 7643
NN rows: 2536
NN batches: 635
NN avg batch size: 3.9937
PV: E3 D4 F3 H5 H4 G4 G5 J4 H6 H3 J6 E7 D6 C6 D7 G7 G6 D8 F2 J5 H2 G2 G1 D5 E6
Tree:
: T -51.89c W -47.91c S  -2.74c ( -2.1 L  -1.6) N    7643  --  E3 D4 F3 H5 H4 G4 G5
---White(^)---
E3  : T -50.29c W -46.22c S  -2.69c ( -2.1 L  -1.6) LCB  -53.36c P 33.02% WF 4366.6 PSV    4289 N    6584  --  E3 D4 F3 H5 H4 G4 G5 J4
C5  : T -62.92c W -56.99c S  -3.59c ( -2.5 L  -1.9) LCB  -72.27c P 30.56% WF 322.0 PSV     366 N     475  --  C5 D4 C6 E7 G7 B7 F3 F2
E7  : T -54.86c W -53.47c S  -2.15c ( -1.7 L  -1.2) LCB  -63.72c P 15.68% WF 301.1 PSV     314 N     434  --  E7 C5 D4 H5 C4 B4 B3 B5
F3  : T -77.66c W -73.59c S  -3.95c ( -2.5 L  -1.9) LCB  -97.03c P  8.27% WF  35.5 PSV      44 N      41  --  F3 F2 C5 E3 E7 B5 B4 E8
F2  : T -59.32c W -57.33c S  -2.89c ( -2.2 L  -1.4) LCB  -78.25c P  1.81% WF  28.2 PSV      29 N      33  --  F2 H5 C5 D4 D5 F3 F7 E8
D7  : T -58.32c W -59.60c S  -2.33c ( -1.8 L  -1.1) LCB  -76.53c P  1.34% WF  25.2 PSV      23 N      29  --  D7 C6 G4 D8 E8 E7 F7
D3  : T -72.14c W -73.48c S  -4.31c ( -2.8 L  -2.0) LCB  -97.61c P  2.63% WF  16.0 PSV      18 N      18  --  D3 D4 E3 C4 F3 H5 H4
G4  : T -80.09c W -76.57c S  -3.93c ( -2.5 L  -2.0) LCB -105.45c P  2.28% WF  10.2 PSV      12 N      11  --  G4 F3 D4 D3
C6  : T -88.22c W -81.07c S  -4.99c ( -3.1 L  -2.0) LCB -111.81c P  1.61% WF   6.1 PSV       6 N       6  --  C6 D6 D5 B6 C5
C4  : T -87.88c W -81.20c S  -4.62c ( -2.9 L  -1.8) LCB -164.98c P  0.85% WF   3.3 PSV       3 N       3  --  C4 D4 D5

2024-03-18 17:08:53+0800: = play E3
