2024-04-17 21:36:00+0800: Running with following config:
allowResignation = true
friendlyPassOk = true
hasButton = false
koRule = SIMPLE
lagBuffer = 1.0
logAllGTPCommunication = true
logDir = gtp_logs
logSearchInfo = true
logToStderr = false
multiStoneSuicideLegal = false
nnCacheSizePowerOfTwo = 20
nnMutexPoolSizePowerOfTwo = 16
numNNServerThreadsPerModel = 1
numSearchThreads = 8
openclDeviceToUseThread0 = 0
ponderingEnabled = false
resignConsecTurns = 3
resignThreshold = -0.90
scoringRule = AREA
searchFactorAfterOnePass = 0.50
searchFactorAfterTwoPass = 0.25
searchFactorWhenWinning = 0.40
searchFactorWhenWinningThreshold = 0.95
taxRule = NONE
whiteHandicapBonus = N

2024-04-17 21:36:00+0800: GTP Engine starting...
2024-04-17 21:36:00+0800: KataGo v1.13.0
2024-04-17 21:36:00+0800: Using Chinese rules initially, unless GTP/GUI overrides this
2024-04-17 21:36:00+0800: Using 8 CPU thread(s) for search
2024-04-17 21:36:00+0800: nnRandSeed0 = 12196422460500502389
2024-04-17 21:36:00+0800: After dedups: nnModelFile0 = F:/unity_project/yiwu/Assets/StreamingAssets\katago-v1.13.0-opencl-windows-x64\model.bin useFP16 auto useNHWC auto
2024-04-17 21:36:00+0800: Initializing neural net buffer to be size 19 * 19 exactly
2024-04-17 21:36:01+0800: Found OpenCL Platform 0: NVIDIA CUDA (NVIDIA Corporation) (OpenCL 3.0 CUDA 12.3.99)
2024-04-17 21:36:01+0800: Found 1 device(s) on platform 0 with type CPU or GPU or Accelerator
2024-04-17 21:36:01+0800: Found OpenCL Device 0: NVIDIA GeForce RTX 2060 (NVIDIA Corporation) (score 11000300)
2024-04-17 21:36:01+0800: Creating context for OpenCL Platform: NVIDIA CUDA (NVIDIA Corporation) (OpenCL 3.0 CUDA 12.3.99)
2024-04-17 21:36:01+0800: Using OpenCL Device 0: NVIDIA GeForce RTX 2060 (NVIDIA Corporation) OpenCL 3.0 CUDA (Extensions: cl_khr_global_int32_base_atomics cl_khr_global_int32_extended_atomics cl_khr_local_int32_base_atomics cl_khr_local_int32_extended_atomics cl_khr_fp64 cl_khr_3d_image_writes cl_khr_byte_addressable_store cl_khr_icd cl_khr_gl_sharing cl_nv_compiler_options cl_nv_device_attribute_query cl_nv_pragma_unroll cl_nv_d3d10_sharing cl_khr_d3d10_sharing cl_nv_d3d11_sharing cl_nv_copy_opts cl_nv_create_buffer cl_khr_int64_base_atomics cl_khr_int64_extended_atomics cl_khr_device_uuid cl_khr_pci_bus_info cl_khr_external_semaphore cl_khr_external_memory cl_khr_external_semaphore_win32 cl_khr_external_memory_win32)
2024-04-17 21:36:01+0800: Loaded tuning parameters from: F:\unity_project\yiwu\Assets\StreamingAssets\katago-v1.13.0-opencl-windows-x64/KataGoData/opencltuning/tune11_gpuNVIDIAGeForceRTX2060_x19_y19_c384_mv14.txt
2024-04-17 21:36:02+0800: OpenCL backend thread 0: Device 0 Model version 14
2024-04-17 21:36:02+0800: OpenCL backend thread 0: Device 0 Model name: kata1-b18c384nbt-s7192213760-d3579182099
2024-04-17 21:36:04+0800: OpenCL backend thread 0: Device 0 FP16Storage true FP16Compute false FP16TensorCores true FP16TensorCoresFor1x1 false
2024-04-17 21:36:04+0800: Loaded neural net with nnXLen 19 nnYLen 19
2024-04-17 21:36:04+0800: Initializing board with boardXSize 19 boardYSize 19
2024-04-17 21:36:04+0800: Loaded config F:/unity_project/yiwu/Assets/StreamingAssets\katago-v1.13.0-opencl-windows-x64\gtp_custom.cfg
2024-04-17 21:36:04+0800: Loaded model F:/unity_project/yiwu/Assets/StreamingAssets\katago-v1.13.0-opencl-windows-x64\model.bin
2024-04-17 21:36:04+0800: Model name: kata1-b18c384nbt-s7192213760-d3579182099
2024-04-17 21:36:04+0800: GTP ready, beginning main protocol loop
2024-04-17 21:36:09+0800: Controller: loadsgf C:/Users/KILLLAKILL/AppData/LocalLow/DefaultCompany/yiwu/RecentGames\sgf_1659790193.sgf 1
2024-04-17 21:36:09+0800: Changing komi to 5.5
2024-04-17 21:36:09+0800: GPU 0 finishing, processed 0 rows 0 batches
2024-04-17 21:36:09+0800: Cleaned up old neural net and bot
2024-04-17 21:36:09+0800: nnRandSeed0 = 17379907606699972019
2024-04-17 21:36:09+0800: After dedups: nnModelFile0 = F:/unity_project/yiwu/Assets/StreamingAssets\katago-v1.13.0-opencl-windows-x64\model.bin useFP16 auto useNHWC auto
2024-04-17 21:36:09+0800: Initializing neural net buffer to be size 9 * 9 exactly
2024-04-17 21:36:09+0800: Found OpenCL Platform 0: NVIDIA CUDA (NVIDIA Corporation) (OpenCL 3.0 CUDA 12.3.99)
2024-04-17 21:36:09+0800: Found 1 device(s) on platform 0 with type CPU or GPU or Accelerator
2024-04-17 21:36:09+0800: Found OpenCL Device 0: NVIDIA GeForce RTX 2060 (NVIDIA Corporation) (score 11000300)
2024-04-17 21:36:09+0800: Creating context for OpenCL Platform: NVIDIA CUDA (NVIDIA Corporation) (OpenCL 3.0 CUDA 12.3.99)
2024-04-17 21:36:10+0800: Using OpenCL Device 0: NVIDIA GeForce RTX 2060 (NVIDIA Corporation) OpenCL 3.0 CUDA (Extensions: cl_khr_global_int32_base_atomics cl_khr_global_int32_extended_atomics cl_khr_local_int32_base_atomics cl_khr_local_int32_extended_atomics cl_khr_fp64 cl_khr_3d_image_writes cl_khr_byte_addressable_store cl_khr_icd cl_khr_gl_sharing cl_nv_compiler_options cl_nv_device_attribute_query cl_nv_pragma_unroll cl_nv_d3d10_sharing cl_khr_d3d10_sharing cl_nv_d3d11_sharing cl_nv_copy_opts cl_nv_create_buffer cl_khr_int64_base_atomics cl_khr_int64_extended_atomics cl_khr_device_uuid cl_khr_pci_bus_info cl_khr_external_semaphore cl_khr_external_memory cl_khr_external_semaphore_win32 cl_khr_external_memory_win32)
2024-04-17 21:36:10+0800: Loaded tuning parameters from: F:\unity_project\yiwu\Assets\StreamingAssets\katago-v1.13.0-opencl-windows-x64/KataGoData/opencltuning/tune11_gpuNVIDIAGeForceRTX2060_x19_y19_c384_mv14.txt
2024-04-17 21:36:10+0800: OpenCL backend thread 0: Device 0 Model version 14
2024-04-17 21:36:10+0800: OpenCL backend thread 0: Device 0 Model name: kata1-b18c384nbt-s7192213760-d3579182099
2024-04-17 21:36:12+0800: OpenCL backend thread 0: Device 0 FP16Storage true FP16Compute false FP16TensorCores true FP16TensorCoresFor1x1 false
2024-04-17 21:36:12+0800: Loaded neural net with nnXLen 9 nnYLen 9
2024-04-17 21:36:12+0800: Initializing board with boardXSize 9 boardYSize 9
2024-04-17 21:36:12+0800: = 
2024-04-17 21:36:15+0800: Controller: loadsgf C:/Users/KILLLAKILL/AppData/LocalLow/DefaultCompany/yiwu/RecentGames\sgf_1659790193.sgf 6
2024-04-17 21:36:15+0800: = 
2024-04-17 21:36:15+0800: Controller: lz-genmove_analyze maxmoves 6
2024-04-17 21:36:20+0800: MoveNum: 5 HASH: 611BD4CBA6629026667128E5EC901D9B
   A B C D E F G H J
 9 . . . . . . . . .
 8 . . . . . . . . .
 7 . . . X1. . . . .
 6 . . . . . . . . .
 5 . . . O X . . . .
 4 . . . . @ . . . .
 3 . . . . . . X3. .
 2 . . . . . . . . .
 1 . . . . . O2. . .

koSIMPLEscoreAREAtaxNONEsui0whbNfpok1komi5.5
Time taken: 5
Root visits: 2797
New playouts: 2797
NN rows: 2441
NN batches: 611
NN avg batch size: 3.99509
PV: E4 F5 D6 E7 C7 D4 C4 D3 C3 E3 H3 C8 G4 F4 G2 B7 C2 G5 F3 H4 C6
Tree:
: T -104.17c W -98.04c S  -6.48c ( -7.5 L  -7.1) N    2797  --  E4 F5 D6 E7 C7 D4 C4
---White(^)---
E4  : T -103.52c W -97.93c S  -6.03c ( -7.3 L  -7.0) LCB -104.36c P 23.30% WF 5551.8 PSV    5512 N    2522  --  E4 F5 D6 E7 C7 D4 C4 D3
D4  : T -108.41c W -98.60c S  -9.49c ( -9.2 L  -8.7) LCB -110.30c P 41.35% WF 429.3 PSV     448 N     133  --  D4 D6 G6 E4 D3 H5 G5 E3
F4  : T -107.09c W -98.81c S  -8.00c ( -8.2 L  -7.6) LCB -108.58c P 22.00% WF 315.7 PSV     320 N     102  --  F4 E4 F3 G6 G4 D4 C7 C6
D3  : T -106.80c W -98.82c S  -7.74c ( -8.1 L  -7.6) LCB -110.66c P  4.07% WF  63.9 PSV      64 N      19  --  D3 E4 D4 D6 E3 G5
D6  : T -109.80c W -99.03c S  -9.93c ( -9.1 L  -8.4) LCB -187.38c P  1.39% WF  11.0 PSV      11 N       3  --  D6 E6 C7
F3  : T -108.78c W -98.48c S -10.29c ( -9.1 L  -8.0) LCB -458.78c P  0.53% WF   4.5 PSV       5 N       1  --  F3
G5  : T -111.44c W -98.67c S -12.77c (-10.4 L  -9.3) LCB -461.44c P  0.62% WF   4.9 PSV       4 N       1  --  G5
C3  : T -110.96c W -98.75c S -12.21c (-10.0 L  -8.9) LCB -460.96c P  0.53% WF   5.2 PSV       3 N       1  --  C3
G6  : T -112.55c W -98.77c S -13.78c (-11.1 L  -9.8) LCB -462.55c P  0.53% WF   5.1 PSV       3 N       1  --  G6
C4  : T -109.95c W -98.57c S -11.38c ( -9.7 L  -8.5) LCB -459.95c P  0.46% WF   4.9 PSV       3 N       1  --  C4

2024-04-17 21:36:20+0800: = play E4
