2024-04-17 22:01:26+0800: Running with following config:
allowResignation = true
friendlyPassOk = true
hasButton = false
koRule = SIMPLE
lagBuffer = 1.0
logAllGTPCommunication = true
logDir = gtp_logs
logSearchInfo = true
logToStderr = false
multiStoneSuicideLegal = false
nnCacheSizePowerOfTwo = 20
nnMutexPoolSizePowerOfTwo = 16
numNNServerThreadsPerModel = 1
numSearchThreads = 8
openclDeviceToUseThread0 = 0
ponderingEnabled = false
resignConsecTurns = 3
resignThreshold = -0.90
scoringRule = AREA
searchFactorAfterOnePass = 0.50
searchFactorAfterTwoPass = 0.25
searchFactorWhenWinning = 0.40
searchFactorWhenWinningThreshold = 0.95
taxRule = NONE
whiteHandicapBonus = N

2024-04-17 22:01:26+0800: GTP Engine starting...
2024-04-17 22:01:26+0800: KataGo v1.13.0
2024-04-17 22:01:26+0800: Using Chinese rules initially, unless GTP/GUI overrides this
2024-04-17 22:01:26+0800: Using 8 CPU thread(s) for search
2024-04-17 22:01:26+0800: nnRandSeed0 = 12682918988191488790
2024-04-17 22:01:26+0800: After dedups: nnModelFile0 = F:/unity_project/yiwu/Assets/StreamingAssets\katago-v1.13.0-opencl-windows-x64\model.bin useFP16 auto useNHWC auto
2024-04-17 22:01:26+0800: Initializing neural net buffer to be size 19 * 19 exactly
2024-04-17 22:01:26+0800: Found OpenCL Platform 0: NVIDIA CUDA (NVIDIA Corporation) (OpenCL 3.0 CUDA 12.3.99)
2024-04-17 22:01:26+0800: Found 1 device(s) on platform 0 with type CPU or GPU or Accelerator
2024-04-17 22:01:26+0800: Found OpenCL Device 0: NVIDIA GeForce RTX 2060 (NVIDIA Corporation) (score 11000300)
2024-04-17 22:01:26+0800: Creating context for OpenCL Platform: NVIDIA CUDA (NVIDIA Corporation) (OpenCL 3.0 CUDA 12.3.99)
2024-04-17 22:01:27+0800: Using OpenCL Device 0: NVIDIA GeForce RTX 2060 (NVIDIA Corporation) OpenCL 3.0 CUDA (Extensions: cl_khr_global_int32_base_atomics cl_khr_global_int32_extended_atomics cl_khr_local_int32_base_atomics cl_khr_local_int32_extended_atomics cl_khr_fp64 cl_khr_3d_image_writes cl_khr_byte_addressable_store cl_khr_icd cl_khr_gl_sharing cl_nv_compiler_options cl_nv_device_attribute_query cl_nv_pragma_unroll cl_nv_d3d10_sharing cl_khr_d3d10_sharing cl_nv_d3d11_sharing cl_nv_copy_opts cl_nv_create_buffer cl_khr_int64_base_atomics cl_khr_int64_extended_atomics cl_khr_device_uuid cl_khr_pci_bus_info cl_khr_external_semaphore cl_khr_external_memory cl_khr_external_semaphore_win32 cl_khr_external_memory_win32)
2024-04-17 22:01:27+0800: Loaded tuning parameters from: F:\unity_project\yiwu\Assets\StreamingAssets\katago-v1.13.0-opencl-windows-x64/KataGoData/opencltuning/tune11_gpuNVIDIAGeForceRTX2060_x19_y19_c384_mv14.txt
2024-04-17 22:01:27+0800: OpenCL backend thread 0: Device 0 Model version 14
2024-04-17 22:01:27+0800: OpenCL backend thread 0: Device 0 Model name: kata1-b18c384nbt-s7192213760-d3579182099
2024-04-17 22:01:29+0800: OpenCL backend thread 0: Device 0 FP16Storage true FP16Compute false FP16TensorCores true FP16TensorCoresFor1x1 false
2024-04-17 22:01:29+0800: Loaded neural net with nnXLen 19 nnYLen 19
2024-04-17 22:01:29+0800: Initializing board with boardXSize 19 boardYSize 19
2024-04-17 22:01:29+0800: Loaded config F:/unity_project/yiwu/Assets/StreamingAssets\katago-v1.13.0-opencl-windows-x64\gtp_custom.cfg
2024-04-17 22:01:29+0800: Loaded model F:/unity_project/yiwu/Assets/StreamingAssets\katago-v1.13.0-opencl-windows-x64\model.bin
2024-04-17 22:01:29+0800: Model name: kata1-b18c384nbt-s7192213760-d3579182099
2024-04-17 22:01:29+0800: GTP ready, beginning main protocol loop
2024-04-17 22:01:35+0800: Controller: loadsgf C:/Users/KILLLAKILL/AppData/LocalLow/DefaultCompany/yiwu/RecentGames\sgf_1659790193.sgf 1
2024-04-17 22:01:35+0800: Changing komi to 5.5
2024-04-17 22:01:35+0800: GPU 0 finishing, processed 0 rows 0 batches
2024-04-17 22:01:35+0800: Cleaned up old neural net and bot
2024-04-17 22:01:35+0800: nnRandSeed0 = 13247216386103483497
2024-04-17 22:01:35+0800: After dedups: nnModelFile0 = F:/unity_project/yiwu/Assets/StreamingAssets\katago-v1.13.0-opencl-windows-x64\model.bin useFP16 auto useNHWC auto
2024-04-17 22:01:35+0800: Initializing neural net buffer to be size 9 * 9 exactly
2024-04-17 22:01:35+0800: Found OpenCL Platform 0: NVIDIA CUDA (NVIDIA Corporation) (OpenCL 3.0 CUDA 12.3.99)
2024-04-17 22:01:35+0800: Found 1 device(s) on platform 0 with type CPU or GPU or Accelerator
2024-04-17 22:01:35+0800: Found OpenCL Device 0: NVIDIA GeForce RTX 2060 (NVIDIA Corporation) (score 11000300)
2024-04-17 22:01:35+0800: Creating context for OpenCL Platform: NVIDIA CUDA (NVIDIA Corporation) (OpenCL 3.0 CUDA 12.3.99)
2024-04-17 22:01:36+0800: Using OpenCL Device 0: NVIDIA GeForce RTX 2060 (NVIDIA Corporation) OpenCL 3.0 CUDA (Extensions: cl_khr_global_int32_base_atomics cl_khr_global_int32_extended_atomics cl_khr_local_int32_base_atomics cl_khr_local_int32_extended_atomics cl_khr_fp64 cl_khr_3d_image_writes cl_khr_byte_addressable_store cl_khr_icd cl_khr_gl_sharing cl_nv_compiler_options cl_nv_device_attribute_query cl_nv_pragma_unroll cl_nv_d3d10_sharing cl_khr_d3d10_sharing cl_nv_d3d11_sharing cl_nv_copy_opts cl_nv_create_buffer cl_khr_int64_base_atomics cl_khr_int64_extended_atomics cl_khr_device_uuid cl_khr_pci_bus_info cl_khr_external_semaphore cl_khr_external_memory cl_khr_external_semaphore_win32 cl_khr_external_memory_win32)
2024-04-17 22:01:36+0800: Loaded tuning parameters from: F:\unity_project\yiwu\Assets\StreamingAssets\katago-v1.13.0-opencl-windows-x64/KataGoData/opencltuning/tune11_gpuNVIDIAGeForceRTX2060_x19_y19_c384_mv14.txt
2024-04-17 22:01:36+0800: OpenCL backend thread 0: Device 0 Model version 14
2024-04-17 22:01:36+0800: OpenCL backend thread 0: Device 0 Model name: kata1-b18c384nbt-s7192213760-d3579182099
2024-04-17 22:01:38+0800: OpenCL backend thread 0: Device 0 FP16Storage true FP16Compute false FP16TensorCores true FP16TensorCoresFor1x1 false
2024-04-17 22:01:38+0800: Loaded neural net with nnXLen 9 nnYLen 9
2024-04-17 22:01:38+0800: Initializing board with boardXSize 9 boardYSize 9
2024-04-17 22:01:38+0800: = 
2024-04-17 22:01:40+0800: Controller: loadsgf C:/Users/KILLLAKILL/AppData/LocalLow/DefaultCompany/yiwu/RecentGames\sgf_1659790193.sgf 7
2024-04-17 22:01:40+0800: = 
2024-04-17 22:01:40+0800: Controller: lz-genmove_analyze maxmoves 6
2024-04-17 22:01:45+0800: MoveNum: 6 HASH: 3D4E0F78DD4BFC17707648C28C5310E5
   A B C D E F G H J
 9 . . . . . . . . .
 8 . . . . . . . . .
 7 . . . X . . . . .
 6 . . . . . . . . .
 5 . . . O X . . . .
 4 . . . @ . . . . .
 3 . . . . . . X2. .
 2 . . . . . . O3. .
 1 . . . . . O1. . .

koSIMPLEscoreAREAtaxNONEsui0whbNfpok1komi5.5
Time taken: 5
Root visits: 2755
New playouts: 2755
NN rows: 2443
NN batches: 612
NN avg batch size: 3.99183
PV: D4 F3 C5 F5 F6 E4 D6 G6 G5 F4 G7 H6 F8 D2 H5 H4 H7 G4 C3 J5 C2 C1 B1 D1
Tree:
: T 108.88c W  99.55c S   9.36c (+12.1 L +11.6) N    2755  --  D4 F3 C5 F5 F6 E4 D6
---Black(^)---
D4  : T 109.03c W  99.56c S   9.50c (+12.2 L +11.6) LCB  108.49c P 78.48% WF 9344.2 PSV    9336 N    2657  --  D4 F3 C5 F5 F6 E4 D6 G6
E3  : T 106.49c W  99.39c S   7.13c (+11.2 L +10.5) LCB  103.52c P  4.03% WF  88.4 PSV      82 N      23  --  E3 D4 D6 E4
E4  : T 106.87c W  99.30c S   7.37c (+11.3 L +10.5) LCB  103.33c P  3.19% WF  85.5 PSV      74 N      21  --  E4 D6 E6 C7 C3 E7
D6  : T 107.45c W  99.46c S   7.85c (+11.4 L +10.7) LCB  103.03c P  1.90% WF  70.7 PSV      56 N      18  --  D6 F3 F4 G4
F3  : T 103.32c W  99.16c S   4.86c (+10.2 L  +9.5) LCB   97.04c P  4.62% WF  46.1 PSV      46 N      13  --  F3 E4 F5 D6 E7 E3
D3  : T 103.06c W  99.25c S   4.35c ( +9.9 L  +9.3) LCB   58.75c P  1.42% WF  14.5 PSV      13 N       4  --  D3 E4 D4
E2  : T 101.42c W  99.05c S   2.96c ( +9.3 L  +8.6) LCB  -50.76c P  0.81% WF   7.2 PSV       6 N       2  --  E2 E4
E6  : T 101.92c W  99.21c S   3.56c ( +9.6 L  +8.9) LCB  -51.00c P  0.54% WF   7.6 PSV       4 N       2  --  E6 F3
F4  : T 100.50c W  99.01c S   2.38c ( +9.0 L  +8.5) LCB  -52.45c P  0.54% WF   7.6 PSV       3 N       2  --  F4 D3
C5  : T 103.15c W  99.52c S   3.63c ( +9.6 L  +9.3) LCB -246.85c P  0.31% WF   3.4 PSV       3 N       1  --  C5

2024-04-17 22:01:45+0800: = play D4
