2024-04-17 22:16:26+0800: Running with following config:
allowResignation = true
friendlyPassOk = true
hasButton = false
koRule = SIMPLE
lagBuffer = 1.0
logAllGTPCommunication = true
logDir = gtp_logs
logSearchInfo = true
logToStderr = false
multiStoneSuicideLegal = false
nnCacheSizePowerOfTwo = 20
nnMutexPoolSizePowerOfTwo = 16
numNNServerThreadsPerModel = 1
numSearchThreads = 8
openclDeviceToUseThread0 = 0
ponderingEnabled = false
resignConsecTurns = 3
resignThreshold = -0.90
scoringRule = AREA
searchFactorAfterOnePass = 0.50
searchFactorAfterTwoPass = 0.25
searchFactorWhenWinning = 0.40
searchFactorWhenWinningThreshold = 0.95
taxRule = NONE
whiteHandicapBonus = N

2024-04-17 22:16:26+0800: GTP Engine starting...
2024-04-17 22:16:26+0800: KataGo v1.13.0
2024-04-17 22:16:26+0800: Using Chinese rules initially, unless GTP/GUI overrides this
2024-04-17 22:16:26+0800: Using 8 CPU thread(s) for search
2024-04-17 22:16:26+0800: nnRandSeed0 = 3775952645526122446
2024-04-17 22:16:26+0800: After dedups: nnModelFile0 = F:/unity_project/yiwu/Assets/StreamingAssets\katago-v1.13.0-opencl-windows-x64\model.bin useFP16 auto useNHWC auto
2024-04-17 22:16:26+0800: Initializing neural net buffer to be size 19 * 19 exactly
2024-04-17 22:16:27+0800: Found OpenCL Platform 0: NVIDIA CUDA (NVIDIA Corporation) (OpenCL 3.0 CUDA 12.3.99)
2024-04-17 22:16:27+0800: Found 1 device(s) on platform 0 with type CPU or GPU or Accelerator
2024-04-17 22:16:27+0800: Found OpenCL Device 0: NVIDIA GeForce RTX 2060 (NVIDIA Corporation) (score 11000300)
2024-04-17 22:16:27+0800: Creating context for OpenCL Platform: NVIDIA CUDA (NVIDIA Corporation) (OpenCL 3.0 CUDA 12.3.99)
2024-04-17 22:16:27+0800: Using OpenCL Device 0: NVIDIA GeForce RTX 2060 (NVIDIA Corporation) OpenCL 3.0 CUDA (Extensions: cl_khr_global_int32_base_atomics cl_khr_global_int32_extended_atomics cl_khr_local_int32_base_atomics cl_khr_local_int32_extended_atomics cl_khr_fp64 cl_khr_3d_image_writes cl_khr_byte_addressable_store cl_khr_icd cl_khr_gl_sharing cl_nv_compiler_options cl_nv_device_attribute_query cl_nv_pragma_unroll cl_nv_d3d10_sharing cl_khr_d3d10_sharing cl_nv_d3d11_sharing cl_nv_copy_opts cl_nv_create_buffer cl_khr_int64_base_atomics cl_khr_int64_extended_atomics cl_khr_device_uuid cl_khr_pci_bus_info cl_khr_external_semaphore cl_khr_external_memory cl_khr_external_semaphore_win32 cl_khr_external_memory_win32)
2024-04-17 22:16:27+0800: Loaded tuning parameters from: F:\unity_project\yiwu\Assets\StreamingAssets\katago-v1.13.0-opencl-windows-x64/KataGoData/opencltuning/tune11_gpuNVIDIAGeForceRTX2060_x19_y19_c384_mv14.txt
2024-04-17 22:16:28+0800: OpenCL backend thread 0: Device 0 Model version 14
2024-04-17 22:16:28+0800: OpenCL backend thread 0: Device 0 Model name: kata1-b18c384nbt-s7192213760-d3579182099
2024-04-17 22:16:30+0800: OpenCL backend thread 0: Device 0 FP16Storage true FP16Compute false FP16TensorCores true FP16TensorCoresFor1x1 false
2024-04-17 22:16:30+0800: Loaded neural net with nnXLen 19 nnYLen 19
2024-04-17 22:16:30+0800: Initializing board with boardXSize 19 boardYSize 19
2024-04-17 22:16:30+0800: Loaded config F:/unity_project/yiwu/Assets/StreamingAssets\katago-v1.13.0-opencl-windows-x64\gtp_custom.cfg
2024-04-17 22:16:30+0800: Loaded model F:/unity_project/yiwu/Assets/StreamingAssets\katago-v1.13.0-opencl-windows-x64\model.bin
2024-04-17 22:16:30+0800: Model name: kata1-b18c384nbt-s7192213760-d3579182099
2024-04-17 22:16:30+0800: GTP ready, beginning main protocol loop
2024-04-17 22:16:39+0800: Controller: loadsgf C:/Users/KILLLAKILL/AppData/LocalLow/DefaultCompany/yiwu/RecentGames\sgf_1659790193.sgf 1
2024-04-17 22:16:39+0800: Changing komi to 5.5
2024-04-17 22:16:39+0800: GPU 0 finishing, processed 0 rows 0 batches
2024-04-17 22:16:39+0800: Cleaned up old neural net and bot
2024-04-17 22:16:39+0800: nnRandSeed0 = 6312570535399606242
2024-04-17 22:16:39+0800: After dedups: nnModelFile0 = F:/unity_project/yiwu/Assets/StreamingAssets\katago-v1.13.0-opencl-windows-x64\model.bin useFP16 auto useNHWC auto
2024-04-17 22:16:39+0800: Initializing neural net buffer to be size 9 * 9 exactly
2024-04-17 22:16:40+0800: Found OpenCL Platform 0: NVIDIA CUDA (NVIDIA Corporation) (OpenCL 3.0 CUDA 12.3.99)
2024-04-17 22:16:40+0800: Found 1 device(s) on platform 0 with type CPU or GPU or Accelerator
2024-04-17 22:16:40+0800: Found OpenCL Device 0: NVIDIA GeForce RTX 2060 (NVIDIA Corporation) (score 11000300)
2024-04-17 22:16:40+0800: Creating context for OpenCL Platform: NVIDIA CUDA (NVIDIA Corporation) (OpenCL 3.0 CUDA 12.3.99)
2024-04-17 22:16:40+0800: Using OpenCL Device 0: NVIDIA GeForce RTX 2060 (NVIDIA Corporation) OpenCL 3.0 CUDA (Extensions: cl_khr_global_int32_base_atomics cl_khr_global_int32_extended_atomics cl_khr_local_int32_base_atomics cl_khr_local_int32_extended_atomics cl_khr_fp64 cl_khr_3d_image_writes cl_khr_byte_addressable_store cl_khr_icd cl_khr_gl_sharing cl_nv_compiler_options cl_nv_device_attribute_query cl_nv_pragma_unroll cl_nv_d3d10_sharing cl_khr_d3d10_sharing cl_nv_d3d11_sharing cl_nv_copy_opts cl_nv_create_buffer cl_khr_int64_base_atomics cl_khr_int64_extended_atomics cl_khr_device_uuid cl_khr_pci_bus_info cl_khr_external_semaphore cl_khr_external_memory cl_khr_external_semaphore_win32 cl_khr_external_memory_win32)
2024-04-17 22:16:40+0800: Loaded tuning parameters from: F:\unity_project\yiwu\Assets\StreamingAssets\katago-v1.13.0-opencl-windows-x64/KataGoData/opencltuning/tune11_gpuNVIDIAGeForceRTX2060_x19_y19_c384_mv14.txt
2024-04-17 22:16:40+0800: OpenCL backend thread 0: Device 0 Model version 14
2024-04-17 22:16:40+0800: OpenCL backend thread 0: Device 0 Model name: kata1-b18c384nbt-s7192213760-d3579182099
2024-04-17 22:16:42+0800: OpenCL backend thread 0: Device 0 FP16Storage true FP16Compute false FP16TensorCores true FP16TensorCoresFor1x1 false
2024-04-17 22:16:42+0800: Loaded neural net with nnXLen 9 nnYLen 9
2024-04-17 22:16:42+0800: Initializing board with boardXSize 9 boardYSize 9
2024-04-17 22:16:42+0800: = 
2024-04-17 22:16:46+0800: Controller: loadsgf C:/Users/KILLLAKILL/AppData/LocalLow/DefaultCompany/yiwu/RecentGames\sgf_1659790193.sgf 7
2024-04-17 22:16:46+0800: = 
2024-04-17 22:16:46+0800: Controller: lz-genmove_analyze maxmoves 6
2024-04-17 22:16:51+0800: MoveNum: 6 HASH: 3D4E0F78DD4BFC17707648C28C5310E5
   A B C D E F G H J
 9 . . . . . . . . .
 8 . . . . . . . . .
 7 . . . X . . . . .
 6 . . . . . . . . .
 5 . . . O X . . . .
 4 . . . @ . . . . .
 3 . . . . . . X2. .
 2 . . . . . . O3. .
 1 . . . . . O1. . .

koSIMPLEscoreAREAtaxNONEsui0whbNfpok1komi5.5
Time taken: 5
Root visits: 2716
New playouts: 2716
NN rows: 2433
NN batches: 609
NN avg batch size: 3.99507
PV: D4 F3 C5 F5 F6 E4 D6 G6 G5 F4 G7 H6 F7 D2 H5 H4 H7 G4 C3 J5 C2 J7
Tree:
: T 108.35c W  99.50c S   8.87c (+12.2 L +11.7) N    2716  --  D4 F3 C5 F5 F6 E4 D6
---Black(^)---
D4  : T 108.51c W  99.51c S   9.03c (+12.3 L +11.8) LCB  107.98c P 75.97% WF 8972.5 PSV    8964 N    2623  --  D4 F3 C5 F5 F6 E4 D6 G6
E3  : T 105.79c W  99.40c S   6.30c (+11.1 L +10.4) LCB  103.67c P  4.98% WF  95.4 PSV      93 N      25  --  E3 H3 D4 G4
E4  : T 105.43c W  99.30c S   6.41c (+11.2 L +10.4) LCB  102.02c P  3.55% WF  66.4 PSV      59 N      16  --  E4 C3 D3 D6
D6  : T 107.00c W  99.50c S   7.06c (+11.4 L +10.6) LCB  101.65c P  2.17% WF  54.2 PSV      55 N      14  --  D6 F3 F4 G4
F3  : T 102.90c W  99.20c S   4.39c (+10.3 L  +9.6) LCB   96.41c P  4.78% WF  47.8 PSV      47 N      13  --  F3 E4 F5 D6 E7 E3
D3  : T 102.16c W  99.30c S   3.12c ( +9.7 L  +9.1) LCB   81.10c P  1.97% WF  19.9 PSV      17 N       6  --  D3 E4 D4
E2  : T 100.66c W  98.97c S   2.23c ( +9.3 L  +8.7) LCB  -51.29c P  0.95% WF   7.2 PSV       6 N       2  --  E2 E4
E6  : T 100.85c W  99.17c S   2.64c ( +9.5 L  +8.8) LCB  -52.14c P  0.53% WF   7.6 PSV       3 N       2  --  E6 F3
F4  : T  99.59c W  98.97c S   1.56c ( +9.0 L  +8.5) LCB  -53.75c P  0.48% WF   7.6 PSV       3 N       2  --  F4 D3
C3  : T  99.23c W  99.33c S  -0.10c ( +8.2 L  +8.2) LCB -250.77c P  0.38% WF   3.0 PSV       2 N       1  --  C3

2024-04-17 22:16:51+0800: = play D4
