2024-03-16 13:38:30+0800: Running with following config:
allowResignation = true
friendlyPassOk = true
hasButton = false
koRule = SIMPLE
lagBuffer = 1.0
logAllGTPCommunication = true
logDir = gtp_logs
logSearchInfo = true
logToStderr = false
multiStoneSuicideLegal = false
nnCacheSizePowerOfTwo = 20
nnMutexPoolSizePowerOfTwo = 16
numNNServerThreadsPerModel = 1
numSearchThreads = 8
openclDeviceToUseThread0 = 0
ponderingEnabled = false
resignConsecTurns = 3
resignThreshold = -0.90
scoringRule = AREA
searchFactorAfterOnePass = 0.50
searchFactorAfterTwoPass = 0.25
searchFactorWhenWinning = 0.40
searchFactorWhenWinningThreshold = 0.95
taxRule = NONE
whiteHandicapBonus = N

2024-03-16 13:38:30+0800: GTP Engine starting...
2024-03-16 13:38:30+0800: KataGo v1.13.0
2024-03-16 13:38:30+0800: Using Chinese rules initially, unless GTP/GUI overrides this
2024-03-16 13:38:30+0800: Using 8 CPU thread(s) for search
2024-03-16 13:38:31+0800: nnRandSeed0 = 7835143598721349590
2024-03-16 13:38:31+0800: After dedups: nnModelFile0 = F:\homework\毕业设计\katago-v1.13.0-opencl-windows-x64\model.bin useFP16 auto useNHWC auto
2024-03-16 13:38:31+0800: Initializing neural net buffer to be size 19 * 19 exactly
2024-03-16 13:38:31+0800: Found OpenCL Platform 0: NVIDIA CUDA (NVIDIA Corporation) (OpenCL 3.0 CUDA 12.3.99)
2024-03-16 13:38:31+0800: Found 1 device(s) on platform 0 with type CPU or GPU or Accelerator
2024-03-16 13:38:31+0800: Found OpenCL Device 0: NVIDIA GeForce RTX 2060 (NVIDIA Corporation) (score 11000300)
2024-03-16 13:38:31+0800: Creating context for OpenCL Platform: NVIDIA CUDA (NVIDIA Corporation) (OpenCL 3.0 CUDA 12.3.99)
2024-03-16 13:38:32+0800: Using OpenCL Device 0: NVIDIA GeForce RTX 2060 (NVIDIA Corporation) OpenCL 3.0 CUDA (Extensions: cl_khr_global_int32_base_atomics cl_khr_global_int32_extended_atomics cl_khr_local_int32_base_atomics cl_khr_local_int32_extended_atomics cl_khr_fp64 cl_khr_3d_image_writes cl_khr_byte_addressable_store cl_khr_icd cl_khr_gl_sharing cl_nv_compiler_options cl_nv_device_attribute_query cl_nv_pragma_unroll cl_nv_d3d10_sharing cl_khr_d3d10_sharing cl_nv_d3d11_sharing cl_nv_copy_opts cl_nv_create_buffer cl_khr_int64_base_atomics cl_khr_int64_extended_atomics cl_khr_device_uuid cl_khr_pci_bus_info cl_khr_external_semaphore cl_khr_external_memory cl_khr_external_semaphore_win32 cl_khr_external_memory_win32)
2024-03-16 13:38:32+0800: Loaded tuning parameters from: F:\homework\毕业设计\katago-v1.13.0-opencl-windows-x64/KataGoData/opencltuning/tune11_gpuNVIDIAGeForceRTX2060_x19_y19_c384_mv14.txt
2024-03-16 13:38:32+0800: OpenCL backend thread 0: Device 0 Model version 14
2024-03-16 13:38:32+0800: OpenCL backend thread 0: Device 0 Model name: kata1-b18c384nbt-s7192213760-d3579182099
2024-03-16 13:38:34+0800: OpenCL backend thread 0: Device 0 FP16Storage true FP16Compute false FP16TensorCores true FP16TensorCoresFor1x1 false
2024-03-16 13:38:34+0800: Loaded neural net with nnXLen 19 nnYLen 19
2024-03-16 13:38:34+0800: Initializing board with boardXSize 19 boardYSize 19
2024-03-16 13:38:34+0800: Loaded config F:\homework\毕业设计\katago-v1.13.0-opencl-windows-x64\gtp_custom.cfg
2024-03-16 13:38:34+0800: Loaded model F:\homework\毕业设计\katago-v1.13.0-opencl-windows-x64\model.bin
2024-03-16 13:38:34+0800: Model name: kata1-b18c384nbt-s7192213760-d3579182099
2024-03-16 13:38:34+0800: GTP ready, beginning main protocol loop
2024-03-16 13:38:42+0800: Controller: loadsgf C:/Users/KILLLAKILL/AppData/LocalLow/DefaultCompany/yiwu/RecentGames\sgf_1659790193.sgf 1
2024-03-16 13:38:42+0800: Changing komi to 5.5
2024-03-16 13:38:42+0800: GPU 0 finishing, processed 0 rows 0 batches
2024-03-16 13:38:42+0800: Cleaned up old neural net and bot
2024-03-16 13:38:42+0800: nnRandSeed0 = 522140289005985150
2024-03-16 13:38:42+0800: After dedups: nnModelFile0 = F:\homework\毕业设计\katago-v1.13.0-opencl-windows-x64\model.bin useFP16 auto useNHWC auto
2024-03-16 13:38:42+0800: Initializing neural net buffer to be size 9 * 9 exactly
2024-03-16 13:38:42+0800: Found OpenCL Platform 0: NVIDIA CUDA (NVIDIA Corporation) (OpenCL 3.0 CUDA 12.3.99)
2024-03-16 13:38:42+0800: Found 1 device(s) on platform 0 with type CPU or GPU or Accelerator
2024-03-16 13:38:42+0800: Found OpenCL Device 0: NVIDIA GeForce RTX 2060 (NVIDIA Corporation) (score 11000300)
2024-03-16 13:38:42+0800: Creating context for OpenCL Platform: NVIDIA CUDA (NVIDIA Corporation) (OpenCL 3.0 CUDA 12.3.99)
2024-03-16 13:38:43+0800: Using OpenCL Device 0: NVIDIA GeForce RTX 2060 (NVIDIA Corporation) OpenCL 3.0 CUDA (Extensions: cl_khr_global_int32_base_atomics cl_khr_global_int32_extended_atomics cl_khr_local_int32_base_atomics cl_khr_local_int32_extended_atomics cl_khr_fp64 cl_khr_3d_image_writes cl_khr_byte_addressable_store cl_khr_icd cl_khr_gl_sharing cl_nv_compiler_options cl_nv_device_attribute_query cl_nv_pragma_unroll cl_nv_d3d10_sharing cl_khr_d3d10_sharing cl_nv_d3d11_sharing cl_nv_copy_opts cl_nv_create_buffer cl_khr_int64_base_atomics cl_khr_int64_extended_atomics cl_khr_device_uuid cl_khr_pci_bus_info cl_khr_external_semaphore cl_khr_external_memory cl_khr_external_semaphore_win32 cl_khr_external_memory_win32)
2024-03-16 13:38:43+0800: Loaded tuning parameters from: F:\homework\毕业设计\katago-v1.13.0-opencl-windows-x64/KataGoData/opencltuning/tune11_gpuNVIDIAGeForceRTX2060_x19_y19_c384_mv14.txt
2024-03-16 13:38:43+0800: OpenCL backend thread 0: Device 0 Model version 14
2024-03-16 13:38:43+0800: OpenCL backend thread 0: Device 0 Model name: kata1-b18c384nbt-s7192213760-d3579182099
2024-03-16 13:38:45+0800: OpenCL backend thread 0: Device 0 FP16Storage true FP16Compute false FP16TensorCores true FP16TensorCoresFor1x1 false
2024-03-16 13:38:45+0800: Loaded neural net with nnXLen 9 nnYLen 9
2024-03-16 13:38:45+0800: Initializing board with boardXSize 9 boardYSize 9
2024-03-16 13:38:45+0800: = 
2024-03-16 13:39:06+0800: Controller: loadsgf C:/Users/KILLLAKILL/AppData/LocalLow/DefaultCompany/yiwu/RecentGames\sgf_1659790193.sgf 1
2024-03-16 13:39:06+0800: = 
2024-03-16 13:39:06+0800: Controller: lz-genmove_analyze maxmoves 6
2024-03-16 13:39:11+0800: MoveNum: 0 HASH: 9F0B2D702FC8448C75410E097F089AEB
   A B C D E F G H J
 9 . . . . . . . . .
 8 . . . . . . . . .
 7 . . . . . . . . .
 6 . . . . . @ . . .
 5 . . . . . . . . .
 4 . . . . . . . . .
 3 . . . . . . . . .
 2 . . . . . . . . .
 1 . . . . . . . . .

koSIMPLEscoreAREAtaxNONEsui0whbNfpok1komi5.5
Time taken: 5
Root visits: 2655
New playouts: 2655
NN rows: 2443
NN batches: 611
NN avg batch size: 3.99836
PV: F6 F4 D5 E3 C4 D7 E8 E7 F7 D8 F8 C6 B5 B6 D3 G5 E2 F2 E4 F3 B8 D9 A6 E6 E5
Tree:
: T  43.40c W  44.24c S   0.72c ( +1.9 L  +1.3) N    2655  --  F6 F4 D5 E3 C4 D7 E8
---Black(^)---
F6  : T  44.11c W  44.97c S   0.84c ( +2.0 L  +1.4) LCB   41.07c P 24.70% WF 1792.6 PSV    1782 N    2379  --  F6 F4 D5 E3 C4 D7 E8 E7
E5  : T  40.16c W  40.62c S  -0.06c ( +1.5 L  +0.9) LCB   35.63c P  7.17% WF 251.0 PSV      88 N     230  --  E5 G4 E3 G6 C6 E7 F7 F6
F5  : T  39.45c W  41.13c S  -0.19c ( +1.4 L  +0.9) LCB   34.24c P  0.48% WF  34.4 PSV       5 N      27  --  F5 D5 E3 D7 C4 C5 B4 H5
G5  : T  18.55c W  22.50c S  -1.10c ( +1.0 L  +0.6) LCB  -23.57c P  0.11% WF   4.4 PSV       0 N       5  --  G5 D5 E5 D6
G6  : T  14.81c W  15.76c S  -0.94c ( +1.1 L  +0.9) LCB -134.90c P  0.13% WF   2.3 PSV       0 N       2  --  G6 D4
G7  : T -57.75c W -52.61c S  -5.14c ( -1.0 L  -0.2) LCB -407.75c P  0.00% WF   0.4 PSV       0 N       1  --  G7
H5  : T -78.72c W -71.54c S  -7.18c ( -2.0 L  -0.9) LCB -428.72c P  0.00% WF   0.1 PSV       0 N       1  --  H5
H6  : T -93.37c W -84.17c S  -9.20c ( -2.9 L  -1.8) LCB -443.37c P  0.00% WF   0.1 PSV       0 N       1  --  H6
H7  : T -106.18c W -93.61c S -12.56c ( -4.3 L  -3.3) LCB -456.18c P  0.00% WF   0.1 PSV       0 N       1  --  H7
J6  : T -118.57c W -99.53c S -19.04c ( -7.7 L  -7.7) LCB -468.57c P  0.00% WF   0.1 PSV       0 N       1  --  J6

2024-03-16 13:39:11+0800: = play F6
