2024-05-08 23:08:06+0800: Running with following config:
allowResignation = true
friendlyPassOk = true
hasButton = false
koRule = SIMPLE
lagBuffer = 1.0
logAllGTPCommunication = true
logDir = gtp_logs
logSearchInfo = true
logToStderr = false
multiStoneSuicideLegal = false
nnCacheSizePowerOfTwo = 20
nnMutexPoolSizePowerOfTwo = 16
numNNServerThreadsPerModel = 1
numSearchThreads = 8
openclDeviceToUseThread0 = 0
ponderingEnabled = false
resignConsecTurns = 3
resignThreshold = -0.90
scoringRule = AREA
searchFactorAfterOnePass = 0.50
searchFactorAfterTwoPass = 0.25
searchFactorWhenWinning = 0.40
searchFactorWhenWinningThreshold = 0.95
taxRule = NONE
whiteHandicapBonus = N

2024-05-08 23:08:06+0800: GTP Engine starting...
2024-05-08 23:08:06+0800: KataGo v1.13.0
2024-05-08 23:08:06+0800: Using Chinese rules initially, unless GTP/GUI overrides this
2024-05-08 23:08:06+0800: Using 8 CPU thread(s) for search
2024-05-08 23:08:06+0800: nnRandSeed0 = 14745551158696936428
2024-05-08 23:08:06+0800: After dedups: nnModelFile0 = F:/unity_project/yiwu/Assets/StreamingAssets\katago-v1.13.0-opencl-windows-x64\model.bin useFP16 auto useNHWC auto
2024-05-08 23:08:06+0800: Initializing neural net buffer to be size 19 * 19 exactly
2024-05-08 23:08:07+0800: Found OpenCL Platform 0: NVIDIA CUDA (NVIDIA Corporation) (OpenCL 3.0 CUDA 12.3.99)
2024-05-08 23:08:07+0800: Found 1 device(s) on platform 0 with type CPU or GPU or Accelerator
2024-05-08 23:08:07+0800: Found OpenCL Device 0: NVIDIA GeForce RTX 2060 (NVIDIA Corporation) (score 11000300)
2024-05-08 23:08:07+0800: Creating context for OpenCL Platform: NVIDIA CUDA (NVIDIA Corporation) (OpenCL 3.0 CUDA 12.3.99)
2024-05-08 23:08:07+0800: Using OpenCL Device 0: NVIDIA GeForce RTX 2060 (NVIDIA Corporation) OpenCL 3.0 CUDA (Extensions: cl_khr_global_int32_base_atomics cl_khr_global_int32_extended_atomics cl_khr_local_int32_base_atomics cl_khr_local_int32_extended_atomics cl_khr_fp64 cl_khr_3d_image_writes cl_khr_byte_addressable_store cl_khr_icd cl_khr_gl_sharing cl_nv_compiler_options cl_nv_device_attribute_query cl_nv_pragma_unroll cl_nv_d3d10_sharing cl_khr_d3d10_sharing cl_nv_d3d11_sharing cl_nv_copy_opts cl_nv_create_buffer cl_khr_int64_base_atomics cl_khr_int64_extended_atomics cl_khr_device_uuid cl_khr_pci_bus_info cl_khr_external_semaphore cl_khr_external_memory cl_khr_external_semaphore_win32 cl_khr_external_memory_win32)
2024-05-08 23:08:07+0800: Loaded tuning parameters from: F:\unity_project\yiwu\Assets\StreamingAssets\katago-v1.13.0-opencl-windows-x64/KataGoData/opencltuning/tune11_gpuNVIDIAGeForceRTX2060_x19_y19_c384_mv14.txt
2024-05-08 23:08:07+0800: OpenCL backend thread 0: Device 0 Model version 14
2024-05-08 23:08:07+0800: OpenCL backend thread 0: Device 0 Model name: kata1-b18c384nbt-s7192213760-d3579182099
2024-05-08 23:08:09+0800: OpenCL backend thread 0: Device 0 FP16Storage true FP16Compute false FP16TensorCores true FP16TensorCoresFor1x1 false
2024-05-08 23:08:09+0800: Loaded neural net with nnXLen 19 nnYLen 19
2024-05-08 23:08:09+0800: Initializing board with boardXSize 19 boardYSize 19
2024-05-08 23:08:09+0800: Loaded config F:/unity_project/yiwu/Assets/StreamingAssets\katago-v1.13.0-opencl-windows-x64\gtp_custom.cfg
2024-05-08 23:08:09+0800: Loaded model F:/unity_project/yiwu/Assets/StreamingAssets\katago-v1.13.0-opencl-windows-x64\model.bin
2024-05-08 23:08:09+0800: Model name: kata1-b18c384nbt-s7192213760-d3579182099
2024-05-08 23:08:09+0800: GTP ready, beginning main protocol loop
2024-05-08 23:08:09+0800: Controller: clear_board
2024-05-08 23:08:09+0800: = 
2024-05-08 23:08:09+0800: Controller: play b K9
2024-05-08 23:08:09+0800: = 
2024-05-08 23:08:09+0800: Controller: komi 7.5
2024-05-08 23:08:09+0800: = 
2024-05-08 23:08:09+0800: Controller: boardsize 19
2024-05-08 23:08:09+0800: = 
2024-05-08 23:08:09+0800: Controller: genmove w
2024-05-08 23:08:14+0800: MoveNum: 1 HASH: C5B3A86777AAE45F1CA80B82D8B9A186
   A B C D E F G H J K L M N O P Q R S T
19 . . . . . . . . . . . . . . . . . . .
18 . . . . . . . . . . . . . . . . . . .
17 . . . . . . . . . . . . . . . . . . .
16 . . . . . . . . . . . . . . . . . . .
15 . . . . . . . . . . . . . . . . . . .
14 . . . . . . . . . . . . . . . . . . .
13 . . . . . . . . . . . . . . . . . . .
12 . . . . . . . . . . . . . . . . . . .
11 . . . . . . . . . . . . . . . . . . .
10 . . . . . . . . . . . . . . . . . . .
 9 . . . . . . . . . X1. . . . . . . . .
 8 . . . . . . . . . . . . . . . . . . .
 7 . . . . . . . . . . . . . . . . . . .
 6 . . . . . . . . . . . . . . . . . . .
 5 . . . . . . . . . . . . . . . . . . .
 4 . . . @ . . . . . . . . . . . . . . .
 3 . . . . . . . . . . . . . . . . . . .
 2 . . . . . . . . . . . . . . . . . . .
 1 . . . . . . . . . . . . . . . . . . .

koSIMPLEscoreAREAtaxNONEsui0whbNfpok1komi7.5
Time taken: 5
Root visits: 1435
New playouts: 1435
NN rows: 1250
NN batches: 314
NN avg batch size: 3.98089
PV: D3 Q16 Q4 C16 C6 R3 Q3 R4
Tree:
: T  35.14c W  34.65c S   0.71c ( +2.4 L  +1.6) N    1435  --  D3 Q16 Q4 C16 C6 R3 Q3
---White(^)---
D3  : T  35.47c W  34.77c S   0.71c ( +2.4 L  +1.6) LCB   34.77c P  3.83% WF 689.4 PSV    1742 N     288  --  D3 Q16 Q4 C16 C6 R3 Q3 R4
D4  : T  35.28c W  34.71c S   0.72c ( +2.4 L  +1.6) LCB   34.62c P 20.67% WF 1276.5 PSV    1275 N     531  --  D4 Q16 Q4 D16 C17 C16 D17 F17
D16 : T  34.40c W  34.32c S   0.74c ( +2.5 L  +1.6) LCB   33.10c P 11.70% WF 350.6 PSV     224 N     144  --  D16 Q4 D3 Q16 C6 C17 D17 C16
C4  : T  35.31c W  34.85c S   0.70c ( +2.4 L  +1.6) LCB   34.57c P  3.24% WF 780.6 PSV     219 N     338  --  C4 Q4 Q16 D16 F3 D4 D3 C5
D17 : T  34.70c W  34.44c S   0.71c ( +2.4 L  +1.7) LCB   33.13c P  2.82% WF 158.5 PSV      70 N      65  --  D17 Q4 D4 Q16 C14 F3 C6 O3
C16 : T  34.51c W  34.19c S   0.69c ( +2.4 L  +1.6) LCB   32.79c P  2.96% WF 107.1 PSV      61 N      43  --  C16 Q4 Q16 D4 F17 R17 R16 Q17
E4  : T  33.30c W  33.15c S   0.50c ( +2.2 L  +1.4) LCB   -9.75c P  0.62% WF   8.5 PSV       6 N       4  --  E4 Q16
E16 : T  32.78c W  32.93c S   0.59c ( +2.3 L  +1.5) LCB  -41.64c P  0.70% WF   6.3 PSV       5 N       3  --  E16 Q4 C16
D15 : T  32.42c W  32.79c S   0.60c ( +2.3 L  +1.5) LCB  -42.00c P  0.60% WF   6.4 PSV       4 N       3  --  D15 Q4 D17
D5  : T  30.82c W  31.74c S   0.45c ( +2.2 L  +1.5) LCB  -43.59c P  0.61% WF   5.8 PSV       3 N       3  --  D5 C3 E3

2024-05-08 23:08:14+0800: = D4
2024-05-08 23:08:30+0800: Controller: play b Q12
2024-05-08 23:08:30+0800: = 
2024-05-08 23:08:30+0800: Controller: genmove w
2024-05-08 23:08:35+0800: MoveNum: 3 HASH: C01CB5D391CFF5666ACAC3C28C312A3F
   A B C D E F G H J K L M N O P Q R S T
19 . . . . . . . . . . . . . . . . . . .
18 . . . . . . . . . . . . . . . . . . .
17 . . . . . . . . . . . . . . . . . . .
16 . . . . . . . . . . . . . . . @ . . .
15 . . . . . . . . . . . . . . . . . . .
14 . . . . . . . . . . . . . . . . . . .
13 . . . . . . . . . . . . . . . . . . .
12 . . . . . . . . . . . . . . . X3. . .
11 . . . . . . . . . . . . . . . . . . .
10 . . . . . . . . . . . . . . . . . . .
 9 . . . . . . . . . X1. . . . . . . . .
 8 . . . . . . . . . . . . . . . . . . .
 7 . . . . . . . . . . . . . . . . . . .
 6 . . . . . . . . . . . . . . . . . . .
 5 . . . . . . . . . . . . . . . . . . .
 4 . . . O2. . . . . . . . . . . . . . .
 3 . . . . . . . . . . . . . . . . . . .
 2 . . . . . . . . . . . . . . . . . . .
 1 . . . . . . . . . . . . . . . . . . .

koSIMPLEscoreAREAtaxNONEsui0whbNfpok1komi7.5
Time taken: 5
Root visits: 1333
New playouts: 1333
NN rows: 1250
NN batches: 314
NN avg batch size: 3.98089
PV: Q16 Q4 C16 R17 Q17 R16 Q15 R15 F17 F3 Q13 R13 Q14 R14 P12
Tree:
: T  54.07c W  52.86c S   1.51c ( +4.2 L  +2.8) N    1333  --  Q16 Q4 C16 R17 Q17 R16 Q15
---White(^)---
Q16 : T  54.16c W  52.98c S   1.53c ( +4.2 L  +2.8) LCB   53.07c P 45.71% WF 1386.6 PSV    1385 N     672  --  Q16 Q4 C16 R17 Q17 R16 Q15 R15
Q17 : T  53.95c W  52.88c S   1.48c ( +4.2 L  +2.8) LCB   52.54c P 27.07% WF 525.1 PSV     526 N     247  --  Q17 Q4 D16 Q15 R16 F3 R3 R4
Q4  : T  54.51c W  52.88c S   1.48c ( +4.2 L  +2.7) LCB   52.79c P  8.50% WF 278.2 PSV     278 N     122  --  Q4 R16 D17 O17 C14 R6 O3 C3
R16 : T  53.80c W  52.76c S   1.49c ( +4.2 L  +2.8) LCB   51.71c P  6.32% WF 276.0 PSV     134 N     125  --  R16 Q4 D16 P16 Q17 C3 D3 C4
R4  : T  54.04c W  52.62c S   1.49c ( +4.2 L  +2.7) LCB   52.20c P  2.76% WF 217.3 PSV      72 N      95  --  R4 Q17 D16 F17 Q16 R16 P17 P16
D16 : T  53.84c W  52.66c S   1.49c ( +4.2 L  +2.7) LCB   51.73c P  2.01% WF  97.0 PSV      44 N      43  --  D16 Q17 R4 F17 Q16 R16 P17 P16
D17 : T  53.75c W  52.43c S   1.43c ( +4.1 L  +2.7) LCB   51.01c P  1.02% WF  43.0 PSV      20 N      19  --  D17 Q17 Q4 C15 Q15 E16 E17 F16
R17 : T  51.17c W  51.39c S   1.42c ( +4.1 L  +2.7) LCB  -22.92c P  0.91% WF   6.8 PSV       6 N       3  --  R17 R4 D16
C16 : T  50.62c W  50.30c S   1.31c ( +4.0 L  +2.7) LCB  -98.68c P  0.85% WF   4.5 PSV       4 N       2  --  C16 Q17
Q3  : T  47.74c W  48.10c S   1.12c ( +3.8 L  +2.6) LCB -102.17c P  0.86% WF   4.4 PSV       3 N       2  --  Q3 Q17

2024-05-08 23:08:35+0800: = Q16
2024-05-08 23:08:47+0800: Controller: play b O6
2024-05-08 23:08:47+0800: = 
2024-05-08 23:08:47+0800: Controller: genmove w
2024-05-08 23:08:52+0800: MoveNum: 5 HASH: 18E8611651F5CC4C3A8AACDE0FD60B2D
   A B C D E F G H J K L M N O P Q R S T
19 . . . . . . . . . . . . . . . . . . .
18 . . . . . . . . . . . . . . . . . . .
17 . . . . . . . . . . . . . . . . . . .
16 . . . . . . . . . . . . . . . O2. . .
15 . . . . . . . . . . . . . . . . . . .
14 . . . . . . . . . . . . . . . . . . .
13 . . . . . . . . . . . . . . . . . . .
12 . . . . . . . . . . . . . . . X1. . .
11 . . . . . . . . . . . . . . . . . . .
10 . . . . . . . . . . . . . . . . . . .
 9 . . . . . . . . . X . . . . . . . . .
 8 . . . . . . . . . . . . . . . . . . .
 7 . . . . . . . . . . . . . . . . . . .
 6 . . . . . . . . . . . . . X3. . . . .
 5 . . . . . . . . . . . . . . . . . . .
 4 . . . O . . . . . . . . . . . @ . . .
 3 . . . . . . . . . . . . . . . . . . .
 2 . . . . . . . . . . . . . . . . . . .
 1 . . . . . . . . . . . . . . . . . . .

koSIMPLEscoreAREAtaxNONEsui0whbNfpok1komi7.5
Time taken: 5
Root visits: 1320
New playouts: 1320
NN rows: 1242
NN batches: 312
NN avg batch size: 3.98077
PV: Q4 D16 R6 F3 C17 C16 D17 F17 E17 E16 F18 D6 N3 F5 E2
Tree:
: T  79.85c W  77.01c S   3.01c ( +7.4 L  +5.1) N    1320  --  Q4 D16 R6 F3 C17 C16 D17
---White(^)---
Q4  : T  80.67c W  77.66c S   3.10c ( +7.5 L  +5.1) LCB   80.17c P 31.64% WF 1945.2 PSV    1929 N     936  --  Q4 D16 R6 F3 C17 C16 D17 F17
Q3  : T  78.27c W  75.82c S   2.87c ( +7.2 L  +5.0) LCB   76.54c P 33.12% WF 386.9 PSV     277 N     203  --  Q3 Q5 D16 O3 R4 R5 S5 S6
R4  : T  78.20c W  75.62c S   2.79c ( +7.1 L  +4.9) LCB   76.03c P 27.66% WF 300.9 PSV     226 N     153  --  R4 D16 C17 D17 C16 C14 C15 D15
D16 : T  71.35c W  69.59c S   1.97c ( +6.3 L  +4.3) LCB   50.96c P  0.99% WF  11.8 PSV       2 N       6  --  D16 R4 P4 Q6 R3
R3  : T  72.98c W  71.34c S   2.19c ( +6.5 L  +4.6) LCB   63.85c P  0.64% WF  17.9 PSV       1 N       9  --  R3 D16 C17 D17 C16 C14
Q5  : T  67.41c W  68.20c S   1.66c ( +6.0 L  +4.2) LCB  -82.30c P  0.62% WF   3.6 PSV       1 N       2  --  Q5 R3
R5  : T  67.91c W  68.60c S   1.73c ( +6.1 L  +4.2) LCB   46.35c P  0.45% WF  10.9 PSV       0 N       6  --  R5 R3 D16 P4
C16 : T  67.80c W  67.96c S   1.76c ( +6.1 L  +4.2) LCB   23.71c P  0.40% WF   7.8 PSV       0 N       4  --  C16 R4 P4 Q6

2024-05-08 23:08:52+0800: = Q4
2024-05-08 23:08:56+0800: Controller: play b D15
2024-05-08 23:08:56+0800: = 
2024-05-08 23:08:56+0800: Controller: genmove w
2024-05-08 23:09:01+0800: MoveNum: 7 HASH: E3C6D0C3B7C33E0C8909004F2C320D53
   A B C D E F G H J K L M N O P Q R S T
19 . . . . . . . . . . . . . . . . . . .
18 . . . . . . . . . . . . . . . . . . .
17 . . @ . . . . . . . . . . . . . . . .
16 . . . . . . . . . . . . . . . O . . .
15 . . . X3. . . . . . . . . . . . . . .
14 . . . . . . . . . . . . . . . . . . .
13 . . . . . . . . . . . . . . . . . . .
12 . . . . . . . . . . . . . . . X . . .
11 . . . . . . . . . . . . . . . . . . .
10 . . . . . . . . . . . . . . . . . . .
 9 . . . . . . . . . X . . . . . . . . .
 8 . . . . . . . . . . . . . . . . . . .
 7 . . . . . . . . . . . . . . . . . . .
 6 . . . . . . . . . . . . . X1. . . . .
 5 . . . . . . . . . . . . . . . . . . .
 4 . . . O . . . . . . . . . . . O2. . .
 3 . . . . . . . . . . . . . . . . . . .
 2 . . . . . . . . . . . . . . . . . . .
 1 . . . . . . . . . . . . . . . . . . .

koSIMPLEscoreAREAtaxNONEsui0whbNfpok1komi7.5
Time taken: 5.015
Root visits: 1392
New playouts: 1392
NN rows: 1258
NN batches: 316
NN avg batch size: 3.98101
PV: C17 E17 D16 E16 C15 Q17 R17 P17 P16 R18 R16 N17 O16 M18 D13 E15 C14 S18 N16 M16
Tree:
: T  88.16c W  84.57c S   3.51c ( +8.9 L  +6.2) N    1392  --  C17 E17 D16 E16 C15 Q17 R17
---White(^)---
C17 : T  89.02c W  85.15c S   3.62c ( +9.0 L  +6.3) LCB   88.44c P 43.09% WF 1851.4 PSV    2565 N     933  --  C17 E17 D16 E16 C15 Q17 R17 P17
D17 : T  87.41c W  84.14c S   3.44c ( +8.8 L  +6.1) LCB   86.58c P 46.30% WF 807.5 PSV     510 N     404  --  D17 R6 O3 C17 C18 C16 E18 C6
D16 : T  83.62c W  80.67c S   2.75c ( +8.1 L  +5.7) LCB   80.53c P  3.45% WF  42.0 PSV      13 N      24  --  D16 E16 E17 C17 C16
R6  : T  75.92c W  75.99c S   1.93c ( +7.3 L  +5.0) LCB   66.82c P  1.14% WF  17.4 PSV       2 N       9  --  R6 D17 C6 O17
O3  : T  73.98c W  74.35c S   1.67c ( +7.1 L  +4.9) LCB   53.60c P  0.31% WF  11.5 PSV       0 N       6  --  O3 D17 R14 C6
R14 : T  74.84c W  74.64c S   1.66c ( +7.1 L  +4.9) LCB   54.80c P  0.25% WF  11.8 PSV       0 N       6  --  R14 D17 Q6 C3
Q6  : T  73.93c W  74.55c S   1.75c ( +7.1 L  +4.9) LCB   44.27c P  0.59% WF   9.7 PSV       0 N       5  --  Q6 D17 D14 C14
O4  : T  74.07c W  74.23c S   1.71c ( +7.1 L  +5.0) LCB   29.92c P  0.24% WF   7.8 PSV       0 N       4  --  O4 D17 R14

2024-05-08 23:09:01+0800: = C17
2024-05-08 23:09:04+0800: Controller: play b D16
2024-05-08 23:09:04+0800: = 
2024-05-08 23:09:04+0800: Controller: genmove w
2024-05-08 23:09:09+0800: MoveNum: 9 HASH: 528BB685C76734EE7E30F694B6036544
   A B C D E F G H J K L M N O P Q R S T
19 . . . . . . . . . . . . . . . . . . .
18 . . . . @ . . . . . . . . . . . . . .
17 . . O2. . . . . . . . . . . . . . . .
16 . . . X3. . . . . . . . . . . O . . .
15 . . . X1. . . . . . . . . . . . . . .
14 . . . . . . . . . . . . . . . . . . .
13 . . . . . . . . . . . . . . . . . . .
12 . . . . . . . . . . . . . . . X . . .
11 . . . . . . . . . . . . . . . . . . .
10 . . . . . . . . . . . . . . . . . . .
 9 . . . . . . . . . X . . . . . . . . .
 8 . . . . . . . . . . . . . . . . . . .
 7 . . . . . . . . . . . . . . . . . . .
 6 . . . . . . . . . . . . . X . . . . .
 5 . . . . . . . . . . . . . . . . . . .
 4 . . . O . . . . . . . . . . . O . . .
 3 . . . . . . . . . . . . . . . . . . .
 2 . . . . . . . . . . . . . . . . . . .
 1 . . . . . . . . . . . . . . . . . . .

koSIMPLEscoreAREAtaxNONEsui0whbNfpok1komi7.5
Time taken: 5
Root visits: 1368
New playouts: 1368
NN rows: 1242
NN batches: 312
NN avg batch size: 3.98077
PV: E18 F17 B15 B14 B16 D18 D17 E17 F18 G18 C18
Tree:
: T  98.95c W  93.98c S   5.10c (+12.3 L  +9.2) N    1368  --  E18 F17 B15 B14 B16 D18 D17
---White(^)---
E18 : T  99.23c W  94.13c S   5.14c (+12.4 L  +9.3) LCB   98.66c P 34.46% WF 1492.7 PSV    1822 N     649  --  E18 F17 B15 B14 B16 D18 D17 E17
D17 : T  99.13c W  94.17c S   5.20c (+12.4 L  +9.3) LCB   98.60c P 51.27% WF 1528.8 PSV    1528 N     651  --  D17 F17 B15 B14 C14 B16 B13 C16
F18 : T  94.36c W  90.70c S   3.54c (+10.7 L  +7.7) LCB   90.96c P 10.81% WF  54.5 PSV      46 N      27  --  F18 D17 D18 E18 E17 C18 E19 B17
D18 : T  92.85c W  89.55c S   3.08c (+10.2 L  +7.4) LCB   87.61c P  0.23% WF  21.5 PSV       0 N      14  --  D18 E18 E17 D17 F18 C18 E19 B17
B15 : T  94.17c W  90.14c S   3.40c (+10.6 L  +7.6) LCB   88.99c P  0.23% WF  22.8 PSV       0 N      13  --  B15 D17 C18 B14 C14 B16 B13 C16
C14 : T  90.78c W  88.36c S   2.83c (+10.0 L  +7.1) LCB   75.91c P  0.11% WF  10.3 PSV       0 N       7  --  C14 B16 E18 F17
B16 : T  89.46c W  87.16c S   2.46c ( +9.6 L  +6.8) LCB   46.39c P  0.22% WF   7.4 PSV       0 N       4  --  B16 D17 C14 B15
E17 : T  84.61c W  83.19c S   1.43c ( +8.6 L  +6.0) LCB -265.39c P  0.13% WF   1.7 PSV       0 N       1  --  E17
O17 : T  87.85c W  85.80c S   2.04c ( +9.2 L  +6.7) LCB -262.15c P  0.07% WF   2.0 PSV       0 N       1  --  O17

2024-05-08 23:09:09+0800: = E18
2024-05-08 23:09:16+0800: Controller: play b D17
2024-05-08 23:09:16+0800: = 
2024-05-08 23:09:16+0800: Controller: genmove w
2024-05-08 23:09:21+0800: MoveNum: 11 HASH: 2253114EF3EB0240615546BE60FC6BE0
   A B C D E F G H J K L M N O P Q R S T
19 . . . . . . . . . . . . . . . . . . .
18 . . . @ O2. . . . . . . . . . . . . .
17 . . O X3. . . . . . . . . . . . . . .
16 . . . X1. . . . . . . . . . . O . . .
15 . . . X . . . . . . . . . . . . . . .
14 . . . . . . . . . . . . . . . . . . .
13 . . . . . . . . . . . . . . . . . . .
12 . . . . . . . . . . . . . . . X . . .
11 . . . . . . . . . . . . . . . . . . .
10 . . . . . . . . . . . . . . . . . . .
 9 . . . . . . . . . X . . . . . . . . .
 8 . . . . . . . . . . . . . . . . . . .
 7 . . . . . . . . . . . . . . . . . . .
 6 . . . . . . . . . . . . . X . . . . .
 5 . . . . . . . . . . . . . . . . . . .
 4 . . . O . . . . . . . . . . . O . . .
 3 . . . . . . . . . . . . . . . . . . .
 2 . . . . . . . . . . . . . . . . . . .
 1 . . . . . . . . . . . . . . . . . . .

koSIMPLEscoreAREAtaxNONEsui0whbNfpok1komi7.5
Time taken: 5.015
Root visits: 1419
New playouts: 1419
NN rows: 1249
NN batches: 313
NN avg batch size: 3.99042
PV: D18 C6 F3 R6 O3 R17 Q17 R16 Q15
Tree:
: T 101.78c W  96.06c S   5.58c (+13.7 L +10.6) N    1419  --  D18 C6 F3 R6 O3 R17 Q17
---White(^)---
D18 : T 101.97c W  96.21c S   5.61c (+13.8 L +10.7) LCB  101.76c P 99.47% WF 3689.2 PSV    3687 N    1387  --  D18 C6 F3 R6 O3 R17 Q17 R16
J17 : T  59.47c W  62.42c S  -2.96c ( +5.3 L  +3.5) LCB -290.53c P  0.01% WF   0.7 PSV       0 N       1  --  J17
C14 : T  65.35c W  67.37c S  -2.02c ( +6.2 L  +4.2) LCB -284.65c P  0.01% WF   0.8 PSV       0 N       1  --  C14
B15 : T  70.45c W  72.12c S  -1.67c ( +6.5 L  +4.5) LCB -279.55c P  0.01% WF   0.8 PSV       0 N       1  --  B15
K17 : T  62.96c W  65.52c S  -2.57c ( +5.6 L  +3.7) LCB -287.04c P  0.01% WF   0.7 PSV       0 N       1  --  K17
K16 : T  59.85c W  62.76c S  -2.92c ( +5.3 L  +3.6) LCB -290.15c P  0.01% WF   0.7 PSV       0 N       1  --  K16
J16 : T  58.34c W  61.38c S  -3.04c ( +5.2 L  +3.5) LCB -291.66c P  0.01% WF   0.6 PSV       0 N       1  --  J16
L17 : T  60.41c W  63.30c S  -2.89c ( +5.3 L  +3.5) LCB -289.59c P  0.01% WF   0.6 PSV       0 N       1  --  L17
H17 : T  57.79c W  61.09c S  -3.30c ( +4.9 L  +3.3) LCB -292.21c P  0.01% WF   0.6 PSV       0 N       1  --  H17
L16 : T  57.88c W  61.11c S  -3.24c ( +5.0 L  +3.3) LCB -292.12c P  0.01% WF   0.6 PSV       0 N       1  --  L16

2024-05-08 23:09:21+0800: = D18
2024-05-08 23:13:37+0800: GPU 0 finishing, processed 7491 rows 1881 batches
2024-05-08 23:13:37+0800: All cleaned up, quitting
