2024-03-18 11:45:53+0800: Running with following config:
allowResignation = true
friendlyPassOk = true
hasButton = false
koRule = SIMPLE
lagBuffer = 1.0
logAllGTPCommunication = true
logDir = gtp_logs
logSearchInfo = true
logToStderr = false
multiStoneSuicideLegal = false
nnCacheSizePowerOfTwo = 20
nnMutexPoolSizePowerOfTwo = 16
numNNServerThreadsPerModel = 1
numSearchThreads = 8
openclDeviceToUseThread0 = 0
ponderingEnabled = false
resignConsecTurns = 3
resignThreshold = -0.90
scoringRule = AREA
searchFactorAfterOnePass = 0.50
searchFactorAfterTwoPass = 0.25
searchFactorWhenWinning = 0.40
searchFactorWhenWinningThreshold = 0.95
taxRule = NONE
whiteHandicapBonus = N

2024-03-18 11:45:53+0800: GTP Engine starting...
2024-03-18 11:45:53+0800: KataGo v1.13.0
2024-03-18 11:45:53+0800: Using Chinese rules initially, unless GTP/GUI overrides this
2024-03-18 11:45:53+0800: Using 8 CPU thread(s) for search
2024-03-18 11:45:53+0800: nnRandSeed0 = 11980980569754974464
2024-03-18 11:45:53+0800: After dedups: nnModelFile0 = F:\homework\毕业设计\katago-v1.13.0-opencl-windows-x64\model.bin useFP16 auto useNHWC auto
2024-03-18 11:45:53+0800: Initializing neural net buffer to be size 19 * 19 exactly
2024-03-18 11:45:54+0800: Found OpenCL Platform 0: NVIDIA CUDA (NVIDIA Corporation) (OpenCL 3.0 CUDA 12.3.99)
2024-03-18 11:45:54+0800: Found 1 device(s) on platform 0 with type CPU or GPU or Accelerator
2024-03-18 11:45:54+0800: Found OpenCL Device 0: NVIDIA GeForce RTX 2060 (NVIDIA Corporation) (score 11000300)
2024-03-18 11:45:54+0800: Creating context for OpenCL Platform: NVIDIA CUDA (NVIDIA Corporation) (OpenCL 3.0 CUDA 12.3.99)
2024-03-18 11:45:54+0800: Using OpenCL Device 0: NVIDIA GeForce RTX 2060 (NVIDIA Corporation) OpenCL 3.0 CUDA (Extensions: cl_khr_global_int32_base_atomics cl_khr_global_int32_extended_atomics cl_khr_local_int32_base_atomics cl_khr_local_int32_extended_atomics cl_khr_fp64 cl_khr_3d_image_writes cl_khr_byte_addressable_store cl_khr_icd cl_khr_gl_sharing cl_nv_compiler_options cl_nv_device_attribute_query cl_nv_pragma_unroll cl_nv_d3d10_sharing cl_khr_d3d10_sharing cl_nv_d3d11_sharing cl_nv_copy_opts cl_nv_create_buffer cl_khr_int64_base_atomics cl_khr_int64_extended_atomics cl_khr_device_uuid cl_khr_pci_bus_info cl_khr_external_semaphore cl_khr_external_memory cl_khr_external_semaphore_win32 cl_khr_external_memory_win32)
2024-03-18 11:45:54+0800: Loaded tuning parameters from: F:\homework\毕业设计\katago-v1.13.0-opencl-windows-x64/KataGoData/opencltuning/tune11_gpuNVIDIAGeForceRTX2060_x19_y19_c384_mv14.txt
2024-03-18 11:45:54+0800: OpenCL backend thread 0: Device 0 Model version 14
2024-03-18 11:45:54+0800: OpenCL backend thread 0: Device 0 Model name: kata1-b18c384nbt-s7192213760-d3579182099
2024-03-18 11:45:56+0800: OpenCL backend thread 0: Device 0 FP16Storage true FP16Compute false FP16TensorCores true FP16TensorCoresFor1x1 false
2024-03-18 11:45:56+0800: Loaded neural net with nnXLen 19 nnYLen 19
2024-03-18 11:45:56+0800: Initializing board with boardXSize 19 boardYSize 19
2024-03-18 11:45:56+0800: Loaded config F:\homework\毕业设计\katago-v1.13.0-opencl-windows-x64\gtp_custom.cfg
2024-03-18 11:45:56+0800: Loaded model F:\homework\毕业设计\katago-v1.13.0-opencl-windows-x64\model.bin
2024-03-18 11:45:56+0800: Model name: kata1-b18c384nbt-s7192213760-d3579182099
2024-03-18 11:45:56+0800: GTP ready, beginning main protocol loop
2024-03-18 11:46:00+0800: Controller: loadsgf C:/Users/KILLLAKILL/AppData/LocalLow/DefaultCompany/yiwu/RecentGames\sgf_1701255612.sgf 1
2024-03-18 11:46:00+0800: Changing komi to 5.5
2024-03-18 11:46:00+0800: GPU 0 finishing, processed 0 rows 0 batches
2024-03-18 11:46:00+0800: Cleaned up old neural net and bot
2024-03-18 11:46:00+0800: nnRandSeed0 = 15739029721918566469
2024-03-18 11:46:00+0800: After dedups: nnModelFile0 = F:\homework\毕业设计\katago-v1.13.0-opencl-windows-x64\model.bin useFP16 auto useNHWC auto
2024-03-18 11:46:00+0800: Initializing neural net buffer to be size 9 * 9 exactly
2024-03-18 11:46:01+0800: Found OpenCL Platform 0: NVIDIA CUDA (NVIDIA Corporation) (OpenCL 3.0 CUDA 12.3.99)
2024-03-18 11:46:01+0800: Found 1 device(s) on platform 0 with type CPU or GPU or Accelerator
2024-03-18 11:46:01+0800: Found OpenCL Device 0: NVIDIA GeForce RTX 2060 (NVIDIA Corporation) (score 11000300)
2024-03-18 11:46:01+0800: Creating context for OpenCL Platform: NVIDIA CUDA (NVIDIA Corporation) (OpenCL 3.0 CUDA 12.3.99)
2024-03-18 11:46:01+0800: Using OpenCL Device 0: NVIDIA GeForce RTX 2060 (NVIDIA Corporation) OpenCL 3.0 CUDA (Extensions: cl_khr_global_int32_base_atomics cl_khr_global_int32_extended_atomics cl_khr_local_int32_base_atomics cl_khr_local_int32_extended_atomics cl_khr_fp64 cl_khr_3d_image_writes cl_khr_byte_addressable_store cl_khr_icd cl_khr_gl_sharing cl_nv_compiler_options cl_nv_device_attribute_query cl_nv_pragma_unroll cl_nv_d3d10_sharing cl_khr_d3d10_sharing cl_nv_d3d11_sharing cl_nv_copy_opts cl_nv_create_buffer cl_khr_int64_base_atomics cl_khr_int64_extended_atomics cl_khr_device_uuid cl_khr_pci_bus_info cl_khr_external_semaphore cl_khr_external_memory cl_khr_external_semaphore_win32 cl_khr_external_memory_win32)
2024-03-18 11:46:01+0800: Loaded tuning parameters from: F:\homework\毕业设计\katago-v1.13.0-opencl-windows-x64/KataGoData/opencltuning/tune11_gpuNVIDIAGeForceRTX2060_x19_y19_c384_mv14.txt
2024-03-18 11:46:01+0800: OpenCL backend thread 0: Device 0 Model version 14
2024-03-18 11:46:01+0800: OpenCL backend thread 0: Device 0 Model name: kata1-b18c384nbt-s7192213760-d3579182099
2024-03-18 11:46:03+0800: OpenCL backend thread 0: Device 0 FP16Storage true FP16Compute false FP16TensorCores true FP16TensorCoresFor1x1 false
2024-03-18 11:46:03+0800: Loaded neural net with nnXLen 9 nnYLen 9
2024-03-18 11:46:03+0800: Initializing board with boardXSize 9 boardYSize 9
2024-03-18 11:46:03+0800: = 
2024-03-18 11:46:05+0800: Controller: loadsgf C:/Users/KILLLAKILL/AppData/LocalLow/DefaultCompany/yiwu/RecentGames\sgf_1701255612.sgf 6
2024-03-18 11:46:05+0800: = 
2024-03-18 11:46:05+0800: Controller: lz-genmove_analyze maxmoves 6
2024-03-18 11:46:10+0800: MoveNum: 5 HASH: FFE96295C396DA517064CFFB0FD39D37
   A B C D E F G H J
 9 . . . . . . . . .
 8 . . . . . . . . .
 7 . . X . . . . . .
 6 . . . . . . . . .
 5 . . . . O O2. . .
 4 . . . . . . . . .
 3 . . X1. @ . X3. .
 2 . . . . . . . . .
 1 . . . . . . . . .

koSIMPLEscoreAREAtaxNONEsui0whbNfpok1komi5.5
Time taken: 5
Root visits: 3927
New playouts: 3927
NN rows: 2504
NN batches: 627
NN avg batch size: 3.99362
PV: E3 D4 F3 H5 H4 G4 G5 H3 H6 J4 D7 D6 C8 C6 E7 E6 F7 H7 G7 J6 B8 B7 C2 B2 D2
Tree:
: T -41.85c W -39.28c S  -2.17c ( -1.9 L  -1.6) N    3927  --  E3 D4 F3 H5 H4 G4 G5
---White(^)---
E3  : T -39.57c W -37.15c S  -2.11c ( -1.9 L  -1.6) LCB  -43.80c P 33.02% WF 2201.8 PSV    2155 N    3524  --  E3 D4 F3 H5 H4 G4 G5 H3
E7  : T -49.98c W -50.26c S  -1.58c ( -1.4 L  -0.9) LCB  -62.68c P 15.68% WF 132.3 PSV     139 N     203  --  E7 C5 D4 H5 C4 B4 H6 G6
C5  : T -67.21c W -58.18c S  -3.69c ( -2.6 L  -2.0) LCB  -81.48c P 30.56% WF  88.8 PSV     111 N     143  --  C5 D4 C6 E7 F3 F2 E3 E2
F3  : T -78.97c W -69.56c S  -3.63c ( -2.4 L  -1.8) LCB  -97.80c P  8.27% WF  16.7 PSV      21 N      22  --  F3 F2 E7 C5 E2 E3
F2  : T -60.29c W -57.16c S  -2.41c ( -1.9 L  -1.1) LCB  -86.45c P  1.81% WF   7.5 PSV       8 N       9  --  F2 C5 D4
D3  : T -80.11c W -75.61c S  -4.84c ( -3.1 L  -2.3) LCB -115.13c P  2.63% WF   6.0 PSV       6 N       7  --  D3 D4 E3 C4
G4  : T -76.24c W -73.36c S  -3.59c ( -2.4 L  -2.0) LCB -107.96c P  2.28% WF   5.5 PSV       6 N       6  --  G4 F3 E3
D7  : T -79.73c W -74.03c S  -3.53c ( -2.4 L  -1.4) LCB -129.40c P  1.34% WF   3.9 PSV       3 N       4  --  D7 C6 G4
C6  : T -86.70c W -78.83c S  -4.28c ( -2.8 L  -1.8) LCB -166.86c P  1.61% WF   3.1 PSV       3 N       3  --  C6 D6 D5
C4  : T -81.86c W -77.99c S  -3.87c ( -2.5 L  -1.3) LCB -431.86c P  0.85% WF   1.2 PSV       2 N       1  --  C4

2024-03-18 11:46:10+0800: = play E3
