2024-04-17 21:33:14+0800: Running with following config:
allowResignation = true
friendlyPassOk = true
hasButton = false
koRule = SIMPLE
lagBuffer = 1.0
logAllGTPCommunication = true
logDir = gtp_logs
logSearchInfo = true
logToStderr = false
multiStoneSuicideLegal = false
nnCacheSizePowerOfTwo = 20
nnMutexPoolSizePowerOfTwo = 16
numNNServerThreadsPerModel = 1
numSearchThreads = 8
openclDeviceToUseThread0 = 0
ponderingEnabled = false
resignConsecTurns = 3
resignThreshold = -0.90
scoringRule = AREA
searchFactorAfterOnePass = 0.50
searchFactorAfterTwoPass = 0.25
searchFactorWhenWinning = 0.40
searchFactorWhenWinningThreshold = 0.95
taxRule = NONE
whiteHandicapBonus = N

2024-04-17 21:33:14+0800: GTP Engine starting...
2024-04-17 21:33:14+0800: KataGo v1.13.0
2024-04-17 21:33:14+0800: Using Chinese rules initially, unless GTP/GUI overrides this
2024-04-17 21:33:14+0800: Using 8 CPU thread(s) for search
2024-04-17 21:33:14+0800: nnRandSeed0 = 10544455447711587196
2024-04-17 21:33:14+0800: After dedups: nnModelFile0 = F:/unity_project/yiwu/Assets/StreamingAssets\katago-v1.13.0-opencl-windows-x64\model.bin useFP16 auto useNHWC auto
2024-04-17 21:33:14+0800: Initializing neural net buffer to be size 19 * 19 exactly
2024-04-17 21:33:14+0800: Found OpenCL Platform 0: NVIDIA CUDA (NVIDIA Corporation) (OpenCL 3.0 CUDA 12.3.99)
2024-04-17 21:33:14+0800: Found 1 device(s) on platform 0 with type CPU or GPU or Accelerator
2024-04-17 21:33:14+0800: Found OpenCL Device 0: NVIDIA GeForce RTX 2060 (NVIDIA Corporation) (score 11000300)
2024-04-17 21:33:14+0800: Creating context for OpenCL Platform: NVIDIA CUDA (NVIDIA Corporation) (OpenCL 3.0 CUDA 12.3.99)
2024-04-17 21:33:15+0800: Using OpenCL Device 0: NVIDIA GeForce RTX 2060 (NVIDIA Corporation) OpenCL 3.0 CUDA (Extensions: cl_khr_global_int32_base_atomics cl_khr_global_int32_extended_atomics cl_khr_local_int32_base_atomics cl_khr_local_int32_extended_atomics cl_khr_fp64 cl_khr_3d_image_writes cl_khr_byte_addressable_store cl_khr_icd cl_khr_gl_sharing cl_nv_compiler_options cl_nv_device_attribute_query cl_nv_pragma_unroll cl_nv_d3d10_sharing cl_khr_d3d10_sharing cl_nv_d3d11_sharing cl_nv_copy_opts cl_nv_create_buffer cl_khr_int64_base_atomics cl_khr_int64_extended_atomics cl_khr_device_uuid cl_khr_pci_bus_info cl_khr_external_semaphore cl_khr_external_memory cl_khr_external_semaphore_win32 cl_khr_external_memory_win32)
2024-04-17 21:33:15+0800: Loaded tuning parameters from: F:\unity_project\yiwu\Assets\StreamingAssets\katago-v1.13.0-opencl-windows-x64/KataGoData/opencltuning/tune11_gpuNVIDIAGeForceRTX2060_x19_y19_c384_mv14.txt
2024-04-17 21:33:15+0800: OpenCL backend thread 0: Device 0 Model version 14
2024-04-17 21:33:15+0800: OpenCL backend thread 0: Device 0 Model name: kata1-b18c384nbt-s7192213760-d3579182099
2024-04-17 21:33:17+0800: OpenCL backend thread 0: Device 0 FP16Storage true FP16Compute false FP16TensorCores true FP16TensorCoresFor1x1 false
2024-04-17 21:33:17+0800: Loaded neural net with nnXLen 19 nnYLen 19
2024-04-17 21:33:17+0800: Initializing board with boardXSize 19 boardYSize 19
2024-04-17 21:33:17+0800: Loaded config F:/unity_project/yiwu/Assets/StreamingAssets\katago-v1.13.0-opencl-windows-x64\gtp_custom.cfg
2024-04-17 21:33:17+0800: Loaded model F:/unity_project/yiwu/Assets/StreamingAssets\katago-v1.13.0-opencl-windows-x64\model.bin
2024-04-17 21:33:17+0800: Model name: kata1-b18c384nbt-s7192213760-d3579182099
2024-04-17 21:33:17+0800: GTP ready, beginning main protocol loop
2024-04-17 21:33:21+0800: Controller: loadsgf C:/Users/KILLLAKILL/AppData/LocalLow/DefaultCompany/yiwu/RecentGames\sgf_1659790193.sgf 1
2024-04-17 21:33:21+0800: Changing komi to 5.5
2024-04-17 21:33:21+0800: GPU 0 finishing, processed 0 rows 0 batches
2024-04-17 21:33:21+0800: Cleaned up old neural net and bot
2024-04-17 21:33:21+0800: nnRandSeed0 = 3689225510511037277
2024-04-17 21:33:21+0800: After dedups: nnModelFile0 = F:/unity_project/yiwu/Assets/StreamingAssets\katago-v1.13.0-opencl-windows-x64\model.bin useFP16 auto useNHWC auto
2024-04-17 21:33:21+0800: Initializing neural net buffer to be size 9 * 9 exactly
2024-04-17 21:33:22+0800: Found OpenCL Platform 0: NVIDIA CUDA (NVIDIA Corporation) (OpenCL 3.0 CUDA 12.3.99)
2024-04-17 21:33:22+0800: Found 1 device(s) on platform 0 with type CPU or GPU or Accelerator
2024-04-17 21:33:22+0800: Found OpenCL Device 0: NVIDIA GeForce RTX 2060 (NVIDIA Corporation) (score 11000300)
2024-04-17 21:33:22+0800: Creating context for OpenCL Platform: NVIDIA CUDA (NVIDIA Corporation) (OpenCL 3.0 CUDA 12.3.99)
2024-04-17 21:33:22+0800: Using OpenCL Device 0: NVIDIA GeForce RTX 2060 (NVIDIA Corporation) OpenCL 3.0 CUDA (Extensions: cl_khr_global_int32_base_atomics cl_khr_global_int32_extended_atomics cl_khr_local_int32_base_atomics cl_khr_local_int32_extended_atomics cl_khr_fp64 cl_khr_3d_image_writes cl_khr_byte_addressable_store cl_khr_icd cl_khr_gl_sharing cl_nv_compiler_options cl_nv_device_attribute_query cl_nv_pragma_unroll cl_nv_d3d10_sharing cl_khr_d3d10_sharing cl_nv_d3d11_sharing cl_nv_copy_opts cl_nv_create_buffer cl_khr_int64_base_atomics cl_khr_int64_extended_atomics cl_khr_device_uuid cl_khr_pci_bus_info cl_khr_external_semaphore cl_khr_external_memory cl_khr_external_semaphore_win32 cl_khr_external_memory_win32)
2024-04-17 21:33:22+0800: Loaded tuning parameters from: F:\unity_project\yiwu\Assets\StreamingAssets\katago-v1.13.0-opencl-windows-x64/KataGoData/opencltuning/tune11_gpuNVIDIAGeForceRTX2060_x19_y19_c384_mv14.txt
2024-04-17 21:33:23+0800: OpenCL backend thread 0: Device 0 Model version 14
2024-04-17 21:33:23+0800: OpenCL backend thread 0: Device 0 Model name: kata1-b18c384nbt-s7192213760-d3579182099
2024-04-17 21:33:25+0800: OpenCL backend thread 0: Device 0 FP16Storage true FP16Compute false FP16TensorCores true FP16TensorCoresFor1x1 false
2024-04-17 21:33:25+0800: Loaded neural net with nnXLen 9 nnYLen 9
2024-04-17 21:33:25+0800: Initializing board with boardXSize 9 boardYSize 9
2024-04-17 21:33:25+0800: = 
2024-04-17 21:33:26+0800: Controller: loadsgf C:/Users/KILLLAKILL/AppData/LocalLow/DefaultCompany/yiwu/RecentGames\sgf_1659790193.sgf 6
2024-04-17 21:33:26+0800: = 
2024-04-17 21:33:26+0800: Controller: lz-genmove_analyze maxmoves 6
2024-04-17 21:33:31+0800: MoveNum: 5 HASH: 611BD4CBA6629026667128E5EC901D9B
   A B C D E F G H J
 9 . . . . . . . . .
 8 . . . . . . . . .
 7 . . . X1. . . . .
 6 . . . . . . . . .
 5 . . . O X . . . .
 4 . . . . @ . . . .
 3 . . . . . . X3. .
 2 . . . . . . . . .
 1 . . . . . O2. . .

koSIMPLEscoreAREAtaxNONEsui0whbNfpok1komi5.5
Time taken: 5
Root visits: 2664
New playouts: 2664
NN rows: 2444
NN batches: 612
NN avg batch size: 3.99346
PV: E4 F5 D6 E7 C7 D4 C4 D3 C3 C2 E6 F6 F7 C5 C6 B5 F8 B6 B7 A7 A8 B8 C8 A9 C9
Tree:
: T -104.77c W -97.99c S  -7.05c ( -7.6 L  -7.2) N    2664  --  E4 F5 D6 E7 C7 D4 C4
---White(^)---
E4  : T -104.10c W -97.86c S  -6.59c ( -7.3 L  -7.0) LCB -104.96c P 20.84% WF 5251.3 PSV    5211 N    2379  --  E4 F5 D6 E7 C7 D4 C4 D3
D4  : T -108.97c W -98.64c S -10.00c ( -9.2 L  -8.7) LCB -110.80c P 48.01% WF 483.4 PSV     505 N     147  --  D4 D6 G6 E4 D3 H5 G5 E3
F4  : T -107.09c W -98.76c S  -8.06c ( -8.0 L  -7.4) LCB -108.60c P 21.66% WF 350.1 PSV     361 N     112  --  F4 E4 F3 E3 E2 F5 G4 G5
D3  : T -106.97c W -98.86c S  -8.33c ( -8.1 L  -7.6) LCB -118.30c P  1.54% WF  26.4 PSV      26 N       7  --  D3 E4 D4 D6 E3
D6  : T -110.04c W -99.05c S -10.48c ( -9.1 L  -8.4) LCB -187.28c P  1.20% WF  11.2 PSV      10 N       3  --  D6 E6 C7
G5  : T -111.85c W -98.71c S -13.14c (-10.3 L  -9.1) LCB -461.85c P  0.60% WF   4.9 PSV       4 N       1  --  G5
F3  : T -109.70c W -98.40c S -11.30c ( -9.2 L  -8.2) LCB -459.70c P  0.43% WF   4.7 PSV       3 N       1  --  F3
G6  : T -112.40c W -98.72c S -13.68c (-10.7 L  -9.5) LCB -462.40c P  0.44% WF   5.2 PSV       2 N       1  --  G6
C3  : T -111.90c W -98.89c S -13.00c (-10.2 L  -9.1) LCB -461.90c P  0.40% WF   5.3 PSV       2 N       1  --  C3
F7  : T -112.63c W -98.82c S -13.81c (-10.8 L  -9.5) LCB -462.63c P  0.37% WF   5.2 PSV       2 N       1  --  F7

2024-04-17 21:33:31+0800: = play E4
