2024-04-17 22:14:31+0800: Running with following config:
allowResignation = true
friendlyPassOk = true
hasButton = false
koRule = SIMPLE
lagBuffer = 1.0
logAllGTPCommunication = true
logDir = gtp_logs
logSearchInfo = true
logToStderr = false
multiStoneSuicideLegal = false
nnCacheSizePowerOfTwo = 20
nnMutexPoolSizePowerOfTwo = 16
numNNServerThreadsPerModel = 1
numSearchThreads = 8
openclDeviceToUseThread0 = 0
ponderingEnabled = false
resignConsecTurns = 3
resignThreshold = -0.90
scoringRule = AREA
searchFactorAfterOnePass = 0.50
searchFactorAfterTwoPass = 0.25
searchFactorWhenWinning = 0.40
searchFactorWhenWinningThreshold = 0.95
taxRule = NONE
whiteHandicapBonus = N

2024-04-17 22:14:31+0800: GTP Engine starting...
2024-04-17 22:14:31+0800: KataGo v1.13.0
2024-04-17 22:14:31+0800: Using Chinese rules initially, unless GTP/GUI overrides this
2024-04-17 22:14:31+0800: Using 8 CPU thread(s) for search
2024-04-17 22:14:31+0800: nnRandSeed0 = 6162635489229768589
2024-04-17 22:14:31+0800: After dedups: nnModelFile0 = F:/unity_project/yiwu/Assets/StreamingAssets\katago-v1.13.0-opencl-windows-x64\model.bin useFP16 auto useNHWC auto
2024-04-17 22:14:31+0800: Initializing neural net buffer to be size 19 * 19 exactly
2024-04-17 22:14:32+0800: Found OpenCL Platform 0: NVIDIA CUDA (NVIDIA Corporation) (OpenCL 3.0 CUDA 12.3.99)
2024-04-17 22:14:32+0800: Found 1 device(s) on platform 0 with type CPU or GPU or Accelerator
2024-04-17 22:14:32+0800: Found OpenCL Device 0: NVIDIA GeForce RTX 2060 (NVIDIA Corporation) (score 11000300)
2024-04-17 22:14:32+0800: Creating context for OpenCL Platform: NVIDIA CUDA (NVIDIA Corporation) (OpenCL 3.0 CUDA 12.3.99)
2024-04-17 22:14:32+0800: Using OpenCL Device 0: NVIDIA GeForce RTX 2060 (NVIDIA Corporation) OpenCL 3.0 CUDA (Extensions: cl_khr_global_int32_base_atomics cl_khr_global_int32_extended_atomics cl_khr_local_int32_base_atomics cl_khr_local_int32_extended_atomics cl_khr_fp64 cl_khr_3d_image_writes cl_khr_byte_addressable_store cl_khr_icd cl_khr_gl_sharing cl_nv_compiler_options cl_nv_device_attribute_query cl_nv_pragma_unroll cl_nv_d3d10_sharing cl_khr_d3d10_sharing cl_nv_d3d11_sharing cl_nv_copy_opts cl_nv_create_buffer cl_khr_int64_base_atomics cl_khr_int64_extended_atomics cl_khr_device_uuid cl_khr_pci_bus_info cl_khr_external_semaphore cl_khr_external_memory cl_khr_external_semaphore_win32 cl_khr_external_memory_win32)
2024-04-17 22:14:32+0800: Loaded tuning parameters from: F:\unity_project\yiwu\Assets\StreamingAssets\katago-v1.13.0-opencl-windows-x64/KataGoData/opencltuning/tune11_gpuNVIDIAGeForceRTX2060_x19_y19_c384_mv14.txt
2024-04-17 22:14:32+0800: OpenCL backend thread 0: Device 0 Model version 14
2024-04-17 22:14:32+0800: OpenCL backend thread 0: Device 0 Model name: kata1-b18c384nbt-s7192213760-d3579182099
2024-04-17 22:14:34+0800: OpenCL backend thread 0: Device 0 FP16Storage true FP16Compute false FP16TensorCores true FP16TensorCoresFor1x1 false
2024-04-17 22:14:34+0800: Loaded neural net with nnXLen 19 nnYLen 19
2024-04-17 22:14:34+0800: Initializing board with boardXSize 19 boardYSize 19
2024-04-17 22:14:34+0800: Loaded config F:/unity_project/yiwu/Assets/StreamingAssets\katago-v1.13.0-opencl-windows-x64\gtp_custom.cfg
2024-04-17 22:14:34+0800: Loaded model F:/unity_project/yiwu/Assets/StreamingAssets\katago-v1.13.0-opencl-windows-x64\model.bin
2024-04-17 22:14:34+0800: Model name: kata1-b18c384nbt-s7192213760-d3579182099
2024-04-17 22:14:34+0800: GTP ready, beginning main protocol loop
2024-04-17 22:14:38+0800: Controller: loadsgf C:/Users/KILLLAKILL/AppData/LocalLow/DefaultCompany/yiwu/RecentGames\sgf_1659790193.sgf 1
2024-04-17 22:14:38+0800: Changing komi to 5.5
2024-04-17 22:14:38+0800: GPU 0 finishing, processed 0 rows 0 batches
2024-04-17 22:14:38+0800: Cleaned up old neural net and bot
2024-04-17 22:14:38+0800: nnRandSeed0 = 14070594304946700401
2024-04-17 22:14:38+0800: After dedups: nnModelFile0 = F:/unity_project/yiwu/Assets/StreamingAssets\katago-v1.13.0-opencl-windows-x64\model.bin useFP16 auto useNHWC auto
2024-04-17 22:14:38+0800: Initializing neural net buffer to be size 9 * 9 exactly
2024-04-17 22:14:39+0800: Found OpenCL Platform 0: NVIDIA CUDA (NVIDIA Corporation) (OpenCL 3.0 CUDA 12.3.99)
2024-04-17 22:14:39+0800: Found 1 device(s) on platform 0 with type CPU or GPU or Accelerator
2024-04-17 22:14:39+0800: Found OpenCL Device 0: NVIDIA GeForce RTX 2060 (NVIDIA Corporation) (score 11000300)
2024-04-17 22:14:39+0800: Creating context for OpenCL Platform: NVIDIA CUDA (NVIDIA Corporation) (OpenCL 3.0 CUDA 12.3.99)
2024-04-17 22:14:39+0800: Using OpenCL Device 0: NVIDIA GeForce RTX 2060 (NVIDIA Corporation) OpenCL 3.0 CUDA (Extensions: cl_khr_global_int32_base_atomics cl_khr_global_int32_extended_atomics cl_khr_local_int32_base_atomics cl_khr_local_int32_extended_atomics cl_khr_fp64 cl_khr_3d_image_writes cl_khr_byte_addressable_store cl_khr_icd cl_khr_gl_sharing cl_nv_compiler_options cl_nv_device_attribute_query cl_nv_pragma_unroll cl_nv_d3d10_sharing cl_khr_d3d10_sharing cl_nv_d3d11_sharing cl_nv_copy_opts cl_nv_create_buffer cl_khr_int64_base_atomics cl_khr_int64_extended_atomics cl_khr_device_uuid cl_khr_pci_bus_info cl_khr_external_semaphore cl_khr_external_memory cl_khr_external_semaphore_win32 cl_khr_external_memory_win32)
2024-04-17 22:14:39+0800: Loaded tuning parameters from: F:\unity_project\yiwu\Assets\StreamingAssets\katago-v1.13.0-opencl-windows-x64/KataGoData/opencltuning/tune11_gpuNVIDIAGeForceRTX2060_x19_y19_c384_mv14.txt
2024-04-17 22:14:40+0800: OpenCL backend thread 0: Device 0 Model version 14
2024-04-17 22:14:40+0800: OpenCL backend thread 0: Device 0 Model name: kata1-b18c384nbt-s7192213760-d3579182099
2024-04-17 22:14:42+0800: OpenCL backend thread 0: Device 0 FP16Storage true FP16Compute false FP16TensorCores true FP16TensorCoresFor1x1 false
2024-04-17 22:14:42+0800: Loaded neural net with nnXLen 9 nnYLen 9
2024-04-17 22:14:42+0800: Initializing board with boardXSize 9 boardYSize 9
2024-04-17 22:14:42+0800: = 
2024-04-17 22:14:51+0800: Controller: loadsgf C:/Users/KILLLAKILL/AppData/LocalLow/DefaultCompany/yiwu/RecentGames\sgf_1659790193.sgf 7
2024-04-17 22:14:51+0800: = 
2024-04-17 22:14:51+0800: Controller: lz-genmove_analyze maxmoves 6
2024-04-17 22:14:56+0800: MoveNum: 6 HASH: 3D4E0F78DD4BFC17707648C28C5310E5
   A B C D E F G H J
 9 . . . . . . . . .
 8 . . . . . . . . .
 7 . . . X . . . . .
 6 . . . . . . . . .
 5 . . . O X . . . .
 4 . . . @ . . . . .
 3 . . . . . . X2. .
 2 . . . . . . O3. .
 1 . . . . . O1. . .

koSIMPLEscoreAREAtaxNONEsui0whbNfpok1komi5.5
Time taken: 5
Root visits: 2806
New playouts: 2806
NN rows: 2457
NN batches: 615
NN avg batch size: 3.99512
PV: D4 F3 C5 F5 F6 E4 D6 G6 G5 F4 G7 H6 F8 D2 H5 H4 H7 G4 J6 C3 B4 B3 C4 A4 A5
Tree:
: T 108.74c W  99.50c S   9.31c (+12.2 L +11.6) N    2806  --  D4 F3 C5 F5 F6 E4 D6
---Black(^)---
D4  : T 108.89c W  99.51c S   9.46c (+12.2 L +11.7) LCB  108.35c P 77.37% WF 9357.1 PSV    9348 N    2710  --  D4 F3 C5 F5 F6 E4 D6 G6
E3  : T 106.12c W  99.40c S   6.70c (+11.0 L +10.3) LCB  103.64c P  4.27% WF  86.7 PSV      81 N      23  --  E3 D4 D6 E4
E4  : T 105.96c W  99.28c S   6.95c (+11.1 L +10.3) LCB  102.85c P  3.90% WF  78.9 PSV      71 N      19  --  E4 C3 D3 C2
D6  : T 107.34c W  99.46c S   7.60c (+11.4 L +10.6) LCB  102.44c P  1.88% WF  63.6 PSV      57 N      16  --  D6 F3 F4 G4
F3  : T 103.29c W  99.22c S   4.56c (+10.1 L  +9.5) LCB   97.54c P  4.68% WF  49.3 PSV      48 N      14  --  F3 E4 F5 D6 E7 E3
D3  : T 102.13c W  99.18c S   3.53c ( +9.6 L  +9.0) LCB   71.62c P  1.62% WF  16.6 PSV      13 N       5  --  D3 E4 D4
E2  : T 101.47c W  99.07c S   3.13c ( +9.4 L  +8.8) LCB  -49.82c P  0.71% WF   7.3 PSV       5 N       2  --  E2 E4
E6  : T 101.60c W  99.22c S   3.37c ( +9.5 L  +8.9) LCB  -50.47c P  0.50% WF   7.6 PSV       4 N       2  --  E6 F3
F4  : T 100.42c W  99.00c S   2.35c ( +9.1 L  +8.6) LCB  -53.47c P  0.52% WF   7.5 PSV       3 N       2  --  F4 D3
C5  : T 103.03c W  99.52c S   3.51c ( +9.6 L  +9.3) LCB -246.97c P  0.32% WF   3.4 PSV       3 N       1  --  C5

2024-04-17 22:14:56+0800: = play D4
