2024-03-18 20:41:49+0800: Running with following config:
allowResignation = true
friendlyPassOk = true
hasButton = false
koRule = SIMPLE
lagBuffer = 1.0
logAllGTPCommunication = true
logDir = gtp_logs
logSearchInfo = true
logToStderr = false
multiStoneSuicideLegal = false
nnCacheSizePowerOfTwo = 20
nnMutexPoolSizePowerOfTwo = 16
numNNServerThreadsPerModel = 1
numSearchThreads = 8
openclDeviceToUseThread0 = 0
ponderingEnabled = false
resignConsecTurns = 3
resignThreshold = -0.90
scoringRule = AREA
searchFactorAfterOnePass = 0.50
searchFactorAfterTwoPass = 0.25
searchFactorWhenWinning = 0.40
searchFactorWhenWinningThreshold = 0.95
taxRule = NONE
whiteHandicapBonus = N

2024-03-18 20:41:49+0800: GTP Engine starting...
2024-03-18 20:41:49+0800: KataGo v1.13.0
2024-03-18 20:41:49+0800: Using Chinese rules initially, unless GTP/GUI overrides this
2024-03-18 20:41:49+0800: Using 8 CPU thread(s) for search
2024-03-18 20:41:50+0800: nnRandSeed0 = 1388149253182675485
2024-03-18 20:41:50+0800: After dedups: nnModelFile0 = F:\homework\毕业设计\katago-v1.13.0-opencl-windows-x64\model.bin useFP16 auto useNHWC auto
2024-03-18 20:41:50+0800: Initializing neural net buffer to be size 19 * 19 exactly
2024-03-18 20:41:50+0800: Found OpenCL Platform 0: NVIDIA CUDA (NVIDIA Corporation) (OpenCL 3.0 CUDA 12.3.99)
2024-03-18 20:41:50+0800: Found 1 device(s) on platform 0 with type CPU or GPU or Accelerator
2024-03-18 20:41:50+0800: Found OpenCL Device 0: NVIDIA GeForce RTX 2060 (NVIDIA Corporation) (score 11000300)
2024-03-18 20:41:50+0800: Creating context for OpenCL Platform: NVIDIA CUDA (NVIDIA Corporation) (OpenCL 3.0 CUDA 12.3.99)
2024-03-18 20:41:51+0800: Using OpenCL Device 0: NVIDIA GeForce RTX 2060 (NVIDIA Corporation) OpenCL 3.0 CUDA (Extensions: cl_khr_global_int32_base_atomics cl_khr_global_int32_extended_atomics cl_khr_local_int32_base_atomics cl_khr_local_int32_extended_atomics cl_khr_fp64 cl_khr_3d_image_writes cl_khr_byte_addressable_store cl_khr_icd cl_khr_gl_sharing cl_nv_compiler_options cl_nv_device_attribute_query cl_nv_pragma_unroll cl_nv_d3d10_sharing cl_khr_d3d10_sharing cl_nv_d3d11_sharing cl_nv_copy_opts cl_nv_create_buffer cl_khr_int64_base_atomics cl_khr_int64_extended_atomics cl_khr_device_uuid cl_khr_pci_bus_info cl_khr_external_semaphore cl_khr_external_memory cl_khr_external_semaphore_win32 cl_khr_external_memory_win32)
2024-03-18 20:41:51+0800: Loaded tuning parameters from: F:\homework\毕业设计\katago-v1.13.0-opencl-windows-x64/KataGoData/opencltuning/tune11_gpuNVIDIAGeForceRTX2060_x19_y19_c384_mv14.txt
2024-03-18 20:41:51+0800: OpenCL backend thread 0: Device 0 Model version 14
2024-03-18 20:41:51+0800: OpenCL backend thread 0: Device 0 Model name: kata1-b18c384nbt-s7192213760-d3579182099
2024-03-18 20:41:53+0800: OpenCL backend thread 0: Device 0 FP16Storage true FP16Compute false FP16TensorCores true FP16TensorCoresFor1x1 false
2024-03-18 20:41:53+0800: Loaded neural net with nnXLen 19 nnYLen 19
2024-03-18 20:41:53+0800: Initializing board with boardXSize 19 boardYSize 19
2024-03-18 20:41:53+0800: Loaded config F:\homework\毕业设计\katago-v1.13.0-opencl-windows-x64\gtp_custom.cfg
2024-03-18 20:41:53+0800: Loaded model F:\homework\毕业设计\katago-v1.13.0-opencl-windows-x64\model.bin
2024-03-18 20:41:53+0800: Model name: kata1-b18c384nbt-s7192213760-d3579182099
2024-03-18 20:41:53+0800: GTP ready, beginning main protocol loop
2024-03-18 20:42:06+0800: Controller: loadsgf C:/Users/KILLLAKILL/AppData/LocalLow/DefaultCompany/yiwu/RecentGames\sgf_1701255612.sgf 1
2024-03-18 20:42:06+0800: Changing komi to 5.5
2024-03-18 20:42:06+0800: GPU 0 finishing, processed 0 rows 0 batches
2024-03-18 20:42:06+0800: Cleaned up old neural net and bot
2024-03-18 20:42:06+0800: nnRandSeed0 = 13266862649024484984
2024-03-18 20:42:06+0800: After dedups: nnModelFile0 = F:\homework\毕业设计\katago-v1.13.0-opencl-windows-x64\model.bin useFP16 auto useNHWC auto
2024-03-18 20:42:06+0800: Initializing neural net buffer to be size 9 * 9 exactly
2024-03-18 20:42:07+0800: Found OpenCL Platform 0: NVIDIA CUDA (NVIDIA Corporation) (OpenCL 3.0 CUDA 12.3.99)
2024-03-18 20:42:07+0800: Found 1 device(s) on platform 0 with type CPU or GPU or Accelerator
2024-03-18 20:42:07+0800: Found OpenCL Device 0: NVIDIA GeForce RTX 2060 (NVIDIA Corporation) (score 11000300)
2024-03-18 20:42:07+0800: Creating context for OpenCL Platform: NVIDIA CUDA (NVIDIA Corporation) (OpenCL 3.0 CUDA 12.3.99)
2024-03-18 20:42:07+0800: Using OpenCL Device 0: NVIDIA GeForce RTX 2060 (NVIDIA Corporation) OpenCL 3.0 CUDA (Extensions: cl_khr_global_int32_base_atomics cl_khr_global_int32_extended_atomics cl_khr_local_int32_base_atomics cl_khr_local_int32_extended_atomics cl_khr_fp64 cl_khr_3d_image_writes cl_khr_byte_addressable_store cl_khr_icd cl_khr_gl_sharing cl_nv_compiler_options cl_nv_device_attribute_query cl_nv_pragma_unroll cl_nv_d3d10_sharing cl_khr_d3d10_sharing cl_nv_d3d11_sharing cl_nv_copy_opts cl_nv_create_buffer cl_khr_int64_base_atomics cl_khr_int64_extended_atomics cl_khr_device_uuid cl_khr_pci_bus_info cl_khr_external_semaphore cl_khr_external_memory cl_khr_external_semaphore_win32 cl_khr_external_memory_win32)
2024-03-18 20:42:07+0800: Loaded tuning parameters from: F:\homework\毕业设计\katago-v1.13.0-opencl-windows-x64/KataGoData/opencltuning/tune11_gpuNVIDIAGeForceRTX2060_x19_y19_c384_mv14.txt
2024-03-18 20:42:07+0800: OpenCL backend thread 0: Device 0 Model version 14
2024-03-18 20:42:07+0800: OpenCL backend thread 0: Device 0 Model name: kata1-b18c384nbt-s7192213760-d3579182099
2024-03-18 20:42:10+0800: OpenCL backend thread 0: Device 0 FP16Storage true FP16Compute false FP16TensorCores true FP16TensorCoresFor1x1 false
2024-03-18 20:42:10+0800: Loaded neural net with nnXLen 9 nnYLen 9
2024-03-18 20:42:10+0800: Initializing board with boardXSize 9 boardYSize 9
2024-03-18 20:42:10+0800: = 
2024-03-18 20:42:12+0800: Controller: loadsgf C:/Users/KILLLAKILL/AppData/LocalLow/DefaultCompany/yiwu/RecentGames\sgf_1701255612.sgf 6
2024-03-18 20:42:12+0800: = 
2024-03-18 20:42:12+0800: Controller: lz-genmove_analyze maxmoves 6
2024-03-18 20:42:17+0800: MoveNum: 5 HASH: FFE96295C396DA517064CFFB0FD39D37
   A B C D E F G H J
 9 . . . . . . . . .
 8 . . . . . . . . .
 7 . . X . . . . . .
 6 . . . . . . . . .
 5 . . . . O O2. . .
 4 . . . . . . . . .
 3 . . X1. @ . X3. .
 2 . . . . . . . . .
 1 . . . . . . . . .

koSIMPLEscoreAREAtaxNONEsui0whbNfpok1komi5.5
Time taken: 5
Root visits: 3534
New playouts: 3534
NN rows: 2580
NN batches: 646
NN avg batch size: 3.99381
PV: E3 D4 F3 H5 H4 G4 G5 J4 H6 H3 J6 D7 F2 J5 H2 G2 G1 G7 G6 H1 J1 J2 J3 F7 C2
Tree:
: T -51.56c W -48.06c S  -2.54c ( -2.2 L  -1.8) N    3534  --  E3 D4 F3 H5 H4 G4 G5
---White(^)---
E3  : T -49.55c W -46.30c S  -2.60c ( -2.2 L  -1.9) LCB  -54.20c P 34.58% WF 1910.5 PSV    1875 N    2841  --  E3 D4 F3 H5 H4 G4 G5 J4
E7  : T -53.07c W -50.72c S  -1.69c ( -1.6 L  -1.2) LCB  -62.43c P 17.52% WF 330.2 PSV     320 N     478  --  E7 D4 C6 D7 B5 E8 F7 F8
C5  : T -70.25c W -59.22c S  -3.45c ( -2.6 L  -2.0) LCB  -83.49c P 26.16% WF  93.9 PSV     112 N     139  --  C5 D4 C6 E7 F3 F2 E3 E2
F3  : T -80.89c W -73.33c S  -3.58c ( -2.5 L  -1.9) LCB -100.25c P  7.30% WF  19.8 PSV      21 N      23  --  F3 F2 E7 C5 E2 E3
F2  : T -60.47c W -55.31c S  -2.49c ( -2.1 L  -1.4) LCB  -86.23c P  2.18% WF  17.3 PSV      16 N      21  --  F2 H5 C5 D4 D5
D7  : T -72.60c W -69.58c S  -2.94c ( -2.3 L  -1.4) LCB  -92.86c P  2.34% WF   7.8 PSV       9 N       8  --  D7 D6 E7 C6
G4  : T -77.33c W -74.30c S  -3.48c ( -2.5 L  -2.2) LCB -103.82c P  2.54% WF   6.7 PSV       8 N       7  --  G4 F3 E3
C6  : T -80.03c W -73.42c S  -3.87c ( -2.7 L  -1.9) LCB -120.73c P  2.37% WF   6.9 PSV       7 N       7  --  C6 D6 D5 B6 C5
D3  : T -93.14c W -81.47c S  -5.74c ( -3.6 L  -2.9) LCB -172.25c P  1.81% WF   3.1 PSV       3 N       3  --  D3 D4 E3
C4  : T -80.47c W -78.32c S  -3.83c ( -2.7 L  -1.7) LCB -237.66c P  1.11% WF   2.2 PSV       3 N       2  --  C4 D4

2024-03-18 20:42:17+0800: = play E3
