2024-04-17 21:43:09+0800: Running with following config:
allowResignation = true
friendlyPassOk = true
hasButton = false
koRule = SIMPLE
lagBuffer = 1.0
logAllGTPCommunication = true
logDir = gtp_logs
logSearchInfo = true
logToStderr = false
multiStoneSuicideLegal = false
nnCacheSizePowerOfTwo = 20
nnMutexPoolSizePowerOfTwo = 16
numNNServerThreadsPerModel = 1
numSearchThreads = 8
openclDeviceToUseThread0 = 0
ponderingEnabled = false
resignConsecTurns = 3
resignThreshold = -0.90
scoringRule = AREA
searchFactorAfterOnePass = 0.50
searchFactorAfterTwoPass = 0.25
searchFactorWhenWinning = 0.40
searchFactorWhenWinningThreshold = 0.95
taxRule = NONE
whiteHandicapBonus = N

2024-04-17 21:43:09+0800: GTP Engine starting...
2024-04-17 21:43:09+0800: KataGo v1.13.0
2024-04-17 21:43:09+0800: Using Chinese rules initially, unless GTP/GUI overrides this
2024-04-17 21:43:09+0800: Using 8 CPU thread(s) for search
2024-04-17 21:43:09+0800: nnRandSeed0 = 41494185022825293
2024-04-17 21:43:09+0800: After dedups: nnModelFile0 = F:/unity_project/yiwu/Assets/StreamingAssets\katago-v1.13.0-opencl-windows-x64\model.bin useFP16 auto useNHWC auto
2024-04-17 21:43:09+0800: Initializing neural net buffer to be size 19 * 19 exactly
2024-04-17 21:43:10+0800: Found OpenCL Platform 0: NVIDIA CUDA (NVIDIA Corporation) (OpenCL 3.0 CUDA 12.3.99)
2024-04-17 21:43:10+0800: Found 1 device(s) on platform 0 with type CPU or GPU or Accelerator
2024-04-17 21:43:10+0800: Found OpenCL Device 0: NVIDIA GeForce RTX 2060 (NVIDIA Corporation) (score 11000300)
2024-04-17 21:43:10+0800: Creating context for OpenCL Platform: NVIDIA CUDA (NVIDIA Corporation) (OpenCL 3.0 CUDA 12.3.99)
2024-04-17 21:43:10+0800: Using OpenCL Device 0: NVIDIA GeForce RTX 2060 (NVIDIA Corporation) OpenCL 3.0 CUDA (Extensions: cl_khr_global_int32_base_atomics cl_khr_global_int32_extended_atomics cl_khr_local_int32_base_atomics cl_khr_local_int32_extended_atomics cl_khr_fp64 cl_khr_3d_image_writes cl_khr_byte_addressable_store cl_khr_icd cl_khr_gl_sharing cl_nv_compiler_options cl_nv_device_attribute_query cl_nv_pragma_unroll cl_nv_d3d10_sharing cl_khr_d3d10_sharing cl_nv_d3d11_sharing cl_nv_copy_opts cl_nv_create_buffer cl_khr_int64_base_atomics cl_khr_int64_extended_atomics cl_khr_device_uuid cl_khr_pci_bus_info cl_khr_external_semaphore cl_khr_external_memory cl_khr_external_semaphore_win32 cl_khr_external_memory_win32)
2024-04-17 21:43:10+0800: Loaded tuning parameters from: F:\unity_project\yiwu\Assets\StreamingAssets\katago-v1.13.0-opencl-windows-x64/KataGoData/opencltuning/tune11_gpuNVIDIAGeForceRTX2060_x19_y19_c384_mv14.txt
2024-04-17 21:43:10+0800: OpenCL backend thread 0: Device 0 Model version 14
2024-04-17 21:43:10+0800: OpenCL backend thread 0: Device 0 Model name: kata1-b18c384nbt-s7192213760-d3579182099
2024-04-17 21:43:12+0800: OpenCL backend thread 0: Device 0 FP16Storage true FP16Compute false FP16TensorCores true FP16TensorCoresFor1x1 false
2024-04-17 21:43:12+0800: Loaded neural net with nnXLen 19 nnYLen 19
2024-04-17 21:43:12+0800: Initializing board with boardXSize 19 boardYSize 19
2024-04-17 21:43:12+0800: Loaded config F:/unity_project/yiwu/Assets/StreamingAssets\katago-v1.13.0-opencl-windows-x64\gtp_custom.cfg
2024-04-17 21:43:12+0800: Loaded model F:/unity_project/yiwu/Assets/StreamingAssets\katago-v1.13.0-opencl-windows-x64\model.bin
2024-04-17 21:43:12+0800: Model name: kata1-b18c384nbt-s7192213760-d3579182099
2024-04-17 21:43:12+0800: GTP ready, beginning main protocol loop
2024-04-17 21:43:20+0800: Controller: loadsgf C:/Users/KILLLAKILL/AppData/LocalLow/DefaultCompany/yiwu/RecentGames\sgf_1659790193.sgf 1
2024-04-17 21:43:20+0800: Changing komi to 5.5
2024-04-17 21:43:20+0800: GPU 0 finishing, processed 0 rows 0 batches
2024-04-17 21:43:20+0800: Cleaned up old neural net and bot
2024-04-17 21:43:20+0800: nnRandSeed0 = 6171876549215103817
2024-04-17 21:43:20+0800: After dedups: nnModelFile0 = F:/unity_project/yiwu/Assets/StreamingAssets\katago-v1.13.0-opencl-windows-x64\model.bin useFP16 auto useNHWC auto
2024-04-17 21:43:20+0800: Initializing neural net buffer to be size 9 * 9 exactly
2024-04-17 21:43:21+0800: Found OpenCL Platform 0: NVIDIA CUDA (NVIDIA Corporation) (OpenCL 3.0 CUDA 12.3.99)
2024-04-17 21:43:21+0800: Found 1 device(s) on platform 0 with type CPU or GPU or Accelerator
2024-04-17 21:43:21+0800: Found OpenCL Device 0: NVIDIA GeForce RTX 2060 (NVIDIA Corporation) (score 11000300)
2024-04-17 21:43:21+0800: Creating context for OpenCL Platform: NVIDIA CUDA (NVIDIA Corporation) (OpenCL 3.0 CUDA 12.3.99)
2024-04-17 21:43:21+0800: Using OpenCL Device 0: NVIDIA GeForce RTX 2060 (NVIDIA Corporation) OpenCL 3.0 CUDA (Extensions: cl_khr_global_int32_base_atomics cl_khr_global_int32_extended_atomics cl_khr_local_int32_base_atomics cl_khr_local_int32_extended_atomics cl_khr_fp64 cl_khr_3d_image_writes cl_khr_byte_addressable_store cl_khr_icd cl_khr_gl_sharing cl_nv_compiler_options cl_nv_device_attribute_query cl_nv_pragma_unroll cl_nv_d3d10_sharing cl_khr_d3d10_sharing cl_nv_d3d11_sharing cl_nv_copy_opts cl_nv_create_buffer cl_khr_int64_base_atomics cl_khr_int64_extended_atomics cl_khr_device_uuid cl_khr_pci_bus_info cl_khr_external_semaphore cl_khr_external_memory cl_khr_external_semaphore_win32 cl_khr_external_memory_win32)
2024-04-17 21:43:21+0800: Loaded tuning parameters from: F:\unity_project\yiwu\Assets\StreamingAssets\katago-v1.13.0-opencl-windows-x64/KataGoData/opencltuning/tune11_gpuNVIDIAGeForceRTX2060_x19_y19_c384_mv14.txt
2024-04-17 21:43:21+0800: OpenCL backend thread 0: Device 0 Model version 14
2024-04-17 21:43:21+0800: OpenCL backend thread 0: Device 0 Model name: kata1-b18c384nbt-s7192213760-d3579182099
2024-04-17 21:43:23+0800: OpenCL backend thread 0: Device 0 FP16Storage true FP16Compute false FP16TensorCores true FP16TensorCoresFor1x1 false
2024-04-17 21:43:23+0800: Loaded neural net with nnXLen 9 nnYLen 9
2024-04-17 21:43:23+0800: Initializing board with boardXSize 9 boardYSize 9
2024-04-17 21:43:23+0800: = 
2024-04-17 21:43:45+0800: Controller: loadsgf C:/Users/KILLLAKILL/AppData/LocalLow/DefaultCompany/yiwu/RecentGames\sgf_1659790193.sgf 6
2024-04-17 21:43:45+0800: = 
2024-04-17 21:43:45+0800: Controller: lz-genmove_analyze maxmoves 6
2024-04-17 21:43:50+0800: MoveNum: 5 HASH: 611BD4CBA6629026667128E5EC901D9B
   A B C D E F G H J
 9 . . . . . . . . .
 8 . . . . . . . . .
 7 . . . X1. . . . .
 6 . . . . . . . . .
 5 . . . O X . . . .
 4 . . . . @ . . . .
 3 . . . . . . X3. .
 2 . . . . . . . . .
 1 . . . . . O2. . .

koSIMPLEscoreAREAtaxNONEsui0whbNfpok1komi5.5
Time taken: 5
Root visits: 2759
New playouts: 2759
NN rows: 2442
NN batches: 612
NN avg batch size: 3.9902
PV: E4 F5 D6 E7 C7 D4 C4 D3 C3 E3 H3 C8 G4 F4 G2 B7 C2 G5 F3 H4 C6
Tree:
: T -104.58c W -98.17c S  -6.59c ( -7.6 L  -7.2) N    2759  --  E4 F5 D6 E7 C7 D4 C4
---White(^)---
E4  : T -103.96c W -98.07c S  -6.11c ( -7.3 L  -7.0) LCB -104.74c P 21.60% WF 5631.1 PSV    5590 N    2483  --  E4 F5 D6 E7 C7 D4 C4 D3
D4  : T -109.15c W -98.71c S  -9.93c ( -9.4 L  -8.9) LCB -110.90c P 52.93% WF 511.2 PSV     531 N     156  --  D4 D6 G6 E4 D3 H5 G5 E3
F4  : T -106.68c W -98.78c S  -7.66c ( -8.1 L  -7.5) LCB -108.23c P 13.36% WF 249.5 PSV     246 N      80  --  F4 E4 F3 E3 E2 F5 G4 G5
D3  : T -106.42c W -98.76c S  -7.79c ( -8.2 L  -7.7) LCB -109.62c P  3.38% WF  75.5 PSV      68 N      22  --  D3 E4 D4 D6 G5 E3 G7 C5
D6  : T -109.95c W -99.09c S  -9.67c ( -8.9 L  -8.3) LCB -186.73c P  1.27% WF  10.9 PSV      11 N       3  --  D6 E6 C7
F3  : T -108.79c W -98.48c S -10.31c ( -9.1 L  -8.0) LCB -458.79c P  0.47% WF   4.5 PSV       5 N       1  --  F3
G5  : T -110.95c W -98.53c S -12.43c (-10.1 L  -9.0) LCB -460.95c P  0.59% WF   4.8 PSV       4 N       1  --  G5
C3  : T -112.06c W -98.91c S -13.15c (-10.5 L  -9.3) LCB -462.06c P  0.54% WF   5.3 PSV       3 N       1  --  C3
C4  : T -110.01c W -98.59c S -11.42c ( -9.7 L  -8.5) LCB -460.01c P  0.44% WF   4.9 PSV       3 N       1  --  C4
G6  : T -112.56c W -98.77c S -13.79c (-11.1 L  -9.8) LCB -462.56c P  0.49% WF   5.1 PSV       2 N       1  --  G6

2024-04-17 21:43:50+0800: = play E4
