2024-04-17 21:23:21+0800: Running with following config:
allowResignation = true
friendlyPassOk = true
hasButton = false
koRule = SIMPLE
lagBuffer = 1.0
logAllGTPCommunication = true
logDir = gtp_logs
logSearchInfo = true
logToStderr = false
multiStoneSuicideLegal = false
nnCacheSizePowerOfTwo = 20
nnMutexPoolSizePowerOfTwo = 16
numNNServerThreadsPerModel = 1
numSearchThreads = 8
openclDeviceToUseThread0 = 0
ponderingEnabled = false
resignConsecTurns = 3
resignThreshold = -0.90
scoringRule = AREA
searchFactorAfterOnePass = 0.50
searchFactorAfterTwoPass = 0.25
searchFactorWhenWinning = 0.40
searchFactorWhenWinningThreshold = 0.95
taxRule = NONE
whiteHandicapBonus = N

2024-04-17 21:23:21+0800: GTP Engine starting...
2024-04-17 21:23:21+0800: KataGo v1.13.0
2024-04-17 21:23:21+0800: Using Chinese rules initially, unless GTP/GUI overrides this
2024-04-17 21:23:21+0800: Using 8 CPU thread(s) for search
2024-04-17 21:23:22+0800: nnRandSeed0 = 9485481857854967421
2024-04-17 21:23:22+0800: After dedups: nnModelFile0 = F:/unity_project/yiwu/Assets/StreamingAssets\katago-v1.13.0-opencl-windows-x64\model.bin useFP16 auto useNHWC auto
2024-04-17 21:23:22+0800: Initializing neural net buffer to be size 19 * 19 exactly
2024-04-17 21:23:22+0800: Found OpenCL Platform 0: NVIDIA CUDA (NVIDIA Corporation) (OpenCL 3.0 CUDA 12.3.99)
2024-04-17 21:23:22+0800: Found 1 device(s) on platform 0 with type CPU or GPU or Accelerator
2024-04-17 21:23:22+0800: Found OpenCL Device 0: NVIDIA GeForce RTX 2060 (NVIDIA Corporation) (score 11000300)
2024-04-17 21:23:22+0800: Creating context for OpenCL Platform: NVIDIA CUDA (NVIDIA Corporation) (OpenCL 3.0 CUDA 12.3.99)
2024-04-17 21:23:23+0800: Using OpenCL Device 0: NVIDIA GeForce RTX 2060 (NVIDIA Corporation) OpenCL 3.0 CUDA (Extensions: cl_khr_global_int32_base_atomics cl_khr_global_int32_extended_atomics cl_khr_local_int32_base_atomics cl_khr_local_int32_extended_atomics cl_khr_fp64 cl_khr_3d_image_writes cl_khr_byte_addressable_store cl_khr_icd cl_khr_gl_sharing cl_nv_compiler_options cl_nv_device_attribute_query cl_nv_pragma_unroll cl_nv_d3d10_sharing cl_khr_d3d10_sharing cl_nv_d3d11_sharing cl_nv_copy_opts cl_nv_create_buffer cl_khr_int64_base_atomics cl_khr_int64_extended_atomics cl_khr_device_uuid cl_khr_pci_bus_info cl_khr_external_semaphore cl_khr_external_memory cl_khr_external_semaphore_win32 cl_khr_external_memory_win32)
2024-04-17 21:23:23+0800: Loaded tuning parameters from: F:\unity_project\yiwu\Assets\StreamingAssets\katago-v1.13.0-opencl-windows-x64/KataGoData/opencltuning/tune11_gpuNVIDIAGeForceRTX2060_x19_y19_c384_mv14.txt
2024-04-17 21:23:24+0800: OpenCL backend thread 0: Device 0 Model version 14
2024-04-17 21:23:24+0800: OpenCL backend thread 0: Device 0 Model name: kata1-b18c384nbt-s7192213760-d3579182099
2024-04-17 21:23:26+0800: OpenCL backend thread 0: Device 0 FP16Storage true FP16Compute false FP16TensorCores true FP16TensorCoresFor1x1 false
2024-04-17 21:23:26+0800: Loaded neural net with nnXLen 19 nnYLen 19
2024-04-17 21:23:26+0800: Initializing board with boardXSize 19 boardYSize 19
2024-04-17 21:23:26+0800: Loaded config F:/unity_project/yiwu/Assets/StreamingAssets\katago-v1.13.0-opencl-windows-x64\gtp_custom.cfg
2024-04-17 21:23:26+0800: Loaded model F:/unity_project/yiwu/Assets/StreamingAssets\katago-v1.13.0-opencl-windows-x64\model.bin
2024-04-17 21:23:26+0800: Model name: kata1-b18c384nbt-s7192213760-d3579182099
2024-04-17 21:23:26+0800: GTP ready, beginning main protocol loop
2024-04-17 21:23:42+0800: Controller: loadsgf C:/Users/KILLLAKILL/AppData/LocalLow/DefaultCompany/yiwu/RecentGames\sgf_1701255612.sgf 1
2024-04-17 21:23:42+0800: Changing komi to 5.5
2024-04-17 21:23:42+0800: GPU 0 finishing, processed 0 rows 0 batches
2024-04-17 21:23:42+0800: Cleaned up old neural net and bot
2024-04-17 21:23:42+0800: nnRandSeed0 = 11037830799746115280
2024-04-17 21:23:42+0800: After dedups: nnModelFile0 = F:/unity_project/yiwu/Assets/StreamingAssets\katago-v1.13.0-opencl-windows-x64\model.bin useFP16 auto useNHWC auto
2024-04-17 21:23:42+0800: Initializing neural net buffer to be size 9 * 9 exactly
2024-04-17 21:23:43+0800: Found OpenCL Platform 0: NVIDIA CUDA (NVIDIA Corporation) (OpenCL 3.0 CUDA 12.3.99)
2024-04-17 21:23:43+0800: Found 1 device(s) on platform 0 with type CPU or GPU or Accelerator
2024-04-17 21:23:43+0800: Found OpenCL Device 0: NVIDIA GeForce RTX 2060 (NVIDIA Corporation) (score 11000300)
2024-04-17 21:23:43+0800: Creating context for OpenCL Platform: NVIDIA CUDA (NVIDIA Corporation) (OpenCL 3.0 CUDA 12.3.99)
2024-04-17 21:23:43+0800: Using OpenCL Device 0: NVIDIA GeForce RTX 2060 (NVIDIA Corporation) OpenCL 3.0 CUDA (Extensions: cl_khr_global_int32_base_atomics cl_khr_global_int32_extended_atomics cl_khr_local_int32_base_atomics cl_khr_local_int32_extended_atomics cl_khr_fp64 cl_khr_3d_image_writes cl_khr_byte_addressable_store cl_khr_icd cl_khr_gl_sharing cl_nv_compiler_options cl_nv_device_attribute_query cl_nv_pragma_unroll cl_nv_d3d10_sharing cl_khr_d3d10_sharing cl_nv_d3d11_sharing cl_nv_copy_opts cl_nv_create_buffer cl_khr_int64_base_atomics cl_khr_int64_extended_atomics cl_khr_device_uuid cl_khr_pci_bus_info cl_khr_external_semaphore cl_khr_external_memory cl_khr_external_semaphore_win32 cl_khr_external_memory_win32)
2024-04-17 21:23:43+0800: Loaded tuning parameters from: F:\unity_project\yiwu\Assets\StreamingAssets\katago-v1.13.0-opencl-windows-x64/KataGoData/opencltuning/tune11_gpuNVIDIAGeForceRTX2060_x19_y19_c384_mv14.txt
2024-04-17 21:23:43+0800: OpenCL backend thread 0: Device 0 Model version 14
2024-04-17 21:23:43+0800: OpenCL backend thread 0: Device 0 Model name: kata1-b18c384nbt-s7192213760-d3579182099
2024-04-17 21:23:46+0800: OpenCL backend thread 0: Device 0 FP16Storage true FP16Compute false FP16TensorCores true FP16TensorCoresFor1x1 false
2024-04-17 21:23:46+0800: Loaded neural net with nnXLen 9 nnYLen 9
2024-04-17 21:23:46+0800: Initializing board with boardXSize 9 boardYSize 9
2024-04-17 21:23:46+0800: = 
2024-04-17 21:23:56+0800: Controller: loadsgf C:/Users/KILLLAKILL/AppData/LocalLow/DefaultCompany/yiwu/RecentGames\sgf_1701255612.sgf 6
2024-04-17 21:23:56+0800: = 
2024-04-17 21:23:56+0800: Controller: lz-genmove_analyze maxmoves 6
2024-04-17 21:24:01+0800: MoveNum: 5 HASH: FFE96295C396DA517064CFFB0FD39D37
   A B C D E F G H J
 9 . . . . . . . . .
 8 . . . . . . . . .
 7 . . X . . . . . .
 6 . . . . . . . . .
 5 . . . . O O2. . .
 4 . . . . . . . . .
 3 . . X1. @ . X3. .
 2 . . . . . . . . .
 1 . . . . . . . . .

koSIMPLEscoreAREAtaxNONEsui0whbNfpok1komi5.5
Time taken: 5.016
Root visits: 2914
New playouts: 2914
NN rows: 2323
NN batches: 582
NN avg batch size: 3.99141
PV: E3 D4 F3 H5 H4 G4 G5 J4 H6 H3 D7 D6 C8 C6 E7 E6 F6 G7 H7 B8 D8 F7 B9 F8 B7
Tree:
: T -51.04c W -47.53c S  -2.36c ( -1.9 L  -1.5) N    2914  --  E3 D4 F3 H5 H4 G4 G5
---White(^)---
E3  : T -49.01c W -45.43c S  -2.31c ( -1.9 L  -1.5) LCB  -54.07c P 39.04% WF 1448.9 PSV    1421 N    2164  --  E3 D4 F3 H5 H4 G4 G5 J4
E7  : T -52.73c W -50.57c S  -1.85c ( -1.6 L  -1.2) LCB  -64.11c P 12.51% WF 255.7 PSV     172 N     375  --  E7 C5 D4 H5 C4 B4 B3 B5
C5  : T -69.98c W -59.96c S  -4.00c ( -2.8 L  -2.2) LCB  -86.72c P 27.75% WF  86.5 PSV      98 N     125  --  C5 D4 C6 E7 F3 F2 E3 E2
F2  : T -49.69c W -48.65c S  -2.35c ( -2.0 L  -1.4) LCB  -62.07c P  3.40% WF 159.0 PSV      95 N     203  --  F2 H5 C5 D4 D5 F3 E7 E8
F3  : T -80.57c W -68.81c S  -3.40c ( -2.4 L  -1.8) LCB  -97.62c P  5.41% WF  10.4 PSV      13 N      13  --  F3 F2 E2 E3 D3 F4 E4 F3
D7  : T -62.70c W -64.26c S  -2.60c ( -2.0 L  -1.2) LCB  -78.63c P  2.26% WF  11.9 PSV      11 N      13  --  D7 D6 E7 C6 G4 E6
G4  : T -75.32c W -72.05c S  -3.50c ( -2.4 L  -2.1) LCB -105.55c P  2.51% WF   6.6 PSV       7 N       7  --  G4 F3 E3
C6  : T -87.02c W -79.80c S  -4.43c ( -2.9 L  -1.9) LCB -119.04c P  2.65% WF   5.1 PSV       5 N       5  --  C6 D6 D5 B6 C5
D3  : T -90.92c W -82.40c S  -5.37c ( -3.3 L  -2.4) LCB -136.74c P  2.16% WF   4.1 PSV       4 N       4  --  D3 D4 F3
C4  : T -78.66c W -75.27c S  -3.39c ( -2.4 L  -1.2) LCB -428.66c P  0.62% WF   1.2 PSV       1 N       1  --  C4

2024-04-17 21:24:01+0800: = play E3
