2024-03-18 17:45:53+0800: Running with following config:
allowResignation = true
friendlyPassOk = true
hasButton = false
koRule = SIMPLE
lagBuffer = 1.0
logAllGTPCommunication = true
logDir = gtp_logs
logSearchInfo = true
logToStderr = false
multiStoneSuicideLegal = false
nnCacheSizePowerOfTwo = 20
nnMutexPoolSizePowerOfTwo = 16
numNNServerThreadsPerModel = 1
numSearchThreads = 8
openclDeviceToUseThread0 = 0
ponderingEnabled = false
resignConsecTurns = 3
resignThreshold = -0.90
scoringRule = AREA
searchFactorAfterOnePass = 0.50
searchFactorAfterTwoPass = 0.25
searchFactorWhenWinning = 0.40
searchFactorWhenWinningThreshold = 0.95
taxRule = NONE
whiteHandicapBonus = N

2024-03-18 17:45:53+0800: GTP Engine starting...
2024-03-18 17:45:53+0800: KataGo v1.13.0
2024-03-18 17:45:53+0800: Using Chinese rules initially, unless GTP/GUI overrides this
2024-03-18 17:45:53+0800: Using 8 CPU thread(s) for search
2024-03-18 17:45:53+0800: nnRandSeed0 = 683126296912834904
2024-03-18 17:45:53+0800: After dedups: nnModelFile0 = F:\homework\毕业设计\katago-v1.13.0-opencl-windows-x64\model.bin useFP16 auto useNHWC auto
2024-03-18 17:45:53+0800: Initializing neural net buffer to be size 19 * 19 exactly
2024-03-18 17:45:54+0800: Found OpenCL Platform 0: NVIDIA CUDA (NVIDIA Corporation) (OpenCL 3.0 CUDA 12.3.99)
2024-03-18 17:45:54+0800: Found 1 device(s) on platform 0 with type CPU or GPU or Accelerator
2024-03-18 17:45:54+0800: Found OpenCL Device 0: NVIDIA GeForce RTX 2060 (NVIDIA Corporation) (score 11000300)
2024-03-18 17:45:54+0800: Creating context for OpenCL Platform: NVIDIA CUDA (NVIDIA Corporation) (OpenCL 3.0 CUDA 12.3.99)
2024-03-18 17:45:54+0800: Using OpenCL Device 0: NVIDIA GeForce RTX 2060 (NVIDIA Corporation) OpenCL 3.0 CUDA (Extensions: cl_khr_global_int32_base_atomics cl_khr_global_int32_extended_atomics cl_khr_local_int32_base_atomics cl_khr_local_int32_extended_atomics cl_khr_fp64 cl_khr_3d_image_writes cl_khr_byte_addressable_store cl_khr_icd cl_khr_gl_sharing cl_nv_compiler_options cl_nv_device_attribute_query cl_nv_pragma_unroll cl_nv_d3d10_sharing cl_khr_d3d10_sharing cl_nv_d3d11_sharing cl_nv_copy_opts cl_nv_create_buffer cl_khr_int64_base_atomics cl_khr_int64_extended_atomics cl_khr_device_uuid cl_khr_pci_bus_info cl_khr_external_semaphore cl_khr_external_memory cl_khr_external_semaphore_win32 cl_khr_external_memory_win32)
2024-03-18 17:45:54+0800: Loaded tuning parameters from: F:\homework\毕业设计\katago-v1.13.0-opencl-windows-x64/KataGoData/opencltuning/tune11_gpuNVIDIAGeForceRTX2060_x19_y19_c384_mv14.txt
2024-03-18 17:45:55+0800: OpenCL backend thread 0: Device 0 Model version 14
2024-03-18 17:45:55+0800: OpenCL backend thread 0: Device 0 Model name: kata1-b18c384nbt-s7192213760-d3579182099
2024-03-18 17:45:57+0800: OpenCL backend thread 0: Device 0 FP16Storage true FP16Compute false FP16TensorCores true FP16TensorCoresFor1x1 false
2024-03-18 17:45:57+0800: Loaded neural net with nnXLen 19 nnYLen 19
2024-03-18 17:45:57+0800: Initializing board with boardXSize 19 boardYSize 19
2024-03-18 17:45:57+0800: Loaded config F:\homework\毕业设计\katago-v1.13.0-opencl-windows-x64\gtp_custom.cfg
2024-03-18 17:45:57+0800: Loaded model F:\homework\毕业设计\katago-v1.13.0-opencl-windows-x64\model.bin
2024-03-18 17:45:57+0800: Model name: kata1-b18c384nbt-s7192213760-d3579182099
2024-03-18 17:45:57+0800: GTP ready, beginning main protocol loop
2024-03-18 17:46:00+0800: Controller: loadsgf C:/Users/KILLLAKILL/AppData/LocalLow/DefaultCompany/yiwu/RecentGames\sgf_1701255612.sgf 1
2024-03-18 17:46:00+0800: Changing komi to 5.5
2024-03-18 17:46:00+0800: GPU 0 finishing, processed 0 rows 0 batches
2024-03-18 17:46:00+0800: Cleaned up old neural net and bot
2024-03-18 17:46:00+0800: nnRandSeed0 = 6156568830388397507
2024-03-18 17:46:00+0800: After dedups: nnModelFile0 = F:\homework\毕业设计\katago-v1.13.0-opencl-windows-x64\model.bin useFP16 auto useNHWC auto
2024-03-18 17:46:00+0800: Initializing neural net buffer to be size 9 * 9 exactly
2024-03-18 17:46:00+0800: Found OpenCL Platform 0: NVIDIA CUDA (NVIDIA Corporation) (OpenCL 3.0 CUDA 12.3.99)
2024-03-18 17:46:00+0800: Found 1 device(s) on platform 0 with type CPU or GPU or Accelerator
2024-03-18 17:46:00+0800: Found OpenCL Device 0: NVIDIA GeForce RTX 2060 (NVIDIA Corporation) (score 11000300)
2024-03-18 17:46:00+0800: Creating context for OpenCL Platform: NVIDIA CUDA (NVIDIA Corporation) (OpenCL 3.0 CUDA 12.3.99)
2024-03-18 17:46:01+0800: Using OpenCL Device 0: NVIDIA GeForce RTX 2060 (NVIDIA Corporation) OpenCL 3.0 CUDA (Extensions: cl_khr_global_int32_base_atomics cl_khr_global_int32_extended_atomics cl_khr_local_int32_base_atomics cl_khr_local_int32_extended_atomics cl_khr_fp64 cl_khr_3d_image_writes cl_khr_byte_addressable_store cl_khr_icd cl_khr_gl_sharing cl_nv_compiler_options cl_nv_device_attribute_query cl_nv_pragma_unroll cl_nv_d3d10_sharing cl_khr_d3d10_sharing cl_nv_d3d11_sharing cl_nv_copy_opts cl_nv_create_buffer cl_khr_int64_base_atomics cl_khr_int64_extended_atomics cl_khr_device_uuid cl_khr_pci_bus_info cl_khr_external_semaphore cl_khr_external_memory cl_khr_external_semaphore_win32 cl_khr_external_memory_win32)
2024-03-18 17:46:01+0800: Loaded tuning parameters from: F:\homework\毕业设计\katago-v1.13.0-opencl-windows-x64/KataGoData/opencltuning/tune11_gpuNVIDIAGeForceRTX2060_x19_y19_c384_mv14.txt
2024-03-18 17:46:01+0800: OpenCL backend thread 0: Device 0 Model version 14
2024-03-18 17:46:01+0800: OpenCL backend thread 0: Device 0 Model name: kata1-b18c384nbt-s7192213760-d3579182099
2024-03-18 17:46:03+0800: OpenCL backend thread 0: Device 0 FP16Storage true FP16Compute false FP16TensorCores true FP16TensorCoresFor1x1 false
2024-03-18 17:46:03+0800: Loaded neural net with nnXLen 9 nnYLen 9
2024-03-18 17:46:03+0800: Initializing board with boardXSize 9 boardYSize 9
2024-03-18 17:46:03+0800: = 
2024-03-18 17:46:10+0800: Controller: loadsgf C:/Users/KILLLAKILL/AppData/LocalLow/DefaultCompany/yiwu/RecentGames\sgf_1701255612.sgf 6
2024-03-18 17:46:10+0800: = 
2024-03-18 17:46:10+0800: Controller: lz-genmove_analyze maxmoves 6
2024-03-18 17:46:15+0800: MoveNum: 5 HASH: FFE96295C396DA517064CFFB0FD39D37
   A B C D E F G H J
 9 . . . . . . . . .
 8 . . . . . . . . .
 7 . . X . . . . . .
 6 . . . . . . . . .
 5 . . . . O O2. . .
 4 . . . . . . . . .
 3 . . X1. @ . X3. .
 2 . . . . . . . . .
 1 . . . . . . . . .

koSIMPLEscoreAREAtaxNONEsui0whbNfpok1komi5.5
Time taken: 5
Root visits: 3269
New playouts: 3269
NN rows: 2426
NN batches: 608
NN avg batch size: 3.99013
PV: E3 D4 F3 H5 H4 G4 G5 J4 D7 D6 H6 H3 C8 C6 E7 E6 F6 G7 H7 B8 D8 F7 B9 F8
Tree:
: T -51.35c W -48.17c S  -2.49c ( -2.0 L  -1.6) N    3269  --  E3 D4 F3 H5 H4 G4 G5
---White(^)---
E3  : T -49.15c W -46.67c S  -2.24c ( -1.9 L  -1.5) LCB  -53.77c P 39.04% WF 1641.0 PSV    1606 N    2406  --  E3 D4 F3 H5 H4 G4 G5 J4
C5  : T -57.96c W -52.44c S  -3.10c ( -2.3 L  -1.7) LCB  -70.49c P 27.75% WF 255.2 PSV     228 N     356  --  C5 D4 C6 E7 F3 F2 E3 E2
E7  : T -53.04c W -47.57c S  -3.26c ( -2.3 L  -2.1) LCB  -66.72c P 12.51% WF 271.5 PSV     186 N     407  --  E7 C5 D4 D3 C4 B4 B3 B5
D7  : T -56.21c W -57.84c S  -2.07c ( -1.7 L  -1.1) LCB  -71.38c P  2.26% WF  29.4 PSV      22 N      34  --  D7 C6 G4 D8 E8 E7 F7
F2  : T -61.43c W -57.68c S  -3.14c ( -2.3 L  -1.6) LCB  -89.87c P  3.40% WF  23.9 PSV      21 N      28  --  F2 H5 C5 D4 D5 F3
F3  : T -78.07c W -73.08c S  -3.84c ( -2.6 L  -2.0) LCB  -99.36c P  5.41% WF  13.8 PSV      15 N      16  --  F3 F2 D3 E3 E2 F4 E4 F3
C6  : T -82.25c W -77.76c S  -4.29c ( -2.8 L  -1.8) LCB -103.95c P  2.65% WF   6.7 PSV       6 N       7  --  C6 D6 D5 E3 D7
G4  : T -82.63c W -77.78c S  -3.63c ( -2.4 L  -2.0) LCB -130.22c P  2.51% WF   4.9 PSV       6 N       5  --  G4 F3 D4 D3
D3  : T -90.46c W -82.36c S  -5.28c ( -3.3 L  -2.3) LCB -134.98c P  2.16% WF   4.0 PSV       4 N       4  --  D3 D4 F3
C4  : T -79.83c W -76.40c S  -3.42c ( -2.4 L  -1.2) LCB -429.83c P  0.62% WF   1.2 PSV       1 N       1  --  C4

2024-03-18 17:46:15+0800: = play E3
