2024-03-18 15:13:42+0800: Running with following config:
allowResignation = true
friendlyPassOk = true
hasButton = false
koRule = SIMPLE
lagBuffer = 1.0
logAllGTPCommunication = true
logDir = gtp_logs
logSearchInfo = true
logToStderr = false
multiStoneSuicideLegal = false
nnCacheSizePowerOfTwo = 20
nnMutexPoolSizePowerOfTwo = 16
numNNServerThreadsPerModel = 1
numSearchThreads = 8
openclDeviceToUseThread0 = 0
ponderingEnabled = false
resignConsecTurns = 3
resignThreshold = -0.90
scoringRule = AREA
searchFactorAfterOnePass = 0.50
searchFactorAfterTwoPass = 0.25
searchFactorWhenWinning = 0.40
searchFactorWhenWinningThreshold = 0.95
taxRule = NONE
whiteHandicapBonus = N

2024-03-18 15:13:42+0800: GTP Engine starting...
2024-03-18 15:13:42+0800: KataGo v1.13.0
2024-03-18 15:13:42+0800: Using Chinese rules initially, unless GTP/GUI overrides this
2024-03-18 15:13:42+0800: Using 8 CPU thread(s) for search
2024-03-18 15:13:43+0800: nnRandSeed0 = 12290145178621459012
2024-03-18 15:13:43+0800: After dedups: nnModelFile0 = F:\homework\毕业设计\katago-v1.13.0-opencl-windows-x64\model.bin useFP16 auto useNHWC auto
2024-03-18 15:13:43+0800: Initializing neural net buffer to be size 19 * 19 exactly
2024-03-18 15:13:43+0800: Found OpenCL Platform 0: NVIDIA CUDA (NVIDIA Corporation) (OpenCL 3.0 CUDA 12.3.99)
2024-03-18 15:13:43+0800: Found 1 device(s) on platform 0 with type CPU or GPU or Accelerator
2024-03-18 15:13:43+0800: Found OpenCL Device 0: NVIDIA GeForce RTX 2060 (NVIDIA Corporation) (score 11000300)
2024-03-18 15:13:43+0800: Creating context for OpenCL Platform: NVIDIA CUDA (NVIDIA Corporation) (OpenCL 3.0 CUDA 12.3.99)
2024-03-18 15:13:43+0800: Using OpenCL Device 0: NVIDIA GeForce RTX 2060 (NVIDIA Corporation) OpenCL 3.0 CUDA (Extensions: cl_khr_global_int32_base_atomics cl_khr_global_int32_extended_atomics cl_khr_local_int32_base_atomics cl_khr_local_int32_extended_atomics cl_khr_fp64 cl_khr_3d_image_writes cl_khr_byte_addressable_store cl_khr_icd cl_khr_gl_sharing cl_nv_compiler_options cl_nv_device_attribute_query cl_nv_pragma_unroll cl_nv_d3d10_sharing cl_khr_d3d10_sharing cl_nv_d3d11_sharing cl_nv_copy_opts cl_nv_create_buffer cl_khr_int64_base_atomics cl_khr_int64_extended_atomics cl_khr_device_uuid cl_khr_pci_bus_info cl_khr_external_semaphore cl_khr_external_memory cl_khr_external_semaphore_win32 cl_khr_external_memory_win32)
2024-03-18 15:13:43+0800: Loaded tuning parameters from: F:\homework\毕业设计\katago-v1.13.0-opencl-windows-x64/KataGoData/opencltuning/tune11_gpuNVIDIAGeForceRTX2060_x19_y19_c384_mv14.txt
2024-03-18 15:13:44+0800: OpenCL backend thread 0: Device 0 Model version 14
2024-03-18 15:13:44+0800: OpenCL backend thread 0: Device 0 Model name: kata1-b18c384nbt-s7192213760-d3579182099
2024-03-18 15:13:46+0800: OpenCL backend thread 0: Device 0 FP16Storage true FP16Compute false FP16TensorCores true FP16TensorCoresFor1x1 false
2024-03-18 15:13:46+0800: Loaded neural net with nnXLen 19 nnYLen 19
2024-03-18 15:13:46+0800: Initializing board with boardXSize 19 boardYSize 19
2024-03-18 15:13:46+0800: Loaded config F:\homework\毕业设计\katago-v1.13.0-opencl-windows-x64\gtp_custom.cfg
2024-03-18 15:13:46+0800: Loaded model F:\homework\毕业设计\katago-v1.13.0-opencl-windows-x64\model.bin
2024-03-18 15:13:46+0800: Model name: kata1-b18c384nbt-s7192213760-d3579182099
2024-03-18 15:13:46+0800: GTP ready, beginning main protocol loop
2024-03-18 15:13:48+0800: Controller: loadsgf C:/Users/KILLLAKILL/AppData/LocalLow/DefaultCompany/yiwu/RecentGames\sgf_1701255612.sgf 1
2024-03-18 15:13:48+0800: Changing komi to 5.5
2024-03-18 15:13:48+0800: GPU 0 finishing, processed 0 rows 0 batches
2024-03-18 15:13:49+0800: Cleaned up old neural net and bot
2024-03-18 15:13:49+0800: nnRandSeed0 = 10708951099107759872
2024-03-18 15:13:49+0800: After dedups: nnModelFile0 = F:\homework\毕业设计\katago-v1.13.0-opencl-windows-x64\model.bin useFP16 auto useNHWC auto
2024-03-18 15:13:49+0800: Initializing neural net buffer to be size 9 * 9 exactly
2024-03-18 15:13:49+0800: Found OpenCL Platform 0: NVIDIA CUDA (NVIDIA Corporation) (OpenCL 3.0 CUDA 12.3.99)
2024-03-18 15:13:49+0800: Found 1 device(s) on platform 0 with type CPU or GPU or Accelerator
2024-03-18 15:13:49+0800: Found OpenCL Device 0: NVIDIA GeForce RTX 2060 (NVIDIA Corporation) (score 11000300)
2024-03-18 15:13:49+0800: Creating context for OpenCL Platform: NVIDIA CUDA (NVIDIA Corporation) (OpenCL 3.0 CUDA 12.3.99)
2024-03-18 15:13:49+0800: Using OpenCL Device 0: NVIDIA GeForce RTX 2060 (NVIDIA Corporation) OpenCL 3.0 CUDA (Extensions: cl_khr_global_int32_base_atomics cl_khr_global_int32_extended_atomics cl_khr_local_int32_base_atomics cl_khr_local_int32_extended_atomics cl_khr_fp64 cl_khr_3d_image_writes cl_khr_byte_addressable_store cl_khr_icd cl_khr_gl_sharing cl_nv_compiler_options cl_nv_device_attribute_query cl_nv_pragma_unroll cl_nv_d3d10_sharing cl_khr_d3d10_sharing cl_nv_d3d11_sharing cl_nv_copy_opts cl_nv_create_buffer cl_khr_int64_base_atomics cl_khr_int64_extended_atomics cl_khr_device_uuid cl_khr_pci_bus_info cl_khr_external_semaphore cl_khr_external_memory cl_khr_external_semaphore_win32 cl_khr_external_memory_win32)
2024-03-18 15:13:49+0800: Loaded tuning parameters from: F:\homework\毕业设计\katago-v1.13.0-opencl-windows-x64/KataGoData/opencltuning/tune11_gpuNVIDIAGeForceRTX2060_x19_y19_c384_mv14.txt
2024-03-18 15:13:49+0800: OpenCL backend thread 0: Device 0 Model version 14
2024-03-18 15:13:49+0800: OpenCL backend thread 0: Device 0 Model name: kata1-b18c384nbt-s7192213760-d3579182099
2024-03-18 15:13:52+0800: OpenCL backend thread 0: Device 0 FP16Storage true FP16Compute false FP16TensorCores true FP16TensorCoresFor1x1 false
2024-03-18 15:13:52+0800: Loaded neural net with nnXLen 9 nnYLen 9
2024-03-18 15:13:52+0800: Initializing board with boardXSize 9 boardYSize 9
2024-03-18 15:13:52+0800: = 
2024-03-18 15:13:56+0800: Controller: loadsgf C:/Users/KILLLAKILL/AppData/LocalLow/DefaultCompany/yiwu/RecentGames\sgf_1701255612.sgf 6
2024-03-18 15:13:56+0800: = 
2024-03-18 15:13:56+0800: Controller: lz-genmove_analyze maxmoves 6
2024-03-18 15:14:01+0800: MoveNum: 5 HASH: FFE96295C396DA517064CFFB0FD39D37
   A B C D E F G H J
 9 . . . . . . . . .
 8 . . . . . . . . .
 7 . . X . . . . . .
 6 . . . . . . . . .
 5 . . . . O O2. . .
 4 . . . . . . . . .
 3 . . X1. @ . X3. .
 2 . . . . . . . . .
 1 . . . . . . . . .

koSIMPLEscoreAREAtaxNONEsui0whbNfpok1komi5.5
Time taken: 5
Root visits: 3435
New playouts: 3435
NN rows: 2410
NN batches: 604
NN avg batch size: 3.99007
PV: E3 D4 F3 G6 H4 F7 E7 D6 E6 H5 C2 H3 G4 J4 E8 B2 G8 F8 F9 H8
Tree:
: T -34.21c W -33.98c S  -0.98c ( -1.4 L  -0.9) N    3435  --  E3 D4 F3 G6 H4 F7 E7
---White(^)---
E3  : T -31.97c W -32.05c S  -0.87c ( -1.3 L  -0.9) LCB  -36.35c P 34.58% WF 2015.6 PSV    1978 N    3182  --  E3 D4 F3 G6 H4 F7 E7 D6
E7  : T -51.49c W -51.98c S  -1.11c ( -1.4 L  -0.9) LCB  -70.10c P 17.52% WF  68.5 PSV      79 N     109  --  E7 C5 D4 C4 G4 H4 H5 F4
C5  : T -62.06c W -54.15c S  -3.01c ( -2.4 L  -1.8) LCB  -79.62c P 26.16% WF  61.9 PSV      78 N     100  --  C5 D4 C6 E7 F3 F2 E3 E2
F3  : T -79.34c W -69.79c S  -3.34c ( -2.4 L  -1.8) LCB -100.25c P  7.30% WF  10.5 PSV      14 N      14  --  F3 F2 E2 E3 D3 F4 E4 F3
F2  : T -53.18c W -52.62c S  -1.84c ( -1.8 L  -1.0) LCB  -79.90c P  2.18% WF   7.5 PSV       9 N       9  --  F2 H5 C5 D4
G4  : T -82.26c W -76.50c S  -3.25c ( -2.3 L  -1.9) LCB -126.53c P  2.54% WF   4.3 PSV       4 N       5  --  G4 F3 D4 D3
D7  : T -77.52c W -72.50c S  -3.10c ( -2.3 L  -1.4) LCB -130.30c P  2.34% WF   3.8 PSV       4 N       4  --  D7 C6 G4
C6  : T -86.07c W -78.99c S  -3.95c ( -2.7 L  -1.7) LCB -165.25c P  2.37% WF   3.0 PSV       4 N       3  --  C6 D6 D5
D3  : T -93.77c W -82.69c S  -5.80c ( -3.6 L  -2.9) LCB -172.31c P  1.81% WF   2.9 PSV       2 N       3  --  D3 D4 E3
C4  : T -81.55c W -77.99c S  -3.56c ( -2.5 L  -1.3) LCB -431.55c P  1.11% WF   1.1 PSV       2 N       1  --  C4

2024-03-18 15:14:01+0800: = play E3
