2024-05-09 21:54:23+0800: Running with following config:
allowResignation = true
friendlyPassOk = true
hasButton = false
koRule = SIMPLE
lagBuffer = 1.0
logAllGTPCommunication = true
logDir = gtp_logs
logSearchInfo = true
logToStderr = false
multiStoneSuicideLegal = false
nnCacheSizePowerOfTwo = 20
nnMutexPoolSizePowerOfTwo = 16
numNNServerThreadsPerModel = 1
numSearchThreads = 8
openclDeviceToUseThread0 = 0
ponderingEnabled = false
resignConsecTurns = 3
resignThreshold = -0.90
scoringRule = AREA
searchFactorAfterOnePass = 0.50
searchFactorAfterTwoPass = 0.25
searchFactorWhenWinning = 0.40
searchFactorWhenWinningThreshold = 0.95
taxRule = NONE
whiteHandicapBonus = N

2024-05-09 21:54:23+0800: GTP Engine starting...
2024-05-09 21:54:23+0800: KataGo v1.13.0
2024-05-09 21:54:23+0800: Using Chinese rules initially, unless GTP/GUI overrides this
2024-05-09 21:54:23+0800: Using 8 CPU thread(s) for search
2024-05-09 21:54:23+0800: nnRandSeed0 = 9641681300876780608
2024-05-09 21:54:23+0800: After dedups: nnModelFile0 = F:/unity_project/yiwu/Assets/StreamingAssets\katago-v1.13.0-opencl-windows-x64\model.bin useFP16 auto useNHWC auto
2024-05-09 21:54:23+0800: Initializing neural net buffer to be size 19 * 19 exactly
2024-05-09 21:54:24+0800: Found OpenCL Platform 0: NVIDIA CUDA (NVIDIA Corporation) (OpenCL 3.0 CUDA 12.3.99)
2024-05-09 21:54:24+0800: Found 1 device(s) on platform 0 with type CPU or GPU or Accelerator
2024-05-09 21:54:24+0800: Found OpenCL Device 0: NVIDIA GeForce RTX 2060 (NVIDIA Corporation) (score 11000300)
2024-05-09 21:54:24+0800: Creating context for OpenCL Platform: NVIDIA CUDA (NVIDIA Corporation) (OpenCL 3.0 CUDA 12.3.99)
2024-05-09 21:54:24+0800: Using OpenCL Device 0: NVIDIA GeForce RTX 2060 (NVIDIA Corporation) OpenCL 3.0 CUDA (Extensions: cl_khr_global_int32_base_atomics cl_khr_global_int32_extended_atomics cl_khr_local_int32_base_atomics cl_khr_local_int32_extended_atomics cl_khr_fp64 cl_khr_3d_image_writes cl_khr_byte_addressable_store cl_khr_icd cl_khr_gl_sharing cl_nv_compiler_options cl_nv_device_attribute_query cl_nv_pragma_unroll cl_nv_d3d10_sharing cl_khr_d3d10_sharing cl_nv_d3d11_sharing cl_nv_copy_opts cl_nv_create_buffer cl_khr_int64_base_atomics cl_khr_int64_extended_atomics cl_khr_device_uuid cl_khr_pci_bus_info cl_khr_external_semaphore cl_khr_external_memory cl_khr_external_semaphore_win32 cl_khr_external_memory_win32)
2024-05-09 21:54:24+0800: Loaded tuning parameters from: F:\unity_project\yiwu\Assets\StreamingAssets\katago-v1.13.0-opencl-windows-x64/KataGoData/opencltuning/tune11_gpuNVIDIAGeForceRTX2060_x19_y19_c384_mv14.txt
2024-05-09 21:54:25+0800: OpenCL backend thread 0: Device 0 Model version 14
2024-05-09 21:54:25+0800: OpenCL backend thread 0: Device 0 Model name: kata1-b18c384nbt-s7192213760-d3579182099
2024-05-09 21:54:27+0800: OpenCL backend thread 0: Device 0 FP16Storage true FP16Compute false FP16TensorCores true FP16TensorCoresFor1x1 false
2024-05-09 21:54:27+0800: Loaded neural net with nnXLen 19 nnYLen 19
2024-05-09 21:54:27+0800: Initializing board with boardXSize 19 boardYSize 19
2024-05-09 21:54:27+0800: Loaded config F:/unity_project/yiwu/Assets/StreamingAssets\katago-v1.13.0-opencl-windows-x64\gtp_custom.cfg
2024-05-09 21:54:27+0800: Loaded model F:/unity_project/yiwu/Assets/StreamingAssets\katago-v1.13.0-opencl-windows-x64\model.bin
2024-05-09 21:54:27+0800: Model name: kata1-b18c384nbt-s7192213760-d3579182099
2024-05-09 21:54:27+0800: GTP ready, beginning main protocol loop
2024-05-09 21:54:31+0800: Controller: clear_board
2024-05-09 21:54:31+0800: = 
2024-05-09 21:54:31+0800: Controller: komi 7.5
2024-05-09 21:54:31+0800: = 
2024-05-09 21:54:31+0800: Controller: boardsize 19
2024-05-09 21:54:31+0800: = 
2024-05-09 21:54:32+0800: Controller: play b K9
2024-05-09 21:54:32+0800: = 
2024-05-09 21:54:32+0800: Controller: genmove w
2024-05-09 21:54:37+0800: MoveNum: 1 HASH: C5B3A86777AAE45F1CA80B82D8B9A186
   A B C D E F G H J K L M N O P Q R S T
19 . . . . . . . . . . . . . . . . . . .
18 . . . . . . . . . . . . . . . . . . .
17 . . . . . . . . . . . . . . . . . . .
16 . . . . . . . . . . . . . . . . . . .
15 . . . . . . . . . . . . . . . . . . .
14 . . . . . . . . . . . . . . . . . . .
13 . . . . . . . . . . . . . . . . . . .
12 . . . . . . . . . . . . . . . . . . .
11 . . . . . . . . . . . . . . . . . . .
10 . . . . . . . . . . . . . . . . . . .
 9 . . . . . . . . . X1. . . . . . . . .
 8 . . . . . . . . . . . . . . . . . . .
 7 . . . . . . . . . . . . . . . . . . .
 6 . . . . . . . . . . . . . . . . . . .
 5 . . . . . . . . . . . . . . . . . . .
 4 . . . @ . . . . . . . . . . . . . . .
 3 . . . . . . . . . . . . . . . . . . .
 2 . . . . . . . . . . . . . . . . . . .
 1 . . . . . . . . . . . . . . . . . . .

koSIMPLEscoreAREAtaxNONEsui0whbNfpok1komi7.5
Time taken: 5.031
Root visits: 1230
New playouts: 1230
NN rows: 1099
NN batches: 276
NN avg batch size: 3.98188
PV: D4 Q16 R4 C16 E17 H16 O3 D17 D15 E16
Tree:
: T  35.42c W  34.82c S   0.73c ( +2.4 L  +1.7) N    1230  --  D4 Q16 R4 C16 E17 H16 O3
---White(^)---
D4  : T  35.72c W  34.94c S   0.74c ( +2.5 L  +1.7) LCB   35.03c P 17.45% WF 1074.6 PSV    1071 N     444  --  D4 Q16 R4 C16 E17 H16 O3 D17
D16 : T  34.55c W  34.39c S   0.73c ( +2.5 L  +1.7) LCB   33.15c P 12.57% WF 326.6 PSV     180 N     133  --  D16 Q4 D3 Q17 R15 R12 P16 Q16
C4  : T  35.71c W  35.06c S   0.72c ( +2.4 L  +1.6) LCB   34.92c P  2.84% WF 598.0 PSV     170 N     253  --  C4 Q4 Q16 D16 F3 R17 R16 Q17
D3  : T  35.50c W  34.89c S   0.73c ( +2.4 L  +1.7) LCB   34.73c P  3.50% WF 624.7 PSV     132 N     261  --  D3 Q16 Q4 C16 C6 R3 Q3 R4
C16 : T  35.01c W  34.50c S   0.73c ( +2.5 L  +1.7) LCB   33.60c P  2.92% WF 179.5 PSV      60 N      73  --  C16 Q4 D4 Q16 F17 F3 C6 D16
D17 : T  34.92c W  34.63c S   0.74c ( +2.5 L  +1.7) LCB   33.15c P  2.67% WF 104.5 PSV      50 N      43  --  D17 Q4 D4 Q16 C14 C3 D3 C4
D15 : T  33.42c W  33.32c S   0.53c ( +2.3 L  +1.4) LCB  -40.79c P  0.67% WF   6.4 PSV       5 N       3  --  D15 Q4
E4  : T  33.92c W  33.76c S   0.55c ( +2.3 L  +1.4) LCB  -40.40c P  0.53% WF   6.3 PSV       5 N       3  --  E4 Q16
E16 : T  32.66c W  32.72c S   0.57c ( +2.3 L  +1.5) LCB  -41.71c P  0.66% WF   6.4 PSV       4 N       3  --  E16 Q4 C16
C3  : T  30.30c W  30.36c S   0.31c ( +2.0 L  +1.6) LCB -119.10c P  0.63% WF   4.3 PSV       2 N       2  --  C3 Q16

2024-05-09 21:54:37+0800: = D4
2024-05-09 21:54:48+0800: Controller: clear_board
2024-05-09 21:54:48+0800: = 
2024-05-09 21:54:48+0800: Controller: komi 6.5
2024-05-09 21:54:48+0800: = 
2024-05-09 21:54:48+0800: Controller: boardsize 9
2024-05-09 21:54:48+0800: GPU 0 finishing, processed 1099 rows 276 batches
2024-05-09 21:54:48+0800: Cleaned up old neural net and bot
2024-05-09 21:54:48+0800: nnRandSeed0 = 11297667750191571121
2024-05-09 21:54:48+0800: After dedups: nnModelFile0 = F:/unity_project/yiwu/Assets/StreamingAssets\katago-v1.13.0-opencl-windows-x64\model.bin useFP16 auto useNHWC auto
2024-05-09 21:54:48+0800: Initializing neural net buffer to be size 9 * 9 exactly
2024-05-09 21:54:49+0800: Found OpenCL Platform 0: NVIDIA CUDA (NVIDIA Corporation) (OpenCL 3.0 CUDA 12.3.99)
2024-05-09 21:54:49+0800: Found 1 device(s) on platform 0 with type CPU or GPU or Accelerator
2024-05-09 21:54:49+0800: Found OpenCL Device 0: NVIDIA GeForce RTX 2060 (NVIDIA Corporation) (score 11000300)
2024-05-09 21:54:49+0800: Creating context for OpenCL Platform: NVIDIA CUDA (NVIDIA Corporation) (OpenCL 3.0 CUDA 12.3.99)
2024-05-09 21:54:49+0800: Using OpenCL Device 0: NVIDIA GeForce RTX 2060 (NVIDIA Corporation) OpenCL 3.0 CUDA (Extensions: cl_khr_global_int32_base_atomics cl_khr_global_int32_extended_atomics cl_khr_local_int32_base_atomics cl_khr_local_int32_extended_atomics cl_khr_fp64 cl_khr_3d_image_writes cl_khr_byte_addressable_store cl_khr_icd cl_khr_gl_sharing cl_nv_compiler_options cl_nv_device_attribute_query cl_nv_pragma_unroll cl_nv_d3d10_sharing cl_khr_d3d10_sharing cl_nv_d3d11_sharing cl_nv_copy_opts cl_nv_create_buffer cl_khr_int64_base_atomics cl_khr_int64_extended_atomics cl_khr_device_uuid cl_khr_pci_bus_info cl_khr_external_semaphore cl_khr_external_memory cl_khr_external_semaphore_win32 cl_khr_external_memory_win32)
2024-05-09 21:54:49+0800: Loaded tuning parameters from: F:\unity_project\yiwu\Assets\StreamingAssets\katago-v1.13.0-opencl-windows-x64/KataGoData/opencltuning/tune11_gpuNVIDIAGeForceRTX2060_x19_y19_c384_mv14.txt
2024-05-09 21:54:50+0800: OpenCL backend thread 0: Device 0 Model version 14
2024-05-09 21:54:50+0800: OpenCL backend thread 0: Device 0 Model name: kata1-b18c384nbt-s7192213760-d3579182099
2024-05-09 21:54:52+0800: OpenCL backend thread 0: Device 0 FP16Storage true FP16Compute false FP16TensorCores true FP16TensorCoresFor1x1 false
2024-05-09 21:54:52+0800: Loaded neural net with nnXLen 9 nnYLen 9
2024-05-09 21:54:52+0800: Initializing board with boardXSize 9 boardYSize 9
2024-05-09 21:54:52+0800: = 
2024-05-09 21:54:53+0800: Controller: play b E5
2024-05-09 21:54:53+0800: = 
2024-05-09 21:54:53+0800: Controller: genmove w
2024-05-09 21:54:58+0800: MoveNum: 1 HASH: 38E71B648B5DE3A43B414F57C285AD76
   A B C D E F G H J
 9 . . . . . . . . .
 8 . . . . . . . . .
 7 . . . . . . . . .
 6 . . . . . . . . .
 5 . . . . X1. . . .
 4 . . @ . . . . . .
 3 . . . . . . . . .
 2 . . . . . . . . .
 1 . . . . . . . . .

koSIMPLEscoreAREAtaxNONEsui0whbNfpok1komi6.5
Time taken: 5
Root visits: 2700
New playouts: 2700
NN rows: 2330
NN batches: 584
NN avg batch size: 3.98973
PV: C4 D3 C6 G6 G3 D7 C7 H4 G4 H5 F6 F5 G5 G7 E4 D4 D5 E6 E3 C3 B4 E2 F2 D2 H3
Tree:
: T -58.88c W -56.75c S  -2.22c ( -1.8 L  -1.0) N    2700  --  C4 D3 C6 G6 G3 D7 C7
---White(^)---
C4  : T -58.39c W -56.34c S  -2.18c ( -1.8 L  -1.1) LCB  -60.72c P  9.77% WF 2207.7 PSV    2203 N    2641  --  C4 D3 C6 G6 G3 D7 C7 H4
C5  : T -63.23c W -60.03c S  -1.79c ( -1.6 L  -0.5) LCB  -67.60c P  3.57% WF  44.3 PSV      38 N      26  --  C5 G4 F7 D6 D3 C6 G6 E8
C3  : T -64.70c W -62.17c S  -1.90c ( -1.6 L  -0.4) LCB  -75.21c P  1.07% WF  24.1 PSV       8 N      16  --  C3 C5 F3 F7 E7
D4  : T -71.64c W -70.03c S  -2.66c ( -2.0 L  -0.2) LCB -102.01c P  0.03% WF   8.1 PSV       0 N       5  --  D4 D5 C5
D5  : T -91.56c W -85.83c S  -5.73c ( -3.9 L  -0.5) LCB -441.56c P  0.01% WF   2.9 PSV       0 N       1  --  D5
B5  : T -90.15c W -84.81c S  -5.33c ( -3.3 L  -1.2) LCB -440.15c P  0.01% WF   1.8 PSV       0 N       1  --  B5
B4  : T -95.78c W -89.29c S  -6.49c ( -3.9 L  -1.7) LCB -445.78c P  0.01% WF   1.7 PSV       0 N       1  --  B4
pss : T -116.88c W -99.64c S -17.24c ( -8.5 L  -7.3) LCB -466.88c P  0.00% WF   1.3 PSV       0 N       1  --  pass
B3  : T -102.25c W -93.82c S  -8.43c ( -4.6 L  -2.8) LCB -452.25c P  0.00% WF   1.1 PSV       0 N       1  --  B3
B2  : T -111.22c W -98.41c S -12.81c ( -6.4 L  -5.3) LCB -461.22c P  0.00% WF   1.1 PSV       0 N       1  --  B2

2024-05-09 21:54:58+0800: = C4
