2024-03-18 13:11:18+0800: Running with following config:
allowResignation = true
friendlyPassOk = true
hasButton = false
koRule = SIMPLE
lagBuffer = 1.0
logAllGTPCommunication = true
logDir = gtp_logs
logSearchInfo = true
logToStderr = false
multiStoneSuicideLegal = false
nnCacheSizePowerOfTwo = 20
nnMutexPoolSizePowerOfTwo = 16
numNNServerThreadsPerModel = 1
numSearchThreads = 8
openclDeviceToUseThread0 = 0
ponderingEnabled = false
resignConsecTurns = 3
resignThreshold = -0.90
scoringRule = AREA
searchFactorAfterOnePass = 0.50
searchFactorAfterTwoPass = 0.25
searchFactorWhenWinning = 0.40
searchFactorWhenWinningThreshold = 0.95
taxRule = NONE
whiteHandicapBonus = N

2024-03-18 13:11:18+0800: GTP Engine starting...
2024-03-18 13:11:18+0800: KataGo v1.13.0
2024-03-18 13:11:18+0800: Using Chinese rules initially, unless GTP/GUI overrides this
2024-03-18 13:11:18+0800: Using 8 CPU thread(s) for search
2024-03-18 13:11:18+0800: nnRandSeed0 = 3909501625196029944
2024-03-18 13:11:18+0800: After dedups: nnModelFile0 = F:\homework\毕业设计\katago-v1.13.0-opencl-windows-x64\model.bin useFP16 auto useNHWC auto
2024-03-18 13:11:18+0800: Initializing neural net buffer to be size 19 * 19 exactly
2024-03-18 13:11:19+0800: Found OpenCL Platform 0: NVIDIA CUDA (NVIDIA Corporation) (OpenCL 3.0 CUDA 12.3.99)
2024-03-18 13:11:19+0800: Found 1 device(s) on platform 0 with type CPU or GPU or Accelerator
2024-03-18 13:11:19+0800: Found OpenCL Device 0: NVIDIA GeForce RTX 2060 (NVIDIA Corporation) (score 11000300)
2024-03-18 13:11:19+0800: Creating context for OpenCL Platform: NVIDIA CUDA (NVIDIA Corporation) (OpenCL 3.0 CUDA 12.3.99)
2024-03-18 13:11:19+0800: Using OpenCL Device 0: NVIDIA GeForce RTX 2060 (NVIDIA Corporation) OpenCL 3.0 CUDA (Extensions: cl_khr_global_int32_base_atomics cl_khr_global_int32_extended_atomics cl_khr_local_int32_base_atomics cl_khr_local_int32_extended_atomics cl_khr_fp64 cl_khr_3d_image_writes cl_khr_byte_addressable_store cl_khr_icd cl_khr_gl_sharing cl_nv_compiler_options cl_nv_device_attribute_query cl_nv_pragma_unroll cl_nv_d3d10_sharing cl_khr_d3d10_sharing cl_nv_d3d11_sharing cl_nv_copy_opts cl_nv_create_buffer cl_khr_int64_base_atomics cl_khr_int64_extended_atomics cl_khr_device_uuid cl_khr_pci_bus_info cl_khr_external_semaphore cl_khr_external_memory cl_khr_external_semaphore_win32 cl_khr_external_memory_win32)
2024-03-18 13:11:19+0800: Loaded tuning parameters from: F:\homework\毕业设计\katago-v1.13.0-opencl-windows-x64/KataGoData/opencltuning/tune11_gpuNVIDIAGeForceRTX2060_x19_y19_c384_mv14.txt
2024-03-18 13:11:19+0800: OpenCL backend thread 0: Device 0 Model version 14
2024-03-18 13:11:19+0800: OpenCL backend thread 0: Device 0 Model name: kata1-b18c384nbt-s7192213760-d3579182099
2024-03-18 13:11:21+0800: OpenCL backend thread 0: Device 0 FP16Storage true FP16Compute false FP16TensorCores true FP16TensorCoresFor1x1 false
2024-03-18 13:11:21+0800: Loaded neural net with nnXLen 19 nnYLen 19
2024-03-18 13:11:21+0800: Initializing board with boardXSize 19 boardYSize 19
2024-03-18 13:11:21+0800: Loaded config F:\homework\毕业设计\katago-v1.13.0-opencl-windows-x64\gtp_custom.cfg
2024-03-18 13:11:21+0800: Loaded model F:\homework\毕业设计\katago-v1.13.0-opencl-windows-x64\model.bin
2024-03-18 13:11:21+0800: Model name: kata1-b18c384nbt-s7192213760-d3579182099
2024-03-18 13:11:21+0800: GTP ready, beginning main protocol loop
2024-03-18 13:11:23+0800: Controller: loadsgf C:/Users/KILLLAKILL/AppData/LocalLow/DefaultCompany/yiwu/RecentGames\sgf_1701255612.sgf 1
2024-03-18 13:11:23+0800: Changing komi to 5.5
2024-03-18 13:11:23+0800: GPU 0 finishing, processed 0 rows 0 batches
2024-03-18 13:11:23+0800: Cleaned up old neural net and bot
2024-03-18 13:11:23+0800: nnRandSeed0 = 11447229088732545961
2024-03-18 13:11:23+0800: After dedups: nnModelFile0 = F:\homework\毕业设计\katago-v1.13.0-opencl-windows-x64\model.bin useFP16 auto useNHWC auto
2024-03-18 13:11:23+0800: Initializing neural net buffer to be size 9 * 9 exactly
2024-03-18 13:11:23+0800: Found OpenCL Platform 0: NVIDIA CUDA (NVIDIA Corporation) (OpenCL 3.0 CUDA 12.3.99)
2024-03-18 13:11:23+0800: Found 1 device(s) on platform 0 with type CPU or GPU or Accelerator
2024-03-18 13:11:23+0800: Found OpenCL Device 0: NVIDIA GeForce RTX 2060 (NVIDIA Corporation) (score 11000300)
2024-03-18 13:11:23+0800: Creating context for OpenCL Platform: NVIDIA CUDA (NVIDIA Corporation) (OpenCL 3.0 CUDA 12.3.99)
2024-03-18 13:11:24+0800: Using OpenCL Device 0: NVIDIA GeForce RTX 2060 (NVIDIA Corporation) OpenCL 3.0 CUDA (Extensions: cl_khr_global_int32_base_atomics cl_khr_global_int32_extended_atomics cl_khr_local_int32_base_atomics cl_khr_local_int32_extended_atomics cl_khr_fp64 cl_khr_3d_image_writes cl_khr_byte_addressable_store cl_khr_icd cl_khr_gl_sharing cl_nv_compiler_options cl_nv_device_attribute_query cl_nv_pragma_unroll cl_nv_d3d10_sharing cl_khr_d3d10_sharing cl_nv_d3d11_sharing cl_nv_copy_opts cl_nv_create_buffer cl_khr_int64_base_atomics cl_khr_int64_extended_atomics cl_khr_device_uuid cl_khr_pci_bus_info cl_khr_external_semaphore cl_khr_external_memory cl_khr_external_semaphore_win32 cl_khr_external_memory_win32)
2024-03-18 13:11:24+0800: Loaded tuning parameters from: F:\homework\毕业设计\katago-v1.13.0-opencl-windows-x64/KataGoData/opencltuning/tune11_gpuNVIDIAGeForceRTX2060_x19_y19_c384_mv14.txt
2024-03-18 13:11:24+0800: OpenCL backend thread 0: Device 0 Model version 14
2024-03-18 13:11:24+0800: OpenCL backend thread 0: Device 0 Model name: kata1-b18c384nbt-s7192213760-d3579182099
2024-03-18 13:11:26+0800: OpenCL backend thread 0: Device 0 FP16Storage true FP16Compute false FP16TensorCores true FP16TensorCoresFor1x1 false
2024-03-18 13:11:26+0800: Loaded neural net with nnXLen 9 nnYLen 9
2024-03-18 13:11:26+0800: Initializing board with boardXSize 9 boardYSize 9
2024-03-18 13:11:26+0800: = 
2024-03-18 13:11:29+0800: Controller: loadsgf C:/Users/KILLLAKILL/AppData/LocalLow/DefaultCompany/yiwu/RecentGames\sgf_1701255612.sgf 6
2024-03-18 13:11:29+0800: = 
2024-03-18 13:11:29+0800: Controller: lz-genmove_analyze maxmoves 6
2024-03-18 13:11:34+0800: MoveNum: 5 HASH: FFE96295C396DA517064CFFB0FD39D37
   A B C D E F G H J
 9 . . . . . . . . .
 8 . . . . . . . . .
 7 . . X . . . . . .
 6 . . . . . . . . .
 5 . . . . O O2. . .
 4 . . . . . . . . .
 3 . . X1. @ . X3. .
 2 . . . . . . . . .
 1 . . . . . . . . .

koSIMPLEscoreAREAtaxNONEsui0whbNfpok1komi5.5
Time taken: 5.031
Root visits: 3471
New playouts: 3471
NN rows: 2514
NN batches: 630
NN avg batch size: 3.99048
PV: E3 D4 F3 H5 H4 G4 G5 H3 H6 J4 D7 D6 C8 C6 E7 E6 F6 G7 H7 B8 D8 F7 B9 F8 B7
Tree:
: T -54.21c W -49.47c S  -3.30c ( -2.7 L  -2.4) N    3471  --  E3 D4 F3 H5 H4 G4 G5
---White(^)---
E3  : T -52.22c W -47.54c S  -3.29c ( -2.7 L  -2.4) LCB  -57.10c P 34.58% WF 1836.1 PSV    1802 N    2746  --  E3 D4 F3 H5 H4 G4 G5 H3
E7  : T -55.50c W -51.58c S  -3.27c ( -2.4 L  -2.2) LCB  -67.01c P 17.52% WF 318.1 PSV     326 N     461  --  E7 C5 D4 D3 C4 B4 B3 B5
C5  : T -71.23c W -60.92c S  -4.38c ( -3.1 L  -2.5) LCB  -87.12c P 26.16% WF 104.0 PSV     120 N     146  --  C5 D4 C6 E7 F3 F2 E3 E2
D7  : T -55.59c W -59.39c S  -2.05c ( -1.8 L  -1.1) LCB  -72.24c P  2.34% WF  36.5 PSV      38 N      43  --  D7 D6 E7 C6 G4 E6 F6 F7
F3  : T -76.50c W -69.11c S  -3.36c ( -2.4 L  -1.8) LCB -106.10c P  7.30% WF  23.0 PSV      26 N      26  --  F3 F2 E7 C5 G4
F2  : T -61.11c W -55.43c S  -2.51c ( -2.1 L  -1.4) LCB  -87.29c P  2.18% WF  20.1 PSV      19 N      24  --  F2 H5 C5 D4 D5
G4  : T -79.65c W -75.93c S  -3.20c ( -2.3 L  -1.8) LCB -105.65c P  2.54% WF   6.8 PSV       8 N       7  --  G4 F3 D4 D3
C6  : T -89.30c W -81.28c S  -4.62c ( -3.1 L  -2.0) LCB -121.91c P  2.37% WF   5.2 PSV       5 N       5  --  C6 D6 D5 B6 C5
D3  : T -92.19c W -83.17c S  -5.59c ( -3.5 L  -2.7) LCB -138.39c P  1.81% WF   4.2 PSV       4 N       4  --  D3 D4 F3
C4  : T -88.63c W -81.75c S  -4.51c ( -3.0 L  -1.9) LCB -168.00c P  1.11% WF   3.6 PSV       2 N       3  --  C4 D4 D5

2024-03-18 13:11:34+0800: = play E3
2024-03-18 13:12:48+0800: Controller: loadsgf C:/Users/KILLLAKILL/AppData/LocalLow/DefaultCompany/yiwu/RecentGames\sgf_1701255612.sgf 6
2024-03-18 13:12:48+0800: = 
2024-03-18 13:12:48+0800: Controller: lz-genmove_analyze maxmoves 6
2024-03-18 13:12:53+0800: MoveNum: 5 HASH: FFE96295C396DA517064CFFB0FD39D37
   A B C D E F G H J
 9 . . . . . . . . .
 8 . . . . . . . . .
 7 . . X . . . . . .
 6 . . . . . . . . .
 5 . . . . O O2. . .
 4 . . . . . . . . .
 3 . . X1. . @ X3. .
 2 . . . . . . . . .
 1 . . . . . . . . .

koSIMPLEscoreAREAtaxNONEsui0whbNfpok1komi5.5
Time taken: 5
Root visits: 7008
New playouts: 7008
NN rows: 2517
NN batches: 631
NN avg batch size: 3.98891
PV: F3 F2 C5 F7 E7 E8 F8 E6 G7 D7 D3 E3 D2 D4
Tree:
: T -59.36c W -54.42c S  -3.64c ( -2.8 L  -2.4) N    7008  --  F3 F2 C5 F7 E7 E8 F8
---White(^)---
F3  : T -56.79c W -53.60c S  -3.61c ( -2.7 L  -2.4) LCB  -62.08c P  7.30% WF 1477.0 PSV    3087 N    2071  --  F3 F2 C5 F7 E7 E8 F8 E6
E3  : T -58.51c W -52.82c S  -3.61c ( -2.9 L  -2.5) LCB  -62.51c P 34.58% WF 2652.3 PSV    2629 N    4021  --  E3 D4 F3 H5 H4 G4 G5 J4
E7  : T -64.19c W -58.82c S  -3.96c ( -2.7 L  -2.4) LCB  -75.03c P 17.52% WF 339.1 PSV     354 N     483  --  E7 C5 D4 D3 C4 B4 B3 B5
C5  : T -79.29c W -68.44c S  -4.93c ( -3.4 L  -2.7) LCB  -90.32c P 26.16% WF 144.9 PSV     179 N     202  --  C5 D4 C6 E7 F3 F2 E3 E2
F2  : T -59.97c W -57.19c S  -3.00c ( -2.4 L  -1.7) LCB  -72.46c P  2.18% WF 106.1 PSV      96 N     124  --  F2 H5 C5 D4 D5 F3 F7 D8
D7  : T -64.20c W -63.94c S  -2.54c ( -2.1 L  -1.3) LCB  -78.85c P  2.34% WF  52.5 PSV      47 N      64  --  D7 D6 E7 C6 G4 E6 F6 F7
G4  : T -83.47c W -79.76c S  -4.00c ( -2.7 L  -2.2) LCB -103.66c P  2.54% WF  12.5 PSV      14 N      13  --  G4 F3 D4 D3 D8
C6  : T -94.89c W -84.83c S  -5.53c ( -3.5 L  -2.4) LCB -114.96c P  2.37% WF   7.5 PSV       9 N       7  --  C6 D6 D5 B6 C5 E3
D3  : T -87.50c W -79.79c S  -5.16c ( -3.3 L  -2.5) LCB -121.65c P  1.81% WF   7.3 PSV       9 N       7  --  D3 D4 F3 E3 F2
C4  : T -84.99c W -80.30c S  -4.44c ( -2.9 L  -2.0) LCB -117.14c P  1.11% WF   6.4 PSV       6 N       6  --  C4 D4 D5 E3

2024-03-18 13:12:53+0800: = play F3
2024-03-18 13:13:18+0800: Controller: loadsgf C:/Users/KILLLAKILL/AppData/LocalLow/DefaultCompany/yiwu/RecentGames\sgf_1701255612.sgf 6
2024-03-18 13:13:18+0800: = 
2024-03-18 13:13:18+0800: Controller: lz-genmove_analyze maxmoves 6
2024-03-18 13:13:23+0800: MoveNum: 5 HASH: FFE96295C396DA517064CFFB0FD39D37
   A B C D E F G H J
 9 . . . . . . . . .
 8 . . . . . . . . .
 7 . . X . . . . . .
 6 . . . . . . . . .
 5 . . . . O O2. . .
 4 . . . . . . . . .
 3 . . X1. @ . X3. .
 2 . . . . . . . . .
 1 . . . . . . . . .

koSIMPLEscoreAREAtaxNONEsui0whbNfpok1komi5.5
Time taken: 5
Root visits: 10279
New playouts: 10279
NN rows: 2504
NN batches: 628
NN avg batch size: 3.98726
PV: E3 D4 F3 H5 H4 G4 G5 J4 H6 H3 J6 E7 D6 C6 F2 G7 G6 D2 D3 C4 G8 J5 H2 G2 G1
Tree:
: T -58.27c W -53.95c S  -3.38c ( -2.6 L  -2.1) N   10279  --  E3 D4 F3 H5 H4 G4 G5
---White(^)---
E3  : T -56.71c W -52.52c S  -3.34c ( -2.5 L  -2.1) LCB  -59.48c P 34.58% WF 6001.8 PSV    5893 N    9158  --  E3 D4 F3 H5 H4 G4 G5 J4
E7  : T -67.89c W -62.35c S  -3.76c ( -2.6 L  -2.3) LCB  -77.22c P 17.52% WF 260.0 PSV     292 N     387  --  E7 C5 D4 D3 C4 B4 B3 B5
C5  : T -78.57c W -68.98c S  -4.39c ( -3.1 L  -2.4) LCB  -87.18c P 26.16% WF 185.9 PSV     235 N     275  --  C5 D4 C6 E7 G7 B7 F3 F2
F3  : T -65.80c W -63.13c S  -3.39c ( -2.5 L  -1.9) LCB  -79.04c P  7.30% WF 136.9 PSV     146 N     174  --  F3 F2 C5 E3 E7 B5 B6 C6
F2  : T -58.69c W -56.12c S  -2.89c ( -2.4 L  -1.7) LCB  -69.82c P  2.18% WF 136.1 PSV     139 N     163  --  F2 H5 C5 D4 D5 F3 E7 E8
D7  : T -64.46c W -64.16c S  -2.57c ( -2.1 L  -1.3) LCB  -79.06c P  2.34% WF  52.3 PSV      54 N      65  --  D7 D6 E7 C6 G4 E6 F6 F7
G4  : T -84.81c W -80.74c S  -3.95c ( -2.6 L  -2.0) LCB -101.34c P  2.54% WF  15.2 PSV      18 N      16  --  G4 F3 D4 D3 E7
D3  : T -84.65c W -78.92c S  -5.11c ( -3.3 L  -2.6) LCB -105.66c P  1.81% WF  11.0 PSV      12 N      12  --  D3 D4 E3 E4 F4
C6  : T -96.50c W -85.97c S  -6.69c ( -4.0 L  -3.2) LCB -125.05c P  2.37% WF  11.5 PSV      12 N      11  --  C6 D6 D5 B6 C5 E3 D7 D8
C4  : T -84.99c W -80.30c S  -4.44c ( -2.9 L  -2.0) LCB -117.14c P  1.11% WF   6.3 PSV       7 N       6  --  C4 D4 D5 E3

2024-03-18 13:13:23+0800: = play E3
