2024-05-08 23:13:42+0800: Running with following config:
allowResignation = true
friendlyPassOk = true
hasButton = false
koRule = SIMPLE
lagBuffer = 1.0
logAllGTPCommunication = true
logDir = gtp_logs
logSearchInfo = true
logToStderr = false
multiStoneSuicideLegal = false
nnCacheSizePowerOfTwo = 20
nnMutexPoolSizePowerOfTwo = 16
numNNServerThreadsPerModel = 1
numSearchThreads = 8
openclDeviceToUseThread0 = 0
ponderingEnabled = false
resignConsecTurns = 3
resignThreshold = -0.90
scoringRule = AREA
searchFactorAfterOnePass = 0.50
searchFactorAfterTwoPass = 0.25
searchFactorWhenWinning = 0.40
searchFactorWhenWinningThreshold = 0.95
taxRule = NONE
whiteHandicapBonus = N

2024-05-08 23:13:42+0800: GTP Engine starting...
2024-05-08 23:13:42+0800: KataGo v1.13.0
2024-05-08 23:13:42+0800: Using Chinese rules initially, unless GTP/GUI overrides this
2024-05-08 23:13:42+0800: Using 8 CPU thread(s) for search
2024-05-08 23:13:42+0800: nnRandSeed0 = 13575863569025643714
2024-05-08 23:13:42+0800: After dedups: nnModelFile0 = F:/unity_project/yiwu/Assets/StreamingAssets\katago-v1.13.0-opencl-windows-x64\model.bin useFP16 auto useNHWC auto
2024-05-08 23:13:42+0800: Initializing neural net buffer to be size 19 * 19 exactly
2024-05-08 23:13:43+0800: Found OpenCL Platform 0: NVIDIA CUDA (NVIDIA Corporation) (OpenCL 3.0 CUDA 12.3.99)
2024-05-08 23:13:43+0800: Found 1 device(s) on platform 0 with type CPU or GPU or Accelerator
2024-05-08 23:13:43+0800: Found OpenCL Device 0: NVIDIA GeForce RTX 2060 (NVIDIA Corporation) (score 11000300)
2024-05-08 23:13:43+0800: Creating context for OpenCL Platform: NVIDIA CUDA (NVIDIA Corporation) (OpenCL 3.0 CUDA 12.3.99)
2024-05-08 23:13:43+0800: Using OpenCL Device 0: NVIDIA GeForce RTX 2060 (NVIDIA Corporation) OpenCL 3.0 CUDA (Extensions: cl_khr_global_int32_base_atomics cl_khr_global_int32_extended_atomics cl_khr_local_int32_base_atomics cl_khr_local_int32_extended_atomics cl_khr_fp64 cl_khr_3d_image_writes cl_khr_byte_addressable_store cl_khr_icd cl_khr_gl_sharing cl_nv_compiler_options cl_nv_device_attribute_query cl_nv_pragma_unroll cl_nv_d3d10_sharing cl_khr_d3d10_sharing cl_nv_d3d11_sharing cl_nv_copy_opts cl_nv_create_buffer cl_khr_int64_base_atomics cl_khr_int64_extended_atomics cl_khr_device_uuid cl_khr_pci_bus_info cl_khr_external_semaphore cl_khr_external_memory cl_khr_external_semaphore_win32 cl_khr_external_memory_win32)
2024-05-08 23:13:43+0800: Loaded tuning parameters from: F:\unity_project\yiwu\Assets\StreamingAssets\katago-v1.13.0-opencl-windows-x64/KataGoData/opencltuning/tune11_gpuNVIDIAGeForceRTX2060_x19_y19_c384_mv14.txt
2024-05-08 23:13:44+0800: OpenCL backend thread 0: Device 0 Model version 14
2024-05-08 23:13:44+0800: OpenCL backend thread 0: Device 0 Model name: kata1-b18c384nbt-s7192213760-d3579182099
2024-05-08 23:13:46+0800: OpenCL backend thread 0: Device 0 FP16Storage true FP16Compute false FP16TensorCores true FP16TensorCoresFor1x1 false
2024-05-08 23:13:46+0800: Loaded neural net with nnXLen 19 nnYLen 19
2024-05-08 23:13:46+0800: Initializing board with boardXSize 19 boardYSize 19
2024-05-08 23:13:46+0800: Loaded config F:/unity_project/yiwu/Assets/StreamingAssets\katago-v1.13.0-opencl-windows-x64\gtp_custom.cfg
2024-05-08 23:13:46+0800: Loaded model F:/unity_project/yiwu/Assets/StreamingAssets\katago-v1.13.0-opencl-windows-x64\model.bin
2024-05-08 23:13:46+0800: Model name: kata1-b18c384nbt-s7192213760-d3579182099
2024-05-08 23:13:46+0800: GTP ready, beginning main protocol loop
2024-05-08 23:13:46+0800: Controller: clear_board
2024-05-08 23:13:46+0800: = 
2024-05-08 23:13:46+0800: Controller: play b C16
2024-05-08 23:13:46+0800: = 
2024-05-08 23:13:46+0800: Controller: komi 7.5
2024-05-08 23:13:46+0800: = 
2024-05-08 23:13:46+0800: Controller: boardsize 19
2024-05-08 23:13:46+0800: = 
2024-05-08 23:13:46+0800: Controller: genmove w
2024-05-08 23:13:51+0800: MoveNum: 1 HASH: 5CAAD553F3A4AF0F47459C51E40D103A
   A B C D E F G H J K L M N O P Q R S T
19 . . . . . . . . . . . . . . . . . . .
18 . . . . . . . . . . . . . . . . . . .
17 . . . . . . . . . . . . . . . . . . .
16 . . X1. . . . . . . . . . . . . . . .
15 . . . . . . . . . . . . . . . . . . .
14 . . . . . . . . . . . . . . . . . . .
13 . . . . . . . . . . . . . . . . . . .
12 . . . . . . . . . . . . . . . . . . .
11 . . . . . . . . . . . . . . . . . . .
10 . . . . . . . . . . . . . . . . . . .
 9 . . . . . . . . . . . . . . . . . . .
 8 . . . . . . . . . . . . . . . . . . .
 7 . . . . . . . . . . . . . . . . . . .
 6 . . . . . . . . . . . . . . . . . . .
 5 . . . . . . . . . . . . . . . . . . .
 4 . . . . . . . . . . . . . . . @ . . .
 3 . . . . . . . . . . . . . . . . . . .
 2 . . . . . . . . . . . . . . . . . . .
 1 . . . . . . . . . . . . . . . . . . .

koSIMPLEscoreAREAtaxNONEsui0whbNfpok1komi7.5
Time taken: 5
Root visits: 1464
New playouts: 1464
NN rows: 1250
NN batches: 314
NN avg batch size: 3.98089
PV: Q4 R16 D4 E16 F16 E17 P17 Q14 L16 C3 D3 C4 C6
Tree:
: T  26.33c W  25.93c S   0.35c ( +1.7 L  +1.1) N    1464  --  Q4 R16 D4 E16 F16 E17 P17
---White(^)---
Q4  : T  26.61c W  25.99c S   0.37c ( +1.7 L  +1.1) LCB   26.17c P 34.70% WF 1742.0 PSV    2204 N     632  --  Q4 R16 D4 E16 F16 E17 P17 Q14
Q16 : T  26.35c W  26.17c S   0.35c ( +1.7 L  +1.1) LCB   25.85c P 31.15% WF 1373.8 PSV    1035 N     490  --  Q16 R4 D4 F17 P3 Q6 R8 N3
D4  : T  26.18c W  25.80c S   0.36c ( +1.7 L  +1.1) LCB   25.60c P 17.50% WF 783.7 PSV     476 N     283  --  D4 P16 Q4 R16 E17 D14 O16 P17
R4  : T  24.48c W  24.37c S   0.16c ( +1.5 L  +1.0) LCB   21.04c P  1.91% WF  47.0 PSV      18 N      17  --  R4 Q16 D4 P3 Q5
Q17 : T  24.32c W  24.71c S   0.12c ( +1.4 L  +1.0) LCB   20.64c P  2.03% WF  39.8 PSV      18 N      15  --  Q17 Q4 D4 R15 E17 P16 P17
Q3  : T  23.24c W  23.26c S   0.07c ( +1.4 L  +1.0) LCB    3.79c P  2.10% WF  16.7 PSV      13 N       6  --  Q3 Q16 D4 R5 R17
C4  : T  24.18c W  24.00c S   0.12c ( +1.4 L  +1.0) LCB    4.69c P  1.43% WF  16.8 PSV      12 N       6  --  C4 Q4 Q16 E3
D3  : T  23.62c W  23.85c S   0.05c ( +1.4 L  +0.9) LCB    9.27c P  1.52% WF  19.3 PSV      11 N       7  --  D3 Q16 Q4 C5
R16 : T  21.46c W  22.06c S  -0.06c ( +1.3 L  +0.9) LCB  -21.40c P  1.64% WF  10.9 PSV       7 N       4  --  R16 Q4 D4 P17
R17 : T  18.46c W  18.56c S  -0.10c ( +1.2 L  +0.9) LCB -331.54c P  0.77% WF   2.5 PSV       2 N       1  --  R17

2024-05-08 23:13:51+0800: = Q4
2024-05-08 23:13:54+0800: Controller: play b Q2
2024-05-08 23:13:54+0800: = 
2024-05-08 23:13:54+0800: Controller: genmove w
2024-05-08 23:13:59+0800: MoveNum: 3 HASH: D42488E5C86E7EF261B40F7E17CD0E41
   A B C D E F G H J K L M N O P Q R S T
19 . . . . . . . . . . . . . . . . . . .
18 . . . . . . . . . . . . . . . . . . .
17 . . . . . . . . . . . . . . . . . . .
16 . . X1. . . . . . . . . . . . @ . . .
15 . . . . . . . . . . . . . . . . . . .
14 . . . . . . . . . . . . . . . . . . .
13 . . . . . . . . . . . . . . . . . . .
12 . . . . . . . . . . . . . . . . . . .
11 . . . . . . . . . . . . . . . . . . .
10 . . . . . . . . . . . . . . . . . . .
 9 . . . . . . . . . . . . . . . . . . .
 8 . . . . . . . . . . . . . . . . . . .
 7 . . . . . . . . . . . . . . . . . . .
 6 . . . . . . . . . . . . . . . . . . .
 5 . . . . . . . . . . . . . . . . . . .
 4 . . . . . . . . . . . . . . . O2. . .
 3 . . . . . . . . . . . . . . . . . . .
 2 . . . . . . . . . . . . . . . X3. . .
 1 . . . . . . . . . . . . . . . . . . .

koSIMPLEscoreAREAtaxNONEsui0whbNfpok1komi7.5
Time taken: 5.015
Root visits: 1395
New playouts: 1395
NN rows: 1266
NN batches: 318
NN avg batch size: 3.98113
PV: Q16 D4 N3 R4 R5 R3 Q5 O2 P3 P2 E16 E17 F17 D17 F16 D14 K16 O3 R9 R17 Q17 R16 R15 S15 S14
Tree:
: T  43.82c W  42.03c S   1.33c ( +3.1 L  +1.9) N    1395  --  Q16 D4 N3 R4 R5 R3 Q5
---White(^)---
Q16 : T  44.54c W  42.72c S   1.39c ( +3.1 L  +1.9) LCB   43.55c P 36.76% WF 2052.2 PSV    2038 N     992  --  Q16 D4 N3 R4 R5 R3 Q5 O2
D4  : T  41.96c W  40.29c S   1.20c ( +3.0 L  +1.8) LCB   39.18c P 30.92% WF 315.0 PSV     283 N     154  --  D4 Q16 O3 C3 D3 C4 D5 B6
N3  : T  40.86c W  39.73c S   1.13c ( +2.9 L  +1.8) LCB   38.83c P 10.89% WF 139.3 PSV      73 N      73  --  N3 R4 R5 R3 Q5 D4 Q16 O2
R16 : T  43.64c W  41.14c S   1.22c ( +3.0 L  +1.8) LCB   40.77c P  2.01% WF 174.3 PSV      40 N      91  --  R16 D4 N3 R4 R5 R3 Q5 O2
Q17 : T  42.63c W  40.53c S   1.17c ( +2.9 L  +1.8) LCB   39.66c P  3.35% WF  93.3 PSV      39 N      47  --  Q17 D4 N3 R4 R5 R3 Q5 O2
O3  : T  41.24c W  39.38c S   1.11c ( +2.8 L  +1.8) LCB   37.83c P  2.37% WF  19.4 PSV      17 N       9  --  O3 D4 Q16 F17 C3 C4 D3 E4
C4  : T  40.08c W  39.62c S   1.14c ( +2.9 L  +1.8) LCB   33.58c P  2.03% WF  32.2 PSV      11 N      16  --  C4 Q16 N3 R4 R5 R3 Q5 O2
D3  : T  39.43c W  38.83c S   1.02c ( +2.8 L  +1.8) LCB   24.49c P  2.29% WF  13.6 PSV      11 N       7  --  D3 Q16 N3 R4 R5 R3
E17 : T  35.29c W  35.56c S   0.82c ( +2.6 L  +1.7) LCB -113.74c P  1.12% WF   4.2 PSV       3 N       2  --  E17 D4
N4  : T  34.98c W  34.26c S   0.72c ( +2.5 L  +1.7) LCB -315.02c P  1.04% WF   2.0 PSV       2 N       1  --  N4

2024-05-08 23:13:59+0800: = Q16
2024-05-08 23:14:03+0800: Controller: play b P3
2024-05-08 23:14:03+0800: = 
2024-05-08 23:14:03+0800: Controller: genmove w
2024-05-08 23:14:08+0800: MoveNum: 5 HASH: 93A83A5E7889B0A64409C67443429B13
   A B C D E F G H J K L M N O P Q R S T
19 . . . . . . . . . . . . . . . . . . .
18 . . . . . . . . . . . . . . . . . . .
17 . . . . . . . . . . . . . . . . . . .
16 . . X . . . . . . . . . . . . O2. . .
15 . . . . . . . . . . . . . . . . . . .
14 . . . . . . . . . . . . . . . . . . .
13 . . . . . . . . . . . . . . . . . . .
12 . . . . . . . . . . . . . . . . . . .
11 . . . . . . . . . . . . . . . . . . .
10 . . . . . . . . . . . . . . . . . . .
 9 . . . . . . . . . . . . . . . . . . .
 8 . . . . . . . . . . . . . . . . . . .
 7 . . . . . . . . . . . . . . . . . . .
 6 . . . . . . . . . . . . . . . . . . .
 5 . . . . . . . . . . . . . . . . . . .
 4 . . . . . . . . . . . . . . . O . . .
 3 . . . @ . . . . . . . . . . X3. . . .
 2 . . . . . . . . . . . . . . . X1. . .
 1 . . . . . . . . . . . . . . . . . . .

koSIMPLEscoreAREAtaxNONEsui0whbNfpok1komi7.5
Time taken: 5.016
Root visits: 1372
New playouts: 1372
NN rows: 1250
NN batches: 314
NN avg batch size: 3.98089
PV: D3 Q6 E16 O5 C15 B15 D15 B14 C17 B17 D16 B16 C18 C12 J17 C5 R8 S6 R14
Tree:
: T  52.51c W  51.91c S   1.32c ( +4.1 L  +2.7) N    1372  --  D3 Q6 E16 O5 C15 B15 D15
---White(^)---
D3  : T  52.66c W  51.98c S   1.32c ( +4.1 L  +2.7) LCB   51.07c P 27.92% WF 759.3 PSV    1132 N     401  --  D3 Q6 E16 O5 C15 B15 D15 B14
D4  : T  52.71c W  52.30c S   1.38c ( +4.2 L  +2.7) LCB   51.06c P 55.07% WF 1123.8 PSV    1122 N     633  --  D4 Q6 E16 E17 F17 D17 F16 D14
C4  : T  52.36c W  51.54c S   1.27c ( +4.1 L  +2.6) LCB   50.51c P 10.44% WF 598.2 PSV     169 N     303  --  C4 Q6 E17 O5 D15 C15 D14 C13
C3  : T  50.35c W  49.73c S   0.98c ( +3.8 L  +2.4) LCB   43.25c P  1.08% WF  22.6 PSV       8 N      11  --  C3 Q6 P4 O4 O5
E4  : T  50.03c W  47.91c S   0.85c ( +3.7 L  +2.4) LCB   37.78c P  0.19% WF  16.1 PSV       1 N       9  --  E4 C3 C5 E3 F3 D4
D16 : T  48.58c W  48.60c S   1.07c ( +3.9 L  +2.6) LCB   33.32c P  0.26% WF  12.9 PSV       1 N       7  --  D16 D17 C15 E16 D15
P4  : T  43.11c W  43.64c S   0.28c ( +3.1 L  +2.1) LCB -106.01c P  0.75% WF   4.0 PSV       1 N       2  --  P4 O4
E17 : T  42.79c W  42.06c S   0.73c ( +3.5 L  +2.4) LCB -307.21c P  0.40% WF   2.2 PSV       1 N       1  --  E17
E3  : T  46.43c W  45.44c S   0.54c ( +3.4 L  +2.2) LCB  -27.75c P  0.24% WF   6.2 PSV       0 N       3  --  E3 C3 D6
R3  : T  39.79c W  39.45c S   0.34c ( +3.2 L  +2.3) LCB -310.21c P  0.28% WF   2.3 PSV       0 N       1  --  R3

2024-05-08 23:14:08+0800: = D3
2024-05-08 23:14:10+0800: Controller: play b Q4
2024-05-08 23:14:10+0800: ? illegal move
2024-05-08 23:14:10+0800: Controller: genmove w
2024-05-08 23:14:15+0800: MoveNum: 0 HASH: E0F91A50958CEAB9AD7FAA3D1ACE57CE
   A B C D E F G H J K L M N O P Q R S T
19 . . . . . . . . . . . . . . . . . . .
18 . . . . . . . . . . . . . . . . . . .
17 . . . . @ . . . . . . . . . . . . . .
16 . . X . . . . . . . . . . . . O . . .
15 . . . . . . . . . . . . . . . . . . .
14 . . . . . . . . . . . . . . . . . . .
13 . . . . . . . . . . . . . . . . . . .
12 . . . . . . . . . . . . . . . . . . .
11 . . . . . . . . . . . . . . . . . . .
10 . . . . . . . . . . . . . . . . . . .
 9 . . . . . . . . . . . . . . . . . . .
 8 . . . . . . . . . . . . . . . . . . .
 7 . . . . . . . . . . . . . . . . . . .
 6 . . . . . . . . . . . . . . . . . . .
 5 . . . . . . . . . . . . . . . . . . .
 4 . . . . . . . . . . . . . . . O . . .
 3 . . . O . . . . . . . . . . X . . . .
 2 . . . . . . . . . . . . . . . X . . .
 1 . . . . . . . . . . . . . . . . . . .

koSIMPLEscoreAREAtaxNONEsui0whbNfpok1komi7.5
Time taken: 5.015
Root visits: 1326
New playouts: 1326
NN rows: 1289
NN batches: 323
NN avg batch size: 3.99071
PV: E17 D15 R3 Q7 Q6 R6 P6
Tree:
: T 105.81c W  99.09c S   6.77c (+20.5 L +17.5) N    1326  --  E17 D15 R3 Q7 Q6 R6 P6
---White(^)---
E17 : T 105.93c W  99.10c S   6.88c (+20.6 L +17.6) LCB  105.74c P 33.96% WF 1795.9 PSV    1793 N     502  --  E17 D15 R3 Q7 Q6 R6 P6
E16 : T 105.86c W  99.12c S   6.81c (+20.5 L +17.5) LCB  105.60c P  7.09% WF 828.5 PSV     331 N     228  --  E16 E17 F17 D17 F16 C14 R3 Q7
C6  : T 105.60c W  99.05c S   6.53c (+20.2 L +17.1) LCB  105.14c P  5.40% WF 385.2 PSV     173 N     111  --  C6 Q6 E17 O5 R8 S6 P7
R3  : T 105.42c W  99.00c S   6.45c (+20.1 L +17.2) LCB  104.80c P  3.43% WF 168.9 PSV      91 N      50  --  R3 Q7 Q6 R6 P6
M4  : T 105.92c W  99.12c S   6.87c (+20.6 L +17.5) LCB  105.61c P  1.17% WF 474.0 PSV      60 N     132  --  M4 C5 R3 E4 E3 F4 G3
D5  : T 105.55c W  99.07c S   6.74c (+20.5 L +17.4) LCB  104.41c P  1.60% WF 102.3 PSV      48 N      28  --  D5 Q6 P4 O4 O5 P5 Q3
D6  : T 105.51c W  99.04c S   6.66c (+20.4 L +17.2) LCB  103.87c P  1.50% WF  84.1 PSV      43 N      23  --  D6 Q6 P4 O4 O5 P5 N4
D16 : T 105.77c W  99.13c S   6.71c (+20.4 L +17.4) LCB  104.81c P  0.99% WF 127.9 PSV      39 N      34  --  D16 D17 C15 C17 C6 Q6
R8  : T 105.72c W  99.10c S   6.65c (+20.3 L +17.4) LCB  104.66c P  1.06% WF 110.2 PSV      39 N      30  --  R8 C5 E17 E4 E3 F4
N3  : T 105.83c W  99.08c S   6.77c (+20.5 L +17.4) LCB  105.01c P  0.66% WF 119.9 PSV      29 N      33  --  N3 P4 Q6 P5 R8 C5 R3

2024-05-08 23:14:15+0800: = E17
2024-05-08 23:14:40+0800: Controller: play b E15
2024-05-08 23:14:40+0800: = 
2024-05-08 23:14:40+0800: Controller: genmove w
2024-05-08 23:14:45+0800: MoveNum: 2 HASH: 1A767BF0505C3172913827B3A713DB38
   A B C D E F G H J K L M N O P Q R S T
19 . . . . . . . . . . . . . . . . . . .
18 . . . . . . . . . . . . . . . . . . .
17 . . . . O1. . . . . . . . . . . . . .
16 . . X @ . . . . . . . . . . . O . . .
15 . . . . X2. . . . . . . . . . . . . .
14 . . . . . . . . . . . . . . . . . . .
13 . . . . . . . . . . . . . . . . . . .
12 . . . . . . . . . . . . . . . . . . .
11 . . . . . . . . . . . . . . . . . . .
10 . . . . . . . . . . . . . . . . . . .
 9 . . . . . . . . . . . . . . . . . . .
 8 . . . . . . . . . . . . . . . . . . .
 7 . . . . . . . . . . . . . . . . . . .
 6 . . . . . . . . . . . . . . . . . . .
 5 . . . . . . . . . . . . . . . . . . .
 4 . . . . . . . . . . . . . . . O . . .
 3 . . . O . . . . . . . . . . X . . . .
 2 . . . . . . . . . . . . . . . X . . .
 1 . . . . . . . . . . . . . . . . . . .

koSIMPLEscoreAREAtaxNONEsui0whbNfpok1komi7.5
Time taken: 5.016
Root visits: 1572
New playouts: 1572
NN rows: 1298
NN batches: 326
NN avg batch size: 3.9816
PV: D16 D15 C17 B15 C14 C15 B17 D11 C6 Q6
Tree:
: T 106.20c W  99.20c S   7.04c (+21.4 L +18.5) N    1572  --  D16 D15 C17 B15 C14 C15 B17
---White(^)---
D16 : T 106.46c W  99.26c S   7.20c (+21.6 L +18.7) LCB  106.18c P 11.30% WF 1553.2 PSV    2719 N     455  --  D16 D15 C17 B15 C14 C15 B17 D11
C17 : T 106.41c W  99.17c S   7.26c (+21.7 L +18.8) LCB  105.94c P 19.43% WF 1472.8 PSV    1470 N     456  --  C17 B17 D16 C18 D15 D17 D18 D4
C6  : T 105.93c W  99.17c S   6.76c (+21.1 L +18.1) LCB  105.60c P  9.10% WF 573.6 PSV     368 N     168  --  C6 Q6 D16 C15 P4 O4 O5 P5
R3  : T 105.92c W  99.15c S   6.75c (+21.1 L +18.2) LCB  105.57c P  4.70% WF 296.9 PSV     188 N      86  --  R3 Q7 R6 R7 Q6 P7 O5
D5  : T 105.72c W  99.15c S   6.68c (+21.0 L +18.0) LCB  104.91c P  2.63% WF 126.2 PSV      83 N      36  --  D5 Q6 P4 O4 O5 P5 N4
H17 : T 105.90c W  99.21c S   6.75c (+21.1 L +18.1) LCB  105.15c P  2.13% WF 126.4 PSV      82 N      35  --  H17 C5 C17 B17 D16 C15
M4  : T 106.28c W  99.24c S   7.03c (+21.4 L +18.4) LCB  105.97c P  0.98% WF 350.6 PSV      75 N      94  --  M4 C5 E4 Q6 P4
D6  : T 105.82c W  99.16c S   6.84c (+21.2 L +18.2) LCB  104.63c P  1.70% WF  91.8 PSV      59 N      26  --  D6 Q6 P4 O4 O5 P5 Q3
R8  : T 105.70c W  99.18c S   6.61c (+20.9 L +17.9) LCB  103.38c P  1.56% WF  67.3 PSV      48 N      18  --  R8 C5 C17 B17
N3  : T 106.05c W  99.16c S   6.84c (+21.2 L +18.1) LCB  103.98c P  0.65% WF  68.0 PSV      31 N      19  --  N3 P4 Q6 P5 R8 C5

2024-05-08 23:14:45+0800: = D16
2024-05-08 23:14:47+0800: Controller: play b D14
2024-05-08 23:14:47+0800: = 
2024-05-08 23:14:47+0800: Controller: genmove w
2024-05-08 23:14:52+0800: MoveNum: 4 HASH: DD836C08209ADA7930723C5F917FF7F6
   A B C D E F G H J K L M N O P Q R S T
19 . . . . . . . . . . . . . . . . . . .
18 . . . . . . . . . . . . . . . . . . .
17 . . @ . O . . . . . . . . . . . . . .
16 . . X O2. . . . . . . . . . . O . . .
15 . . . . X1. . . . . . . . . . . . . .
14 . . . X3. . . . . . . . . . . . . . .
13 . . . . . . . . . . . . . . . . . . .
12 . . . . . . . . . . . . . . . . . . .
11 . . . . . . . . . . . . . . . . . . .
10 . . . . . . . . . . . . . . . . . . .
 9 . . . . . . . . . . . . . . . . . . .
 8 . . . . . . . . . . . . . . . . . . .
 7 . . . . . . . . . . . . . . . . . . .
 6 . . . . . . . . . . . . . . . . . . .
 5 . . . . . . . . . . . . . . . . . . .
 4 . . . . . . . . . . . . . . . O . . .
 3 . . . O . . . . . . . . . . X . . . .
 2 . . . . . . . . . . . . . . . X . . .
 1 . . . . . . . . . . . . . . . . . . .

koSIMPLEscoreAREAtaxNONEsui0whbNfpok1komi7.5
Time taken: 5
Root visits: 1364
New playouts: 1364
NN rows: 1267
NN batches: 318
NN avg batch size: 3.98428
PV: C17 C15 B17 D5 C7 C10 C5 D6 C6 D4
Tree:
: T 106.86c W  99.54c S   7.37c (+24.1 L +21.3) N    1364  --  C17 C15 B17 D5 C7 C10 C5
---White(^)---
C17 : T 107.19c W  99.62c S   7.58c (+24.3 L +21.5) LCB  107.05c P 38.94% WF 3498.3 PSV    5251 N     874  --  C17 C15 B17 D5 C7 C10 C5 D6
C15 : T 106.55c W  99.41c S   7.29c (+24.0 L +21.3) LCB  105.50c P 44.73% WF 1446.8 PSV    1442 N     412  --  C15 D15 C17 B16 B17 B15 G17 C5
P4  : T 104.40c W  99.30c S   5.16c (+21.7 L +18.6) LCB  103.03c P  0.36% WF  88.6 PSV       3 N      29  --  P4 C17 O3 H17 G16 H16 D15
H17 : T 103.85c W  99.29c S   4.64c (+21.1 L +18.1) LCB  101.28c P  0.26% WF  57.3 PSV       2 N      17  --  H17 C17 C12 B13 C6 Q6
N3  : T 103.81c W  99.22c S   4.66c (+21.2 L +18.1) LCB  100.79c P  0.25% WF  49.4 PSV       2 N      16  --  N3 C17 P4 O3 O4 N2
R3  : T 103.43c W  99.15c S   4.49c (+21.0 L +17.8) LCB   88.94c P  0.26% WF  22.1 PSV       2 N       7  --  R3 C17 M3 N4
G17 : T 103.28c W  99.17c S   4.24c (+20.7 L +17.6) LCB   75.51c P  0.26% WF  17.7 PSV       1 N       5  --  G17 C17 C12 C13
G16 : T 103.39c W  99.09c S   4.05c (+20.5 L +17.3) LCB   28.98c P  0.24% WF  10.5 PSV       1 N       3  --  G16 C17 C12

2024-05-08 23:14:52+0800: = C17
