2024-03-15 16:20:45+0800: Running with following config:
allowResignation = true
friendlyPassOk = true
hasButton = false
koRule = SIMPLE
lagBuffer = 1.0
logAllGTPCommunication = true
logDir = gtp_logs
logSearchInfo = true
logToStderr = false
multiStoneSuicideLegal = false
nnCacheSizePowerOfTwo = 20
nnMutexPoolSizePowerOfTwo = 16
numNNServerThreadsPerModel = 1
numSearchThreads = 8
openclDeviceToUseThread0 = 0
ponderingEnabled = false
resignConsecTurns = 3
resignThreshold = -0.90
scoringRule = AREA
searchFactorAfterOnePass = 0.50
searchFactorAfterTwoPass = 0.25
searchFactorWhenWinning = 0.40
searchFactorWhenWinningThreshold = 0.95
taxRule = NONE
whiteHandicapBonus = N

2024-03-15 16:20:45+0800: GTP Engine starting...
2024-03-15 16:20:45+0800: KataGo v1.13.0
2024-03-15 16:20:45+0800: Using Chinese rules initially, unless GTP/GUI overrides this
2024-03-15 16:20:45+0800: Using 8 CPU thread(s) for search
2024-03-15 16:20:45+0800: nnRandSeed0 = 592933841292024953
2024-03-15 16:20:45+0800: After dedups: nnModelFile0 = F:\homework\毕业设计\katago-v1.13.0-opencl-windows-x64\model.bin useFP16 auto useNHWC auto
2024-03-15 16:20:45+0800: Initializing neural net buffer to be size 19 * 19 exactly
2024-03-15 16:20:46+0800: Found OpenCL Platform 0: NVIDIA CUDA (NVIDIA Corporation) (OpenCL 3.0 CUDA 12.3.99)
2024-03-15 16:20:46+0800: Found 1 device(s) on platform 0 with type CPU or GPU or Accelerator
2024-03-15 16:20:46+0800: Found OpenCL Device 0: NVIDIA GeForce RTX 2060 (NVIDIA Corporation) (score 11000300)
2024-03-15 16:20:46+0800: Creating context for OpenCL Platform: NVIDIA CUDA (NVIDIA Corporation) (OpenCL 3.0 CUDA 12.3.99)
2024-03-15 16:20:46+0800: Using OpenCL Device 0: NVIDIA GeForce RTX 2060 (NVIDIA Corporation) OpenCL 3.0 CUDA (Extensions: cl_khr_global_int32_base_atomics cl_khr_global_int32_extended_atomics cl_khr_local_int32_base_atomics cl_khr_local_int32_extended_atomics cl_khr_fp64 cl_khr_3d_image_writes cl_khr_byte_addressable_store cl_khr_icd cl_khr_gl_sharing cl_nv_compiler_options cl_nv_device_attribute_query cl_nv_pragma_unroll cl_nv_d3d10_sharing cl_khr_d3d10_sharing cl_nv_d3d11_sharing cl_nv_copy_opts cl_nv_create_buffer cl_khr_int64_base_atomics cl_khr_int64_extended_atomics cl_khr_device_uuid cl_khr_pci_bus_info cl_khr_external_semaphore cl_khr_external_memory cl_khr_external_semaphore_win32 cl_khr_external_memory_win32)
2024-03-15 16:20:46+0800: Loaded tuning parameters from: F:\homework\毕业设计\katago-v1.13.0-opencl-windows-x64/KataGoData/opencltuning/tune11_gpuNVIDIAGeForceRTX2060_x19_y19_c384_mv14.txt
2024-03-15 16:20:47+0800: OpenCL backend thread 0: Device 0 Model version 14
2024-03-15 16:20:47+0800: OpenCL backend thread 0: Device 0 Model name: kata1-b18c384nbt-s7192213760-d3579182099
2024-03-15 16:20:49+0800: OpenCL backend thread 0: Device 0 FP16Storage true FP16Compute false FP16TensorCores true FP16TensorCoresFor1x1 false
2024-03-15 16:20:49+0800: Loaded neural net with nnXLen 19 nnYLen 19
2024-03-15 16:20:49+0800: Initializing board with boardXSize 19 boardYSize 19
2024-03-15 16:20:49+0800: Loaded config F:\homework\毕业设计\katago-v1.13.0-opencl-windows-x64\gtp_custom.cfg
2024-03-15 16:20:49+0800: Loaded model F:\homework\毕业设计\katago-v1.13.0-opencl-windows-x64\model.bin
2024-03-15 16:20:49+0800: Model name: kata1-b18c384nbt-s7192213760-d3579182099
2024-03-15 16:20:49+0800: GTP ready, beginning main protocol loop
2024-03-15 16:20:53+0800: Controller: loadsgf C:/Users/KILLLAKILL/AppData/LocalLow/DefaultCompany/yiwu/RecentGames\sgf_1659790193.sgf 1
2024-03-15 16:20:53+0800: Changing komi to 5.5
2024-03-15 16:20:53+0800: GPU 0 finishing, processed 0 rows 0 batches
2024-03-15 16:20:53+0800: Cleaned up old neural net and bot
2024-03-15 16:20:53+0800: nnRandSeed0 = 11022218379034959123
2024-03-15 16:20:53+0800: After dedups: nnModelFile0 = F:\homework\毕业设计\katago-v1.13.0-opencl-windows-x64\model.bin useFP16 auto useNHWC auto
2024-03-15 16:20:53+0800: Initializing neural net buffer to be size 9 * 9 exactly
2024-03-15 16:20:54+0800: Found OpenCL Platform 0: NVIDIA CUDA (NVIDIA Corporation) (OpenCL 3.0 CUDA 12.3.99)
2024-03-15 16:20:54+0800: Found 1 device(s) on platform 0 with type CPU or GPU or Accelerator
2024-03-15 16:20:54+0800: Found OpenCL Device 0: NVIDIA GeForce RTX 2060 (NVIDIA Corporation) (score 11000300)
2024-03-15 16:20:54+0800: Creating context for OpenCL Platform: NVIDIA CUDA (NVIDIA Corporation) (OpenCL 3.0 CUDA 12.3.99)
2024-03-15 16:20:54+0800: Using OpenCL Device 0: NVIDIA GeForce RTX 2060 (NVIDIA Corporation) OpenCL 3.0 CUDA (Extensions: cl_khr_global_int32_base_atomics cl_khr_global_int32_extended_atomics cl_khr_local_int32_base_atomics cl_khr_local_int32_extended_atomics cl_khr_fp64 cl_khr_3d_image_writes cl_khr_byte_addressable_store cl_khr_icd cl_khr_gl_sharing cl_nv_compiler_options cl_nv_device_attribute_query cl_nv_pragma_unroll cl_nv_d3d10_sharing cl_khr_d3d10_sharing cl_nv_d3d11_sharing cl_nv_copy_opts cl_nv_create_buffer cl_khr_int64_base_atomics cl_khr_int64_extended_atomics cl_khr_device_uuid cl_khr_pci_bus_info cl_khr_external_semaphore cl_khr_external_memory cl_khr_external_semaphore_win32 cl_khr_external_memory_win32)
2024-03-15 16:20:54+0800: Loaded tuning parameters from: F:\homework\毕业设计\katago-v1.13.0-opencl-windows-x64/KataGoData/opencltuning/tune11_gpuNVIDIAGeForceRTX2060_x19_y19_c384_mv14.txt
2024-03-15 16:20:54+0800: OpenCL backend thread 0: Device 0 Model version 14
2024-03-15 16:20:54+0800: OpenCL backend thread 0: Device 0 Model name: kata1-b18c384nbt-s7192213760-d3579182099
2024-03-15 16:20:56+0800: OpenCL backend thread 0: Device 0 FP16Storage true FP16Compute false FP16TensorCores true FP16TensorCoresFor1x1 false
2024-03-15 16:20:56+0800: Loaded neural net with nnXLen 9 nnYLen 9
2024-03-15 16:20:56+0800: Initializing board with boardXSize 9 boardYSize 9
2024-03-15 16:20:56+0800: = 
2024-03-15 16:21:03+0800: Controller: loadsgf C:/Users/KILLLAKILL/AppData/LocalLow/DefaultCompany/yiwu/RecentGames\sgf_1659790193.sgf 1
2024-03-15 16:21:03+0800: = 
2024-03-15 16:21:03+0800: Controller: lz-genmove_analyze maxmoves 6
2024-03-15 16:21:08+0800: MoveNum: 0 HASH: 9F0B2D702FC8448C75410E097F089AEB
   A B C D E F G H J
 9 . . . . . . . . .
 8 . . . . . . . . .
 7 . . . . . . . . .
 6 . . . . . @ . . .
 5 . . . . . . . . .
 4 . . . . . . . . .
 3 . . . . . . . . .
 2 . . . . . . . . .
 1 . . . . . . . . .

koSIMPLEscoreAREAtaxNONEsui0whbNfpok1komi5.5
Time taken: 5
Root visits: 2856
New playouts: 2856
NN rows: 2509
NN batches: 628
NN avg batch size: 3.99522
PV: F6 D6 E4 C4 C3 B3 D3 G7 F7 G6 F5 H4 B5 D8 C7 D7 B4 C6 G8 B6 H5 G5 G4
Tree:
: T  47.06c W  47.27c S   0.67c ( +1.9 L  +1.3) N    2856  --  F6 D6 E4 C4 C3 B3 D3
---Black(^)---
F6  : T  47.65c W  47.89c S   0.74c ( +1.9 L  +1.4) LCB   44.49c P 21.54% WF 1893.7 PSV    1886 N    2695  --  F6 D6 E4 C4 C3 B3 D3 G7
E5  : T  43.29c W  42.72c S   0.05c ( +1.6 L  +0.9) LCB   39.31c P  7.17% WF 160.1 PSV      88 N     125  --  E5 G4 F3 G6 C6 C3 G3 B5
F5  : T  40.28c W  42.78c S  -0.13c ( +1.5 L  +0.9) LCB   32.04c P  0.48% WF  22.8 PSV       3 N      18  --  F5 D5 E7 D3 C6 C5
G6  : T  16.64c W  15.79c S  -1.42c ( +0.9 L  +0.6) LCB  -59.74c P  0.10% WF   3.3 PSV       0 N       3  --  G6 D4 D6
G5  : T  18.45c W  21.45c S  -1.47c ( +0.8 L  +0.5) LCB  -57.85c P  0.10% WF   3.1 PSV       0 N       3  --  G5 D5 E5
G7  : T -58.82c W -53.56c S  -5.26c ( -1.0 L  -0.2) LCB -408.82c P  0.00% WF   0.5 PSV       0 N       1  --  G7
H5  : T -81.38c W -74.00c S  -7.38c ( -2.1 L  -1.0) LCB -431.38c P  0.00% WF   0.2 PSV       0 N       1  --  H5
H7  : T -105.03c W -92.98c S -12.04c ( -4.1 L  -3.0) LCB -455.03c P  0.00% WF   0.1 PSV       0 N       1  --  H7
H6  : T -92.67c W -83.71c S  -8.96c ( -2.8 L  -1.6) LCB -442.67c P  0.00% WF   0.1 PSV       0 N       1  --  H6
J6  : T -118.68c W -99.55c S -19.13c ( -7.8 L  -7.7) LCB -468.68c P  0.00% WF   0.1 PSV       0 N       1  --  J6

2024-03-15 16:21:08+0800: = play F6
