2024-04-17 21:41:29+0800: Running with following config:
allowResignation = true
friendlyPassOk = true
hasButton = false
koRule = SIMPLE
lagBuffer = 1.0
logAllGTPCommunication = true
logDir = gtp_logs
logSearchInfo = true
logToStderr = false
multiStoneSuicideLegal = false
nnCacheSizePowerOfTwo = 20
nnMutexPoolSizePowerOfTwo = 16
numNNServerThreadsPerModel = 1
numSearchThreads = 8
openclDeviceToUseThread0 = 0
ponderingEnabled = false
resignConsecTurns = 3
resignThreshold = -0.90
scoringRule = AREA
searchFactorAfterOnePass = 0.50
searchFactorAfterTwoPass = 0.25
searchFactorWhenWinning = 0.40
searchFactorWhenWinningThreshold = 0.95
taxRule = NONE
whiteHandicapBonus = N

2024-04-17 21:41:29+0800: GTP Engine starting...
2024-04-17 21:41:29+0800: KataGo v1.13.0
2024-04-17 21:41:29+0800: Using Chinese rules initially, unless GTP/GUI overrides this
2024-04-17 21:41:29+0800: Using 8 CPU thread(s) for search
2024-04-17 21:41:30+0800: nnRandSeed0 = 17091371585797501681
2024-04-17 21:41:30+0800: After dedups: nnModelFile0 = F:/unity_project/yiwu/Assets/StreamingAssets\katago-v1.13.0-opencl-windows-x64\model.bin useFP16 auto useNHWC auto
2024-04-17 21:41:30+0800: Initializing neural net buffer to be size 19 * 19 exactly
2024-04-17 21:41:30+0800: Found OpenCL Platform 0: NVIDIA CUDA (NVIDIA Corporation) (OpenCL 3.0 CUDA 12.3.99)
2024-04-17 21:41:30+0800: Found 1 device(s) on platform 0 with type CPU or GPU or Accelerator
2024-04-17 21:41:30+0800: Found OpenCL Device 0: NVIDIA GeForce RTX 2060 (NVIDIA Corporation) (score 11000300)
2024-04-17 21:41:30+0800: Creating context for OpenCL Platform: NVIDIA CUDA (NVIDIA Corporation) (OpenCL 3.0 CUDA 12.3.99)
2024-04-17 21:41:31+0800: Using OpenCL Device 0: NVIDIA GeForce RTX 2060 (NVIDIA Corporation) OpenCL 3.0 CUDA (Extensions: cl_khr_global_int32_base_atomics cl_khr_global_int32_extended_atomics cl_khr_local_int32_base_atomics cl_khr_local_int32_extended_atomics cl_khr_fp64 cl_khr_3d_image_writes cl_khr_byte_addressable_store cl_khr_icd cl_khr_gl_sharing cl_nv_compiler_options cl_nv_device_attribute_query cl_nv_pragma_unroll cl_nv_d3d10_sharing cl_khr_d3d10_sharing cl_nv_d3d11_sharing cl_nv_copy_opts cl_nv_create_buffer cl_khr_int64_base_atomics cl_khr_int64_extended_atomics cl_khr_device_uuid cl_khr_pci_bus_info cl_khr_external_semaphore cl_khr_external_memory cl_khr_external_semaphore_win32 cl_khr_external_memory_win32)
2024-04-17 21:41:31+0800: Loaded tuning parameters from: F:\unity_project\yiwu\Assets\StreamingAssets\katago-v1.13.0-opencl-windows-x64/KataGoData/opencltuning/tune11_gpuNVIDIAGeForceRTX2060_x19_y19_c384_mv14.txt
2024-04-17 21:41:31+0800: OpenCL backend thread 0: Device 0 Model version 14
2024-04-17 21:41:31+0800: OpenCL backend thread 0: Device 0 Model name: kata1-b18c384nbt-s7192213760-d3579182099
2024-04-17 21:41:33+0800: OpenCL backend thread 0: Device 0 FP16Storage true FP16Compute false FP16TensorCores true FP16TensorCoresFor1x1 false
2024-04-17 21:41:33+0800: Loaded neural net with nnXLen 19 nnYLen 19
2024-04-17 21:41:33+0800: Initializing board with boardXSize 19 boardYSize 19
2024-04-17 21:41:33+0800: Loaded config F:/unity_project/yiwu/Assets/StreamingAssets\katago-v1.13.0-opencl-windows-x64\gtp_custom.cfg
2024-04-17 21:41:33+0800: Loaded model F:/unity_project/yiwu/Assets/StreamingAssets\katago-v1.13.0-opencl-windows-x64\model.bin
2024-04-17 21:41:33+0800: Model name: kata1-b18c384nbt-s7192213760-d3579182099
2024-04-17 21:41:33+0800: GTP ready, beginning main protocol loop
2024-04-17 21:41:38+0800: Controller: loadsgf C:/Users/KILLLAKILL/AppData/LocalLow/DefaultCompany/yiwu/RecentGames\sgf_1659790193.sgf 1
2024-04-17 21:41:38+0800: Changing komi to 5.5
2024-04-17 21:41:38+0800: GPU 0 finishing, processed 0 rows 0 batches
2024-04-17 21:41:38+0800: Cleaned up old neural net and bot
2024-04-17 21:41:38+0800: nnRandSeed0 = 5556638567982788696
2024-04-17 21:41:38+0800: After dedups: nnModelFile0 = F:/unity_project/yiwu/Assets/StreamingAssets\katago-v1.13.0-opencl-windows-x64\model.bin useFP16 auto useNHWC auto
2024-04-17 21:41:38+0800: Initializing neural net buffer to be size 9 * 9 exactly
2024-04-17 21:41:38+0800: Found OpenCL Platform 0: NVIDIA CUDA (NVIDIA Corporation) (OpenCL 3.0 CUDA 12.3.99)
2024-04-17 21:41:38+0800: Found 1 device(s) on platform 0 with type CPU or GPU or Accelerator
2024-04-17 21:41:38+0800: Found OpenCL Device 0: NVIDIA GeForce RTX 2060 (NVIDIA Corporation) (score 11000300)
2024-04-17 21:41:38+0800: Creating context for OpenCL Platform: NVIDIA CUDA (NVIDIA Corporation) (OpenCL 3.0 CUDA 12.3.99)
2024-04-17 21:41:39+0800: Using OpenCL Device 0: NVIDIA GeForce RTX 2060 (NVIDIA Corporation) OpenCL 3.0 CUDA (Extensions: cl_khr_global_int32_base_atomics cl_khr_global_int32_extended_atomics cl_khr_local_int32_base_atomics cl_khr_local_int32_extended_atomics cl_khr_fp64 cl_khr_3d_image_writes cl_khr_byte_addressable_store cl_khr_icd cl_khr_gl_sharing cl_nv_compiler_options cl_nv_device_attribute_query cl_nv_pragma_unroll cl_nv_d3d10_sharing cl_khr_d3d10_sharing cl_nv_d3d11_sharing cl_nv_copy_opts cl_nv_create_buffer cl_khr_int64_base_atomics cl_khr_int64_extended_atomics cl_khr_device_uuid cl_khr_pci_bus_info cl_khr_external_semaphore cl_khr_external_memory cl_khr_external_semaphore_win32 cl_khr_external_memory_win32)
2024-04-17 21:41:39+0800: Loaded tuning parameters from: F:\unity_project\yiwu\Assets\StreamingAssets\katago-v1.13.0-opencl-windows-x64/KataGoData/opencltuning/tune11_gpuNVIDIAGeForceRTX2060_x19_y19_c384_mv14.txt
2024-04-17 21:41:39+0800: OpenCL backend thread 0: Device 0 Model version 14
2024-04-17 21:41:39+0800: OpenCL backend thread 0: Device 0 Model name: kata1-b18c384nbt-s7192213760-d3579182099
2024-04-17 21:41:41+0800: OpenCL backend thread 0: Device 0 FP16Storage true FP16Compute false FP16TensorCores true FP16TensorCoresFor1x1 false
2024-04-17 21:41:41+0800: Loaded neural net with nnXLen 9 nnYLen 9
2024-04-17 21:41:41+0800: Initializing board with boardXSize 9 boardYSize 9
2024-04-17 21:41:41+0800: = 
2024-04-17 21:41:46+0800: Controller: loadsgf C:/Users/KILLLAKILL/AppData/LocalLow/DefaultCompany/yiwu/RecentGames\sgf_1659790193.sgf 6
2024-04-17 21:41:46+0800: = 
2024-04-17 21:41:46+0800: Controller: lz-genmove_analyze maxmoves 6
2024-04-17 21:41:51+0800: MoveNum: 5 HASH: 611BD4CBA6629026667128E5EC901D9B
   A B C D E F G H J
 9 . . . . . . . . .
 8 . . . . . . . . .
 7 . . . X1. . . . .
 6 . . . . . . . . .
 5 . . . O X . . . .
 4 . . . . @ . . . .
 3 . . . . . . X3. .
 2 . . . . . . . . .
 1 . . . . . O2. . .

koSIMPLEscoreAREAtaxNONEsui0whbNfpok1komi5.5
Time taken: 5
Root visits: 2672
New playouts: 2672
NN rows: 2354
NN batches: 590
NN avg batch size: 3.98983
PV: E4 F5 D6 E7 C7 D4 C4 D3 C3 E3 H3 C8 G4 F4 G5 B7 B5 H2
Tree:
: T -103.92c W -97.86c S  -6.37c ( -7.4 L  -7.0) N    2672  --  E4 F5 D6 E7 C7 D4 C4
---White(^)---
E4  : T -103.28c W -97.74c S  -5.94c ( -7.2 L  -6.8) LCB -104.16c P 28.20% WF 5215.0 PSV    5181 N    2454  --  E4 F5 D6 E7 C7 D4 C4 D3
D4  : T -109.16c W -98.71c S  -9.88c ( -9.3 L  -8.7) LCB -111.22c P 42.56% WF 349.5 PSV     366 N     106  --  D4 D6 G6 E4 D3 H5 F7 H6
F4  : T -106.66c W -98.74c S  -7.80c ( -8.0 L  -7.4) LCB -108.43c P 15.95% WF 231.9 PSV     231 N      74  --  F4 E4 F3 E3 E2 F5 G4 G5
D3  : T -106.83c W -98.82c S  -7.80c ( -8.1 L  -7.5) LCB -109.97c P  4.33% WF  61.2 PSV      60 N      18  --  D3 E4 D4 D6 G7
D6  : T -110.64c W -98.95c S -10.82c ( -9.4 L  -8.7) LCB -155.89c P  1.57% WF  15.3 PSV      10 N       4  --  D6 E6 C7
G5  : T -112.03c W -98.76c S -13.28c (-10.5 L  -9.4) LCB -462.03c P  0.71% WF   4.9 PSV       4 N       1  --  G5
F3  : T -109.40c W -98.40c S -11.00c ( -9.2 L  -8.2) LCB -459.40c P  0.53% WF   4.6 PSV       4 N       1  --  F3
E3  : T -109.45c W -98.27c S -11.17c ( -9.3 L  -8.4) LCB -459.45c P  0.37% WF   4.7 PSV       3 N       1  --  E3
G6  : T -112.66c W -98.77c S -13.88c (-11.1 L  -9.8) LCB -462.66c P  0.47% WF   5.2 PSV       2 N       1  --  G6
C3  : T -111.62c W -98.89c S -12.72c (-10.2 L  -9.1) LCB -461.62c P  0.45% WF   5.2 PSV       2 N       1  --  C3

2024-04-17 21:41:51+0800: = play E4
