2024-04-17 22:26:40+0800: Running with following config:
allowResignation = true
friendlyPassOk = true
hasButton = false
koRule = SIMPLE
lagBuffer = 1.0
logAllGTPCommunication = true
logDir = gtp_logs
logSearchInfo = true
logToStderr = false
multiStoneSuicideLegal = false
nnCacheSizePowerOfTwo = 20
nnMutexPoolSizePowerOfTwo = 16
numNNServerThreadsPerModel = 1
numSearchThreads = 8
openclDeviceToUseThread0 = 0
ponderingEnabled = false
resignConsecTurns = 3
resignThreshold = -0.90
scoringRule = AREA
searchFactorAfterOnePass = 0.50
searchFactorAfterTwoPass = 0.25
searchFactorWhenWinning = 0.40
searchFactorWhenWinningThreshold = 0.95
taxRule = NONE
whiteHandicapBonus = N

2024-04-17 22:26:40+0800: GTP Engine starting...
2024-04-17 22:26:40+0800: KataGo v1.13.0
2024-04-17 22:26:40+0800: Using Chinese rules initially, unless GTP/GUI overrides this
2024-04-17 22:26:40+0800: Using 8 CPU thread(s) for search
2024-04-17 22:26:40+0800: nnRandSeed0 = 11522154996606360396
2024-04-17 22:26:40+0800: After dedups: nnModelFile0 = F:/unity_project/yiwu/Assets/StreamingAssets\katago-v1.13.0-opencl-windows-x64\model.bin useFP16 auto useNHWC auto
2024-04-17 22:26:40+0800: Initializing neural net buffer to be size 19 * 19 exactly
2024-04-17 22:26:41+0800: Found OpenCL Platform 0: NVIDIA CUDA (NVIDIA Corporation) (OpenCL 3.0 CUDA 12.3.99)
2024-04-17 22:26:41+0800: Found 1 device(s) on platform 0 with type CPU or GPU or Accelerator
2024-04-17 22:26:41+0800: Found OpenCL Device 0: NVIDIA GeForce RTX 2060 (NVIDIA Corporation) (score 11000300)
2024-04-17 22:26:41+0800: Creating context for OpenCL Platform: NVIDIA CUDA (NVIDIA Corporation) (OpenCL 3.0 CUDA 12.3.99)
2024-04-17 22:26:41+0800: Using OpenCL Device 0: NVIDIA GeForce RTX 2060 (NVIDIA Corporation) OpenCL 3.0 CUDA (Extensions: cl_khr_global_int32_base_atomics cl_khr_global_int32_extended_atomics cl_khr_local_int32_base_atomics cl_khr_local_int32_extended_atomics cl_khr_fp64 cl_khr_3d_image_writes cl_khr_byte_addressable_store cl_khr_icd cl_khr_gl_sharing cl_nv_compiler_options cl_nv_device_attribute_query cl_nv_pragma_unroll cl_nv_d3d10_sharing cl_khr_d3d10_sharing cl_nv_d3d11_sharing cl_nv_copy_opts cl_nv_create_buffer cl_khr_int64_base_atomics cl_khr_int64_extended_atomics cl_khr_device_uuid cl_khr_pci_bus_info cl_khr_external_semaphore cl_khr_external_memory cl_khr_external_semaphore_win32 cl_khr_external_memory_win32)
2024-04-17 22:26:41+0800: Loaded tuning parameters from: F:\unity_project\yiwu\Assets\StreamingAssets\katago-v1.13.0-opencl-windows-x64/KataGoData/opencltuning/tune11_gpuNVIDIAGeForceRTX2060_x19_y19_c384_mv14.txt
2024-04-17 22:26:42+0800: OpenCL backend thread 0: Device 0 Model version 14
2024-04-17 22:26:42+0800: OpenCL backend thread 0: Device 0 Model name: kata1-b18c384nbt-s7192213760-d3579182099
2024-04-17 22:26:44+0800: OpenCL backend thread 0: Device 0 FP16Storage true FP16Compute false FP16TensorCores true FP16TensorCoresFor1x1 false
2024-04-17 22:26:44+0800: Loaded neural net with nnXLen 19 nnYLen 19
2024-04-17 22:26:44+0800: Initializing board with boardXSize 19 boardYSize 19
2024-04-17 22:26:44+0800: Loaded config F:/unity_project/yiwu/Assets/StreamingAssets\katago-v1.13.0-opencl-windows-x64\gtp_custom.cfg
2024-04-17 22:26:44+0800: Loaded model F:/unity_project/yiwu/Assets/StreamingAssets\katago-v1.13.0-opencl-windows-x64\model.bin
2024-04-17 22:26:44+0800: Model name: kata1-b18c384nbt-s7192213760-d3579182099
2024-04-17 22:26:44+0800: GTP ready, beginning main protocol loop
2024-04-17 22:26:54+0800: Controller: loadsgf C:/Users/KILLLAKILL/AppData/LocalLow/DefaultCompany/yiwu/RecentGames\sgf_1709537034.sgf 1
2024-04-17 22:26:54+0800: = 
2024-04-17 22:26:57+0800: Controller: loadsgf C:/Users/KILLLAKILL/AppData/LocalLow/DefaultCompany/yiwu/RecentGames\sgf_1709537034.sgf 5
2024-04-17 22:26:57+0800: = 
2024-04-17 22:26:57+0800: Controller: lz-genmove_analyze maxmoves 6
2024-04-17 22:27:02+0800: MoveNum: 4 HASH: C78B3487E693564BA0F037E605B37062
   A B C D E F G H J K L M N O P Q R S T
19 . . . . . . . . . . . . . . . . . . .
18 . . . . . . . . . . . . . . . . . . .
17 . . . . . . . . . . . . . . . . . . .
16 . . . . . . . . . . . . . . . . . . .
15 . . . . . . . . . . . . . . . . . . .
14 . . . . . . . . . . . . . . . . . . .
13 . . . . . . . . . O1. . . . . . . . .
12 . . . . . . . . . . . . . . . . . . .
11 . . . . . . . . . . . . . . . . . . .
10 . . . . . . . . . . . . . . . . . . .
 9 . . . . . . . . . . . . . . . . . . .
 8 . . . . . . . . . . . . . . . . . . .
 7 . . . . . . . . . . . . . . . . . . .
 6 . . . . . . . X2. . . . X . . . . . .
 5 . . . O3. . . . . . . . . . . . . . .
 4 . . . . . . . . . . . . . . . . . . .
 3 . . @ . . . . . . . . . . . . . . . .
 2 . . . . . . . . . . . . . . . . . . .
 1 . . . . . . . . . . . . . . . . . . .

koSIMPLEscoreAREAtaxNONEsui0whbNfpok1komi7.5
Time taken: 5.031
Root visits: 1264
New playouts: 1264
NN rows: 1090
NN batches: 274
NN avg batch size: 3.9781
PV: C3 E4 R4 Q16 D16 D3 R17 Q17 R16 R14 R15 Q15 S14 R13 S13
Tree:
: T -23.73c W -23.58c S  -0.31c ( -1.5 L  -1.1) N    1264  --  C3 E4 R4 Q16 D16 D3 R17
---Black(^)---
C3  : T -23.23c W -23.12c S  -0.28c ( -1.5 L  -1.1) LCB  -23.85c P 45.09% WF 2430.7 PSV    2422 N    1143  --  C3 E4 R4 Q16 D16 D3 R17 Q17
Q3  : T -27.70c W -27.08c S  -0.58c ( -1.8 L  -1.3) LCB  -30.11c P 18.11% WF  90.3 PSV      87 N      43  --  Q3 D3 E3 E4 F3 D2 Q16 D16
R4  : T -28.78c W -28.62c S  -0.72c ( -1.9 L  -1.4) LCB  -31.45c P 15.42% WF  61.3 PSV      60 N      29  --  R4 D3 E3 E4 F3 D2 Q16 D16
D16 : T -28.91c W -28.62c S  -0.75c ( -2.0 L  -1.4) LCB  -33.21c P  6.41% WF  26.1 PSV      24 N      12  --  D16 D3 R4 Q16 E3 E4 F3
Q16 : T -29.55c W -28.30c S  -0.74c ( -2.0 L  -1.4) LCB  -40.71c P  4.35% WF  17.5 PSV      15 N       8  --  Q16 D3 Q3 D16 E3 E4 F3 D2
Q17 : T -28.20c W -27.47c S  -0.62c ( -1.8 L  -1.3) LCB  -35.46c P  1.06% WF  23.8 PSV       4 N      11  --  Q17 D3 Q3 D16
D3  : T -30.15c W -28.59c S  -0.82c ( -2.0 L  -1.4) LCB  -50.98c P  1.33% WF  12.6 PSV       4 N       6  --  D3 Q4 D16 Q16
D17 : T -27.98c W -26.93c S  -0.54c ( -1.8 L  -1.2) LCB -178.96c P  0.92% WF   4.3 PSV       4 N       2  --  D17 D3
R16 : T -27.79c W -26.62c S  -0.53c ( -1.8 L  -1.2) LCB -178.37c P  0.77% WF   4.3 PSV       3 N       2  --  R16 D3
D4  : T -32.36c W -30.02c S  -0.94c ( -2.2 L  -1.6) LCB -106.82c P  1.01% WF   5.3 PSV       2 N       3  --  D4 C5

2024-04-17 22:27:02+0800: = play C3
2024-04-17 22:27:38+0800: Controller: loadsgf C:/Users/KILLLAKILL/AppData/LocalLow/DefaultCompany/yiwu/RecentGames\sgf_1659790193.sgf 1
2024-04-17 22:27:38+0800: Changing komi to 5.5
2024-04-17 22:27:38+0800: GPU 0 finishing, processed 1090 rows 274 batches
2024-04-17 22:27:38+0800: Cleaned up old neural net and bot
2024-04-17 22:27:38+0800: nnRandSeed0 = 13843725136683483849
2024-04-17 22:27:38+0800: After dedups: nnModelFile0 = F:/unity_project/yiwu/Assets/StreamingAssets\katago-v1.13.0-opencl-windows-x64\model.bin useFP16 auto useNHWC auto
2024-04-17 22:27:38+0800: Initializing neural net buffer to be size 9 * 9 exactly
2024-04-17 22:27:38+0800: Found OpenCL Platform 0: NVIDIA CUDA (NVIDIA Corporation) (OpenCL 3.0 CUDA 12.3.99)
2024-04-17 22:27:38+0800: Found 1 device(s) on platform 0 with type CPU or GPU or Accelerator
2024-04-17 22:27:38+0800: Found OpenCL Device 0: NVIDIA GeForce RTX 2060 (NVIDIA Corporation) (score 11000300)
2024-04-17 22:27:38+0800: Creating context for OpenCL Platform: NVIDIA CUDA (NVIDIA Corporation) (OpenCL 3.0 CUDA 12.3.99)
2024-04-17 22:27:38+0800: Using OpenCL Device 0: NVIDIA GeForce RTX 2060 (NVIDIA Corporation) OpenCL 3.0 CUDA (Extensions: cl_khr_global_int32_base_atomics cl_khr_global_int32_extended_atomics cl_khr_local_int32_base_atomics cl_khr_local_int32_extended_atomics cl_khr_fp64 cl_khr_3d_image_writes cl_khr_byte_addressable_store cl_khr_icd cl_khr_gl_sharing cl_nv_compiler_options cl_nv_device_attribute_query cl_nv_pragma_unroll cl_nv_d3d10_sharing cl_khr_d3d10_sharing cl_nv_d3d11_sharing cl_nv_copy_opts cl_nv_create_buffer cl_khr_int64_base_atomics cl_khr_int64_extended_atomics cl_khr_device_uuid cl_khr_pci_bus_info cl_khr_external_semaphore cl_khr_external_memory cl_khr_external_semaphore_win32 cl_khr_external_memory_win32)
2024-04-17 22:27:38+0800: Loaded tuning parameters from: F:\unity_project\yiwu\Assets\StreamingAssets\katago-v1.13.0-opencl-windows-x64/KataGoData/opencltuning/tune11_gpuNVIDIAGeForceRTX2060_x19_y19_c384_mv14.txt
2024-04-17 22:27:39+0800: OpenCL backend thread 0: Device 0 Model version 14
2024-04-17 22:27:39+0800: OpenCL backend thread 0: Device 0 Model name: kata1-b18c384nbt-s7192213760-d3579182099
2024-04-17 22:27:41+0800: OpenCL backend thread 0: Device 0 FP16Storage true FP16Compute false FP16TensorCores true FP16TensorCoresFor1x1 false
2024-04-17 22:27:41+0800: Loaded neural net with nnXLen 9 nnYLen 9
2024-04-17 22:27:41+0800: Initializing board with boardXSize 9 boardYSize 9
2024-04-17 22:27:41+0800: = 
2024-04-17 22:27:43+0800: Controller: loadsgf C:/Users/KILLLAKILL/AppData/LocalLow/DefaultCompany/yiwu/RecentGames\sgf_1659790193.sgf 7
2024-04-17 22:27:43+0800: = 
2024-04-17 22:27:43+0800: Controller: lz-genmove_analyze maxmoves 6
2024-04-17 22:27:48+0800: MoveNum: 6 HASH: 3D4E0F78DD4BFC17707648C28C5310E5
   A B C D E F G H J
 9 . . . . . . . . .
 8 . . . . . . . . .
 7 . . . X . . . . .
 6 . . . . . . . . .
 5 . . . O X . . . .
 4 . . . @ . . . . .
 3 . . . . . . X2. .
 2 . . . . . . O3. .
 1 . . . . . O1. . .

koSIMPLEscoreAREAtaxNONEsui0whbNfpok1komi5.5
Time taken: 5
Root visits: 2715
New playouts: 2715
NN rows: 2417
NN batches: 605
NN avg batch size: 3.99504
PV: D4 F3 C5 F5 F6 E4 D6 G6 G5 F4 G7 H6 F7 D2 H5 H4 H7 G4 C3 J5 C2
Tree:
: T 109.14c W  99.53c S   9.59c (+12.2 L +11.7) N    2715  --  D4 F3 C5 F5 F6 E4 D6
---Black(^)---
D4  : T 109.29c W  99.54c S   9.74c (+12.3 L +11.8) LCB  108.74c P 78.48% WF 9112.1 PSV    9104 N    2619  --  D4 F3 C5 F5 F6 E4 D6 G6
E3  : T 106.82c W  99.40c S   7.26c (+11.3 L +10.5) LCB  103.77c P  4.03% WF  91.4 PSV      83 N      24  --  E3 G4 F3 H3 C3
F3  : T 105.06c W  99.24c S   5.83c (+10.6 L +10.0) LCB  100.03c P  4.62% WF  61.2 PSV      60 N      17  --  F3 E4 F5 D6 E7 E3
E4  : T 106.23c W  99.28c S   7.34c (+11.3 L +10.5) LCB  102.10c P  3.19% WF  64.1 PSV      55 N      15  --  E4 C3 D3 C2
D6  : T 107.67c W  99.51c S   8.02c (+11.5 L +10.7) LCB  102.84c P  1.90% WF  66.1 PSV      54 N      17  --  D6 F3 D4 G5
D3  : T 103.77c W  99.30c S   4.94c (+10.2 L  +9.5) LCB   59.81c P  1.42% WF  14.8 PSV      14 N       4  --  D3 E4 D4
E2  : T 101.09c W  99.01c S   2.97c ( +9.3 L  +8.7) LCB  -49.95c P  0.81% WF   7.2 PSV       5 N       2  --  E2 E4
E6  : T 101.57c W  99.21c S   3.21c ( +9.4 L  +8.7) LCB  -50.51c P  0.54% WF   7.5 PSV       4 N       2  --  E6 F3
F4  : T 101.39c W  98.90c S   3.33c ( +9.5 L  +9.0) LCB  -51.18c P  0.54% WF   7.6 PSV       3 N       2  --  F4 D4
C5  : T 103.56c W  99.56c S   4.00c ( +9.8 L  +9.5) LCB -246.44c P  0.31% WF   3.4 PSV       3 N       1  --  C5

2024-04-17 22:27:48+0800: = play D4
2024-04-17 22:27:56+0800: Controller: loadsgf C:/Users/KILLLAKILL/AppData/LocalLow/DefaultCompany/yiwu/RecentGames\sgf_1659790193.sgf 12
2024-04-17 22:27:56+0800: = 
2024-04-17 22:27:56+0800: Controller: lz-genmove_analyze maxmoves 6
2024-04-17 22:28:01+0800: MoveNum: 11 HASH: C542B0449BE5B9B0A17B3C9B1170691D
   A B C D E F G H J
 9 . . . . . . . . .
 8 . . . . . . . . .
 7 . . . X . . . . .
 6 . . . . . . . . .
 5 . . . O X X1O . .
 4 . . . @ O2. X . .
 3 . . . . . . X . .
 2 . . . . X3. O . .
 1 . . . . . O . . .

koSIMPLEscoreAREAtaxNONEsui0whbNfpok1komi5.5
Time taken: 5
Root visits: 2710
New playouts: 2710
NN rows: 2409
NN batches: 603
NN avg batch size: 3.99502
PV: D4 D6 D2 H2 G6 F7 G7 F8 H8 J4 H5 F2 B5
Tree:
: T -107.99c W -99.21c S  -8.61c (-12.9 L -12.5) N    2710  --  D4 D6 D2 H2 G6 F7 G7
---White(^)---
D4  : T -107.70c W -99.14c S  -8.35c (-12.7 L -12.4) LCB -108.40c P 32.69% WF 5244.3 PSV    5228 N    1707  --  D4 D6 D2 H2 G6 F7 G7 F8
D6  : T -107.88c W -99.29c S  -8.53c (-12.8 L -12.4) LCB -108.77c P 32.71% WF 2797.0 PSV    2800 N     940  --  D6 E7 D3 C6 C7 C5 F4 G6
D2  : T -116.48c W -99.68c S -15.94c (-16.5 L -15.8) LCB -121.22c P 20.73% WF 123.1 PSV     130 N      30  --  D2 D4 C4 D3 C3 E3 D6 E7
D3  : T -114.08c W -99.59c S -13.99c (-15.3 L -14.6) LCB -126.71c P  3.16% WF  32.4 PSV      26 N       8  --  D3 D6 C5 D2
E3  : T -111.48c W -99.54c S -12.11c (-14.5 L -13.7) LCB -132.02c P  1.78% WF  23.7 PSV      24 N       6  --  E3 D6 C5
C4  : T -114.93c W -99.66c S -14.54c (-15.7 L -14.7) LCB -191.81c P  1.90% WF  13.0 PSV      14 N       3  --  C4 D6
F4  : T -116.19c W -99.74c S -16.20c (-16.7 L -15.6) LCB -162.33c P  2.12% WF  14.0 PSV      13 N       4  --  F4 D4
F3  : T -118.46c W -99.72c S -16.78c (-17.0 L -15.8) LCB -270.98c P  0.65% WF   8.4 PSV       3 N       2  --  F3 D4
E6  : T -115.24c W -98.89c S -16.35c (-16.6 L -16.4) LCB -465.24c P  0.42% WF   5.1 PSV       3 N       1  --  E6
C3  : T -112.28c W -99.51c S -12.77c (-14.5 L -13.7) LCB -462.28c P  0.32% WF   5.4 PSV       3 N       1  --  C3

2024-04-17 22:28:01+0800: = play D4
