2024-03-19 11:03:37+0800: Running with following config:
allowResignation = true
friendlyPassOk = true
hasButton = false
koRule = SIMPLE
lagBuffer = 1.0
logAllGTPCommunication = true
logDir = gtp_logs
logSearchInfo = true
logToStderr = false
multiStoneSuicideLegal = false
nnCacheSizePowerOfTwo = 20
nnMutexPoolSizePowerOfTwo = 16
numNNServerThreadsPerModel = 1
numSearchThreads = 8
openclDeviceToUseThread0 = 0
ponderingEnabled = false
resignConsecTurns = 3
resignThreshold = -0.90
scoringRule = AREA
searchFactorAfterOnePass = 0.50
searchFactorAfterTwoPass = 0.25
searchFactorWhenWinning = 0.40
searchFactorWhenWinningThreshold = 0.95
taxRule = NONE
whiteHandicapBonus = N

2024-03-19 11:03:37+0800: GTP Engine starting...
2024-03-19 11:03:37+0800: KataGo v1.13.0
2024-03-19 11:03:37+0800: Using Chinese rules initially, unless GTP/GUI overrides this
2024-03-19 11:03:37+0800: Using 8 CPU thread(s) for search
2024-03-19 11:03:37+0800: nnRandSeed0 = 9917955830332855845
2024-03-19 11:03:37+0800: After dedups: nnModelFile0 = F:\homework\毕业设计\katago-v1.13.0-opencl-windows-x64\model.bin useFP16 auto useNHWC auto
2024-03-19 11:03:37+0800: Initializing neural net buffer to be size 19 * 19 exactly
2024-03-19 11:03:38+0800: Found OpenCL Platform 0: NVIDIA CUDA (NVIDIA Corporation) (OpenCL 3.0 CUDA 12.3.99)
2024-03-19 11:03:38+0800: Found 1 device(s) on platform 0 with type CPU or GPU or Accelerator
2024-03-19 11:03:38+0800: Found OpenCL Device 0: NVIDIA GeForce RTX 2060 (NVIDIA Corporation) (score 11000300)
2024-03-19 11:03:38+0800: Creating context for OpenCL Platform: NVIDIA CUDA (NVIDIA Corporation) (OpenCL 3.0 CUDA 12.3.99)
2024-03-19 11:03:38+0800: Using OpenCL Device 0: NVIDIA GeForce RTX 2060 (NVIDIA Corporation) OpenCL 3.0 CUDA (Extensions: cl_khr_global_int32_base_atomics cl_khr_global_int32_extended_atomics cl_khr_local_int32_base_atomics cl_khr_local_int32_extended_atomics cl_khr_fp64 cl_khr_3d_image_writes cl_khr_byte_addressable_store cl_khr_icd cl_khr_gl_sharing cl_nv_compiler_options cl_nv_device_attribute_query cl_nv_pragma_unroll cl_nv_d3d10_sharing cl_khr_d3d10_sharing cl_nv_d3d11_sharing cl_nv_copy_opts cl_nv_create_buffer cl_khr_int64_base_atomics cl_khr_int64_extended_atomics cl_khr_device_uuid cl_khr_pci_bus_info cl_khr_external_semaphore cl_khr_external_memory cl_khr_external_semaphore_win32 cl_khr_external_memory_win32)
2024-03-19 11:03:38+0800: Loaded tuning parameters from: F:\homework\毕业设计\katago-v1.13.0-opencl-windows-x64/KataGoData/opencltuning/tune11_gpuNVIDIAGeForceRTX2060_x19_y19_c384_mv14.txt
2024-03-19 11:03:38+0800: OpenCL backend thread 0: Device 0 Model version 14
2024-03-19 11:03:38+0800: OpenCL backend thread 0: Device 0 Model name: kata1-b18c384nbt-s7192213760-d3579182099
2024-03-19 11:03:40+0800: OpenCL backend thread 0: Device 0 FP16Storage true FP16Compute false FP16TensorCores true FP16TensorCoresFor1x1 false
2024-03-19 11:03:40+0800: Loaded neural net with nnXLen 19 nnYLen 19
2024-03-19 11:03:40+0800: Initializing board with boardXSize 19 boardYSize 19
2024-03-19 11:03:40+0800: Loaded config F:\homework\毕业设计\katago-v1.13.0-opencl-windows-x64\gtp_custom.cfg
2024-03-19 11:03:40+0800: Loaded model F:\homework\毕业设计\katago-v1.13.0-opencl-windows-x64\model.bin
2024-03-19 11:03:40+0800: Model name: kata1-b18c384nbt-s7192213760-d3579182099
2024-03-19 11:03:40+0800: GTP ready, beginning main protocol loop
2024-03-19 11:03:44+0800: Controller: loadsgf C:/Users/KILLLAKILL/AppData/LocalLow/DefaultCompany/yiwu/RecentGames\sgf_1709537998.sgf 1
2024-03-19 11:03:44+0800: = 
2024-03-19 11:03:50+0800: Controller: loadsgf C:/Users/KILLLAKILL/AppData/LocalLow/DefaultCompany/yiwu/RecentGames\sgf_1709537998.sgf 7
2024-03-19 11:03:50+0800: = 
2024-03-19 11:03:50+0800: Controller: lz-genmove_analyze maxmoves 6
2024-03-19 11:03:55+0800: MoveNum: 6 HASH: 78A9D1E967BCC529C529411D6DDE6708
   A B C D E F G H J K L M N O P Q R S T
19 . . . . . . . . . . . . . . . . . . .
18 . . . . . . . . . . . . . . . . . . .
17 . . . . . . . . . . . . . . . . . . .
16 . . @ . . . . . . . . . . . . . . . .
15 . . . . . . X2. . . . . . . . . . . .
14 . . . . . . . . . . . . . . . . . . .
13 . . . . . . . . X . . . . . . . . . .
12 . . . . . . . . . . . . . . . . . . .
11 . . . . . . . . . . . . . . . . . . .
10 . . . . . . . . . . . . . . . . . . .
 9 . . . . . . . . . . . . . . . . . . .
 8 . . . . . . . O1. . . . . O . . . . .
 7 . . . . . . . . . . . . . . . . . . .
 6 . . . . . . . . . . . X . . . . . . .
 5 . . . . . . . . . . . . . . . . . . .
 4 . . . . . . . . . . . . . X3. . . . .
 3 . . . . . . . . . . . . . . . . . . .
 2 . . . . . . . . . . . . . . . . . . .
 1 . . . . . . . . . . . . . . . . . . .

koSIMPLEscoreAREAtaxNONEsui0whbNfpok1komi7.5
Time taken: 5.015
Root visits: 1914
New playouts: 1914
NN rows: 1172
NN batches: 294
NN avg batch size: 3.98639
PV: C16 R4 Q16 D4 C3 D3 C4 D5 B6 O17 F17
Tree:
: T -98.99c W -95.05c S  -3.94c (-13.8 L -10.4) N    1914  --  C16 R4 Q16 D4 C3 D3 C4
---White(^)---
C16 : T -98.68c W -94.97c S  -3.74c (-13.6 L -10.2) LCB  -98.91c P  4.91% WF 780.5 PSV    7408 N     302  --  C16 R4 Q16 D4 C3 D3 C4 D5
Q4  : T -98.88c W -94.98c S  -3.91c (-13.8 L -10.3) LCB  -99.03c P 32.19% WF 2965.9 PSV    2963 N    1165  --  Q4 C16 Q16 D4 N5 R3 Q3 R4
Q16 : T -99.27c W -95.19c S  -4.09c (-14.0 L -10.5) LCB  -99.57c P  8.70% WF 375.9 PSV     349 N     145  --  Q16 C16 Q4 D4 N5 R3 Q3 R4
D16 : T -99.07c W -95.12c S  -3.92c (-13.8 L -10.4) LCB  -99.42c P  5.87% WF 374.4 PSV     334 N     142  --  D16 R4 Q16 D4 C3 D3 C4 D5
D4  : T -99.86c W -95.46c S  -4.37c (-14.3 L -10.7) LCB -100.75c P  3.36% WF  77.0 PSV      72 N      30  --  D4 C16 Q4 Q16 N5 R3 Q3 R4
D17 : T -99.27c W -95.24c S  -4.03c (-13.9 L -10.4) LCB -100.91c P  1.16% WF  49.4 PSV      46 N      19  --  D17 R4 Q16 D4 C3
Q17 : T -99.69c W -95.51c S  -4.17c (-14.0 L -10.5) LCB -100.40c P  1.81% WF  47.4 PSV      45 N      18  --  Q17 R4 C16 D4 R14 E16 E17 F17
R4  : T -100.12c W -95.60c S  -4.59c (-14.5 L -10.7) LCB -104.51c P  1.69% WF  33.0 PSV      30 N      13  --  R4 C16 Q16 D4
D3  : T -99.90c W -95.44c S  -4.34c (-14.2 L -10.6) LCB -102.68c P  1.36% WF  33.7 PSV      28 N      13  --  D3 C16 Q4 Q16 C6 Q6
C4  : T -99.68c W -95.36c S  -4.20c (-14.1 L -10.5) LCB -102.84c P  1.09% WF  31.0 PSV      27 N      12  --  C4 C16 Q4 Q16 N5 E3 H3

2024-03-19 11:03:55+0800: = play C16
2024-03-19 11:04:03+0800: Controller: loadsgf C:/Users/KILLLAKILL/AppData/LocalLow/DefaultCompany/yiwu/RecentGames\sgf_1709537998.sgf 6
2024-03-19 11:04:03+0800: = 
2024-03-19 11:04:03+0800: Controller: lz-genmove_analyze maxmoves 6
2024-03-19 11:04:08+0800: MoveNum: 5 HASH: 8425B36019ACAF74FBA2D1CB4BD01E7E
   A B C D E F G H J K L M N O P Q R S T
19 . . . . . . . . . . . . . . . . . . .
18 . . . . . . . . . . . . . . . . . . .
17 . . . . . . . . . . . . . . . . . . .
16 . . @ . . . . . . . . . . . . . . . .
15 . . . . . . X3. . . . . . . . . . . .
14 . . . . . . . . . . . . . . . . . . .
13 . . . . . . . . X1. . . . . . . . . .
12 . . . . . . . . . . . . . . . . . . .
11 . . . . . . . . . . . . . . . . . . .
10 . . . . . . . . . . . . . . . . . . .
 9 . . . . . . . . . . . . . . . . . . .
 8 . . . . . . . O2. . . . . O . . . . .
 7 . . . . . . . . . . . . . . . . . . .
 6 . . . . . . . . . . . X . . . . . . .
 5 . . . . . . . . . . . . . . . . . . .
 4 . . . . . . . . . . . . . . . . . . .
 3 . . . . . . . . . . . . . . . . . . .
 2 . . . . . . . . . . . . . . . . . . .
 1 . . . . . . . . . . . . . . . . . . .

koSIMPLEscoreAREAtaxNONEsui0whbNfpok1komi7.5
Time taken: 5
Root visits: 1349
New playouts: 1349
NN rows: 1178
NN batches: 296
NN avg batch size: 3.97973
PV: C16 Q4 R16 C4 O17 F3 R6 O3 E17 R9 R4 R3 S3 R2
Tree:
: T  40.61c W  39.20c S   1.23c ( +3.0 L  +2.1) N    1349  --  C16 Q4 R16 C4 O17 F3 R6
---White(^)---
C16 : T  41.41c W  39.91c S   1.28c ( +3.1 L  +2.1) LCB   40.80c P 29.58% WF 2630.3 PSV    2615 N    1188  --  C16 Q4 R16 C4 O17 F3 R6 O3
Q4  : T  33.50c W  32.99c S   0.78c ( +2.6 L  +1.8) LCB   29.80c P 17.72% WF  57.8 PSV      56 N      26  --  Q4 C16 R16 D4 O17 O3
Q16 : T  32.98c W  32.56c S   0.74c ( +2.6 L  +1.7) LCB   29.23c P 13.77% WF  46.6 PSV      41 N      21  --  Q16 C16 R4 D4 O4 O17
D16 : T  37.32c W  35.99c S   1.03c ( +2.9 L  +1.9) LCB   35.39c P  6.35% WF  99.5 PSV      37 N      44  --  D16 Q4 R16 D4 O17 C14 F17 R6
Q17 : T  34.82c W  33.51c S   0.77c ( +2.6 L  +1.8) LCB   30.54c P  6.48% WF  50.9 PSV      24 N      23  --  Q17 C16 Q4 D4 R14 O3 R6 F3
D4  : T  33.26c W  32.76c S   0.80c ( +2.6 L  +1.8) LCB   13.06c P  3.92% WF  12.4 PSV      12 N       6  --  D4 C16 R4 Q16
Q3  : T  31.47c W  31.49c S   0.62c ( +2.5 L  +1.7) LCB    2.45c P  4.52% WF  10.6 PSV      11 N       5  --  Q3 C16 Q16 D4
D17 : T  35.10c W  34.47c S   0.84c ( +2.7 L  +1.8) LCB   30.67c P  2.61% WF  40.0 PSV      10 N      18  --  D17 Q4 Q16 D4 C15 R17
R4  : T  30.62c W  31.36c S   0.56c ( +2.4 L  +1.7) LCB   11.48c P  3.96% WF  10.4 PSV       9 N       5  --  R4 C16 D4 Q16
C4  : T  32.72c W  33.56c S   0.84c ( +2.7 L  +1.9) LCB    9.98c P  2.34% WF  10.4 PSV       6 N       5  --  C4 C16 Q4 Q16

2024-03-19 11:04:08+0800: = play C16
