2024-03-18 22:24:44+0800: Running with following config:
allowResignation = true
friendlyPassOk = true
hasButton = false
koRule = SIMPLE
lagBuffer = 1.0
logAllGTPCommunication = true
logDir = gtp_logs
logSearchInfo = true
logToStderr = false
multiStoneSuicideLegal = false
nnCacheSizePowerOfTwo = 20
nnMutexPoolSizePowerOfTwo = 16
numNNServerThreadsPerModel = 1
numSearchThreads = 8
openclDeviceToUseThread0 = 0
ponderingEnabled = false
resignConsecTurns = 3
resignThreshold = -0.90
scoringRule = AREA
searchFactorAfterOnePass = 0.50
searchFactorAfterTwoPass = 0.25
searchFactorWhenWinning = 0.40
searchFactorWhenWinningThreshold = 0.95
taxRule = NONE
whiteHandicapBonus = N

2024-03-18 22:24:44+0800: GTP Engine starting...
2024-03-18 22:24:44+0800: KataGo v1.13.0
2024-03-18 22:24:44+0800: Using Chinese rules initially, unless GTP/GUI overrides this
2024-03-18 22:24:44+0800: Using 8 CPU thread(s) for search
2024-03-18 22:24:44+0800: nnRandSeed0 = 17442841186500376742
2024-03-18 22:24:44+0800: After dedups: nnModelFile0 = F:\homework\毕业设计\katago-v1.13.0-opencl-windows-x64\model.bin useFP16 auto useNHWC auto
2024-03-18 22:24:44+0800: Initializing neural net buffer to be size 19 * 19 exactly
2024-03-18 22:24:45+0800: Found OpenCL Platform 0: NVIDIA CUDA (NVIDIA Corporation) (OpenCL 3.0 CUDA 12.3.99)
2024-03-18 22:24:45+0800: Found 1 device(s) on platform 0 with type CPU or GPU or Accelerator
2024-03-18 22:24:45+0800: Found OpenCL Device 0: NVIDIA GeForce RTX 2060 (NVIDIA Corporation) (score 11000300)
2024-03-18 22:24:45+0800: Creating context for OpenCL Platform: NVIDIA CUDA (NVIDIA Corporation) (OpenCL 3.0 CUDA 12.3.99)
2024-03-18 22:24:45+0800: Using OpenCL Device 0: NVIDIA GeForce RTX 2060 (NVIDIA Corporation) OpenCL 3.0 CUDA (Extensions: cl_khr_global_int32_base_atomics cl_khr_global_int32_extended_atomics cl_khr_local_int32_base_atomics cl_khr_local_int32_extended_atomics cl_khr_fp64 cl_khr_3d_image_writes cl_khr_byte_addressable_store cl_khr_icd cl_khr_gl_sharing cl_nv_compiler_options cl_nv_device_attribute_query cl_nv_pragma_unroll cl_nv_d3d10_sharing cl_khr_d3d10_sharing cl_nv_d3d11_sharing cl_nv_copy_opts cl_nv_create_buffer cl_khr_int64_base_atomics cl_khr_int64_extended_atomics cl_khr_device_uuid cl_khr_pci_bus_info cl_khr_external_semaphore cl_khr_external_memory cl_khr_external_semaphore_win32 cl_khr_external_memory_win32)
2024-03-18 22:24:45+0800: Loaded tuning parameters from: F:\homework\毕业设计\katago-v1.13.0-opencl-windows-x64/KataGoData/opencltuning/tune11_gpuNVIDIAGeForceRTX2060_x19_y19_c384_mv14.txt
2024-03-18 22:24:46+0800: OpenCL backend thread 0: Device 0 Model version 14
2024-03-18 22:24:46+0800: OpenCL backend thread 0: Device 0 Model name: kata1-b18c384nbt-s7192213760-d3579182099
2024-03-18 22:24:48+0800: OpenCL backend thread 0: Device 0 FP16Storage true FP16Compute false FP16TensorCores true FP16TensorCoresFor1x1 false
2024-03-18 22:24:48+0800: Loaded neural net with nnXLen 19 nnYLen 19
2024-03-18 22:24:48+0800: Initializing board with boardXSize 19 boardYSize 19
2024-03-18 22:24:48+0800: Loaded config F:\homework\毕业设计\katago-v1.13.0-opencl-windows-x64\gtp_custom.cfg
2024-03-18 22:24:48+0800: Loaded model F:\homework\毕业设计\katago-v1.13.0-opencl-windows-x64\model.bin
2024-03-18 22:24:48+0800: Model name: kata1-b18c384nbt-s7192213760-d3579182099
2024-03-18 22:24:48+0800: GTP ready, beginning main protocol loop
2024-03-18 22:24:51+0800: Controller: loadsgf C:/Users/KILLLAKILL/AppData/LocalLow/DefaultCompany/yiwu/RecentGames\sgf_1701255612.sgf 1
2024-03-18 22:24:51+0800: Changing komi to 5.5
2024-03-18 22:24:51+0800: GPU 0 finishing, processed 0 rows 0 batches
2024-03-18 22:24:51+0800: Cleaned up old neural net and bot
2024-03-18 22:24:51+0800: nnRandSeed0 = 5210822674957464807
2024-03-18 22:24:51+0800: After dedups: nnModelFile0 = F:\homework\毕业设计\katago-v1.13.0-opencl-windows-x64\model.bin useFP16 auto useNHWC auto
2024-03-18 22:24:51+0800: Initializing neural net buffer to be size 9 * 9 exactly
2024-03-18 22:24:52+0800: Found OpenCL Platform 0: NVIDIA CUDA (NVIDIA Corporation) (OpenCL 3.0 CUDA 12.3.99)
2024-03-18 22:24:52+0800: Found 1 device(s) on platform 0 with type CPU or GPU or Accelerator
2024-03-18 22:24:52+0800: Found OpenCL Device 0: NVIDIA GeForce RTX 2060 (NVIDIA Corporation) (score 11000300)
2024-03-18 22:24:52+0800: Creating context for OpenCL Platform: NVIDIA CUDA (NVIDIA Corporation) (OpenCL 3.0 CUDA 12.3.99)
2024-03-18 22:24:52+0800: Using OpenCL Device 0: NVIDIA GeForce RTX 2060 (NVIDIA Corporation) OpenCL 3.0 CUDA (Extensions: cl_khr_global_int32_base_atomics cl_khr_global_int32_extended_atomics cl_khr_local_int32_base_atomics cl_khr_local_int32_extended_atomics cl_khr_fp64 cl_khr_3d_image_writes cl_khr_byte_addressable_store cl_khr_icd cl_khr_gl_sharing cl_nv_compiler_options cl_nv_device_attribute_query cl_nv_pragma_unroll cl_nv_d3d10_sharing cl_khr_d3d10_sharing cl_nv_d3d11_sharing cl_nv_copy_opts cl_nv_create_buffer cl_khr_int64_base_atomics cl_khr_int64_extended_atomics cl_khr_device_uuid cl_khr_pci_bus_info cl_khr_external_semaphore cl_khr_external_memory cl_khr_external_semaphore_win32 cl_khr_external_memory_win32)
2024-03-18 22:24:52+0800: Loaded tuning parameters from: F:\homework\毕业设计\katago-v1.13.0-opencl-windows-x64/KataGoData/opencltuning/tune11_gpuNVIDIAGeForceRTX2060_x19_y19_c384_mv14.txt
2024-03-18 22:24:52+0800: OpenCL backend thread 0: Device 0 Model version 14
2024-03-18 22:24:52+0800: OpenCL backend thread 0: Device 0 Model name: kata1-b18c384nbt-s7192213760-d3579182099
2024-03-18 22:24:55+0800: OpenCL backend thread 0: Device 0 FP16Storage true FP16Compute false FP16TensorCores true FP16TensorCoresFor1x1 false
2024-03-18 22:24:55+0800: Loaded neural net with nnXLen 9 nnYLen 9
2024-03-18 22:24:55+0800: Initializing board with boardXSize 9 boardYSize 9
2024-03-18 22:24:55+0800: = 
2024-03-18 22:24:58+0800: Controller: loadsgf C:/Users/KILLLAKILL/AppData/LocalLow/DefaultCompany/yiwu/RecentGames\sgf_1701255612.sgf 6
2024-03-18 22:24:58+0800: = 
2024-03-18 22:24:58+0800: Controller: lz-genmove_analyze maxmoves 6
2024-03-18 22:25:03+0800: MoveNum: 5 HASH: FFE96295C396DA517064CFFB0FD39D37
   A B C D E F G H J
 9 . . . . . . . . .
 8 . . . . . . . . .
 7 . . X . . . . . .
 6 . . . . . . . . .
 5 . . . . O O2. . .
 4 . . . . . . . . .
 3 . . X1. @ . X3. .
 2 . . . . . . . . .
 1 . . . . . . . . .

koSIMPLEscoreAREAtaxNONEsui0whbNfpok1komi5.5
Time taken: 5
Root visits: 3678
New playouts: 3678
NN rows: 2505
NN batches: 627
NN avg batch size: 3.99522
PV: E3 D4 F3 H5 H4 G4 G5 H3 H6 J4 J6 E7 F1 G2 J2 G1 F7 D2 D3 C2
Tree:
: T -43.39c W -40.15c S  -1.86c ( -1.7 L  -1.3) N    3678  --  E3 D4 F3 H5 H4 G4 G5
---White(^)---
E3  : T -41.30c W -38.17c S  -1.78c ( -1.7 L  -1.2) LCB  -45.40c P 37.91% WF 2167.1 PSV    2128 N    3394  --  E3 D4 F3 H5 H4 G4 G5 H3
E7  : T -58.77c W -57.70c S  -1.57c ( -1.5 L  -1.0) LCB  -75.70c P 17.70% WF  86.3 PSV      91 N     129  --  E7 C5 D4 C4 G4 H4 H5 F4
C5  : T -69.09c W -60.11c S  -3.91c ( -2.7 L  -2.1) LCB  -90.50c P 21.70% WF  59.8 PSV      72 N      87  --  C5 E7 E3 D4 F3 D5 G6 H5
F3  : T -82.85c W -75.06c S  -3.96c ( -2.6 L  -2.0) LCB -100.62c P 11.12% WF  19.2 PSV      25 N      24  --  F3 F2 E2 E3 D3 F4 E4 F3
F2  : T -52.16c W -50.74c S  -2.01c ( -1.8 L  -1.1) LCB  -74.97c P  2.15% WF  21.0 PSV      16 N      25  --  F2 H5 C5 D4 D5 F3
D3  : T -92.35c W -81.76c S  -5.52c ( -3.4 L  -2.5) LCB -170.53c P  2.26% WF   3.0 PSV       4 N       3  --  D3 D4 E3
D7  : T -79.63c W -74.14c S  -3.35c ( -2.3 L  -1.4) LCB -128.78c P  1.45% WF   4.0 PSV       3 N       4  --  D7 C6 G4
G4  : T -75.81c W -71.93c S  -3.21c ( -2.3 L  -1.9) LCB -134.12c P  1.30% WF   3.7 PSV       3 N       4  --  G4 F3 D4
C6  : T -85.54c W -77.91c S  -3.99c ( -2.7 L  -1.7) LCB -164.92c P  1.83% WF   3.1 PSV       3 N       3  --  C6 D6 D5
C4  : T -79.80c W -76.40c S  -3.40c ( -2.4 L  -1.2) LCB -429.80c P  0.70% WF   1.2 PSV       1 N       1  --  C4

2024-03-18 22:25:03+0800: = play E3
