2024-03-18 12:20:02+0800: Running with following config:
allowResignation = true
friendlyPassOk = true
hasButton = false
koRule = SIMPLE
lagBuffer = 1.0
logAllGTPCommunication = true
logDir = gtp_logs
logSearchInfo = true
logToStderr = false
multiStoneSuicideLegal = false
nnCacheSizePowerOfTwo = 20
nnMutexPoolSizePowerOfTwo = 16
numNNServerThreadsPerModel = 1
numSearchThreads = 8
openclDeviceToUseThread0 = 0
ponderingEnabled = false
resignConsecTurns = 3
resignThreshold = -0.90
scoringRule = AREA
searchFactorAfterOnePass = 0.50
searchFactorAfterTwoPass = 0.25
searchFactorWhenWinning = 0.40
searchFactorWhenWinningThreshold = 0.95
taxRule = NONE
whiteHandicapBonus = N

2024-03-18 12:20:02+0800: GTP Engine starting...
2024-03-18 12:20:02+0800: KataGo v1.13.0
2024-03-18 12:20:02+0800: Using Chinese rules initially, unless GTP/GUI overrides this
2024-03-18 12:20:02+0800: Using 8 CPU thread(s) for search
2024-03-18 12:20:03+0800: nnRandSeed0 = 12681548469119740426
2024-03-18 12:20:03+0800: After dedups: nnModelFile0 = F:\homework\毕业设计\katago-v1.13.0-opencl-windows-x64\model.bin useFP16 auto useNHWC auto
2024-03-18 12:20:03+0800: Initializing neural net buffer to be size 19 * 19 exactly
2024-03-18 12:20:03+0800: Found OpenCL Platform 0: NVIDIA CUDA (NVIDIA Corporation) (OpenCL 3.0 CUDA 12.3.99)
2024-03-18 12:20:03+0800: Found 1 device(s) on platform 0 with type CPU or GPU or Accelerator
2024-03-18 12:20:03+0800: Found OpenCL Device 0: NVIDIA GeForce RTX 2060 (NVIDIA Corporation) (score 11000300)
2024-03-18 12:20:03+0800: Creating context for OpenCL Platform: NVIDIA CUDA (NVIDIA Corporation) (OpenCL 3.0 CUDA 12.3.99)
2024-03-18 12:20:03+0800: Using OpenCL Device 0: NVIDIA GeForce RTX 2060 (NVIDIA Corporation) OpenCL 3.0 CUDA (Extensions: cl_khr_global_int32_base_atomics cl_khr_global_int32_extended_atomics cl_khr_local_int32_base_atomics cl_khr_local_int32_extended_atomics cl_khr_fp64 cl_khr_3d_image_writes cl_khr_byte_addressable_store cl_khr_icd cl_khr_gl_sharing cl_nv_compiler_options cl_nv_device_attribute_query cl_nv_pragma_unroll cl_nv_d3d10_sharing cl_khr_d3d10_sharing cl_nv_d3d11_sharing cl_nv_copy_opts cl_nv_create_buffer cl_khr_int64_base_atomics cl_khr_int64_extended_atomics cl_khr_device_uuid cl_khr_pci_bus_info cl_khr_external_semaphore cl_khr_external_memory cl_khr_external_semaphore_win32 cl_khr_external_memory_win32)
2024-03-18 12:20:03+0800: Loaded tuning parameters from: F:\homework\毕业设计\katago-v1.13.0-opencl-windows-x64/KataGoData/opencltuning/tune11_gpuNVIDIAGeForceRTX2060_x19_y19_c384_mv14.txt
2024-03-18 12:20:04+0800: OpenCL backend thread 0: Device 0 Model version 14
2024-03-18 12:20:04+0800: OpenCL backend thread 0: Device 0 Model name: kata1-b18c384nbt-s7192213760-d3579182099
2024-03-18 12:20:06+0800: OpenCL backend thread 0: Device 0 FP16Storage true FP16Compute false FP16TensorCores true FP16TensorCoresFor1x1 false
2024-03-18 12:20:06+0800: Loaded neural net with nnXLen 19 nnYLen 19
2024-03-18 12:20:06+0800: Initializing board with boardXSize 19 boardYSize 19
2024-03-18 12:20:06+0800: Loaded config F:\homework\毕业设计\katago-v1.13.0-opencl-windows-x64\gtp_custom.cfg
2024-03-18 12:20:06+0800: Loaded model F:\homework\毕业设计\katago-v1.13.0-opencl-windows-x64\model.bin
2024-03-18 12:20:06+0800: Model name: kata1-b18c384nbt-s7192213760-d3579182099
2024-03-18 12:20:06+0800: GTP ready, beginning main protocol loop
2024-03-18 12:20:11+0800: Controller: loadsgf C:/Users/KILLLAKILL/AppData/LocalLow/DefaultCompany/yiwu/RecentGames\sgf_1701255612.sgf 1
2024-03-18 12:20:11+0800: Changing komi to 5.5
2024-03-18 12:20:11+0800: GPU 0 finishing, processed 0 rows 0 batches
2024-03-18 12:20:11+0800: Cleaned up old neural net and bot
2024-03-18 12:20:11+0800: nnRandSeed0 = 3710625682419576649
2024-03-18 12:20:11+0800: After dedups: nnModelFile0 = F:\homework\毕业设计\katago-v1.13.0-opencl-windows-x64\model.bin useFP16 auto useNHWC auto
2024-03-18 12:20:11+0800: Initializing neural net buffer to be size 9 * 9 exactly
2024-03-18 12:20:12+0800: Found OpenCL Platform 0: NVIDIA CUDA (NVIDIA Corporation) (OpenCL 3.0 CUDA 12.3.99)
2024-03-18 12:20:12+0800: Found 1 device(s) on platform 0 with type CPU or GPU or Accelerator
2024-03-18 12:20:12+0800: Found OpenCL Device 0: NVIDIA GeForce RTX 2060 (NVIDIA Corporation) (score 11000300)
2024-03-18 12:20:12+0800: Creating context for OpenCL Platform: NVIDIA CUDA (NVIDIA Corporation) (OpenCL 3.0 CUDA 12.3.99)
2024-03-18 12:20:12+0800: Using OpenCL Device 0: NVIDIA GeForce RTX 2060 (NVIDIA Corporation) OpenCL 3.0 CUDA (Extensions: cl_khr_global_int32_base_atomics cl_khr_global_int32_extended_atomics cl_khr_local_int32_base_atomics cl_khr_local_int32_extended_atomics cl_khr_fp64 cl_khr_3d_image_writes cl_khr_byte_addressable_store cl_khr_icd cl_khr_gl_sharing cl_nv_compiler_options cl_nv_device_attribute_query cl_nv_pragma_unroll cl_nv_d3d10_sharing cl_khr_d3d10_sharing cl_nv_d3d11_sharing cl_nv_copy_opts cl_nv_create_buffer cl_khr_int64_base_atomics cl_khr_int64_extended_atomics cl_khr_device_uuid cl_khr_pci_bus_info cl_khr_external_semaphore cl_khr_external_memory cl_khr_external_semaphore_win32 cl_khr_external_memory_win32)
2024-03-18 12:20:12+0800: Loaded tuning parameters from: F:\homework\毕业设计\katago-v1.13.0-opencl-windows-x64/KataGoData/opencltuning/tune11_gpuNVIDIAGeForceRTX2060_x19_y19_c384_mv14.txt
2024-03-18 12:20:12+0800: OpenCL backend thread 0: Device 0 Model version 14
2024-03-18 12:20:12+0800: OpenCL backend thread 0: Device 0 Model name: kata1-b18c384nbt-s7192213760-d3579182099
2024-03-18 12:20:14+0800: OpenCL backend thread 0: Device 0 FP16Storage true FP16Compute false FP16TensorCores true FP16TensorCoresFor1x1 false
2024-03-18 12:20:14+0800: Loaded neural net with nnXLen 9 nnYLen 9
2024-03-18 12:20:14+0800: Initializing board with boardXSize 9 boardYSize 9
2024-03-18 12:20:14+0800: = 
2024-03-18 12:20:17+0800: Controller: loadsgf C:/Users/KILLLAKILL/AppData/LocalLow/DefaultCompany/yiwu/RecentGames\sgf_1701255612.sgf 6
2024-03-18 12:20:17+0800: = 
2024-03-18 12:20:17+0800: Controller: lz-genmove_analyze maxmoves 6
2024-03-18 12:20:22+0800: MoveNum: 5 HASH: FFE96295C396DA517064CFFB0FD39D37
   A B C D E F G H J
 9 . . . . . . . . .
 8 . . . . . . . . .
 7 . . X . . . . . .
 6 . . . . . . . . .
 5 . . . . O O2. . .
 4 . . . . . . . . .
 3 . . X1. @ . X3. .
 2 . . . . . . . . .
 1 . . . . . . . . .

koSIMPLEscoreAREAtaxNONEsui0whbNfpok1komi5.5
Time taken: 5
Root visits: 3639
New playouts: 3639
NN rows: 2537
NN batches: 635
NN avg batch size: 3.99528
PV: E3 D4 F3 H5 H4 G4 G5 J4 D7 D6 H6 H3 C8 C6 E7 E6 F7 H7 G7 J6 B8 G6 F6 B7 C2
Tree:
: T -40.35c W -39.04c S  -1.97c ( -1.6 L  -1.2) N    3639  --  E3 D4 F3 H5 H4 G4 G5
---White(^)---
E3  : T -37.87c W -37.08c S  -1.89c ( -1.6 L  -1.2) LCB  -42.55c P 35.89% WF 1879.6 PSV    1836 N    2998  --  E3 D4 F3 H5 H4 G4 G5 J4
C5  : T -51.88c W -47.76c S  -3.14c ( -2.2 L  -1.7) LCB  -67.62c P 25.79% WF 144.4 PSV     158 N     214  --  C5 D4 C6 E7 F3 F2 E3 E2
E7  : T -46.28c W -43.14c S  -1.50c ( -1.3 L  -0.9) LCB  -56.72c P 15.39% WF 224.3 PSV     146 N     361  --  E7 D4 C6 D7 B5 E8 F7 F8
F3  : T -63.13c W -60.33c S  -3.04c ( -2.1 L  -1.4) LCB  -90.84c P 10.05% WF  26.8 PSV      32 N      34  --  F3 F2 C5 E3 E7 B5 B4
D3  : T -80.03c W -75.18c S  -5.30c ( -3.2 L  -2.6) LCB -112.27c P  3.75% WF   6.6 PSV       8 N       8  --  D3 D4 E3 E4 F4
F2  : T -61.31c W -59.18c S  -2.69c ( -2.0 L  -1.1) LCB  -88.20c P  1.84% WF   6.6 PSV       7 N       8  --  F2 C5 H5
G4  : T -73.57c W -71.36c S  -3.51c ( -2.3 L  -2.0) LCB -119.67c P  1.85% WF   4.7 PSV       4 N       5  --  G4 F3 D4
C6  : T -86.78c W -78.98c S  -4.42c ( -2.7 L  -1.7) LCB -166.18c P  1.65% WF   3.1 PSV       3 N       3  --  C6 D6 D5
D7  : T -83.89c W -77.03c S  -3.80c ( -2.4 L  -1.4) LCB -159.92c P  1.59% WF   3.1 PSV       3 N       3  --  D7 C6 G4
C4  : T -83.45c W -79.12c S  -4.33c ( -2.7 L  -1.5) LCB -433.45c P  0.72% WF   1.2 PSV       1 N       1  --  C4

2024-03-18 12:20:22+0800: = play E3
