2024-05-09 00:57:14+0800: Running with following config:
allowResignation = true
friendlyPassOk = true
hasButton = false
koRule = SIMPLE
lagBuffer = 1.0
logAllGTPCommunication = true
logDir = gtp_logs
logSearchInfo = true
logToStderr = false
multiStoneSuicideLegal = false
nnCacheSizePowerOfTwo = 20
nnMutexPoolSizePowerOfTwo = 16
numNNServerThreadsPerModel = 1
numSearchThreads = 8
openclDeviceToUseThread0 = 0
ponderingEnabled = false
resignConsecTurns = 3
resignThreshold = -0.90
scoringRule = AREA
searchFactorAfterOnePass = 0.50
searchFactorAfterTwoPass = 0.25
searchFactorWhenWinning = 0.40
searchFactorWhenWinningThreshold = 0.95
taxRule = NONE
whiteHandicapBonus = N

2024-05-09 00:57:14+0800: GTP Engine starting...
2024-05-09 00:57:14+0800: KataGo v1.13.0
2024-05-09 00:57:14+0800: Using Chinese rules initially, unless GTP/GUI overrides this
2024-05-09 00:57:14+0800: Using 8 CPU thread(s) for search
2024-05-09 00:57:14+0800: nnRandSeed0 = 15068981620087833074
2024-05-09 00:57:14+0800: After dedups: nnModelFile0 = F:/unity_project/yiwu/Assets/StreamingAssets\katago-v1.13.0-opencl-windows-x64\model.bin useFP16 auto useNHWC auto
2024-05-09 00:57:14+0800: Initializing neural net buffer to be size 19 * 19 exactly
2024-05-09 00:57:15+0800: Found OpenCL Platform 0: NVIDIA CUDA (NVIDIA Corporation) (OpenCL 3.0 CUDA 12.3.99)
2024-05-09 00:57:15+0800: Found 1 device(s) on platform 0 with type CPU or GPU or Accelerator
2024-05-09 00:57:15+0800: Found OpenCL Device 0: NVIDIA GeForce RTX 2060 (NVIDIA Corporation) (score 11000300)
2024-05-09 00:57:15+0800: Creating context for OpenCL Platform: NVIDIA CUDA (NVIDIA Corporation) (OpenCL 3.0 CUDA 12.3.99)
2024-05-09 00:57:15+0800: Using OpenCL Device 0: NVIDIA GeForce RTX 2060 (NVIDIA Corporation) OpenCL 3.0 CUDA (Extensions: cl_khr_global_int32_base_atomics cl_khr_global_int32_extended_atomics cl_khr_local_int32_base_atomics cl_khr_local_int32_extended_atomics cl_khr_fp64 cl_khr_3d_image_writes cl_khr_byte_addressable_store cl_khr_icd cl_khr_gl_sharing cl_nv_compiler_options cl_nv_device_attribute_query cl_nv_pragma_unroll cl_nv_d3d10_sharing cl_khr_d3d10_sharing cl_nv_d3d11_sharing cl_nv_copy_opts cl_nv_create_buffer cl_khr_int64_base_atomics cl_khr_int64_extended_atomics cl_khr_device_uuid cl_khr_pci_bus_info cl_khr_external_semaphore cl_khr_external_memory cl_khr_external_semaphore_win32 cl_khr_external_memory_win32)
2024-05-09 00:57:15+0800: Loaded tuning parameters from: F:\unity_project\yiwu\Assets\StreamingAssets\katago-v1.13.0-opencl-windows-x64/KataGoData/opencltuning/tune11_gpuNVIDIAGeForceRTX2060_x19_y19_c384_mv14.txt
2024-05-09 00:57:15+0800: OpenCL backend thread 0: Device 0 Model version 14
2024-05-09 00:57:15+0800: OpenCL backend thread 0: Device 0 Model name: kata1-b18c384nbt-s7192213760-d3579182099
2024-05-09 00:57:18+0800: OpenCL backend thread 0: Device 0 FP16Storage true FP16Compute false FP16TensorCores true FP16TensorCoresFor1x1 false
2024-05-09 00:57:18+0800: Loaded neural net with nnXLen 19 nnYLen 19
2024-05-09 00:57:18+0800: Initializing board with boardXSize 19 boardYSize 19
2024-05-09 00:57:18+0800: Loaded config F:/unity_project/yiwu/Assets/StreamingAssets\katago-v1.13.0-opencl-windows-x64\gtp_custom.cfg
2024-05-09 00:57:18+0800: Loaded model F:/unity_project/yiwu/Assets/StreamingAssets\katago-v1.13.0-opencl-windows-x64\model.bin
2024-05-09 00:57:18+0800: Model name: kata1-b18c384nbt-s7192213760-d3579182099
2024-05-09 00:57:18+0800: GTP ready, beginning main protocol loop
2024-05-09 00:57:18+0800: Controller: clear_board
2024-05-09 00:57:18+0800: = 
2024-05-09 00:57:18+0800: Controller: komi 7.5
2024-05-09 00:57:18+0800: = 
2024-05-09 00:57:18+0800: Controller: boardsize 19
2024-05-09 00:57:18+0800: = 
2024-05-09 00:57:20+0800: Controller: play b K10
2024-05-09 00:57:20+0800: = 
2024-05-09 00:57:20+0800: Controller: genmove w
2024-05-09 00:57:25+0800: MoveNum: 1 HASH: 7BC546600F28A10FEF906A96B1D6386D
   A B C D E F G H J K L M N O P Q R S T
19 . . . . . . . . . . . . . . . . . . .
18 . . . . . . . . . . . . . . . . . . .
17 . . . . . . . . . . . . . . . . . . .
16 . . . . . . . . . . . . . . . . . . .
15 . . . . . . . . . . . . . . . . . . .
14 . . . . . . . . . . . . . . . . . . .
13 . . . . . . . . . . . . . . . . . . .
12 . . . . . . . . . . . . . . . . . . .
11 . . . . . . . . . . . . . . . . . . .
10 . . . . . . . . . X1. . . . . . . . .
 9 . . . . . . . . . . . . . . . . . . .
 8 . . . . . . . . . . . . . . . . . . .
 7 . . . . . . . . . . . . . . . . . . .
 6 . . . . . . . . . . . . . . . . . . .
 5 . . . . . . . . . . . . . . . . . . .
 4 . . . @ . . . . . . . . . . . . . . .
 3 . . . . . . . . . . . . . . . . . . .
 2 . . . . . . . . . . . . . . . . . . .
 1 . . . . . . . . . . . . . . . . . . .

koSIMPLEscoreAREAtaxNONEsui0whbNfpok1komi7.5
Time taken: 5
Root visits: 1283
New playouts: 1283
NN rows: 1242
NN batches: 312
NN avg batch size: 3.98077
PV: C4 Q16 Q4 C16 R17 Q17 R16 R14 R15 Q15 S14 E3 D5 F17 R13
Tree:
: T  33.90c W  33.53c S   0.62c ( +2.3 L  +1.6) N    1283  --  C4 Q16 Q4 C16 R17 Q17 R16
---White(^)---
C4  : T  34.41c W  34.06c S   0.65c ( +2.4 L  +1.6) LCB   33.78c P  3.24% WF 1273.7 PSV    2156 N     543  --  C4 Q16 Q4 C16 R17 Q17 R16 R14
D4  : T  34.29c W  33.83c S   0.67c ( +2.4 L  +1.6) LCB   33.63c P 13.06% WF 1546.9 PSV    1545 N     641  --  D4 Q16 Q3 D16 R6 C3 C4 D3
D5  : T  32.01c W  32.15c S   0.53c ( +2.2 L  +1.5) LCB   26.81c P  0.59% WF  51.4 PSV       6 N      25  --  D5 C3 E3 C5 C6 D6 D4
C5  : T  32.22c W  32.21c S   0.52c ( +2.2 L  +1.5) LCB   28.67c P  0.43% WF  40.2 PSV       5 N      18  --  C5 Q16 Q4 D16
C3  : T  30.77c W  30.57c S   0.41c ( +2.1 L  +1.5) LCB    2.91c P  0.60% WF  11.2 PSV       4 N       5  --  C3 Q16 D16
C6  : T  26.70c W  26.73c S  -0.03c ( +1.7 L  +1.4) LCB -323.30c P  0.12% WF   1.9 PSV       0 N       1  --  C6
D6  : T  23.13c W  23.40c S  -0.27c ( +1.5 L  +1.2) LCB -326.87c P  0.04% WF   1.8 PSV       0 N       1  --  D6
C7  : T  24.99c W  25.11c S  -0.13c ( +1.6 L  +1.3) LCB -325.01c P  0.03% WF   1.8 PSV       0 N       1  --  C7
D7  : T  25.91c W  25.92c S  -0.01c ( +1.7 L  +1.3) LCB -324.09c P  0.03% WF   1.9 PSV       0 N       1  --  D7
C8  : T  28.01c W  27.82c S   0.20c ( +1.9 L  +1.4) LCB -321.99c P  0.03% WF   1.9 PSV       0 N       1  --  C8

2024-05-09 00:57:25+0800: = D4
