2024-03-18 12:18:53+0800: Running with following config:
allowResignation = true
friendlyPassOk = true
hasButton = false
koRule = SIMPLE
lagBuffer = 1.0
logAllGTPCommunication = true
logDir = gtp_logs
logSearchInfo = true
logToStderr = false
multiStoneSuicideLegal = false
nnCacheSizePowerOfTwo = 20
nnMutexPoolSizePowerOfTwo = 16
numNNServerThreadsPerModel = 1
numSearchThreads = 8
openclDeviceToUseThread0 = 0
ponderingEnabled = false
resignConsecTurns = 3
resignThreshold = -0.90
scoringRule = AREA
searchFactorAfterOnePass = 0.50
searchFactorAfterTwoPass = 0.25
searchFactorWhenWinning = 0.40
searchFactorWhenWinningThreshold = 0.95
taxRule = NONE
whiteHandicapBonus = N

2024-03-18 12:18:53+0800: GTP Engine starting...
2024-03-18 12:18:53+0800: KataGo v1.13.0
2024-03-18 12:18:53+0800: Using Chinese rules initially, unless GTP/GUI overrides this
2024-03-18 12:18:53+0800: Using 8 CPU thread(s) for search
2024-03-18 12:18:53+0800: nnRandSeed0 = 6685395934195608101
2024-03-18 12:18:53+0800: After dedups: nnModelFile0 = F:\homework\毕业设计\katago-v1.13.0-opencl-windows-x64\model.bin useFP16 auto useNHWC auto
2024-03-18 12:18:53+0800: Initializing neural net buffer to be size 19 * 19 exactly
2024-03-18 12:18:54+0800: Found OpenCL Platform 0: NVIDIA CUDA (NVIDIA Corporation) (OpenCL 3.0 CUDA 12.3.99)
2024-03-18 12:18:54+0800: Found 1 device(s) on platform 0 with type CPU or GPU or Accelerator
2024-03-18 12:18:54+0800: Found OpenCL Device 0: NVIDIA GeForce RTX 2060 (NVIDIA Corporation) (score 11000300)
2024-03-18 12:18:54+0800: Creating context for OpenCL Platform: NVIDIA CUDA (NVIDIA Corporation) (OpenCL 3.0 CUDA 12.3.99)
2024-03-18 12:18:54+0800: Using OpenCL Device 0: NVIDIA GeForce RTX 2060 (NVIDIA Corporation) OpenCL 3.0 CUDA (Extensions: cl_khr_global_int32_base_atomics cl_khr_global_int32_extended_atomics cl_khr_local_int32_base_atomics cl_khr_local_int32_extended_atomics cl_khr_fp64 cl_khr_3d_image_writes cl_khr_byte_addressable_store cl_khr_icd cl_khr_gl_sharing cl_nv_compiler_options cl_nv_device_attribute_query cl_nv_pragma_unroll cl_nv_d3d10_sharing cl_khr_d3d10_sharing cl_nv_d3d11_sharing cl_nv_copy_opts cl_nv_create_buffer cl_khr_int64_base_atomics cl_khr_int64_extended_atomics cl_khr_device_uuid cl_khr_pci_bus_info cl_khr_external_semaphore cl_khr_external_memory cl_khr_external_semaphore_win32 cl_khr_external_memory_win32)
2024-03-18 12:18:54+0800: Loaded tuning parameters from: F:\homework\毕业设计\katago-v1.13.0-opencl-windows-x64/KataGoData/opencltuning/tune11_gpuNVIDIAGeForceRTX2060_x19_y19_c384_mv14.txt
2024-03-18 12:18:54+0800: OpenCL backend thread 0: Device 0 Model version 14
2024-03-18 12:18:54+0800: OpenCL backend thread 0: Device 0 Model name: kata1-b18c384nbt-s7192213760-d3579182099
2024-03-18 12:18:56+0800: OpenCL backend thread 0: Device 0 FP16Storage true FP16Compute false FP16TensorCores true FP16TensorCoresFor1x1 false
2024-03-18 12:18:56+0800: Loaded neural net with nnXLen 19 nnYLen 19
2024-03-18 12:18:56+0800: Initializing board with boardXSize 19 boardYSize 19
2024-03-18 12:18:56+0800: Loaded config F:\homework\毕业设计\katago-v1.13.0-opencl-windows-x64\gtp_custom.cfg
2024-03-18 12:18:56+0800: Loaded model F:\homework\毕业设计\katago-v1.13.0-opencl-windows-x64\model.bin
2024-03-18 12:18:56+0800: Model name: kata1-b18c384nbt-s7192213760-d3579182099
2024-03-18 12:18:56+0800: GTP ready, beginning main protocol loop
2024-03-18 12:19:01+0800: Controller: loadsgf C:/Users/KILLLAKILL/AppData/LocalLow/DefaultCompany/yiwu/RecentGames\sgf_1701255612.sgf 1
2024-03-18 12:19:01+0800: Changing komi to 5.5
2024-03-18 12:19:01+0800: GPU 0 finishing, processed 0 rows 0 batches
2024-03-18 12:19:01+0800: Cleaned up old neural net and bot
2024-03-18 12:19:01+0800: nnRandSeed0 = 1448035434494767131
2024-03-18 12:19:01+0800: After dedups: nnModelFile0 = F:\homework\毕业设计\katago-v1.13.0-opencl-windows-x64\model.bin useFP16 auto useNHWC auto
2024-03-18 12:19:01+0800: Initializing neural net buffer to be size 9 * 9 exactly
2024-03-18 12:19:01+0800: Found OpenCL Platform 0: NVIDIA CUDA (NVIDIA Corporation) (OpenCL 3.0 CUDA 12.3.99)
2024-03-18 12:19:01+0800: Found 1 device(s) on platform 0 with type CPU or GPU or Accelerator
2024-03-18 12:19:01+0800: Found OpenCL Device 0: NVIDIA GeForce RTX 2060 (NVIDIA Corporation) (score 11000300)
2024-03-18 12:19:01+0800: Creating context for OpenCL Platform: NVIDIA CUDA (NVIDIA Corporation) (OpenCL 3.0 CUDA 12.3.99)
2024-03-18 12:19:01+0800: Using OpenCL Device 0: NVIDIA GeForce RTX 2060 (NVIDIA Corporation) OpenCL 3.0 CUDA (Extensions: cl_khr_global_int32_base_atomics cl_khr_global_int32_extended_atomics cl_khr_local_int32_base_atomics cl_khr_local_int32_extended_atomics cl_khr_fp64 cl_khr_3d_image_writes cl_khr_byte_addressable_store cl_khr_icd cl_khr_gl_sharing cl_nv_compiler_options cl_nv_device_attribute_query cl_nv_pragma_unroll cl_nv_d3d10_sharing cl_khr_d3d10_sharing cl_nv_d3d11_sharing cl_nv_copy_opts cl_nv_create_buffer cl_khr_int64_base_atomics cl_khr_int64_extended_atomics cl_khr_device_uuid cl_khr_pci_bus_info cl_khr_external_semaphore cl_khr_external_memory cl_khr_external_semaphore_win32 cl_khr_external_memory_win32)
2024-03-18 12:19:01+0800: Loaded tuning parameters from: F:\homework\毕业设计\katago-v1.13.0-opencl-windows-x64/KataGoData/opencltuning/tune11_gpuNVIDIAGeForceRTX2060_x19_y19_c384_mv14.txt
2024-03-18 12:19:02+0800: OpenCL backend thread 0: Device 0 Model version 14
2024-03-18 12:19:02+0800: OpenCL backend thread 0: Device 0 Model name: kata1-b18c384nbt-s7192213760-d3579182099
2024-03-18 12:19:04+0800: OpenCL backend thread 0: Device 0 FP16Storage true FP16Compute false FP16TensorCores true FP16TensorCoresFor1x1 false
2024-03-18 12:19:04+0800: Loaded neural net with nnXLen 9 nnYLen 9
2024-03-18 12:19:04+0800: Initializing board with boardXSize 9 boardYSize 9
2024-03-18 12:19:04+0800: = 
2024-03-18 12:19:06+0800: Controller: loadsgf C:/Users/KILLLAKILL/AppData/LocalLow/DefaultCompany/yiwu/RecentGames\sgf_1701255612.sgf 6
2024-03-18 12:19:06+0800: = 
2024-03-18 12:19:06+0800: Controller: lz-genmove_analyze maxmoves 6
2024-03-18 12:19:11+0800: MoveNum: 5 HASH: FFE96295C396DA517064CFFB0FD39D37
   A B C D E F G H J
 9 . . . . . . . . .
 8 . . . . . . . . .
 7 . . X . . . . . .
 6 . . . . . . . . .
 5 . . . . O O2. . .
 4 . . . . . . . . .
 3 . . X1. @ . X3. .
 2 . . . . . . . . .
 1 . . . . . . . . .

koSIMPLEscoreAREAtaxNONEsui0whbNfpok1komi5.5
Time taken: 5
Root visits: 3122
New playouts: 3122
NN rows: 2530
NN batches: 634
NN avg batch size: 3.99054
PV: E3 D4 F3 H5 H4 G4 G5 J4 D7 D6 C8 C6 H6 H3 E7 E6 F6 G7 H7 B8 D8 F7 B9 F8 B7
Tree:
: T -52.29c W -48.98c S  -2.57c ( -2.2 L  -1.8) N    3122  --  E3 D4 F3 H5 H4 G4 G5
---White(^)---
E3  : T -50.41c W -46.89c S  -2.61c ( -2.2 L  -1.9) LCB  -55.60c P 34.58% WF 1519.9 PSV    1493 N    2244  --  E3 D4 F3 H5 H4 G4 G5 J4
C5  : T -55.78c W -51.04c S  -2.86c ( -2.3 L  -1.8) LCB  -65.64c P 26.16% WF 294.2 PSV     307 N     417  --  C5 E7 F7 D4 F3 D5 E2 G7
E7  : T -54.07c W -53.61c S  -1.77c ( -1.7 L  -1.2) LCB  -63.89c P 17.52% WF 258.7 PSV     266 N     369  --  E7 C5 D4 H5 C4 B4 B3 B5
F2  : T -57.27c W -55.96c S  -2.57c ( -2.2 L  -1.4) LCB  -80.56c P  2.18% WF  24.8 PSV      21 N      29  --  F2 H5 C5 D4 D5 F3 F7 E8
F3  : T -78.56c W -70.38c S  -3.34c ( -2.4 L  -1.8) LCB  -97.92c P  7.30% WF  18.0 PSV      20 N      22  --  F3 F2 E7 C5 E2 E3 F4
D7  : T -59.24c W -62.64c S  -2.20c ( -1.9 L  -1.2) LCB  -74.66c P  2.34% WF  16.2 PSV      17 N      18  --  D7 C6 G4 E3 H3
G4  : T -78.28c W -74.41c S  -3.07c ( -2.3 L  -1.8) LCB -106.52c P  2.54% WF   6.7 PSV       7 N       7  --  G4 F3 D4 D3
C6  : T -79.93c W -73.83c S  -3.94c ( -2.7 L  -1.9) LCB -121.99c P  2.37% WF   6.8 PSV       6 N       7  --  C6 D6 D5 B6 C5
D3  : T -91.02c W -81.35c S  -5.20c ( -3.4 L  -2.5) LCB -167.52c P  1.81% WF   3.0 PSV       3 N       3  --  D3 D4 E3
C4  : T -79.05c W -76.87c S  -3.64c ( -2.6 L  -1.7) LCB -232.26c P  1.11% WF   2.2 PSV       3 N       2  --  C4 D4

2024-03-18 12:19:11+0800: = play E3
