2024-03-18 19:23:35+0800: Running with following config:
allowResignation = true
friendlyPassOk = true
hasButton = false
koRule = SIMPLE
lagBuffer = 1.0
logAllGTPCommunication = true
logDir = gtp_logs
logSearchInfo = true
logToStderr = false
multiStoneSuicideLegal = false
nnCacheSizePowerOfTwo = 20
nnMutexPoolSizePowerOfTwo = 16
numNNServerThreadsPerModel = 1
numSearchThreads = 8
openclDeviceToUseThread0 = 0
ponderingEnabled = false
resignConsecTurns = 3
resignThreshold = -0.90
scoringRule = AREA
searchFactorAfterOnePass = 0.50
searchFactorAfterTwoPass = 0.25
searchFactorWhenWinning = 0.40
searchFactorWhenWinningThreshold = 0.95
taxRule = NONE
whiteHandicapBonus = N

2024-03-18 19:23:35+0800: GTP Engine starting...
2024-03-18 19:23:35+0800: KataGo v1.13.0
2024-03-18 19:23:35+0800: Using Chinese rules initially, unless GTP/GUI overrides this
2024-03-18 19:23:35+0800: Using 8 CPU thread(s) for search
2024-03-18 19:23:35+0800: nnRandSeed0 = 1307928868141803378
2024-03-18 19:23:35+0800: After dedups: nnModelFile0 = F:\homework\毕业设计\katago-v1.13.0-opencl-windows-x64\model.bin useFP16 auto useNHWC auto
2024-03-18 19:23:35+0800: Initializing neural net buffer to be size 19 * 19 exactly
2024-03-18 19:23:36+0800: Found OpenCL Platform 0: NVIDIA CUDA (NVIDIA Corporation) (OpenCL 3.0 CUDA 12.3.99)
2024-03-18 19:23:36+0800: Found 1 device(s) on platform 0 with type CPU or GPU or Accelerator
2024-03-18 19:23:36+0800: Found OpenCL Device 0: NVIDIA GeForce RTX 2060 (NVIDIA Corporation) (score 11000300)
2024-03-18 19:23:36+0800: Creating context for OpenCL Platform: NVIDIA CUDA (NVIDIA Corporation) (OpenCL 3.0 CUDA 12.3.99)
2024-03-18 19:23:36+0800: Using OpenCL Device 0: NVIDIA GeForce RTX 2060 (NVIDIA Corporation) OpenCL 3.0 CUDA (Extensions: cl_khr_global_int32_base_atomics cl_khr_global_int32_extended_atomics cl_khr_local_int32_base_atomics cl_khr_local_int32_extended_atomics cl_khr_fp64 cl_khr_3d_image_writes cl_khr_byte_addressable_store cl_khr_icd cl_khr_gl_sharing cl_nv_compiler_options cl_nv_device_attribute_query cl_nv_pragma_unroll cl_nv_d3d10_sharing cl_khr_d3d10_sharing cl_nv_d3d11_sharing cl_nv_copy_opts cl_nv_create_buffer cl_khr_int64_base_atomics cl_khr_int64_extended_atomics cl_khr_device_uuid cl_khr_pci_bus_info cl_khr_external_semaphore cl_khr_external_memory cl_khr_external_semaphore_win32 cl_khr_external_memory_win32)
2024-03-18 19:23:36+0800: Loaded tuning parameters from: F:\homework\毕业设计\katago-v1.13.0-opencl-windows-x64/KataGoData/opencltuning/tune11_gpuNVIDIAGeForceRTX2060_x19_y19_c384_mv14.txt
2024-03-18 19:23:37+0800: OpenCL backend thread 0: Device 0 Model version 14
2024-03-18 19:23:37+0800: OpenCL backend thread 0: Device 0 Model name: kata1-b18c384nbt-s7192213760-d3579182099
2024-03-18 19:23:39+0800: OpenCL backend thread 0: Device 0 FP16Storage true FP16Compute false FP16TensorCores true FP16TensorCoresFor1x1 false
2024-03-18 19:23:39+0800: Loaded neural net with nnXLen 19 nnYLen 19
2024-03-18 19:23:39+0800: Initializing board with boardXSize 19 boardYSize 19
2024-03-18 19:23:39+0800: Loaded config F:\homework\毕业设计\katago-v1.13.0-opencl-windows-x64\gtp_custom.cfg
2024-03-18 19:23:39+0800: Loaded model F:\homework\毕业设计\katago-v1.13.0-opencl-windows-x64\model.bin
2024-03-18 19:23:39+0800: Model name: kata1-b18c384nbt-s7192213760-d3579182099
2024-03-18 19:23:39+0800: GTP ready, beginning main protocol loop
2024-03-18 19:23:43+0800: Controller: loadsgf C:/Users/KILLLAKILL/AppData/LocalLow/DefaultCompany/yiwu/RecentGames\sgf_1701255612.sgf 1
2024-03-18 19:23:43+0800: Changing komi to 5.5
2024-03-18 19:23:43+0800: GPU 0 finishing, processed 0 rows 0 batches
2024-03-18 19:23:43+0800: Cleaned up old neural net and bot
2024-03-18 19:23:43+0800: nnRandSeed0 = 15165644509037331031
2024-03-18 19:23:43+0800: After dedups: nnModelFile0 = F:\homework\毕业设计\katago-v1.13.0-opencl-windows-x64\model.bin useFP16 auto useNHWC auto
2024-03-18 19:23:43+0800: Initializing neural net buffer to be size 9 * 9 exactly
2024-03-18 19:23:44+0800: Found OpenCL Platform 0: NVIDIA CUDA (NVIDIA Corporation) (OpenCL 3.0 CUDA 12.3.99)
2024-03-18 19:23:44+0800: Found 1 device(s) on platform 0 with type CPU or GPU or Accelerator
2024-03-18 19:23:44+0800: Found OpenCL Device 0: NVIDIA GeForce RTX 2060 (NVIDIA Corporation) (score 11000300)
2024-03-18 19:23:44+0800: Creating context for OpenCL Platform: NVIDIA CUDA (NVIDIA Corporation) (OpenCL 3.0 CUDA 12.3.99)
2024-03-18 19:23:44+0800: Using OpenCL Device 0: NVIDIA GeForce RTX 2060 (NVIDIA Corporation) OpenCL 3.0 CUDA (Extensions: cl_khr_global_int32_base_atomics cl_khr_global_int32_extended_atomics cl_khr_local_int32_base_atomics cl_khr_local_int32_extended_atomics cl_khr_fp64 cl_khr_3d_image_writes cl_khr_byte_addressable_store cl_khr_icd cl_khr_gl_sharing cl_nv_compiler_options cl_nv_device_attribute_query cl_nv_pragma_unroll cl_nv_d3d10_sharing cl_khr_d3d10_sharing cl_nv_d3d11_sharing cl_nv_copy_opts cl_nv_create_buffer cl_khr_int64_base_atomics cl_khr_int64_extended_atomics cl_khr_device_uuid cl_khr_pci_bus_info cl_khr_external_semaphore cl_khr_external_memory cl_khr_external_semaphore_win32 cl_khr_external_memory_win32)
2024-03-18 19:23:44+0800: Loaded tuning parameters from: F:\homework\毕业设计\katago-v1.13.0-opencl-windows-x64/KataGoData/opencltuning/tune11_gpuNVIDIAGeForceRTX2060_x19_y19_c384_mv14.txt
2024-03-18 19:23:44+0800: OpenCL backend thread 0: Device 0 Model version 14
2024-03-18 19:23:44+0800: OpenCL backend thread 0: Device 0 Model name: kata1-b18c384nbt-s7192213760-d3579182099
2024-03-18 19:23:46+0800: OpenCL backend thread 0: Device 0 FP16Storage true FP16Compute false FP16TensorCores true FP16TensorCoresFor1x1 false
2024-03-18 19:23:46+0800: Loaded neural net with nnXLen 9 nnYLen 9
2024-03-18 19:23:46+0800: Initializing board with boardXSize 9 boardYSize 9
2024-03-18 19:23:46+0800: = 
2024-03-18 19:24:20+0800: Controller: loadsgf C:/Users/KILLLAKILL/AppData/LocalLow/DefaultCompany/yiwu/RecentGames\sgf_1701255612.sgf 6
2024-03-18 19:24:20+0800: = 
2024-03-18 19:24:20+0800: Controller: lz-genmove_analyze maxmoves 6
2024-03-18 19:24:25+0800: MoveNum: 5 HASH: FFE96295C396DA517064CFFB0FD39D37
   A B C D E F G H J
 9 . . . . . . . . .
 8 . . . . . . . . .
 7 . . X . . . . . .
 6 . . . . . . . . .
 5 . . . . O O2. . .
 4 . . . . . . . . .
 3 . . X1. @ . X3. .
 2 . . . . . . . . .
 1 . . . . . . . . .

koSIMPLEscoreAREAtaxNONEsui0whbNfpok1komi5.5
Time taken: 5.047
Root visits: 2718
New playouts: 2718
NN rows: 2393
NN batches: 599
NN avg batch size: 3.99499
PV: E3 D4 F3 H5 H4 D6 H6 G6 F7 G7 E8 H7 G8 H3 G4 J4 J2 G5 F4 J3 G2 H2 H1 J1 D5
Tree:
: T -53.23c W -50.62c S  -2.69c ( -2.1 L  -1.7) N    2718  --  E3 D4 F3 H5 H4 D6 H6
---White(^)---
E3  : T -52.06c W -49.49c S  -2.87c ( -2.2 L  -1.9) LCB  -58.28c P 37.30% WF 1385.3 PSV    1371 N    1980  --  E3 D4 F3 H5 H4 D6 H6 G6
E7  : T -51.95c W -50.45c S  -1.67c ( -1.6 L  -1.2) LCB  -61.73c P 17.04% WF 348.7 PSV     347 N     498  --  E7 D4 C6 D7 B5 E8 F7 F8
C5  : T -68.53c W -58.64c S  -3.50c ( -2.6 L  -2.0) LCB  -83.85c P 21.83% WF  82.2 PSV      94 N     117  --  C5 D4 C6 E7 F3 F2 E3 E2
F2  : T -46.20c W -49.07c S  -2.26c ( -2.0 L  -1.3) LCB  -63.89c P  3.38% WF  68.7 PSV      67 N      77  --  F2 H5 C5 D4 D5 F3 E7 G6
F3  : T -80.34c W -71.14c S  -3.52c ( -2.5 L  -1.8) LCB -103.61c P  8.63% WF  18.2 PSV      22 N      21  --  F3 F2 E7 C5 E2 E3
G4  : T -80.14c W -75.34c S  -3.60c ( -2.5 L  -2.0) LCB -114.20c P  2.29% WF   6.7 PSV       6 N       7  --  G4 F3 E3 E2
D3  : T -92.12c W -83.42c S  -5.66c ( -3.5 L  -2.7) LCB -137.78c P  2.34% WF   4.1 PSV       4 N       4  --  D3 D4 F3
C6  : T -87.69c W -79.42c S  -4.22c ( -2.8 L  -1.8) LCB -170.22c P  2.03% WF   3.4 PSV       4 N       3  --  C6 D6 D5
D7  : T -84.14c W -77.33c S  -3.46c ( -2.4 L  -1.4) LCB -160.48c P  1.31% WF   3.2 PSV       3 N       3  --  D7 C6 G4
E8  : T -79.62c W -71.36c S  -2.78c ( -2.1 L  -1.2) LCB -155.62c P  1.17% WF   2.9 PSV       3 N       3  --  E8 C5 G4

2024-03-18 19:24:25+0800: = play E3
2024-03-18 19:25:08+0800: Controller: loadsgf C:/Users/KILLLAKILL/AppData/LocalLow/DefaultCompany/yiwu/RecentGames\sgf_1701255612.sgf 6
2024-03-18 19:25:08+0800: = 
2024-03-18 19:25:08+0800: Controller: lz-genmove_analyze maxmoves 6
2024-03-18 19:25:13+0800: MoveNum: 5 HASH: FFE96295C396DA517064CFFB0FD39D37
   A B C D E F G H J
 9 . . . . . . . . .
 8 . . . . . . . . .
 7 . . X . . . . . .
 6 . . . . . . . . .
 5 . . . . O O2. . .
 4 . . . . . . . . .
 3 . . X1. @ . X3. .
 2 . . . . . . . . .
 1 . . . . . . . . .

koSIMPLEscoreAREAtaxNONEsui0whbNfpok1komi5.5
Time taken: 5
Root visits: 5231
New playouts: 5231
NN rows: 2545
NN batches: 637
NN avg batch size: 3.99529
PV: F2 H5 C5 D4 D5 F3 E7 G7 E3 E4 H6 G6 F4 H4 E2
Tree:
: T -64.99c W -60.85c S  -3.56c ( -2.6 L  -2.1) N    5231  --  F2 H5 C5 D4 D5 F3 E7
---White(^)---
F2  : T -62.73c W -57.78c S  -3.57c ( -2.7 L  -2.2) LCB  -68.25c P  3.38% WF 859.4 PSV    2647 N    1109  --  F2 H5 C5 D4 D5 F3 E7 G7
E3  : T -64.89c W -60.26c S  -3.90c ( -2.8 L  -2.4) LCB  -69.98c P 37.30% WF 1680.0 PSV    1681 N    2243  --  E3 D4 F3 H5 H3 G7 F7 G8
E7  : T -64.27c W -61.75c S  -2.94c ( -2.2 L  -1.7) LCB  -69.70c P 17.04% WF 1066.5 PSV     999 N    1398  --  E7 D4 C6 D6 D7 D5 F3 C8
C5  : T -79.74c W -68.74c S  -4.58c ( -3.1 L  -2.4) LCB  -91.21c P 21.83% WF 131.8 PSV     151 N     175  --  C5 D4 C6 E7 F3 F2 E3 E2
F3  : T -65.15c W -63.90c S  -3.22c ( -2.3 L  -1.7) LCB  -78.24c P  8.63% WF 120.2 PSV     121 N     142  --  F3 F2 C5 F7 E7 E8 E2 E3
D7  : T -63.90c W -64.15c S  -2.58c ( -2.0 L  -1.3) LCB  -75.01c P  1.31% WF  99.2 PSV      93 N     117  --  D7 D6 E7 C6 G4 E6 F6 F7
G4  : T -84.38c W -79.82c S  -4.08c ( -2.7 L  -2.2) LCB -106.65c P  2.29% WF  10.9 PSV      12 N      11  --  G4 F3 E3 E2 E7
D3  : T -85.95c W -79.74c S  -5.31c ( -3.4 L  -2.7) LCB -107.27c P  2.34% WF  11.7 PSV      11 N      12  --  D3 D4 E3 E4 F4
C6  : T -95.02c W -84.03c S  -5.39c ( -3.4 L  -2.4) LCB -122.20c P  2.03% WF   6.8 PSV       7 N       6  --  C6 D6 D5 B6 C5 E3
E8  : T -82.38c W -78.91c S  -3.53c ( -2.4 L  -1.6) LCB -107.43c P  1.17% WF   6.3 PSV       7 N       6  --  E8 C5 G4 F3 D6

2024-03-18 19:25:13+0800: = play E3
