2024-03-18 19:49:25+0800: Running with following config:
allowResignation = true
friendlyPassOk = true
hasButton = false
koRule = SIMPLE
lagBuffer = 1.0
logAllGTPCommunication = true
logDir = gtp_logs
logSearchInfo = true
logToStderr = false
multiStoneSuicideLegal = false
nnCacheSizePowerOfTwo = 20
nnMutexPoolSizePowerOfTwo = 16
numNNServerThreadsPerModel = 1
numSearchThreads = 8
openclDeviceToUseThread0 = 0
ponderingEnabled = false
resignConsecTurns = 3
resignThreshold = -0.90
scoringRule = AREA
searchFactorAfterOnePass = 0.50
searchFactorAfterTwoPass = 0.25
searchFactorWhenWinning = 0.40
searchFactorWhenWinningThreshold = 0.95
taxRule = NONE
whiteHandicapBonus = N

2024-03-18 19:49:25+0800: GTP Engine starting...
2024-03-18 19:49:25+0800: KataGo v1.13.0
2024-03-18 19:49:25+0800: Using Chinese rules initially, unless GTP/GUI overrides this
2024-03-18 19:49:25+0800: Using 8 CPU thread(s) for search
2024-03-18 19:49:25+0800: nnRandSeed0 = 16810332444499795712
2024-03-18 19:49:25+0800: After dedups: nnModelFile0 = F:\homework\毕业设计\katago-v1.13.0-opencl-windows-x64\model.bin useFP16 auto useNHWC auto
2024-03-18 19:49:25+0800: Initializing neural net buffer to be size 19 * 19 exactly
2024-03-18 19:49:26+0800: Found OpenCL Platform 0: NVIDIA CUDA (NVIDIA Corporation) (OpenCL 3.0 CUDA 12.3.99)
2024-03-18 19:49:26+0800: Found 1 device(s) on platform 0 with type CPU or GPU or Accelerator
2024-03-18 19:49:26+0800: Found OpenCL Device 0: NVIDIA GeForce RTX 2060 (NVIDIA Corporation) (score 11000300)
2024-03-18 19:49:26+0800: Creating context for OpenCL Platform: NVIDIA CUDA (NVIDIA Corporation) (OpenCL 3.0 CUDA 12.3.99)
2024-03-18 19:49:26+0800: Using OpenCL Device 0: NVIDIA GeForce RTX 2060 (NVIDIA Corporation) OpenCL 3.0 CUDA (Extensions: cl_khr_global_int32_base_atomics cl_khr_global_int32_extended_atomics cl_khr_local_int32_base_atomics cl_khr_local_int32_extended_atomics cl_khr_fp64 cl_khr_3d_image_writes cl_khr_byte_addressable_store cl_khr_icd cl_khr_gl_sharing cl_nv_compiler_options cl_nv_device_attribute_query cl_nv_pragma_unroll cl_nv_d3d10_sharing cl_khr_d3d10_sharing cl_nv_d3d11_sharing cl_nv_copy_opts cl_nv_create_buffer cl_khr_int64_base_atomics cl_khr_int64_extended_atomics cl_khr_device_uuid cl_khr_pci_bus_info cl_khr_external_semaphore cl_khr_external_memory cl_khr_external_semaphore_win32 cl_khr_external_memory_win32)
2024-03-18 19:49:26+0800: Loaded tuning parameters from: F:\homework\毕业设计\katago-v1.13.0-opencl-windows-x64/KataGoData/opencltuning/tune11_gpuNVIDIAGeForceRTX2060_x19_y19_c384_mv14.txt
2024-03-18 19:49:26+0800: OpenCL backend thread 0: Device 0 Model version 14
2024-03-18 19:49:26+0800: OpenCL backend thread 0: Device 0 Model name: kata1-b18c384nbt-s7192213760-d3579182099
2024-03-18 19:49:28+0800: OpenCL backend thread 0: Device 0 FP16Storage true FP16Compute false FP16TensorCores true FP16TensorCoresFor1x1 false
2024-03-18 19:49:28+0800: Loaded neural net with nnXLen 19 nnYLen 19
2024-03-18 19:49:28+0800: Initializing board with boardXSize 19 boardYSize 19
2024-03-18 19:49:28+0800: Loaded config F:\homework\毕业设计\katago-v1.13.0-opencl-windows-x64\gtp_custom.cfg
2024-03-18 19:49:28+0800: Loaded model F:\homework\毕业设计\katago-v1.13.0-opencl-windows-x64\model.bin
2024-03-18 19:49:28+0800: Model name: kata1-b18c384nbt-s7192213760-d3579182099
2024-03-18 19:49:28+0800: GTP ready, beginning main protocol loop
2024-03-18 19:49:32+0800: Controller: loadsgf C:/Users/KILLLAKILL/AppData/LocalLow/DefaultCompany/yiwu/RecentGames\sgf_1701255612.sgf 1
2024-03-18 19:49:32+0800: Changing komi to 5.5
2024-03-18 19:49:32+0800: GPU 0 finishing, processed 0 rows 0 batches
2024-03-18 19:49:32+0800: Cleaned up old neural net and bot
2024-03-18 19:49:32+0800: nnRandSeed0 = 7024070595870803437
2024-03-18 19:49:32+0800: After dedups: nnModelFile0 = F:\homework\毕业设计\katago-v1.13.0-opencl-windows-x64\model.bin useFP16 auto useNHWC auto
2024-03-18 19:49:32+0800: Initializing neural net buffer to be size 9 * 9 exactly
2024-03-18 19:49:32+0800: Found OpenCL Platform 0: NVIDIA CUDA (NVIDIA Corporation) (OpenCL 3.0 CUDA 12.3.99)
2024-03-18 19:49:32+0800: Found 1 device(s) on platform 0 with type CPU or GPU or Accelerator
2024-03-18 19:49:32+0800: Found OpenCL Device 0: NVIDIA GeForce RTX 2060 (NVIDIA Corporation) (score 11000300)
2024-03-18 19:49:32+0800: Creating context for OpenCL Platform: NVIDIA CUDA (NVIDIA Corporation) (OpenCL 3.0 CUDA 12.3.99)
2024-03-18 19:49:32+0800: Using OpenCL Device 0: NVIDIA GeForce RTX 2060 (NVIDIA Corporation) OpenCL 3.0 CUDA (Extensions: cl_khr_global_int32_base_atomics cl_khr_global_int32_extended_atomics cl_khr_local_int32_base_atomics cl_khr_local_int32_extended_atomics cl_khr_fp64 cl_khr_3d_image_writes cl_khr_byte_addressable_store cl_khr_icd cl_khr_gl_sharing cl_nv_compiler_options cl_nv_device_attribute_query cl_nv_pragma_unroll cl_nv_d3d10_sharing cl_khr_d3d10_sharing cl_nv_d3d11_sharing cl_nv_copy_opts cl_nv_create_buffer cl_khr_int64_base_atomics cl_khr_int64_extended_atomics cl_khr_device_uuid cl_khr_pci_bus_info cl_khr_external_semaphore cl_khr_external_memory cl_khr_external_semaphore_win32 cl_khr_external_memory_win32)
2024-03-18 19:49:32+0800: Loaded tuning parameters from: F:\homework\毕业设计\katago-v1.13.0-opencl-windows-x64/KataGoData/opencltuning/tune11_gpuNVIDIAGeForceRTX2060_x19_y19_c384_mv14.txt
2024-03-18 19:49:33+0800: OpenCL backend thread 0: Device 0 Model version 14
2024-03-18 19:49:33+0800: OpenCL backend thread 0: Device 0 Model name: kata1-b18c384nbt-s7192213760-d3579182099
2024-03-18 19:49:35+0800: OpenCL backend thread 0: Device 0 FP16Storage true FP16Compute false FP16TensorCores true FP16TensorCoresFor1x1 false
2024-03-18 19:49:35+0800: Loaded neural net with nnXLen 9 nnYLen 9
2024-03-18 19:49:35+0800: Initializing board with boardXSize 9 boardYSize 9
2024-03-18 19:49:35+0800: = 
2024-03-18 19:49:41+0800: Controller: loadsgf C:/Users/KILLLAKILL/AppData/LocalLow/DefaultCompany/yiwu/RecentGames\sgf_1701255612.sgf 6
2024-03-18 19:49:41+0800: = 
2024-03-18 19:49:41+0800: Controller: lz-genmove_analyze maxmoves 6
2024-03-18 19:49:46+0800: MoveNum: 5 HASH: FFE96295C396DA517064CFFB0FD39D37
   A B C D E F G H J
 9 . . . . . . . . .
 8 . . . . . . . . .
 7 . . X . . . . . .
 6 . . . . . . . . .
 5 . . . . O O2. . .
 4 . . . . . . . . .
 3 . . X1. @ . X3. .
 2 . . . . . . . . .
 1 . . . . . . . . .

koSIMPLEscoreAREAtaxNONEsui0whbNfpok1komi5.5
Time taken: 5
Root visits: 3616
New playouts: 3616
NN rows: 2346
NN batches: 588
NN avg batch size: 3.9898
PV: E3 D4 F3 H5 H4 G4 G5 H3 H6 J4 J6 E7 D6 C6 F1 G7 G6 G2 J2 G1 J5 D2 D3 C2 F2
Tree:
: T -43.86c W -41.80c S  -1.94c ( -1.7 L  -1.3) N    3616  --  E3 D4 F3 H5 H4 G4 G5
---White(^)---
E3  : T -41.16c W -39.55c S  -1.90c ( -1.7 L  -1.3) LCB  -45.69c P 37.91% WF 2013.4 PSV    1960 N    3060  --  E3 D4 F3 H5 H4 G4 G5 H3
E7  : T -52.64c W -49.93c S  -1.55c ( -1.5 L  -1.0) LCB  -62.03c P 17.70% WF 254.4 PSV     132 N     401  --  E7 D4 C6 D7 B5 E8 F7 F8
C5  : T -68.33c W -58.26c S  -3.49c ( -2.6 L  -1.8) LCB  -87.85c P 21.70% WF  60.1 PSV      74 N      88  --  C5 D4 C6 E7 F3 F2 E3 E2
F3  : T -80.70c W -71.47c S  -3.61c ( -2.5 L  -1.8) LCB  -98.89c P 11.12% WF  20.3 PSV      26 N      26  --  F3 F2 E7 C5 E2 E3 F4
F2  : T -59.64c W -54.32c S  -2.58c ( -2.1 L  -1.3) LCB  -87.91c P  2.15% WF  16.4 PSV      10 N      20  --  F2 H5 C5 D4 D5
D3  : T -79.02c W -73.86c S  -4.60c ( -3.0 L  -2.2) LCB -137.04c P  2.26% WF   4.7 PSV       5 N       5  --  D3 D4 E3 C4
D7  : T -77.85c W -73.43c S  -3.19c ( -2.3 L  -1.4) LCB -125.41c P  1.45% WF   3.9 PSV       3 N       4  --  D7 C6 G4
G4  : T -72.67c W -71.04c S  -3.19c ( -2.3 L  -1.6) LCB -126.07c P  1.30% WF   3.7 PSV       3 N       4  --  G4 F3 E3
C6  : T -85.64c W -78.07c S  -3.90c ( -2.6 L  -1.6) LCB -165.49c P  1.83% WF   3.1 PSV       3 N       3  --  C6 D6 D5
C4  : T -80.64c W -77.11c S  -3.53c ( -2.5 L  -1.2) LCB -430.64c P  0.70% WF   1.2 PSV       1 N       1  --  C4

2024-03-18 19:49:46+0800: = play E3
