2024-03-17 15:19:23+0800: Running with following config:
allowResignation = true
friendlyPassOk = true
hasButton = false
koRule = SIMPLE
lagBuffer = 1.0
logAllGTPCommunication = true
logDir = gtp_logs
logSearchInfo = true
logToStderr = false
multiStoneSuicideLegal = false
nnCacheSizePowerOfTwo = 20
nnMutexPoolSizePowerOfTwo = 16
numNNServerThreadsPerModel = 1
numSearchThreads = 8
openclDeviceToUseThread0 = 0
ponderingEnabled = false
resignConsecTurns = 3
resignThreshold = -0.90
scoringRule = AREA
searchFactorAfterOnePass = 0.50
searchFactorAfterTwoPass = 0.25
searchFactorWhenWinning = 0.40
searchFactorWhenWinningThreshold = 0.95
taxRule = NONE
whiteHandicapBonus = N

2024-03-17 15:19:23+0800: GTP Engine starting...
2024-03-17 15:19:23+0800: KataGo v1.13.0
2024-03-17 15:19:23+0800: Using Chinese rules initially, unless GTP/GUI overrides this
2024-03-17 15:19:23+0800: Using 8 CPU thread(s) for search
2024-03-17 15:19:24+0800: nnRandSeed0 = 8139474349165902448
2024-03-17 15:19:24+0800: After dedups: nnModelFile0 = F:\homework\毕业设计\katago-v1.13.0-opencl-windows-x64\model.bin useFP16 auto useNHWC auto
2024-03-17 15:19:24+0800: Initializing neural net buffer to be size 19 * 19 exactly
2024-03-17 15:19:24+0800: Found OpenCL Platform 0: NVIDIA CUDA (NVIDIA Corporation) (OpenCL 3.0 CUDA 12.3.99)
2024-03-17 15:19:24+0800: Found 1 device(s) on platform 0 with type CPU or GPU or Accelerator
2024-03-17 15:19:24+0800: Found OpenCL Device 0: NVIDIA GeForce RTX 2060 (NVIDIA Corporation) (score 11000300)
2024-03-17 15:19:24+0800: Creating context for OpenCL Platform: NVIDIA CUDA (NVIDIA Corporation) (OpenCL 3.0 CUDA 12.3.99)
2024-03-17 15:19:25+0800: Using OpenCL Device 0: NVIDIA GeForce RTX 2060 (NVIDIA Corporation) OpenCL 3.0 CUDA (Extensions: cl_khr_global_int32_base_atomics cl_khr_global_int32_extended_atomics cl_khr_local_int32_base_atomics cl_khr_local_int32_extended_atomics cl_khr_fp64 cl_khr_3d_image_writes cl_khr_byte_addressable_store cl_khr_icd cl_khr_gl_sharing cl_nv_compiler_options cl_nv_device_attribute_query cl_nv_pragma_unroll cl_nv_d3d10_sharing cl_khr_d3d10_sharing cl_nv_d3d11_sharing cl_nv_copy_opts cl_nv_create_buffer cl_khr_int64_base_atomics cl_khr_int64_extended_atomics cl_khr_device_uuid cl_khr_pci_bus_info cl_khr_external_semaphore cl_khr_external_memory cl_khr_external_semaphore_win32 cl_khr_external_memory_win32)
2024-03-17 15:19:25+0800: Loaded tuning parameters from: F:\homework\毕业设计\katago-v1.13.0-opencl-windows-x64/KataGoData/opencltuning/tune11_gpuNVIDIAGeForceRTX2060_x19_y19_c384_mv14.txt
2024-03-17 15:19:25+0800: OpenCL backend thread 0: Device 0 Model version 14
2024-03-17 15:19:25+0800: OpenCL backend thread 0: Device 0 Model name: kata1-b18c384nbt-s7192213760-d3579182099
2024-03-17 15:19:27+0800: OpenCL backend thread 0: Device 0 FP16Storage true FP16Compute false FP16TensorCores true FP16TensorCoresFor1x1 false
2024-03-17 15:19:27+0800: Loaded neural net with nnXLen 19 nnYLen 19
2024-03-17 15:19:27+0800: Initializing board with boardXSize 19 boardYSize 19
2024-03-17 15:19:27+0800: Loaded config F:\homework\毕业设计\katago-v1.13.0-opencl-windows-x64\gtp_custom.cfg
2024-03-17 15:19:27+0800: Loaded model F:\homework\毕业设计\katago-v1.13.0-opencl-windows-x64\model.bin
2024-03-17 15:19:27+0800: Model name: kata1-b18c384nbt-s7192213760-d3579182099
2024-03-17 15:19:27+0800: GTP ready, beginning main protocol loop
2024-03-17 15:19:36+0800: Controller: loadsgf C:/Users/KILLLAKILL/AppData/LocalLow/DefaultCompany/yiwu/RecentGames\sgf_1701255612.sgf 1
2024-03-17 15:19:36+0800: Changing komi to 5.5
2024-03-17 15:19:36+0800: GPU 0 finishing, processed 0 rows 0 batches
2024-03-17 15:19:36+0800: Cleaned up old neural net and bot
2024-03-17 15:19:36+0800: nnRandSeed0 = 12202130380096895719
2024-03-17 15:19:36+0800: After dedups: nnModelFile0 = F:\homework\毕业设计\katago-v1.13.0-opencl-windows-x64\model.bin useFP16 auto useNHWC auto
2024-03-17 15:19:36+0800: Initializing neural net buffer to be size 9 * 9 exactly
2024-03-17 15:19:37+0800: Found OpenCL Platform 0: NVIDIA CUDA (NVIDIA Corporation) (OpenCL 3.0 CUDA 12.3.99)
2024-03-17 15:19:37+0800: Found 1 device(s) on platform 0 with type CPU or GPU or Accelerator
2024-03-17 15:19:37+0800: Found OpenCL Device 0: NVIDIA GeForce RTX 2060 (NVIDIA Corporation) (score 11000300)
2024-03-17 15:19:37+0800: Creating context for OpenCL Platform: NVIDIA CUDA (NVIDIA Corporation) (OpenCL 3.0 CUDA 12.3.99)
2024-03-17 15:19:37+0800: Using OpenCL Device 0: NVIDIA GeForce RTX 2060 (NVIDIA Corporation) OpenCL 3.0 CUDA (Extensions: cl_khr_global_int32_base_atomics cl_khr_global_int32_extended_atomics cl_khr_local_int32_base_atomics cl_khr_local_int32_extended_atomics cl_khr_fp64 cl_khr_3d_image_writes cl_khr_byte_addressable_store cl_khr_icd cl_khr_gl_sharing cl_nv_compiler_options cl_nv_device_attribute_query cl_nv_pragma_unroll cl_nv_d3d10_sharing cl_khr_d3d10_sharing cl_nv_d3d11_sharing cl_nv_copy_opts cl_nv_create_buffer cl_khr_int64_base_atomics cl_khr_int64_extended_atomics cl_khr_device_uuid cl_khr_pci_bus_info cl_khr_external_semaphore cl_khr_external_memory cl_khr_external_semaphore_win32 cl_khr_external_memory_win32)
2024-03-17 15:19:37+0800: Loaded tuning parameters from: F:\homework\毕业设计\katago-v1.13.0-opencl-windows-x64/KataGoData/opencltuning/tune11_gpuNVIDIAGeForceRTX2060_x19_y19_c384_mv14.txt
2024-03-17 15:19:37+0800: OpenCL backend thread 0: Device 0 Model version 14
2024-03-17 15:19:37+0800: OpenCL backend thread 0: Device 0 Model name: kata1-b18c384nbt-s7192213760-d3579182099
2024-03-17 15:19:40+0800: OpenCL backend thread 0: Device 0 FP16Storage true FP16Compute false FP16TensorCores true FP16TensorCoresFor1x1 false
2024-03-17 15:19:40+0800: Loaded neural net with nnXLen 9 nnYLen 9
2024-03-17 15:19:40+0800: Initializing board with boardXSize 9 boardYSize 9
2024-03-17 15:19:40+0800: = 
2024-03-17 15:19:43+0800: Controller: loadsgf C:/Users/KILLLAKILL/AppData/LocalLow/DefaultCompany/yiwu/RecentGames\sgf_1701255612.sgf 6
2024-03-17 15:19:43+0800: = 
2024-03-17 15:19:43+0800: Controller: lz-genmove_analyze maxmoves 6
2024-03-17 15:19:48+0800: MoveNum: 5 HASH: FFE96295C396DA517064CFFB0FD39D37
   A B C D E F G H J
 9 . . . . . . . . .
 8 . . . . . . . . .
 7 . . X . . . . . .
 6 . . . . . . . . .
 5 . . . . O O2. . .
 4 . . . . . . . . .
 3 . . X1. @ . X3. .
 2 . . . . . . . . .
 1 . . . . . . . . .

koSIMPLEscoreAREAtaxNONEsui0whbNfpok1komi5.5
Time taken: 5
Root visits: 3310
New playouts: 3310
NN rows: 2105
NN batches: 525
NN avg batch size: 4.00952
PV: E3 D4 F3 H5 H4 G4 G5 J4 H6 H3 J6 D7 F2 J5 H2 G2 G1 H1 J1 G7 G6 J2 J3 F7 D5
Tree:
: T -42.33c W -41.01c S  -1.95c ( -1.8 L  -1.4) N    3310  --  E3 D4 F3 H5 H4 G4 G5
---White(^)---
E3  : T -40.14c W -39.20c S  -1.90c ( -1.8 L  -1.4) LCB  -44.79c P 38.50% WF 1874.0 PSV    1838 N    2943  --  E3 D4 F3 H5 H4 G4 G5 J4
E7  : T -49.32c W -48.83c S  -1.60c ( -1.5 L  -1.1) LCB  -62.67c P 16.02% WF 138.7 PSV     137 N     214  --  E7 C5 D4 H5 C4 B4 H6 D3
C5  : T -65.55c W -55.86c S  -3.25c ( -2.4 L  -1.8) LCB  -85.35c P 24.47% WF  69.8 PSV      85 N     104  --  C5 D4 C6 E7 F3 F2 E3 E2
F3  : T -82.43c W -72.82c S  -3.70c ( -2.5 L  -1.9) LCB  -96.26c P  8.97% WF  14.7 PSV      19 N      19  --  F3 F2 E2 E3 D3 F4 E4 F3
F2  : T -57.52c W -54.61c S  -2.15c ( -1.9 L  -1.1) LCB  -87.25c P  1.82% WF   8.4 PSV       8 N      10  --  F2 C5 D4
G4  : T -78.43c W -74.54c S  -3.28c ( -2.3 L  -1.8) LCB -116.82c P  2.13% WF   5.4 PSV       5 N       6  --  G4 F3 D4 D3
C6  : T -84.90c W -77.09c S  -3.78c ( -2.6 L  -1.6) LCB -164.90c P  2.00% WF   3.1 PSV       4 N       3  --  C6 D6 D5
D3  : T -91.18c W -80.84c S  -5.37c ( -3.4 L  -2.5) LCB -167.81c P  1.98% WF   2.9 PSV       3 N       3  --  D3 D4 E3
D7  : T -84.15c W -77.18c S  -3.52c ( -2.4 L  -1.4) LCB -160.57c P  1.71% WF   3.1 PSV       3 N       3  --  D7 C6 G4
C4  : T -80.62c W -77.11c S  -3.51c ( -2.5 L  -1.2) LCB -430.62c P  0.74% WF   1.2 PSV       1 N       1  --  C4

2024-03-17 15:19:48+0800: = play E3
