2024-03-18 22:22:43+0800: Running with following config:
allowResignation = true
friendlyPassOk = true
hasButton = false
koRule = SIMPLE
lagBuffer = 1.0
logAllGTPCommunication = true
logDir = gtp_logs
logSearchInfo = true
logToStderr = false
multiStoneSuicideLegal = false
nnCacheSizePowerOfTwo = 20
nnMutexPoolSizePowerOfTwo = 16
numNNServerThreadsPerModel = 1
numSearchThreads = 8
openclDeviceToUseThread0 = 0
ponderingEnabled = false
resignConsecTurns = 3
resignThreshold = -0.90
scoringRule = AREA
searchFactorAfterOnePass = 0.50
searchFactorAfterTwoPass = 0.25
searchFactorWhenWinning = 0.40
searchFactorWhenWinningThreshold = 0.95
taxRule = NONE
whiteHandicapBonus = N

2024-03-18 22:22:43+0800: GTP Engine starting...
2024-03-18 22:22:43+0800: KataGo v1.13.0
2024-03-18 22:22:43+0800: Using Chinese rules initially, unless GTP/GUI overrides this
2024-03-18 22:22:43+0800: Using 8 CPU thread(s) for search
2024-03-18 22:22:43+0800: nnRandSeed0 = 8091201269665192770
2024-03-18 22:22:43+0800: After dedups: nnModelFile0 = F:\homework\毕业设计\katago-v1.13.0-opencl-windows-x64\model.bin useFP16 auto useNHWC auto
2024-03-18 22:22:43+0800: Initializing neural net buffer to be size 19 * 19 exactly
2024-03-18 22:22:44+0800: Found OpenCL Platform 0: NVIDIA CUDA (NVIDIA Corporation) (OpenCL 3.0 CUDA 12.3.99)
2024-03-18 22:22:44+0800: Found 1 device(s) on platform 0 with type CPU or GPU or Accelerator
2024-03-18 22:22:44+0800: Found OpenCL Device 0: NVIDIA GeForce RTX 2060 (NVIDIA Corporation) (score 11000300)
2024-03-18 22:22:44+0800: Creating context for OpenCL Platform: NVIDIA CUDA (NVIDIA Corporation) (OpenCL 3.0 CUDA 12.3.99)
2024-03-18 22:22:44+0800: Using OpenCL Device 0: NVIDIA GeForce RTX 2060 (NVIDIA Corporation) OpenCL 3.0 CUDA (Extensions: cl_khr_global_int32_base_atomics cl_khr_global_int32_extended_atomics cl_khr_local_int32_base_atomics cl_khr_local_int32_extended_atomics cl_khr_fp64 cl_khr_3d_image_writes cl_khr_byte_addressable_store cl_khr_icd cl_khr_gl_sharing cl_nv_compiler_options cl_nv_device_attribute_query cl_nv_pragma_unroll cl_nv_d3d10_sharing cl_khr_d3d10_sharing cl_nv_d3d11_sharing cl_nv_copy_opts cl_nv_create_buffer cl_khr_int64_base_atomics cl_khr_int64_extended_atomics cl_khr_device_uuid cl_khr_pci_bus_info cl_khr_external_semaphore cl_khr_external_memory cl_khr_external_semaphore_win32 cl_khr_external_memory_win32)
2024-03-18 22:22:44+0800: Loaded tuning parameters from: F:\homework\毕业设计\katago-v1.13.0-opencl-windows-x64/KataGoData/opencltuning/tune11_gpuNVIDIAGeForceRTX2060_x19_y19_c384_mv14.txt
2024-03-18 22:22:44+0800: OpenCL backend thread 0: Device 0 Model version 14
2024-03-18 22:22:44+0800: OpenCL backend thread 0: Device 0 Model name: kata1-b18c384nbt-s7192213760-d3579182099
2024-03-18 22:22:46+0800: OpenCL backend thread 0: Device 0 FP16Storage true FP16Compute false FP16TensorCores true FP16TensorCoresFor1x1 false
2024-03-18 22:22:46+0800: Loaded neural net with nnXLen 19 nnYLen 19
2024-03-18 22:22:46+0800: Initializing board with boardXSize 19 boardYSize 19
2024-03-18 22:22:46+0800: Loaded config F:\homework\毕业设计\katago-v1.13.0-opencl-windows-x64\gtp_custom.cfg
2024-03-18 22:22:46+0800: Loaded model F:\homework\毕业设计\katago-v1.13.0-opencl-windows-x64\model.bin
2024-03-18 22:22:46+0800: Model name: kata1-b18c384nbt-s7192213760-d3579182099
2024-03-18 22:22:46+0800: GTP ready, beginning main protocol loop
2024-03-18 22:22:50+0800: Controller: loadsgf C:/Users/KILLLAKILL/AppData/LocalLow/DefaultCompany/yiwu/RecentGames\sgf_1701255612.sgf 1
2024-03-18 22:22:50+0800: Changing komi to 5.5
2024-03-18 22:22:50+0800: GPU 0 finishing, processed 0 rows 0 batches
2024-03-18 22:22:50+0800: Cleaned up old neural net and bot
2024-03-18 22:22:50+0800: nnRandSeed0 = 6184980854586653828
2024-03-18 22:22:50+0800: After dedups: nnModelFile0 = F:\homework\毕业设计\katago-v1.13.0-opencl-windows-x64\model.bin useFP16 auto useNHWC auto
2024-03-18 22:22:50+0800: Initializing neural net buffer to be size 9 * 9 exactly
2024-03-18 22:22:50+0800: Found OpenCL Platform 0: NVIDIA CUDA (NVIDIA Corporation) (OpenCL 3.0 CUDA 12.3.99)
2024-03-18 22:22:50+0800: Found 1 device(s) on platform 0 with type CPU or GPU or Accelerator
2024-03-18 22:22:50+0800: Found OpenCL Device 0: NVIDIA GeForce RTX 2060 (NVIDIA Corporation) (score 11000300)
2024-03-18 22:22:50+0800: Creating context for OpenCL Platform: NVIDIA CUDA (NVIDIA Corporation) (OpenCL 3.0 CUDA 12.3.99)
2024-03-18 22:22:50+0800: Using OpenCL Device 0: NVIDIA GeForce RTX 2060 (NVIDIA Corporation) OpenCL 3.0 CUDA (Extensions: cl_khr_global_int32_base_atomics cl_khr_global_int32_extended_atomics cl_khr_local_int32_base_atomics cl_khr_local_int32_extended_atomics cl_khr_fp64 cl_khr_3d_image_writes cl_khr_byte_addressable_store cl_khr_icd cl_khr_gl_sharing cl_nv_compiler_options cl_nv_device_attribute_query cl_nv_pragma_unroll cl_nv_d3d10_sharing cl_khr_d3d10_sharing cl_nv_d3d11_sharing cl_nv_copy_opts cl_nv_create_buffer cl_khr_int64_base_atomics cl_khr_int64_extended_atomics cl_khr_device_uuid cl_khr_pci_bus_info cl_khr_external_semaphore cl_khr_external_memory cl_khr_external_semaphore_win32 cl_khr_external_memory_win32)
2024-03-18 22:22:50+0800: Loaded tuning parameters from: F:\homework\毕业设计\katago-v1.13.0-opencl-windows-x64/KataGoData/opencltuning/tune11_gpuNVIDIAGeForceRTX2060_x19_y19_c384_mv14.txt
2024-03-18 22:22:51+0800: OpenCL backend thread 0: Device 0 Model version 14
2024-03-18 22:22:51+0800: OpenCL backend thread 0: Device 0 Model name: kata1-b18c384nbt-s7192213760-d3579182099
2024-03-18 22:22:53+0800: OpenCL backend thread 0: Device 0 FP16Storage true FP16Compute false FP16TensorCores true FP16TensorCoresFor1x1 false
2024-03-18 22:22:53+0800: Loaded neural net with nnXLen 9 nnYLen 9
2024-03-18 22:22:53+0800: Initializing board with boardXSize 9 boardYSize 9
2024-03-18 22:22:53+0800: = 
2024-03-18 22:22:55+0800: Controller: loadsgf C:/Users/KILLLAKILL/AppData/LocalLow/DefaultCompany/yiwu/RecentGames\sgf_1701255612.sgf 6
2024-03-18 22:22:55+0800: = 
2024-03-18 22:22:55+0800: Controller: lz-genmove_analyze maxmoves 6
2024-03-18 22:23:00+0800: MoveNum: 5 HASH: FFE96295C396DA517064CFFB0FD39D37
   A B C D E F G H J
 9 . . . . . . . . .
 8 . . . . . . . . .
 7 . . X . . . . . .
 6 . . . . . . . . .
 5 . . . . O O2. . .
 4 . . . . . . . . .
 3 . . X1. @ . X3. .
 2 . . . . . . . . .
 1 . . . . . . . . .

koSIMPLEscoreAREAtaxNONEsui0whbNfpok1komi5.5
Time taken: 5
Root visits: 3185
New playouts: 3185
NN rows: 2531
NN batches: 634
NN avg batch size: 3.99211
PV: E3 D4 F3 H5 H4 D6 E7 G4 G5 H6 H3 G7 D7 C6 F7 G2 H2 D2 G8 H8 G6 H7 E8
Tree:
: T -50.52c W -47.68c S  -2.35c ( -1.9 L  -1.5) N    3185  --  E3 D4 F3 H5 H4 D6 E7
---White(^)---
E3  : T -48.77c W -46.23c S  -2.29c ( -1.9 L  -1.5) LCB  -54.32c P 39.04% WF 1712.0 PSV    1683 N    2510  --  E3 D4 F3 H5 H4 D6 E7 G4
E7  : T -52.58c W -48.27c S  -2.01c ( -1.7 L  -1.3) LCB  -64.06c P 12.51% WF 217.1 PSV     195 N     329  --  E7 C5 D4 H5 C4 B4 H6 D3
C5  : T -62.56c W -55.83c S  -3.37c ( -2.5 L  -1.9) LCB  -75.68c P 27.75% WF 142.0 PSV     161 N     205  --  C5 D4 C6 E7 F3 F2 E3 E2
F2  : T -46.35c W -48.40c S  -2.19c ( -1.9 L  -1.2) LCB  -62.24c P  3.40% WF  64.8 PSV      64 N      75  --  F2 H5 C5 D4 D5 F3 E7 G6
D7  : T -54.65c W -57.47c S  -1.97c ( -1.7 L  -1.0) LCB  -73.84c P  2.26% WF  25.3 PSV      26 N      29  --  D7 C6 G4 D8 E8 E7
F3  : T -73.35c W -68.88c S  -3.37c ( -2.4 L  -1.8) LCB  -97.53c P  5.41% WF  16.3 PSV      18 N      19  --  F3 F2 E7 C5 E2 E3
C6  : T -86.97c W -79.72c S  -4.41c ( -2.9 L  -1.8) LCB -119.15c P  2.65% WF   5.1 PSV       6 N       5  --  C6 D6 D5 B6 C5
G4  : T -83.38c W -77.60c S  -3.49c ( -2.4 L  -1.9) LCB -121.46c P  2.51% WF   4.6 PSV       6 N       5  --  G4 F3 D4 D3
D3  : T -93.76c W -82.47c S  -5.84c ( -3.6 L  -2.9) LCB -171.69c P  2.16% WF   3.1 PSV       4 N       3  --  D3 D4 E3
C4  : T -81.74c W -77.99c S  -3.75c ( -2.5 L  -1.3) LCB -431.74c P  0.62% WF   1.2 PSV       1 N       1  --  C4

2024-03-18 22:23:00+0800: = play E3
