2024-03-18 20:05:53+0800: Running with following config:
allowResignation = true
friendlyPassOk = true
hasButton = false
koRule = SIMPLE
lagBuffer = 1.0
logAllGTPCommunication = true
logDir = gtp_logs
logSearchInfo = true
logToStderr = false
multiStoneSuicideLegal = false
nnCacheSizePowerOfTwo = 20
nnMutexPoolSizePowerOfTwo = 16
numNNServerThreadsPerModel = 1
numSearchThreads = 8
openclDeviceToUseThread0 = 0
ponderingEnabled = false
resignConsecTurns = 3
resignThreshold = -0.90
scoringRule = AREA
searchFactorAfterOnePass = 0.50
searchFactorAfterTwoPass = 0.25
searchFactorWhenWinning = 0.40
searchFactorWhenWinningThreshold = 0.95
taxRule = NONE
whiteHandicapBonus = N

2024-03-18 20:05:53+0800: GTP Engine starting...
2024-03-18 20:05:53+0800: KataGo v1.13.0
2024-03-18 20:05:53+0800: Using Chinese rules initially, unless GTP/GUI overrides this
2024-03-18 20:05:53+0800: Using 8 CPU thread(s) for search
2024-03-18 20:05:53+0800: nnRandSeed0 = 14441307005782726518
2024-03-18 20:05:53+0800: After dedups: nnModelFile0 = F:\homework\毕业设计\katago-v1.13.0-opencl-windows-x64\model.bin useFP16 auto useNHWC auto
2024-03-18 20:05:53+0800: Initializing neural net buffer to be size 19 * 19 exactly
2024-03-18 20:05:54+0800: Found OpenCL Platform 0: NVIDIA CUDA (NVIDIA Corporation) (OpenCL 3.0 CUDA 12.3.99)
2024-03-18 20:05:54+0800: Found 1 device(s) on platform 0 with type CPU or GPU or Accelerator
2024-03-18 20:05:54+0800: Found OpenCL Device 0: NVIDIA GeForce RTX 2060 (NVIDIA Corporation) (score 11000300)
2024-03-18 20:05:54+0800: Creating context for OpenCL Platform: NVIDIA CUDA (NVIDIA Corporation) (OpenCL 3.0 CUDA 12.3.99)
2024-03-18 20:05:54+0800: Using OpenCL Device 0: NVIDIA GeForce RTX 2060 (NVIDIA Corporation) OpenCL 3.0 CUDA (Extensions: cl_khr_global_int32_base_atomics cl_khr_global_int32_extended_atomics cl_khr_local_int32_base_atomics cl_khr_local_int32_extended_atomics cl_khr_fp64 cl_khr_3d_image_writes cl_khr_byte_addressable_store cl_khr_icd cl_khr_gl_sharing cl_nv_compiler_options cl_nv_device_attribute_query cl_nv_pragma_unroll cl_nv_d3d10_sharing cl_khr_d3d10_sharing cl_nv_d3d11_sharing cl_nv_copy_opts cl_nv_create_buffer cl_khr_int64_base_atomics cl_khr_int64_extended_atomics cl_khr_device_uuid cl_khr_pci_bus_info cl_khr_external_semaphore cl_khr_external_memory cl_khr_external_semaphore_win32 cl_khr_external_memory_win32)
2024-03-18 20:05:54+0800: Loaded tuning parameters from: F:\homework\毕业设计\katago-v1.13.0-opencl-windows-x64/KataGoData/opencltuning/tune11_gpuNVIDIAGeForceRTX2060_x19_y19_c384_mv14.txt
2024-03-18 20:05:54+0800: OpenCL backend thread 0: Device 0 Model version 14
2024-03-18 20:05:54+0800: OpenCL backend thread 0: Device 0 Model name: kata1-b18c384nbt-s7192213760-d3579182099
2024-03-18 20:05:56+0800: OpenCL backend thread 0: Device 0 FP16Storage true FP16Compute false FP16TensorCores true FP16TensorCoresFor1x1 false
2024-03-18 20:05:56+0800: Loaded neural net with nnXLen 19 nnYLen 19
2024-03-18 20:05:56+0800: Initializing board with boardXSize 19 boardYSize 19
2024-03-18 20:05:56+0800: Loaded config F:\homework\毕业设计\katago-v1.13.0-opencl-windows-x64\gtp_custom.cfg
2024-03-18 20:05:56+0800: Loaded model F:\homework\毕业设计\katago-v1.13.0-opencl-windows-x64\model.bin
2024-03-18 20:05:56+0800: Model name: kata1-b18c384nbt-s7192213760-d3579182099
2024-03-18 20:05:56+0800: GTP ready, beginning main protocol loop
2024-03-18 20:06:01+0800: Controller: loadsgf C:/Users/KILLLAKILL/AppData/LocalLow/DefaultCompany/yiwu/RecentGames\sgf_1701255612.sgf 1
2024-03-18 20:06:01+0800: Changing komi to 5.5
2024-03-18 20:06:01+0800: GPU 0 finishing, processed 0 rows 0 batches
2024-03-18 20:06:01+0800: Cleaned up old neural net and bot
2024-03-18 20:06:01+0800: nnRandSeed0 = 16002115754761017843
2024-03-18 20:06:01+0800: After dedups: nnModelFile0 = F:\homework\毕业设计\katago-v1.13.0-opencl-windows-x64\model.bin useFP16 auto useNHWC auto
2024-03-18 20:06:01+0800: Initializing neural net buffer to be size 9 * 9 exactly
2024-03-18 20:06:02+0800: Found OpenCL Platform 0: NVIDIA CUDA (NVIDIA Corporation) (OpenCL 3.0 CUDA 12.3.99)
2024-03-18 20:06:02+0800: Found 1 device(s) on platform 0 with type CPU or GPU or Accelerator
2024-03-18 20:06:02+0800: Found OpenCL Device 0: NVIDIA GeForce RTX 2060 (NVIDIA Corporation) (score 11000300)
2024-03-18 20:06:02+0800: Creating context for OpenCL Platform: NVIDIA CUDA (NVIDIA Corporation) (OpenCL 3.0 CUDA 12.3.99)
2024-03-18 20:06:02+0800: Using OpenCL Device 0: NVIDIA GeForce RTX 2060 (NVIDIA Corporation) OpenCL 3.0 CUDA (Extensions: cl_khr_global_int32_base_atomics cl_khr_global_int32_extended_atomics cl_khr_local_int32_base_atomics cl_khr_local_int32_extended_atomics cl_khr_fp64 cl_khr_3d_image_writes cl_khr_byte_addressable_store cl_khr_icd cl_khr_gl_sharing cl_nv_compiler_options cl_nv_device_attribute_query cl_nv_pragma_unroll cl_nv_d3d10_sharing cl_khr_d3d10_sharing cl_nv_d3d11_sharing cl_nv_copy_opts cl_nv_create_buffer cl_khr_int64_base_atomics cl_khr_int64_extended_atomics cl_khr_device_uuid cl_khr_pci_bus_info cl_khr_external_semaphore cl_khr_external_memory cl_khr_external_semaphore_win32 cl_khr_external_memory_win32)
2024-03-18 20:06:02+0800: Loaded tuning parameters from: F:\homework\毕业设计\katago-v1.13.0-opencl-windows-x64/KataGoData/opencltuning/tune11_gpuNVIDIAGeForceRTX2060_x19_y19_c384_mv14.txt
2024-03-18 20:06:02+0800: OpenCL backend thread 0: Device 0 Model version 14
2024-03-18 20:06:02+0800: OpenCL backend thread 0: Device 0 Model name: kata1-b18c384nbt-s7192213760-d3579182099
2024-03-18 20:06:04+0800: OpenCL backend thread 0: Device 0 FP16Storage true FP16Compute false FP16TensorCores true FP16TensorCoresFor1x1 false
2024-03-18 20:06:04+0800: Loaded neural net with nnXLen 9 nnYLen 9
2024-03-18 20:06:04+0800: Initializing board with boardXSize 9 boardYSize 9
2024-03-18 20:06:04+0800: = 
2024-03-18 20:06:06+0800: Controller: loadsgf C:/Users/KILLLAKILL/AppData/LocalLow/DefaultCompany/yiwu/RecentGames\sgf_1701255612.sgf 6
2024-03-18 20:06:06+0800: = 
2024-03-18 20:06:06+0800: Controller: lz-genmove_analyze maxmoves 6
2024-03-18 20:06:11+0800: MoveNum: 5 HASH: FFE96295C396DA517064CFFB0FD39D37
   A B C D E F G H J
 9 . . . . . . . . .
 8 . . . . . . . . .
 7 . . X . . . . . .
 6 . . . . . . . . .
 5 . . . . O O2. . .
 4 . . . . . . . . .
 3 . . X1. @ . X3. .
 2 . . . . . . . . .
 1 . . . . . . . . .

koSIMPLEscoreAREAtaxNONEsui0whbNfpok1komi5.5
Time taken: 5
Root visits: 3937
New playouts: 3937
NN rows: 2537
NN batches: 635
NN avg batch size: 3.99528
PV: E3 D4 F3 H5 H4 G4 G5 J4 H6 H3 J6 D7 F2 J5 H2 G2 G1 G7 G6 H1 J1 J2 J3 F7 C2
Tree:
: T -42.01c W -41.21c S  -1.77c ( -1.7 L  -1.3) N    3937  --  E3 D4 F3 H5 H4 G4 G5
---White(^)---
E3  : T -39.22c W -38.87c S  -1.68c ( -1.7 L  -1.3) LCB  -43.75c P 34.58% WF 2083.7 PSV    2026 N    3240  --  E3 D4 F3 H5 H4 G4 G5 J4
C5  : T -55.08c W -49.78c S  -2.65c ( -2.2 L  -1.7) LCB  -67.15c P 26.16% WF 172.4 PSV     156 N     260  --  C5 D4 C6 E7 F3 F2 E3 E2
E7  : T -50.38c W -49.48c S  -1.58c ( -1.6 L  -1.2) LCB  -61.15c P 17.52% WF 210.4 PSV     143 N     347  --  E7 C5 D4 H5 C4 B4 H6 D3
F3  : T -81.05c W -71.72c S  -3.54c ( -2.5 L  -1.9) LCB  -99.57c P  7.30% WF  13.4 PSV      17 N      17  --  F3 F2 E2 E3 D3 F4 E4 F3
F2  : T -51.86c W -51.55c S  -2.19c ( -2.0 L  -1.3) LCB  -73.17c P  2.18% WF  27.2 PSV      15 N      34  --  F2 H5 C5 D4 D5 F3 F7 E8
D7  : T -54.29c W -57.54c S  -1.89c ( -1.8 L  -1.1) LCB  -72.62c P  2.34% WF  15.7 PSV      14 N      18  --  D7 C6 G4 D8 E8
G4  : T -74.08c W -71.30c S  -2.94c ( -2.2 L  -1.7) LCB  -95.34c P  2.54% WF   6.2 PSV       7 N       7  --  G4 F3 E3
C6  : T -88.51c W -80.25c S  -4.50c ( -3.0 L  -2.0) LCB -121.71c P  2.37% WF   4.9 PSV       4 N       5  --  C6 D6 D5 B6 C5
D3  : T -93.78c W -82.86c S  -5.74c ( -3.6 L  -2.9) LCB -171.26c P  1.81% WF   3.0 PSV       3 N       3  --  D3 D4 E3
C4  : T -78.43c W -76.17c S  -3.43c ( -2.5 L  -1.6) LCB -232.21c P  1.11% WF   2.1 PSV       2 N       2  --  C4 D4

2024-03-18 20:06:11+0800: = play E3
2024-03-18 20:06:51+0800: Controller: loadsgf C:/Users/KILLLAKILL/AppData/LocalLow/DefaultCompany/yiwu/RecentGames\sgf_1701255612.sgf 7
2024-03-18 20:06:51+0800: = 
2024-03-18 20:06:51+0800: Controller: lz-genmove_analyze maxmoves 6
2024-03-18 20:06:56+0800: MoveNum: 6 HASH: 2733791EA78FF924FDD84A034F99EEAA
   A B C D E F G H J
 9 . . . . . . . . .
 8 . . . . . . . . .
 7 . . X . . . . . .
 6 . . . . . . . . .
 5 . . . . O O1. . .
 4 . . . . . O3. . .
 3 . . X . . . X2. .
 2 . . . . @ . . . .
 1 . . . . . . . . .

koSIMPLEscoreAREAtaxNONEsui0whbNfpok1komi5.5
Time taken: 5
Root visits: 2998
New playouts: 2998
NN rows: 2498
NN batches: 626
NN avg batch size: 3.99042
PV: E2 E7 C5 H4 D8 H3 F8 D4 C4 E8 E9 D7 C8 G8 F7 G7 H2 F6 F9 D2
Tree:
: T  99.28c W  98.78c S   0.61c ( +6.4 L  +6.0) N    2998  --  E2 E7 C5 H4 D8 H3 F8
---Black(^)---
E2  : T  99.70c W  99.08c S   0.76c ( +6.5 L  +6.1) LCB   99.01c P 15.99% WF 3341.1 PSV    8887 N    1106  --  E2 E7 C5 H4 D8 H3 F8 D4
F3  : T  99.29c W  98.70c S   0.68c ( +6.4 L  +6.0) LCB   98.62c P 51.06% WF 4425.6 PSV    4432 N    1621  --  F3 E7 C5 H4 D8 H3 F8 E8
C5  : T  98.16c W  98.73c S  -0.48c ( +6.0 L  +5.5) LCB   96.72c P  6.49% WF 221.3 PSV     202 N      75  --  C5 D6 C6 H5 F3 D7 C8
H5  : T  96.30c W  97.37c S  -0.61c ( +5.8 L  +5.1) LCB   93.96c P 12.43% WF 196.5 PSV     188 N      90  --  H5 C5 B5 H4 G4 G5
F7  : T  95.92c W  97.49c S  -1.42c ( +5.5 L  +4.8) LCB   93.55c P  5.03% WF  71.9 PSV      68 N      33  --  F7 E2 D6 C4 D4
E7  : T  94.22c W  96.61c S  -2.06c ( +5.2 L  +4.5) LCB   90.44c P  3.84% WF  37.7 PSV      36 N      19  --  E7 E2 H5 C5 F2 F7
D6  : T  98.91c W  98.13c S   0.87c ( +6.5 L  +5.9) LCB   97.07c P  0.56% WF  96.4 PSV      30 N      38  --  D6 C4 D4 D3 B4 C5
F2  : T  93.46c W  97.19c S  -2.99c ( +4.8 L  +4.3) LCB   18.06c P  0.64% WF   8.0 PSV       5 N       3  --  F2 E7
C6  : T  95.29c W  97.99c S  -2.30c ( +5.2 L  +4.7) LCB  -68.34c P  0.34% WF   5.6 PSV       4 N       2  --  C6 D3
H4  : T  92.65c W  95.16c S  -1.87c ( +5.2 L  +4.5) LCB  -58.27c P  0.50% WF   3.5 PSV       3 N       2  --  H4 C5

2024-03-18 20:06:56+0800: = play E2
2024-03-18 20:07:56+0800: Controller: loadsgf C:/Users/KILLLAKILL/AppData/LocalLow/DefaultCompany/yiwu/RecentGames\sgf_1701255612.sgf 9
2024-03-18 20:07:56+0800: = 
2024-03-18 20:07:56+0800: Controller: lz-genmove_analyze maxmoves 6
2024-03-18 20:08:01+0800: MoveNum: 8 HASH: 6EABEF3F5A12D0D2005E3B0C6A65EBB4
   A B C D E F G H J
 9 . . . . . . . . .
 8 . . . . . . . . .
 7 . . X . . . . . .
 6 . . . . . . . . .
 5 . . . . O O O3. .
 4 . . . . . O1X2. .
 3 . . X . . . X . .
 2 . . . . @ . . . .
 1 . . . . . . . . .

koSIMPLEscoreAREAtaxNONEsui0whbNfpok1komi5.5
Time taken: 5
Root visits: 3887
New playouts: 3887
NN rows: 2521
NN batches: 631
NN avg batch size: 3.99525
PV: E2 C4 E7 F8 F7 G7 G6 H7 E8 D3 D2 B3 H5 H6 H4 C2
Tree:
: T 102.36c W  97.52c S   5.14c ( +5.4 L  +4.9) N    3887  --  E2 C4 E7 F8 F7 G7 G6
---Black(^)---
E2  : T 102.62c W  97.66c S   5.29c ( +5.5 L  +4.9) LCB  101.99c P 69.81% WF 7852.3 PSV    7833 N    3408  --  E2 C4 E7 F8 F7 G7 G6 H7
F3  : T 101.36c W  97.33c S   4.12c ( +4.8 L  +4.4) LCB   98.80c P 28.35% WF 1011.8 PSV    1029 N     443  --  F3 D3 D2 D4 B2 D8 D7 E7
H5  : T  96.56c W  93.32c S   2.37c ( +4.2 L  +3.4) LCB   78.31c P  1.22% WF  13.1 PSV      13 N       7  --  H5 H6 E2 C4
E3  : T   0.60c W   6.22c S  -5.61c ( +0.7 L  +0.5) LCB -349.40c P  0.18% WF   0.5 PSV       0 N       1  --  E3
H7  : T   4.03c W   8.82c S  -4.79c ( +0.8 L  +0.7) LCB -345.97c P  0.12% WF   0.6 PSV       0 N       1  --  H7
F2  : T  67.73c W  69.97c S  -2.24c ( +2.1 L  +1.6) LCB -282.27c P  0.11% WF   0.9 PSV       0 N       1  --  F2
D2  : T  76.07c W  77.67c S  -1.60c ( +2.4 L  +1.9) LCB -273.93c P  0.10% WF   0.9 PSV       0 N       1  --  D2
E7  : T   4.35c W  10.15c S  -5.80c ( +0.6 L  +0.3) LCB -345.65c P  0.03% WF   0.6 PSV       0 N       1  --  E7
C5  : T  22.63c W  28.06c S  -5.43c ( +0.8 L  +0.6) LCB -327.37c P  0.01% WF   0.7 PSV       0 N       1  --  C5
H6  : T -27.07c W -20.70c S  -6.37c ( -0.0 L  -1.2) LCB -377.07c P  0.01% WF   0.4 PSV       0 N       1  --  H6

2024-03-18 20:08:01+0800: = play E2
