2024-03-17 12:14:58+0800: Running with following config:
allowResignation = true
friendlyPassOk = true
hasButton = false
koRule = SIMPLE
lagBuffer = 1.0
logAllGTPCommunication = true
logDir = gtp_logs
logSearchInfo = true
logToStderr = false
multiStoneSuicideLegal = false
nnCacheSizePowerOfTwo = 20
nnMutexPoolSizePowerOfTwo = 16
numNNServerThreadsPerModel = 1
numSearchThreads = 8
openclDeviceToUseThread0 = 0
ponderingEnabled = false
resignConsecTurns = 3
resignThreshold = -0.90
scoringRule = AREA
searchFactorAfterOnePass = 0.50
searchFactorAfterTwoPass = 0.25
searchFactorWhenWinning = 0.40
searchFactorWhenWinningThreshold = 0.95
taxRule = NONE
whiteHandicapBonus = N

2024-03-17 12:14:58+0800: GTP Engine starting...
2024-03-17 12:14:58+0800: KataGo v1.13.0
2024-03-17 12:14:58+0800: Using Chinese rules initially, unless GTP/GUI overrides this
2024-03-17 12:14:58+0800: Using 8 CPU thread(s) for search
2024-03-17 12:14:59+0800: nnRandSeed0 = 10198917864357343488
2024-03-17 12:14:59+0800: After dedups: nnModelFile0 = F:\homework\毕业设计\katago-v1.13.0-opencl-windows-x64\model.bin useFP16 auto useNHWC auto
2024-03-17 12:14:59+0800: Initializing neural net buffer to be size 19 * 19 exactly
2024-03-17 12:14:59+0800: Found OpenCL Platform 0: NVIDIA CUDA (NVIDIA Corporation) (OpenCL 3.0 CUDA 12.3.99)
2024-03-17 12:14:59+0800: Found 1 device(s) on platform 0 with type CPU or GPU or Accelerator
2024-03-17 12:14:59+0800: Found OpenCL Device 0: NVIDIA GeForce RTX 2060 (NVIDIA Corporation) (score 11000300)
2024-03-17 12:14:59+0800: Creating context for OpenCL Platform: NVIDIA CUDA (NVIDIA Corporation) (OpenCL 3.0 CUDA 12.3.99)
2024-03-17 12:14:59+0800: Using OpenCL Device 0: NVIDIA GeForce RTX 2060 (NVIDIA Corporation) OpenCL 3.0 CUDA (Extensions: cl_khr_global_int32_base_atomics cl_khr_global_int32_extended_atomics cl_khr_local_int32_base_atomics cl_khr_local_int32_extended_atomics cl_khr_fp64 cl_khr_3d_image_writes cl_khr_byte_addressable_store cl_khr_icd cl_khr_gl_sharing cl_nv_compiler_options cl_nv_device_attribute_query cl_nv_pragma_unroll cl_nv_d3d10_sharing cl_khr_d3d10_sharing cl_nv_d3d11_sharing cl_nv_copy_opts cl_nv_create_buffer cl_khr_int64_base_atomics cl_khr_int64_extended_atomics cl_khr_device_uuid cl_khr_pci_bus_info cl_khr_external_semaphore cl_khr_external_memory cl_khr_external_semaphore_win32 cl_khr_external_memory_win32)
2024-03-17 12:14:59+0800: Loaded tuning parameters from: F:\homework\毕业设计\katago-v1.13.0-opencl-windows-x64/KataGoData/opencltuning/tune11_gpuNVIDIAGeForceRTX2060_x19_y19_c384_mv14.txt
2024-03-17 12:15:00+0800: OpenCL backend thread 0: Device 0 Model version 14
2024-03-17 12:15:00+0800: OpenCL backend thread 0: Device 0 Model name: kata1-b18c384nbt-s7192213760-d3579182099
2024-03-17 12:15:02+0800: OpenCL backend thread 0: Device 0 FP16Storage true FP16Compute false FP16TensorCores true FP16TensorCoresFor1x1 false
2024-03-17 12:15:02+0800: Loaded neural net with nnXLen 19 nnYLen 19
2024-03-17 12:15:02+0800: Initializing board with boardXSize 19 boardYSize 19
2024-03-17 12:15:02+0800: Loaded config F:\homework\毕业设计\katago-v1.13.0-opencl-windows-x64\gtp_custom.cfg
2024-03-17 12:15:02+0800: Loaded model F:\homework\毕业设计\katago-v1.13.0-opencl-windows-x64\model.bin
2024-03-17 12:15:02+0800: Model name: kata1-b18c384nbt-s7192213760-d3579182099
2024-03-17 12:15:02+0800: GTP ready, beginning main protocol loop
2024-03-17 12:15:06+0800: Controller: loadsgf C:/Users/KILLLAKILL/AppData/LocalLow/DefaultCompany/yiwu/RecentGames\sgf_1701255612.sgf 1
2024-03-17 12:15:06+0800: Changing komi to 5.5
2024-03-17 12:15:06+0800: GPU 0 finishing, processed 0 rows 0 batches
2024-03-17 12:15:06+0800: Cleaned up old neural net and bot
2024-03-17 12:15:06+0800: nnRandSeed0 = 7807582175022841371
2024-03-17 12:15:06+0800: After dedups: nnModelFile0 = F:\homework\毕业设计\katago-v1.13.0-opencl-windows-x64\model.bin useFP16 auto useNHWC auto
2024-03-17 12:15:06+0800: Initializing neural net buffer to be size 9 * 9 exactly
2024-03-17 12:15:06+0800: Found OpenCL Platform 0: NVIDIA CUDA (NVIDIA Corporation) (OpenCL 3.0 CUDA 12.3.99)
2024-03-17 12:15:06+0800: Found 1 device(s) on platform 0 with type CPU or GPU or Accelerator
2024-03-17 12:15:06+0800: Found OpenCL Device 0: NVIDIA GeForce RTX 2060 (NVIDIA Corporation) (score 11000300)
2024-03-17 12:15:06+0800: Creating context for OpenCL Platform: NVIDIA CUDA (NVIDIA Corporation) (OpenCL 3.0 CUDA 12.3.99)
2024-03-17 12:15:07+0800: Using OpenCL Device 0: NVIDIA GeForce RTX 2060 (NVIDIA Corporation) OpenCL 3.0 CUDA (Extensions: cl_khr_global_int32_base_atomics cl_khr_global_int32_extended_atomics cl_khr_local_int32_base_atomics cl_khr_local_int32_extended_atomics cl_khr_fp64 cl_khr_3d_image_writes cl_khr_byte_addressable_store cl_khr_icd cl_khr_gl_sharing cl_nv_compiler_options cl_nv_device_attribute_query cl_nv_pragma_unroll cl_nv_d3d10_sharing cl_khr_d3d10_sharing cl_nv_d3d11_sharing cl_nv_copy_opts cl_nv_create_buffer cl_khr_int64_base_atomics cl_khr_int64_extended_atomics cl_khr_device_uuid cl_khr_pci_bus_info cl_khr_external_semaphore cl_khr_external_memory cl_khr_external_semaphore_win32 cl_khr_external_memory_win32)
2024-03-17 12:15:07+0800: Loaded tuning parameters from: F:\homework\毕业设计\katago-v1.13.0-opencl-windows-x64/KataGoData/opencltuning/tune11_gpuNVIDIAGeForceRTX2060_x19_y19_c384_mv14.txt
2024-03-17 12:15:07+0800: OpenCL backend thread 0: Device 0 Model version 14
2024-03-17 12:15:07+0800: OpenCL backend thread 0: Device 0 Model name: kata1-b18c384nbt-s7192213760-d3579182099
2024-03-17 12:15:09+0800: OpenCL backend thread 0: Device 0 FP16Storage true FP16Compute false FP16TensorCores true FP16TensorCoresFor1x1 false
2024-03-17 12:15:09+0800: Loaded neural net with nnXLen 9 nnYLen 9
2024-03-17 12:15:09+0800: Initializing board with boardXSize 9 boardYSize 9
2024-03-17 12:15:09+0800: = 
2024-03-17 12:15:11+0800: Controller: loadsgf C:/Users/KILLLAKILL/AppData/LocalLow/DefaultCompany/yiwu/RecentGames\sgf_1701255612.sgf 6
2024-03-17 12:15:11+0800: = 
2024-03-17 12:15:11+0800: Controller: lz-genmove_analyze maxmoves 6
2024-03-17 12:15:16+0800: MoveNum: 5 HASH: FFE96295C396DA517064CFFB0FD39D37
   A B C D E F G H J
 9 . . . . . . . . .
 8 . . . . . . . . .
 7 . . X . . . . . .
 6 . . . . . . . . .
 5 . . . . O O2. . .
 4 . . . . . . . . .
 3 . . X1. @ . X3. .
 2 . . . . . . . . .
 1 . . . . . . . . .

koSIMPLEscoreAREAtaxNONEsui0whbNfpok1komi5.5
Time taken: 5
Root visits: 3474
New playouts: 3474
NN rows: 2482
NN batches: 622
NN avg batch size: 3.99035
PV: E3 D4 F3 H5 H4 G4 G5 J4 H6 H3 J6 D7 F2 J5 H2 G2 G1 G7 G6 F7 C2 H1 J1 J2 J3
Tree:
: T -49.73c W -46.22c S  -2.37c ( -2.1 L  -1.7) N    3474  --  E3 D4 F3 H5 H4 G4 G5
---White(^)---
E3  : T -47.69c W -44.68c S  -2.22c ( -2.0 L  -1.6) LCB  -52.19c P 34.58% WF 2012.9 PSV    1976 N    3022  --  E3 D4 F3 H5 H4 G4 G5 J4
E7  : T -55.34c W -49.32c S  -3.34c ( -2.4 L  -2.2) LCB  -71.92c P 17.52% WF 161.0 PSV     172 N     251  --  E7 C5 D4 D3 E3 E2 C4 B4
C5  : T -70.82c W -60.39c S  -3.78c ( -2.8 L  -2.1) LCB  -87.32c P 26.16% WF  81.7 PSV     100 N     121  --  C5 D4 C6 E7 F3 F2 E3 E2
F2  : T -55.88c W -55.34c S  -2.48c ( -2.1 L  -1.4) LCB  -76.92c P  2.18% WF  21.7 PSV      21 N      25  --  F2 H5 C5 D4 D5 F3 F7 E8
F3  : T -78.47c W -69.32c S  -3.26c ( -2.4 L  -1.8) LCB  -97.90c P  7.30% WF  17.9 PSV      21 N      22  --  F3 F2 E7 C5 E2 E3
D7  : T -66.59c W -66.25c S  -2.65c ( -2.1 L  -1.3) LCB  -89.71c P  2.34% WF   9.4 PSV      10 N      10  --  D7 D6 E7 C6 C4
G4  : T -77.11c W -73.74c S  -3.58c ( -2.5 L  -2.2) LCB -104.86c P  2.54% WF   6.4 PSV       7 N       7  --  G4 F3 E3
C6  : T -84.47c W -78.09c S  -3.97c ( -2.8 L  -1.7) LCB -116.46c P  2.37% WF   5.1 PSV       5 N       5  --  C6 D6 D5 B6 C5
D3  : T -85.89c W -78.66c S  -4.08c ( -2.8 L  -1.9) LCB -160.69c P  1.81% WF   2.9 PSV       4 N       3  --  D3 D4 F3
C4  : T -78.86c W -75.80c S  -3.35c ( -2.5 L  -1.5) LCB -231.38c P  1.11% WF   2.1 PSV       3 N       2  --  C4 D4

2024-03-17 12:15:16+0800: = play E3
