2024-03-17 11:16:35+0800: Running with following config:
allowResignation = true
friendlyPassOk = true
hasButton = false
koRule = SIMPLE
lagBuffer = 1.0
logAllGTPCommunication = true
logDir = gtp_logs
logSearchInfo = true
logToStderr = false
multiStoneSuicideLegal = false
nnCacheSizePowerOfTwo = 20
nnMutexPoolSizePowerOfTwo = 16
numNNServerThreadsPerModel = 1
numSearchThreads = 8
openclDeviceToUseThread0 = 0
ponderingEnabled = false
resignConsecTurns = 3
resignThreshold = -0.90
scoringRule = AREA
searchFactorAfterOnePass = 0.50
searchFactorAfterTwoPass = 0.25
searchFactorWhenWinning = 0.40
searchFactorWhenWinningThreshold = 0.95
taxRule = NONE
whiteHandicapBonus = N

2024-03-17 11:16:35+0800: GTP Engine starting...
2024-03-17 11:16:35+0800: KataGo v1.13.0
2024-03-17 11:16:35+0800: Using Chinese rules initially, unless GTP/GUI overrides this
2024-03-17 11:16:35+0800: Using 8 CPU thread(s) for search
2024-03-17 11:16:35+0800: nnRandSeed0 = 2681968452341204352
2024-03-17 11:16:35+0800: After dedups: nnModelFile0 = F:\homework\毕业设计\katago-v1.13.0-opencl-windows-x64\model.bin useFP16 auto useNHWC auto
2024-03-17 11:16:35+0800: Initializing neural net buffer to be size 19 * 19 exactly
2024-03-17 11:16:35+0800: Found OpenCL Platform 0: NVIDIA CUDA (NVIDIA Corporation) (OpenCL 3.0 CUDA 12.3.99)
2024-03-17 11:16:35+0800: Found 1 device(s) on platform 0 with type CPU or GPU or Accelerator
2024-03-17 11:16:35+0800: Found OpenCL Device 0: NVIDIA GeForce RTX 2060 (NVIDIA Corporation) (score 11000300)
2024-03-17 11:16:35+0800: Creating context for OpenCL Platform: NVIDIA CUDA (NVIDIA Corporation) (OpenCL 3.0 CUDA 12.3.99)
2024-03-17 11:16:36+0800: Using OpenCL Device 0: NVIDIA GeForce RTX 2060 (NVIDIA Corporation) OpenCL 3.0 CUDA (Extensions: cl_khr_global_int32_base_atomics cl_khr_global_int32_extended_atomics cl_khr_local_int32_base_atomics cl_khr_local_int32_extended_atomics cl_khr_fp64 cl_khr_3d_image_writes cl_khr_byte_addressable_store cl_khr_icd cl_khr_gl_sharing cl_nv_compiler_options cl_nv_device_attribute_query cl_nv_pragma_unroll cl_nv_d3d10_sharing cl_khr_d3d10_sharing cl_nv_d3d11_sharing cl_nv_copy_opts cl_nv_create_buffer cl_khr_int64_base_atomics cl_khr_int64_extended_atomics cl_khr_device_uuid cl_khr_pci_bus_info cl_khr_external_semaphore cl_khr_external_memory cl_khr_external_semaphore_win32 cl_khr_external_memory_win32)
2024-03-17 11:16:36+0800: Loaded tuning parameters from: F:\homework\毕业设计\katago-v1.13.0-opencl-windows-x64/KataGoData/opencltuning/tune11_gpuNVIDIAGeForceRTX2060_x19_y19_c384_mv14.txt
2024-03-17 11:16:36+0800: OpenCL backend thread 0: Device 0 Model version 14
2024-03-17 11:16:36+0800: OpenCL backend thread 0: Device 0 Model name: kata1-b18c384nbt-s7192213760-d3579182099
2024-03-17 11:16:38+0800: OpenCL backend thread 0: Device 0 FP16Storage true FP16Compute false FP16TensorCores true FP16TensorCoresFor1x1 false
2024-03-17 11:16:38+0800: Loaded neural net with nnXLen 19 nnYLen 19
2024-03-17 11:16:38+0800: Initializing board with boardXSize 19 boardYSize 19
2024-03-17 11:16:38+0800: Loaded config F:\homework\毕业设计\katago-v1.13.0-opencl-windows-x64\gtp_custom.cfg
2024-03-17 11:16:38+0800: Loaded model F:\homework\毕业设计\katago-v1.13.0-opencl-windows-x64\model.bin
2024-03-17 11:16:38+0800: Model name: kata1-b18c384nbt-s7192213760-d3579182099
2024-03-17 11:16:38+0800: GTP ready, beginning main protocol loop
2024-03-17 11:16:43+0800: Controller: loadsgf C:/Users/KILLLAKILL/AppData/LocalLow/DefaultCompany/yiwu/RecentGames\sgf_1701255612.sgf 1
2024-03-17 11:16:43+0800: Changing komi to 5.5
2024-03-17 11:16:43+0800: GPU 0 finishing, processed 0 rows 0 batches
2024-03-17 11:16:43+0800: Cleaned up old neural net and bot
2024-03-17 11:16:43+0800: nnRandSeed0 = 11805184839331880268
2024-03-17 11:16:43+0800: After dedups: nnModelFile0 = F:\homework\毕业设计\katago-v1.13.0-opencl-windows-x64\model.bin useFP16 auto useNHWC auto
2024-03-17 11:16:43+0800: Initializing neural net buffer to be size 9 * 9 exactly
2024-03-17 11:16:44+0800: Found OpenCL Platform 0: NVIDIA CUDA (NVIDIA Corporation) (OpenCL 3.0 CUDA 12.3.99)
2024-03-17 11:16:44+0800: Found 1 device(s) on platform 0 with type CPU or GPU or Accelerator
2024-03-17 11:16:44+0800: Found OpenCL Device 0: NVIDIA GeForce RTX 2060 (NVIDIA Corporation) (score 11000300)
2024-03-17 11:16:44+0800: Creating context for OpenCL Platform: NVIDIA CUDA (NVIDIA Corporation) (OpenCL 3.0 CUDA 12.3.99)
2024-03-17 11:16:44+0800: Using OpenCL Device 0: NVIDIA GeForce RTX 2060 (NVIDIA Corporation) OpenCL 3.0 CUDA (Extensions: cl_khr_global_int32_base_atomics cl_khr_global_int32_extended_atomics cl_khr_local_int32_base_atomics cl_khr_local_int32_extended_atomics cl_khr_fp64 cl_khr_3d_image_writes cl_khr_byte_addressable_store cl_khr_icd cl_khr_gl_sharing cl_nv_compiler_options cl_nv_device_attribute_query cl_nv_pragma_unroll cl_nv_d3d10_sharing cl_khr_d3d10_sharing cl_nv_d3d11_sharing cl_nv_copy_opts cl_nv_create_buffer cl_khr_int64_base_atomics cl_khr_int64_extended_atomics cl_khr_device_uuid cl_khr_pci_bus_info cl_khr_external_semaphore cl_khr_external_memory cl_khr_external_semaphore_win32 cl_khr_external_memory_win32)
2024-03-17 11:16:44+0800: Loaded tuning parameters from: F:\homework\毕业设计\katago-v1.13.0-opencl-windows-x64/KataGoData/opencltuning/tune11_gpuNVIDIAGeForceRTX2060_x19_y19_c384_mv14.txt
2024-03-17 11:16:44+0800: OpenCL backend thread 0: Device 0 Model version 14
2024-03-17 11:16:44+0800: OpenCL backend thread 0: Device 0 Model name: kata1-b18c384nbt-s7192213760-d3579182099
2024-03-17 11:16:46+0800: OpenCL backend thread 0: Device 0 FP16Storage true FP16Compute false FP16TensorCores true FP16TensorCoresFor1x1 false
2024-03-17 11:16:46+0800: Loaded neural net with nnXLen 9 nnYLen 9
2024-03-17 11:16:46+0800: Initializing board with boardXSize 9 boardYSize 9
2024-03-17 11:16:46+0800: = 
2024-03-17 11:16:50+0800: Controller: loadsgf C:/Users/KILLLAKILL/AppData/LocalLow/DefaultCompany/yiwu/RecentGames\sgf_1701255612.sgf 6
2024-03-17 11:16:50+0800: = 
2024-03-17 11:16:50+0800: Controller: lz-genmove_analyze maxmoves 6
2024-03-17 11:16:55+0800: MoveNum: 5 HASH: FFE96295C396DA517064CFFB0FD39D37
   A B C D E F G H J
 9 . . . . . . . . .
 8 . . . . . . . . .
 7 . . X . . . . . .
 6 . . . . . . . . .
 5 . . . . O O2. . .
 4 . . . . . . . . .
 3 . . X1. @ . X3. .
 2 . . . . . . . . .
 1 . . . . . . . . .

koSIMPLEscoreAREAtaxNONEsui0whbNfpok1komi5.5
Time taken: 5
Root visits: 3351
New playouts: 3351
NN rows: 2402
NN batches: 602
NN avg batch size: 3.99003
PV: E3 D4 F3 H5 H4 G4 G5 H3 H6 J4 D7 D6 C8 C6 E7 E6 F7 H7 G7 J6 B8 G6 F6 B7 H8
Tree:
: T -48.35c W -45.67c S  -2.29c ( -1.8 L  -1.5) N    3351  --  E3 D4 F3 H5 H4 G4 G5
---White(^)---
E3  : T -46.09c W -43.78c S  -2.24c ( -1.8 L  -1.5) LCB  -51.07c P 38.51% WF 1726.6 PSV    1690 N    2688  --  E3 D4 F3 H5 H4 G4 G5 H3
E7  : T -51.14c W -48.49c S  -1.96c ( -1.6 L  -1.2) LCB  -61.52c P 13.01% WF 302.9 PSV     169 N     456  --  E7 C5 D4 H5 C4 B4 B3 B5
C5  : T -68.83c W -58.98c S  -3.71c ( -2.6 L  -1.9) LCB  -84.79c P 24.63% WF  77.9 PSV      92 N     114  --  C5 D4 C6 E7 F3 F2 E3 E2
F3  : T -70.16c W -63.48c S  -3.17c ( -2.2 L  -1.6) LCB  -92.55c P  9.67% WF  24.9 PSV      29 N      31  --  F3 F2 C5 E7 E2 E3 D3
F2  : T -55.03c W -53.79c S  -2.65c ( -2.1 L  -1.3) LCB  -73.46c P  3.29% WF  32.8 PSV      27 N      39  --  F2 H5 C5 D4 D5 F3 F7 E8
D7  : T -68.13c W -66.47c S  -2.94c ( -2.1 L  -1.3) LCB  -94.69c P  2.04% WF   6.8 PSV       7 N       7  --  D7 C6 G4 F3
G4  : T -77.58c W -73.93c S  -3.70c ( -2.4 L  -2.1) LCB -121.15c P  2.14% WF   4.9 PSV       5 N       5  --  G4 F3 E3
D3  : T -93.92c W -82.10c S  -6.10c ( -3.6 L  -2.9) LCB -173.23c P  2.46% WF   3.0 PSV       4 N       3  --  D3 D4 E3
C6  : T -88.11c W -79.66c S  -4.51c ( -2.8 L  -1.9) LCB -170.43c P  1.73% WF   3.3 PSV       3 N       3  --  C6 D6 D5
F7  : T -84.50c W -80.20c S  -4.31c ( -2.6 L  -1.6) LCB -434.50c P  0.79% WF   1.2 PSV       1 N       1  --  F7

2024-03-17 11:16:55+0800: = play E3
