2024-03-16 23:25:51+0800: Running with following config:
allowResignation = true
friendlyPassOk = true
hasButton = false
koRule = SIMPLE
lagBuffer = 1.0
logAllGTPCommunication = true
logDir = gtp_logs
logSearchInfo = true
logToStderr = false
multiStoneSuicideLegal = false
nnCacheSizePowerOfTwo = 20
nnMutexPoolSizePowerOfTwo = 16
numNNServerThreadsPerModel = 1
numSearchThreads = 8
openclDeviceToUseThread0 = 0
ponderingEnabled = false
resignConsecTurns = 3
resignThreshold = -0.90
scoringRule = AREA
searchFactorAfterOnePass = 0.50
searchFactorAfterTwoPass = 0.25
searchFactorWhenWinning = 0.40
searchFactorWhenWinningThreshold = 0.95
taxRule = NONE
whiteHandicapBonus = N

2024-03-16 23:25:51+0800: GTP Engine starting...
2024-03-16 23:25:51+0800: KataGo v1.13.0
2024-03-16 23:25:51+0800: Using Chinese rules initially, unless GTP/GUI overrides this
2024-03-16 23:25:51+0800: Using 8 CPU thread(s) for search
2024-03-16 23:25:51+0800: nnRandSeed0 = 1711978773632477820
2024-03-16 23:25:51+0800: After dedups: nnModelFile0 = F:\homework\毕业设计\katago-v1.13.0-opencl-windows-x64\model.bin useFP16 auto useNHWC auto
2024-03-16 23:25:51+0800: Initializing neural net buffer to be size 19 * 19 exactly
2024-03-16 23:25:52+0800: Found OpenCL Platform 0: NVIDIA CUDA (NVIDIA Corporation) (OpenCL 3.0 CUDA 12.3.99)
2024-03-16 23:25:52+0800: Found 1 device(s) on platform 0 with type CPU or GPU or Accelerator
2024-03-16 23:25:52+0800: Found OpenCL Device 0: NVIDIA GeForce RTX 2060 (NVIDIA Corporation) (score 11000300)
2024-03-16 23:25:52+0800: Creating context for OpenCL Platform: NVIDIA CUDA (NVIDIA Corporation) (OpenCL 3.0 CUDA 12.3.99)
2024-03-16 23:25:52+0800: Using OpenCL Device 0: NVIDIA GeForce RTX 2060 (NVIDIA Corporation) OpenCL 3.0 CUDA (Extensions: cl_khr_global_int32_base_atomics cl_khr_global_int32_extended_atomics cl_khr_local_int32_base_atomics cl_khr_local_int32_extended_atomics cl_khr_fp64 cl_khr_3d_image_writes cl_khr_byte_addressable_store cl_khr_icd cl_khr_gl_sharing cl_nv_compiler_options cl_nv_device_attribute_query cl_nv_pragma_unroll cl_nv_d3d10_sharing cl_khr_d3d10_sharing cl_nv_d3d11_sharing cl_nv_copy_opts cl_nv_create_buffer cl_khr_int64_base_atomics cl_khr_int64_extended_atomics cl_khr_device_uuid cl_khr_pci_bus_info cl_khr_external_semaphore cl_khr_external_memory cl_khr_external_semaphore_win32 cl_khr_external_memory_win32)
2024-03-16 23:25:52+0800: Loaded tuning parameters from: F:\homework\毕业设计\katago-v1.13.0-opencl-windows-x64/KataGoData/opencltuning/tune11_gpuNVIDIAGeForceRTX2060_x19_y19_c384_mv14.txt
2024-03-16 23:25:52+0800: OpenCL backend thread 0: Device 0 Model version 14
2024-03-16 23:25:52+0800: OpenCL backend thread 0: Device 0 Model name: kata1-b18c384nbt-s7192213760-d3579182099
2024-03-16 23:25:55+0800: OpenCL backend thread 0: Device 0 FP16Storage true FP16Compute false FP16TensorCores true FP16TensorCoresFor1x1 false
2024-03-16 23:25:55+0800: Loaded neural net with nnXLen 19 nnYLen 19
2024-03-16 23:25:55+0800: Initializing board with boardXSize 19 boardYSize 19
2024-03-16 23:25:55+0800: Loaded config F:\homework\毕业设计\katago-v1.13.0-opencl-windows-x64\gtp_custom.cfg
2024-03-16 23:25:55+0800: Loaded model F:\homework\毕业设计\katago-v1.13.0-opencl-windows-x64\model.bin
2024-03-16 23:25:55+0800: Model name: kata1-b18c384nbt-s7192213760-d3579182099
2024-03-16 23:25:55+0800: GTP ready, beginning main protocol loop
2024-03-16 23:26:02+0800: Controller: loadsgf C:/Users/KILLLAKILL/AppData/LocalLow/DefaultCompany/yiwu/RecentGames\sgf_1659790193.sgf 1
2024-03-16 23:26:02+0800: Changing komi to 5.5
2024-03-16 23:26:03+0800: GPU 0 finishing, processed 0 rows 0 batches
2024-03-16 23:26:03+0800: Cleaned up old neural net and bot
2024-03-16 23:26:03+0800: nnRandSeed0 = 9569439210606907485
2024-03-16 23:26:03+0800: After dedups: nnModelFile0 = F:\homework\毕业设计\katago-v1.13.0-opencl-windows-x64\model.bin useFP16 auto useNHWC auto
2024-03-16 23:26:03+0800: Initializing neural net buffer to be size 9 * 9 exactly
2024-03-16 23:26:03+0800: Found OpenCL Platform 0: NVIDIA CUDA (NVIDIA Corporation) (OpenCL 3.0 CUDA 12.3.99)
2024-03-16 23:26:03+0800: Found 1 device(s) on platform 0 with type CPU or GPU or Accelerator
2024-03-16 23:26:03+0800: Found OpenCL Device 0: NVIDIA GeForce RTX 2060 (NVIDIA Corporation) (score 11000300)
2024-03-16 23:26:03+0800: Creating context for OpenCL Platform: NVIDIA CUDA (NVIDIA Corporation) (OpenCL 3.0 CUDA 12.3.99)
2024-03-16 23:26:03+0800: Using OpenCL Device 0: NVIDIA GeForce RTX 2060 (NVIDIA Corporation) OpenCL 3.0 CUDA (Extensions: cl_khr_global_int32_base_atomics cl_khr_global_int32_extended_atomics cl_khr_local_int32_base_atomics cl_khr_local_int32_extended_atomics cl_khr_fp64 cl_khr_3d_image_writes cl_khr_byte_addressable_store cl_khr_icd cl_khr_gl_sharing cl_nv_compiler_options cl_nv_device_attribute_query cl_nv_pragma_unroll cl_nv_d3d10_sharing cl_khr_d3d10_sharing cl_nv_d3d11_sharing cl_nv_copy_opts cl_nv_create_buffer cl_khr_int64_base_atomics cl_khr_int64_extended_atomics cl_khr_device_uuid cl_khr_pci_bus_info cl_khr_external_semaphore cl_khr_external_memory cl_khr_external_semaphore_win32 cl_khr_external_memory_win32)
2024-03-16 23:26:03+0800: Loaded tuning parameters from: F:\homework\毕业设计\katago-v1.13.0-opencl-windows-x64/KataGoData/opencltuning/tune11_gpuNVIDIAGeForceRTX2060_x19_y19_c384_mv14.txt
2024-03-16 23:26:04+0800: OpenCL backend thread 0: Device 0 Model version 14
2024-03-16 23:26:04+0800: OpenCL backend thread 0: Device 0 Model name: kata1-b18c384nbt-s7192213760-d3579182099
2024-03-16 23:26:06+0800: OpenCL backend thread 0: Device 0 FP16Storage true FP16Compute false FP16TensorCores true FP16TensorCoresFor1x1 false
2024-03-16 23:26:06+0800: Loaded neural net with nnXLen 9 nnYLen 9
2024-03-16 23:26:06+0800: Initializing board with boardXSize 9 boardYSize 9
2024-03-16 23:26:06+0800: = 
2024-03-16 23:26:16+0800: Controller: loadsgf C:/Users/KILLLAKILL/AppData/LocalLow/DefaultCompany/yiwu/RecentGames\sgf_1659790193.sgf 6
2024-03-16 23:26:16+0800: = 
2024-03-16 23:26:16+0800: Controller: lz-genmove_analyze maxmoves 6
2024-03-16 23:26:21+0800: MoveNum: 5 HASH: 611BD4CBA6629026667128E5EC901D9B
   A B C D E F G H J
 9 . . . . . . . . .
 8 . . . . . . . . .
 7 . . . X1. . . . .
 6 . . . . . . . . .
 5 . . . O X . . . .
 4 . . . . @ . . . .
 3 . . . . . . X3. .
 2 . . . . . . . . .
 1 . . . . . O2. . .

koSIMPLEscoreAREAtaxNONEsui0whbNfpok1komi5.5
Time taken: 5.016
Root visits: 2521
New playouts: 2521
NN rows: 2269
NN batches: 568
NN avg batch size: 3.99472
PV: E4 F5 D6 E7 C7 D4 C4 D3 C3 E3 H3 C8 G4 F4 G2 B7 C2 G5 F3 H4
Tree:
: T -104.07c W -98.02c S  -6.38c ( -7.4 L  -7.0) N    2521  --  E4 F5 D6 E7 C7 D4 C4
---White(^)---
E4  : T -103.45c W -97.92c S  -5.94c ( -7.1 L  -6.8) LCB -104.30c P 28.20% WF 5038.1 PSV    5006 N    2297  --  E4 F5 D6 E7 C7 D4 C4 D3
D4  : T -108.62c W -98.68c S  -9.57c ( -9.1 L  -8.6) LCB -110.55c P 42.56% WF 375.3 PSV     395 N     115  --  D4 D6 G6 E4 D3 H5 G5 E3
F4  : T -106.83c W -98.73c S  -7.95c ( -8.1 L  -7.5) LCB -108.52c P 15.95% WF 214.2 PSV     220 N      68  --  F4 E4 F3 E3 E2 F5 G4 G5
D3  : T -106.20c W -98.70c S  -7.35c ( -7.8 L  -7.3) LCB -109.09c P  4.33% WF  72.5 PSV      72 N      22  --  D3 D4 E4 C4 F4 F5 G4
D6  : T -111.01c W -99.00c S -11.22c ( -9.6 L  -8.9) LCB -156.21c P  1.57% WF  15.4 PSV      10 N       4  --  D6 E6 C7
G5  : T -111.16c W -98.53c S -12.63c (-10.1 L  -9.0) LCB -461.16c P  0.71% WF   4.9 PSV       4 N       1  --  G5
F3  : T -109.58c W -98.59c S -10.99c ( -9.3 L  -8.2) LCB -459.58c P  0.53% WF   4.6 PSV       4 N       1  --  F3
G6  : T -112.16c W -98.71c S -13.45c (-10.8 L  -9.5) LCB -462.16c P  0.47% WF   5.1 PSV       2 N       1  --  G6
C3  : T -112.01c W -98.93c S -13.07c (-10.3 L  -9.2) LCB -462.01c P  0.45% WF   5.2 PSV       2 N       1  --  C3
C4  : T -110.22c W -98.59c S -11.63c ( -9.7 L  -8.5) LCB -460.22c P  0.40% WF   4.9 PSV       2 N       1  --  C4

2024-03-16 23:26:21+0800: = play E4
