2024-03-17 13:24:44+0800: Running with following config:
allowResignation = true
friendlyPassOk = true
hasButton = false
koRule = SIMPLE
lagBuffer = 1.0
logAllGTPCommunication = true
logDir = gtp_logs
logSearchInfo = true
logToStderr = false
multiStoneSuicideLegal = false
nnCacheSizePowerOfTwo = 20
nnMutexPoolSizePowerOfTwo = 16
numNNServerThreadsPerModel = 1
numSearchThreads = 8
openclDeviceToUseThread0 = 0
ponderingEnabled = false
resignConsecTurns = 3
resignThreshold = -0.90
scoringRule = AREA
searchFactorAfterOnePass = 0.50
searchFactorAfterTwoPass = 0.25
searchFactorWhenWinning = 0.40
searchFactorWhenWinningThreshold = 0.95
taxRule = NONE
whiteHandicapBonus = N

2024-03-17 13:24:44+0800: GTP Engine starting...
2024-03-17 13:24:44+0800: KataGo v1.13.0
2024-03-17 13:24:44+0800: Using Chinese rules initially, unless GTP/GUI overrides this
2024-03-17 13:24:44+0800: Using 8 CPU thread(s) for search
2024-03-17 13:24:44+0800: nnRandSeed0 = 5162850214517382556
2024-03-17 13:24:44+0800: After dedups: nnModelFile0 = F:\homework\毕业设计\katago-v1.13.0-opencl-windows-x64\model.bin useFP16 auto useNHWC auto
2024-03-17 13:24:44+0800: Initializing neural net buffer to be size 19 * 19 exactly
2024-03-17 13:24:45+0800: Found OpenCL Platform 0: NVIDIA CUDA (NVIDIA Corporation) (OpenCL 3.0 CUDA 12.3.99)
2024-03-17 13:24:45+0800: Found 1 device(s) on platform 0 with type CPU or GPU or Accelerator
2024-03-17 13:24:45+0800: Found OpenCL Device 0: NVIDIA GeForce RTX 2060 (NVIDIA Corporation) (score 11000300)
2024-03-17 13:24:45+0800: Creating context for OpenCL Platform: NVIDIA CUDA (NVIDIA Corporation) (OpenCL 3.0 CUDA 12.3.99)
2024-03-17 13:24:45+0800: Using OpenCL Device 0: NVIDIA GeForce RTX 2060 (NVIDIA Corporation) OpenCL 3.0 CUDA (Extensions: cl_khr_global_int32_base_atomics cl_khr_global_int32_extended_atomics cl_khr_local_int32_base_atomics cl_khr_local_int32_extended_atomics cl_khr_fp64 cl_khr_3d_image_writes cl_khr_byte_addressable_store cl_khr_icd cl_khr_gl_sharing cl_nv_compiler_options cl_nv_device_attribute_query cl_nv_pragma_unroll cl_nv_d3d10_sharing cl_khr_d3d10_sharing cl_nv_d3d11_sharing cl_nv_copy_opts cl_nv_create_buffer cl_khr_int64_base_atomics cl_khr_int64_extended_atomics cl_khr_device_uuid cl_khr_pci_bus_info cl_khr_external_semaphore cl_khr_external_memory cl_khr_external_semaphore_win32 cl_khr_external_memory_win32)
2024-03-17 13:24:45+0800: Loaded tuning parameters from: F:\homework\毕业设计\katago-v1.13.0-opencl-windows-x64/KataGoData/opencltuning/tune11_gpuNVIDIAGeForceRTX2060_x19_y19_c384_mv14.txt
2024-03-17 13:24:45+0800: OpenCL backend thread 0: Device 0 Model version 14
2024-03-17 13:24:45+0800: OpenCL backend thread 0: Device 0 Model name: kata1-b18c384nbt-s7192213760-d3579182099
2024-03-17 13:24:48+0800: OpenCL backend thread 0: Device 0 FP16Storage true FP16Compute false FP16TensorCores true FP16TensorCoresFor1x1 false
2024-03-17 13:24:48+0800: Loaded neural net with nnXLen 19 nnYLen 19
2024-03-17 13:24:48+0800: Initializing board with boardXSize 19 boardYSize 19
2024-03-17 13:24:48+0800: Loaded config F:\homework\毕业设计\katago-v1.13.0-opencl-windows-x64\gtp_custom.cfg
2024-03-17 13:24:48+0800: Loaded model F:\homework\毕业设计\katago-v1.13.0-opencl-windows-x64\model.bin
2024-03-17 13:24:48+0800: Model name: kata1-b18c384nbt-s7192213760-d3579182099
2024-03-17 13:24:48+0800: GTP ready, beginning main protocol loop
2024-03-17 13:24:52+0800: Controller: loadsgf C:/Users/KILLLAKILL/AppData/LocalLow/DefaultCompany/yiwu/RecentGames\sgf_1659790193.sgf 1
2024-03-17 13:24:52+0800: Changing komi to 5.5
2024-03-17 13:24:52+0800: GPU 0 finishing, processed 0 rows 0 batches
2024-03-17 13:24:52+0800: Cleaned up old neural net and bot
2024-03-17 13:24:52+0800: nnRandSeed0 = 1016320737355419411
2024-03-17 13:24:52+0800: After dedups: nnModelFile0 = F:\homework\毕业设计\katago-v1.13.0-opencl-windows-x64\model.bin useFP16 auto useNHWC auto
2024-03-17 13:24:52+0800: Initializing neural net buffer to be size 9 * 9 exactly
2024-03-17 13:24:53+0800: Found OpenCL Platform 0: NVIDIA CUDA (NVIDIA Corporation) (OpenCL 3.0 CUDA 12.3.99)
2024-03-17 13:24:53+0800: Found 1 device(s) on platform 0 with type CPU or GPU or Accelerator
2024-03-17 13:24:53+0800: Found OpenCL Device 0: NVIDIA GeForce RTX 2060 (NVIDIA Corporation) (score 11000300)
2024-03-17 13:24:53+0800: Creating context for OpenCL Platform: NVIDIA CUDA (NVIDIA Corporation) (OpenCL 3.0 CUDA 12.3.99)
2024-03-17 13:24:53+0800: Using OpenCL Device 0: NVIDIA GeForce RTX 2060 (NVIDIA Corporation) OpenCL 3.0 CUDA (Extensions: cl_khr_global_int32_base_atomics cl_khr_global_int32_extended_atomics cl_khr_local_int32_base_atomics cl_khr_local_int32_extended_atomics cl_khr_fp64 cl_khr_3d_image_writes cl_khr_byte_addressable_store cl_khr_icd cl_khr_gl_sharing cl_nv_compiler_options cl_nv_device_attribute_query cl_nv_pragma_unroll cl_nv_d3d10_sharing cl_khr_d3d10_sharing cl_nv_d3d11_sharing cl_nv_copy_opts cl_nv_create_buffer cl_khr_int64_base_atomics cl_khr_int64_extended_atomics cl_khr_device_uuid cl_khr_pci_bus_info cl_khr_external_semaphore cl_khr_external_memory cl_khr_external_semaphore_win32 cl_khr_external_memory_win32)
2024-03-17 13:24:53+0800: Loaded tuning parameters from: F:\homework\毕业设计\katago-v1.13.0-opencl-windows-x64/KataGoData/opencltuning/tune11_gpuNVIDIAGeForceRTX2060_x19_y19_c384_mv14.txt
2024-03-17 13:24:53+0800: OpenCL backend thread 0: Device 0 Model version 14
2024-03-17 13:24:53+0800: OpenCL backend thread 0: Device 0 Model name: kata1-b18c384nbt-s7192213760-d3579182099
2024-03-17 13:24:56+0800: OpenCL backend thread 0: Device 0 FP16Storage true FP16Compute false FP16TensorCores true FP16TensorCoresFor1x1 false
2024-03-17 13:24:56+0800: Loaded neural net with nnXLen 9 nnYLen 9
2024-03-17 13:24:56+0800: Initializing board with boardXSize 9 boardYSize 9
2024-03-17 13:24:56+0800: = 
2024-03-17 13:24:57+0800: Controller: loadsgf C:/Users/KILLLAKILL/AppData/LocalLow/DefaultCompany/yiwu/RecentGames\sgf_1659790193.sgf 6
2024-03-17 13:24:57+0800: = 
2024-03-17 13:24:57+0800: Controller: lz-genmove_analyze maxmoves 6
2024-03-17 13:25:02+0800: MoveNum: 5 HASH: 611BD4CBA6629026667128E5EC901D9B
   A B C D E F G H J
 9 . . . . . . . . .
 8 . . . . . . . . .
 7 . . . X1. . . . .
 6 . . . . . . . . .
 5 . . . O X . . . .
 4 . . . . @ . . . .
 3 . . . . . . X3. .
 2 . . . . . . . . .
 1 . . . . . O2. . .

koSIMPLEscoreAREAtaxNONEsui0whbNfpok1komi5.5
Time taken: 5
Root visits: 2732
New playouts: 2732
NN rows: 2465
NN batches: 617
NN avg batch size: 3.99514
PV: E4 F5 D6 E7 C7 D4 C4 D3 C3 E3 H3 C8 G4 F4 G2 B7 C2 G5 F3 H4 C6
Tree:
: T -104.05c W -98.14c S  -6.10c ( -7.5 L  -7.1) N    2732  --  E4 F5 D6 E7 C7 D4 C4
---White(^)---
E4  : T -103.44c W -98.04c S  -5.64c ( -7.3 L  -6.9) LCB -104.20c P 22.88% WF 5466.6 PSV    5428 N    2435  --  E4 F5 D6 E7 C7 D4 C4 D3
D4  : T -108.17c W -98.62c S  -9.19c ( -9.3 L  -8.7) LCB -109.78c P 51.20% WF 523.8 PSV     540 N     162  --  D4 D6 G6 E4 D3 H5 G5 E3
F4  : T -105.82c W -98.70c S  -6.91c ( -7.9 L  -7.3) LCB -107.42c P 13.61% WF 272.8 PSV     274 N      90  --  F4 E4 F3 G6 G4 D4 C7 C6
D3  : T -105.26c W -98.69c S  -6.47c ( -7.7 L  -7.2) LCB -107.91c P  2.87% WF  82.6 PSV      73 N      25  --  D3 E4 D4 D6 G7
D6  : T -108.73c W -99.07c S  -8.99c ( -8.8 L  -8.2) LCB -186.25c P  1.26% WF  10.8 PSV      11 N       3  --  D6 E6 C7
G5  : T -111.15c W -98.68c S -12.47c (-10.4 L  -9.2) LCB -461.15c P  0.69% WF   4.8 PSV       4 N       1  --  G5
F3  : T -108.78c W -98.40c S -10.38c ( -9.2 L  -8.2) LCB -458.78c P  0.51% WF   4.6 PSV       4 N       1  --  F3
C4  : T -109.63c W -98.59c S -11.04c ( -9.7 L  -8.5) LCB -459.63c P  0.50% WF   4.9 PSV       4 N       1  --  C4
G6  : T -111.60c W -98.72c S -12.88c (-10.7 L  -9.5) LCB -461.60c P  0.57% WF   5.0 PSV       3 N       1  --  G6
C3  : T -111.33c W -98.90c S -12.43c (-10.3 L  -9.1) LCB -461.33c P  0.55% WF   5.2 PSV       3 N       1  --  C3

2024-03-17 13:25:02+0800: = play E4
