2024-03-18 16:43:28+0800: Running with following config:
allowResignation = true
friendlyPassOk = true
hasButton = false
koRule = SIMPLE
lagBuffer = 1.0
logAllGTPCommunication = true
logDir = gtp_logs
logSearchInfo = true
logToStderr = false
multiStoneSuicideLegal = false
nnCacheSizePowerOfTwo = 20
nnMutexPoolSizePowerOfTwo = 16
numNNServerThreadsPerModel = 1
numSearchThreads = 8
openclDeviceToUseThread0 = 0
ponderingEnabled = false
resignConsecTurns = 3
resignThreshold = -0.90
scoringRule = AREA
searchFactorAfterOnePass = 0.50
searchFactorAfterTwoPass = 0.25
searchFactorWhenWinning = 0.40
searchFactorWhenWinningThreshold = 0.95
taxRule = NONE
whiteHandicapBonus = N

2024-03-18 16:43:28+0800: GTP Engine starting...
2024-03-18 16:43:28+0800: KataGo v1.13.0
2024-03-18 16:43:28+0800: Using Chinese rules initially, unless GTP/GUI overrides this
2024-03-18 16:43:28+0800: Using 8 CPU thread(s) for search
2024-03-18 16:43:28+0800: nnRandSeed0 = 17509618793777284497
2024-03-18 16:43:28+0800: After dedups: nnModelFile0 = F:\homework\毕业设计\katago-v1.13.0-opencl-windows-x64\model.bin useFP16 auto useNHWC auto
2024-03-18 16:43:28+0800: Initializing neural net buffer to be size 19 * 19 exactly
2024-03-18 16:43:29+0800: Found OpenCL Platform 0: NVIDIA CUDA (NVIDIA Corporation) (OpenCL 3.0 CUDA 12.3.99)
2024-03-18 16:43:29+0800: Found 1 device(s) on platform 0 with type CPU or GPU or Accelerator
2024-03-18 16:43:29+0800: Found OpenCL Device 0: NVIDIA GeForce RTX 2060 (NVIDIA Corporation) (score 11000300)
2024-03-18 16:43:29+0800: Creating context for OpenCL Platform: NVIDIA CUDA (NVIDIA Corporation) (OpenCL 3.0 CUDA 12.3.99)
2024-03-18 16:43:29+0800: Using OpenCL Device 0: NVIDIA GeForce RTX 2060 (NVIDIA Corporation) OpenCL 3.0 CUDA (Extensions: cl_khr_global_int32_base_atomics cl_khr_global_int32_extended_atomics cl_khr_local_int32_base_atomics cl_khr_local_int32_extended_atomics cl_khr_fp64 cl_khr_3d_image_writes cl_khr_byte_addressable_store cl_khr_icd cl_khr_gl_sharing cl_nv_compiler_options cl_nv_device_attribute_query cl_nv_pragma_unroll cl_nv_d3d10_sharing cl_khr_d3d10_sharing cl_nv_d3d11_sharing cl_nv_copy_opts cl_nv_create_buffer cl_khr_int64_base_atomics cl_khr_int64_extended_atomics cl_khr_device_uuid cl_khr_pci_bus_info cl_khr_external_semaphore cl_khr_external_memory cl_khr_external_semaphore_win32 cl_khr_external_memory_win32)
2024-03-18 16:43:29+0800: Loaded tuning parameters from: F:\homework\毕业设计\katago-v1.13.0-opencl-windows-x64/KataGoData/opencltuning/tune11_gpuNVIDIAGeForceRTX2060_x19_y19_c384_mv14.txt
2024-03-18 16:43:29+0800: OpenCL backend thread 0: Device 0 Model version 14
2024-03-18 16:43:29+0800: OpenCL backend thread 0: Device 0 Model name: kata1-b18c384nbt-s7192213760-d3579182099
2024-03-18 16:43:31+0800: OpenCL backend thread 0: Device 0 FP16Storage true FP16Compute false FP16TensorCores true FP16TensorCoresFor1x1 false
2024-03-18 16:43:31+0800: Loaded neural net with nnXLen 19 nnYLen 19
2024-03-18 16:43:31+0800: Initializing board with boardXSize 19 boardYSize 19
2024-03-18 16:43:31+0800: Loaded config F:\homework\毕业设计\katago-v1.13.0-opencl-windows-x64\gtp_custom.cfg
2024-03-18 16:43:31+0800: Loaded model F:\homework\毕业设计\katago-v1.13.0-opencl-windows-x64\model.bin
2024-03-18 16:43:31+0800: Model name: kata1-b18c384nbt-s7192213760-d3579182099
2024-03-18 16:43:31+0800: GTP ready, beginning main protocol loop
2024-03-18 16:43:58+0800: Controller: loadsgf C:/Users/KILLLAKILL/AppData/LocalLow/DefaultCompany/yiwu/RecentGames\sgf_1701255612.sgf 1
2024-03-18 16:43:58+0800: Changing komi to 5.5
2024-03-18 16:43:58+0800: GPU 0 finishing, processed 0 rows 0 batches
2024-03-18 16:43:58+0800: Cleaned up old neural net and bot
2024-03-18 16:43:58+0800: nnRandSeed0 = 7268788593059333291
2024-03-18 16:43:58+0800: After dedups: nnModelFile0 = F:\homework\毕业设计\katago-v1.13.0-opencl-windows-x64\model.bin useFP16 auto useNHWC auto
2024-03-18 16:43:58+0800: Initializing neural net buffer to be size 9 * 9 exactly
2024-03-18 16:43:59+0800: Found OpenCL Platform 0: NVIDIA CUDA (NVIDIA Corporation) (OpenCL 3.0 CUDA 12.3.99)
2024-03-18 16:43:59+0800: Found 1 device(s) on platform 0 with type CPU or GPU or Accelerator
2024-03-18 16:43:59+0800: Found OpenCL Device 0: NVIDIA GeForce RTX 2060 (NVIDIA Corporation) (score 11000300)
2024-03-18 16:43:59+0800: Creating context for OpenCL Platform: NVIDIA CUDA (NVIDIA Corporation) (OpenCL 3.0 CUDA 12.3.99)
2024-03-18 16:43:59+0800: Using OpenCL Device 0: NVIDIA GeForce RTX 2060 (NVIDIA Corporation) OpenCL 3.0 CUDA (Extensions: cl_khr_global_int32_base_atomics cl_khr_global_int32_extended_atomics cl_khr_local_int32_base_atomics cl_khr_local_int32_extended_atomics cl_khr_fp64 cl_khr_3d_image_writes cl_khr_byte_addressable_store cl_khr_icd cl_khr_gl_sharing cl_nv_compiler_options cl_nv_device_attribute_query cl_nv_pragma_unroll cl_nv_d3d10_sharing cl_khr_d3d10_sharing cl_nv_d3d11_sharing cl_nv_copy_opts cl_nv_create_buffer cl_khr_int64_base_atomics cl_khr_int64_extended_atomics cl_khr_device_uuid cl_khr_pci_bus_info cl_khr_external_semaphore cl_khr_external_memory cl_khr_external_semaphore_win32 cl_khr_external_memory_win32)
2024-03-18 16:43:59+0800: Loaded tuning parameters from: F:\homework\毕业设计\katago-v1.13.0-opencl-windows-x64/KataGoData/opencltuning/tune11_gpuNVIDIAGeForceRTX2060_x19_y19_c384_mv14.txt
2024-03-18 16:43:59+0800: OpenCL backend thread 0: Device 0 Model version 14
2024-03-18 16:43:59+0800: OpenCL backend thread 0: Device 0 Model name: kata1-b18c384nbt-s7192213760-d3579182099
2024-03-18 16:44:01+0800: OpenCL backend thread 0: Device 0 FP16Storage true FP16Compute false FP16TensorCores true FP16TensorCoresFor1x1 false
2024-03-18 16:44:01+0800: Loaded neural net with nnXLen 9 nnYLen 9
2024-03-18 16:44:01+0800: Initializing board with boardXSize 9 boardYSize 9
2024-03-18 16:44:01+0800: = 
2024-03-18 16:44:46+0800: Controller: loadsgf C:/Users/KILLLAKILL/AppData/LocalLow/DefaultCompany/yiwu/RecentGames\sgf_1701255612.sgf 6
2024-03-18 16:44:46+0800: = 
2024-03-18 16:44:46+0800: Controller: lz-genmove_analyze maxmoves 6
2024-03-18 16:44:51+0800: MoveNum: 5 HASH: FFE96295C396DA517064CFFB0FD39D37
   A B C D E F G H J
 9 . . . . . . . . .
 8 . . . . . . . . .
 7 . . X . . . . . .
 6 . . . . . . . . .
 5 . . . . O O2. . .
 4 . . . . . . . . .
 3 . . X1. @ . X3. .
 2 . . . . . . . . .
 1 . . . . . . . . .

koSIMPLEscoreAREAtaxNONEsui0whbNfpok1komi5.5
Time taken: 5
Root visits: 3081
New playouts: 3081
NN rows: 2409
NN batches: 603
NN avg batch size: 3.99502
PV: E3 D4 F3 H5 H4 G4 G5 J4 D7 D6 H6 H3 C8 C6 E7 E6 F6 G7 H7 B8 D8 F7 B9 F8 B7
Tree:
: T -47.48c W -44.48c S  -2.35c ( -1.9 L  -1.5) N    3081  --  E3 D4 F3 H5 H4 G4 G5
---White(^)---
E3  : T -45.66c W -42.84c S  -2.34c ( -1.9 L  -1.5) LCB  -50.30c P 38.51% WF 1608.3 PSV    1583 N    2456  --  E3 D4 F3 H5 H4 G4 G5 J4
E7  : T -47.63c W -46.02c S  -1.82c ( -1.5 L  -1.1) LCB  -57.92c P 13.01% WF 273.8 PSV     271 N     417  --  E7 C5 D4 H5 C4 B4 H6 G6
C5  : T -61.65c W -53.15c S  -3.26c ( -2.3 L  -1.7) LCB  -77.41c P 24.63% WF  99.0 PSV     114 N     140  --  C5 D4 C6 E7 F3 F2 E3 E2
F2  : T -56.05c W -53.64c S  -2.67c ( -2.1 L  -1.4) LCB  -80.28c P  3.29% WF  21.4 PSV      22 N      25  --  F2 H5 C5 D4 D5 F3 F7 E8
F3  : T -79.17c W -71.65c S  -3.80c ( -2.5 L  -1.9) LCB -100.02c P  9.67% WF  19.1 PSV      22 N      23  --  F3 F2 E7 C5 G4 E3
G4  : T -72.28c W -69.44c S  -3.19c ( -2.2 L  -1.8) LCB -116.37c P  2.14% WF   4.8 PSV       6 N       5  --  G4 F3 D4
D7  : T -80.12c W -74.35c S  -3.56c ( -2.4 L  -1.4) LCB -129.21c P  2.04% WF   4.0 PSV       4 N       4  --  D7 C6 G4
D3  : T -92.16c W -80.59c S  -5.73c ( -3.5 L  -2.6) LCB -170.98c P  2.46% WF   3.0 PSV       4 N       3  --  D3 D4 E3
C6  : T -87.93c W -79.53c S  -4.54c ( -2.9 L  -1.8) LCB -173.59c P  1.73% WF   3.5 PSV       3 N       3  --  C6 D6 D5
F7  : T -83.22c W -79.13c S  -4.09c ( -2.5 L  -1.5) LCB -433.22c P  0.79% WF   1.1 PSV       1 N       1  --  F7

2024-03-18 16:44:51+0800: = play E3
