2024-03-17 11:02:09+0800: Running with following config:
allowResignation = true
friendlyPassOk = true
hasButton = false
koRule = SIMPLE
lagBuffer = 1.0
logAllGTPCommunication = true
logDir = gtp_logs
logSearchInfo = true
logToStderr = false
multiStoneSuicideLegal = false
nnCacheSizePowerOfTwo = 20
nnMutexPoolSizePowerOfTwo = 16
numNNServerThreadsPerModel = 1
numSearchThreads = 8
openclDeviceToUseThread0 = 0
ponderingEnabled = false
resignConsecTurns = 3
resignThreshold = -0.90
scoringRule = AREA
searchFactorAfterOnePass = 0.50
searchFactorAfterTwoPass = 0.25
searchFactorWhenWinning = 0.40
searchFactorWhenWinningThreshold = 0.95
taxRule = NONE
whiteHandicapBonus = N

2024-03-17 11:02:09+0800: GTP Engine starting...
2024-03-17 11:02:09+0800: KataGo v1.13.0
2024-03-17 11:02:09+0800: Using Chinese rules initially, unless GTP/GUI overrides this
2024-03-17 11:02:09+0800: Using 8 CPU thread(s) for search
2024-03-17 11:02:09+0800: nnRandSeed0 = 2839613235479868154
2024-03-17 11:02:09+0800: After dedups: nnModelFile0 = F:\homework\毕业设计\katago-v1.13.0-opencl-windows-x64\model.bin useFP16 auto useNHWC auto
2024-03-17 11:02:09+0800: Initializing neural net buffer to be size 19 * 19 exactly
2024-03-17 11:02:10+0800: Found OpenCL Platform 0: NVIDIA CUDA (NVIDIA Corporation) (OpenCL 3.0 CUDA 12.3.99)
2024-03-17 11:02:10+0800: Found 1 device(s) on platform 0 with type CPU or GPU or Accelerator
2024-03-17 11:02:10+0800: Found OpenCL Device 0: NVIDIA GeForce RTX 2060 (NVIDIA Corporation) (score 11000300)
2024-03-17 11:02:10+0800: Creating context for OpenCL Platform: NVIDIA CUDA (NVIDIA Corporation) (OpenCL 3.0 CUDA 12.3.99)
2024-03-17 11:02:10+0800: Using OpenCL Device 0: NVIDIA GeForce RTX 2060 (NVIDIA Corporation) OpenCL 3.0 CUDA (Extensions: cl_khr_global_int32_base_atomics cl_khr_global_int32_extended_atomics cl_khr_local_int32_base_atomics cl_khr_local_int32_extended_atomics cl_khr_fp64 cl_khr_3d_image_writes cl_khr_byte_addressable_store cl_khr_icd cl_khr_gl_sharing cl_nv_compiler_options cl_nv_device_attribute_query cl_nv_pragma_unroll cl_nv_d3d10_sharing cl_khr_d3d10_sharing cl_nv_d3d11_sharing cl_nv_copy_opts cl_nv_create_buffer cl_khr_int64_base_atomics cl_khr_int64_extended_atomics cl_khr_device_uuid cl_khr_pci_bus_info cl_khr_external_semaphore cl_khr_external_memory cl_khr_external_semaphore_win32 cl_khr_external_memory_win32)
2024-03-17 11:02:10+0800: Loaded tuning parameters from: F:\homework\毕业设计\katago-v1.13.0-opencl-windows-x64/KataGoData/opencltuning/tune11_gpuNVIDIAGeForceRTX2060_x19_y19_c384_mv14.txt
2024-03-17 11:02:10+0800: OpenCL backend thread 0: Device 0 Model version 14
2024-03-17 11:02:10+0800: OpenCL backend thread 0: Device 0 Model name: kata1-b18c384nbt-s7192213760-d3579182099
2024-03-17 11:02:13+0800: OpenCL backend thread 0: Device 0 FP16Storage true FP16Compute false FP16TensorCores true FP16TensorCoresFor1x1 false
2024-03-17 11:02:13+0800: Loaded neural net with nnXLen 19 nnYLen 19
2024-03-17 11:02:13+0800: Initializing board with boardXSize 19 boardYSize 19
2024-03-17 11:02:13+0800: Loaded config F:\homework\毕业设计\katago-v1.13.0-opencl-windows-x64\gtp_custom.cfg
2024-03-17 11:02:13+0800: Loaded model F:\homework\毕业设计\katago-v1.13.0-opencl-windows-x64\model.bin
2024-03-17 11:02:13+0800: Model name: kata1-b18c384nbt-s7192213760-d3579182099
2024-03-17 11:02:13+0800: GTP ready, beginning main protocol loop
2024-03-17 11:02:18+0800: Controller: loadsgf C:/Users/KILLLAKILL/AppData/LocalLow/DefaultCompany/yiwu/RecentGames\sgf_1701255612.sgf 1
2024-03-17 11:02:18+0800: Changing komi to 5.5
2024-03-17 11:02:18+0800: GPU 0 finishing, processed 0 rows 0 batches
2024-03-17 11:02:18+0800: Cleaned up old neural net and bot
2024-03-17 11:02:18+0800: nnRandSeed0 = 8792990668083602532
2024-03-17 11:02:18+0800: After dedups: nnModelFile0 = F:\homework\毕业设计\katago-v1.13.0-opencl-windows-x64\model.bin useFP16 auto useNHWC auto
2024-03-17 11:02:18+0800: Initializing neural net buffer to be size 9 * 9 exactly
2024-03-17 11:02:18+0800: Found OpenCL Platform 0: NVIDIA CUDA (NVIDIA Corporation) (OpenCL 3.0 CUDA 12.3.99)
2024-03-17 11:02:18+0800: Found 1 device(s) on platform 0 with type CPU or GPU or Accelerator
2024-03-17 11:02:18+0800: Found OpenCL Device 0: NVIDIA GeForce RTX 2060 (NVIDIA Corporation) (score 11000300)
2024-03-17 11:02:18+0800: Creating context for OpenCL Platform: NVIDIA CUDA (NVIDIA Corporation) (OpenCL 3.0 CUDA 12.3.99)
2024-03-17 11:02:19+0800: Using OpenCL Device 0: NVIDIA GeForce RTX 2060 (NVIDIA Corporation) OpenCL 3.0 CUDA (Extensions: cl_khr_global_int32_base_atomics cl_khr_global_int32_extended_atomics cl_khr_local_int32_base_atomics cl_khr_local_int32_extended_atomics cl_khr_fp64 cl_khr_3d_image_writes cl_khr_byte_addressable_store cl_khr_icd cl_khr_gl_sharing cl_nv_compiler_options cl_nv_device_attribute_query cl_nv_pragma_unroll cl_nv_d3d10_sharing cl_khr_d3d10_sharing cl_nv_d3d11_sharing cl_nv_copy_opts cl_nv_create_buffer cl_khr_int64_base_atomics cl_khr_int64_extended_atomics cl_khr_device_uuid cl_khr_pci_bus_info cl_khr_external_semaphore cl_khr_external_memory cl_khr_external_semaphore_win32 cl_khr_external_memory_win32)
2024-03-17 11:02:19+0800: Loaded tuning parameters from: F:\homework\毕业设计\katago-v1.13.0-opencl-windows-x64/KataGoData/opencltuning/tune11_gpuNVIDIAGeForceRTX2060_x19_y19_c384_mv14.txt
2024-03-17 11:02:19+0800: OpenCL backend thread 0: Device 0 Model version 14
2024-03-17 11:02:19+0800: OpenCL backend thread 0: Device 0 Model name: kata1-b18c384nbt-s7192213760-d3579182099
2024-03-17 11:02:21+0800: OpenCL backend thread 0: Device 0 FP16Storage true FP16Compute false FP16TensorCores true FP16TensorCoresFor1x1 false
2024-03-17 11:02:21+0800: Loaded neural net with nnXLen 9 nnYLen 9
2024-03-17 11:02:21+0800: Initializing board with boardXSize 9 boardYSize 9
2024-03-17 11:02:21+0800: = 
2024-03-17 11:02:24+0800: Controller: loadsgf C:/Users/KILLLAKILL/AppData/LocalLow/DefaultCompany/yiwu/RecentGames\sgf_1701255612.sgf 6
2024-03-17 11:02:24+0800: = 
2024-03-17 11:02:24+0800: Controller: lz-genmove_analyze maxmoves 6
2024-03-17 11:02:29+0800: MoveNum: 5 HASH: FFE96295C396DA517064CFFB0FD39D37
   A B C D E F G H J
 9 . . . . . . . . .
 8 . . . . . . . . .
 7 . . X . . . . . .
 6 . . . . . . . . .
 5 . . . . O O2. . .
 4 . . . . . . . . .
 3 . . X1. @ . X3. .
 2 . . . . . . . . .
 1 . . . . . . . . .

koSIMPLEscoreAREAtaxNONEsui0whbNfpok1komi5.5
Time taken: 5
Root visits: 3895
New playouts: 3895
NN rows: 2509
NN batches: 628
NN avg batch size: 3.99522
PV: E3 D4 F3 H5 H4 G4 G5 J4 H6 H3 D7 D6 C8 E7 D8 C6 E6 H7 B7 B6 J6 F7 G7 G8 G6
Tree:
: T -46.89c W -43.99c S  -2.67c ( -2.1 L  -1.7) N    3895  --  E3 D4 F3 H5 H4 G4 G5
---White(^)---
E3  : T -44.72c W -42.35c S  -2.64c ( -2.1 L  -1.7) LCB  -49.20c P 35.89% WF 2090.0 PSV    2049 N    3415  --  E3 D4 F3 H5 H4 G4 G5 J4
E7  : T -51.59c W -46.98c S  -1.99c ( -1.6 L  -1.2) LCB  -63.21c P 15.39% WF 179.0 PSV     181 N     274  --  E7 D4 C6 D7 B5 E8 F7 F8
C5  : T -68.30c W -57.84c S  -3.92c ( -2.6 L  -2.0) LCB  -82.84c P 25.79% WF  84.5 PSV     103 N     128  --  C5 D4 C6 E7 F3 F2 E3 E2
F3  : T -86.50c W -77.03c S  -4.75c ( -2.8 L  -2.2) LCB -106.78c P 10.05% WF  21.2 PSV      23 N      25  --  F3 F2 E7 C5 E2 E3 F4
F2  : T -55.96c W -52.06c S  -2.69c ( -2.0 L  -1.3) LCB  -81.30c P  1.84% WF  17.3 PSV      14 N      21  --  F2 H5 C5 D4 D5
D3  : T -72.47c W -73.32c S  -4.50c ( -2.8 L  -2.0) LCB  -98.49c P  3.75% WF  12.2 PSV      12 N      14  --  D3 D4 E3 E4 F4 F3
G4  : T -76.72c W -73.17c S  -3.72c ( -2.4 L  -2.1) LCB -109.27c P  1.85% WF   5.6 PSV       5 N       6  --  G4 F3 E3
D7  : T -75.85c W -71.16c S  -3.35c ( -2.2 L  -1.3) LCB -126.37c P  1.59% WF   4.0 PSV       4 N       4  --  D7 C6 G4
C6  : T -85.16c W -76.85c S  -4.30c ( -2.7 L  -1.7) LCB -166.88c P  1.65% WF   3.2 PSV       3 N       3  --  C6 D6 D5
C4  : T -80.11c W -76.40c S  -3.70c ( -2.4 L  -1.2) LCB -430.11c P  0.72% WF   1.2 PSV       1 N       1  --  C4

2024-03-17 11:02:29+0800: = play E3
