2024-03-18 22:41:10+0800: Running with following config:
allowResignation = true
friendlyPassOk = true
hasButton = false
koRule = SIMPLE
lagBuffer = 1.0
logAllGTPCommunication = true
logDir = gtp_logs
logSearchInfo = true
logToStderr = false
multiStoneSuicideLegal = false
nnCacheSizePowerOfTwo = 20
nnMutexPoolSizePowerOfTwo = 16
numNNServerThreadsPerModel = 1
numSearchThreads = 8
openclDeviceToUseThread0 = 0
ponderingEnabled = false
resignConsecTurns = 3
resignThreshold = -0.90
scoringRule = AREA
searchFactorAfterOnePass = 0.50
searchFactorAfterTwoPass = 0.25
searchFactorWhenWinning = 0.40
searchFactorWhenWinningThreshold = 0.95
taxRule = NONE
whiteHandicapBonus = N

2024-03-18 22:41:10+0800: GTP Engine starting...
2024-03-18 22:41:10+0800: KataGo v1.13.0
2024-03-18 22:41:10+0800: Using Chinese rules initially, unless GTP/GUI overrides this
2024-03-18 22:41:10+0800: Using 8 CPU thread(s) for search
2024-03-18 22:41:10+0800: nnRandSeed0 = 3050313282757772928
2024-03-18 22:41:10+0800: After dedups: nnModelFile0 = F:\homework\毕业设计\katago-v1.13.0-opencl-windows-x64\model.bin useFP16 auto useNHWC auto
2024-03-18 22:41:10+0800: Initializing neural net buffer to be size 19 * 19 exactly
2024-03-18 22:41:10+0800: Found OpenCL Platform 0: NVIDIA CUDA (NVIDIA Corporation) (OpenCL 3.0 CUDA 12.3.99)
2024-03-18 22:41:10+0800: Found 1 device(s) on platform 0 with type CPU or GPU or Accelerator
2024-03-18 22:41:10+0800: Found OpenCL Device 0: NVIDIA GeForce RTX 2060 (NVIDIA Corporation) (score 11000300)
2024-03-18 22:41:10+0800: Creating context for OpenCL Platform: NVIDIA CUDA (NVIDIA Corporation) (OpenCL 3.0 CUDA 12.3.99)
2024-03-18 22:41:11+0800: Using OpenCL Device 0: NVIDIA GeForce RTX 2060 (NVIDIA Corporation) OpenCL 3.0 CUDA (Extensions: cl_khr_global_int32_base_atomics cl_khr_global_int32_extended_atomics cl_khr_local_int32_base_atomics cl_khr_local_int32_extended_atomics cl_khr_fp64 cl_khr_3d_image_writes cl_khr_byte_addressable_store cl_khr_icd cl_khr_gl_sharing cl_nv_compiler_options cl_nv_device_attribute_query cl_nv_pragma_unroll cl_nv_d3d10_sharing cl_khr_d3d10_sharing cl_nv_d3d11_sharing cl_nv_copy_opts cl_nv_create_buffer cl_khr_int64_base_atomics cl_khr_int64_extended_atomics cl_khr_device_uuid cl_khr_pci_bus_info cl_khr_external_semaphore cl_khr_external_memory cl_khr_external_semaphore_win32 cl_khr_external_memory_win32)
2024-03-18 22:41:11+0800: Loaded tuning parameters from: F:\homework\毕业设计\katago-v1.13.0-opencl-windows-x64/KataGoData/opencltuning/tune11_gpuNVIDIAGeForceRTX2060_x19_y19_c384_mv14.txt
2024-03-18 22:41:11+0800: OpenCL backend thread 0: Device 0 Model version 14
2024-03-18 22:41:11+0800: OpenCL backend thread 0: Device 0 Model name: kata1-b18c384nbt-s7192213760-d3579182099
2024-03-18 22:41:13+0800: OpenCL backend thread 0: Device 0 FP16Storage true FP16Compute false FP16TensorCores true FP16TensorCoresFor1x1 false
2024-03-18 22:41:13+0800: Loaded neural net with nnXLen 19 nnYLen 19
2024-03-18 22:41:13+0800: Initializing board with boardXSize 19 boardYSize 19
2024-03-18 22:41:13+0800: Loaded config F:\homework\毕业设计\katago-v1.13.0-opencl-windows-x64\gtp_custom.cfg
2024-03-18 22:41:13+0800: Loaded model F:\homework\毕业设计\katago-v1.13.0-opencl-windows-x64\model.bin
2024-03-18 22:41:13+0800: Model name: kata1-b18c384nbt-s7192213760-d3579182099
2024-03-18 22:41:13+0800: GTP ready, beginning main protocol loop
2024-03-18 22:41:16+0800: Controller: loadsgf C:/Users/KILLLAKILL/AppData/LocalLow/DefaultCompany/yiwu/RecentGames\sgf_1701255612.sgf 1
2024-03-18 22:41:16+0800: Changing komi to 5.5
2024-03-18 22:41:16+0800: GPU 0 finishing, processed 0 rows 0 batches
2024-03-18 22:41:16+0800: Cleaned up old neural net and bot
2024-03-18 22:41:16+0800: nnRandSeed0 = 11449719133221568790
2024-03-18 22:41:16+0800: After dedups: nnModelFile0 = F:\homework\毕业设计\katago-v1.13.0-opencl-windows-x64\model.bin useFP16 auto useNHWC auto
2024-03-18 22:41:16+0800: Initializing neural net buffer to be size 9 * 9 exactly
2024-03-18 22:41:17+0800: Found OpenCL Platform 0: NVIDIA CUDA (NVIDIA Corporation) (OpenCL 3.0 CUDA 12.3.99)
2024-03-18 22:41:17+0800: Found 1 device(s) on platform 0 with type CPU or GPU or Accelerator
2024-03-18 22:41:17+0800: Found OpenCL Device 0: NVIDIA GeForce RTX 2060 (NVIDIA Corporation) (score 11000300)
2024-03-18 22:41:17+0800: Creating context for OpenCL Platform: NVIDIA CUDA (NVIDIA Corporation) (OpenCL 3.0 CUDA 12.3.99)
2024-03-18 22:41:17+0800: Using OpenCL Device 0: NVIDIA GeForce RTX 2060 (NVIDIA Corporation) OpenCL 3.0 CUDA (Extensions: cl_khr_global_int32_base_atomics cl_khr_global_int32_extended_atomics cl_khr_local_int32_base_atomics cl_khr_local_int32_extended_atomics cl_khr_fp64 cl_khr_3d_image_writes cl_khr_byte_addressable_store cl_khr_icd cl_khr_gl_sharing cl_nv_compiler_options cl_nv_device_attribute_query cl_nv_pragma_unroll cl_nv_d3d10_sharing cl_khr_d3d10_sharing cl_nv_d3d11_sharing cl_nv_copy_opts cl_nv_create_buffer cl_khr_int64_base_atomics cl_khr_int64_extended_atomics cl_khr_device_uuid cl_khr_pci_bus_info cl_khr_external_semaphore cl_khr_external_memory cl_khr_external_semaphore_win32 cl_khr_external_memory_win32)
2024-03-18 22:41:17+0800: Loaded tuning parameters from: F:\homework\毕业设计\katago-v1.13.0-opencl-windows-x64/KataGoData/opencltuning/tune11_gpuNVIDIAGeForceRTX2060_x19_y19_c384_mv14.txt
2024-03-18 22:41:17+0800: OpenCL backend thread 0: Device 0 Model version 14
2024-03-18 22:41:17+0800: OpenCL backend thread 0: Device 0 Model name: kata1-b18c384nbt-s7192213760-d3579182099
2024-03-18 22:41:19+0800: OpenCL backend thread 0: Device 0 FP16Storage true FP16Compute false FP16TensorCores true FP16TensorCoresFor1x1 false
2024-03-18 22:41:19+0800: Loaded neural net with nnXLen 9 nnYLen 9
2024-03-18 22:41:19+0800: Initializing board with boardXSize 9 boardYSize 9
2024-03-18 22:41:19+0800: = 
2024-03-18 22:41:22+0800: Controller: loadsgf C:/Users/KILLLAKILL/AppData/LocalLow/DefaultCompany/yiwu/RecentGames\sgf_1701255612.sgf 6
2024-03-18 22:41:22+0800: = 
2024-03-18 22:41:22+0800: Controller: lz-genmove_analyze maxmoves 6
2024-03-18 22:41:27+0800: MoveNum: 5 HASH: FFE96295C396DA517064CFFB0FD39D37
   A B C D E F G H J
 9 . . . . . . . . .
 8 . . . . . . . . .
 7 . . X . . . . . .
 6 . . . . . . . . .
 5 . . . . O O2. . .
 4 . . . . . . . . .
 3 . . X1. @ . X3. .
 2 . . . . . . . . .
 1 . . . . . . . . .

koSIMPLEscoreAREAtaxNONEsui0whbNfpok1komi5.5
Time taken: 5
Root visits: 3895
New playouts: 3895
NN rows: 2462
NN batches: 616
NN avg batch size: 3.99675
PV: E3 D4 F3 H5 H4 G4 G5 J4 H6 H3 D7 D6 C8 C6 E7 E6 F7 H7 G7 J6 B8 G6 F6 B7 C2
Tree:
: T -44.93c W -42.34c S  -1.97c ( -1.7 L  -1.3) N    3895  --  E3 D4 F3 H5 H4 G4 G5
---White(^)---
E3  : T -42.85c W -40.33c S  -1.87c ( -1.6 L  -1.3) LCB  -47.28c P 38.51% WF 2141.4 PSV    2100 N    3361  --  E3 D4 F3 H5 H4 G4 G5 J4
E7  : T -48.84c W -48.65c S  -1.91c ( -1.6 L  -1.2) LCB  -60.43c P 13.01% WF 226.6 PSV     171 N     348  --  E7 C5 D4 H5 C4 B4 H6 D3
C5  : T -72.68c W -61.31c S  -4.18c ( -2.8 L  -2.2) LCB  -90.56c P 24.63% WF  65.2 PSV      80 N      99  --  C5 D4 C6 E7 F3 F2 E3 E2
F3  : T -72.39c W -66.06c S  -3.31c ( -2.3 L  -1.6) LCB  -92.27c P  9.67% WF  25.4 PSV      31 N      32  --  F3 F2 C5 E3 E7 B5
F2  : T -56.08c W -53.84c S  -3.02c ( -2.2 L  -1.6) LCB  -88.70c P  3.29% WF  24.2 PSV      22 N      30  --  F2 H5 C5 D4 F3 D5
G4  : T -74.79c W -72.35c S  -3.61c ( -2.4 L  -2.0) LCB -104.00c P  2.14% WF   5.3 PSV       6 N       6  --  G4 F3 D4
D7  : T -72.24c W -71.81c S  -3.30c ( -2.3 L  -1.3) LCB  -96.38c P  2.04% WF   5.7 PSV       6 N       6  --  D7 C6 G4 F3
D3  : T -90.70c W -82.00c S  -5.53c ( -3.3 L  -2.5) LCB -136.11c P  2.46% WF   3.9 PSV       5 N       4  --  D3 D4 F3
C6  : T -75.27c W -70.24c S  -3.70c ( -2.5 L  -1.6) LCB -144.35c P  1.73% WF   4.1 PSV       5 N       4  --  C6 D6 D5
F7  : T -84.66c W -80.26c S  -4.40c ( -2.7 L  -1.6) LCB -434.66c P  0.79% WF   1.1 PSV       1 N       1  --  F7

2024-03-18 22:41:27+0800: = play E3
