2024-04-21 19:25:02+0800: Running with following config:
allowResignation = true
friendlyPassOk = true
hasButton = false
koRule = SIMPLE
lagBuffer = 1.0
logAllGTPCommunication = true
logDir = gtp_logs
logSearchInfo = true
logToStderr = false
multiStoneSuicideLegal = false
nnCacheSizePowerOfTwo = 20
nnMutexPoolSizePowerOfTwo = 16
numNNServerThreadsPerModel = 1
numSearchThreads = 8
openclDeviceToUseThread0 = 0
ponderingEnabled = false
resignConsecTurns = 3
resignThreshold = -0.90
scoringRule = AREA
searchFactorAfterOnePass = 0.50
searchFactorAfterTwoPass = 0.25
searchFactorWhenWinning = 0.40
searchFactorWhenWinningThreshold = 0.95
taxRule = NONE
whiteHandicapBonus = N

2024-04-21 19:25:02+0800: GTP Engine starting...
2024-04-21 19:25:02+0800: KataGo v1.13.0
2024-04-21 19:25:02+0800: Using Chinese rules initially, unless GTP/GUI overrides this
2024-04-21 19:25:02+0800: Using 8 CPU thread(s) for search
2024-04-21 19:25:02+0800: nnRandSeed0 = 17865325226081440543
2024-04-21 19:25:02+0800: After dedups: nnModelFile0 = F:/unity_project/yiwu/Assets/StreamingAssets\katago-v1.13.0-opencl-windows-x64\model.bin useFP16 auto useNHWC auto
2024-04-21 19:25:02+0800: Initializing neural net buffer to be size 19 * 19 exactly
2024-04-21 19:25:03+0800: Found OpenCL Platform 0: NVIDIA CUDA (NVIDIA Corporation) (OpenCL 3.0 CUDA 12.3.99)
2024-04-21 19:25:03+0800: Found 1 device(s) on platform 0 with type CPU or GPU or Accelerator
2024-04-21 19:25:03+0800: Found OpenCL Device 0: NVIDIA GeForce RTX 2060 (NVIDIA Corporation) (score 11000300)
2024-04-21 19:25:03+0800: Creating context for OpenCL Platform: NVIDIA CUDA (NVIDIA Corporation) (OpenCL 3.0 CUDA 12.3.99)
2024-04-21 19:25:03+0800: Using OpenCL Device 0: NVIDIA GeForce RTX 2060 (NVIDIA Corporation) OpenCL 3.0 CUDA (Extensions: cl_khr_global_int32_base_atomics cl_khr_global_int32_extended_atomics cl_khr_local_int32_base_atomics cl_khr_local_int32_extended_atomics cl_khr_fp64 cl_khr_3d_image_writes cl_khr_byte_addressable_store cl_khr_icd cl_khr_gl_sharing cl_nv_compiler_options cl_nv_device_attribute_query cl_nv_pragma_unroll cl_nv_d3d10_sharing cl_khr_d3d10_sharing cl_nv_d3d11_sharing cl_nv_copy_opts cl_nv_create_buffer cl_khr_int64_base_atomics cl_khr_int64_extended_atomics cl_khr_device_uuid cl_khr_pci_bus_info cl_khr_external_semaphore cl_khr_external_memory cl_khr_external_semaphore_win32 cl_khr_external_memory_win32)
2024-04-21 19:25:03+0800: Loaded tuning parameters from: F:\unity_project\yiwu\Assets\StreamingAssets\katago-v1.13.0-opencl-windows-x64/KataGoData/opencltuning/tune11_gpuNVIDIAGeForceRTX2060_x19_y19_c384_mv14.txt
2024-04-21 19:25:04+0800: OpenCL backend thread 0: Device 0 Model version 14
2024-04-21 19:25:04+0800: OpenCL backend thread 0: Device 0 Model name: kata1-b18c384nbt-s7192213760-d3579182099
2024-04-21 19:25:06+0800: OpenCL backend thread 0: Device 0 FP16Storage true FP16Compute false FP16TensorCores true FP16TensorCoresFor1x1 false
2024-04-21 19:25:06+0800: Loaded neural net with nnXLen 19 nnYLen 19
2024-04-21 19:25:06+0800: Initializing board with boardXSize 19 boardYSize 19
2024-04-21 19:25:06+0800: Loaded config F:/unity_project/yiwu/Assets/StreamingAssets\katago-v1.13.0-opencl-windows-x64\gtp_custom.cfg
2024-04-21 19:25:06+0800: Loaded model F:/unity_project/yiwu/Assets/StreamingAssets\katago-v1.13.0-opencl-windows-x64\model.bin
2024-04-21 19:25:06+0800: Model name: kata1-b18c384nbt-s7192213760-d3579182099
2024-04-21 19:25:06+0800: GTP ready, beginning main protocol loop
2024-04-21 19:26:59+0800: Controller: loadsgf C:/Users/KILLLAKILL/AppData/LocalLow/DefaultCompany/yiwu/RecentGames\sgf_1713698777.sgf 1
2024-04-21 19:26:59+0800: Changing komi to 6.5
2024-04-21 19:26:59+0800: GPU 0 finishing, processed 0 rows 0 batches
2024-04-21 19:26:59+0800: Cleaned up old neural net and bot
2024-04-21 19:26:59+0800: nnRandSeed0 = 1031332492052453807
2024-04-21 19:26:59+0800: After dedups: nnModelFile0 = F:/unity_project/yiwu/Assets/StreamingAssets\katago-v1.13.0-opencl-windows-x64\model.bin useFP16 auto useNHWC auto
2024-04-21 19:26:59+0800: Initializing neural net buffer to be size 9 * 9 exactly
2024-04-21 19:26:59+0800: Found OpenCL Platform 0: NVIDIA CUDA (NVIDIA Corporation) (OpenCL 3.0 CUDA 12.3.99)
2024-04-21 19:26:59+0800: Found 1 device(s) on platform 0 with type CPU or GPU or Accelerator
2024-04-21 19:26:59+0800: Found OpenCL Device 0: NVIDIA GeForce RTX 2060 (NVIDIA Corporation) (score 11000300)
2024-04-21 19:26:59+0800: Creating context for OpenCL Platform: NVIDIA CUDA (NVIDIA Corporation) (OpenCL 3.0 CUDA 12.3.99)
2024-04-21 19:27:00+0800: Using OpenCL Device 0: NVIDIA GeForce RTX 2060 (NVIDIA Corporation) OpenCL 3.0 CUDA (Extensions: cl_khr_global_int32_base_atomics cl_khr_global_int32_extended_atomics cl_khr_local_int32_base_atomics cl_khr_local_int32_extended_atomics cl_khr_fp64 cl_khr_3d_image_writes cl_khr_byte_addressable_store cl_khr_icd cl_khr_gl_sharing cl_nv_compiler_options cl_nv_device_attribute_query cl_nv_pragma_unroll cl_nv_d3d10_sharing cl_khr_d3d10_sharing cl_nv_d3d11_sharing cl_nv_copy_opts cl_nv_create_buffer cl_khr_int64_base_atomics cl_khr_int64_extended_atomics cl_khr_device_uuid cl_khr_pci_bus_info cl_khr_external_semaphore cl_khr_external_memory cl_khr_external_semaphore_win32 cl_khr_external_memory_win32)
2024-04-21 19:27:00+0800: Loaded tuning parameters from: F:\unity_project\yiwu\Assets\StreamingAssets\katago-v1.13.0-opencl-windows-x64/KataGoData/opencltuning/tune11_gpuNVIDIAGeForceRTX2060_x19_y19_c384_mv14.txt
2024-04-21 19:27:00+0800: OpenCL backend thread 0: Device 0 Model version 14
2024-04-21 19:27:00+0800: OpenCL backend thread 0: Device 0 Model name: kata1-b18c384nbt-s7192213760-d3579182099
2024-04-21 19:27:02+0800: OpenCL backend thread 0: Device 0 FP16Storage true FP16Compute false FP16TensorCores true FP16TensorCoresFor1x1 false
2024-04-21 19:27:02+0800: Loaded neural net with nnXLen 9 nnYLen 9
2024-04-21 19:27:02+0800: Initializing board with boardXSize 9 boardYSize 9
2024-04-21 19:27:02+0800: = 
2024-04-21 19:27:09+0800: Controller: loadsgf C:/Users/KILLLAKILL/AppData/LocalLow/DefaultCompany/yiwu/RecentGames\sgf_1713698777.sgf 9
2024-04-21 19:27:09+0800: = 
2024-04-21 19:27:09+0800: Controller: lz-genmove_analyze maxmoves 6
2024-04-21 19:27:14+0800: MoveNum: 8 HASH: 2878F1A342AF9CFDDD60C85DE4B5632A
   A B C D E F G H J
 9 . . . . . . . . .
 8 . . . . . . . . .
 7 . . X . O . @ . .
 6 . . . . . . . . .
 5 . . X . O . X . .
 4 . . . . . . . . .
 3 . . O3. O1. X2. .
 2 . . . . . . . . .
 1 . . . . . . . . .

koSIMPLEscoreAREAtaxNONEsui0whbNfpok1komi6.5
Time taken: 5.031
Root visits: 2745
New playouts: 2745
NN rows: 2161
NN batches: 541
NN avg batch size: 3.99445
PV: G7 B5 B4 B6 D6 G6 C4 H6 F6 E6 F5 B3 A5 A3 A4 F7 H7 C8 B8 B7 D8
Tree:
: T  67.76c W  66.01c S   2.08c ( +2.1 L  +1.4) N    2745  --  G7 B5 B4 B6 D6 G6 C4
---Black(^)---
G7  : T  69.40c W  66.78c S   2.37c ( +2.3 L  +1.6) LCB   65.87c P 52.95% WF 1775.6 PSV    1749 N    2233  --  G7 B5 B4 B6 D6 G6 C4 H6
D4  : T  63.41c W  65.24c S   0.93c ( +1.5 L  +0.7) LCB   58.10c P 38.86% WF 392.9 PSV     321 N     467  --  D4 G7 D3 D2 E4 F2 F3 E2
B3  : T  35.86c W  41.92c S  -0.61c ( +0.8 L  +0.2) LCB   17.55c P  6.46% WF   9.8 PSV      12 N      12  --  B3 G7 C4 H5 H6 H4 F4
F6  : T  46.44c W  48.75c S   0.05c ( +1.1 L  +0.5) LCB -107.64c P  0.61% WF   2.1 PSV       1 N       2  --  F6 E6
C4  : T  24.85c W  25.88c S  -1.03c ( +0.6 L  +0.3) LCB -325.15c P  0.43% WF   1.0 PSV       0 N       1  --  C4
D8  : T  18.22c W  19.61c S  -1.39c ( +0.4 L  +0.5) LCB -331.78c P  0.28% WF   1.0 PSV       0 N       1  --  D8
G6  : T  27.45c W  28.20c S  -0.75c ( +0.7 L  +0.5) LCB -322.55c P  0.13% WF   1.1 PSV       0 N       1  --  G6
B4  : T  12.48c W  13.90c S  -1.42c ( +0.4 L  +0.4) LCB -337.52c P  0.05% WF   0.9 PSV       0 N       1  --  B4
F7  : T  -5.71c W  -3.42c S  -2.29c ( -0.1 L  +0.1) LCB -355.71c P  0.03% WF   0.6 PSV       0 N       1  --  F7
G8  : T   7.30c W   8.70c S  -1.41c ( +0.4 L  +0.4) LCB -342.70c P  0.02% WF   0.8 PSV       0 N       1  --  G8

2024-04-21 19:27:14+0800: = play G7
