2024-03-18 19:35:47+0800: Running with following config:
allowResignation = true
friendlyPassOk = true
hasButton = false
koRule = SIMPLE
lagBuffer = 1.0
logAllGTPCommunication = true
logDir = gtp_logs
logSearchInfo = true
logToStderr = false
multiStoneSuicideLegal = false
nnCacheSizePowerOfTwo = 20
nnMutexPoolSizePowerOfTwo = 16
numNNServerThreadsPerModel = 1
numSearchThreads = 8
openclDeviceToUseThread0 = 0
ponderingEnabled = false
resignConsecTurns = 3
resignThreshold = -0.90
scoringRule = AREA
searchFactorAfterOnePass = 0.50
searchFactorAfterTwoPass = 0.25
searchFactorWhenWinning = 0.40
searchFactorWhenWinningThreshold = 0.95
taxRule = NONE
whiteHandicapBonus = N

2024-03-18 19:35:47+0800: GTP Engine starting...
2024-03-18 19:35:47+0800: KataGo v1.13.0
2024-03-18 19:35:47+0800: Using Chinese rules initially, unless GTP/GUI overrides this
2024-03-18 19:35:47+0800: Using 8 CPU thread(s) for search
2024-03-18 19:35:47+0800: nnRandSeed0 = 13952845159714552262
2024-03-18 19:35:47+0800: After dedups: nnModelFile0 = F:\homework\毕业设计\katago-v1.13.0-opencl-windows-x64\model.bin useFP16 auto useNHWC auto
2024-03-18 19:35:47+0800: Initializing neural net buffer to be size 19 * 19 exactly
2024-03-18 19:35:48+0800: Found OpenCL Platform 0: NVIDIA CUDA (NVIDIA Corporation) (OpenCL 3.0 CUDA 12.3.99)
2024-03-18 19:35:48+0800: Found 1 device(s) on platform 0 with type CPU or GPU or Accelerator
2024-03-18 19:35:48+0800: Found OpenCL Device 0: NVIDIA GeForce RTX 2060 (NVIDIA Corporation) (score 11000300)
2024-03-18 19:35:48+0800: Creating context for OpenCL Platform: NVIDIA CUDA (NVIDIA Corporation) (OpenCL 3.0 CUDA 12.3.99)
2024-03-18 19:35:48+0800: Using OpenCL Device 0: NVIDIA GeForce RTX 2060 (NVIDIA Corporation) OpenCL 3.0 CUDA (Extensions: cl_khr_global_int32_base_atomics cl_khr_global_int32_extended_atomics cl_khr_local_int32_base_atomics cl_khr_local_int32_extended_atomics cl_khr_fp64 cl_khr_3d_image_writes cl_khr_byte_addressable_store cl_khr_icd cl_khr_gl_sharing cl_nv_compiler_options cl_nv_device_attribute_query cl_nv_pragma_unroll cl_nv_d3d10_sharing cl_khr_d3d10_sharing cl_nv_d3d11_sharing cl_nv_copy_opts cl_nv_create_buffer cl_khr_int64_base_atomics cl_khr_int64_extended_atomics cl_khr_device_uuid cl_khr_pci_bus_info cl_khr_external_semaphore cl_khr_external_memory cl_khr_external_semaphore_win32 cl_khr_external_memory_win32)
2024-03-18 19:35:48+0800: Loaded tuning parameters from: F:\homework\毕业设计\katago-v1.13.0-opencl-windows-x64/KataGoData/opencltuning/tune11_gpuNVIDIAGeForceRTX2060_x19_y19_c384_mv14.txt
2024-03-18 19:35:48+0800: OpenCL backend thread 0: Device 0 Model version 14
2024-03-18 19:35:48+0800: OpenCL backend thread 0: Device 0 Model name: kata1-b18c384nbt-s7192213760-d3579182099
2024-03-18 19:35:50+0800: OpenCL backend thread 0: Device 0 FP16Storage true FP16Compute false FP16TensorCores true FP16TensorCoresFor1x1 false
2024-03-18 19:35:50+0800: Loaded neural net with nnXLen 19 nnYLen 19
2024-03-18 19:35:50+0800: Initializing board with boardXSize 19 boardYSize 19
2024-03-18 19:35:50+0800: Loaded config F:\homework\毕业设计\katago-v1.13.0-opencl-windows-x64\gtp_custom.cfg
2024-03-18 19:35:50+0800: Loaded model F:\homework\毕业设计\katago-v1.13.0-opencl-windows-x64\model.bin
2024-03-18 19:35:50+0800: Model name: kata1-b18c384nbt-s7192213760-d3579182099
2024-03-18 19:35:50+0800: GTP ready, beginning main protocol loop
2024-03-18 19:35:55+0800: Controller: loadsgf C:/Users/KILLLAKILL/AppData/LocalLow/DefaultCompany/yiwu/RecentGames\sgf_1701255612.sgf 1
2024-03-18 19:35:55+0800: Changing komi to 5.5
2024-03-18 19:35:55+0800: GPU 0 finishing, processed 0 rows 0 batches
2024-03-18 19:35:55+0800: Cleaned up old neural net and bot
2024-03-18 19:35:55+0800: nnRandSeed0 = 5505478166802901355
2024-03-18 19:35:55+0800: After dedups: nnModelFile0 = F:\homework\毕业设计\katago-v1.13.0-opencl-windows-x64\model.bin useFP16 auto useNHWC auto
2024-03-18 19:35:55+0800: Initializing neural net buffer to be size 9 * 9 exactly
2024-03-18 19:35:55+0800: Found OpenCL Platform 0: NVIDIA CUDA (NVIDIA Corporation) (OpenCL 3.0 CUDA 12.3.99)
2024-03-18 19:35:55+0800: Found 1 device(s) on platform 0 with type CPU or GPU or Accelerator
2024-03-18 19:35:55+0800: Found OpenCL Device 0: NVIDIA GeForce RTX 2060 (NVIDIA Corporation) (score 11000300)
2024-03-18 19:35:55+0800: Creating context for OpenCL Platform: NVIDIA CUDA (NVIDIA Corporation) (OpenCL 3.0 CUDA 12.3.99)
2024-03-18 19:35:56+0800: Using OpenCL Device 0: NVIDIA GeForce RTX 2060 (NVIDIA Corporation) OpenCL 3.0 CUDA (Extensions: cl_khr_global_int32_base_atomics cl_khr_global_int32_extended_atomics cl_khr_local_int32_base_atomics cl_khr_local_int32_extended_atomics cl_khr_fp64 cl_khr_3d_image_writes cl_khr_byte_addressable_store cl_khr_icd cl_khr_gl_sharing cl_nv_compiler_options cl_nv_device_attribute_query cl_nv_pragma_unroll cl_nv_d3d10_sharing cl_khr_d3d10_sharing cl_nv_d3d11_sharing cl_nv_copy_opts cl_nv_create_buffer cl_khr_int64_base_atomics cl_khr_int64_extended_atomics cl_khr_device_uuid cl_khr_pci_bus_info cl_khr_external_semaphore cl_khr_external_memory cl_khr_external_semaphore_win32 cl_khr_external_memory_win32)
2024-03-18 19:35:56+0800: Loaded tuning parameters from: F:\homework\毕业设计\katago-v1.13.0-opencl-windows-x64/KataGoData/opencltuning/tune11_gpuNVIDIAGeForceRTX2060_x19_y19_c384_mv14.txt
2024-03-18 19:35:56+0800: OpenCL backend thread 0: Device 0 Model version 14
2024-03-18 19:35:56+0800: OpenCL backend thread 0: Device 0 Model name: kata1-b18c384nbt-s7192213760-d3579182099
2024-03-18 19:35:58+0800: OpenCL backend thread 0: Device 0 FP16Storage true FP16Compute false FP16TensorCores true FP16TensorCoresFor1x1 false
2024-03-18 19:35:58+0800: Loaded neural net with nnXLen 9 nnYLen 9
2024-03-18 19:35:58+0800: Initializing board with boardXSize 9 boardYSize 9
2024-03-18 19:35:58+0800: = 
2024-03-18 19:36:01+0800: Controller: loadsgf C:/Users/KILLLAKILL/AppData/LocalLow/DefaultCompany/yiwu/RecentGames\sgf_1701255612.sgf 6
2024-03-18 19:36:01+0800: = 
2024-03-18 19:36:01+0800: Controller: lz-genmove_analyze maxmoves 6
2024-03-18 19:36:06+0800: MoveNum: 5 HASH: FFE96295C396DA517064CFFB0FD39D37
   A B C D E F G H J
 9 . . . . . . . . .
 8 . . . . . . . . .
 7 . . X . . . . . .
 6 . . . . . . . . .
 5 . . . . O O2. . .
 4 . . . . . . . . .
 3 . . X1. @ . X3. .
 2 . . . . . . . . .
 1 . . . . . . . . .

koSIMPLEscoreAREAtaxNONEsui0whbNfpok1komi5.5
Time taken: 5
Root visits: 3253
New playouts: 3253
NN rows: 2554
NN batches: 639
NN avg batch size: 3.99687
PV: E3 D4 F3 H5 H4 G4 G5 J4 D7 D6 H6 H3 C8 E6 C6 D5 B7 G7 F7 E7 F8 E8 G8 H7 G6
Tree:
: T -53.45c W -49.63c S  -2.78c ( -2.2 L  -1.8) N    3253  --  E3 D4 F3 H5 H4 G4 G5
---White(^)---
E3  : T -52.43c W -47.66c S  -2.92c ( -2.4 L  -2.0) LCB  -57.50c P 37.91% WF 1428.4 PSV    1413 N    2172  --  E3 D4 F3 H5 H4 G4 G5 J4
E7  : T -53.07c W -51.53c S  -1.87c ( -1.6 L  -1.2) LCB  -61.97c P 17.70% WF 364.2 PSV     365 N     528  --  E7 C5 D4 H5 C4 B4 B3 B5
C5  : T -57.59c W -52.48c S  -3.24c ( -2.4 L  -1.8) LCB  -70.94c P 21.70% WF 237.8 PSV     249 N     315  --  C5 D4 C6 E7 G7 B7 F3 F2
F3  : T -58.81c W -58.92c S  -2.98c ( -2.2 L  -1.6) LCB  -73.18c P 11.12% WF 111.2 PSV     111 N     141  --  F3 F2 C5 E3 E7 B5 B6 C6
F2  : T -44.18c W -46.70c S  -1.99c ( -1.8 L  -1.1) LCB  -58.60c P  2.15% WF  64.3 PSV      62 N      74  --  F2 H5 C5 D4 D5 F3 E7 G6
D3  : T -80.88c W -76.73c S  -4.72c ( -3.0 L  -2.2) LCB -118.32c P  2.26% WF   5.9 PSV       6 N       6  --  D3 D4 E3 C4
D7  : T -78.14c W -72.71c S  -3.25c ( -2.3 L  -1.4) LCB -127.66c P  1.45% WF   4.1 PSV       4 N       4  --  D7 C6 G4
G4  : T -73.92c W -71.73c S  -3.08c ( -2.2 L  -1.9) LCB -132.99c P  1.30% WF   4.1 PSV       4 N       4  --  G4 F3 D4
C6  : T -85.88c W -78.18c S  -4.03c ( -2.7 L  -1.7) LCB -165.02c P  1.83% WF   3.4 PSV       4 N       3  --  C6 D6 D5
E8  : T -69.27c W -68.84c S  -2.51c ( -1.9 L  -1.1) LCB -221.44c P  0.66% WF   2.0 PSV       3 N       2  --  E8 C5

2024-03-18 19:36:06+0800: = play E3
2024-03-18 19:36:14+0800: Controller: loadsgf C:/Users/KILLLAKILL/AppData/LocalLow/DefaultCompany/yiwu/RecentGames\sgf_1701255612.sgf 6
2024-03-18 19:36:14+0800: = 
2024-03-18 19:36:14+0800: Controller: lz-genmove_analyze maxmoves 6
2024-03-18 19:36:19+0800: MoveNum: 5 HASH: FFE96295C396DA517064CFFB0FD39D37
   A B C D E F G H J
 9 . . . . . . . . .
 8 . . . . . . . . .
 7 . . X . . . . . .
 6 . . . . . . . . .
 5 . . . . O O2. . .
 4 . . . . . . . . .
 3 . . X1. @ . X3. .
 2 . . . . . . . . .
 1 . . . . . . . . .

koSIMPLEscoreAREAtaxNONEsui0whbNfpok1komi5.5
Time taken: 5
Root visits: 7192
New playouts: 7192
NN rows: 2553
NN batches: 639
NN avg batch size: 3.99531
PV: E3 D4 F3 H5 H4 G4 G5 J4 H6 H3 J6 J5 D7 D6 C8 E6 C6 D5 B7 G7 F7 E7 F8 E8 F6
Tree:
: T -58.13c W -53.35c S  -3.38c ( -2.5 L  -2.1) N    7192  --  E3 D4 F3 H5 H4 G4 G5
---White(^)---
E3  : T -54.39c W -49.76c S  -3.30c ( -2.5 L  -2.2) LCB  -57.91c P 37.91% WF 3542.1 PSV    3375 N    5003  --  E3 D4 F3 H5 H4 G4 G5 J4
E7  : T -65.00c W -60.45c S  -3.55c ( -2.4 L  -2.0) LCB  -71.81c P 17.70% WF 707.0 PSV     234 N    1054  --  E7 C5 D4 D3 C4 B4 B3 B5
C5  : T -71.35c W -64.41c S  -4.16c ( -2.8 L  -2.2) LCB  -81.94c P 21.70% WF 266.8 PSV     190 N     362  --  C5 D4 C6 E7 G7 B7 F3 F2
F3  : T -74.52c W -68.95c S  -3.83c ( -2.7 L  -2.1) LCB  -86.95c P 11.12% WF 102.4 PSV      83 N     133  --  F3 F2 C5 E3 E7 B5 B6 C6
F2  : T -62.78c W -57.31c S  -3.32c ( -2.5 L  -1.9) LCB  -69.46c P  2.15% WF 334.8 PSV      34 N     510  --  F2 H5 C5 D4 D5 F3 E7 E8
D7  : T -64.89c W -64.14c S  -2.71c ( -2.1 L  -1.4) LCB  -77.03c P  1.45% WF  65.6 PSV      19 N      82  --  D7 D6 E7 C6 G4 E6 F6 F7
D3  : T -78.07c W -74.91c S  -4.33c ( -2.8 L  -2.0) LCB -102.93c P  2.26% WF  18.2 PSV      14 N      20  --  D3 D4 E3 C4 F3 H5 H4
C6  : T -94.47c W -84.24c S  -5.55c ( -3.4 L  -2.4) LCB -114.76c P  1.83% WF   7.4 PSV       7 N       7  --  C6 D6 D5 B6 C5 E3
G4  : T -83.61c W -78.29c S  -4.02c ( -2.6 L  -2.2) LCB -111.23c P  1.30% WF   8.7 PSV       6 N       9  --  G4 F3 E3 E2
E8  : T -82.88c W -76.39c S  -3.35c ( -2.3 L  -1.4) LCB -129.04c P  0.66% WF   4.0 PSV       3 N       4  --  E8 C5 G4 F3

2024-03-18 19:36:19+0800: = play E3
