2024-03-18 20:12:38+0800: Running with following config:
allowResignation = true
friendlyPassOk = true
hasButton = false
koRule = SIMPLE
lagBuffer = 1.0
logAllGTPCommunication = true
logDir = gtp_logs
logSearchInfo = true
logToStderr = false
multiStoneSuicideLegal = false
nnCacheSizePowerOfTwo = 20
nnMutexPoolSizePowerOfTwo = 16
numNNServerThreadsPerModel = 1
numSearchThreads = 8
openclDeviceToUseThread0 = 0
ponderingEnabled = false
resignConsecTurns = 3
resignThreshold = -0.90
scoringRule = AREA
searchFactorAfterOnePass = 0.50
searchFactorAfterTwoPass = 0.25
searchFactorWhenWinning = 0.40
searchFactorWhenWinningThreshold = 0.95
taxRule = NONE
whiteHandicapBonus = N

2024-03-18 20:12:38+0800: GTP Engine starting...
2024-03-18 20:12:38+0800: KataGo v1.13.0
2024-03-18 20:12:38+0800: Using Chinese rules initially, unless GTP/GUI overrides this
2024-03-18 20:12:38+0800: Using 8 CPU thread(s) for search
2024-03-18 20:12:38+0800: nnRandSeed0 = 3030691996073110991
2024-03-18 20:12:38+0800: After dedups: nnModelFile0 = F:\homework\毕业设计\katago-v1.13.0-opencl-windows-x64\model.bin useFP16 auto useNHWC auto
2024-03-18 20:12:38+0800: Initializing neural net buffer to be size 19 * 19 exactly
2024-03-18 20:12:39+0800: Found OpenCL Platform 0: NVIDIA CUDA (NVIDIA Corporation) (OpenCL 3.0 CUDA 12.3.99)
2024-03-18 20:12:39+0800: Found 1 device(s) on platform 0 with type CPU or GPU or Accelerator
2024-03-18 20:12:39+0800: Found OpenCL Device 0: NVIDIA GeForce RTX 2060 (NVIDIA Corporation) (score 11000300)
2024-03-18 20:12:39+0800: Creating context for OpenCL Platform: NVIDIA CUDA (NVIDIA Corporation) (OpenCL 3.0 CUDA 12.3.99)
2024-03-18 20:12:39+0800: Using OpenCL Device 0: NVIDIA GeForce RTX 2060 (NVIDIA Corporation) OpenCL 3.0 CUDA (Extensions: cl_khr_global_int32_base_atomics cl_khr_global_int32_extended_atomics cl_khr_local_int32_base_atomics cl_khr_local_int32_extended_atomics cl_khr_fp64 cl_khr_3d_image_writes cl_khr_byte_addressable_store cl_khr_icd cl_khr_gl_sharing cl_nv_compiler_options cl_nv_device_attribute_query cl_nv_pragma_unroll cl_nv_d3d10_sharing cl_khr_d3d10_sharing cl_nv_d3d11_sharing cl_nv_copy_opts cl_nv_create_buffer cl_khr_int64_base_atomics cl_khr_int64_extended_atomics cl_khr_device_uuid cl_khr_pci_bus_info cl_khr_external_semaphore cl_khr_external_memory cl_khr_external_semaphore_win32 cl_khr_external_memory_win32)
2024-03-18 20:12:39+0800: Loaded tuning parameters from: F:\homework\毕业设计\katago-v1.13.0-opencl-windows-x64/KataGoData/opencltuning/tune11_gpuNVIDIAGeForceRTX2060_x19_y19_c384_mv14.txt
2024-03-18 20:12:39+0800: OpenCL backend thread 0: Device 0 Model version 14
2024-03-18 20:12:39+0800: OpenCL backend thread 0: Device 0 Model name: kata1-b18c384nbt-s7192213760-d3579182099
2024-03-18 20:12:41+0800: OpenCL backend thread 0: Device 0 FP16Storage true FP16Compute false FP16TensorCores true FP16TensorCoresFor1x1 false
2024-03-18 20:12:41+0800: Loaded neural net with nnXLen 19 nnYLen 19
2024-03-18 20:12:41+0800: Initializing board with boardXSize 19 boardYSize 19
2024-03-18 20:12:41+0800: Loaded config F:\homework\毕业设计\katago-v1.13.0-opencl-windows-x64\gtp_custom.cfg
2024-03-18 20:12:41+0800: Loaded model F:\homework\毕业设计\katago-v1.13.0-opencl-windows-x64\model.bin
2024-03-18 20:12:41+0800: Model name: kata1-b18c384nbt-s7192213760-d3579182099
2024-03-18 20:12:41+0800: GTP ready, beginning main protocol loop
2024-03-18 20:12:48+0800: Controller: loadsgf C:/Users/KILLLAKILL/AppData/LocalLow/DefaultCompany/yiwu/RecentGames\sgf_1701255612.sgf 1
2024-03-18 20:12:48+0800: Changing komi to 5.5
2024-03-18 20:12:48+0800: GPU 0 finishing, processed 0 rows 0 batches
2024-03-18 20:12:48+0800: Cleaned up old neural net and bot
2024-03-18 20:12:48+0800: nnRandSeed0 = 17619964148842169976
2024-03-18 20:12:48+0800: After dedups: nnModelFile0 = F:\homework\毕业设计\katago-v1.13.0-opencl-windows-x64\model.bin useFP16 auto useNHWC auto
2024-03-18 20:12:48+0800: Initializing neural net buffer to be size 9 * 9 exactly
2024-03-18 20:12:49+0800: Found OpenCL Platform 0: NVIDIA CUDA (NVIDIA Corporation) (OpenCL 3.0 CUDA 12.3.99)
2024-03-18 20:12:49+0800: Found 1 device(s) on platform 0 with type CPU or GPU or Accelerator
2024-03-18 20:12:49+0800: Found OpenCL Device 0: NVIDIA GeForce RTX 2060 (NVIDIA Corporation) (score 11000300)
2024-03-18 20:12:49+0800: Creating context for OpenCL Platform: NVIDIA CUDA (NVIDIA Corporation) (OpenCL 3.0 CUDA 12.3.99)
2024-03-18 20:12:49+0800: Using OpenCL Device 0: NVIDIA GeForce RTX 2060 (NVIDIA Corporation) OpenCL 3.0 CUDA (Extensions: cl_khr_global_int32_base_atomics cl_khr_global_int32_extended_atomics cl_khr_local_int32_base_atomics cl_khr_local_int32_extended_atomics cl_khr_fp64 cl_khr_3d_image_writes cl_khr_byte_addressable_store cl_khr_icd cl_khr_gl_sharing cl_nv_compiler_options cl_nv_device_attribute_query cl_nv_pragma_unroll cl_nv_d3d10_sharing cl_khr_d3d10_sharing cl_nv_d3d11_sharing cl_nv_copy_opts cl_nv_create_buffer cl_khr_int64_base_atomics cl_khr_int64_extended_atomics cl_khr_device_uuid cl_khr_pci_bus_info cl_khr_external_semaphore cl_khr_external_memory cl_khr_external_semaphore_win32 cl_khr_external_memory_win32)
2024-03-18 20:12:49+0800: Loaded tuning parameters from: F:\homework\毕业设计\katago-v1.13.0-opencl-windows-x64/KataGoData/opencltuning/tune11_gpuNVIDIAGeForceRTX2060_x19_y19_c384_mv14.txt
2024-03-18 20:12:49+0800: OpenCL backend thread 0: Device 0 Model version 14
2024-03-18 20:12:49+0800: OpenCL backend thread 0: Device 0 Model name: kata1-b18c384nbt-s7192213760-d3579182099
2024-03-18 20:12:51+0800: OpenCL backend thread 0: Device 0 FP16Storage true FP16Compute false FP16TensorCores true FP16TensorCoresFor1x1 false
2024-03-18 20:12:51+0800: Loaded neural net with nnXLen 9 nnYLen 9
2024-03-18 20:12:51+0800: Initializing board with boardXSize 9 boardYSize 9
2024-03-18 20:12:51+0800: = 
2024-03-18 20:12:58+0800: Controller: loadsgf C:/Users/KILLLAKILL/AppData/LocalLow/DefaultCompany/yiwu/RecentGames\sgf_1701255612.sgf 6
2024-03-18 20:12:58+0800: = 
2024-03-18 20:12:58+0800: Controller: lz-genmove_analyze maxmoves 6
2024-03-18 20:13:03+0800: MoveNum: 5 HASH: FFE96295C396DA517064CFFB0FD39D37
   A B C D E F G H J
 9 . . . . . . . . .
 8 . . . . . . . . .
 7 . . X . . . . . .
 6 . . . . . . . . .
 5 . . . . O O2. . .
 4 . . . . . . . . .
 3 . . X1. @ . X3. .
 2 . . . . . . . . .
 1 . . . . . . . . .

koSIMPLEscoreAREAtaxNONEsui0whbNfpok1komi5.5
Time taken: 5
Root visits: 3042
New playouts: 3042
NN rows: 2386
NN batches: 598
NN avg batch size: 3.98997
PV: E3 D4 F3 H5 H4 G4 G5 J4 H6 H3 D7 D6 C8 E7 D8 C6 E6 H7 B7 B6 J6 F7 G7 G8 G6
Tree:
: T -49.78c W -46.50c S  -2.19c ( -1.9 L  -1.4) N    3042  --  E3 D4 F3 H5 H4 G4 G5
---White(^)---
E3  : T -48.63c W -44.42c S  -2.16c ( -1.9 L  -1.5) LCB  -53.66c P 39.04% WF 1404.9 PSV    1389 N    2144  --  E3 D4 F3 H5 H4 G4 G5 J4
E7  : T -49.00c W -49.31c S  -1.63c ( -1.5 L  -1.1) LCB  -60.14c P 12.51% WF 298.3 PSV     298 N     442  --  E7 C5 D4 H5 C4 B4 H6 D3
C5  : T -57.51c W -52.50c S  -2.99c ( -2.3 L  -1.7) LCB  -70.57c P 27.75% WF 188.4 PSV     204 N     264  --  C5 D4 C6 E7 G7 F7 F3 F2
F2  : T -43.38c W -45.19c S  -2.10c ( -1.8 L  -1.2) LCB  -58.13c P  3.40% WF 126.8 PSV     123 N     150  --  F2 H5 C5 D4 D5 F3 E7 E8
F3  : T -74.36c W -69.23c S  -3.31c ( -2.3 L  -1.8) LCB  -91.45c P  5.41% WF  13.1 PSV      15 N      16  --  F3 F2 E7 C5 E2 E3
G4  : T -80.15c W -75.64c S  -3.88c ( -2.6 L  -2.1) LCB -116.33c P  2.51% WF   6.7 PSV       6 N       7  --  G4 F3 E3 E2
C6  : T -81.82c W -77.45c S  -4.08c ( -2.7 L  -1.8) LCB -117.42c P  2.65% WF   4.9 PSV       6 N       5  --  C6 D6 D5 E3
D7  : T -81.54c W -75.17c S  -3.55c ( -2.4 L  -1.4) LCB -111.97c P  2.26% WF   5.1 PSV       5 N       5  --  D7 C6 G4
D3  : T -94.47c W -83.14c S  -6.06c ( -3.7 L  -2.9) LCB -172.69c P  2.16% WF   3.1 PSV       3 N       3  --  D3 D4 E3
C4  : T -83.30c W -79.32c S  -3.98c ( -2.6 L  -1.4) LCB -433.30c P  0.62% WF   1.3 PSV       1 N       1  --  C4

2024-03-18 20:13:03+0800: = play E3
