2024-04-17 22:10:01+0800: Running with following config:
allowResignation = true
friendlyPassOk = true
hasButton = false
koRule = SIMPLE
lagBuffer = 1.0
logAllGTPCommunication = true
logDir = gtp_logs
logSearchInfo = true
logToStderr = false
multiStoneSuicideLegal = false
nnCacheSizePowerOfTwo = 20
nnMutexPoolSizePowerOfTwo = 16
numNNServerThreadsPerModel = 1
numSearchThreads = 8
openclDeviceToUseThread0 = 0
ponderingEnabled = false
resignConsecTurns = 3
resignThreshold = -0.90
scoringRule = AREA
searchFactorAfterOnePass = 0.50
searchFactorAfterTwoPass = 0.25
searchFactorWhenWinning = 0.40
searchFactorWhenWinningThreshold = 0.95
taxRule = NONE
whiteHandicapBonus = N

2024-04-17 22:10:01+0800: GTP Engine starting...
2024-04-17 22:10:01+0800: KataGo v1.13.0
2024-04-17 22:10:01+0800: Using Chinese rules initially, unless GTP/GUI overrides this
2024-04-17 22:10:01+0800: Using 8 CPU thread(s) for search
2024-04-17 22:10:01+0800: nnRandSeed0 = 1526621679122144358
2024-04-17 22:10:01+0800: After dedups: nnModelFile0 = F:/unity_project/yiwu/Assets/StreamingAssets\katago-v1.13.0-opencl-windows-x64\model.bin useFP16 auto useNHWC auto
2024-04-17 22:10:01+0800: Initializing neural net buffer to be size 19 * 19 exactly
2024-04-17 22:10:02+0800: Found OpenCL Platform 0: NVIDIA CUDA (NVIDIA Corporation) (OpenCL 3.0 CUDA 12.3.99)
2024-04-17 22:10:02+0800: Found 1 device(s) on platform 0 with type CPU or GPU or Accelerator
2024-04-17 22:10:02+0800: Found OpenCL Device 0: NVIDIA GeForce RTX 2060 (NVIDIA Corporation) (score 11000300)
2024-04-17 22:10:02+0800: Creating context for OpenCL Platform: NVIDIA CUDA (NVIDIA Corporation) (OpenCL 3.0 CUDA 12.3.99)
2024-04-17 22:10:02+0800: Using OpenCL Device 0: NVIDIA GeForce RTX 2060 (NVIDIA Corporation) OpenCL 3.0 CUDA (Extensions: cl_khr_global_int32_base_atomics cl_khr_global_int32_extended_atomics cl_khr_local_int32_base_atomics cl_khr_local_int32_extended_atomics cl_khr_fp64 cl_khr_3d_image_writes cl_khr_byte_addressable_store cl_khr_icd cl_khr_gl_sharing cl_nv_compiler_options cl_nv_device_attribute_query cl_nv_pragma_unroll cl_nv_d3d10_sharing cl_khr_d3d10_sharing cl_nv_d3d11_sharing cl_nv_copy_opts cl_nv_create_buffer cl_khr_int64_base_atomics cl_khr_int64_extended_atomics cl_khr_device_uuid cl_khr_pci_bus_info cl_khr_external_semaphore cl_khr_external_memory cl_khr_external_semaphore_win32 cl_khr_external_memory_win32)
2024-04-17 22:10:02+0800: Loaded tuning parameters from: F:\unity_project\yiwu\Assets\StreamingAssets\katago-v1.13.0-opencl-windows-x64/KataGoData/opencltuning/tune11_gpuNVIDIAGeForceRTX2060_x19_y19_c384_mv14.txt
2024-04-17 22:10:02+0800: OpenCL backend thread 0: Device 0 Model version 14
2024-04-17 22:10:02+0800: OpenCL backend thread 0: Device 0 Model name: kata1-b18c384nbt-s7192213760-d3579182099
2024-04-17 22:10:04+0800: OpenCL backend thread 0: Device 0 FP16Storage true FP16Compute false FP16TensorCores true FP16TensorCoresFor1x1 false
2024-04-17 22:10:04+0800: Loaded neural net with nnXLen 19 nnYLen 19
2024-04-17 22:10:04+0800: Initializing board with boardXSize 19 boardYSize 19
2024-04-17 22:10:04+0800: Loaded config F:/unity_project/yiwu/Assets/StreamingAssets\katago-v1.13.0-opencl-windows-x64\gtp_custom.cfg
2024-04-17 22:10:04+0800: Loaded model F:/unity_project/yiwu/Assets/StreamingAssets\katago-v1.13.0-opencl-windows-x64\model.bin
2024-04-17 22:10:04+0800: Model name: kata1-b18c384nbt-s7192213760-d3579182099
2024-04-17 22:10:04+0800: GTP ready, beginning main protocol loop
2024-04-17 22:10:08+0800: Controller: loadsgf C:/Users/KILLLAKILL/AppData/LocalLow/DefaultCompany/yiwu/RecentGames\sgf_1701255612.sgf 1
2024-04-17 22:10:08+0800: Changing komi to 5.5
2024-04-17 22:10:08+0800: GPU 0 finishing, processed 0 rows 0 batches
2024-04-17 22:10:08+0800: Cleaned up old neural net and bot
2024-04-17 22:10:08+0800: nnRandSeed0 = 2742844301731665082
2024-04-17 22:10:08+0800: After dedups: nnModelFile0 = F:/unity_project/yiwu/Assets/StreamingAssets\katago-v1.13.0-opencl-windows-x64\model.bin useFP16 auto useNHWC auto
2024-04-17 22:10:08+0800: Initializing neural net buffer to be size 9 * 9 exactly
2024-04-17 22:10:09+0800: Found OpenCL Platform 0: NVIDIA CUDA (NVIDIA Corporation) (OpenCL 3.0 CUDA 12.3.99)
2024-04-17 22:10:09+0800: Found 1 device(s) on platform 0 with type CPU or GPU or Accelerator
2024-04-17 22:10:09+0800: Found OpenCL Device 0: NVIDIA GeForce RTX 2060 (NVIDIA Corporation) (score 11000300)
2024-04-17 22:10:09+0800: Creating context for OpenCL Platform: NVIDIA CUDA (NVIDIA Corporation) (OpenCL 3.0 CUDA 12.3.99)
2024-04-17 22:10:09+0800: Using OpenCL Device 0: NVIDIA GeForce RTX 2060 (NVIDIA Corporation) OpenCL 3.0 CUDA (Extensions: cl_khr_global_int32_base_atomics cl_khr_global_int32_extended_atomics cl_khr_local_int32_base_atomics cl_khr_local_int32_extended_atomics cl_khr_fp64 cl_khr_3d_image_writes cl_khr_byte_addressable_store cl_khr_icd cl_khr_gl_sharing cl_nv_compiler_options cl_nv_device_attribute_query cl_nv_pragma_unroll cl_nv_d3d10_sharing cl_khr_d3d10_sharing cl_nv_d3d11_sharing cl_nv_copy_opts cl_nv_create_buffer cl_khr_int64_base_atomics cl_khr_int64_extended_atomics cl_khr_device_uuid cl_khr_pci_bus_info cl_khr_external_semaphore cl_khr_external_memory cl_khr_external_semaphore_win32 cl_khr_external_memory_win32)
2024-04-17 22:10:09+0800: Loaded tuning parameters from: F:\unity_project\yiwu\Assets\StreamingAssets\katago-v1.13.0-opencl-windows-x64/KataGoData/opencltuning/tune11_gpuNVIDIAGeForceRTX2060_x19_y19_c384_mv14.txt
2024-04-17 22:10:09+0800: OpenCL backend thread 0: Device 0 Model version 14
2024-04-17 22:10:09+0800: OpenCL backend thread 0: Device 0 Model name: kata1-b18c384nbt-s7192213760-d3579182099
2024-04-17 22:10:11+0800: OpenCL backend thread 0: Device 0 FP16Storage true FP16Compute false FP16TensorCores true FP16TensorCoresFor1x1 false
2024-04-17 22:10:11+0800: Loaded neural net with nnXLen 9 nnYLen 9
2024-04-17 22:10:11+0800: Initializing board with boardXSize 9 boardYSize 9
2024-04-17 22:10:11+0800: = 
2024-04-17 22:10:14+0800: Controller: loadsgf C:/Users/KILLLAKILL/AppData/LocalLow/DefaultCompany/yiwu/RecentGames\sgf_1701255612.sgf 6
2024-04-17 22:10:14+0800: = 
2024-04-17 22:10:14+0800: Controller: lz-genmove_analyze maxmoves 6
2024-04-17 22:10:19+0800: MoveNum: 5 HASH: FFE96295C396DA517064CFFB0FD39D37
   A B C D E F G H J
 9 . . . . . . . . .
 8 . . . . . . . . .
 7 . . X . . . . . .
 6 . . . . . . . . .
 5 . . . . O O2. . .
 4 . . . . . . . . .
 3 . . X1. @ . X3. .
 2 . . . . . . . . .
 1 . . . . . . . . .

koSIMPLEscoreAREAtaxNONEsui0whbNfpok1komi5.5
Time taken: 5
Root visits: 3156
New playouts: 3156
NN rows: 2449
NN batches: 613
NN avg batch size: 3.99511
PV: E3 D4 F3 H5 H4 G4 G5 J4 H6 H3 J6 D7 F2 J5 H2 G2 G1 G7 G6 H1 J1 J2 J3 F7 C2
Tree:
: T -51.23c W -47.48c S  -2.50c ( -2.1 L  -1.7) N    3156  --  E3 D4 F3 H5 H4 G4 G5
---White(^)---
E3  : T -49.29c W -45.79c S  -2.49c ( -2.1 L  -1.7) LCB  -54.14c P 37.91% WF 1618.5 PSV    1589 N    2444  --  E3 D4 F3 H5 H4 G4 G5 J4
E7  : T -54.11c W -49.01c S  -1.85c ( -1.6 L  -1.2) LCB  -64.47c P 17.70% WF 246.8 PSV     221 N     370  --  E7 D4 C6 D7 B5 E8 F7 F8
C5  : T -67.63c W -57.84c S  -4.25c ( -3.0 L  -2.4) LCB  -87.58c P 21.70% WF  80.7 PSV      91 N     110  --  C5 D4 C6 E7 F3 F2 E3 E2
F2  : T -49.67c W -49.26c S  -2.35c ( -2.0 L  -1.4) LCB  -60.78c P  2.15% WF 141.9 PSV      76 N     175  --  F2 H5 C5 D4 D5 F3 E7 E8
F3  : T -75.55c W -70.88c S  -3.36c ( -2.3 L  -1.7) LCB  -90.74c P 11.12% WF  29.0 PSV      33 N      36  --  F3 F2 E7 C5 E2 E3 F4 G2
D3  : T -83.31c W -78.63c S  -5.03c ( -3.2 L  -2.4) LCB -115.43c P  2.26% WF   4.3 PSV       5 N       5  --  D3 D4 E3 C4
C6  : T -86.26c W -78.35c S  -4.08c ( -2.7 L  -1.8) LCB -166.62c P  1.83% WF   3.3 PSV       4 N       3  --  C6 D6 D5
D7  : T -79.02c W -73.76c S  -3.37c ( -2.4 L  -1.4) LCB -127.58c P  1.45% WF   4.1 PSV       3 N       4  --  D7 C6 G4
G4  : T -78.24c W -73.12c S  -3.45c ( -2.4 L  -1.8) LCB -124.97c P  1.30% WF   3.7 PSV       3 N       4  --  G4 F3 E3
C4  : T -80.64c W -77.11c S  -3.53c ( -2.5 L  -1.2) LCB -430.64c P  0.70% WF   1.2 PSV       1 N       1  --  C4

2024-04-17 22:10:19+0800: = play E3
2024-04-17 22:10:47+0800: Controller: loadsgf C:/Users/KILLLAKILL/AppData/LocalLow/DefaultCompany/yiwu/RecentGames\sgf_1701255612.sgf 9
2024-04-17 22:10:47+0800: = 
2024-04-17 22:10:47+0800: Controller: lz-genmove_analyze maxmoves 6
2024-04-17 22:10:52+0800: MoveNum: 8 HASH: 6EABEF3F5A12D0D2005E3B0C6A65EBB4
   A B C D E F G H J
 9 . . . . . . . . .
 8 . . . . . . . . .
 7 . . X . . . . . .
 6 . . . . . . . . .
 5 . . . . O O O3. .
 4 . . . . . O1X2. .
 3 . . X . . . X . .
 2 . . . . @ . . . .
 1 . . . . . . . . .

koSIMPLEscoreAREAtaxNONEsui0whbNfpok1komi5.5
Time taken: 5
Root visits: 3754
New playouts: 3754
NN rows: 2442
NN batches: 612
NN avg batch size: 3.9902
PV: E2 C4 E7 D3 D2 F8 F7 G7 G6 H7 E8 B3 H5 H6 C2 H4
Tree:
: T 101.85c W  97.46c S   4.60c ( +5.4 L  +4.9) N    3754  --  E2 C4 E7 D3 D2 F8 F7
---Black(^)---
E2  : T 102.09c W  97.58c S   4.75c ( +5.5 L  +5.0) LCB  101.43c P 71.78% WF 7467.6 PSV    7451 N    3282  --  E2 C4 E7 D3 D2 F8 F7 G7
F3  : T 101.07c W  97.47c S   3.56c ( +4.9 L  +4.4) LCB   98.79c P 26.03% WF 985.3 PSV     999 N     432  --  F3 D3 D2 D4 B2 D8 C8 E7
H5  : T  92.38c W  91.43c S   0.82c ( +3.8 L  +2.8) LCB   68.22c P  1.72% WF  11.7 PSV      11 N       7  --  H5 H6 E2 C4
F2  : T  67.23c W  70.02c S  -2.80c ( +2.1 L  +1.6) LCB -282.77c P  0.19% WF   0.9 PSV       0 N       1  --  F2
E3  : T   0.97c W   7.26c S  -6.29c ( +0.7 L  +0.5) LCB -349.03c P  0.07% WF   0.5 PSV       0 N       1  --  E3
H7  : T  -1.50c W   4.00c S  -5.50c ( +0.7 L  +0.7) LCB -351.50c P  0.07% WF   0.6 PSV       0 N       1  --  H7
D2  : T  61.15c W  64.15c S  -3.00c ( +2.0 L  +1.6) LCB -288.85c P  0.05% WF   0.8 PSV       0 N       1  --  D2
E7  : T   4.63c W  10.61c S  -5.98c ( +0.7 L  +0.5) LCB -345.37c P  0.02% WF   0.6 PSV       0 N       1  --  E7
H6  : T -16.35c W -10.14c S  -6.21c ( +0.3 L  -0.9) LCB -366.35c P  0.01% WF   0.4 PSV       0 N       1  --  H6
C5  : T  33.71c W  39.06c S  -5.35c ( +1.1 L  +0.7) LCB -316.29c P  0.01% WF   0.7 PSV       0 N       1  --  C5

2024-04-17 22:10:52+0800: = play E2
