2024-03-18 17:49:15+0800: Running with following config:
allowResignation = true
friendlyPassOk = true
hasButton = false
koRule = SIMPLE
lagBuffer = 1.0
logAllGTPCommunication = true
logDir = gtp_logs
logSearchInfo = true
logToStderr = false
multiStoneSuicideLegal = false
nnCacheSizePowerOfTwo = 20
nnMutexPoolSizePowerOfTwo = 16
numNNServerThreadsPerModel = 1
numSearchThreads = 8
openclDeviceToUseThread0 = 0
ponderingEnabled = false
resignConsecTurns = 3
resignThreshold = -0.90
scoringRule = AREA
searchFactorAfterOnePass = 0.50
searchFactorAfterTwoPass = 0.25
searchFactorWhenWinning = 0.40
searchFactorWhenWinningThreshold = 0.95
taxRule = NONE
whiteHandicapBonus = N

2024-03-18 17:49:15+0800: GTP Engine starting...
2024-03-18 17:49:15+0800: KataGo v1.13.0
2024-03-18 17:49:15+0800: Using Chinese rules initially, unless GTP/GUI overrides this
2024-03-18 17:49:15+0800: Using 8 CPU thread(s) for search
2024-03-18 17:49:15+0800: nnRandSeed0 = 1325852048727695225
2024-03-18 17:49:15+0800: After dedups: nnModelFile0 = F:\homework\毕业设计\katago-v1.13.0-opencl-windows-x64\model.bin useFP16 auto useNHWC auto
2024-03-18 17:49:15+0800: Initializing neural net buffer to be size 19 * 19 exactly
2024-03-18 17:49:16+0800: Found OpenCL Platform 0: NVIDIA CUDA (NVIDIA Corporation) (OpenCL 3.0 CUDA 12.3.99)
2024-03-18 17:49:16+0800: Found 1 device(s) on platform 0 with type CPU or GPU or Accelerator
2024-03-18 17:49:16+0800: Found OpenCL Device 0: NVIDIA GeForce RTX 2060 (NVIDIA Corporation) (score 11000300)
2024-03-18 17:49:16+0800: Creating context for OpenCL Platform: NVIDIA CUDA (NVIDIA Corporation) (OpenCL 3.0 CUDA 12.3.99)
2024-03-18 17:49:16+0800: Using OpenCL Device 0: NVIDIA GeForce RTX 2060 (NVIDIA Corporation) OpenCL 3.0 CUDA (Extensions: cl_khr_global_int32_base_atomics cl_khr_global_int32_extended_atomics cl_khr_local_int32_base_atomics cl_khr_local_int32_extended_atomics cl_khr_fp64 cl_khr_3d_image_writes cl_khr_byte_addressable_store cl_khr_icd cl_khr_gl_sharing cl_nv_compiler_options cl_nv_device_attribute_query cl_nv_pragma_unroll cl_nv_d3d10_sharing cl_khr_d3d10_sharing cl_nv_d3d11_sharing cl_nv_copy_opts cl_nv_create_buffer cl_khr_int64_base_atomics cl_khr_int64_extended_atomics cl_khr_device_uuid cl_khr_pci_bus_info cl_khr_external_semaphore cl_khr_external_memory cl_khr_external_semaphore_win32 cl_khr_external_memory_win32)
2024-03-18 17:49:16+0800: Loaded tuning parameters from: F:\homework\毕业设计\katago-v1.13.0-opencl-windows-x64/KataGoData/opencltuning/tune11_gpuNVIDIAGeForceRTX2060_x19_y19_c384_mv14.txt
2024-03-18 17:49:16+0800: OpenCL backend thread 0: Device 0 Model version 14
2024-03-18 17:49:16+0800: OpenCL backend thread 0: Device 0 Model name: kata1-b18c384nbt-s7192213760-d3579182099
2024-03-18 17:49:18+0800: OpenCL backend thread 0: Device 0 FP16Storage true FP16Compute false FP16TensorCores true FP16TensorCoresFor1x1 false
2024-03-18 17:49:18+0800: Loaded neural net with nnXLen 19 nnYLen 19
2024-03-18 17:49:18+0800: Initializing board with boardXSize 19 boardYSize 19
2024-03-18 17:49:18+0800: Loaded config F:\homework\毕业设计\katago-v1.13.0-opencl-windows-x64\gtp_custom.cfg
2024-03-18 17:49:18+0800: Loaded model F:\homework\毕业设计\katago-v1.13.0-opencl-windows-x64\model.bin
2024-03-18 17:49:18+0800: Model name: kata1-b18c384nbt-s7192213760-d3579182099
2024-03-18 17:49:18+0800: GTP ready, beginning main protocol loop
2024-03-18 17:49:23+0800: Controller: loadsgf C:/Users/KILLLAKILL/AppData/LocalLow/DefaultCompany/yiwu/RecentGames\sgf_1701255612.sgf 1
2024-03-18 17:49:23+0800: Changing komi to 5.5
2024-03-18 17:49:23+0800: GPU 0 finishing, processed 0 rows 0 batches
2024-03-18 17:49:23+0800: Cleaned up old neural net and bot
2024-03-18 17:49:23+0800: nnRandSeed0 = 17892126846762775828
2024-03-18 17:49:23+0800: After dedups: nnModelFile0 = F:\homework\毕业设计\katago-v1.13.0-opencl-windows-x64\model.bin useFP16 auto useNHWC auto
2024-03-18 17:49:23+0800: Initializing neural net buffer to be size 9 * 9 exactly
2024-03-18 17:49:23+0800: Found OpenCL Platform 0: NVIDIA CUDA (NVIDIA Corporation) (OpenCL 3.0 CUDA 12.3.99)
2024-03-18 17:49:23+0800: Found 1 device(s) on platform 0 with type CPU or GPU or Accelerator
2024-03-18 17:49:23+0800: Found OpenCL Device 0: NVIDIA GeForce RTX 2060 (NVIDIA Corporation) (score 11000300)
2024-03-18 17:49:23+0800: Creating context for OpenCL Platform: NVIDIA CUDA (NVIDIA Corporation) (OpenCL 3.0 CUDA 12.3.99)
2024-03-18 17:49:23+0800: Using OpenCL Device 0: NVIDIA GeForce RTX 2060 (NVIDIA Corporation) OpenCL 3.0 CUDA (Extensions: cl_khr_global_int32_base_atomics cl_khr_global_int32_extended_atomics cl_khr_local_int32_base_atomics cl_khr_local_int32_extended_atomics cl_khr_fp64 cl_khr_3d_image_writes cl_khr_byte_addressable_store cl_khr_icd cl_khr_gl_sharing cl_nv_compiler_options cl_nv_device_attribute_query cl_nv_pragma_unroll cl_nv_d3d10_sharing cl_khr_d3d10_sharing cl_nv_d3d11_sharing cl_nv_copy_opts cl_nv_create_buffer cl_khr_int64_base_atomics cl_khr_int64_extended_atomics cl_khr_device_uuid cl_khr_pci_bus_info cl_khr_external_semaphore cl_khr_external_memory cl_khr_external_semaphore_win32 cl_khr_external_memory_win32)
2024-03-18 17:49:23+0800: Loaded tuning parameters from: F:\homework\毕业设计\katago-v1.13.0-opencl-windows-x64/KataGoData/opencltuning/tune11_gpuNVIDIAGeForceRTX2060_x19_y19_c384_mv14.txt
2024-03-18 17:49:24+0800: OpenCL backend thread 0: Device 0 Model version 14
2024-03-18 17:49:24+0800: OpenCL backend thread 0: Device 0 Model name: kata1-b18c384nbt-s7192213760-d3579182099
2024-03-18 17:49:26+0800: OpenCL backend thread 0: Device 0 FP16Storage true FP16Compute false FP16TensorCores true FP16TensorCoresFor1x1 false
2024-03-18 17:49:26+0800: Loaded neural net with nnXLen 9 nnYLen 9
2024-03-18 17:49:26+0800: Initializing board with boardXSize 9 boardYSize 9
2024-03-18 17:49:26+0800: = 
2024-03-18 17:49:28+0800: Controller: loadsgf C:/Users/KILLLAKILL/AppData/LocalLow/DefaultCompany/yiwu/RecentGames\sgf_1701255612.sgf 6
2024-03-18 17:49:28+0800: = 
2024-03-18 17:49:29+0800: Controller: lz-genmove_analyze maxmoves 6
2024-03-18 17:49:34+0800: MoveNum: 5 HASH: FFE96295C396DA517064CFFB0FD39D37
   A B C D E F G H J
 9 . . . . . . . . .
 8 . . . . . . . . .
 7 . . X . . . . . .
 6 . . . . . . . . .
 5 . . . . O O2. . .
 4 . . . . . . . . .
 3 . . X1. @ . X3. .
 2 . . . . . . . . .
 1 . . . . . . . . .

koSIMPLEscoreAREAtaxNONEsui0whbNfpok1komi5.5
Time taken: 5
Root visits: 2892
New playouts: 2892
NN rows: 2474
NN batches: 620
NN avg batch size: 3.99032
PV: E3 D4 F3 H5 H4 G4 G5 J4 H6 H3 D7 D6 C8 C6 E7 E6 F7 H7 G7
Tree:
: T -50.94c W -47.97c S  -2.58c ( -2.0 L  -1.5) N    2892  --  E3 D4 F3 H5 H4 G4 G5
---White(^)---
E3  : T -48.46c W -44.97c S  -2.55c ( -2.0 L  -1.6) LCB  -53.66c P 38.51% WF 1363.2 PSV    1329 N    1993  --  E3 D4 F3 H5 H4 G4 G5 J4
C5  : T -58.21c W -52.57c S  -3.13c ( -2.3 L  -1.7) LCB  -70.48c P 24.63% WF 215.2 PSV     163 N     304  --  C5 D4 C6 E7 F3 F2 E3 E2
E7  : T -53.81c W -52.90c S  -1.94c ( -1.6 L  -1.1) LCB  -63.81c P 13.01% WF 257.2 PSV     136 N     374  --  E7 C5 D4 H5 C4 B4 B3 B5
F2  : T -49.28c W -50.96c S  -2.57c ( -2.0 L  -1.3) LCB  -62.75c P  3.29% WF  76.2 PSV      76 N      90  --  F2 H5 C5 D4 D5 F3 E7 G6
F3  : T -57.70c W -59.88c S  -3.18c ( -2.2 L  -1.6) LCB  -72.67c P  9.67% WF  86.0 PSV      67 N     111  --  F3 F2 C5 E3 E7 B5 B6 C6
G4  : T -77.52c W -75.10c S  -3.68c ( -2.4 L  -2.0) LCB -115.59c P  2.14% WF   5.1 PSV       5 N       5  --  G4 F3 E3
D7  : T -77.53c W -72.21c S  -3.37c ( -2.3 L  -1.3) LCB -130.44c P  2.04% WF   4.2 PSV       5 N       4  --  D7 C6 G4
D3  : T -90.88c W -80.52c S  -5.42c ( -3.3 L  -2.4) LCB -167.73c P  2.46% WF   3.0 PSV       4 N       3  --  D3 D4 E3
C6  : T -86.48c W -77.38c S  -4.29c ( -2.7 L  -1.7) LCB -174.68c P  1.73% WF   3.5 PSV       3 N       3  --  C6 D6 D5
F7  : T -84.81c W -80.53c S  -4.28c ( -2.6 L  -1.6) LCB -434.81c P  0.79% WF   1.2 PSV       1 N       1  --  F7

2024-03-18 17:49:34+0800: = play E3
