2024-03-17 15:21:54+0800: Running with following config:
allowResignation = true
friendlyPassOk = true
hasButton = false
koRule = SIMPLE
lagBuffer = 1.0
logAllGTPCommunication = true
logDir = gtp_logs
logSearchInfo = true
logToStderr = false
multiStoneSuicideLegal = false
nnCacheSizePowerOfTwo = 20
nnMutexPoolSizePowerOfTwo = 16
numNNServerThreadsPerModel = 1
numSearchThreads = 8
openclDeviceToUseThread0 = 0
ponderingEnabled = false
resignConsecTurns = 3
resignThreshold = -0.90
scoringRule = AREA
searchFactorAfterOnePass = 0.50
searchFactorAfterTwoPass = 0.25
searchFactorWhenWinning = 0.40
searchFactorWhenWinningThreshold = 0.95
taxRule = NONE
whiteHandicapBonus = N

2024-03-17 15:21:54+0800: GTP Engine starting...
2024-03-17 15:21:54+0800: KataGo v1.13.0
2024-03-17 15:21:54+0800: Using Chinese rules initially, unless GTP/GUI overrides this
2024-03-17 15:21:54+0800: Using 8 CPU thread(s) for search
2024-03-17 15:21:54+0800: nnRandSeed0 = 16383517571604664638
2024-03-17 15:21:54+0800: After dedups: nnModelFile0 = F:\homework\毕业设计\katago-v1.13.0-opencl-windows-x64\model.bin useFP16 auto useNHWC auto
2024-03-17 15:21:54+0800: Initializing neural net buffer to be size 19 * 19 exactly
2024-03-17 15:21:55+0800: Found OpenCL Platform 0: NVIDIA CUDA (NVIDIA Corporation) (OpenCL 3.0 CUDA 12.3.99)
2024-03-17 15:21:55+0800: Found 1 device(s) on platform 0 with type CPU or GPU or Accelerator
2024-03-17 15:21:55+0800: Found OpenCL Device 0: NVIDIA GeForce RTX 2060 (NVIDIA Corporation) (score 11000300)
2024-03-17 15:21:55+0800: Creating context for OpenCL Platform: NVIDIA CUDA (NVIDIA Corporation) (OpenCL 3.0 CUDA 12.3.99)
2024-03-17 15:21:55+0800: Using OpenCL Device 0: NVIDIA GeForce RTX 2060 (NVIDIA Corporation) OpenCL 3.0 CUDA (Extensions: cl_khr_global_int32_base_atomics cl_khr_global_int32_extended_atomics cl_khr_local_int32_base_atomics cl_khr_local_int32_extended_atomics cl_khr_fp64 cl_khr_3d_image_writes cl_khr_byte_addressable_store cl_khr_icd cl_khr_gl_sharing cl_nv_compiler_options cl_nv_device_attribute_query cl_nv_pragma_unroll cl_nv_d3d10_sharing cl_khr_d3d10_sharing cl_nv_d3d11_sharing cl_nv_copy_opts cl_nv_create_buffer cl_khr_int64_base_atomics cl_khr_int64_extended_atomics cl_khr_device_uuid cl_khr_pci_bus_info cl_khr_external_semaphore cl_khr_external_memory cl_khr_external_semaphore_win32 cl_khr_external_memory_win32)
2024-03-17 15:21:55+0800: Loaded tuning parameters from: F:\homework\毕业设计\katago-v1.13.0-opencl-windows-x64/KataGoData/opencltuning/tune11_gpuNVIDIAGeForceRTX2060_x19_y19_c384_mv14.txt
2024-03-17 15:21:55+0800: OpenCL backend thread 0: Device 0 Model version 14
2024-03-17 15:21:55+0800: OpenCL backend thread 0: Device 0 Model name: kata1-b18c384nbt-s7192213760-d3579182099
2024-03-17 15:21:58+0800: OpenCL backend thread 0: Device 0 FP16Storage true FP16Compute false FP16TensorCores true FP16TensorCoresFor1x1 false
2024-03-17 15:21:58+0800: Loaded neural net with nnXLen 19 nnYLen 19
2024-03-17 15:21:58+0800: Initializing board with boardXSize 19 boardYSize 19
2024-03-17 15:21:58+0800: Loaded config F:\homework\毕业设计\katago-v1.13.0-opencl-windows-x64\gtp_custom.cfg
2024-03-17 15:21:58+0800: Loaded model F:\homework\毕业设计\katago-v1.13.0-opencl-windows-x64\model.bin
2024-03-17 15:21:58+0800: Model name: kata1-b18c384nbt-s7192213760-d3579182099
2024-03-17 15:21:58+0800: GTP ready, beginning main protocol loop
2024-03-17 15:22:02+0800: Controller: loadsgf C:/Users/KILLLAKILL/AppData/LocalLow/DefaultCompany/yiwu/RecentGames\sgf_1701255612.sgf 1
2024-03-17 15:22:02+0800: Changing komi to 5.5
2024-03-17 15:22:02+0800: GPU 0 finishing, processed 0 rows 0 batches
2024-03-17 15:22:03+0800: Cleaned up old neural net and bot
2024-03-17 15:22:03+0800: nnRandSeed0 = 6872485352569699170
2024-03-17 15:22:03+0800: After dedups: nnModelFile0 = F:\homework\毕业设计\katago-v1.13.0-opencl-windows-x64\model.bin useFP16 auto useNHWC auto
2024-03-17 15:22:03+0800: Initializing neural net buffer to be size 9 * 9 exactly
2024-03-17 15:22:03+0800: Found OpenCL Platform 0: NVIDIA CUDA (NVIDIA Corporation) (OpenCL 3.0 CUDA 12.3.99)
2024-03-17 15:22:03+0800: Found 1 device(s) on platform 0 with type CPU or GPU or Accelerator
2024-03-17 15:22:03+0800: Found OpenCL Device 0: NVIDIA GeForce RTX 2060 (NVIDIA Corporation) (score 11000300)
2024-03-17 15:22:03+0800: Creating context for OpenCL Platform: NVIDIA CUDA (NVIDIA Corporation) (OpenCL 3.0 CUDA 12.3.99)
2024-03-17 15:22:03+0800: Using OpenCL Device 0: NVIDIA GeForce RTX 2060 (NVIDIA Corporation) OpenCL 3.0 CUDA (Extensions: cl_khr_global_int32_base_atomics cl_khr_global_int32_extended_atomics cl_khr_local_int32_base_atomics cl_khr_local_int32_extended_atomics cl_khr_fp64 cl_khr_3d_image_writes cl_khr_byte_addressable_store cl_khr_icd cl_khr_gl_sharing cl_nv_compiler_options cl_nv_device_attribute_query cl_nv_pragma_unroll cl_nv_d3d10_sharing cl_khr_d3d10_sharing cl_nv_d3d11_sharing cl_nv_copy_opts cl_nv_create_buffer cl_khr_int64_base_atomics cl_khr_int64_extended_atomics cl_khr_device_uuid cl_khr_pci_bus_info cl_khr_external_semaphore cl_khr_external_memory cl_khr_external_semaphore_win32 cl_khr_external_memory_win32)
2024-03-17 15:22:03+0800: Loaded tuning parameters from: F:\homework\毕业设计\katago-v1.13.0-opencl-windows-x64/KataGoData/opencltuning/tune11_gpuNVIDIAGeForceRTX2060_x19_y19_c384_mv14.txt
2024-03-17 15:22:04+0800: OpenCL backend thread 0: Device 0 Model version 14
2024-03-17 15:22:04+0800: OpenCL backend thread 0: Device 0 Model name: kata1-b18c384nbt-s7192213760-d3579182099
2024-03-17 15:22:06+0800: OpenCL backend thread 0: Device 0 FP16Storage true FP16Compute false FP16TensorCores true FP16TensorCoresFor1x1 false
2024-03-17 15:22:06+0800: Loaded neural net with nnXLen 9 nnYLen 9
2024-03-17 15:22:06+0800: Initializing board with boardXSize 9 boardYSize 9
2024-03-17 15:22:06+0800: = 
2024-03-17 15:22:09+0800: Controller: loadsgf C:/Users/KILLLAKILL/AppData/LocalLow/DefaultCompany/yiwu/RecentGames\sgf_1701255612.sgf 6
2024-03-17 15:22:09+0800: = 
2024-03-17 15:22:09+0800: Controller: lz-genmove_analyze maxmoves 6
2024-03-17 15:22:14+0800: MoveNum: 5 HASH: FFE96295C396DA517064CFFB0FD39D37
   A B C D E F G H J
 9 . . . . . . . . .
 8 . . . . . . . . .
 7 . . X . . . . . .
 6 . . . . . . . . .
 5 . . . . O O2. . .
 4 . . . . . . . . .
 3 . . X1. @ . X3. .
 2 . . . . . . . . .
 1 . . . . . . . . .

koSIMPLEscoreAREAtaxNONEsui0whbNfpok1komi5.5
Time taken: 5
Root visits: 3055
New playouts: 3055
NN rows: 2105
NN batches: 522
NN avg batch size: 4.03257
PV: E3 D4 F3 H5 H4 G4 G5 J4 H6 H3 J6 D7 F2 J5 H2 G2 G1 G7 G6 H1 J1 J2 J3 F7 C2
Tree:
: T -39.78c W -38.34c S  -1.65c ( -1.6 L  -1.1) N    3055  --  E3 D4 F3 H5 H4 G4 G5
---White(^)---
E3  : T -37.06c W -36.15c S  -1.52c ( -1.5 L  -1.1) LCB  -41.97c P 38.50% WF 1708.0 PSV    1665 N    2606  --  E3 D4 F3 H5 H4 G4 G5 J4
E7  : T -48.59c W -45.59c S  -1.73c ( -1.6 L  -1.2) LCB  -60.42c P 16.02% WF 189.7 PSV     105 N     311  --  E7 D4 C6 D6 D7 D5 F3 G4
C5  : T -65.51c W -56.19c S  -3.72c ( -2.7 L  -2.1) LCB  -84.98c P 24.47% WF  59.9 PSV      72 N      91  --  C5 E7 E3 D4 F3 D5 G6 H5
F3  : T -79.90c W -72.50c S  -3.71c ( -2.5 L  -1.9) LCB -101.08c P  8.97% WF  13.6 PSV      17 N      17  --  F3 F2 E7 C5 E2 E3
F2  : T -54.90c W -54.97c S  -2.16c ( -1.9 L  -1.1) LCB  -75.51c P  1.82% WF  10.0 PSV       8 N      12  --  F2 C5 D4 H5
G4  : T -75.11c W -72.55c S  -3.12c ( -2.3 L  -1.9) LCB -126.51c P  2.13% WF   3.6 PSV       4 N       4  --  G4 F3 D4
D7  : T -71.94c W -69.37c S  -2.91c ( -2.2 L  -1.4) LCB -147.20c P  1.71% WF   2.8 PSV       4 N       3  --  D7 C6
C6  : T -86.40c W -78.98c S  -4.16c ( -2.8 L  -1.8) LCB -166.47c P  2.00% WF   3.1 PSV       3 N       3  --  C6 D6 D5
D3  : T -92.64c W -82.17c S  -5.56c ( -3.5 L  -2.5) LCB -170.81c P  1.98% WF   3.0 PSV       3 N       3  --  D3 D4 E3
C4  : T -84.88c W -80.66c S  -4.22c ( -2.8 L  -1.6) LCB -434.88c P  0.74% WF   1.3 PSV       1 N       1  --  C4

2024-03-17 15:22:14+0800: = play E3
