2024-03-17 17:37:34+0800: Running with following config:
allowResignation = true
friendlyPassOk = true
hasButton = false
koRule = SIMPLE
lagBuffer = 1.0
logAllGTPCommunication = true
logDir = gtp_logs
logSearchInfo = true
logToStderr = false
multiStoneSuicideLegal = false
nnCacheSizePowerOfTwo = 20
nnMutexPoolSizePowerOfTwo = 16
numNNServerThreadsPerModel = 1
numSearchThreads = 8
openclDeviceToUseThread0 = 0
ponderingEnabled = false
resignConsecTurns = 3
resignThreshold = -0.90
scoringRule = AREA
searchFactorAfterOnePass = 0.50
searchFactorAfterTwoPass = 0.25
searchFactorWhenWinning = 0.40
searchFactorWhenWinningThreshold = 0.95
taxRule = NONE
whiteHandicapBonus = N

2024-03-17 17:37:34+0800: GTP Engine starting...
2024-03-17 17:37:34+0800: KataGo v1.13.0
2024-03-17 17:37:34+0800: Using Chinese rules initially, unless GTP/GUI overrides this
2024-03-17 17:37:34+0800: Using 8 CPU thread(s) for search
2024-03-17 17:37:34+0800: nnRandSeed0 = 18133801740693222225
2024-03-17 17:37:34+0800: After dedups: nnModelFile0 = F:\homework\毕业设计\katago-v1.13.0-opencl-windows-x64\model.bin useFP16 auto useNHWC auto
2024-03-17 17:37:34+0800: Initializing neural net buffer to be size 19 * 19 exactly
2024-03-17 17:37:35+0800: Found OpenCL Platform 0: NVIDIA CUDA (NVIDIA Corporation) (OpenCL 3.0 CUDA 12.3.99)
2024-03-17 17:37:35+0800: Found 1 device(s) on platform 0 with type CPU or GPU or Accelerator
2024-03-17 17:37:35+0800: Found OpenCL Device 0: NVIDIA GeForce RTX 2060 (NVIDIA Corporation) (score 11000300)
2024-03-17 17:37:35+0800: Creating context for OpenCL Platform: NVIDIA CUDA (NVIDIA Corporation) (OpenCL 3.0 CUDA 12.3.99)
2024-03-17 17:37:35+0800: Using OpenCL Device 0: NVIDIA GeForce RTX 2060 (NVIDIA Corporation) OpenCL 3.0 CUDA (Extensions: cl_khr_global_int32_base_atomics cl_khr_global_int32_extended_atomics cl_khr_local_int32_base_atomics cl_khr_local_int32_extended_atomics cl_khr_fp64 cl_khr_3d_image_writes cl_khr_byte_addressable_store cl_khr_icd cl_khr_gl_sharing cl_nv_compiler_options cl_nv_device_attribute_query cl_nv_pragma_unroll cl_nv_d3d10_sharing cl_khr_d3d10_sharing cl_nv_d3d11_sharing cl_nv_copy_opts cl_nv_create_buffer cl_khr_int64_base_atomics cl_khr_int64_extended_atomics cl_khr_device_uuid cl_khr_pci_bus_info cl_khr_external_semaphore cl_khr_external_memory cl_khr_external_semaphore_win32 cl_khr_external_memory_win32)
2024-03-17 17:37:35+0800: Loaded tuning parameters from: F:\homework\毕业设计\katago-v1.13.0-opencl-windows-x64/KataGoData/opencltuning/tune11_gpuNVIDIAGeForceRTX2060_x19_y19_c384_mv14.txt
2024-03-17 17:37:35+0800: OpenCL backend thread 0: Device 0 Model version 14
2024-03-17 17:37:35+0800: OpenCL backend thread 0: Device 0 Model name: kata1-b18c384nbt-s7192213760-d3579182099
2024-03-17 17:37:37+0800: OpenCL backend thread 0: Device 0 FP16Storage true FP16Compute false FP16TensorCores true FP16TensorCoresFor1x1 false
2024-03-17 17:37:37+0800: Loaded neural net with nnXLen 19 nnYLen 19
2024-03-17 17:37:37+0800: Initializing board with boardXSize 19 boardYSize 19
2024-03-17 17:37:37+0800: Loaded config F:\homework\毕业设计\katago-v1.13.0-opencl-windows-x64\gtp_custom.cfg
2024-03-17 17:37:37+0800: Loaded model F:\homework\毕业设计\katago-v1.13.0-opencl-windows-x64\model.bin
2024-03-17 17:37:37+0800: Model name: kata1-b18c384nbt-s7192213760-d3579182099
2024-03-17 17:37:37+0800: GTP ready, beginning main protocol loop
2024-03-17 17:37:42+0800: Controller: loadsgf C:/Users/KILLLAKILL/AppData/LocalLow/DefaultCompany/yiwu/RecentGames\sgf_1701255612.sgf 1
2024-03-17 17:37:42+0800: Changing komi to 5.5
2024-03-17 17:37:43+0800: GPU 0 finishing, processed 0 rows 0 batches
2024-03-17 17:37:43+0800: Cleaned up old neural net and bot
2024-03-17 17:37:43+0800: nnRandSeed0 = 8624652428448071386
2024-03-17 17:37:43+0800: After dedups: nnModelFile0 = F:\homework\毕业设计\katago-v1.13.0-opencl-windows-x64\model.bin useFP16 auto useNHWC auto
2024-03-17 17:37:43+0800: Initializing neural net buffer to be size 9 * 9 exactly
2024-03-17 17:37:43+0800: Found OpenCL Platform 0: NVIDIA CUDA (NVIDIA Corporation) (OpenCL 3.0 CUDA 12.3.99)
2024-03-17 17:37:43+0800: Found 1 device(s) on platform 0 with type CPU or GPU or Accelerator
2024-03-17 17:37:43+0800: Found OpenCL Device 0: NVIDIA GeForce RTX 2060 (NVIDIA Corporation) (score 11000300)
2024-03-17 17:37:43+0800: Creating context for OpenCL Platform: NVIDIA CUDA (NVIDIA Corporation) (OpenCL 3.0 CUDA 12.3.99)
2024-03-17 17:37:43+0800: Using OpenCL Device 0: NVIDIA GeForce RTX 2060 (NVIDIA Corporation) OpenCL 3.0 CUDA (Extensions: cl_khr_global_int32_base_atomics cl_khr_global_int32_extended_atomics cl_khr_local_int32_base_atomics cl_khr_local_int32_extended_atomics cl_khr_fp64 cl_khr_3d_image_writes cl_khr_byte_addressable_store cl_khr_icd cl_khr_gl_sharing cl_nv_compiler_options cl_nv_device_attribute_query cl_nv_pragma_unroll cl_nv_d3d10_sharing cl_khr_d3d10_sharing cl_nv_d3d11_sharing cl_nv_copy_opts cl_nv_create_buffer cl_khr_int64_base_atomics cl_khr_int64_extended_atomics cl_khr_device_uuid cl_khr_pci_bus_info cl_khr_external_semaphore cl_khr_external_memory cl_khr_external_semaphore_win32 cl_khr_external_memory_win32)
2024-03-17 17:37:43+0800: Loaded tuning parameters from: F:\homework\毕业设计\katago-v1.13.0-opencl-windows-x64/KataGoData/opencltuning/tune11_gpuNVIDIAGeForceRTX2060_x19_y19_c384_mv14.txt
2024-03-17 17:37:44+0800: OpenCL backend thread 0: Device 0 Model version 14
2024-03-17 17:37:44+0800: OpenCL backend thread 0: Device 0 Model name: kata1-b18c384nbt-s7192213760-d3579182099
2024-03-17 17:37:46+0800: OpenCL backend thread 0: Device 0 FP16Storage true FP16Compute false FP16TensorCores true FP16TensorCoresFor1x1 false
2024-03-17 17:37:46+0800: Loaded neural net with nnXLen 9 nnYLen 9
2024-03-17 17:37:46+0800: Initializing board with boardXSize 9 boardYSize 9
2024-03-17 17:37:46+0800: = 
2024-03-17 17:37:48+0800: Controller: loadsgf C:/Users/KILLLAKILL/AppData/LocalLow/DefaultCompany/yiwu/RecentGames\sgf_1701255612.sgf 6
2024-03-17 17:37:48+0800: = 
2024-03-17 17:37:48+0800: Controller: lz-genmove_analyze maxmoves 6
2024-03-17 17:37:53+0800: MoveNum: 5 HASH: FFE96295C396DA517064CFFB0FD39D37
   A B C D E F G H J
 9 . . . . . . . . .
 8 . . . . . . . . .
 7 . . X . . . . . .
 6 . . . . . . . . .
 5 . . . . O O2. . .
 4 . . . . . . . . .
 3 . . X1. @ . X3. .
 2 . . . . . . . . .
 1 . . . . . . . . .

koSIMPLEscoreAREAtaxNONEsui0whbNfpok1komi5.5
Time taken: 5
Root visits: 3053
New playouts: 3053
NN rows: 2450
NN batches: 614
NN avg batch size: 3.99023
PV: E3 D4 F3 H5 H4 G4 G5 J4 H6 H3 D7 D6 C8 C6 E7 E6 F6 G7 H7 B8 D8 F7 F8 C9 B9
Tree:
: T -44.37c W -41.68c S  -2.04c ( -1.9 L  -1.5) N    3053  --  E3 D4 F3 H5 H4 G4 G5
---White(^)---
E3  : T -41.95c W -39.43c S  -1.99c ( -1.9 L  -1.5) LCB  -46.92c P 34.58% WF 1628.7 PSV    1594 N    2586  --  E3 D4 F3 H5 H4 G4 G5 J4
E7  : T -49.79c W -48.44c S  -1.77c ( -1.7 L  -1.3) LCB  -61.03c P 17.52% WF 198.9 PSV     151 N     312  --  E7 C5 D4 H5 C4 B4 H6 D3
C5  : T -67.41c W -57.75c S  -3.50c ( -2.6 L  -1.9) LCB  -86.70c P 26.16% WF  67.5 PSV      80 N      99  --  C5 D4 C6 E7 F3 F2 E3 E2
F3  : T -76.69c W -68.99c S  -3.28c ( -2.4 L  -1.8) LCB -103.46c P  7.30% WF  13.3 PSV      16 N      16  --  F3 F2 E7 C5 E2
F2  : T -54.05c W -52.57c S  -1.94c ( -1.8 L  -1.1) LCB  -76.91c P  2.18% WF  16.6 PSV      13 N      20  --  F2 H5 C5 D4 D5 F3
G4  : T -74.01c W -71.89c S  -2.89c ( -2.2 L  -1.8) LCB -113.88c P  2.54% WF   4.8 PSV       6 N       5  --  G4 F3 D4
D7  : T -76.92c W -72.08c S  -3.03c ( -2.3 L  -1.4) LCB -128.94c P  2.34% WF   4.0 PSV       5 N       4  --  D7 C6 G4
C6  : T -85.87c W -78.35c S  -3.95c ( -2.7 L  -1.7) LCB -165.23c P  2.37% WF   3.2 PSV       4 N       3  --  C6 D6 D5
D3  : T -86.53c W -79.00c S  -4.10c ( -2.8 L  -1.9) LCB -161.61c P  1.81% WF   2.9 PSV       3 N       3  --  D3 D4 F3
C4  : T -81.55c W -77.99c S  -3.56c ( -2.5 L  -1.3) LCB -431.55c P  1.11% WF   1.2 PSV       2 N       1  --  C4

2024-03-17 17:37:53+0800: = play E3
2024-03-17 17:38:12+0800: Controller: loadsgf C:/Users/KILLLAKILL/AppData/LocalLow/DefaultCompany/yiwu/RecentGames\sgf_1701255612.sgf 1
2024-03-17 17:38:12+0800: = 
