2024-03-18 20:01:00+0800: Running with following config:
allowResignation = true
friendlyPassOk = true
hasButton = false
koRule = SIMPLE
lagBuffer = 1.0
logAllGTPCommunication = true
logDir = gtp_logs
logSearchInfo = true
logToStderr = false
multiStoneSuicideLegal = false
nnCacheSizePowerOfTwo = 20
nnMutexPoolSizePowerOfTwo = 16
numNNServerThreadsPerModel = 1
numSearchThreads = 8
openclDeviceToUseThread0 = 0
ponderingEnabled = false
resignConsecTurns = 3
resignThreshold = -0.90
scoringRule = AREA
searchFactorAfterOnePass = 0.50
searchFactorAfterTwoPass = 0.25
searchFactorWhenWinning = 0.40
searchFactorWhenWinningThreshold = 0.95
taxRule = NONE
whiteHandicapBonus = N

2024-03-18 20:01:00+0800: GTP Engine starting...
2024-03-18 20:01:00+0800: KataGo v1.13.0
2024-03-18 20:01:00+0800: Using Chinese rules initially, unless GTP/GUI overrides this
2024-03-18 20:01:00+0800: Using 8 CPU thread(s) for search
2024-03-18 20:01:00+0800: nnRandSeed0 = 13102183959864247811
2024-03-18 20:01:00+0800: After dedups: nnModelFile0 = F:\homework\毕业设计\katago-v1.13.0-opencl-windows-x64\model.bin useFP16 auto useNHWC auto
2024-03-18 20:01:00+0800: Initializing neural net buffer to be size 19 * 19 exactly
2024-03-18 20:01:01+0800: Found OpenCL Platform 0: NVIDIA CUDA (NVIDIA Corporation) (OpenCL 3.0 CUDA 12.3.99)
2024-03-18 20:01:01+0800: Found 1 device(s) on platform 0 with type CPU or GPU or Accelerator
2024-03-18 20:01:01+0800: Found OpenCL Device 0: NVIDIA GeForce RTX 2060 (NVIDIA Corporation) (score 11000300)
2024-03-18 20:01:01+0800: Creating context for OpenCL Platform: NVIDIA CUDA (NVIDIA Corporation) (OpenCL 3.0 CUDA 12.3.99)
2024-03-18 20:01:01+0800: Using OpenCL Device 0: NVIDIA GeForce RTX 2060 (NVIDIA Corporation) OpenCL 3.0 CUDA (Extensions: cl_khr_global_int32_base_atomics cl_khr_global_int32_extended_atomics cl_khr_local_int32_base_atomics cl_khr_local_int32_extended_atomics cl_khr_fp64 cl_khr_3d_image_writes cl_khr_byte_addressable_store cl_khr_icd cl_khr_gl_sharing cl_nv_compiler_options cl_nv_device_attribute_query cl_nv_pragma_unroll cl_nv_d3d10_sharing cl_khr_d3d10_sharing cl_nv_d3d11_sharing cl_nv_copy_opts cl_nv_create_buffer cl_khr_int64_base_atomics cl_khr_int64_extended_atomics cl_khr_device_uuid cl_khr_pci_bus_info cl_khr_external_semaphore cl_khr_external_memory cl_khr_external_semaphore_win32 cl_khr_external_memory_win32)
2024-03-18 20:01:01+0800: Loaded tuning parameters from: F:\homework\毕业设计\katago-v1.13.0-opencl-windows-x64/KataGoData/opencltuning/tune11_gpuNVIDIAGeForceRTX2060_x19_y19_c384_mv14.txt
2024-03-18 20:01:01+0800: OpenCL backend thread 0: Device 0 Model version 14
2024-03-18 20:01:01+0800: OpenCL backend thread 0: Device 0 Model name: kata1-b18c384nbt-s7192213760-d3579182099
2024-03-18 20:01:03+0800: OpenCL backend thread 0: Device 0 FP16Storage true FP16Compute false FP16TensorCores true FP16TensorCoresFor1x1 false
2024-03-18 20:01:03+0800: Loaded neural net with nnXLen 19 nnYLen 19
2024-03-18 20:01:03+0800: Initializing board with boardXSize 19 boardYSize 19
2024-03-18 20:01:03+0800: Loaded config F:\homework\毕业设计\katago-v1.13.0-opencl-windows-x64\gtp_custom.cfg
2024-03-18 20:01:03+0800: Loaded model F:\homework\毕业设计\katago-v1.13.0-opencl-windows-x64\model.bin
2024-03-18 20:01:03+0800: Model name: kata1-b18c384nbt-s7192213760-d3579182099
2024-03-18 20:01:03+0800: GTP ready, beginning main protocol loop
2024-03-18 20:01:06+0800: Controller: loadsgf C:/Users/KILLLAKILL/AppData/LocalLow/DefaultCompany/yiwu/RecentGames\sgf_1701255612.sgf 1
2024-03-18 20:01:06+0800: Changing komi to 5.5
2024-03-18 20:01:06+0800: GPU 0 finishing, processed 0 rows 0 batches
2024-03-18 20:01:06+0800: Cleaned up old neural net and bot
2024-03-18 20:01:06+0800: nnRandSeed0 = 14483537663575328011
2024-03-18 20:01:06+0800: After dedups: nnModelFile0 = F:\homework\毕业设计\katago-v1.13.0-opencl-windows-x64\model.bin useFP16 auto useNHWC auto
2024-03-18 20:01:06+0800: Initializing neural net buffer to be size 9 * 9 exactly
2024-03-18 20:01:07+0800: Found OpenCL Platform 0: NVIDIA CUDA (NVIDIA Corporation) (OpenCL 3.0 CUDA 12.3.99)
2024-03-18 20:01:07+0800: Found 1 device(s) on platform 0 with type CPU or GPU or Accelerator
2024-03-18 20:01:07+0800: Found OpenCL Device 0: NVIDIA GeForce RTX 2060 (NVIDIA Corporation) (score 11000300)
2024-03-18 20:01:07+0800: Creating context for OpenCL Platform: NVIDIA CUDA (NVIDIA Corporation) (OpenCL 3.0 CUDA 12.3.99)
2024-03-18 20:01:07+0800: Using OpenCL Device 0: NVIDIA GeForce RTX 2060 (NVIDIA Corporation) OpenCL 3.0 CUDA (Extensions: cl_khr_global_int32_base_atomics cl_khr_global_int32_extended_atomics cl_khr_local_int32_base_atomics cl_khr_local_int32_extended_atomics cl_khr_fp64 cl_khr_3d_image_writes cl_khr_byte_addressable_store cl_khr_icd cl_khr_gl_sharing cl_nv_compiler_options cl_nv_device_attribute_query cl_nv_pragma_unroll cl_nv_d3d10_sharing cl_khr_d3d10_sharing cl_nv_d3d11_sharing cl_nv_copy_opts cl_nv_create_buffer cl_khr_int64_base_atomics cl_khr_int64_extended_atomics cl_khr_device_uuid cl_khr_pci_bus_info cl_khr_external_semaphore cl_khr_external_memory cl_khr_external_semaphore_win32 cl_khr_external_memory_win32)
2024-03-18 20:01:07+0800: Loaded tuning parameters from: F:\homework\毕业设计\katago-v1.13.0-opencl-windows-x64/KataGoData/opencltuning/tune11_gpuNVIDIAGeForceRTX2060_x19_y19_c384_mv14.txt
2024-03-18 20:01:07+0800: OpenCL backend thread 0: Device 0 Model version 14
2024-03-18 20:01:07+0800: OpenCL backend thread 0: Device 0 Model name: kata1-b18c384nbt-s7192213760-d3579182099
2024-03-18 20:01:10+0800: OpenCL backend thread 0: Device 0 FP16Storage true FP16Compute false FP16TensorCores true FP16TensorCoresFor1x1 false
2024-03-18 20:01:10+0800: Loaded neural net with nnXLen 9 nnYLen 9
2024-03-18 20:01:10+0800: Initializing board with boardXSize 9 boardYSize 9
2024-03-18 20:01:10+0800: = 
2024-03-18 20:01:12+0800: Controller: loadsgf C:/Users/KILLLAKILL/AppData/LocalLow/DefaultCompany/yiwu/RecentGames\sgf_1701255612.sgf 6
2024-03-18 20:01:12+0800: = 
2024-03-18 20:01:12+0800: Controller: lz-genmove_analyze maxmoves 6
2024-03-18 20:01:17+0800: MoveNum: 5 HASH: FFE96295C396DA517064CFFB0FD39D37
   A B C D E F G H J
 9 . . . . . . . . .
 8 . . . . . . . . .
 7 . . X . . . . . .
 6 . . . . . . . . .
 5 . . . . O O2. . .
 4 . . . . . . . . .
 3 . . X1. @ . X3. .
 2 . . . . . . . . .
 1 . . . . . . . . .

koSIMPLEscoreAREAtaxNONEsui0whbNfpok1komi5.5
Time taken: 5
Root visits: 3026
New playouts: 3026
NN rows: 2537
NN batches: 635
NN avg batch size: 3.99528
PV: E3 D4 F3 H5 H4 D6 H6 G6 G7 G5 G4 F6 E6 F7 D7 D5 E7 H7 C2 B2
Tree:
: T -57.22c W -52.58c S  -2.81c ( -2.2 L  -1.8) N    3026  --  E3 D4 F3 H5 H4 D6 H6
---White(^)---
E3  : T -55.77c W -50.86c S  -2.83c ( -2.2 L  -1.8) LCB  -60.97c P 37.30% WF 1384.3 PSV    1366 N    2025  --  E3 D4 F3 H5 H4 D6 H6 G6
E7  : T -57.53c W -54.21c S  -2.30c ( -1.9 L  -1.5) LCB  -66.67c P 17.04% WF 327.7 PSV     331 N     472  --  E7 C5 D4 H5 C4 B4 B3 B5
F2  : T -54.94c W -52.25c S  -2.72c ( -2.2 L  -1.6) LCB  -63.84c P  3.38% WF 272.4 PSV     197 N     338  --  F2 H5 C5 D4 D5 F3 E7 E8
C5  : T -71.02c W -61.26c S  -4.02c ( -2.9 L  -2.2) LCB  -86.50c P 21.83% WF  91.8 PSV     101 N     122  --  C5 D4 C6 E7 F3 F2 E3 E2
F3  : T -73.49c W -65.64c S  -3.13c ( -2.3 L  -1.7) LCB  -89.74c P  8.63% WF  31.2 PSV      35 N      39  --  F3 F2 C5 E7 E2 E3 D3 F4
G4  : T -76.90c W -73.73c S  -3.17c ( -2.3 L  -1.8) LCB -110.13c P  2.29% WF   6.7 PSV       7 N       7  --  G4 F3 D4 D3
D3  : T -90.43c W -81.56c S  -5.42c ( -3.4 L  -2.7) LCB -137.61c P  2.34% WF   4.1 PSV       5 N       4  --  D3 D4 F3
C6  : T -88.20c W -81.16c S  -4.55c ( -3.0 L  -2.0) LCB -111.58c P  2.03% WF   6.1 PSV       4 N       6  --  C6 D6 D5 B6 C5
D7  : T -79.52c W -73.99c S  -3.26c ( -2.3 L  -1.4) LCB -126.98c P  1.31% WF   4.2 PSV       4 N       4  --  D7 C6 G4
E8  : T -77.55c W -70.94c S  -2.77c ( -2.1 L  -1.1) LCB -153.29c P  1.17% WF   3.0 PSV       3 N       3  --  E8 C5 G4

2024-03-18 20:01:17+0800: = play E3
