2024-04-21 19:17:36+0800: Running with following config:
allowResignation = true
friendlyPassOk = true
hasButton = false
koRule = SIMPLE
lagBuffer = 1.0
logAllGTPCommunication = true
logDir = gtp_logs
logSearchInfo = true
logToStderr = false
multiStoneSuicideLegal = false
nnCacheSizePowerOfTwo = 20
nnMutexPoolSizePowerOfTwo = 16
numNNServerThreadsPerModel = 1
numSearchThreads = 8
openclDeviceToUseThread0 = 0
ponderingEnabled = false
resignConsecTurns = 3
resignThreshold = -0.90
scoringRule = AREA
searchFactorAfterOnePass = 0.50
searchFactorAfterTwoPass = 0.25
searchFactorWhenWinning = 0.40
searchFactorWhenWinningThreshold = 0.95
taxRule = NONE
whiteHandicapBonus = N

2024-04-21 19:17:36+0800: GTP Engine starting...
2024-04-21 19:17:36+0800: KataGo v1.13.0
2024-04-21 19:17:36+0800: Using Chinese rules initially, unless GTP/GUI overrides this
2024-04-21 19:17:36+0800: Using 8 CPU thread(s) for search
2024-04-21 19:17:36+0800: nnRandSeed0 = 16979353581013539495
2024-04-21 19:17:36+0800: After dedups: nnModelFile0 = F:/unity_project/yiwu/Assets/StreamingAssets\katago-v1.13.0-opencl-windows-x64\model.bin useFP16 auto useNHWC auto
2024-04-21 19:17:36+0800: Initializing neural net buffer to be size 19 * 19 exactly
2024-04-21 19:17:37+0800: Found OpenCL Platform 0: NVIDIA CUDA (NVIDIA Corporation) (OpenCL 3.0 CUDA 12.3.99)
2024-04-21 19:17:37+0800: Found 1 device(s) on platform 0 with type CPU or GPU or Accelerator
2024-04-21 19:17:37+0800: Found OpenCL Device 0: NVIDIA GeForce RTX 2060 (NVIDIA Corporation) (score 11000300)
2024-04-21 19:17:37+0800: Creating context for OpenCL Platform: NVIDIA CUDA (NVIDIA Corporation) (OpenCL 3.0 CUDA 12.3.99)
2024-04-21 19:17:38+0800: Using OpenCL Device 0: NVIDIA GeForce RTX 2060 (NVIDIA Corporation) OpenCL 3.0 CUDA (Extensions: cl_khr_global_int32_base_atomics cl_khr_global_int32_extended_atomics cl_khr_local_int32_base_atomics cl_khr_local_int32_extended_atomics cl_khr_fp64 cl_khr_3d_image_writes cl_khr_byte_addressable_store cl_khr_icd cl_khr_gl_sharing cl_nv_compiler_options cl_nv_device_attribute_query cl_nv_pragma_unroll cl_nv_d3d10_sharing cl_khr_d3d10_sharing cl_nv_d3d11_sharing cl_nv_copy_opts cl_nv_create_buffer cl_khr_int64_base_atomics cl_khr_int64_extended_atomics cl_khr_device_uuid cl_khr_pci_bus_info cl_khr_external_semaphore cl_khr_external_memory cl_khr_external_semaphore_win32 cl_khr_external_memory_win32)
2024-04-21 19:17:38+0800: Loaded tuning parameters from: F:\unity_project\yiwu\Assets\StreamingAssets\katago-v1.13.0-opencl-windows-x64/KataGoData/opencltuning/tune11_gpuNVIDIAGeForceRTX2060_x19_y19_c384_mv14.txt
2024-04-21 19:17:38+0800: OpenCL backend thread 0: Device 0 Model version 14
2024-04-21 19:17:38+0800: OpenCL backend thread 0: Device 0 Model name: kata1-b18c384nbt-s7192213760-d3579182099
2024-04-21 19:17:41+0800: OpenCL backend thread 0: Device 0 FP16Storage true FP16Compute false FP16TensorCores true FP16TensorCoresFor1x1 false
2024-04-21 19:17:41+0800: Loaded neural net with nnXLen 19 nnYLen 19
2024-04-21 19:17:41+0800: Initializing board with boardXSize 19 boardYSize 19
2024-04-21 19:17:41+0800: Loaded config F:/unity_project/yiwu/Assets/StreamingAssets\katago-v1.13.0-opencl-windows-x64\gtp_custom.cfg
2024-04-21 19:17:41+0800: Loaded model F:/unity_project/yiwu/Assets/StreamingAssets\katago-v1.13.0-opencl-windows-x64\model.bin
2024-04-21 19:17:41+0800: Model name: kata1-b18c384nbt-s7192213760-d3579182099
2024-04-21 19:17:41+0800: GTP ready, beginning main protocol loop
2024-04-21 19:17:47+0800: Controller: komi 7.5
2024-04-21 19:17:47+0800: = 
2024-04-21 19:17:47+0800: Controller: boardsize 19
2024-04-21 19:17:47+0800: = 
2024-04-21 19:18:08+0800: Controller: loadsgf C:/Users/KILLLAKILL/AppData/LocalLow/DefaultCompany/yiwu/RecentGames\sgf_1659790193.sgf 1
2024-04-21 19:18:08+0800: Changing komi to 5.5
2024-04-21 19:18:08+0800: GPU 0 finishing, processed 0 rows 0 batches
2024-04-21 19:18:08+0800: Cleaned up old neural net and bot
2024-04-21 19:18:08+0800: nnRandSeed0 = 14555005023885165331
2024-04-21 19:18:08+0800: After dedups: nnModelFile0 = F:/unity_project/yiwu/Assets/StreamingAssets\katago-v1.13.0-opencl-windows-x64\model.bin useFP16 auto useNHWC auto
2024-04-21 19:18:08+0800: Initializing neural net buffer to be size 9 * 9 exactly
2024-04-21 19:18:09+0800: Found OpenCL Platform 0: NVIDIA CUDA (NVIDIA Corporation) (OpenCL 3.0 CUDA 12.3.99)
2024-04-21 19:18:09+0800: Found 1 device(s) on platform 0 with type CPU or GPU or Accelerator
2024-04-21 19:18:09+0800: Found OpenCL Device 0: NVIDIA GeForce RTX 2060 (NVIDIA Corporation) (score 11000300)
2024-04-21 19:18:09+0800: Creating context for OpenCL Platform: NVIDIA CUDA (NVIDIA Corporation) (OpenCL 3.0 CUDA 12.3.99)
2024-04-21 19:18:09+0800: Using OpenCL Device 0: NVIDIA GeForce RTX 2060 (NVIDIA Corporation) OpenCL 3.0 CUDA (Extensions: cl_khr_global_int32_base_atomics cl_khr_global_int32_extended_atomics cl_khr_local_int32_base_atomics cl_khr_local_int32_extended_atomics cl_khr_fp64 cl_khr_3d_image_writes cl_khr_byte_addressable_store cl_khr_icd cl_khr_gl_sharing cl_nv_compiler_options cl_nv_device_attribute_query cl_nv_pragma_unroll cl_nv_d3d10_sharing cl_khr_d3d10_sharing cl_nv_d3d11_sharing cl_nv_copy_opts cl_nv_create_buffer cl_khr_int64_base_atomics cl_khr_int64_extended_atomics cl_khr_device_uuid cl_khr_pci_bus_info cl_khr_external_semaphore cl_khr_external_memory cl_khr_external_semaphore_win32 cl_khr_external_memory_win32)
2024-04-21 19:18:09+0800: Loaded tuning parameters from: F:\unity_project\yiwu\Assets\StreamingAssets\katago-v1.13.0-opencl-windows-x64/KataGoData/opencltuning/tune11_gpuNVIDIAGeForceRTX2060_x19_y19_c384_mv14.txt
2024-04-21 19:18:09+0800: OpenCL backend thread 0: Device 0 Model version 14
2024-04-21 19:18:09+0800: OpenCL backend thread 0: Device 0 Model name: kata1-b18c384nbt-s7192213760-d3579182099
2024-04-21 19:18:11+0800: OpenCL backend thread 0: Device 0 FP16Storage true FP16Compute false FP16TensorCores true FP16TensorCoresFor1x1 false
2024-04-21 19:18:11+0800: Loaded neural net with nnXLen 9 nnYLen 9
2024-04-21 19:18:11+0800: Initializing board with boardXSize 9 boardYSize 9
2024-04-21 19:18:11+0800: = 
2024-04-21 19:18:17+0800: Controller: loadsgf C:/Users/KILLLAKILL/AppData/LocalLow/DefaultCompany/yiwu/RecentGames\sgf_1701255612.sgf 1
2024-04-21 19:18:17+0800: = 
2024-04-21 19:18:21+0800: Controller: loadsgf C:/Users/KILLLAKILL/AppData/LocalLow/DefaultCompany/yiwu/RecentGames\sgf_1701255612.sgf 7
2024-04-21 19:18:21+0800: = 
2024-04-21 19:18:21+0800: Controller: lz-genmove_analyze maxmoves 6
2024-04-21 19:18:26+0800: MoveNum: 6 HASH: 2733791EA78FF924FDD84A034F99EEAA
   A B C D E F G H J
 9 . . . . . . . . .
 8 . . . . . . . . .
 7 . . X . . . . . .
 6 . . . . . . . . .
 5 . . . . O O1. . .
 4 . . . . . O3. . .
 3 . . X . . @ X2. .
 2 . . . . . . . . .
 1 . . . . . . . . .

koSIMPLEscoreAREAtaxNONEsui0whbNfpok1komi5.5
Time taken: 5.015
Root visits: 2477
New playouts: 2477
NN rows: 2142
NN batches: 536
NN avg batch size: 3.99627
PV: E2 E7 C5 H4 D8 H3 F8 D4 C4 E8 E9 F2 F3 D2 D3 E3 E4 D7 D5 C8 D9
Tree:
: T  99.97c W  98.74c S   1.31c ( +6.5 L  +6.1) N    2477  --  E2 E7 C5 H4 D8 H3 F8
---Black(^)---
E2  : T 100.36c W  99.05c S   1.41c ( +6.6 L  +6.2) LCB   99.73c P 14.49% WF 3164.7 PSV    7106 N    1060  --  E2 E7 C5 H4 D8 H3 F8 D4
F3  : T  99.99c W  98.59c S   1.44c ( +6.6 L  +6.1) LCB   99.20c P 55.03% WF 3256.8 PSV    3262 N    1226  --  F3 E7 C5 H4 D8 H3 F8 E8
H5  : T  96.04c W  96.91c S  -0.32c ( +5.8 L  +5.1) LCB   91.62c P 11.29% WF 124.2 PSV     112 N      61  --  H5 C5 E7 F3 F2 E2 G2 F7
C5  : T  98.40c W  98.70c S  -0.13c ( +5.9 L  +5.5) LCB   96.64c P  5.36% WF 123.4 PSV     106 N      41  --  C5 D6 C6 H5 F3 D7
F7  : T  96.55c W  97.77c S  -1.11c ( +5.5 L  +4.8) LCB   93.56c P  4.99% WF  61.4 PSV      55 N      27  --  F7 E2 D6 C4 D4
E7  : T  94.84c W  96.62c S  -1.45c ( +5.3 L  +4.6) LCB   90.55c P  3.63% WF  29.7 PSV      28 N      15  --  E7 E2 H5 C5 F2
D6  : T  98.97c W  98.05c S   0.91c ( +6.4 L  +5.8) LCB   96.59c P  0.57% WF  78.0 PSV      14 N      32  --  D6 E2 H5 C4 B4
F2  : T  92.16c W  97.11c S  -3.41c ( +4.5 L  +4.0) LCB  -61.89c P  0.71% WF   5.1 PSV       3 N       2  --  F2 E7
H4  : T  93.09c W  95.40c S  -1.62c ( +5.1 L  +4.6) LCB  -59.86c P  0.45% WF   3.7 PSV       2 N       2  --  H4 C5
C6  : T  95.63c W  98.12c S  -1.98c ( +5.1 L  +4.6) LCB  -66.59c P  0.29% WF   5.7 PSV       2 N       2  --  C6 D3

2024-04-21 19:18:26+0800: = play F3
2024-04-21 19:19:01+0800: Controller: loadsgf C:/Users/KILLLAKILL/AppData/LocalLow/DefaultCompany/yiwu/RecentGames\sgf_1701255612.sgf 9
2024-04-21 19:19:01+0800: = 
2024-04-21 19:19:01+0800: Controller: lz-genmove_analyze maxmoves 6
2024-04-21 19:19:06+0800: MoveNum: 8 HASH: 6EABEF3F5A12D0D2005E3B0C6A65EBB4
   A B C D E F G H J
 9 . . . . . . . . .
 8 . . . . . . . . .
 7 . . X . . . . . .
 6 . . . . . . . . .
 5 . . . . O O O3. .
 4 . . . . . O1X2. .
 3 . . X . . . X . .
 2 . . . . @ . . . .
 1 . . . . . . . . .

koSIMPLEscoreAREAtaxNONEsui0whbNfpok1komi5.5
Time taken: 5
Root visits: 3523
New playouts: 3523
NN rows: 2268
NN batches: 567
NN avg batch size: 4
PV: E2 C4 E7 F8 F7 G7 G6 H7 E8 D3 D2 B3 H5 H6 C2
Tree:
: T 102.56c W  97.59c S   5.29c ( +5.4 L  +4.9) N    3523  --  E2 C4 E7 F8 F7 G7 G6
---Black(^)---
E2  : T 102.88c W  97.76c S   5.43c ( +5.5 L  +5.0) LCB  102.23c P 69.81% WF 7675.9 PSV    7655 N    3261  --  E2 C4 E7 F8 F7 G7 G6 H7
F3  : T  99.61c W  96.69c S   3.31c ( +4.5 L  +4.0) LCB   95.42c P 28.35% WF 474.6 PSV     493 N     229  --  F3 D3 D2 D4 B2 D8 D7 E7
H5  : T  94.48c W  91.41c S   1.60c ( +3.9 L  +2.9) LCB   56.54c P  1.22% WF   8.6 PSV       9 N       5  --  H5 H6 E2 D3
E3  : T  -4.00c W   2.01c S  -6.01c ( +0.6 L  +0.4) LCB -354.00c P  0.18% WF   0.4 PSV       0 N       1  --  E3
H7  : T   4.36c W   9.08c S  -4.72c ( +0.9 L  +0.7) LCB -345.64c P  0.12% WF   0.6 PSV       0 N       1  --  H7
F2  : T  64.09c W  66.64c S  -2.55c ( +2.0 L  +1.5) LCB -285.91c P  0.11% WF   0.8 PSV       0 N       1  --  F2
D2  : T  64.81c W  67.18c S  -2.37c ( +2.1 L  +1.6) LCB -285.19c P  0.10% WF   0.8 PSV       0 N       1  --  D2
E7  : T   4.35c W  10.15c S  -5.80c ( +0.6 L  +0.3) LCB -345.65c P  0.03% WF   0.6 PSV       0 N       1  --  E7
C5  : T  30.23c W  35.18c S  -4.96c ( +1.0 L  +0.7) LCB -319.77c P  0.01% WF   0.7 PSV       0 N       1  --  C5
H6  : T -27.07c W -20.70c S  -6.37c ( -0.0 L  -1.2) LCB -377.07c P  0.01% WF   0.4 PSV       0 N       1  --  H6

2024-04-21 19:19:06+0800: = play E2
2024-04-21 19:19:14+0800: Controller: loadsgf C:/Users/KILLLAKILL/AppData/LocalLow/DefaultCompany/yiwu/RecentGames\sgf_1701255612.sgf 9
2024-04-21 19:19:14+0800: = 
2024-04-21 19:19:14+0800: Controller: lz-genmove_analyze maxmoves 6
2024-04-21 19:19:19+0800: MoveNum: 8 HASH: 6EABEF3F5A12D0D2005E3B0C6A65EBB4
   A B C D E F G H J
 9 . . . . . . . . .
 8 . . . . . . . . .
 7 . . X . . . . . .
 6 . . . . . . . . .
 5 . . . . O O O3. .
 4 . . . . . O1X2. .
 3 . . X . . . X . .
 2 . . . . @ . . . .
 1 . . . . . . . . .

koSIMPLEscoreAREAtaxNONEsui0whbNfpok1komi5.5
Time taken: 5.016
Root visits: 6854
New playouts: 6854
NN rows: 2389
NN batches: 598
NN avg batch size: 3.99498
PV: E2 D3 D2 C4 D4 C6 B6 C5 E7 F8 F7 G7 E8 G8 B3 D7 D6 C8 B7
Tree:
: T 102.39c W  97.56c S   5.12c ( +5.3 L  +4.9) N    6854  --  E2 D3 D2 C4 D4 C6 B6
---Black(^)---
E2  : T 102.56c W  97.65c S   5.23c ( +5.4 L  +4.9) LCB  102.03c P 69.81% WF 13949.3 PSV   13921 N    6081  --  E2 D3 D2 C4 D4 C6 B6 C5
F3  : T 101.53c W  97.27c S   4.27c ( +4.9 L  +4.5) LCB   99.40c P 28.35% WF 1661.4 PSV    1687 N     749  --  F3 D3 D2 D4 B2 D8 D7 E7
H5  : T  93.53c W  91.59c S   1.35c ( +3.8 L  +2.7) LCB   74.50c P  1.22% WF  13.2 PSV      13 N       8  --  H5 H6 E2 C4
E3  : T  -4.00c W   2.01c S  -6.01c ( +0.6 L  +0.4) LCB -354.00c P  0.18% WF   0.4 PSV       0 N       1  --  E3
H7  : T   4.36c W   9.08c S  -4.72c ( +0.9 L  +0.7) LCB -345.64c P  0.12% WF   0.6 PSV       0 N       1  --  H7
F2  : T  64.09c W  66.64c S  -2.55c ( +2.0 L  +1.5) LCB -285.91c P  0.11% WF   0.8 PSV       0 N       1  --  F2
D2  : T  64.81c W  67.18c S  -2.37c ( +2.1 L  +1.6) LCB -285.19c P  0.10% WF   0.8 PSV       0 N       1  --  D2
E7  : T   4.35c W  10.15c S  -5.80c ( +0.6 L  +0.3) LCB -345.65c P  0.03% WF   0.6 PSV       0 N       1  --  E7
C5  : T  30.23c W  35.18c S  -4.96c ( +1.0 L  +0.7) LCB -319.77c P  0.01% WF   0.7 PSV       0 N       1  --  C5
H6  : T -27.07c W -20.70c S  -6.37c ( -0.0 L  -1.2) LCB -377.07c P  0.01% WF   0.4 PSV       0 N       1  --  H6

2024-04-21 19:19:19+0800: = play E2
2024-04-21 19:19:32+0800: Controller: loadsgf C:/Users/KILLLAKILL/AppData/LocalLow/DefaultCompany/yiwu/RecentGames\sgf_1709536917.sgf 1
2024-04-21 19:19:32+0800: Changing komi to 6.5
2024-04-21 19:19:32+0800: = 
2024-04-21 19:19:36+0800: Controller: loadsgf C:/Users/KILLLAKILL/AppData/LocalLow/DefaultCompany/yiwu/RecentGames\sgf_1709537034.sgf 1
2024-04-21 19:19:36+0800: Changing komi to 7.5
2024-04-21 19:19:36+0800: GPU 0 finishing, processed 6799 rows 1701 batches
2024-04-21 19:19:36+0800: Cleaned up old neural net and bot
2024-04-21 19:19:36+0800: nnRandSeed0 = 5649485559725257243
2024-04-21 19:19:36+0800: After dedups: nnModelFile0 = F:/unity_project/yiwu/Assets/StreamingAssets\katago-v1.13.0-opencl-windows-x64\model.bin useFP16 auto useNHWC auto
2024-04-21 19:19:36+0800: Initializing neural net buffer to be size 19 * 19 exactly
2024-04-21 19:19:37+0800: Found OpenCL Platform 0: NVIDIA CUDA (NVIDIA Corporation) (OpenCL 3.0 CUDA 12.3.99)
2024-04-21 19:19:37+0800: Found 1 device(s) on platform 0 with type CPU or GPU or Accelerator
2024-04-21 19:19:37+0800: Found OpenCL Device 0: NVIDIA GeForce RTX 2060 (NVIDIA Corporation) (score 11000300)
2024-04-21 19:19:37+0800: Creating context for OpenCL Platform: NVIDIA CUDA (NVIDIA Corporation) (OpenCL 3.0 CUDA 12.3.99)
2024-04-21 19:19:37+0800: Using OpenCL Device 0: NVIDIA GeForce RTX 2060 (NVIDIA Corporation) OpenCL 3.0 CUDA (Extensions: cl_khr_global_int32_base_atomics cl_khr_global_int32_extended_atomics cl_khr_local_int32_base_atomics cl_khr_local_int32_extended_atomics cl_khr_fp64 cl_khr_3d_image_writes cl_khr_byte_addressable_store cl_khr_icd cl_khr_gl_sharing cl_nv_compiler_options cl_nv_device_attribute_query cl_nv_pragma_unroll cl_nv_d3d10_sharing cl_khr_d3d10_sharing cl_nv_d3d11_sharing cl_nv_copy_opts cl_nv_create_buffer cl_khr_int64_base_atomics cl_khr_int64_extended_atomics cl_khr_device_uuid cl_khr_pci_bus_info cl_khr_external_semaphore cl_khr_external_memory cl_khr_external_semaphore_win32 cl_khr_external_memory_win32)
2024-04-21 19:19:37+0800: Loaded tuning parameters from: F:\unity_project\yiwu\Assets\StreamingAssets\katago-v1.13.0-opencl-windows-x64/KataGoData/opencltuning/tune11_gpuNVIDIAGeForceRTX2060_x19_y19_c384_mv14.txt
2024-04-21 19:19:38+0800: OpenCL backend thread 0: Device 0 Model version 14
2024-04-21 19:19:38+0800: OpenCL backend thread 0: Device 0 Model name: kata1-b18c384nbt-s7192213760-d3579182099
2024-04-21 19:19:40+0800: OpenCL backend thread 0: Device 0 FP16Storage true FP16Compute false FP16TensorCores true FP16TensorCoresFor1x1 false
2024-04-21 19:19:40+0800: Loaded neural net with nnXLen 19 nnYLen 19
2024-04-21 19:19:40+0800: Initializing board with boardXSize 19 boardYSize 19
2024-04-21 19:19:40+0800: = 
2024-04-21 19:19:43+0800: Controller: loadsgf C:/Users/KILLLAKILL/AppData/LocalLow/DefaultCompany/yiwu/RecentGames\sgf_1709537998.sgf 1
2024-04-21 19:19:43+0800: = 
2024-04-21 19:19:47+0800: Controller: loadsgf C:/Users/KILLLAKILL/AppData/LocalLow/DefaultCompany/yiwu/RecentGames\sgf_1712592908.sgf 1
2024-04-21 19:19:47+0800: Changing komi to 6.5
2024-04-21 19:19:47+0800: GPU 0 finishing, processed 0 rows 0 batches
2024-04-21 19:19:47+0800: Cleaned up old neural net and bot
2024-04-21 19:19:47+0800: nnRandSeed0 = 12005150902319981672
2024-04-21 19:19:47+0800: After dedups: nnModelFile0 = F:/unity_project/yiwu/Assets/StreamingAssets\katago-v1.13.0-opencl-windows-x64\model.bin useFP16 auto useNHWC auto
2024-04-21 19:19:47+0800: Initializing neural net buffer to be size 9 * 9 exactly
2024-04-21 19:19:48+0800: Found OpenCL Platform 0: NVIDIA CUDA (NVIDIA Corporation) (OpenCL 3.0 CUDA 12.3.99)
2024-04-21 19:19:48+0800: Found 1 device(s) on platform 0 with type CPU or GPU or Accelerator
2024-04-21 19:19:48+0800: Found OpenCL Device 0: NVIDIA GeForce RTX 2060 (NVIDIA Corporation) (score 11000300)
2024-04-21 19:19:48+0800: Creating context for OpenCL Platform: NVIDIA CUDA (NVIDIA Corporation) (OpenCL 3.0 CUDA 12.3.99)
2024-04-21 19:19:48+0800: Using OpenCL Device 0: NVIDIA GeForce RTX 2060 (NVIDIA Corporation) OpenCL 3.0 CUDA (Extensions: cl_khr_global_int32_base_atomics cl_khr_global_int32_extended_atomics cl_khr_local_int32_base_atomics cl_khr_local_int32_extended_atomics cl_khr_fp64 cl_khr_3d_image_writes cl_khr_byte_addressable_store cl_khr_icd cl_khr_gl_sharing cl_nv_compiler_options cl_nv_device_attribute_query cl_nv_pragma_unroll cl_nv_d3d10_sharing cl_khr_d3d10_sharing cl_nv_d3d11_sharing cl_nv_copy_opts cl_nv_create_buffer cl_khr_int64_base_atomics cl_khr_int64_extended_atomics cl_khr_device_uuid cl_khr_pci_bus_info cl_khr_external_semaphore cl_khr_external_memory cl_khr_external_semaphore_win32 cl_khr_external_memory_win32)
2024-04-21 19:19:48+0800: Loaded tuning parameters from: F:\unity_project\yiwu\Assets\StreamingAssets\katago-v1.13.0-opencl-windows-x64/KataGoData/opencltuning/tune11_gpuNVIDIAGeForceRTX2060_x19_y19_c384_mv14.txt
2024-04-21 19:19:48+0800: OpenCL backend thread 0: Device 0 Model version 14
2024-04-21 19:19:48+0800: OpenCL backend thread 0: Device 0 Model name: kata1-b18c384nbt-s7192213760-d3579182099
2024-04-21 19:19:50+0800: OpenCL backend thread 0: Device 0 FP16Storage true FP16Compute false FP16TensorCores true FP16TensorCoresFor1x1 false
2024-04-21 19:19:50+0800: Loaded neural net with nnXLen 9 nnYLen 9
2024-04-21 19:19:50+0800: Initializing board with boardXSize 9 boardYSize 9
2024-04-21 19:19:50+0800: = 
