2024-03-17 15:05:08+0800: Running with following config:
allowResignation = true
friendlyPassOk = true
hasButton = false
koRule = SIMPLE
lagBuffer = 1.0
logAllGTPCommunication = true
logDir = gtp_logs
logSearchInfo = true
logToStderr = false
multiStoneSuicideLegal = false
nnCacheSizePowerOfTwo = 20
nnMutexPoolSizePowerOfTwo = 16
numNNServerThreadsPerModel = 1
numSearchThreads = 8
openclDeviceToUseThread0 = 0
ponderingEnabled = false
resignConsecTurns = 3
resignThreshold = -0.90
scoringRule = AREA
searchFactorAfterOnePass = 0.50
searchFactorAfterTwoPass = 0.25
searchFactorWhenWinning = 0.40
searchFactorWhenWinningThreshold = 0.95
taxRule = NONE
whiteHandicapBonus = N

2024-03-17 15:05:08+0800: GTP Engine starting...
2024-03-17 15:05:08+0800: KataGo v1.13.0
2024-03-17 15:05:08+0800: Using Chinese rules initially, unless GTP/GUI overrides this
2024-03-17 15:05:08+0800: Using 8 CPU thread(s) for search
2024-03-17 15:05:09+0800: nnRandSeed0 = 2576339546621236154
2024-03-17 15:05:09+0800: After dedups: nnModelFile0 = F:\homework\毕业设计\katago-v1.13.0-opencl-windows-x64\model.bin useFP16 auto useNHWC auto
2024-03-17 15:05:09+0800: Initializing neural net buffer to be size 19 * 19 exactly
2024-03-17 15:05:09+0800: Found OpenCL Platform 0: NVIDIA CUDA (NVIDIA Corporation) (OpenCL 3.0 CUDA 12.3.99)
2024-03-17 15:05:09+0800: Found 1 device(s) on platform 0 with type CPU or GPU or Accelerator
2024-03-17 15:05:09+0800: Found OpenCL Device 0: NVIDIA GeForce RTX 2060 (NVIDIA Corporation) (score 11000300)
2024-03-17 15:05:09+0800: Creating context for OpenCL Platform: NVIDIA CUDA (NVIDIA Corporation) (OpenCL 3.0 CUDA 12.3.99)
2024-03-17 15:05:10+0800: Using OpenCL Device 0: NVIDIA GeForce RTX 2060 (NVIDIA Corporation) OpenCL 3.0 CUDA (Extensions: cl_khr_global_int32_base_atomics cl_khr_global_int32_extended_atomics cl_khr_local_int32_base_atomics cl_khr_local_int32_extended_atomics cl_khr_fp64 cl_khr_3d_image_writes cl_khr_byte_addressable_store cl_khr_icd cl_khr_gl_sharing cl_nv_compiler_options cl_nv_device_attribute_query cl_nv_pragma_unroll cl_nv_d3d10_sharing cl_khr_d3d10_sharing cl_nv_d3d11_sharing cl_nv_copy_opts cl_nv_create_buffer cl_khr_int64_base_atomics cl_khr_int64_extended_atomics cl_khr_device_uuid cl_khr_pci_bus_info cl_khr_external_semaphore cl_khr_external_memory cl_khr_external_semaphore_win32 cl_khr_external_memory_win32)
2024-03-17 15:05:10+0800: Loaded tuning parameters from: F:\homework\毕业设计\katago-v1.13.0-opencl-windows-x64/KataGoData/opencltuning/tune11_gpuNVIDIAGeForceRTX2060_x19_y19_c384_mv14.txt
2024-03-17 15:05:10+0800: OpenCL backend thread 0: Device 0 Model version 14
2024-03-17 15:05:10+0800: OpenCL backend thread 0: Device 0 Model name: kata1-b18c384nbt-s7192213760-d3579182099
2024-03-17 15:05:12+0800: OpenCL backend thread 0: Device 0 FP16Storage true FP16Compute false FP16TensorCores true FP16TensorCoresFor1x1 false
2024-03-17 15:05:12+0800: Loaded neural net with nnXLen 19 nnYLen 19
2024-03-17 15:05:12+0800: Initializing board with boardXSize 19 boardYSize 19
2024-03-17 15:05:12+0800: Loaded config F:\homework\毕业设计\katago-v1.13.0-opencl-windows-x64\gtp_custom.cfg
2024-03-17 15:05:12+0800: Loaded model F:\homework\毕业设计\katago-v1.13.0-opencl-windows-x64\model.bin
2024-03-17 15:05:12+0800: Model name: kata1-b18c384nbt-s7192213760-d3579182099
2024-03-17 15:05:12+0800: GTP ready, beginning main protocol loop
2024-03-17 15:05:23+0800: Controller: loadsgf C:/Users/KILLLAKILL/AppData/LocalLow/DefaultCompany/yiwu/RecentGames\sgf_1701255612.sgf 1
2024-03-17 15:05:23+0800: Changing komi to 5.5
2024-03-17 15:05:23+0800: GPU 0 finishing, processed 0 rows 0 batches
2024-03-17 15:05:23+0800: Cleaned up old neural net and bot
2024-03-17 15:05:23+0800: nnRandSeed0 = 1475532144459460407
2024-03-17 15:05:23+0800: After dedups: nnModelFile0 = F:\homework\毕业设计\katago-v1.13.0-opencl-windows-x64\model.bin useFP16 auto useNHWC auto
2024-03-17 15:05:23+0800: Initializing neural net buffer to be size 9 * 9 exactly
2024-03-17 15:05:24+0800: Found OpenCL Platform 0: NVIDIA CUDA (NVIDIA Corporation) (OpenCL 3.0 CUDA 12.3.99)
2024-03-17 15:05:24+0800: Found 1 device(s) on platform 0 with type CPU or GPU or Accelerator
2024-03-17 15:05:24+0800: Found OpenCL Device 0: NVIDIA GeForce RTX 2060 (NVIDIA Corporation) (score 11000300)
2024-03-17 15:05:24+0800: Creating context for OpenCL Platform: NVIDIA CUDA (NVIDIA Corporation) (OpenCL 3.0 CUDA 12.3.99)
2024-03-17 15:05:24+0800: Using OpenCL Device 0: NVIDIA GeForce RTX 2060 (NVIDIA Corporation) OpenCL 3.0 CUDA (Extensions: cl_khr_global_int32_base_atomics cl_khr_global_int32_extended_atomics cl_khr_local_int32_base_atomics cl_khr_local_int32_extended_atomics cl_khr_fp64 cl_khr_3d_image_writes cl_khr_byte_addressable_store cl_khr_icd cl_khr_gl_sharing cl_nv_compiler_options cl_nv_device_attribute_query cl_nv_pragma_unroll cl_nv_d3d10_sharing cl_khr_d3d10_sharing cl_nv_d3d11_sharing cl_nv_copy_opts cl_nv_create_buffer cl_khr_int64_base_atomics cl_khr_int64_extended_atomics cl_khr_device_uuid cl_khr_pci_bus_info cl_khr_external_semaphore cl_khr_external_memory cl_khr_external_semaphore_win32 cl_khr_external_memory_win32)
2024-03-17 15:05:24+0800: Loaded tuning parameters from: F:\homework\毕业设计\katago-v1.13.0-opencl-windows-x64/KataGoData/opencltuning/tune11_gpuNVIDIAGeForceRTX2060_x19_y19_c384_mv14.txt
2024-03-17 15:05:24+0800: OpenCL backend thread 0: Device 0 Model version 14
2024-03-17 15:05:24+0800: OpenCL backend thread 0: Device 0 Model name: kata1-b18c384nbt-s7192213760-d3579182099
2024-03-17 15:05:27+0800: OpenCL backend thread 0: Device 0 FP16Storage true FP16Compute false FP16TensorCores true FP16TensorCoresFor1x1 false
2024-03-17 15:05:27+0800: Loaded neural net with nnXLen 9 nnYLen 9
2024-03-17 15:05:27+0800: Initializing board with boardXSize 9 boardYSize 9
2024-03-17 15:05:27+0800: = 
2024-03-17 15:05:33+0800: Controller: loadsgf C:/Users/KILLLAKILL/AppData/LocalLow/DefaultCompany/yiwu/RecentGames\sgf_1701255612.sgf 6
2024-03-17 15:05:33+0800: = 
2024-03-17 15:05:33+0800: Controller: lz-genmove_analyze maxmoves 6
2024-03-17 15:05:38+0800: MoveNum: 5 HASH: FFE96295C396DA517064CFFB0FD39D37
   A B C D E F G H J
 9 . . . . . . . . .
 8 . . . . . . . . .
 7 . . X . . . . . .
 6 . . . . . . . . .
 5 . . . . O O2. . .
 4 . . . . . . . . .
 3 . . X1. @ . X3. .
 2 . . . . . . . . .
 1 . . . . . . . . .

koSIMPLEscoreAREAtaxNONEsui0whbNfpok1komi5.5
Time taken: 5
Root visits: 2744
New playouts: 2744
NN rows: 2085
NN batches: 520
NN avg batch size: 4.00962
PV: E3 D4 F3 H5 H4 G4 G5 H3 H6 J4 J6 G7 G6 D7 F2 J5 H2 G2 G1 H1 J1 J2 J3 F7 C2
Tree:
: T -49.45c W -46.22c S  -2.15c ( -1.9 L  -1.5) N    2744  --  E3 D4 F3 H5 H4 G4 G5
---White(^)---
E3  : T -47.40c W -44.46c S  -2.14c ( -1.9 L  -1.5) LCB  -52.74c P 34.58% WF 1399.2 PSV    1374 N    2120  --  E3 D4 F3 H5 H4 G4 G5 H3
E7  : T -50.46c W -48.11c S  -1.58c ( -1.6 L  -1.2) LCB  -59.75c P 17.52% WF 278.0 PSV     270 N     429  --  E7 C5 D4 H5 C4 B4 B3 B5
C5  : T -66.06c W -55.84c S  -3.30c ( -2.5 L  -1.9) LCB  -81.87c P 26.16% WF  86.7 PSV      98 N     127  --  C5 D4 D5 E7 F7 F8 G7 G8
F2  : T -52.28c W -51.57c S  -2.22c ( -2.0 L  -1.3) LCB  -78.77c P  2.18% WF  24.8 PSV      24 N      30  --  F2 H5 C5 D4 D5 F3
F3  : T -78.20c W -70.18c S  -3.32c ( -2.4 L  -1.8) LCB  -96.98c P  7.30% WF  14.1 PSV      17 N      17  --  F3 F2 E7 C5 E2
G4  : T -73.81c W -71.85c S  -3.11c ( -2.3 L  -1.9) LCB -106.28c P  2.54% WF   5.8 PSV       6 N       6  --  G4 F3 E3
D7  : T -79.18c W -74.20c S  -3.14c ( -2.3 L  -1.4) LCB -127.31c P  2.34% WF   4.0 PSV       5 N       4  --  D7 C6 G4
C6  : T -86.63c W -79.24c S  -3.99c ( -2.8 L  -1.8) LCB -166.56c P  2.37% WF   3.3 PSV       4 N       3  --  C6 D6 D5
D3  : T -90.91c W -81.05c S  -5.19c ( -3.4 L  -2.5) LCB -167.53c P  1.81% WF   3.0 PSV       3 N       3  --  D3 D4 E3
C4  : T -84.73c W -80.66c S  -4.08c ( -2.8 L  -1.6) LCB -434.73c P  1.11% WF   1.3 PSV       2 N       1  --  C4

2024-03-17 15:05:38+0800: = play E3
