2024-04-17 21:53:09+0800: Running with following config:
allowResignation = true
friendlyPassOk = true
hasButton = false
koRule = SIMPLE
lagBuffer = 1.0
logAllGTPCommunication = true
logDir = gtp_logs
logSearchInfo = true
logToStderr = false
multiStoneSuicideLegal = false
nnCacheSizePowerOfTwo = 20
nnMutexPoolSizePowerOfTwo = 16
numNNServerThreadsPerModel = 1
numSearchThreads = 8
openclDeviceToUseThread0 = 0
ponderingEnabled = false
resignConsecTurns = 3
resignThreshold = -0.90
scoringRule = AREA
searchFactorAfterOnePass = 0.50
searchFactorAfterTwoPass = 0.25
searchFactorWhenWinning = 0.40
searchFactorWhenWinningThreshold = 0.95
taxRule = NONE
whiteHandicapBonus = N

2024-04-17 21:53:09+0800: GTP Engine starting...
2024-04-17 21:53:09+0800: KataGo v1.13.0
2024-04-17 21:53:09+0800: Using Chinese rules initially, unless GTP/GUI overrides this
2024-04-17 21:53:09+0800: Using 8 CPU thread(s) for search
2024-04-17 21:53:09+0800: nnRandSeed0 = 12984608096119350783
2024-04-17 21:53:09+0800: After dedups: nnModelFile0 = F:/unity_project/yiwu/Assets/StreamingAssets\katago-v1.13.0-opencl-windows-x64\model.bin useFP16 auto useNHWC auto
2024-04-17 21:53:09+0800: Initializing neural net buffer to be size 19 * 19 exactly
2024-04-17 21:53:10+0800: Found OpenCL Platform 0: NVIDIA CUDA (NVIDIA Corporation) (OpenCL 3.0 CUDA 12.3.99)
2024-04-17 21:53:10+0800: Found 1 device(s) on platform 0 with type CPU or GPU or Accelerator
2024-04-17 21:53:10+0800: Found OpenCL Device 0: NVIDIA GeForce RTX 2060 (NVIDIA Corporation) (score 11000300)
2024-04-17 21:53:10+0800: Creating context for OpenCL Platform: NVIDIA CUDA (NVIDIA Corporation) (OpenCL 3.0 CUDA 12.3.99)
2024-04-17 21:53:10+0800: Using OpenCL Device 0: NVIDIA GeForce RTX 2060 (NVIDIA Corporation) OpenCL 3.0 CUDA (Extensions: cl_khr_global_int32_base_atomics cl_khr_global_int32_extended_atomics cl_khr_local_int32_base_atomics cl_khr_local_int32_extended_atomics cl_khr_fp64 cl_khr_3d_image_writes cl_khr_byte_addressable_store cl_khr_icd cl_khr_gl_sharing cl_nv_compiler_options cl_nv_device_attribute_query cl_nv_pragma_unroll cl_nv_d3d10_sharing cl_khr_d3d10_sharing cl_nv_d3d11_sharing cl_nv_copy_opts cl_nv_create_buffer cl_khr_int64_base_atomics cl_khr_int64_extended_atomics cl_khr_device_uuid cl_khr_pci_bus_info cl_khr_external_semaphore cl_khr_external_memory cl_khr_external_semaphore_win32 cl_khr_external_memory_win32)
2024-04-17 21:53:10+0800: Loaded tuning parameters from: F:\unity_project\yiwu\Assets\StreamingAssets\katago-v1.13.0-opencl-windows-x64/KataGoData/opencltuning/tune11_gpuNVIDIAGeForceRTX2060_x19_y19_c384_mv14.txt
2024-04-17 21:53:11+0800: OpenCL backend thread 0: Device 0 Model version 14
2024-04-17 21:53:11+0800: OpenCL backend thread 0: Device 0 Model name: kata1-b18c384nbt-s7192213760-d3579182099
2024-04-17 21:53:13+0800: OpenCL backend thread 0: Device 0 FP16Storage true FP16Compute false FP16TensorCores true FP16TensorCoresFor1x1 false
2024-04-17 21:53:13+0800: Loaded neural net with nnXLen 19 nnYLen 19
2024-04-17 21:53:13+0800: Initializing board with boardXSize 19 boardYSize 19
2024-04-17 21:53:13+0800: Loaded config F:/unity_project/yiwu/Assets/StreamingAssets\katago-v1.13.0-opencl-windows-x64\gtp_custom.cfg
2024-04-17 21:53:13+0800: Loaded model F:/unity_project/yiwu/Assets/StreamingAssets\katago-v1.13.0-opencl-windows-x64\model.bin
2024-04-17 21:53:13+0800: Model name: kata1-b18c384nbt-s7192213760-d3579182099
2024-04-17 21:53:13+0800: GTP ready, beginning main protocol loop
2024-04-17 21:53:19+0800: Controller: loadsgf C:/Users/KILLLAKILL/AppData/LocalLow/DefaultCompany/yiwu/RecentGames\sgf_1659790193.sgf 1
2024-04-17 21:53:19+0800: Changing komi to 5.5
2024-04-17 21:53:19+0800: GPU 0 finishing, processed 0 rows 0 batches
2024-04-17 21:53:19+0800: Cleaned up old neural net and bot
2024-04-17 21:53:19+0800: nnRandSeed0 = 5645176841668583411
2024-04-17 21:53:19+0800: After dedups: nnModelFile0 = F:/unity_project/yiwu/Assets/StreamingAssets\katago-v1.13.0-opencl-windows-x64\model.bin useFP16 auto useNHWC auto
2024-04-17 21:53:19+0800: Initializing neural net buffer to be size 9 * 9 exactly
2024-04-17 21:53:20+0800: Found OpenCL Platform 0: NVIDIA CUDA (NVIDIA Corporation) (OpenCL 3.0 CUDA 12.3.99)
2024-04-17 21:53:20+0800: Found 1 device(s) on platform 0 with type CPU or GPU or Accelerator
2024-04-17 21:53:20+0800: Found OpenCL Device 0: NVIDIA GeForce RTX 2060 (NVIDIA Corporation) (score 11000300)
2024-04-17 21:53:20+0800: Creating context for OpenCL Platform: NVIDIA CUDA (NVIDIA Corporation) (OpenCL 3.0 CUDA 12.3.99)
2024-04-17 21:53:20+0800: Using OpenCL Device 0: NVIDIA GeForce RTX 2060 (NVIDIA Corporation) OpenCL 3.0 CUDA (Extensions: cl_khr_global_int32_base_atomics cl_khr_global_int32_extended_atomics cl_khr_local_int32_base_atomics cl_khr_local_int32_extended_atomics cl_khr_fp64 cl_khr_3d_image_writes cl_khr_byte_addressable_store cl_khr_icd cl_khr_gl_sharing cl_nv_compiler_options cl_nv_device_attribute_query cl_nv_pragma_unroll cl_nv_d3d10_sharing cl_khr_d3d10_sharing cl_nv_d3d11_sharing cl_nv_copy_opts cl_nv_create_buffer cl_khr_int64_base_atomics cl_khr_int64_extended_atomics cl_khr_device_uuid cl_khr_pci_bus_info cl_khr_external_semaphore cl_khr_external_memory cl_khr_external_semaphore_win32 cl_khr_external_memory_win32)
2024-04-17 21:53:20+0800: Loaded tuning parameters from: F:\unity_project\yiwu\Assets\StreamingAssets\katago-v1.13.0-opencl-windows-x64/KataGoData/opencltuning/tune11_gpuNVIDIAGeForceRTX2060_x19_y19_c384_mv14.txt
2024-04-17 21:53:20+0800: OpenCL backend thread 0: Device 0 Model version 14
2024-04-17 21:53:20+0800: OpenCL backend thread 0: Device 0 Model name: kata1-b18c384nbt-s7192213760-d3579182099
2024-04-17 21:53:22+0800: OpenCL backend thread 0: Device 0 FP16Storage true FP16Compute false FP16TensorCores true FP16TensorCoresFor1x1 false
2024-04-17 21:53:22+0800: Loaded neural net with nnXLen 9 nnYLen 9
2024-04-17 21:53:22+0800: Initializing board with boardXSize 9 boardYSize 9
2024-04-17 21:53:22+0800: = 
2024-04-17 21:53:29+0800: Controller: loadsgf C:/Users/KILLLAKILL/AppData/LocalLow/DefaultCompany/yiwu/RecentGames\sgf_1659790193.sgf 7
2024-04-17 21:53:29+0800: = 
2024-04-17 21:53:29+0800: Controller: lz-genmove_analyze maxmoves 6
2024-04-17 21:53:34+0800: MoveNum: 6 HASH: 3D4E0F78DD4BFC17707648C28C5310E5
   A B C D E F G H J
 9 . . . . . . . . .
 8 . . . . . . . . .
 7 . . . X . . . . .
 6 . . . . . . . . .
 5 . . . O X . . . .
 4 . . . @ . . . . .
 3 . . . . . . X2. .
 2 . . . . . . O3. .
 1 . . . . . O1. . .

koSIMPLEscoreAREAtaxNONEsui0whbNfpok1komi5.5
Time taken: 5
Root visits: 2705
New playouts: 2705
NN rows: 2321
NN batches: 581
NN avg batch size: 3.99484
PV: D4 F3 F4 G4 H3 E3 D3 H4 E2 F2 C2 E7 H2 D6 E4
Tree:
: T 108.41c W  99.45c S   8.96c (+12.2 L +11.7) N    2705  --  D4 F3 F4 G4 H3 E3 D3
---Black(^)---
D4  : T 108.58c W  99.46c S   9.13c (+12.3 L +11.8) LCB  108.04c P 74.73% WF 8616.1 PSV    8607 N    2604  --  D4 F3 F4 G4 H3 E3 D3 H4
E3  : T 105.24c W  99.35c S   5.96c (+10.9 L +10.1) LCB  102.99c P  6.63% WF 106.5 PSV     102 N      28  --  E3 D4 D3 E6 E7
E4  : T 106.03c W  99.29c S   6.70c (+11.2 L +10.4) LCB  102.55c P  3.61% WF  77.0 PSV      70 N      19  --  E4 D6 E6 C7 C8
D6  : T 106.99c W  99.51c S   7.34c (+11.4 L +10.6) LCB  102.89c P  2.17% WF  73.3 PSV      61 N      19  --  D6 F3 F4 G4 H3
F3  : T 103.15c W  99.19c S   4.74c (+10.3 L  +9.7) LCB   95.38c P  4.07% WF  41.2 PSV      40 N      11  --  F3 E4 F5 D6 E7 E3
D3  : T 101.32c W  99.16c S   2.79c ( +9.5 L  +8.8) LCB   70.69c P  2.09% WF  16.4 PSV      16 N       5  --  D3 E4 D4
E2  : T 100.69c W  98.98c S   2.28c ( +9.2 L  +8.6) LCB  -51.96c P  0.78% WF   7.1 PSV       5 N       2  --  E2 E4
E6  : T 101.22c W  99.21c S   3.03c ( +9.5 L  +8.9) LCB  -51.09c P  0.56% WF   7.5 PSV       4 N       2  --  E6 F3
F4  : T 101.13c W  98.96c S   2.96c ( +9.5 L  +9.0) LCB  -51.50c P  0.55% WF   7.6 PSV       4 N       2  --  F4 D4
C5  : T 102.46c W  99.53c S   2.93c ( +9.5 L  +9.2) LCB -247.54c P  0.35% WF   3.4 PSV       3 N       1  --  C5

2024-04-17 21:53:34+0800: = play D4
2024-04-17 21:54:36+0800: Controller: loadsgf C:/Users/KILLLAKILL/AppData/LocalLow/DefaultCompany/yiwu/RecentGames\sgf_1659790193.sgf 7
2024-04-17 21:54:36+0800: = 
2024-04-17 21:54:36+0800: Controller: lz-genmove_analyze maxmoves 6
2024-04-17 21:54:41+0800: MoveNum: 6 HASH: 3D4E0F78DD4BFC17707648C28C5310E5
   A B C D E F G H J
 9 . . . . . . . . .
 8 . . . . . . . . .
 7 . . . X . . . . .
 6 . . . . . . . . .
 5 . . . O X . . . .
 4 . . . @ . . . . .
 3 . . . . . . X2. .
 2 . . . . . . O3. .
 1 . . . . . O1. . .

koSIMPLEscoreAREAtaxNONEsui0whbNfpok1komi5.5
Time taken: 5
Root visits: 5613
New playouts: 5613
NN rows: 2481
NN batches: 621
NN avg batch size: 3.99517
PV: D4 F3 C5 F5 F6 E4 D6 G6 G5 F4 G7 H6 F7 D2 H5 H4 H7 G4 C3 J5 C2 C1 B1 D1
Tree:
: T 108.24c W  99.45c S   8.85c (+12.1 L +11.6) N    5613  --  D4 F3 C5 F5 F6 E4 D6
---Black(^)---
D4  : T 108.38c W  99.46c S   8.98c (+12.2 L +11.7) LCB  107.98c P 74.73% WF 17802.0 PSV   17785 N    5453  --  D4 F3 C5 F5 F6 E4 D6 G6
E3  : T 105.14c W  99.32c S   5.94c (+10.9 L +10.1) LCB  103.38c P  6.63% WF 177.6 PSV     177 N      47  --  E3 D4 D3 E6 E7
E4  : T 106.19c W  99.32c S   6.45c (+11.1 L +10.3) LCB  103.81c P  3.61% WF 145.9 PSV     136 N      37  --  E4 D6 E6 C7 C8 D8
D6  : T 106.09c W  99.47c S   6.64c (+11.1 L +10.4) LCB  101.92c P  2.17% WF  84.3 PSV      78 N      22  --  D6 F3 F4 G4 H3 E3
F3  : T 102.88c W  99.16c S   4.24c (+10.1 L  +9.5) LCB   98.01c P  4.07% WF  66.9 PSV      67 N      19  --  F3 E4 F5 D6 E7 E3
D3  : T 100.36c W  99.15c S   1.84c ( +9.0 L  +8.5) LCB   87.73c P  2.09% WF  25.5 PSV      24 N       8  --  D3 E4 D4 E6
E2  : T 100.65c W  98.98c S   2.01c ( +9.1 L  +8.3) LCB   24.95c P  0.78% WF  11.2 PSV       9 N       3  --  E2 E4
E6  : T 101.22c W  99.21c S   3.03c ( +9.5 L  +8.9) LCB  -51.09c P  0.56% WF   7.5 PSV       7 N       2  --  E6 F3
F4  : T 101.13c W  98.96c S   2.96c ( +9.5 L  +9.0) LCB  -51.50c P  0.55% WF   7.6 PSV       7 N       2  --  F4 D4
C5  : T 102.27c W  99.34c S   2.98c ( +9.5 L  +9.0) LCB  -47.23c P  0.35% WF   7.1 PSV       5 N       2  --  C5 D6

2024-04-17 21:54:41+0800: = play D4
