2024-03-18 22:53:33+0800: Running with following config:
allowResignation = true
friendlyPassOk = true
hasButton = false
koRule = SIMPLE
lagBuffer = 1.0
logAllGTPCommunication = true
logDir = gtp_logs
logSearchInfo = true
logToStderr = false
multiStoneSuicideLegal = false
nnCacheSizePowerOfTwo = 20
nnMutexPoolSizePowerOfTwo = 16
numNNServerThreadsPerModel = 1
numSearchThreads = 8
openclDeviceToUseThread0 = 0
ponderingEnabled = false
resignConsecTurns = 3
resignThreshold = -0.90
scoringRule = AREA
searchFactorAfterOnePass = 0.50
searchFactorAfterTwoPass = 0.25
searchFactorWhenWinning = 0.40
searchFactorWhenWinningThreshold = 0.95
taxRule = NONE
whiteHandicapBonus = N

2024-03-18 22:53:33+0800: GTP Engine starting...
2024-03-18 22:53:33+0800: KataGo v1.13.0
2024-03-18 22:53:33+0800: Using Chinese rules initially, unless GTP/GUI overrides this
2024-03-18 22:53:33+0800: Using 8 CPU thread(s) for search
2024-03-18 22:53:33+0800: nnRandSeed0 = 5080294279370321560
2024-03-18 22:53:33+0800: After dedups: nnModelFile0 = F:\homework\毕业设计\katago-v1.13.0-opencl-windows-x64\model.bin useFP16 auto useNHWC auto
2024-03-18 22:53:33+0800: Initializing neural net buffer to be size 19 * 19 exactly
2024-03-18 22:53:34+0800: Found OpenCL Platform 0: NVIDIA CUDA (NVIDIA Corporation) (OpenCL 3.0 CUDA 12.3.99)
2024-03-18 22:53:34+0800: Found 1 device(s) on platform 0 with type CPU or GPU or Accelerator
2024-03-18 22:53:34+0800: Found OpenCL Device 0: NVIDIA GeForce RTX 2060 (NVIDIA Corporation) (score 11000300)
2024-03-18 22:53:34+0800: Creating context for OpenCL Platform: NVIDIA CUDA (NVIDIA Corporation) (OpenCL 3.0 CUDA 12.3.99)
2024-03-18 22:53:34+0800: Using OpenCL Device 0: NVIDIA GeForce RTX 2060 (NVIDIA Corporation) OpenCL 3.0 CUDA (Extensions: cl_khr_global_int32_base_atomics cl_khr_global_int32_extended_atomics cl_khr_local_int32_base_atomics cl_khr_local_int32_extended_atomics cl_khr_fp64 cl_khr_3d_image_writes cl_khr_byte_addressable_store cl_khr_icd cl_khr_gl_sharing cl_nv_compiler_options cl_nv_device_attribute_query cl_nv_pragma_unroll cl_nv_d3d10_sharing cl_khr_d3d10_sharing cl_nv_d3d11_sharing cl_nv_copy_opts cl_nv_create_buffer cl_khr_int64_base_atomics cl_khr_int64_extended_atomics cl_khr_device_uuid cl_khr_pci_bus_info cl_khr_external_semaphore cl_khr_external_memory cl_khr_external_semaphore_win32 cl_khr_external_memory_win32)
2024-03-18 22:53:34+0800: Loaded tuning parameters from: F:\homework\毕业设计\katago-v1.13.0-opencl-windows-x64/KataGoData/opencltuning/tune11_gpuNVIDIAGeForceRTX2060_x19_y19_c384_mv14.txt
2024-03-18 22:53:34+0800: OpenCL backend thread 0: Device 0 Model version 14
2024-03-18 22:53:34+0800: OpenCL backend thread 0: Device 0 Model name: kata1-b18c384nbt-s7192213760-d3579182099
2024-03-18 22:53:36+0800: OpenCL backend thread 0: Device 0 FP16Storage true FP16Compute false FP16TensorCores true FP16TensorCoresFor1x1 false
2024-03-18 22:53:36+0800: Loaded neural net with nnXLen 19 nnYLen 19
2024-03-18 22:53:36+0800: Initializing board with boardXSize 19 boardYSize 19
2024-03-18 22:53:36+0800: Loaded config F:\homework\毕业设计\katago-v1.13.0-opencl-windows-x64\gtp_custom.cfg
2024-03-18 22:53:36+0800: Loaded model F:\homework\毕业设计\katago-v1.13.0-opencl-windows-x64\model.bin
2024-03-18 22:53:36+0800: Model name: kata1-b18c384nbt-s7192213760-d3579182099
2024-03-18 22:53:36+0800: GTP ready, beginning main protocol loop
2024-03-18 22:53:39+0800: Controller: loadsgf C:/Users/KILLLAKILL/AppData/LocalLow/DefaultCompany/yiwu/RecentGames\sgf_1701255612.sgf 1
2024-03-18 22:53:39+0800: Changing komi to 5.5
2024-03-18 22:53:39+0800: GPU 0 finishing, processed 0 rows 0 batches
2024-03-18 22:53:39+0800: Cleaned up old neural net and bot
2024-03-18 22:53:39+0800: nnRandSeed0 = 16393888865965082677
2024-03-18 22:53:39+0800: After dedups: nnModelFile0 = F:\homework\毕业设计\katago-v1.13.0-opencl-windows-x64\model.bin useFP16 auto useNHWC auto
2024-03-18 22:53:39+0800: Initializing neural net buffer to be size 9 * 9 exactly
2024-03-18 22:53:39+0800: Found OpenCL Platform 0: NVIDIA CUDA (NVIDIA Corporation) (OpenCL 3.0 CUDA 12.3.99)
2024-03-18 22:53:39+0800: Found 1 device(s) on platform 0 with type CPU or GPU or Accelerator
2024-03-18 22:53:39+0800: Found OpenCL Device 0: NVIDIA GeForce RTX 2060 (NVIDIA Corporation) (score 11000300)
2024-03-18 22:53:39+0800: Creating context for OpenCL Platform: NVIDIA CUDA (NVIDIA Corporation) (OpenCL 3.0 CUDA 12.3.99)
2024-03-18 22:53:39+0800: Using OpenCL Device 0: NVIDIA GeForce RTX 2060 (NVIDIA Corporation) OpenCL 3.0 CUDA (Extensions: cl_khr_global_int32_base_atomics cl_khr_global_int32_extended_atomics cl_khr_local_int32_base_atomics cl_khr_local_int32_extended_atomics cl_khr_fp64 cl_khr_3d_image_writes cl_khr_byte_addressable_store cl_khr_icd cl_khr_gl_sharing cl_nv_compiler_options cl_nv_device_attribute_query cl_nv_pragma_unroll cl_nv_d3d10_sharing cl_khr_d3d10_sharing cl_nv_d3d11_sharing cl_nv_copy_opts cl_nv_create_buffer cl_khr_int64_base_atomics cl_khr_int64_extended_atomics cl_khr_device_uuid cl_khr_pci_bus_info cl_khr_external_semaphore cl_khr_external_memory cl_khr_external_semaphore_win32 cl_khr_external_memory_win32)
2024-03-18 22:53:39+0800: Loaded tuning parameters from: F:\homework\毕业设计\katago-v1.13.0-opencl-windows-x64/KataGoData/opencltuning/tune11_gpuNVIDIAGeForceRTX2060_x19_y19_c384_mv14.txt
2024-03-18 22:53:40+0800: OpenCL backend thread 0: Device 0 Model version 14
2024-03-18 22:53:40+0800: OpenCL backend thread 0: Device 0 Model name: kata1-b18c384nbt-s7192213760-d3579182099
2024-03-18 22:53:42+0800: OpenCL backend thread 0: Device 0 FP16Storage true FP16Compute false FP16TensorCores true FP16TensorCoresFor1x1 false
2024-03-18 22:53:42+0800: Loaded neural net with nnXLen 9 nnYLen 9
2024-03-18 22:53:42+0800: Initializing board with boardXSize 9 boardYSize 9
2024-03-18 22:53:42+0800: = 
2024-03-18 22:53:44+0800: Controller: loadsgf C:/Users/KILLLAKILL/AppData/LocalLow/DefaultCompany/yiwu/RecentGames\sgf_1701255612.sgf 6
2024-03-18 22:53:44+0800: = 
2024-03-18 22:53:44+0800: Controller: lz-genmove_analyze maxmoves 6
2024-03-18 22:53:49+0800: MoveNum: 5 HASH: FFE96295C396DA517064CFFB0FD39D37
   A B C D E F G H J
 9 . . . . . . . . .
 8 . . . . . . . . .
 7 . . X . . . . . .
 6 . . . . . . . . .
 5 . . . . O O2. . .
 4 . . . . . . . . .
 3 . . X1. @ . X3. .
 2 . . . . . . . . .
 1 . . . . . . . . .

koSIMPLEscoreAREAtaxNONEsui0whbNfpok1komi5.5
Time taken: 5
Root visits: 3596
New playouts: 3596
NN rows: 2561
NN batches: 641
NN avg batch size: 3.99532
PV: E3 D4 F3 H5 H4 G4 G5 J4 D7 D6 C8 E7 D8 H6 C6 D5
Tree:
: T -51.64c W -47.57c S  -3.04c ( -2.4 L  -2.1) N    3596  --  E3 D4 F3 H5 H4 G4 G5
---White(^)---
E3  : T -49.34c W -45.67c S  -3.00c ( -2.4 L  -2.1) LCB  -53.94c P 37.91% WF 1934.7 PSV    1892 N    2923  --  E3 D4 F3 H5 H4 G4 G5 J4
E7  : T -55.70c W -51.26c S  -2.92c ( -2.1 L  -1.8) LCB  -66.84c P 17.70% WF 308.8 PSV     208 N     467  --  E7 C5 D4 H5 C4 B4 H6 D3
C5  : T -69.12c W -58.81c S  -4.01c ( -2.8 L  -2.2) LCB  -84.03c P 21.70% WF  88.8 PSV      97 N     128  --  C5 D4 C6 E7 F3 F2 E3 E2
F3  : T -84.83c W -76.80c S  -4.15c ( -2.7 L  -2.1) LCB -103.45c P 11.12% WF  24.7 PSV      29 N      28  --  F3 F2 E7 C5 E2 E3 F4
F2  : T -57.69c W -54.95c S  -2.55c ( -2.1 L  -1.3) LCB  -77.14c P  2.15% WF  24.6 PSV      20 N      29  --  F2 H5 C5 D4 D5 F3 F7 E8
D3  : T -91.98c W -83.10c S  -5.71c ( -3.5 L  -2.7) LCB -137.81c P  2.26% WF   4.1 PSV       4 N       4  --  D3 D4 F3
D7  : T -77.89c W -72.60c S  -3.26c ( -2.3 L  -1.4) LCB -127.86c P  1.45% WF   4.1 PSV       4 N       4  --  D7 C6 G4
G4  : T -77.50c W -73.69c S  -3.41c ( -2.4 L  -2.1) LCB -137.55c P  1.30% WF   4.1 PSV       4 N       4  --  G4 F3 D4
C6  : T -86.55c W -78.83c S  -4.14c ( -2.8 L  -1.8) LCB -166.70c P  1.83% WF   3.3 PSV       4 N       3  --  C6 D6 D5
E8  : T -69.88c W -69.84c S  -2.62c ( -2.0 L  -1.1) LCB -221.92c P  0.66% WF   2.0 PSV       2 N       2  --  E8 C5

2024-03-18 22:53:49+0800: = play E3
