2024-03-17 10:57:52+0800: Running with following config:
allowResignation = true
friendlyPassOk = true
hasButton = false
koRule = SIMPLE
lagBuffer = 1.0
logAllGTPCommunication = true
logDir = gtp_logs
logSearchInfo = true
logToStderr = false
multiStoneSuicideLegal = false
nnCacheSizePowerOfTwo = 20
nnMutexPoolSizePowerOfTwo = 16
numNNServerThreadsPerModel = 1
numSearchThreads = 8
openclDeviceToUseThread0 = 0
ponderingEnabled = false
resignConsecTurns = 3
resignThreshold = -0.90
scoringRule = AREA
searchFactorAfterOnePass = 0.50
searchFactorAfterTwoPass = 0.25
searchFactorWhenWinning = 0.40
searchFactorWhenWinningThreshold = 0.95
taxRule = NONE
whiteHandicapBonus = N

2024-03-17 10:57:52+0800: GTP Engine starting...
2024-03-17 10:57:52+0800: KataGo v1.13.0
2024-03-17 10:57:52+0800: Using Chinese rules initially, unless GTP/GUI overrides this
2024-03-17 10:57:52+0800: Using 8 CPU thread(s) for search
2024-03-17 10:57:53+0800: nnRandSeed0 = 12048469677457599560
2024-03-17 10:57:53+0800: After dedups: nnModelFile0 = F:\homework\毕业设计\katago-v1.13.0-opencl-windows-x64\model.bin useFP16 auto useNHWC auto
2024-03-17 10:57:53+0800: Initializing neural net buffer to be size 19 * 19 exactly
2024-03-17 10:57:53+0800: Found OpenCL Platform 0: NVIDIA CUDA (NVIDIA Corporation) (OpenCL 3.0 CUDA 12.3.99)
2024-03-17 10:57:53+0800: Found 1 device(s) on platform 0 with type CPU or GPU or Accelerator
2024-03-17 10:57:53+0800: Found OpenCL Device 0: NVIDIA GeForce RTX 2060 (NVIDIA Corporation) (score 11000300)
2024-03-17 10:57:53+0800: Creating context for OpenCL Platform: NVIDIA CUDA (NVIDIA Corporation) (OpenCL 3.0 CUDA 12.3.99)
2024-03-17 10:57:54+0800: Using OpenCL Device 0: NVIDIA GeForce RTX 2060 (NVIDIA Corporation) OpenCL 3.0 CUDA (Extensions: cl_khr_global_int32_base_atomics cl_khr_global_int32_extended_atomics cl_khr_local_int32_base_atomics cl_khr_local_int32_extended_atomics cl_khr_fp64 cl_khr_3d_image_writes cl_khr_byte_addressable_store cl_khr_icd cl_khr_gl_sharing cl_nv_compiler_options cl_nv_device_attribute_query cl_nv_pragma_unroll cl_nv_d3d10_sharing cl_khr_d3d10_sharing cl_nv_d3d11_sharing cl_nv_copy_opts cl_nv_create_buffer cl_khr_int64_base_atomics cl_khr_int64_extended_atomics cl_khr_device_uuid cl_khr_pci_bus_info cl_khr_external_semaphore cl_khr_external_memory cl_khr_external_semaphore_win32 cl_khr_external_memory_win32)
2024-03-17 10:57:54+0800: Loaded tuning parameters from: F:\homework\毕业设计\katago-v1.13.0-opencl-windows-x64/KataGoData/opencltuning/tune11_gpuNVIDIAGeForceRTX2060_x19_y19_c384_mv14.txt
2024-03-17 10:57:55+0800: OpenCL backend thread 0: Device 0 Model version 14
2024-03-17 10:57:55+0800: OpenCL backend thread 0: Device 0 Model name: kata1-b18c384nbt-s7192213760-d3579182099
2024-03-17 10:57:57+0800: OpenCL backend thread 0: Device 0 FP16Storage true FP16Compute false FP16TensorCores true FP16TensorCoresFor1x1 false
2024-03-17 10:57:57+0800: Loaded neural net with nnXLen 19 nnYLen 19
2024-03-17 10:57:57+0800: Initializing board with boardXSize 19 boardYSize 19
2024-03-17 10:57:57+0800: Loaded config F:\homework\毕业设计\katago-v1.13.0-opencl-windows-x64\gtp_custom.cfg
2024-03-17 10:57:57+0800: Loaded model F:\homework\毕业设计\katago-v1.13.0-opencl-windows-x64\model.bin
2024-03-17 10:57:57+0800: Model name: kata1-b18c384nbt-s7192213760-d3579182099
2024-03-17 10:57:57+0800: GTP ready, beginning main protocol loop
2024-03-17 10:58:06+0800: Controller: loadsgf C:/Users/KILLLAKILL/AppData/LocalLow/DefaultCompany/yiwu/RecentGames\sgf_1701255612.sgf 1
2024-03-17 10:58:06+0800: Changing komi to 5.5
2024-03-17 10:58:06+0800: GPU 0 finishing, processed 0 rows 0 batches
2024-03-17 10:58:06+0800: Cleaned up old neural net and bot
2024-03-17 10:58:06+0800: nnRandSeed0 = 12017038767283553262
2024-03-17 10:58:06+0800: After dedups: nnModelFile0 = F:\homework\毕业设计\katago-v1.13.0-opencl-windows-x64\model.bin useFP16 auto useNHWC auto
2024-03-17 10:58:06+0800: Initializing neural net buffer to be size 9 * 9 exactly
2024-03-17 10:58:06+0800: Found OpenCL Platform 0: NVIDIA CUDA (NVIDIA Corporation) (OpenCL 3.0 CUDA 12.3.99)
2024-03-17 10:58:06+0800: Found 1 device(s) on platform 0 with type CPU or GPU or Accelerator
2024-03-17 10:58:06+0800: Found OpenCL Device 0: NVIDIA GeForce RTX 2060 (NVIDIA Corporation) (score 11000300)
2024-03-17 10:58:06+0800: Creating context for OpenCL Platform: NVIDIA CUDA (NVIDIA Corporation) (OpenCL 3.0 CUDA 12.3.99)
2024-03-17 10:58:07+0800: Using OpenCL Device 0: NVIDIA GeForce RTX 2060 (NVIDIA Corporation) OpenCL 3.0 CUDA (Extensions: cl_khr_global_int32_base_atomics cl_khr_global_int32_extended_atomics cl_khr_local_int32_base_atomics cl_khr_local_int32_extended_atomics cl_khr_fp64 cl_khr_3d_image_writes cl_khr_byte_addressable_store cl_khr_icd cl_khr_gl_sharing cl_nv_compiler_options cl_nv_device_attribute_query cl_nv_pragma_unroll cl_nv_d3d10_sharing cl_khr_d3d10_sharing cl_nv_d3d11_sharing cl_nv_copy_opts cl_nv_create_buffer cl_khr_int64_base_atomics cl_khr_int64_extended_atomics cl_khr_device_uuid cl_khr_pci_bus_info cl_khr_external_semaphore cl_khr_external_memory cl_khr_external_semaphore_win32 cl_khr_external_memory_win32)
2024-03-17 10:58:07+0800: Loaded tuning parameters from: F:\homework\毕业设计\katago-v1.13.0-opencl-windows-x64/KataGoData/opencltuning/tune11_gpuNVIDIAGeForceRTX2060_x19_y19_c384_mv14.txt
2024-03-17 10:58:07+0800: OpenCL backend thread 0: Device 0 Model version 14
2024-03-17 10:58:07+0800: OpenCL backend thread 0: Device 0 Model name: kata1-b18c384nbt-s7192213760-d3579182099
2024-03-17 10:58:09+0800: OpenCL backend thread 0: Device 0 FP16Storage true FP16Compute false FP16TensorCores true FP16TensorCoresFor1x1 false
2024-03-17 10:58:09+0800: Loaded neural net with nnXLen 9 nnYLen 9
2024-03-17 10:58:09+0800: Initializing board with boardXSize 9 boardYSize 9
2024-03-17 10:58:09+0800: = 
2024-03-17 10:58:14+0800: Controller: loadsgf C:/Users/KILLLAKILL/AppData/LocalLow/DefaultCompany/yiwu/RecentGames\sgf_1701255612.sgf 5
2024-03-17 10:58:14+0800: = 
2024-03-17 10:58:14+0800: Controller: lz-genmove_analyze maxmoves 6
2024-03-17 10:58:19+0800: MoveNum: 4 HASH: 1AA98AB74C9DEA56E25EEF3628106766
   A B C D E F G H J
 9 . . . . . . . . .
 8 . . . . . . . . .
 7 . . X . . @ . . .
 6 . . . . . . . . .
 5 . . . . O1O3. . .
 4 . . . . . . . . .
 3 . . X2. . . . . .
 2 . . . . . . . . .
 1 . . . . . . . . .

koSIMPLEscoreAREAtaxNONEsui0whbNfpok1komi5.5
Time taken: 5.063
Root visits: 2583
New playouts: 2583
NN rows: 2386
NN batches: 598
NN avg batch size: 3.98997
PV: F7 E7 E8 F8 D7 G7 E6 D3 D2 C4 E3 D4 G4
Tree:
: T  52.29c W  53.98c S   0.45c ( +2.0 L  +1.4) N    2583  --  F7 E7 E8 F8 D7 G7 E6
---Black(^)---
F7  : T  53.18c W  53.06c S   0.82c ( +2.1 L  +1.6) LCB   47.68c P 35.74% WF 1166.9 PSV    1159 N    1594  --  F7 E7 E8 F8 D7 G7 E6 D3
C5  : T  52.42c W  56.73c S  -0.05c ( +1.7 L  +1.2) LCB   47.81c P  6.81% WF 762.7 PSV     165 N     932  --  C5 D4 C4 D7 F7 E7 H5 G6
E7  : T   2.06c W  13.50c S  -2.17c ( +0.7 L  +0.4) LCB  -22.52c P  9.96% WF   9.9 PSV      13 N      16  --  E7 E3 D4 G7 G3 F3 G6
G7  : T  29.75c W  30.76c S  -1.01c ( +1.2 L  +1.1) LCB -320.25c P  0.30% WF   1.0 PSV       0 N       1  --  G7
H5  : T   0.31c W   2.27c S  -1.96c ( +0.7 L  +0.8) LCB -349.69c P  0.14% WF   0.9 PSV       0 N       1  --  H5
G6  : T  -6.40c W  -3.66c S  -2.74c ( +0.4 L  +0.6) LCB -356.40c P  0.10% WF   0.8 PSV       0 N       1  --  G6
F8  : T -10.88c W  -7.80c S  -3.08c ( +0.4 L  +0.6) LCB -360.88c P  0.08% WF   0.7 PSV       0 N       1  --  F8
E8  : T  -3.21c W  -0.27c S  -2.93c ( +0.4 L  +0.6) LCB -353.21c P  0.04% WF   0.7 PSV       0 N       1  --  E8
H6  : T -49.13c W -44.52c S  -4.61c ( -0.5 L  +0.3) LCB -399.13c P  0.03% WF   0.7 PSV       0 N       1  --  H6
D6  : T  35.47c W  36.64c S  -1.17c ( +1.2 L  +0.8) LCB -314.53c P  0.03% WF   0.9 PSV       0 N       1  --  D6

2024-03-17 10:58:19+0800: = play F7
