2024-05-09 22:56:45+0800: Running with following config:
allowResignation = true
friendlyPassOk = true
hasButton = false
koRule = SIMPLE
lagBuffer = 1.0
logAllGTPCommunication = true
logDir = gtp_logs
logSearchInfo = true
logToStderr = false
multiStoneSuicideLegal = false
nnCacheSizePowerOfTwo = 20
nnMutexPoolSizePowerOfTwo = 16
numNNServerThreadsPerModel = 1
numSearchThreads = 8
openclDeviceToUseThread0 = 0
ponderingEnabled = false
resignConsecTurns = 3
resignThreshold = -0.90
scoringRule = AREA
searchFactorAfterOnePass = 0.50
searchFactorAfterTwoPass = 0.25
searchFactorWhenWinning = 0.40
searchFactorWhenWinningThreshold = 0.95
taxRule = NONE
whiteHandicapBonus = N

2024-05-09 22:56:45+0800: GTP Engine starting...
2024-05-09 22:56:45+0800: KataGo v1.13.0
2024-05-09 22:56:45+0800: Using Chinese rules initially, unless GTP/GUI overrides this
2024-05-09 22:56:45+0800: Using 8 CPU thread(s) for search
2024-05-09 22:56:45+0800: nnRandSeed0 = 8128766699333058874
2024-05-09 22:56:45+0800: After dedups: nnModelFile0 = F:/unity_project/yiwu/Assets/StreamingAssets\katago-v1.13.0-opencl-windows-x64\model.bin useFP16 auto useNHWC auto
2024-05-09 22:56:45+0800: Initializing neural net buffer to be size 19 * 19 exactly
2024-05-09 22:56:46+0800: Found OpenCL Platform 0: NVIDIA CUDA (NVIDIA Corporation) (OpenCL 3.0 CUDA 12.3.99)
2024-05-09 22:56:46+0800: Found 1 device(s) on platform 0 with type CPU or GPU or Accelerator
2024-05-09 22:56:46+0800: Found OpenCL Device 0: NVIDIA GeForce RTX 2060 (NVIDIA Corporation) (score 11000300)
2024-05-09 22:56:46+0800: Creating context for OpenCL Platform: NVIDIA CUDA (NVIDIA Corporation) (OpenCL 3.0 CUDA 12.3.99)
2024-05-09 22:56:46+0800: Using OpenCL Device 0: NVIDIA GeForce RTX 2060 (NVIDIA Corporation) OpenCL 3.0 CUDA (Extensions: cl_khr_global_int32_base_atomics cl_khr_global_int32_extended_atomics cl_khr_local_int32_base_atomics cl_khr_local_int32_extended_atomics cl_khr_fp64 cl_khr_3d_image_writes cl_khr_byte_addressable_store cl_khr_icd cl_khr_gl_sharing cl_nv_compiler_options cl_nv_device_attribute_query cl_nv_pragma_unroll cl_nv_d3d10_sharing cl_khr_d3d10_sharing cl_nv_d3d11_sharing cl_nv_copy_opts cl_nv_create_buffer cl_khr_int64_base_atomics cl_khr_int64_extended_atomics cl_khr_device_uuid cl_khr_pci_bus_info cl_khr_external_semaphore cl_khr_external_memory cl_khr_external_semaphore_win32 cl_khr_external_memory_win32)
2024-05-09 22:56:46+0800: Loaded tuning parameters from: F:\unity_project\yiwu\Assets\StreamingAssets\katago-v1.13.0-opencl-windows-x64/KataGoData/opencltuning/tune11_gpuNVIDIAGeForceRTX2060_x19_y19_c384_mv14.txt
2024-05-09 22:56:47+0800: OpenCL backend thread 0: Device 0 Model version 14
2024-05-09 22:56:47+0800: OpenCL backend thread 0: Device 0 Model name: kata1-b18c384nbt-s7192213760-d3579182099
2024-05-09 22:56:49+0800: OpenCL backend thread 0: Device 0 FP16Storage true FP16Compute false FP16TensorCores true FP16TensorCoresFor1x1 false
2024-05-09 22:56:49+0800: Loaded neural net with nnXLen 19 nnYLen 19
2024-05-09 22:56:49+0800: Initializing board with boardXSize 19 boardYSize 19
2024-05-09 22:56:49+0800: Loaded config F:/unity_project/yiwu/Assets/StreamingAssets\katago-v1.13.0-opencl-windows-x64\gtp_custom.cfg
2024-05-09 22:56:49+0800: Loaded model F:/unity_project/yiwu/Assets/StreamingAssets\katago-v1.13.0-opencl-windows-x64\model.bin
2024-05-09 22:56:49+0800: Model name: kata1-b18c384nbt-s7192213760-d3579182099
2024-05-09 22:56:49+0800: GTP ready, beginning main protocol loop
2024-05-09 22:56:53+0800: Controller: clear_board
2024-05-09 22:56:53+0800: = 
2024-05-09 22:56:53+0800: Controller: komi 7.5
2024-05-09 22:56:53+0800: = 
2024-05-09 22:56:53+0800: Controller: boardsize 19
2024-05-09 22:56:53+0800: = 
2024-05-09 22:56:55+0800: Controller: play b L11
2024-05-09 22:56:55+0800: = 
2024-05-09 22:56:55+0800: Controller: genmove w
2024-05-09 22:57:00+0800: MoveNum: 1 HASH: 248A9214BA3876F2AF797E036E084335
   A B C D E F G H J K L M N O P Q R S T
19 . . . . . . . . . . . . . . . . . . .
18 . . . . . . . . . . . . . . . . . . .
17 . . . . . . . . . . . . . . . @ . . .
16 . . . . . . . . . . . . . . . . . . .
15 . . . . . . . . . . . . . . . . . . .
14 . . . . . . . . . . . . . . . . . . .
13 . . . . . . . . . . . . . . . . . . .
12 . . . . . . . . . . . . . . . . . . .
11 . . . . . . . . . . X1. . . . . . . .
10 . . . . . . . . . . . . . . . . . . .
 9 . . . . . . . . . . . . . . . . . . .
 8 . . . . . . . . . . . . . . . . . . .
 7 . . . . . . . . . . . . . . . . . . .
 6 . . . . . . . . . . . . . . . . . . .
 5 . . . . . . . . . . . . . . . . . . .
 4 . . . . . . . . . . . . . . . . . . .
 3 . . . . . . . . . . . . . . . . . . .
 2 . . . . . . . . . . . . . . . . . . .
 1 . . . . . . . . . . . . . . . . . . .

koSIMPLEscoreAREAtaxNONEsui0whbNfpok1komi7.5
Time taken: 5.015
Root visits: 1425
New playouts: 1425
NN rows: 1138
NN batches: 286
NN avg batch size: 3.97902
PV: Q17 D4 D16 Q4 R14 Q16 R16 P17 Q18
Tree:
: T  35.59c W  34.96c S   0.75c ( +2.5 L  +1.7) N    1425  --  Q17 D4 D16 Q4 R14 Q16 R16
---White(^)---
Q17 : T  36.12c W  35.39c S   0.77c ( +2.5 L  +1.7) LCB   35.29c P  4.40% WF 528.3 PSV    2323 N     219  --  Q17 D4 D16 Q4 R14 Q16 R16 P17
Q16 : T  35.48c W  34.94c S   0.74c ( +2.5 L  +1.7) LCB   34.79c P 23.36% WF 1019.6 PSV    1022 N     421  --  Q16 D4 C16 R4 P3 M3 Q5 Q4
D16 : T  35.61c W  34.95c S   0.75c ( +2.5 L  +1.7) LCB   34.79c P 14.81% WF 849.0 PSV     840 N     349  --  D16 Q4 R16 C4 O17 F3 R3 Q3
C16 : T  35.98c W  35.11c S   0.75c ( +2.5 L  +1.7) LCB   35.12c P  2.87% WF 615.9 PSV     614 N     257  --  C16 R4 Q16 D4 P3 M3 Q5 Q4
D17 : T  35.44c W  34.83c S   0.74c ( +2.5 L  +1.7) LCB   34.17c P  3.18% WF 242.5 PSV     131 N      99  --  D17 Q4 Q16 C4 C14 R17 R16
D4  : T  33.75c W  33.94c S   0.74c ( +2.5 L  +1.6) LCB   31.38c P  8.11% WF  95.2 PSV      86 N      39  --  D4 Q16 D16 Q4 R3 Q3 R4 R6
C4  : T  34.19c W  33.81c S   0.68c ( +2.4 L  +1.7) LCB   29.55c P  2.49% WF  37.3 PSV      32 N      15  --  C4 Q16 Q4 D16 F3 R3
D15 : T  33.65c W  33.24c S   0.58c ( +2.3 L  +1.5) LCB   -9.43c P  0.66% WF   8.6 PSV       6 N       4  --  D15 Q16 D17
E16 : T  33.66c W  33.32c S   0.64c ( +2.4 L  +1.6) LCB  -40.59c P  0.63% WF   6.4 PSV       6 N       3  --  E16 Q16 C16
D5  : T  32.54c W  32.89c S   0.61c ( +2.3 L  +1.5) LCB  -41.82c P  0.60% WF   6.4 PSV       4 N       3  --  D5 Q16 D3

2024-05-09 22:57:00+0800: = Q17
