2024-04-17 22:17:50+0800: Running with following config:
allowResignation = true
friendlyPassOk = true
hasButton = false
koRule = SIMPLE
lagBuffer = 1.0
logAllGTPCommunication = true
logDir = gtp_logs
logSearchInfo = true
logToStderr = false
multiStoneSuicideLegal = false
nnCacheSizePowerOfTwo = 20
nnMutexPoolSizePowerOfTwo = 16
numNNServerThreadsPerModel = 1
numSearchThreads = 8
openclDeviceToUseThread0 = 0
ponderingEnabled = false
resignConsecTurns = 3
resignThreshold = -0.90
scoringRule = AREA
searchFactorAfterOnePass = 0.50
searchFactorAfterTwoPass = 0.25
searchFactorWhenWinning = 0.40
searchFactorWhenWinningThreshold = 0.95
taxRule = NONE
whiteHandicapBonus = N

2024-04-17 22:17:50+0800: GTP Engine starting...
2024-04-17 22:17:50+0800: KataGo v1.13.0
2024-04-17 22:17:50+0800: Using Chinese rules initially, unless GTP/GUI overrides this
2024-04-17 22:17:50+0800: Using 8 CPU thread(s) for search
2024-04-17 22:17:50+0800: nnRandSeed0 = 7453414561723529797
2024-04-17 22:17:50+0800: After dedups: nnModelFile0 = F:/unity_project/yiwu/Assets/StreamingAssets\katago-v1.13.0-opencl-windows-x64\model.bin useFP16 auto useNHWC auto
2024-04-17 22:17:50+0800: Initializing neural net buffer to be size 19 * 19 exactly
2024-04-17 22:17:50+0800: Found OpenCL Platform 0: NVIDIA CUDA (NVIDIA Corporation) (OpenCL 3.0 CUDA 12.3.99)
2024-04-17 22:17:50+0800: Found 1 device(s) on platform 0 with type CPU or GPU or Accelerator
2024-04-17 22:17:50+0800: Found OpenCL Device 0: NVIDIA GeForce RTX 2060 (NVIDIA Corporation) (score 11000300)
2024-04-17 22:17:50+0800: Creating context for OpenCL Platform: NVIDIA CUDA (NVIDIA Corporation) (OpenCL 3.0 CUDA 12.3.99)
2024-04-17 22:17:51+0800: Using OpenCL Device 0: NVIDIA GeForce RTX 2060 (NVIDIA Corporation) OpenCL 3.0 CUDA (Extensions: cl_khr_global_int32_base_atomics cl_khr_global_int32_extended_atomics cl_khr_local_int32_base_atomics cl_khr_local_int32_extended_atomics cl_khr_fp64 cl_khr_3d_image_writes cl_khr_byte_addressable_store cl_khr_icd cl_khr_gl_sharing cl_nv_compiler_options cl_nv_device_attribute_query cl_nv_pragma_unroll cl_nv_d3d10_sharing cl_khr_d3d10_sharing cl_nv_d3d11_sharing cl_nv_copy_opts cl_nv_create_buffer cl_khr_int64_base_atomics cl_khr_int64_extended_atomics cl_khr_device_uuid cl_khr_pci_bus_info cl_khr_external_semaphore cl_khr_external_memory cl_khr_external_semaphore_win32 cl_khr_external_memory_win32)
2024-04-17 22:17:51+0800: Loaded tuning parameters from: F:\unity_project\yiwu\Assets\StreamingAssets\katago-v1.13.0-opencl-windows-x64/KataGoData/opencltuning/tune11_gpuNVIDIAGeForceRTX2060_x19_y19_c384_mv14.txt
2024-04-17 22:17:51+0800: OpenCL backend thread 0: Device 0 Model version 14
2024-04-17 22:17:51+0800: OpenCL backend thread 0: Device 0 Model name: kata1-b18c384nbt-s7192213760-d3579182099
2024-04-17 22:17:53+0800: OpenCL backend thread 0: Device 0 FP16Storage true FP16Compute false FP16TensorCores true FP16TensorCoresFor1x1 false
2024-04-17 22:17:53+0800: Loaded neural net with nnXLen 19 nnYLen 19
2024-04-17 22:17:53+0800: Initializing board with boardXSize 19 boardYSize 19
2024-04-17 22:17:53+0800: Loaded config F:/unity_project/yiwu/Assets/StreamingAssets\katago-v1.13.0-opencl-windows-x64\gtp_custom.cfg
2024-04-17 22:17:53+0800: Loaded model F:/unity_project/yiwu/Assets/StreamingAssets\katago-v1.13.0-opencl-windows-x64\model.bin
2024-04-17 22:17:53+0800: Model name: kata1-b18c384nbt-s7192213760-d3579182099
2024-04-17 22:17:53+0800: GTP ready, beginning main protocol loop
2024-04-17 22:18:05+0800: Controller: loadsgf C:/Users/KILLLAKILL/AppData/LocalLow/DefaultCompany/yiwu/RecentGames\sgf_1659790193.sgf 1
2024-04-17 22:18:05+0800: Changing komi to 5.5
2024-04-17 22:18:05+0800: GPU 0 finishing, processed 0 rows 0 batches
2024-04-17 22:18:05+0800: Cleaned up old neural net and bot
2024-04-17 22:18:05+0800: nnRandSeed0 = 14360979609997109526
2024-04-17 22:18:05+0800: After dedups: nnModelFile0 = F:/unity_project/yiwu/Assets/StreamingAssets\katago-v1.13.0-opencl-windows-x64\model.bin useFP16 auto useNHWC auto
2024-04-17 22:18:05+0800: Initializing neural net buffer to be size 9 * 9 exactly
2024-04-17 22:18:05+0800: Found OpenCL Platform 0: NVIDIA CUDA (NVIDIA Corporation) (OpenCL 3.0 CUDA 12.3.99)
2024-04-17 22:18:05+0800: Found 1 device(s) on platform 0 with type CPU or GPU or Accelerator
2024-04-17 22:18:05+0800: Found OpenCL Device 0: NVIDIA GeForce RTX 2060 (NVIDIA Corporation) (score 11000300)
2024-04-17 22:18:05+0800: Creating context for OpenCL Platform: NVIDIA CUDA (NVIDIA Corporation) (OpenCL 3.0 CUDA 12.3.99)
2024-04-17 22:18:06+0800: Using OpenCL Device 0: NVIDIA GeForce RTX 2060 (NVIDIA Corporation) OpenCL 3.0 CUDA (Extensions: cl_khr_global_int32_base_atomics cl_khr_global_int32_extended_atomics cl_khr_local_int32_base_atomics cl_khr_local_int32_extended_atomics cl_khr_fp64 cl_khr_3d_image_writes cl_khr_byte_addressable_store cl_khr_icd cl_khr_gl_sharing cl_nv_compiler_options cl_nv_device_attribute_query cl_nv_pragma_unroll cl_nv_d3d10_sharing cl_khr_d3d10_sharing cl_nv_d3d11_sharing cl_nv_copy_opts cl_nv_create_buffer cl_khr_int64_base_atomics cl_khr_int64_extended_atomics cl_khr_device_uuid cl_khr_pci_bus_info cl_khr_external_semaphore cl_khr_external_memory cl_khr_external_semaphore_win32 cl_khr_external_memory_win32)
2024-04-17 22:18:06+0800: Loaded tuning parameters from: F:\unity_project\yiwu\Assets\StreamingAssets\katago-v1.13.0-opencl-windows-x64/KataGoData/opencltuning/tune11_gpuNVIDIAGeForceRTX2060_x19_y19_c384_mv14.txt
2024-04-17 22:18:06+0800: OpenCL backend thread 0: Device 0 Model version 14
2024-04-17 22:18:06+0800: OpenCL backend thread 0: Device 0 Model name: kata1-b18c384nbt-s7192213760-d3579182099
2024-04-17 22:18:08+0800: OpenCL backend thread 0: Device 0 FP16Storage true FP16Compute false FP16TensorCores true FP16TensorCoresFor1x1 false
2024-04-17 22:18:08+0800: Loaded neural net with nnXLen 9 nnYLen 9
2024-04-17 22:18:08+0800: Initializing board with boardXSize 9 boardYSize 9
2024-04-17 22:18:08+0800: = 
2024-04-17 22:18:11+0800: Controller: loadsgf C:/Users/KILLLAKILL/AppData/LocalLow/DefaultCompany/yiwu/RecentGames\sgf_1659790193.sgf 7
2024-04-17 22:18:11+0800: = 
2024-04-17 22:18:11+0800: Controller: lz-genmove_analyze maxmoves 6
2024-04-17 22:18:16+0800: MoveNum: 6 HASH: 3D4E0F78DD4BFC17707648C28C5310E5
   A B C D E F G H J
 9 . . . . . . . . .
 8 . . . . . . . . .
 7 . . . X . . . . .
 6 . . . . . . . . .
 5 . . . O X . . . .
 4 . . . @ . . . . .
 3 . . . . . . X2. .
 2 . . . . . . O3. .
 1 . . . . . O1. . .

koSIMPLEscoreAREAtaxNONEsui0whbNfpok1komi5.5
Time taken: 5
Root visits: 2866
New playouts: 2866
NN rows: 2450
NN batches: 614
NN avg batch size: 3.99023
PV: D4 F3 G6 D6 E6 C7 C4 B5 H3 E7 E2 E4 F7
Tree:
: T 108.66c W  99.42c S   9.25c (+12.2 L +11.7) N    2866  --  D4 F3 G6 D6 E6 C7 C4
---Black(^)---
D4  : T 108.82c W  99.42c S   9.41c (+12.3 L +11.7) LCB  108.28c P 77.37% WF 9057.1 PSV    9048 N    2763  --  D4 F3 G6 D6 E6 C7 C4 B5
E4  : T 106.85c W  99.35c S   7.35c (+11.3 L +10.5) LCB  103.61c P  3.90% WF 105.0 PSV      96 N      26  --  E4 D6 E6 C7 C8 D8
E3  : T 106.02c W  99.38c S   6.52c (+11.0 L +10.2) LCB  103.79c P  4.27% WF  86.4 PSV      79 N      23  --  E3 D4 D3 E6 E7
F3  : T 103.48c W  99.19c S   4.69c (+10.2 L  +9.6) LCB   97.78c P  4.68% WF  54.8 PSV      49 N      16  --  F3 E4 F5 D6 E7 C7 D4
D6  : T 106.99c W  99.47c S   7.40c (+11.3 L +10.5) LCB  101.41c P  1.88% WF  54.9 PSV      49 N      14  --  D6 F3 F4 G4
D3  : T 102.44c W  99.23c S   3.80c ( +9.8 L  +9.1) LCB   71.85c P  1.62% WF  16.8 PSV      14 N       5  --  D3 E4 D4
E2  : T 100.68c W  98.95c S   2.39c ( +9.1 L  +8.5) LCB  -51.16c P  0.71% WF   7.1 PSV       5 N       2  --  E2 E4
F4  : T 101.45c W  99.43c S   2.68c ( +9.2 L  +8.9) LCB  -48.22c P  0.52% WF   6.9 PSV       4 N       2  --  F4 D6
E6  : T 101.74c W  99.17c S   3.42c ( +9.6 L  +8.9) LCB  -50.76c P  0.50% WF   7.7 PSV       4 N       2  --  E6 F3
C3  : T  99.57c W  99.30c S   0.28c ( +8.1 L  +8.2) LCB -250.43c P  0.37% WF   3.0 PSV       2 N       1  --  C3

2024-04-17 22:18:16+0800: = play D4
