2024-04-17 21:30:54+0800: Running with following config:
allowResignation = true
friendlyPassOk = true
hasButton = false
koRule = SIMPLE
lagBuffer = 1.0
logAllGTPCommunication = true
logDir = gtp_logs
logSearchInfo = true
logToStderr = false
multiStoneSuicideLegal = false
nnCacheSizePowerOfTwo = 20
nnMutexPoolSizePowerOfTwo = 16
numNNServerThreadsPerModel = 1
numSearchThreads = 8
openclDeviceToUseThread0 = 0
ponderingEnabled = false
resignConsecTurns = 3
resignThreshold = -0.90
scoringRule = AREA
searchFactorAfterOnePass = 0.50
searchFactorAfterTwoPass = 0.25
searchFactorWhenWinning = 0.40
searchFactorWhenWinningThreshold = 0.95
taxRule = NONE
whiteHandicapBonus = N

2024-04-17 21:30:54+0800: GTP Engine starting...
2024-04-17 21:30:54+0800: KataGo v1.13.0
2024-04-17 21:30:54+0800: Using Chinese rules initially, unless GTP/GUI overrides this
2024-04-17 21:30:54+0800: Using 8 CPU thread(s) for search
2024-04-17 21:30:54+0800: nnRandSeed0 = 15529832748756118099
2024-04-17 21:30:54+0800: After dedups: nnModelFile0 = F:/unity_project/yiwu/Assets/StreamingAssets\katago-v1.13.0-opencl-windows-x64\model.bin useFP16 auto useNHWC auto
2024-04-17 21:30:54+0800: Initializing neural net buffer to be size 19 * 19 exactly
2024-04-17 21:30:55+0800: Found OpenCL Platform 0: NVIDIA CUDA (NVIDIA Corporation) (OpenCL 3.0 CUDA 12.3.99)
2024-04-17 21:30:55+0800: Found 1 device(s) on platform 0 with type CPU or GPU or Accelerator
2024-04-17 21:30:55+0800: Found OpenCL Device 0: NVIDIA GeForce RTX 2060 (NVIDIA Corporation) (score 11000300)
2024-04-17 21:30:55+0800: Creating context for OpenCL Platform: NVIDIA CUDA (NVIDIA Corporation) (OpenCL 3.0 CUDA 12.3.99)
2024-04-17 21:30:55+0800: Using OpenCL Device 0: NVIDIA GeForce RTX 2060 (NVIDIA Corporation) OpenCL 3.0 CUDA (Extensions: cl_khr_global_int32_base_atomics cl_khr_global_int32_extended_atomics cl_khr_local_int32_base_atomics cl_khr_local_int32_extended_atomics cl_khr_fp64 cl_khr_3d_image_writes cl_khr_byte_addressable_store cl_khr_icd cl_khr_gl_sharing cl_nv_compiler_options cl_nv_device_attribute_query cl_nv_pragma_unroll cl_nv_d3d10_sharing cl_khr_d3d10_sharing cl_nv_d3d11_sharing cl_nv_copy_opts cl_nv_create_buffer cl_khr_int64_base_atomics cl_khr_int64_extended_atomics cl_khr_device_uuid cl_khr_pci_bus_info cl_khr_external_semaphore cl_khr_external_memory cl_khr_external_semaphore_win32 cl_khr_external_memory_win32)
2024-04-17 21:30:55+0800: Loaded tuning parameters from: F:\unity_project\yiwu\Assets\StreamingAssets\katago-v1.13.0-opencl-windows-x64/KataGoData/opencltuning/tune11_gpuNVIDIAGeForceRTX2060_x19_y19_c384_mv14.txt
2024-04-17 21:30:55+0800: OpenCL backend thread 0: Device 0 Model version 14
2024-04-17 21:30:55+0800: OpenCL backend thread 0: Device 0 Model name: kata1-b18c384nbt-s7192213760-d3579182099
2024-04-17 21:30:57+0800: OpenCL backend thread 0: Device 0 FP16Storage true FP16Compute false FP16TensorCores true FP16TensorCoresFor1x1 false
2024-04-17 21:30:57+0800: Loaded neural net with nnXLen 19 nnYLen 19
2024-04-17 21:30:57+0800: Initializing board with boardXSize 19 boardYSize 19
2024-04-17 21:30:57+0800: Loaded config F:/unity_project/yiwu/Assets/StreamingAssets\katago-v1.13.0-opencl-windows-x64\gtp_custom.cfg
2024-04-17 21:30:57+0800: Loaded model F:/unity_project/yiwu/Assets/StreamingAssets\katago-v1.13.0-opencl-windows-x64\model.bin
2024-04-17 21:30:57+0800: Model name: kata1-b18c384nbt-s7192213760-d3579182099
2024-04-17 21:30:57+0800: GTP ready, beginning main protocol loop
2024-04-17 21:31:03+0800: Controller: loadsgf C:/Users/KILLLAKILL/AppData/LocalLow/DefaultCompany/yiwu/RecentGames\sgf_1659790193.sgf 1
2024-04-17 21:31:03+0800: Changing komi to 5.5
2024-04-17 21:31:03+0800: GPU 0 finishing, processed 0 rows 0 batches
2024-04-17 21:31:03+0800: Cleaned up old neural net and bot
2024-04-17 21:31:03+0800: nnRandSeed0 = 16790360310048525824
2024-04-17 21:31:03+0800: After dedups: nnModelFile0 = F:/unity_project/yiwu/Assets/StreamingAssets\katago-v1.13.0-opencl-windows-x64\model.bin useFP16 auto useNHWC auto
2024-04-17 21:31:03+0800: Initializing neural net buffer to be size 9 * 9 exactly
2024-04-17 21:31:04+0800: Found OpenCL Platform 0: NVIDIA CUDA (NVIDIA Corporation) (OpenCL 3.0 CUDA 12.3.99)
2024-04-17 21:31:04+0800: Found 1 device(s) on platform 0 with type CPU or GPU or Accelerator
2024-04-17 21:31:04+0800: Found OpenCL Device 0: NVIDIA GeForce RTX 2060 (NVIDIA Corporation) (score 11000300)
2024-04-17 21:31:04+0800: Creating context for OpenCL Platform: NVIDIA CUDA (NVIDIA Corporation) (OpenCL 3.0 CUDA 12.3.99)
2024-04-17 21:31:04+0800: Using OpenCL Device 0: NVIDIA GeForce RTX 2060 (NVIDIA Corporation) OpenCL 3.0 CUDA (Extensions: cl_khr_global_int32_base_atomics cl_khr_global_int32_extended_atomics cl_khr_local_int32_base_atomics cl_khr_local_int32_extended_atomics cl_khr_fp64 cl_khr_3d_image_writes cl_khr_byte_addressable_store cl_khr_icd cl_khr_gl_sharing cl_nv_compiler_options cl_nv_device_attribute_query cl_nv_pragma_unroll cl_nv_d3d10_sharing cl_khr_d3d10_sharing cl_nv_d3d11_sharing cl_nv_copy_opts cl_nv_create_buffer cl_khr_int64_base_atomics cl_khr_int64_extended_atomics cl_khr_device_uuid cl_khr_pci_bus_info cl_khr_external_semaphore cl_khr_external_memory cl_khr_external_semaphore_win32 cl_khr_external_memory_win32)
2024-04-17 21:31:04+0800: Loaded tuning parameters from: F:\unity_project\yiwu\Assets\StreamingAssets\katago-v1.13.0-opencl-windows-x64/KataGoData/opencltuning/tune11_gpuNVIDIAGeForceRTX2060_x19_y19_c384_mv14.txt
2024-04-17 21:31:05+0800: OpenCL backend thread 0: Device 0 Model version 14
2024-04-17 21:31:05+0800: OpenCL backend thread 0: Device 0 Model name: kata1-b18c384nbt-s7192213760-d3579182099
2024-04-17 21:31:07+0800: OpenCL backend thread 0: Device 0 FP16Storage true FP16Compute false FP16TensorCores true FP16TensorCoresFor1x1 false
2024-04-17 21:31:07+0800: Loaded neural net with nnXLen 9 nnYLen 9
2024-04-17 21:31:07+0800: Initializing board with boardXSize 9 boardYSize 9
2024-04-17 21:31:07+0800: = 
2024-04-17 21:31:10+0800: Controller: loadsgf C:/Users/KILLLAKILL/AppData/LocalLow/DefaultCompany/yiwu/RecentGames\sgf_1659790193.sgf 6
2024-04-17 21:31:10+0800: = 
2024-04-17 21:31:10+0800: Controller: lz-genmove_analyze maxmoves 6
2024-04-17 21:31:15+0800: MoveNum: 5 HASH: 611BD4CBA6629026667128E5EC901D9B
   A B C D E F G H J
 9 . . . . . . . . .
 8 . . . . . . . . .
 7 . . . X1. . . . .
 6 . . . . . . . . .
 5 . . . O X . . . .
 4 . . . . @ . . . .
 3 . . . . . . X3. .
 2 . . . . . . . . .
 1 . . . . . O2. . .

koSIMPLEscoreAREAtaxNONEsui0whbNfpok1komi5.5
Time taken: 5
Root visits: 2747
New playouts: 2747
NN rows: 2453
NN batches: 614
NN avg batch size: 3.99511
PV: E4 F5 D6 E7 C7 D4 C4 D3 C3 E3 H3 C8 G4 F4 G5 B7 B5 H2 G2
Tree:
: T -103.78c W -97.97c S  -6.06c ( -7.4 L  -7.0) N    2747  --  E4 F5 D6 E7 C7 D4 C4
---White(^)---
E4  : T -103.11c W -97.86c S  -5.56c ( -7.1 L  -6.8) LCB -103.93c P 21.90% WF 5401.1 PSV    5361 N    2503  --  E4 F5 D6 E7 C7 D4 C4 D3
D4  : T -108.48c W -98.63c S  -9.49c ( -9.3 L  -8.7) LCB -110.29c P 53.36% WF 486.2 PSV     510 N     151  --  D4 D6 G6 E4 D3 H5 G5 E3
F4  : T -106.37c W -98.78c S  -7.44c ( -8.0 L  -7.4) LCB -108.42c P 10.43% WF 162.5 PSV     160 N      50  --  F4 E4 F3 E3 E2 F5 G4
D3  : T -106.37c W -98.78c S  -7.40c ( -8.0 L  -7.5) LCB -109.82c P  4.57% WF  72.2 PSV      70 N      22  --  D3 E4 D4 D6 E3 G5
D6  : T -109.90c W -99.02c S  -9.75c ( -9.0 L  -8.4) LCB -186.92c P  1.55% WF  10.9 PSV      11 N       3  --  D6 E6 C7
F3  : T -110.23c W -98.95c S -10.65c ( -9.5 L  -8.6) LCB -268.40c P  0.62% WF   7.5 PSV       4 N       2  --  F3 F4
G5  : T -111.43c W -98.68c S -12.75c (-10.4 L  -9.2) LCB -461.43c P  0.69% WF   4.8 PSV       4 N       1  --  G5
C3  : T -111.36c W -98.91c S -12.46c (-10.2 L  -9.0) LCB -461.36c P  0.54% WF   5.2 PSV       3 N       1  --  C3
G6  : T -112.18c W -98.73c S -13.45c (-10.9 L  -9.6) LCB -462.18c P  0.53% WF   5.1 PSV       3 N       1  --  G6
C4  : T -110.07c W -98.68c S -11.39c ( -9.7 L  -8.5) LCB -460.07c P  0.51% WF   4.9 PSV       3 N       1  --  C4

2024-04-17 21:31:15+0800: = play E4
