2024-03-15 15:14:50+0800: Running with following config:
allowResignation = true
friendlyPassOk = true
hasButton = false
koRule = SIMPLE
lagBuffer = 1.0
logAllGTPCommunication = true
logDir = gtp_logs
logSearchInfo = true
logToStderr = false
multiStoneSuicideLegal = false
nnCacheSizePowerOfTwo = 20
nnMutexPoolSizePowerOfTwo = 16
numNNServerThreadsPerModel = 1
numSearchThreads = 8
openclDeviceToUseThread0 = 0
ponderingEnabled = false
resignConsecTurns = 3
resignThreshold = -0.90
scoringRule = AREA
searchFactorAfterOnePass = 0.50
searchFactorAfterTwoPass = 0.25
searchFactorWhenWinning = 0.40
searchFactorWhenWinningThreshold = 0.95
taxRule = NONE
whiteHandicapBonus = N

2024-03-15 15:14:50+0800: GTP Engine starting...
2024-03-15 15:14:50+0800: KataGo v1.13.0
2024-03-15 15:14:50+0800: Using Chinese rules initially, unless GTP/GUI overrides this
2024-03-15 15:14:50+0800: Using 8 CPU thread(s) for search
2024-03-15 15:14:50+0800: nnRandSeed0 = 10275825947554104463
2024-03-15 15:14:50+0800: After dedups: nnModelFile0 = F:\homework\毕业设计\katago-v1.13.0-opencl-windows-x64\model.bin useFP16 auto useNHWC auto
2024-03-15 15:14:50+0800: Initializing neural net buffer to be size 19 * 19 exactly
2024-03-15 15:14:51+0800: Found OpenCL Platform 0: NVIDIA CUDA (NVIDIA Corporation) (OpenCL 3.0 CUDA 12.3.99)
2024-03-15 15:14:51+0800: Found 1 device(s) on platform 0 with type CPU or GPU or Accelerator
2024-03-15 15:14:51+0800: Found OpenCL Device 0: NVIDIA GeForce RTX 2060 (NVIDIA Corporation) (score 11000300)
2024-03-15 15:14:51+0800: Creating context for OpenCL Platform: NVIDIA CUDA (NVIDIA Corporation) (OpenCL 3.0 CUDA 12.3.99)
2024-03-15 15:14:51+0800: Using OpenCL Device 0: NVIDIA GeForce RTX 2060 (NVIDIA Corporation) OpenCL 3.0 CUDA (Extensions: cl_khr_global_int32_base_atomics cl_khr_global_int32_extended_atomics cl_khr_local_int32_base_atomics cl_khr_local_int32_extended_atomics cl_khr_fp64 cl_khr_3d_image_writes cl_khr_byte_addressable_store cl_khr_icd cl_khr_gl_sharing cl_nv_compiler_options cl_nv_device_attribute_query cl_nv_pragma_unroll cl_nv_d3d10_sharing cl_khr_d3d10_sharing cl_nv_d3d11_sharing cl_nv_copy_opts cl_nv_create_buffer cl_khr_int64_base_atomics cl_khr_int64_extended_atomics cl_khr_device_uuid cl_khr_pci_bus_info cl_khr_external_semaphore cl_khr_external_memory cl_khr_external_semaphore_win32 cl_khr_external_memory_win32)
2024-03-15 15:14:51+0800: Loaded tuning parameters from: F:\homework\毕业设计\katago-v1.13.0-opencl-windows-x64/KataGoData/opencltuning/tune11_gpuNVIDIAGeForceRTX2060_x19_y19_c384_mv14.txt
2024-03-15 15:14:52+0800: OpenCL backend thread 0: Device 0 Model version 14
2024-03-15 15:14:52+0800: OpenCL backend thread 0: Device 0 Model name: kata1-b18c384nbt-s7192213760-d3579182099
2024-03-15 15:14:54+0800: OpenCL backend thread 0: Device 0 FP16Storage true FP16Compute false FP16TensorCores true FP16TensorCoresFor1x1 false
2024-03-15 15:14:54+0800: Loaded neural net with nnXLen 19 nnYLen 19
2024-03-15 15:14:54+0800: Initializing board with boardXSize 19 boardYSize 19
2024-03-15 15:14:54+0800: Loaded config F:\homework\毕业设计\katago-v1.13.0-opencl-windows-x64\gtp_custom.cfg
2024-03-15 15:14:54+0800: Loaded model F:\homework\毕业设计\katago-v1.13.0-opencl-windows-x64\model.bin
2024-03-15 15:14:54+0800: Model name: kata1-b18c384nbt-s7192213760-d3579182099
2024-03-15 15:14:54+0800: GTP ready, beginning main protocol loop
2024-03-15 15:15:26+0800: Controller: loadsgf C:/Users/KILLLAKILL/AppData/LocalLow/DefaultCompany/yiwu/RecentGames\sgf_1659790193.sgf 1
2024-03-15 15:15:26+0800: Changing komi to 5.5
2024-03-15 15:15:26+0800: GPU 0 finishing, processed 0 rows 0 batches
2024-03-15 15:15:26+0800: Cleaned up old neural net and bot
2024-03-15 15:15:26+0800: nnRandSeed0 = 15759616936621406981
2024-03-15 15:15:26+0800: After dedups: nnModelFile0 = F:\homework\毕业设计\katago-v1.13.0-opencl-windows-x64\model.bin useFP16 auto useNHWC auto
2024-03-15 15:15:26+0800: Initializing neural net buffer to be size 9 * 9 exactly
2024-03-15 15:15:26+0800: Found OpenCL Platform 0: NVIDIA CUDA (NVIDIA Corporation) (OpenCL 3.0 CUDA 12.3.99)
2024-03-15 15:15:26+0800: Found 1 device(s) on platform 0 with type CPU or GPU or Accelerator
2024-03-15 15:15:26+0800: Found OpenCL Device 0: NVIDIA GeForce RTX 2060 (NVIDIA Corporation) (score 11000300)
2024-03-15 15:15:26+0800: Creating context for OpenCL Platform: NVIDIA CUDA (NVIDIA Corporation) (OpenCL 3.0 CUDA 12.3.99)
2024-03-15 15:15:27+0800: Using OpenCL Device 0: NVIDIA GeForce RTX 2060 (NVIDIA Corporation) OpenCL 3.0 CUDA (Extensions: cl_khr_global_int32_base_atomics cl_khr_global_int32_extended_atomics cl_khr_local_int32_base_atomics cl_khr_local_int32_extended_atomics cl_khr_fp64 cl_khr_3d_image_writes cl_khr_byte_addressable_store cl_khr_icd cl_khr_gl_sharing cl_nv_compiler_options cl_nv_device_attribute_query cl_nv_pragma_unroll cl_nv_d3d10_sharing cl_khr_d3d10_sharing cl_nv_d3d11_sharing cl_nv_copy_opts cl_nv_create_buffer cl_khr_int64_base_atomics cl_khr_int64_extended_atomics cl_khr_device_uuid cl_khr_pci_bus_info cl_khr_external_semaphore cl_khr_external_memory cl_khr_external_semaphore_win32 cl_khr_external_memory_win32)
2024-03-15 15:15:27+0800: Loaded tuning parameters from: F:\homework\毕业设计\katago-v1.13.0-opencl-windows-x64/KataGoData/opencltuning/tune11_gpuNVIDIAGeForceRTX2060_x19_y19_c384_mv14.txt
2024-03-15 15:15:27+0800: OpenCL backend thread 0: Device 0 Model version 14
2024-03-15 15:15:27+0800: OpenCL backend thread 0: Device 0 Model name: kata1-b18c384nbt-s7192213760-d3579182099
2024-03-15 15:15:29+0800: OpenCL backend thread 0: Device 0 FP16Storage true FP16Compute false FP16TensorCores true FP16TensorCoresFor1x1 false
2024-03-15 15:15:29+0800: Loaded neural net with nnXLen 9 nnYLen 9
2024-03-15 15:15:29+0800: Initializing board with boardXSize 9 boardYSize 9
2024-03-15 15:15:29+0800: = 
2024-03-15 15:15:36+0800: Controller: loadsgf C:/Users/KILLLAKILL/AppData/LocalLow/DefaultCompany/yiwu/RecentGames\sgf_1659790193.sgf 1
2024-03-15 15:15:36+0800: = 
2024-03-15 15:15:36+0800: Controller: lz-genmove_analyze maxmoves 6
2024-03-15 15:15:41+0800: MoveNum: 0 HASH: 9F0B2D702FC8448C75410E097F089AEB
   A B C D E F G H J
 9 . . . . . . . . .
 8 . . . . . . . . .
 7 . . . . . . . . .
 6 . . . . . @ . . .
 5 . . . . . . . . .
 4 . . . . . . . . .
 3 . . . . . . . . .
 2 . . . . . . . . .
 1 . . . . . . . . .

koSIMPLEscoreAREAtaxNONEsui0whbNfpok1komi5.5
Time taken: 5
Root visits: 2654
New playouts: 2654
NN rows: 2457
NN batches: 615
NN avg batch size: 3.99512
PV: F6 F4 D5 D3 C3 C2 C4 F7 G6 D7 G7 C6 D6 E8 F2 E2 F3 G4 E3 E4 D4 D2 H2 H3 G2
Tree:
: T  44.56c W  45.43c S   0.53c ( +1.8 L  +1.3) N    2654  --  F6 F4 D5 D3 C3 C2 C4
---Black(^)---
F6  : T  45.06c W  45.93c S   0.58c ( +1.8 L  +1.3) LCB   42.22c P 22.95% WF 1855.7 PSV    1849 N    2493  --  F6 F4 D5 D3 C3 C2 C4 F7
E5  : T  41.16c W  41.95c S   0.08c ( +1.6 L  +0.9) LCB   36.56c P  7.17% WF 160.4 PSV      87 N     127  --  E5 C6 D7 C4 G4 D3 C7 G6
F5  : T  40.34c W  41.64c S  -0.27c ( +1.4 L  +0.9) LCB   32.19c P  0.50% WF  22.2 PSV       5 N      17  --  F5 D5 E3 D7 C4 C5 F7
G5  : T  18.79c W  21.03c S  -1.51c ( +0.8 L  +0.5) LCB  -57.52c P  0.10% WF   3.2 PSV       0 N       3  --  G5 D5 E5
G6  : T  14.20c W  15.19c S  -0.98c ( +1.1 L  +0.9) LCB -134.82c P  0.10% WF   2.4 PSV       0 N       2  --  G6 D4
G7  : T -59.17c W -54.00c S  -5.17c ( -1.0 L  -0.2) LCB -409.17c P  0.00% WF   0.4 PSV       0 N       1  --  G7
H5  : T -78.72c W -71.54c S  -7.18c ( -2.0 L  -0.9) LCB -428.72c P  0.00% WF   0.1 PSV       0 N       1  --  H5
H7  : T -107.01c W -94.27c S -12.74c ( -4.4 L  -3.4) LCB -457.01c P  0.00% WF   0.1 PSV       0 N       1  --  H7
H6  : T -90.96c W -82.15c S  -8.81c ( -2.8 L  -1.6) LCB -440.96c P  0.00% WF   0.1 PSV       0 N       1  --  H6
J6  : T -118.47c W -99.48c S -18.99c ( -7.7 L  -7.8) LCB -468.47c P  0.00% WF   0.1 PSV       0 N       1  --  J6

2024-03-15 15:15:41+0800: = play F6
