2024-03-18 22:48:23+0800: Running with following config:
allowResignation = true
friendlyPassOk = true
hasButton = false
koRule = SIMPLE
lagBuffer = 1.0
logAllGTPCommunication = true
logDir = gtp_logs
logSearchInfo = true
logToStderr = false
multiStoneSuicideLegal = false
nnCacheSizePowerOfTwo = 20
nnMutexPoolSizePowerOfTwo = 16
numNNServerThreadsPerModel = 1
numSearchThreads = 8
openclDeviceToUseThread0 = 0
ponderingEnabled = false
resignConsecTurns = 3
resignThreshold = -0.90
scoringRule = AREA
searchFactorAfterOnePass = 0.50
searchFactorAfterTwoPass = 0.25
searchFactorWhenWinning = 0.40
searchFactorWhenWinningThreshold = 0.95
taxRule = NONE
whiteHandicapBonus = N

2024-03-18 22:48:23+0800: GTP Engine starting...
2024-03-18 22:48:23+0800: KataGo v1.13.0
2024-03-18 22:48:23+0800: Using Chinese rules initially, unless GTP/GUI overrides this
2024-03-18 22:48:23+0800: Using 8 CPU thread(s) for search
2024-03-18 22:48:24+0800: nnRandSeed0 = 16845350123596234193
2024-03-18 22:48:24+0800: After dedups: nnModelFile0 = F:\homework\毕业设计\katago-v1.13.0-opencl-windows-x64\model.bin useFP16 auto useNHWC auto
2024-03-18 22:48:24+0800: Initializing neural net buffer to be size 19 * 19 exactly
2024-03-18 22:48:24+0800: Found OpenCL Platform 0: NVIDIA CUDA (NVIDIA Corporation) (OpenCL 3.0 CUDA 12.3.99)
2024-03-18 22:48:24+0800: Found 1 device(s) on platform 0 with type CPU or GPU or Accelerator
2024-03-18 22:48:24+0800: Found OpenCL Device 0: NVIDIA GeForce RTX 2060 (NVIDIA Corporation) (score 11000300)
2024-03-18 22:48:24+0800: Creating context for OpenCL Platform: NVIDIA CUDA (NVIDIA Corporation) (OpenCL 3.0 CUDA 12.3.99)
2024-03-18 22:48:24+0800: Using OpenCL Device 0: NVIDIA GeForce RTX 2060 (NVIDIA Corporation) OpenCL 3.0 CUDA (Extensions: cl_khr_global_int32_base_atomics cl_khr_global_int32_extended_atomics cl_khr_local_int32_base_atomics cl_khr_local_int32_extended_atomics cl_khr_fp64 cl_khr_3d_image_writes cl_khr_byte_addressable_store cl_khr_icd cl_khr_gl_sharing cl_nv_compiler_options cl_nv_device_attribute_query cl_nv_pragma_unroll cl_nv_d3d10_sharing cl_khr_d3d10_sharing cl_nv_d3d11_sharing cl_nv_copy_opts cl_nv_create_buffer cl_khr_int64_base_atomics cl_khr_int64_extended_atomics cl_khr_device_uuid cl_khr_pci_bus_info cl_khr_external_semaphore cl_khr_external_memory cl_khr_external_semaphore_win32 cl_khr_external_memory_win32)
2024-03-18 22:48:24+0800: Loaded tuning parameters from: F:\homework\毕业设计\katago-v1.13.0-opencl-windows-x64/KataGoData/opencltuning/tune11_gpuNVIDIAGeForceRTX2060_x19_y19_c384_mv14.txt
2024-03-18 22:48:25+0800: OpenCL backend thread 0: Device 0 Model version 14
2024-03-18 22:48:25+0800: OpenCL backend thread 0: Device 0 Model name: kata1-b18c384nbt-s7192213760-d3579182099
2024-03-18 22:48:27+0800: OpenCL backend thread 0: Device 0 FP16Storage true FP16Compute false FP16TensorCores true FP16TensorCoresFor1x1 false
2024-03-18 22:48:27+0800: Loaded neural net with nnXLen 19 nnYLen 19
2024-03-18 22:48:27+0800: Initializing board with boardXSize 19 boardYSize 19
2024-03-18 22:48:27+0800: Loaded config F:\homework\毕业设计\katago-v1.13.0-opencl-windows-x64\gtp_custom.cfg
2024-03-18 22:48:27+0800: Loaded model F:\homework\毕业设计\katago-v1.13.0-opencl-windows-x64\model.bin
2024-03-18 22:48:27+0800: Model name: kata1-b18c384nbt-s7192213760-d3579182099
2024-03-18 22:48:27+0800: GTP ready, beginning main protocol loop
2024-03-18 22:48:29+0800: Controller: loadsgf C:/Users/KILLLAKILL/AppData/LocalLow/DefaultCompany/yiwu/RecentGames\sgf_1701255612.sgf 1
2024-03-18 22:48:29+0800: Changing komi to 5.5
2024-03-18 22:48:29+0800: GPU 0 finishing, processed 0 rows 0 batches
2024-03-18 22:48:29+0800: Cleaned up old neural net and bot
2024-03-18 22:48:29+0800: nnRandSeed0 = 2186712252133948731
2024-03-18 22:48:29+0800: After dedups: nnModelFile0 = F:\homework\毕业设计\katago-v1.13.0-opencl-windows-x64\model.bin useFP16 auto useNHWC auto
2024-03-18 22:48:29+0800: Initializing neural net buffer to be size 9 * 9 exactly
2024-03-18 22:48:30+0800: Found OpenCL Platform 0: NVIDIA CUDA (NVIDIA Corporation) (OpenCL 3.0 CUDA 12.3.99)
2024-03-18 22:48:30+0800: Found 1 device(s) on platform 0 with type CPU or GPU or Accelerator
2024-03-18 22:48:30+0800: Found OpenCL Device 0: NVIDIA GeForce RTX 2060 (NVIDIA Corporation) (score 11000300)
2024-03-18 22:48:30+0800: Creating context for OpenCL Platform: NVIDIA CUDA (NVIDIA Corporation) (OpenCL 3.0 CUDA 12.3.99)
2024-03-18 22:48:30+0800: Using OpenCL Device 0: NVIDIA GeForce RTX 2060 (NVIDIA Corporation) OpenCL 3.0 CUDA (Extensions: cl_khr_global_int32_base_atomics cl_khr_global_int32_extended_atomics cl_khr_local_int32_base_atomics cl_khr_local_int32_extended_atomics cl_khr_fp64 cl_khr_3d_image_writes cl_khr_byte_addressable_store cl_khr_icd cl_khr_gl_sharing cl_nv_compiler_options cl_nv_device_attribute_query cl_nv_pragma_unroll cl_nv_d3d10_sharing cl_khr_d3d10_sharing cl_nv_d3d11_sharing cl_nv_copy_opts cl_nv_create_buffer cl_khr_int64_base_atomics cl_khr_int64_extended_atomics cl_khr_device_uuid cl_khr_pci_bus_info cl_khr_external_semaphore cl_khr_external_memory cl_khr_external_semaphore_win32 cl_khr_external_memory_win32)
2024-03-18 22:48:30+0800: Loaded tuning parameters from: F:\homework\毕业设计\katago-v1.13.0-opencl-windows-x64/KataGoData/opencltuning/tune11_gpuNVIDIAGeForceRTX2060_x19_y19_c384_mv14.txt
2024-03-18 22:48:30+0800: OpenCL backend thread 0: Device 0 Model version 14
2024-03-18 22:48:30+0800: OpenCL backend thread 0: Device 0 Model name: kata1-b18c384nbt-s7192213760-d3579182099
2024-03-18 22:48:33+0800: OpenCL backend thread 0: Device 0 FP16Storage true FP16Compute false FP16TensorCores true FP16TensorCoresFor1x1 false
2024-03-18 22:48:33+0800: Loaded neural net with nnXLen 9 nnYLen 9
2024-03-18 22:48:33+0800: Initializing board with boardXSize 9 boardYSize 9
2024-03-18 22:48:33+0800: = 
2024-03-18 22:48:35+0800: Controller: loadsgf C:/Users/KILLLAKILL/AppData/LocalLow/DefaultCompany/yiwu/RecentGames\sgf_1701255612.sgf 6
2024-03-18 22:48:35+0800: = 
2024-03-18 22:48:35+0800: Controller: lz-genmove_analyze maxmoves 6
2024-03-18 22:48:40+0800: MoveNum: 5 HASH: FFE96295C396DA517064CFFB0FD39D37
   A B C D E F G H J
 9 . . . . . . . . .
 8 . . . . . . . . .
 7 . . X . . . . . .
 6 . . . . . . . . .
 5 . . . . O O2. . .
 4 . . . . . . . . .
 3 . . X1. @ . X3. .
 2 . . . . . . . . .
 1 . . . . . . . . .

koSIMPLEscoreAREAtaxNONEsui0whbNfpok1komi5.5
Time taken: 5
Root visits: 3639
New playouts: 3639
NN rows: 2498
NN batches: 626
NN avg batch size: 3.99042
PV: E3 D4 F3 H5 H4 G4 G5 H3 H6 J4 J6 D7 F2 J5 H2 G2 G1 H1 J1 G7 G6 J2 J3 F7 D2
Tree:
: T -44.14c W -42.23c S  -1.96c ( -1.9 L  -1.4) N    3639  --  E3 D4 F3 H5 H4 G4 G5
---White(^)---
E3  : T -41.47c W -40.14c S  -1.92c ( -1.8 L  -1.4) LCB  -46.05c P 34.58% WF 1882.3 PSV    1833 N    2911  --  E3 D4 F3 H5 H4 G4 G5 H3
E7  : T -49.43c W -46.04c S  -1.33c ( -1.5 L  -1.0) LCB  -59.31c P 17.52% WF 272.2 PSV     176 N     438  --  E7 D4 C6 D7 B5 E8 F7 F8
C5  : T -57.08c W -51.49c S  -3.06c ( -2.4 L  -1.8) LCB  -72.68c P 26.16% WF 150.7 PSV     148 N     225  --  C5 D4 C6 E7 F3 F2 E3 E2
F3  : T -76.22c W -71.50c S  -3.47c ( -2.5 L  -1.9) LCB  -99.09c P  7.30% WF  17.3 PSV      19 N      21  --  F3 F2 E2 E3 D3 F4 E4 F3
F2  : T -55.08c W -53.42c S  -2.42c ( -2.1 L  -1.3) LCB  -83.89c P  2.18% WF  15.6 PSV      13 N      19  --  F2 H5 C5 D4 D5
G4  : T -79.64c W -75.16c S  -3.46c ( -2.5 L  -2.0) LCB -110.47c P  2.54% WF   6.3 PSV       6 N       7  --  G4 F3 E3 E2
D7  : T -73.51c W -72.34c S  -3.04c ( -2.3 L  -1.3) LCB  -96.44c P  2.34% WF   5.7 PSV       6 N       6  --  D7 C6 G4 F3
C6  : T -87.71c W -79.71c S  -4.25c ( -2.9 L  -1.8) LCB -173.28c P  2.37% WF   3.4 PSV       4 N       3  --  C6 D6 D5
D3  : T -91.86c W -81.04c S  -5.35c ( -3.4 L  -2.5) LCB -171.13c P  1.81% WF   3.0 PSV       3 N       3  --  D3 D4 E3
C4  : T -78.79c W -76.36c S  -3.46c ( -2.5 L  -1.6) LCB -232.07c P  1.11% WF   2.1 PSV       2 N       2  --  C4 D4

2024-03-18 22:48:40+0800: = play E3
