2024-04-17 21:38:49+0800: Running with following config:
allowResignation = true
friendlyPassOk = true
hasButton = false
koRule = SIMPLE
lagBuffer = 1.0
logAllGTPCommunication = true
logDir = gtp_logs
logSearchInfo = true
logToStderr = false
multiStoneSuicideLegal = false
nnCacheSizePowerOfTwo = 20
nnMutexPoolSizePowerOfTwo = 16
numNNServerThreadsPerModel = 1
numSearchThreads = 8
openclDeviceToUseThread0 = 0
ponderingEnabled = false
resignConsecTurns = 3
resignThreshold = -0.90
scoringRule = AREA
searchFactorAfterOnePass = 0.50
searchFactorAfterTwoPass = 0.25
searchFactorWhenWinning = 0.40
searchFactorWhenWinningThreshold = 0.95
taxRule = NONE
whiteHandicapBonus = N

2024-04-17 21:38:49+0800: GTP Engine starting...
2024-04-17 21:38:49+0800: KataGo v1.13.0
2024-04-17 21:38:49+0800: Using Chinese rules initially, unless GTP/GUI overrides this
2024-04-17 21:38:49+0800: Using 8 CPU thread(s) for search
2024-04-17 21:38:50+0800: nnRandSeed0 = 6488784028790679958
2024-04-17 21:38:50+0800: After dedups: nnModelFile0 = F:/unity_project/yiwu/Assets/StreamingAssets\katago-v1.13.0-opencl-windows-x64\model.bin useFP16 auto useNHWC auto
2024-04-17 21:38:50+0800: Initializing neural net buffer to be size 19 * 19 exactly
2024-04-17 21:38:50+0800: Found OpenCL Platform 0: NVIDIA CUDA (NVIDIA Corporation) (OpenCL 3.0 CUDA 12.3.99)
2024-04-17 21:38:50+0800: Found 1 device(s) on platform 0 with type CPU or GPU or Accelerator
2024-04-17 21:38:50+0800: Found OpenCL Device 0: NVIDIA GeForce RTX 2060 (NVIDIA Corporation) (score 11000300)
2024-04-17 21:38:50+0800: Creating context for OpenCL Platform: NVIDIA CUDA (NVIDIA Corporation) (OpenCL 3.0 CUDA 12.3.99)
2024-04-17 21:38:51+0800: Using OpenCL Device 0: NVIDIA GeForce RTX 2060 (NVIDIA Corporation) OpenCL 3.0 CUDA (Extensions: cl_khr_global_int32_base_atomics cl_khr_global_int32_extended_atomics cl_khr_local_int32_base_atomics cl_khr_local_int32_extended_atomics cl_khr_fp64 cl_khr_3d_image_writes cl_khr_byte_addressable_store cl_khr_icd cl_khr_gl_sharing cl_nv_compiler_options cl_nv_device_attribute_query cl_nv_pragma_unroll cl_nv_d3d10_sharing cl_khr_d3d10_sharing cl_nv_d3d11_sharing cl_nv_copy_opts cl_nv_create_buffer cl_khr_int64_base_atomics cl_khr_int64_extended_atomics cl_khr_device_uuid cl_khr_pci_bus_info cl_khr_external_semaphore cl_khr_external_memory cl_khr_external_semaphore_win32 cl_khr_external_memory_win32)
2024-04-17 21:38:51+0800: Loaded tuning parameters from: F:\unity_project\yiwu\Assets\StreamingAssets\katago-v1.13.0-opencl-windows-x64/KataGoData/opencltuning/tune11_gpuNVIDIAGeForceRTX2060_x19_y19_c384_mv14.txt
2024-04-17 21:38:51+0800: OpenCL backend thread 0: Device 0 Model version 14
2024-04-17 21:38:51+0800: OpenCL backend thread 0: Device 0 Model name: kata1-b18c384nbt-s7192213760-d3579182099
2024-04-17 21:38:53+0800: OpenCL backend thread 0: Device 0 FP16Storage true FP16Compute false FP16TensorCores true FP16TensorCoresFor1x1 false
2024-04-17 21:38:53+0800: Loaded neural net with nnXLen 19 nnYLen 19
2024-04-17 21:38:53+0800: Initializing board with boardXSize 19 boardYSize 19
2024-04-17 21:38:53+0800: Loaded config F:/unity_project/yiwu/Assets/StreamingAssets\katago-v1.13.0-opencl-windows-x64\gtp_custom.cfg
2024-04-17 21:38:53+0800: Loaded model F:/unity_project/yiwu/Assets/StreamingAssets\katago-v1.13.0-opencl-windows-x64\model.bin
2024-04-17 21:38:53+0800: Model name: kata1-b18c384nbt-s7192213760-d3579182099
2024-04-17 21:38:53+0800: GTP ready, beginning main protocol loop
2024-04-17 21:38:58+0800: Controller: loadsgf C:/Users/KILLLAKILL/AppData/LocalLow/DefaultCompany/yiwu/RecentGames\sgf_1659790193.sgf 1
2024-04-17 21:38:58+0800: Changing komi to 5.5
2024-04-17 21:38:58+0800: GPU 0 finishing, processed 0 rows 0 batches
2024-04-17 21:38:58+0800: Cleaned up old neural net and bot
2024-04-17 21:38:58+0800: nnRandSeed0 = 13594167781552971518
2024-04-17 21:38:58+0800: After dedups: nnModelFile0 = F:/unity_project/yiwu/Assets/StreamingAssets\katago-v1.13.0-opencl-windows-x64\model.bin useFP16 auto useNHWC auto
2024-04-17 21:38:58+0800: Initializing neural net buffer to be size 9 * 9 exactly
2024-04-17 21:38:59+0800: Found OpenCL Platform 0: NVIDIA CUDA (NVIDIA Corporation) (OpenCL 3.0 CUDA 12.3.99)
2024-04-17 21:38:59+0800: Found 1 device(s) on platform 0 with type CPU or GPU or Accelerator
2024-04-17 21:38:59+0800: Found OpenCL Device 0: NVIDIA GeForce RTX 2060 (NVIDIA Corporation) (score 11000300)
2024-04-17 21:38:59+0800: Creating context for OpenCL Platform: NVIDIA CUDA (NVIDIA Corporation) (OpenCL 3.0 CUDA 12.3.99)
2024-04-17 21:38:59+0800: Using OpenCL Device 0: NVIDIA GeForce RTX 2060 (NVIDIA Corporation) OpenCL 3.0 CUDA (Extensions: cl_khr_global_int32_base_atomics cl_khr_global_int32_extended_atomics cl_khr_local_int32_base_atomics cl_khr_local_int32_extended_atomics cl_khr_fp64 cl_khr_3d_image_writes cl_khr_byte_addressable_store cl_khr_icd cl_khr_gl_sharing cl_nv_compiler_options cl_nv_device_attribute_query cl_nv_pragma_unroll cl_nv_d3d10_sharing cl_khr_d3d10_sharing cl_nv_d3d11_sharing cl_nv_copy_opts cl_nv_create_buffer cl_khr_int64_base_atomics cl_khr_int64_extended_atomics cl_khr_device_uuid cl_khr_pci_bus_info cl_khr_external_semaphore cl_khr_external_memory cl_khr_external_semaphore_win32 cl_khr_external_memory_win32)
2024-04-17 21:38:59+0800: Loaded tuning parameters from: F:\unity_project\yiwu\Assets\StreamingAssets\katago-v1.13.0-opencl-windows-x64/KataGoData/opencltuning/tune11_gpuNVIDIAGeForceRTX2060_x19_y19_c384_mv14.txt
2024-04-17 21:38:59+0800: OpenCL backend thread 0: Device 0 Model version 14
2024-04-17 21:38:59+0800: OpenCL backend thread 0: Device 0 Model name: kata1-b18c384nbt-s7192213760-d3579182099
2024-04-17 21:39:02+0800: OpenCL backend thread 0: Device 0 FP16Storage true FP16Compute false FP16TensorCores true FP16TensorCoresFor1x1 false
2024-04-17 21:39:02+0800: Loaded neural net with nnXLen 9 nnYLen 9
2024-04-17 21:39:02+0800: Initializing board with boardXSize 9 boardYSize 9
2024-04-17 21:39:02+0800: = 
2024-04-17 21:39:04+0800: Controller: loadsgf C:/Users/KILLLAKILL/AppData/LocalLow/DefaultCompany/yiwu/RecentGames\sgf_1659790193.sgf 6
2024-04-17 21:39:04+0800: = 
2024-04-17 21:39:04+0800: Controller: lz-genmove_analyze maxmoves 6
2024-04-17 21:39:09+0800: MoveNum: 5 HASH: 611BD4CBA6629026667128E5EC901D9B
   A B C D E F G H J
 9 . . . . . . . . .
 8 . . . . . . . . .
 7 . . . X1. . . . .
 6 . . . . . . . . .
 5 . . . O X . . . .
 4 . . . . @ . . . .
 3 . . . . . . X3. .
 2 . . . . . . . . .
 1 . . . . . O2. . .

koSIMPLEscoreAREAtaxNONEsui0whbNfpok1komi5.5
Time taken: 5
Root visits: 2769
New playouts: 2769
NN rows: 2443
NN batches: 612
NN avg batch size: 3.99183
PV: E4 F5 D6 E7 C7 D4 C4 D3 C3 E3 H3 C8 G4 F4 G5 B7 B5 H2 G2 F3
Tree:
: T -104.27c W -98.04c S  -6.54c ( -7.5 L  -7.1) N    2769  --  E4 F5 D6 E7 C7 D4 C4
---White(^)---
E4  : T -103.57c W -97.92c S  -6.05c ( -7.2 L  -6.9) LCB -104.37c P 15.81% WF 5505.5 PSV    5463 N    2478  --  E4 F5 D6 E7 C7 D4 C4 D3
D4  : T -108.88c W -98.69c S  -9.80c ( -9.2 L  -8.7) LCB -110.65c P 46.84% WF 441.8 PSV     464 N     133  --  D4 D6 G6 E4 D3 H5 G5 E3
F4  : T -106.82c W -98.69c S  -8.01c ( -8.1 L  -7.5) LCB -108.97c P 22.53% WF 344.8 PSV     356 N     112  --  F4 E4 F3 E3 E2 F5 G4 G5
D3  : T -106.84c W -98.80c S  -7.89c ( -8.1 L  -7.6) LCB -109.85c P  5.44% WF  89.5 PSV      86 N      26  --  D3 E4 D4 D6 E3 G5
D6  : T -110.68c W -99.00c S -10.33c ( -9.2 L  -8.5) LCB -188.22c P  1.45% WF  11.2 PSV      10 N       3  --  D6 E6 C7
F3  : T -109.26c W -98.54c S -10.72c ( -9.2 L  -8.1) LCB -459.26c P  0.57% WF   4.7 PSV       5 N       1  --  F3
G5  : T -111.60c W -98.66c S -12.94c (-10.3 L  -9.2) LCB -461.60c P  0.62% WF   4.9 PSV       4 N       1  --  G5
C3  : T -111.23c W -98.83c S -12.40c (-10.1 L  -8.9) LCB -461.23c P  0.52% WF   5.2 PSV       3 N       1  --  C3
G6  : T -112.11c W -98.71c S -13.40c (-10.8 L  -9.5) LCB -462.11c P  0.50% WF   5.1 PSV       3 N       1  --  G6
C4  : T -110.36c W -98.65c S -11.70c ( -9.7 L  -8.6) LCB -460.36c P  0.44% WF   4.9 PSV       3 N       1  --  C4

2024-04-17 21:39:09+0800: = play E4
