2024-03-18 19:31:04+0800: Running with following config:
allowResignation = true
friendlyPassOk = true
hasButton = false
koRule = SIMPLE
lagBuffer = 1.0
logAllGTPCommunication = true
logDir = gtp_logs
logSearchInfo = true
logToStderr = false
multiStoneSuicideLegal = false
nnCacheSizePowerOfTwo = 20
nnMutexPoolSizePowerOfTwo = 16
numNNServerThreadsPerModel = 1
numSearchThreads = 8
openclDeviceToUseThread0 = 0
ponderingEnabled = false
resignConsecTurns = 3
resignThreshold = -0.90
scoringRule = AREA
searchFactorAfterOnePass = 0.50
searchFactorAfterTwoPass = 0.25
searchFactorWhenWinning = 0.40
searchFactorWhenWinningThreshold = 0.95
taxRule = NONE
whiteHandicapBonus = N

2024-03-18 19:31:04+0800: GTP Engine starting...
2024-03-18 19:31:04+0800: KataGo v1.13.0
2024-03-18 19:31:04+0800: Using Chinese rules initially, unless GTP/GUI overrides this
2024-03-18 19:31:04+0800: Using 8 CPU thread(s) for search
2024-03-18 19:31:04+0800: nnRandSeed0 = 4557543521737494319
2024-03-18 19:31:04+0800: After dedups: nnModelFile0 = F:\homework\毕业设计\katago-v1.13.0-opencl-windows-x64\model.bin useFP16 auto useNHWC auto
2024-03-18 19:31:04+0800: Initializing neural net buffer to be size 19 * 19 exactly
2024-03-18 19:31:05+0800: Found OpenCL Platform 0: NVIDIA CUDA (NVIDIA Corporation) (OpenCL 3.0 CUDA 12.3.99)
2024-03-18 19:31:05+0800: Found 1 device(s) on platform 0 with type CPU or GPU or Accelerator
2024-03-18 19:31:05+0800: Found OpenCL Device 0: NVIDIA GeForce RTX 2060 (NVIDIA Corporation) (score 11000300)
2024-03-18 19:31:05+0800: Creating context for OpenCL Platform: NVIDIA CUDA (NVIDIA Corporation) (OpenCL 3.0 CUDA 12.3.99)
2024-03-18 19:31:05+0800: Using OpenCL Device 0: NVIDIA GeForce RTX 2060 (NVIDIA Corporation) OpenCL 3.0 CUDA (Extensions: cl_khr_global_int32_base_atomics cl_khr_global_int32_extended_atomics cl_khr_local_int32_base_atomics cl_khr_local_int32_extended_atomics cl_khr_fp64 cl_khr_3d_image_writes cl_khr_byte_addressable_store cl_khr_icd cl_khr_gl_sharing cl_nv_compiler_options cl_nv_device_attribute_query cl_nv_pragma_unroll cl_nv_d3d10_sharing cl_khr_d3d10_sharing cl_nv_d3d11_sharing cl_nv_copy_opts cl_nv_create_buffer cl_khr_int64_base_atomics cl_khr_int64_extended_atomics cl_khr_device_uuid cl_khr_pci_bus_info cl_khr_external_semaphore cl_khr_external_memory cl_khr_external_semaphore_win32 cl_khr_external_memory_win32)
2024-03-18 19:31:05+0800: Loaded tuning parameters from: F:\homework\毕业设计\katago-v1.13.0-opencl-windows-x64/KataGoData/opencltuning/tune11_gpuNVIDIAGeForceRTX2060_x19_y19_c384_mv14.txt
2024-03-18 19:31:05+0800: OpenCL backend thread 0: Device 0 Model version 14
2024-03-18 19:31:05+0800: OpenCL backend thread 0: Device 0 Model name: kata1-b18c384nbt-s7192213760-d3579182099
2024-03-18 19:31:07+0800: OpenCL backend thread 0: Device 0 FP16Storage true FP16Compute false FP16TensorCores true FP16TensorCoresFor1x1 false
2024-03-18 19:31:07+0800: Loaded neural net with nnXLen 19 nnYLen 19
2024-03-18 19:31:07+0800: Initializing board with boardXSize 19 boardYSize 19
2024-03-18 19:31:07+0800: Loaded config F:\homework\毕业设计\katago-v1.13.0-opencl-windows-x64\gtp_custom.cfg
2024-03-18 19:31:07+0800: Loaded model F:\homework\毕业设计\katago-v1.13.0-opencl-windows-x64\model.bin
2024-03-18 19:31:07+0800: Model name: kata1-b18c384nbt-s7192213760-d3579182099
2024-03-18 19:31:07+0800: GTP ready, beginning main protocol loop
2024-03-18 19:31:16+0800: Controller: loadsgf C:/Users/KILLLAKILL/AppData/LocalLow/DefaultCompany/yiwu/RecentGames\sgf_1701255612.sgf 1
2024-03-18 19:31:16+0800: Changing komi to 5.5
2024-03-18 19:31:16+0800: GPU 0 finishing, processed 0 rows 0 batches
2024-03-18 19:31:16+0800: Cleaned up old neural net and bot
2024-03-18 19:31:16+0800: nnRandSeed0 = 946703204758353831
2024-03-18 19:31:16+0800: After dedups: nnModelFile0 = F:\homework\毕业设计\katago-v1.13.0-opencl-windows-x64\model.bin useFP16 auto useNHWC auto
2024-03-18 19:31:16+0800: Initializing neural net buffer to be size 9 * 9 exactly
2024-03-18 19:31:16+0800: Found OpenCL Platform 0: NVIDIA CUDA (NVIDIA Corporation) (OpenCL 3.0 CUDA 12.3.99)
2024-03-18 19:31:16+0800: Found 1 device(s) on platform 0 with type CPU or GPU or Accelerator
2024-03-18 19:31:16+0800: Found OpenCL Device 0: NVIDIA GeForce RTX 2060 (NVIDIA Corporation) (score 11000300)
2024-03-18 19:31:16+0800: Creating context for OpenCL Platform: NVIDIA CUDA (NVIDIA Corporation) (OpenCL 3.0 CUDA 12.3.99)
2024-03-18 19:31:16+0800: Using OpenCL Device 0: NVIDIA GeForce RTX 2060 (NVIDIA Corporation) OpenCL 3.0 CUDA (Extensions: cl_khr_global_int32_base_atomics cl_khr_global_int32_extended_atomics cl_khr_local_int32_base_atomics cl_khr_local_int32_extended_atomics cl_khr_fp64 cl_khr_3d_image_writes cl_khr_byte_addressable_store cl_khr_icd cl_khr_gl_sharing cl_nv_compiler_options cl_nv_device_attribute_query cl_nv_pragma_unroll cl_nv_d3d10_sharing cl_khr_d3d10_sharing cl_nv_d3d11_sharing cl_nv_copy_opts cl_nv_create_buffer cl_khr_int64_base_atomics cl_khr_int64_extended_atomics cl_khr_device_uuid cl_khr_pci_bus_info cl_khr_external_semaphore cl_khr_external_memory cl_khr_external_semaphore_win32 cl_khr_external_memory_win32)
2024-03-18 19:31:16+0800: Loaded tuning parameters from: F:\homework\毕业设计\katago-v1.13.0-opencl-windows-x64/KataGoData/opencltuning/tune11_gpuNVIDIAGeForceRTX2060_x19_y19_c384_mv14.txt
2024-03-18 19:31:17+0800: OpenCL backend thread 0: Device 0 Model version 14
2024-03-18 19:31:17+0800: OpenCL backend thread 0: Device 0 Model name: kata1-b18c384nbt-s7192213760-d3579182099
2024-03-18 19:31:19+0800: OpenCL backend thread 0: Device 0 FP16Storage true FP16Compute false FP16TensorCores true FP16TensorCoresFor1x1 false
2024-03-18 19:31:19+0800: Loaded neural net with nnXLen 9 nnYLen 9
2024-03-18 19:31:19+0800: Initializing board with boardXSize 9 boardYSize 9
2024-03-18 19:31:19+0800: = 
2024-03-18 19:31:25+0800: Controller: loadsgf C:/Users/KILLLAKILL/AppData/LocalLow/DefaultCompany/yiwu/RecentGames\sgf_1701255612.sgf 6
2024-03-18 19:31:25+0800: = 
2024-03-18 19:31:25+0800: Controller: lz-genmove_analyze maxmoves 6
2024-03-18 19:31:30+0800: MoveNum: 5 HASH: FFE96295C396DA517064CFFB0FD39D37
   A B C D E F G H J
 9 . . . . . . . . .
 8 . . . . . . . . .
 7 . . X . . . . . .
 6 . . . . . . . . .
 5 . . . . O O2. . .
 4 . . . . . . . . .
 3 . . X1. @ . X3. .
 2 . . . . . . . . .
 1 . . . . . . . . .

koSIMPLEscoreAREAtaxNONEsui0whbNfpok1komi5.5
Time taken: 5
Root visits: 3490
New playouts: 3490
NN rows: 2425
NN batches: 607
NN avg batch size: 3.99506
PV: E3 D4 F3 H5 H4 G4 G5 H3 D7 D6 H6 J4 C8 C6 E7 E6 F7 H7 G7 J6 B8 G6 F6 B7 C2
Tree:
: T -45.24c W -42.76c S  -1.88c ( -1.8 L  -1.5) N    3490  --  E3 D4 F3 H5 H4 G4 G5
---White(^)---
E3  : T -43.08c W -41.09c S  -1.80c ( -1.8 L  -1.5) LCB  -47.54c P 34.58% WF 1942.5 PSV    1905 N    3023  --  E3 D4 F3 H5 H4 G4 G5 H3
E7  : T -50.00c W -45.80c S  -1.73c ( -1.7 L  -1.3) LCB  -62.68c P 17.52% WF 190.8 PSV     192 N     292  --  E7 D4 C6 D7 B5 E8 F7 F8
C5  : T -71.36c W -60.26c S  -3.78c ( -2.8 L  -2.1) LCB  -89.24c P 26.16% WF  66.6 PSV      82 N     101  --  C5 D4 C6 E7 F3 F2 E3 E2
F3  : T -75.16c W -68.84c S  -3.30c ( -2.4 L  -1.8) LCB -100.73c P  7.30% WF  16.3 PSV      20 N      20  --  F3 F2 E7 C5 E2 E3
F2  : T -54.54c W -50.62c S  -2.25c ( -2.0 L  -1.3) LCB  -80.23c P  2.18% WF  18.6 PSV      15 N      24  --  F2 H5 C5 D4 D5
D7  : T -58.76c W -65.23c S  -2.50c ( -2.0 L  -1.3) LCB  -78.09c P  2.34% WF   9.7 PSV      11 N      10  --  D7 D6 E7 C6 G4
G4  : T -78.91c W -74.94c S  -3.43c ( -2.4 L  -2.0) LCB -111.93c P  2.54% WF   6.4 PSV       6 N       7  --  G4 F3 E3 E2
C6  : T -86.68c W -78.27c S  -4.10c ( -2.8 L  -1.7) LCB -173.70c P  2.37% WF   3.4 PSV       4 N       3  --  C6 D6 D5
D3  : T -85.79c W -78.60c S  -4.02c ( -2.8 L  -1.9) LCB -160.58c P  1.81% WF   2.9 PSV       3 N       3  --  D3 D4 F3
C4  : T -78.19c W -75.44c S  -3.27c ( -2.4 L  -1.5) LCB -230.57c P  1.11% WF   2.1 PSV       2 N       2  --  C4 D4

2024-03-18 19:31:30+0800: = play E3
2024-03-18 19:31:41+0800: Controller: loadsgf C:/Users/KILLLAKILL/AppData/LocalLow/DefaultCompany/yiwu/RecentGames\sgf_1701255612.sgf 7
2024-03-18 19:31:41+0800: = 
2024-03-18 19:31:41+0800: Controller: lz-genmove_analyze maxmoves 6
2024-03-18 19:31:46+0800: MoveNum: 6 HASH: 2733791EA78FF924FDD84A034F99EEAA
   A B C D E F G H J
 9 . . . . . . . . .
 8 . . . . . . . . .
 7 . . X . . . . . .
 6 . . . . . . . . .
 5 . . . . O O1. . .
 4 . . . . . O3. . .
 3 . . X . . . X2. .
 2 . . . . @ . . . .
 1 . . . . . . . . .

koSIMPLEscoreAREAtaxNONEsui0whbNfpok1komi5.5
Time taken: 5
Root visits: 3029
New playouts: 3029
NN rows: 2482
NN batches: 622
NN avg batch size: 3.99035
PV: E2 E7 C5 H4 D8 D4 C4 H3 F8 E8 E9 D7 C8 G8 F7 G7 H2 F6 F9 D2
Tree:
: T 100.24c W  98.77c S   1.60c ( +6.5 L  +6.0) N    3029  --  E2 E7 C5 H4 D8 D4 C4
---Black(^)---
E2  : T 100.54c W  99.04c S   1.72c ( +6.5 L  +6.1) LCB   99.89c P 15.41% WF 3338.6 PSV    7190 N    1115  --  E2 E7 C5 H4 D8 D4 C4 H3
F3  : T 100.33c W  98.73c S   1.70c ( +6.5 L  +6.1) LCB   99.66c P 52.32% WF 4549.8 PSV    4550 N    1653  --  F3 E7 C5 H4 D8 H3 F8 E8
H5  : T  97.61c W  97.30c S   0.49c ( +6.0 L  +5.3) LCB   95.54c P  9.59% WF 170.0 PSV     157 N      82  --  H5 C5 B5 B6 C6 B4 D5 C4
C5  : T  98.85c W  98.68c S   0.38c ( +6.0 L  +5.5) LCB   96.92c P  4.81% WF 145.0 PSV     125 N      49  --  C5 D6 C6 H5 F3 D7
F7  : T  96.88c W  97.61c S  -0.54c ( +5.5 L  +4.8) LCB   94.87c P  6.57% WF  92.8 PSV      88 N      43  --  F7 E2 D6 C4 D4
E7  : T  95.84c W  96.74c S  -0.87c ( +5.4 L  +4.7) LCB   93.18c P  5.84% WF  63.8 PSV      62 N      32  --  E7 E2 D4 G6 H5
D6  : T 100.05c W  98.05c S   1.72c ( +6.5 L  +6.0) LCB   97.84c P  0.57% WF  94.7 PSV      34 N      39  --  D6 E2 H5 C4 B4
F2  : T  93.02c W  97.24c S  -2.91c ( +4.5 L  +4.1) LCB  -60.91c P  0.67% WF   5.3 PSV       4 N       2  --  F2 E7
H4  : T  93.53c W  95.40c S  -1.21c ( +5.1 L  +4.6) LCB  -59.35c P  0.55% WF   3.7 PSV       4 N       2  --  H4 C5
C6  : T  95.91c W  98.00c S  -1.74c ( +5.0 L  +4.5) LCB  -68.56c P  0.44% WF   5.5 PSV       4 N       2  --  C6 D3

2024-03-18 19:31:46+0800: = play E2
2024-03-18 19:32:27+0800: Controller: loadsgf C:/Users/KILLLAKILL/AppData/LocalLow/DefaultCompany/yiwu/RecentGames\sgf_1701255612.sgf 7
2024-03-18 19:32:27+0800: = 
2024-03-18 19:32:27+0800: Controller: lz-genmove_analyze maxmoves 6
2024-03-18 19:32:32+0800: MoveNum: 6 HASH: 2733791EA78FF924FDD84A034F99EEAA
   A B C D E F G H J
 9 . . . . . . . . .
 8 . . . . . . . . .
 7 . . X . . . . . .
 6 . . . . . . . . .
 5 . . . . O O1. . .
 4 . . . . . O3. . .
 3 . . X . . @ X2. .
 2 . . . . . . . . .
 1 . . . . . . . . .

koSIMPLEscoreAREAtaxNONEsui0whbNfpok1komi5.5
Time taken: 5
Root visits: 6501
New playouts: 6501
NN rows: 2496
NN batches: 624
NN avg batch size: 4
PV: F3 E7 C5 H4 D8 H3 F8 E8 E9 D7 C8 G8 D3 G2 F7 G7 F2 H2
Tree:
: T  99.84c W  98.56c S   1.48c ( +6.4 L  +6.0) N    6501  --  F3 E7 C5 H4 D8 H3 F8
---Black(^)---
F3  : T 100.03c W  98.54c S   1.66c ( +6.5 L  +6.1) LCB   99.56c P 52.32% WF 11761.8 PSV   11737 N    4525  --  F3 E7 C5 H4 D8 H3 F8 E8
E2  : T  99.93c W  98.86c S   1.36c ( +6.4 L  +6.0) LCB   99.24c P 15.41% WF 4336.8 PSV    2849 N    1533  --  E2 E7 C5 H4 D8 D4 C4 F2
C5  : T  98.81c W  98.67c S   0.34c ( +5.9 L  +5.5) LCB   97.44c P  4.81% WF 303.3 PSV     279 N     105  --  C5 E2 H5 H4 G6 D6 C6 E8
H5  : T  96.45c W  96.84c S   0.09c ( +5.8 L  +5.1) LCB   94.01c P  9.59% WF 230.3 PSV     228 N     118  --  H5 C5 E7 F7 F3 E8 D8 E6
F7  : T  97.05c W  97.60c S  -0.38c ( +5.6 L  +4.9) LCB   95.41c P  6.57% WF 187.8 PSV     184 N      86  --  F7 E2 D6 C4 D4 D5 C5
E7  : T  95.56c W  96.57c S  -0.86c ( +5.4 L  +4.6) LCB   94.14c P  5.84% WF 115.2 PSV     113 N      60  --  E7 E2 D4 G6 F3 E3 E4 F2
D6  : T  99.69c W  98.00c S   1.64c ( +6.5 L  +6.0) LCB   97.41c P  0.57% WF  97.7 PSV      72 N      41  --  D6 E2 H5 C4 B4
F2  : T  95.01c W  97.74c S  -2.39c ( +4.8 L  +4.3) LCB   74.25c P  0.67% WF  15.5 PSV      11 N       6  --  F2 E7 C5 H4
H4  : T  94.07c W  95.19c S  -0.35c ( +5.6 L  +5.2) LCB   43.67c P  0.55% WF   7.5 PSV       8 N       4  --  H4 C5 E7
C6  : T  94.62c W  97.83c S  -2.97c ( +4.6 L  +4.2) LCB   14.26c P  0.44% WF   8.8 PSV       7 N       3  --  C6 H5

2024-03-18 19:32:32+0800: = play F3
