2024-05-09 00:08:55+0800: Running with following config:
allowResignation = true
friendlyPassOk = true
hasButton = false
koRule = SIMPLE
lagBuffer = 1.0
logAllGTPCommunication = true
logDir = gtp_logs
logSearchInfo = true
logToStderr = false
multiStoneSuicideLegal = false
nnCacheSizePowerOfTwo = 20
nnMutexPoolSizePowerOfTwo = 16
numNNServerThreadsPerModel = 1
numSearchThreads = 8
openclDeviceToUseThread0 = 0
ponderingEnabled = false
resignConsecTurns = 3
resignThreshold = -0.90
scoringRule = AREA
searchFactorAfterOnePass = 0.50
searchFactorAfterTwoPass = 0.25
searchFactorWhenWinning = 0.40
searchFactorWhenWinningThreshold = 0.95
taxRule = NONE
whiteHandicapBonus = N

2024-05-09 00:08:55+0800: GTP Engine starting...
2024-05-09 00:08:55+0800: KataGo v1.13.0
2024-05-09 00:08:55+0800: Using Chinese rules initially, unless GTP/GUI overrides this
2024-05-09 00:08:55+0800: Using 8 CPU thread(s) for search
2024-05-09 00:08:55+0800: nnRandSeed0 = 8769211555333949485
2024-05-09 00:08:55+0800: After dedups: nnModelFile0 = F:/unity_project/yiwu/Assets/StreamingAssets\katago-v1.13.0-opencl-windows-x64\model.bin useFP16 auto useNHWC auto
2024-05-09 00:08:55+0800: Initializing neural net buffer to be size 19 * 19 exactly
2024-05-09 00:08:55+0800: Found OpenCL Platform 0: NVIDIA CUDA (NVIDIA Corporation) (OpenCL 3.0 CUDA 12.3.99)
2024-05-09 00:08:55+0800: Found 1 device(s) on platform 0 with type CPU or GPU or Accelerator
2024-05-09 00:08:55+0800: Found OpenCL Device 0: NVIDIA GeForce RTX 2060 (NVIDIA Corporation) (score 11000300)
2024-05-09 00:08:55+0800: Creating context for OpenCL Platform: NVIDIA CUDA (NVIDIA Corporation) (OpenCL 3.0 CUDA 12.3.99)
2024-05-09 00:08:55+0800: Using OpenCL Device 0: NVIDIA GeForce RTX 2060 (NVIDIA Corporation) OpenCL 3.0 CUDA (Extensions: cl_khr_global_int32_base_atomics cl_khr_global_int32_extended_atomics cl_khr_local_int32_base_atomics cl_khr_local_int32_extended_atomics cl_khr_fp64 cl_khr_3d_image_writes cl_khr_byte_addressable_store cl_khr_icd cl_khr_gl_sharing cl_nv_compiler_options cl_nv_device_attribute_query cl_nv_pragma_unroll cl_nv_d3d10_sharing cl_khr_d3d10_sharing cl_nv_d3d11_sharing cl_nv_copy_opts cl_nv_create_buffer cl_khr_int64_base_atomics cl_khr_int64_extended_atomics cl_khr_device_uuid cl_khr_pci_bus_info cl_khr_external_semaphore cl_khr_external_memory cl_khr_external_semaphore_win32 cl_khr_external_memory_win32)
2024-05-09 00:08:55+0800: Loaded tuning parameters from: F:\unity_project\yiwu\Assets\StreamingAssets\katago-v1.13.0-opencl-windows-x64/KataGoData/opencltuning/tune11_gpuNVIDIAGeForceRTX2060_x19_y19_c384_mv14.txt
2024-05-09 00:08:55+0800: OpenCL backend thread 0: Device 0 Model version 14
2024-05-09 00:08:55+0800: OpenCL backend thread 0: Device 0 Model name: kata1-b18c384nbt-s7192213760-d3579182099
2024-05-09 00:08:56+0800: OpenCL backend thread 0: Device 0 FP16Storage true FP16Compute false FP16TensorCores true FP16TensorCoresFor1x1 false
2024-05-09 00:08:56+0800: Loaded neural net with nnXLen 19 nnYLen 19
2024-05-09 00:08:56+0800: Initializing board with boardXSize 19 boardYSize 19
2024-05-09 00:08:56+0800: Loaded config F:/unity_project/yiwu/Assets/StreamingAssets\katago-v1.13.0-opencl-windows-x64\gtp_custom.cfg
2024-05-09 00:08:56+0800: Loaded model F:/unity_project/yiwu/Assets/StreamingAssets\katago-v1.13.0-opencl-windows-x64\model.bin
2024-05-09 00:08:56+0800: Model name: kata1-b18c384nbt-s7192213760-d3579182099
2024-05-09 00:08:56+0800: GTP ready, beginning main protocol loop
2024-05-09 00:08:56+0800: Controller: clear_board
2024-05-09 00:08:56+0800: = 
2024-05-09 00:08:56+0800: Controller: komi 7.5
2024-05-09 00:08:56+0800: = 
2024-05-09 00:08:56+0800: Controller: boardsize 19
2024-05-09 00:08:56+0800: = 
2024-05-09 00:09:02+0800: Controller: play b D15
2024-05-09 00:09:02+0800: = 
2024-05-09 00:09:02+0800: Controller: showboard
2024-05-09 00:09:02+0800: = MoveNum: 1 HASH: C849C6BDA70FC93154D1B73AFF4B7438
   A B C D E F G H J K L M N O P Q R S T
19 . . . . . . . . . . . . . . . . . . .
18 . . . . . . . . . . . . . . . . . . .
17 . . . . . . . . . . . . . . . . . . .
16 . . . . . . . . . . . . . . . . . . .
15 . . . X1. . . . . . . . . . . . . . .
14 . . . . . . . . . . . . . . . . . . .
13 . . . . . . . . . . . . . . . . . . .
12 . . . . . . . . . . . . . . . . . . .
11 . . . . . . . . . . . . . . . . . . .
10 . . . . . . . . . . . . . . . . . . .
 9 . . . . . . . . . . . . . . . . . . .
 8 . . . . . . . . . . . . . . . . . . .
 7 . . . . . . . . . . . . . . . . . . .
 6 . . . . . . . . . . . . . . . . . . .
 5 . . . . . . . . . . . . . . . . . . .
 4 . . . . . . . . . . . . . . . . . . .
 3 . . . . . . . . . . . . . . . . . . .
 2 . . . . . . . . . . . . . . . . . . .
 1 . . . . . . . . . . . . . . . . . . .
Next player: White
Rules: {"friendlyPassOk":true,"hasButton":false,"ko":"SIMPLE","komi":7.5,"scoring":"AREA","suicide":false,"tax":"NONE","whiteHandicapBonus":"N"}
B stones captured: 0
W stones captured: 0
2024-05-09 00:09:02+0800: Controller: genmove w
2024-05-09 00:09:07+0800: MoveNum: 1 HASH: C849C6BDA70FC93154D1B73AFF4B7438
   A B C D E F G H J K L M N O P Q R S T
19 . . . . . . . . . . . . . . . . . . .
18 . . . . . . . . . . . . . . . . . . .
17 . . . . . . . . . . . . . . . . . . .
16 . . . . . . . . . . . . . . . @ . . .
15 . . . X1. . . . . . . . . . . . . . .
14 . . . . . . . . . . . . . . . . . . .
13 . . . . . . . . . . . . . . . . . . .
12 . . . . . . . . . . . . . . . . . . .
11 . . . . . . . . . . . . . . . . . . .
10 . . . . . . . . . . . . . . . . . . .
 9 . . . . . . . . . . . . . . . . . . .
 8 . . . . . . . . . . . . . . . . . . .
 7 . . . . . . . . . . . . . . . . . . .
 6 . . . . . . . . . . . . . . . . . . .
 5 . . . . . . . . . . . . . . . . . . .
 4 . . . . . . . . . . . . . . . . . . .
 3 . . . . . . . . . . . . . . . . . . .
 2 . . . . . . . . . . . . . . . . . . .
 1 . . . . . . . . . . . . . . . . . . .

koSIMPLEscoreAREAtaxNONEsui0whbNfpok1komi7.5
Time taken: 5.015
Root visits: 1533
New playouts: 1533
NN rows: 1322
NN batches: 332
NN avg batch size: 3.98193
PV: Q16 D4 Q4 D17 C3 C4 D3 F3 E3 E4 F2 C11 G3 F4 B3 O17 K16 R14 Q14 Q13 P14
Tree:
: T  26.30c W  25.95c S   0.43c ( +1.6 L  +1.1) N    1533  --  Q16 D4 Q4 D17 C3 C4 D3
---White(^)---
Q16 : T  26.77c W  26.32c S   0.45c ( +1.6 L  +1.1) LCB   26.23c P 25.63% WF 2091.5 PSV    2430 N     794  --  Q16 D4 Q4 D17 C3 C4 D3 F3
D4  : T  26.17c W  25.85c S   0.41c ( +1.6 L  +1.1) LCB   25.42c P 28.30% WF 1053.7 PSV     830 N     409  --  D4 Q16 Q4 D17 R17 Q17 R16 R14
Q4  : T  25.77c W  25.55c S   0.43c ( +1.6 L  +1.1) LCB   24.92c P 14.87% WF 456.4 PSV     305 N     170  --  Q4 Q16 D4 D17 R17 Q17 R16 R14
Q17 : T  25.67c W  25.46c S   0.40c ( +1.6 L  +1.1) LCB   23.96c P  3.25% WF  90.4 PSV      62 N      32  --  Q17 D4 Q4 D17 C3 C4 D3 E4
D3  : T  25.64c W  25.64c S   0.40c ( +1.6 L  +1.1) LCB   22.62c P  2.44% WF  48.0 PSV      45 N      17  --  D3 Q16 Q4 D17 C6 R3 Q3
R16 : T  25.28c W  25.11c S   0.34c ( +1.5 L  +1.0) LCB   22.67c P  2.74% WF  56.5 PSV      41 N      20  --  R16 D4 Q4 D17 C3 C4 D3 E4
C4  : T  25.08c W  25.13c S   0.36c ( +1.6 L  +1.0) LCB   22.45c P  3.09% WF  50.5 PSV      41 N      18  --  C4 Q16 Q4 D17 R17 R16 Q17 O17
R4  : T  25.09c W  24.96c S   0.33c ( +1.5 L  +1.1) LCB   23.52c P  2.64% WF  52.0 PSV      35 N      19  --  R4 D4 Q16 D17 O3 O17 R14 Q4
Q3  : T  24.81c W  24.93c S   0.30c ( +1.5 L  +1.0) LCB   22.28c P  2.58% WF  35.9 PSV      30 N      13  --  Q3 D4 Q16 D17 C3 C4 D3 E4
C17 : T  25.01c W  24.70c S   0.29c ( +1.5 L  +1.1) LCB   20.96c P  2.12% WF  44.8 PSV      27 N      20  --  C17 E17 D16 E16 C15 C14 B14 D14

2024-05-09 00:09:07+0800: = Q16
2024-05-09 00:09:07+0800: Controller: printsgf
2024-05-09 00:09:07+0800: = (;FF[4]GM[1]SZ[19]PB[]PW[]HA[0]KM[7.5]RU[Chinese];B[de];W[pd])
2024-05-09 00:10:31+0800: GPU 0 finishing, processed 1322 rows 332 batches
2024-05-09 00:10:32+0800: All cleaned up, quitting
