2024-05-09 23:29:37+0800: Running with following config:
allowResignation = true
friendlyPassOk = true
hasButton = false
koRule = SIMPLE
lagBuffer = 1.0
logAllGTPCommunication = true
logDir = gtp_logs
logSearchInfo = true
logToStderr = false
multiStoneSuicideLegal = false
nnCacheSizePowerOfTwo = 20
nnMutexPoolSizePowerOfTwo = 16
numNNServerThreadsPerModel = 1
numSearchThreads = 8
openclDeviceToUseThread0 = 0
ponderingEnabled = false
resignConsecTurns = 3
resignThreshold = -0.90
scoringRule = AREA
searchFactorAfterOnePass = 0.50
searchFactorAfterTwoPass = 0.25
searchFactorWhenWinning = 0.40
searchFactorWhenWinningThreshold = 0.95
taxRule = NONE
whiteHandicapBonus = N

2024-05-09 23:29:37+0800: GTP Engine starting...
2024-05-09 23:29:37+0800: KataGo v1.13.0
2024-05-09 23:29:37+0800: Using Chinese rules initially, unless GTP/GUI overrides this
2024-05-09 23:29:37+0800: Using 8 CPU thread(s) for search
2024-05-09 23:29:37+0800: nnRandSeed0 = 9390625486947882078
2024-05-09 23:29:37+0800: After dedups: nnModelFile0 = F:/unity_project/yiwu/Assets/StreamingAssets\katago-v1.13.0-opencl-windows-x64\model.bin useFP16 auto useNHWC auto
2024-05-09 23:29:37+0800: Initializing neural net buffer to be size 19 * 19 exactly
2024-05-09 23:29:38+0800: Found OpenCL Platform 0: NVIDIA CUDA (NVIDIA Corporation) (OpenCL 3.0 CUDA 12.3.99)
2024-05-09 23:29:38+0800: Found 1 device(s) on platform 0 with type CPU or GPU or Accelerator
2024-05-09 23:29:38+0800: Found OpenCL Device 0: NVIDIA GeForce RTX 2060 (NVIDIA Corporation) (score 11000300)
2024-05-09 23:29:38+0800: Creating context for OpenCL Platform: NVIDIA CUDA (NVIDIA Corporation) (OpenCL 3.0 CUDA 12.3.99)
2024-05-09 23:29:38+0800: Using OpenCL Device 0: NVIDIA GeForce RTX 2060 (NVIDIA Corporation) OpenCL 3.0 CUDA (Extensions: cl_khr_global_int32_base_atomics cl_khr_global_int32_extended_atomics cl_khr_local_int32_base_atomics cl_khr_local_int32_extended_atomics cl_khr_fp64 cl_khr_3d_image_writes cl_khr_byte_addressable_store cl_khr_icd cl_khr_gl_sharing cl_nv_compiler_options cl_nv_device_attribute_query cl_nv_pragma_unroll cl_nv_d3d10_sharing cl_khr_d3d10_sharing cl_nv_d3d11_sharing cl_nv_copy_opts cl_nv_create_buffer cl_khr_int64_base_atomics cl_khr_int64_extended_atomics cl_khr_device_uuid cl_khr_pci_bus_info cl_khr_external_semaphore cl_khr_external_memory cl_khr_external_semaphore_win32 cl_khr_external_memory_win32)
2024-05-09 23:29:38+0800: Loaded tuning parameters from: F:\unity_project\yiwu\Assets\StreamingAssets\katago-v1.13.0-opencl-windows-x64/KataGoData/opencltuning/tune11_gpuNVIDIAGeForceRTX2060_x19_y19_c384_mv14.txt
2024-05-09 23:29:39+0800: OpenCL backend thread 0: Device 0 Model version 14
2024-05-09 23:29:39+0800: OpenCL backend thread 0: Device 0 Model name: kata1-b18c384nbt-s7192213760-d3579182099
2024-05-09 23:29:41+0800: OpenCL backend thread 0: Device 0 FP16Storage true FP16Compute false FP16TensorCores true FP16TensorCoresFor1x1 false
2024-05-09 23:29:41+0800: Loaded neural net with nnXLen 19 nnYLen 19
2024-05-09 23:29:41+0800: Initializing board with boardXSize 19 boardYSize 19
2024-05-09 23:29:41+0800: Loaded config F:/unity_project/yiwu/Assets/StreamingAssets\katago-v1.13.0-opencl-windows-x64\gtp_custom.cfg
2024-05-09 23:29:41+0800: Loaded model F:/unity_project/yiwu/Assets/StreamingAssets\katago-v1.13.0-opencl-windows-x64\model.bin
2024-05-09 23:29:41+0800: Model name: kata1-b18c384nbt-s7192213760-d3579182099
2024-05-09 23:29:41+0800: GTP ready, beginning main protocol loop
2024-05-09 23:29:56+0800: Controller: clear_board
2024-05-09 23:29:56+0800: = 
2024-05-09 23:29:56+0800: Controller: komi 6.5
2024-05-09 23:29:56+0800: = 
2024-05-09 23:29:56+0800: Controller: boardsize 9
2024-05-09 23:29:56+0800: GPU 0 finishing, processed 0 rows 0 batches
2024-05-09 23:29:56+0800: Cleaned up old neural net and bot
2024-05-09 23:29:56+0800: nnRandSeed0 = 3645205074373141574
2024-05-09 23:29:56+0800: After dedups: nnModelFile0 = F:/unity_project/yiwu/Assets/StreamingAssets\katago-v1.13.0-opencl-windows-x64\model.bin useFP16 auto useNHWC auto
2024-05-09 23:29:56+0800: Initializing neural net buffer to be size 9 * 9 exactly
2024-05-09 23:29:56+0800: Found OpenCL Platform 0: NVIDIA CUDA (NVIDIA Corporation) (OpenCL 3.0 CUDA 12.3.99)
2024-05-09 23:29:56+0800: Found 1 device(s) on platform 0 with type CPU or GPU or Accelerator
2024-05-09 23:29:56+0800: Found OpenCL Device 0: NVIDIA GeForce RTX 2060 (NVIDIA Corporation) (score 11000300)
2024-05-09 23:29:56+0800: Creating context for OpenCL Platform: NVIDIA CUDA (NVIDIA Corporation) (OpenCL 3.0 CUDA 12.3.99)
2024-05-09 23:29:57+0800: Using OpenCL Device 0: NVIDIA GeForce RTX 2060 (NVIDIA Corporation) OpenCL 3.0 CUDA (Extensions: cl_khr_global_int32_base_atomics cl_khr_global_int32_extended_atomics cl_khr_local_int32_base_atomics cl_khr_local_int32_extended_atomics cl_khr_fp64 cl_khr_3d_image_writes cl_khr_byte_addressable_store cl_khr_icd cl_khr_gl_sharing cl_nv_compiler_options cl_nv_device_attribute_query cl_nv_pragma_unroll cl_nv_d3d10_sharing cl_khr_d3d10_sharing cl_nv_d3d11_sharing cl_nv_copy_opts cl_nv_create_buffer cl_khr_int64_base_atomics cl_khr_int64_extended_atomics cl_khr_device_uuid cl_khr_pci_bus_info cl_khr_external_semaphore cl_khr_external_memory cl_khr_external_semaphore_win32 cl_khr_external_memory_win32)
2024-05-09 23:29:57+0800: Loaded tuning parameters from: F:\unity_project\yiwu\Assets\StreamingAssets\katago-v1.13.0-opencl-windows-x64/KataGoData/opencltuning/tune11_gpuNVIDIAGeForceRTX2060_x19_y19_c384_mv14.txt
2024-05-09 23:29:57+0800: OpenCL backend thread 0: Device 0 Model version 14
2024-05-09 23:29:57+0800: OpenCL backend thread 0: Device 0 Model name: kata1-b18c384nbt-s7192213760-d3579182099
2024-05-09 23:29:59+0800: OpenCL backend thread 0: Device 0 FP16Storage true FP16Compute false FP16TensorCores true FP16TensorCoresFor1x1 false
2024-05-09 23:29:59+0800: Loaded neural net with nnXLen 9 nnYLen 9
2024-05-09 23:29:59+0800: Initializing board with boardXSize 9 boardYSize 9
2024-05-09 23:29:59+0800: = 
2024-05-09 23:30:00+0800: Controller: play b E5
2024-05-09 23:30:00+0800: = 
2024-05-09 23:30:00+0800: Controller: genmove w
2024-05-09 23:30:05+0800: MoveNum: 1 HASH: 38E71B648B5DE3A43B414F57C285AD76
   A B C D E F G H J
 9 . . . . . . . . .
 8 . . . . . . . . .
 7 . . . . . . . . .
 6 . . . . . . . . .
 5 . . @ . X1. . . .
 4 . . . . . . . . .
 3 . . . . . . . . .
 2 . . . . . . . . .
 1 . . . . . . . . .

koSIMPLEscoreAREAtaxNONEsui0whbNfpok1komi6.5
Time taken: 5
Root visits: 2826
New playouts: 2826
NN rows: 2393
NN batches: 599
NN avg batch size: 3.99499
PV: C5 G4 F7 D6 G6 C6 C3 E8 H5 D2 C2 H4 E7 F8 G8 D7 H7 B5
Tree:
: T -51.90c W -51.46c S  -1.69c ( -1.6 L  -0.7) N    2826  --  C5 G4 F7 D6 G6 C6 C3
---White(^)---
C5  : T -50.92c W -50.70c S  -1.65c ( -1.5 L  -0.7) LCB  -53.16c P  3.98% WF 2513.2 PSV    2493 N    2610  --  C5 G4 F7 D6 G6 C6 C3 E8
C4  : T -58.20c W -56.07c S  -1.56c ( -1.4 L  -0.6) LCB  -61.63c P 11.94% WF 212.8 PSV      97 N     185  --  C4 D3 D6 E6 D7 E7 H5 G3
C3  : T -63.17c W -60.62c S  -1.83c ( -1.5 L  -0.4) LCB  -74.21c P  1.08% WF  20.0 PSV       5 N      14  --  C3 C5 F3 F7 G4 E3
D4  : T -71.39c W -69.30c S  -2.70c ( -2.1 L  -0.2) LCB -101.26c P  0.03% WF   7.8 PSV       0 N       5  --  D4 D5 C4
D5  : T -88.71c W -83.71c S  -5.01c ( -3.5 L  -0.4) LCB -438.71c P  0.01% WF   3.7 PSV       0 N       1  --  D5
B5  : T -90.15c W -84.81c S  -5.33c ( -3.3 L  -1.2) LCB -440.15c P  0.01% WF   1.7 PSV       0 N       1  --  B5
B4  : T -96.65c W -89.84c S  -6.81c ( -4.0 L  -2.0) LCB -446.65c P  0.01% WF   1.7 PSV       0 N       1  --  B4
pss : T -116.88c W -99.64c S -17.24c ( -8.5 L  -7.3) LCB -466.88c P  0.00% WF   1.2 PSV       0 N       1  --  pass
B3  : T -103.02c W -94.40c S  -8.63c ( -4.7 L  -2.9) LCB -453.02c P  0.00% WF   1.1 PSV       0 N       1  --  B3
B2  : T -110.71c W -98.25c S -12.45c ( -6.2 L  -5.1) LCB -460.71c P  0.00% WF   1.0 PSV       0 N       1  --  B2

2024-05-09 23:30:05+0800: = C5
2024-05-09 23:30:05+0800: Controller: play b G7
2024-05-09 23:30:05+0800: = 
2024-05-09 23:30:05+0800: Controller: genmove w
2024-05-09 23:30:10+0800: MoveNum: 3 HASH: DF64DCCE2A63A6579EDF65542FCDFFCA
   A B C D E F G H J
 9 . . . . . . . . .
 8 . . . . . . . . .
 7 . . . . . . X3. .
 6 . . . . . @ . . .
 5 . . O2. X1. . . .
 4 . . . . . . . . .
 3 . . . . . . . . .
 2 . . . . . . . . .
 1 . . . . . . . . .

koSIMPLEscoreAREAtaxNONEsui0whbNfpok1komi6.5
Time taken: 5
Root visits: 3341
New playouts: 3341
NN rows: 2475
NN batches: 620
NN avg batch size: 3.99194
PV: F6 D6 F7 C6 G6 E3 E8 C8 C2 D2 D4 B2 E4 F4 C3 C1 F3 F2 G3 F5 B3 G2 D3 E2 H4
Tree:
: T  18.71c W  22.87c S   0.28c ( +1.1 L  +1.1) N    3341  --  F6 D6 F7 C6 G6 E3 E8
---White(^)---
F6  : T  19.85c W  24.16c S   0.40c ( +1.2 L  +1.1) LCB   15.76c P 71.54% WF 1975.6 PSV    1962 N    3111  --  F6 D6 F7 C6 G6 E3 E8 C8
D7  : T  17.35c W  16.81c S  -0.47c ( +0.7 L  +0.8) LCB   -3.01c P  4.11% WF  79.7 PSV      63 N     107  --  D7 E7 E3 D6 C6 C7 G3 D4
F3  : T  -4.39c W   0.72c S  -1.61c ( +0.1 L  +0.4) LCB  -28.14c P 12.41% WF  34.0 PSV      40 N      55  --  F3 C4 F6 G4 D4 D5 C3 B4
G3  : T   4.61c W   8.41c S  -1.55c ( +0.2 L  +0.4) LCB  -21.03c P  2.13% WF   9.1 PSV      10 N      10  --  G3 C6 B6 D6 B7 C4
C7  : T  -2.17c W   0.22c S  -1.59c ( +0.2 L  +0.4) LCB  -46.61c P  2.47% WF  11.0 PSV       8 N      14  --  C7 F3 F6 D6
G4  : T  13.04c W  17.57c S  -0.82c ( +0.5 L  +0.7) LCB  -16.67c P  0.87% WF  12.9 PSV       7 N      15  --  G4 D6 C6 E3 D7
D3  : T -22.32c W  -9.46c S  -2.06c ( -0.1 L  +0.2) LCB  -50.25c P  2.58% WF   4.9 PSV       5 N       7  --  D3 D4 C4 E3 F6 D6 F7
E3  : T  -2.15c W   6.80c S  -1.55c ( +0.2 L  +0.3) LCB  -48.83c P  1.25% WF   5.2 PSV       4 N       6  --  E3 D4 G3 D7
D6  : T -40.90c W -36.81c S  -4.09c ( -1.1 L  -0.2) LCB -390.90c P  0.96% WF   1.0 PSV       1 N       1  --  D6
C3  : T -11.12c W  -9.53c S  -1.59c ( +0.2 L  +0.7) LCB -361.12c P  0.68% WF   0.8 PSV       1 N       1  --  C3

2024-05-09 23:30:10+0800: = F6
2024-05-09 23:30:11+0800: Controller: play b G3
2024-05-09 23:30:11+0800: = 
2024-05-09 23:30:11+0800: Controller: genmove w
2024-05-09 23:30:16+0800: MoveNum: 5 HASH: E5C1C1A328C39864F378C731A9CD00CF
   A B C D E F G H J
 9 . . . . . . . . .
 8 . . . . . . . . .
 7 . . . . . @ X1. .
 6 . . . . . O2. . .
 5 . . O . X . . . .
 4 . . . . . . . . .
 3 . . . . . . X3. .
 2 . . . . . . . . .
 1 . . . . . . . . .

koSIMPLEscoreAREAtaxNONEsui0whbNfpok1komi6.5
Time taken: 5
Root visits: 2926
New playouts: 2926
NN rows: 2473
NN batches: 619
NN avg batch size: 3.99515
PV: F7 D6 C3 H5 G6 H6 D7 C6 H7 E8 G8 D2 E4 E3 F4 F5 D3
Tree:
: T  94.84c W  93.13c S   3.12c ( +4.8 L  +4.8) N    2926  --  F7 D6 C3 H5 G6 H6 D7
---White(^)---
F7  : T  95.55c W  93.60c S   3.40c ( +4.9 L  +5.0) LCB   93.52c P 25.21% WF 2389.2 PSV    2374 N    1712  --  F7 D6 C3 H5 G6 H6 D7 C6
E6  : T  95.24c W  93.46c S   2.82c ( +4.6 L  +4.5) LCB   93.20c P 40.40% WF 1221.6 PSV    1221 N     978  --  E6 C4 D6 H5 B4 D3 B3 E8
G6  : T  87.79c W  88.63c S   2.10c ( +4.4 L  +4.2) LCB   81.51c P 24.78% WF 165.6 PSV     171 N     172  --  G6 C6 F4 D3 G4 D6 E7 F3
D7  : T  86.53c W  87.85c S   2.18c ( +4.4 L  +4.2) LCB   73.59c P  5.97% WF  35.1 PSV      35 N      39  --  D7 C6 D6 D5 C4 E6 E7 F7
F5  : T  74.41c W  82.62c S   0.19c ( +3.4 L  +3.3) LCB  -86.89c P  0.98% WF   1.9 PSV       2 N       2  --  F5 E4
F4  : T  78.83c W  84.27c S  -0.24c ( +3.2 L  +3.2) LCB  -76.25c P  0.84% WF   1.8 PSV       2 N       2  --  F4 F5
D3  : T  71.25c W  72.86c S  -1.61c ( +2.5 L  +3.0) LCB -278.75c P  0.43% WF   0.9 PSV       1 N       1  --  D3
C3  : T  71.33c W  78.21c S  -0.83c ( +2.9 L  +2.8) LCB  -85.44c P  0.38% WF   1.8 PSV       0 N       2  --  C3 C6
G4  : T  81.25c W  81.21c S   0.05c ( +3.3 L  +3.7) LCB -268.75c P  0.20% WF   0.9 PSV       0 N       1  --  G4
E3  : T  74.67c W  75.59c S  -0.92c ( +2.9 L  +3.3) LCB -275.33c P  0.14% WF   0.9 PSV       0 N       1  --  E3

2024-05-09 23:30:16+0800: = F7
2024-05-09 23:30:16+0800: Controller: play b C3
2024-05-09 23:30:16+0800: = 
2024-05-09 23:30:16+0800: Controller: genmove w
2024-05-09 23:30:21+0800: MoveNum: 7 HASH: 65EB145EB385EF8D82F311C0312AF5F8
   A B C D E F G H J
 9 . . . . . . . . .
 8 . . . . . . . . .
 7 . . . . . O2X . .
 6 . . . @ . O . . .
 5 . . O . X . . . .
 4 . . . . . . . . .
 3 . . X3. . . X1. .
 2 . . . . . . . . .
 1 . . . . . . . . .

koSIMPLEscoreAREAtaxNONEsui0whbNfpok1komi6.5
Time taken: 5
Root visits: 2917
New playouts: 2915
NN rows: 2458
NN batches: 614
NN avg batch size: 4.00326
PV: D6 H5 G6 H6 H7 C4 G4 F4 G5 C7 F3 E3 D7 B5 H3 F2 C6
Tree:
: T 103.24c W  98.51c S   5.49c ( +6.5 L  +6.7) N    2917  --  D6 H5 G6 H6 H7 C4 G4
---White(^)---
D6  : T 103.83c W  98.79c S   5.81c ( +6.6 L  +6.9) LCB  103.03c P 34.01% WF 5033.9 PSV    5006 N    2471  --  D6 H5 G6 H6 H7 C4 G4 F4
D7  : T  98.19c W  97.06c S   2.18c ( +5.1 L  +5.0) LCB   93.65c P 19.67% WF 173.2 PSV     171 N     123  --  D7 C6 B6 G6 F5 G4 E3 E4
F5  : T 101.83c W  98.40c S   3.54c ( +5.7 L  +5.8) LCB   99.46c P  7.64% WF 211.3 PSV     169 N     110  --  F5 E4 D6 D8 E8 E6 E7 D7
G6  : T  97.54c W  94.85c S   3.90c ( +6.1 L  +6.1) LCB   92.02c P 14.02% WF 111.3 PSV     110 N      88  --  G6 C6 F4 D5 F3 F5 G4
D4  : T  94.09c W  92.17c S   4.35c ( +6.5 L  +6.5) LCB   84.55c P 19.37% WF  95.3 PSV     100 N      82  --  D4 D6 G6 F4 C6 D7 C7 E8
C7  : T 100.71c W  98.13c S   3.05c ( +5.5 L  +5.6) LCB   96.75c P  2.31% WF  53.9 PSV      34 N      31  --  C7 D6 D7 G6 F5 G4 E3 B5
G5  : T  91.35c W  92.28c S   1.32c ( +4.8 L  +4.5) LCB   66.56c P  0.89% WF   6.7 PSV       3 N       6  --  G5 D6 F4 F5
C4  : T  94.02c W  95.39c S   0.52c ( +4.4 L  +4.2) LCB  -55.32c P  0.18% WF   2.6 PSV       0 N       2  --  C4 D3
G4  : T  86.42c W  86.59c S  -0.17c ( +4.0 L  +4.3) LCB -263.58c P  0.29% WF   1.0 PSV       0 N       1  --  G4
F4  : T  89.90c W  89.59c S   0.31c ( +4.3 L  +4.6) LCB -260.10c P  0.24% WF   1.0 PSV       0 N       1  --  F4

2024-05-09 23:30:21+0800: = D6
2024-05-09 23:30:22+0800: Controller: play b C7
2024-05-09 23:30:22+0800: = 
2024-05-09 23:30:22+0800: Controller: genmove w
2024-05-09 23:30:27+0800: MoveNum: 9 HASH: 5961C805FE8740F52C9518A3235694C1
   A B C D E F G H J
 9 . . . . . . . . .
 8 . . . . . . . . .
 7 . . X3. . O X . .
 6 . . . O2. O . . .
 5 . . O . X . @ . .
 4 . . . . . . . . .
 3 . . X1. . . X . .
 2 . . . . . . . . .
 1 . . . . . . . . .

koSIMPLEscoreAREAtaxNONEsui0whbNfpok1komi6.5
Time taken: 5
Root visits: 2780
New playouts: 2758
NN rows: 2456
NN batches: 614
NN avg batch size: 4
PV: G5 H5 E3 G4 H6 E6 E7 D7 F5
Tree:
: T 104.15c W  98.78c S   5.87c ( +7.3 L  +7.5) N    2780  --  G5 H5 E3 G4 H6 E6 E7
---White(^)---
G5  : T 104.85c W  98.59c S   6.76c ( +7.8 L  +8.0) LCB  103.62c P 15.35% WF 1832.5 PSV    1817 N     948  --  G5 H5 E3 G4 H6 E6 E7 D7
D7  : T 104.10c W  99.47c S   4.67c ( +6.5 L  +6.8) LCB  103.46c P 25.91% WF 1535.5 PSV    1091 N     658  --  D7 H5 G6 H6 H7 D4 F4 F5
D4  : T 104.52c W  98.64c S   6.43c ( +7.6 L  +7.9) LCB  103.07c P  9.90% WF 1274.7 PSV     648 N     622  --  D4 F4 G6 D3 D7 B5 B4 B6
G6  : T 103.70c W  97.99c S   6.98c ( +8.0 L  +8.4) LCB   99.61c P 12.49% WF 584.2 PSV     390 N     318  --  G6 D7 D4 D3 E4 E3 E8 F4
F5  : T 101.10c W  98.78c S   2.45c ( +5.6 L  +5.8) LCB   99.62c P 17.84% WF 232.3 PSV     209 N     119  --  F5 E3 F4 F3 E8 H5 H4 G4
E8  : T 101.82c W  99.20c S   2.76c ( +5.7 L  +5.9) LCB  100.45c P  9.83% WF 161.3 PSV     139 N      76  --  E8 H5 G5 G4 H6 G6 F5 H7
F4  : T 100.23c W  97.24c S   4.35c ( +6.6 L  +6.7) LCB   91.69c P  1.88% WF  20.5 PSV      18 N      14  --  F4 F5 G5 E4 G6 E6 E7 D7
E3  : T  93.50c W  92.27c S   2.15c ( +5.6 L  +5.8) LCB   78.19c P  2.34% WF   9.5 PSV       9 N      10  --  E3 E6 E7 F5 G6 D7
D3  : T 100.68c W  97.90c S   3.25c ( +6.0 L  +6.1) LCB   53.63c P  0.53% WF   6.4 PSV       5 N       4  --  D3 C4 D4
G4  : T  95.83c W  95.93c S   1.51c ( +5.3 L  +5.2) LCB   60.73c P  0.82% WF   4.9 PSV       4 N       4  --  G4 F5 G5 E6 E7 F3

2024-05-09 23:30:27+0800: = G5
2024-05-09 23:30:27+0800: Controller: play b F5
2024-05-09 23:30:27+0800: = 
2024-05-09 23:30:28+0800: Controller: genmove w
2024-05-09 23:30:33+0800: MoveNum: 11 HASH: B8004E689807634044495673D2C16C80
   A B C D E F G H J
 9 . . . . . . . . .
 8 . . . . . . . . .
 7 . . X1. . O X . .
 6 . . . O . O @ . .
 5 . . O . X X3O2. .
 4 . . . . . . . . .
 3 . . X . . . X . .
 2 . . . . . . . . .
 1 . . . . . . . . .

koSIMPLEscoreAREAtaxNONEsui0whbNfpok1komi6.5
Time taken: 5
Root visits: 3337
New playouts: 3049
NN rows: 2493
NN batches: 623
NN avg batch size: 4.00161
PV: G6 D7 D4 E3 D3 D2 C2 B2 E2 C1 F3 E6 E4 G4 F4 E7 F8 G2 F2 H5 H6 J5
Tree:
: T 105.40c W  98.01c S   7.89c ( +9.6 L +10.1) N    3337  --  G6 D7 D4 E3 D3 D2 C2
---White(^)---
G6  : T 105.94c W  98.31c S   8.08c ( +9.7 L +10.2) LCB  104.80c P 40.36% WF 6104.3 PSV    6082 N    3159  --  G6 D7 D4 E3 D3 D2 C2 B2
F4  : T  91.22c W  91.67c S   1.50c ( +6.4 L  +6.4) LCB   80.25c P  9.98% WF  42.9 PSV      47 N      49  --  F4 E4 G6 E6 D7 E7 E8 F8
F8  : T  83.29c W  87.26c S   0.41c ( +5.8 L  +5.8) LCB   60.42c P 10.87% WF  29.3 PSV      34 N      37  --  F8 G6 H5 G8 H6 F9 D7 D9
D7  : T  84.60c W  87.25c S  -0.49c ( +5.3 L  +5.1) LCB   67.81c P  8.73% WF  25.5 PSV      29 N      32  --  D7 G6 H5 H6 G8 H8 J6 H7
G4  : T  67.88c W  75.91c S  -2.08c ( +4.5 L  +4.6) LCB   26.81c P  7.48% WF  11.5 PSV      14 N      18  --  G4 G6 D7 F4 H6
G8  : T  51.11c W  60.04c S  -3.96c ( +3.2 L  +3.1) LCB   27.91c P  9.43% WF   8.8 PSV      12 N      20  --  G8 G6 H5 E6 E7 D7
E6  : T  60.57c W  72.24c S  -3.88c ( +3.4 L  +3.2) LCB   40.38c P  5.79% WF   6.7 PSV       9 N      12  --  E6 G6 G4 F3 H6 H7 H5 G8
E8  : T  12.81c W  39.54c S  -6.96c ( +1.8 L  +1.4) LCB  -69.44c P  3.94% WF   1.9 PSV       3 N       5  --  E8 G6 G4 F4
D4  : T  63.02c W  78.88c S  -4.74c ( +3.3 L  +3.1) LCB  -19.11c P  1.96% WF   2.2 PSV       3 N       3  --  D4 G6 D7
D3  : T  54.86c W  60.21c S  -5.35c ( +3.0 L  +2.6) LCB -295.14c P  0.97% WF   0.6 PSV       1 N       1  --  D3

2024-05-09 23:30:33+0800: = G6
2024-05-09 23:30:33+0800: Controller: play b G4
2024-05-09 23:30:33+0800: = 
2024-05-09 23:30:33+0800: Controller: genmove w
2024-05-09 23:30:36+0800: MoveNum: 13 HASH: FBA26FE1FFA71E1BA314BE1358676771
   A B C D E F G H J
 9 . . . . . . . . .
 8 . . . . . . . . .
 7 . . X . . O X . .
 6 . . . O . O O2. .
 5 . . O . X X1O . .
 4 . . . . . . X3. .
 3 . . X @ . . X . .
 2 . . . . . . . . .
 1 . . . . . . . . .

koSIMPLEscoreAREAtaxNONEsui0whbNfpok1komi6.5
Time taken: 3.203
Root visits: 1688
New playouts: 1688
NN rows: 1563
NN batches: 392
NN avg batch size: 3.98724
PV: D4 D3 E4 E3 B5 D7 E7 F4 E6 B4 A5 H5 H6 J4 C4 J6 H7 B3 J7 A4
Tree:
: T 107.99c W  99.64c S   8.40c (+11.3 L +11.8) N    1688  --  D4 D3 E4 E3 B5 D7 E7
---White(^)---
D4  : T 108.27c W  99.65c S   8.65c (+11.4 L +12.0) LCB  107.27c P 47.67% WF 2889.8 PSV    2881 N    1037  --  D4 D3 E4 E3 B5 D7 E7 F4
D3  : T 108.72c W  99.56c S   9.15c (+11.5 L +12.1) LCB  107.15c P  5.15% WF 1208.8 PSV     961 N     429  --  D3 C4 D4 D5 B5 C2 E6 E3
D7  : T 105.01c W  99.76c S   5.70c (+10.1 L +10.6) LCB  103.19c P 40.92% WF 457.8 PSV     421 N     167  --  D7 B5 B4 C4 B6 D5 A5 C6
B6  : T 106.13c W  99.71c S   6.28c (+10.4 L +10.9) LCB  100.02c P  1.32% WF  36.7 PSV      18 N      14  --  B6 E6 E7 D7 D4
C4  : T 106.89c W  99.76c S   7.03c (+10.6 L +11.3) LCB  103.30c P  0.60% WF  60.9 PSV      11 N      23  --  C4 D3 D7 B6 B5 B8 D8
B3  : T 105.50c W  99.70c S   5.69c (+10.3 L +10.8) LCB   96.72c P  0.64% WF  26.1 PSV       7 N      10  --  B3 D7 D3
E6  : T  97.62c W  99.58c S  -1.36c ( +7.0 L  +7.4) LCB   23.59c P  0.82% WF   7.3 PSV       2 N       3  --  E6 E8 F8
E8  : T 100.29c W  99.85c S   1.61c ( +8.4 L  +8.8) LCB   26.17c P  0.50% WF   7.9 PSV       2 N       3  --  E8 C4 D5
B5  : T 102.87c W  99.23c S   3.64c ( +9.4 L  +9.8) LCB -247.13c P  0.42% WF   2.4 PSV       2 N       1  --  B5

2024-05-09 23:30:36+0800: = D3
2024-05-09 23:30:37+0800: Controller: play b H5
2024-05-09 23:30:37+0800: = 
2024-05-09 23:30:37+0800: Controller: genmove w
2024-05-09 23:30:40+0800: MoveNum: 15 HASH: 5EDDA1AF0DF87150573108B8ADF269B5
   A B C D E F G H J
 9 . . . . . . . . .
 8 . . . . . . . . .
 7 . . X . . O X . .
 6 . . . O . O O @ .
 5 . . O . X X O X3.
 4 . . . . . . X1. .
 3 . . X O2. . X . .
 2 . . . . . . . . .
 1 . . . . . . . . .

koSIMPLEscoreAREAtaxNONEsui0whbNfpok1komi6.5
Time taken: 3.203
Root visits: 1738
New playouts: 1738
NN rows: 1546
NN batches: 388
NN avg batch size: 3.98454
PV: H6 C4 D4 D5 B5 D2 B3 C2 E6 E3 C6 B4 A4 J4 B2 E8 F8 J6 H7
Tree:
: T 105.45c W  99.59c S   6.00c (+11.4 L +11.9) N    1738  --  H6 C4 D4 D5 B5 D2 B3
---White(^)---
H6  : T 106.27c W  99.58c S   6.90c (+11.7 L +12.3) LCB  105.35c P 22.77% WF 3685.5 PSV    3651 N    1342  --  H6 C4 D4 D5 B5 D2 B3 C2
C4  : T 103.36c W  99.65c S   3.90c (+10.5 L +11.1) LCB  101.45c P 28.66% WF 531.7 PSV     376 N     201  --  C4 H6 H7 E6 E7 D7 G8 E3
D4  : T 102.24c W  99.58c S   2.87c (+10.1 L +10.6) LCB  100.14c P 35.94% WF 380.8 PSV     348 N     157  --  D4 H6 G8 H7 D7 B5 B6 B4
D7  : T  96.34c W  99.78c S  -3.37c ( +7.5 L  +7.9) LCB   91.97c P  8.96% WF  35.2 PSV      36 N      15  --  D7 C4 D4 D5 B5 C2
C2  : T  99.69c W  99.74c S   0.43c ( +9.0 L  +9.5) LCB   91.79c P  0.46% WF  28.7 PSV       2 N      11  --  C2 H6 D7 C4 D4
D2  : T  98.42c W  99.59c S  -0.43c ( +8.6 L  +9.1) LCB   68.29c P  0.23% WF  10.9 PSV       1 N       5  --  D2 H6 D7
E3  : T  96.02c W  99.33c S  -2.98c ( +7.4 L  +7.8) LCB   16.87c P  0.29% WF   6.4 PSV       1 N       3  --  E3 H6
E6  : T  94.64c W  99.68c S  -4.09c ( +7.1 L  +7.6) LCB  -57.64c P  0.45% WF   5.8 PSV       1 N       2  --  E6 H6
F4  : T  88.61c W  97.22c S  -8.61c ( +4.9 L  +5.2) LCB -261.39c P  0.23% WF   1.4 PSV       0 N       1  --  F4

2024-05-09 23:30:40+0800: = H6
2024-05-09 23:30:41+0800: Controller: play b H4
2024-05-09 23:30:41+0800: = 
2024-05-09 23:30:41+0800: Controller: genmove w
2024-05-09 23:30:44+0800: MoveNum: 17 HASH: 96FA38AA3D01EAE5F8EB5E76BE065F52
   A B C D E F G H J
 9 . . . . . . . . .
 8 . . . . . . . . .
 7 . . X . . O X . .
 6 . . . O . O O O2.
 5 . . O . X X O X1.
 4 . . . @ . . X X3.
 3 . . X O . . X . .
 2 . . . . . . . . .
 1 . . . . . . . . .

koSIMPLEscoreAREAtaxNONEsui0whbNfpok1komi6.5
Time taken: 3.219
Root visits: 1678
New playouts: 1678
NN rows: 1553
NN batches: 389
NN avg batch size: 3.99229
PV: D4 E2 D2 D7 B6 F8 E8 E7 G8 E6 B7 B8 F2 E3 E4 F3 F4
Tree:
: T 110.58c W  99.73c S  10.85c (+20.2 L +20.4) N    1678  --  D4 E2 D2 D7 B6 F8 E8
---White(^)---
D4  : T 110.77c W  99.74c S  11.03c (+20.2 L +20.5) LCB  110.09c P 67.99% WF 5049.8 PSV    5041 N    1414  --  D4 E2 D2 D7 B6 F8 E8 E7
C4  : T 110.18c W  99.73c S  10.56c (+20.1 L +20.4) LCB  108.39c P 23.04% WF 775.2 PSV     781 N     211  --  C4 E3 C2 D2 B3 E8 D7 D8
E3  : T 103.61c W  99.64c S   4.33c (+16.9 L +17.4) LCB   93.29c P  4.17% WF  25.5 PSV      23 N      11  --  E3 C4 D4 D5 B5 C6
D2  : T 107.39c W  99.72c S   7.38c (+18.5 L +18.8) LCB  100.41c P  1.24% WF  39.8 PSV      13 N      13  --  D2 B5 B6 C6
E2  : T 108.40c W  99.74c S   8.42c (+19.0 L +19.4) LCB  101.14c P  0.62% WF  41.2 PSV       9 N      16  --  E2 C4 D4 D5 C6 C2
C2  : T 106.32c W  99.80c S   6.47c (+17.9 L +18.1) LCB   94.20c P  0.59% WF  28.9 PSV       5 N       8  --  C2 D7 B6
B3  : T 103.92c W  99.75c S   4.53c (+17.0 L +17.1) LCB   28.54c P  0.22% WF  10.9 PSV       1 N       3  --  B3 D7
D7  : T  92.85c W  99.86c S  -7.01c (+11.6 L +12.1) LCB -257.15c P  0.31% WF   3.1 PSV       0 N       1  --  D7

2024-05-09 23:30:44+0800: = D4
2024-05-09 23:30:45+0800: Controller: play b F4
2024-05-09 23:30:45+0800: = 
2024-05-09 23:30:45+0800: Controller: genmove w
2024-05-09 23:30:47+0800: MoveNum: 19 HASH: 93AB245731675BAD9ACE088E3804C1EC
   A B C D E F G H J
 9 . . . . . . . . .
 8 . . . . . . . . .
 7 . . X @ . O X . .
 6 . . . O . O O O .
 5 . . O . X X O X .
 4 . . . O2. X3X X1.
 3 . . X O . . X . .
 2 . . . . . . . . .
 1 . . . . . . . . .

koSIMPLEscoreAREAtaxNONEsui0whbNfpok1komi6.5
Time taken: 2.25
Root visits: 1341
New playouts: 1341
NN rows: 1089
NN batches: 273
NN avg batch size: 3.98901
PV: D7 J6 H7 E6 E7 B5 B6 D2 E2 C2 E3 B4
Tree:
: T 120.91c W  99.86c S  20.19c (+32.9 L +32.9) N    1341  --  D7 J6 H7 E6 E7 B5 B6
---White(^)---
D7  : T 121.58c W  99.87c S  20.81c (+33.2 L +33.3) LCB  120.83c P 24.73% WF 6459.0 PSV    6423 N    1244  --  D7 J6 H7 E6 E7 B5 B6 D2
D2  : T 109.54c W  99.80c S  10.59c (+27.1 L +27.3) LCB  101.80c P 26.41% WF 110.9 PSV     112 N      32  --  D2 E6 E7 D7 C6 D8 G8
E2  : T 108.04c W  99.69c S   9.53c (+26.4 L +26.6) LCB  100.18c P 21.14% WF  78.4 PSV      80 N      22  --  E2 E6 E7 D7 C6 D8 G8 F2
F2  : T 104.22c W  99.63c S   5.75c (+24.3 L +24.7) LCB   91.87c P 16.53% WF  43.4 PSV      49 N      14  --  F2 E6 E7 D7 C6 D8
B5  : T 104.05c W  99.74c S   5.60c (+24.1 L +24.5) LCB   72.52c P  4.49% WF  17.2 PSV      13 N       5  --  B5 E6 E7
C6  : T 109.26c W  99.72c S   9.62c (+26.3 L +26.4) LCB  102.57c P  1.31% WF  46.0 PSV       5 N      14  --  C6 D7 E8 E6
B6  : T 105.44c W  99.65c S   6.51c (+24.7 L +25.0) LCB   79.83c P  1.56% WF  21.5 PSV       4 N       6  --  B6 E6 E7 D7
C2  : T 104.27c W  99.99c S   4.29c (+23.4 L +23.6) LCB -245.73c P  1.03% WF   3.4 PSV       3 N       1  --  C2
C4  : T 104.10c W  99.98c S   4.12c (+23.3 L +23.4) LCB -245.90c P  0.65% WF   3.1 PSV       1 N       1  --  C4
E8  : T 103.20c W  99.97c S   3.22c (+22.9 L +23.0) LCB -246.80c P  0.22% WF   2.7 PSV       0 N       1  --  E8

2024-05-09 23:30:47+0800: = D7
2024-05-09 23:30:47+0800: Controller: play b F3
2024-05-09 23:30:47+0800: = 
2024-05-09 23:30:48+0800: Controller: genmove w
2024-05-09 23:30:50+0800: MoveNum: 21 HASH: 556D9D221F58AD6C93C83B718BDF39CD
   A B C D E F G H J
 9 . . . . . . . . .
 8 . . . . . . . . .
 7 . . X O2. O X . .
 6 . . . O . O O O .
 5 . . O . X X O X .
 4 . . . O . X1X X .
 3 . . X O . X3X . .
 2 . . . . @ . . . .
 1 . . . . . . . . .

koSIMPLEscoreAREAtaxNONEsui0whbNfpok1komi6.5
Time taken: 2.25
Root visits: 1240
New playouts: 1240
NN rows: 1091
NN batches: 274
NN avg batch size: 3.98175
PV: E2 F2 F1 G1 E1 H2 C2 D8 E8 E6 E7
Tree:
: T 117.78c W  99.96c S  17.31c (+40.7 L +40.9) N    1240  --  E2 F2 F1 G1 E1 H2 C2
---White(^)---
E2  : T 117.91c W  99.97c S  17.44c (+40.8 L +40.9) LCB  117.27c P 95.21% WF 6848.6 PSV    6844 N    1212  --  E2 F2 F1 G1 E1 H2 C2 D8
D2  : T 110.56c W 100.00c S  11.20c (+37.2 L +37.3) LCB   89.34c P  1.33% WF  33.4 PSV       7 N       6  --  D2 E2 D1
F2  : T 114.63c W  99.91c S  14.12c (+39.2 L +39.2) LCB  104.41c P  0.24% WF  47.4 PSV       2 N      10  --  F2 E2 D2 B6
E1  : T 109.14c W  99.84c S   9.03c (+36.3 L +36.3) LCB   30.74c P  0.34% WF  13.6 PSV       1 N       3  --  E1 E2
C2  : T 106.01c W 100.00c S   6.28c (+35.0 L +35.3) LCB  -44.48c P  0.44% WF  10.3 PSV       1 N       2  --  C2 E2
E3  : T 108.78c W  99.97c S   8.38c (+36.0 L +36.0) LCB   33.62c P  0.16% WF  13.7 PSV       0 N       3  --  E3 B5
H2  : T 101.20c W 100.00c S   1.20c (+32.7 L +32.3) LCB -248.80c P  0.27% WF   3.4 PSV       0 N       1  --  H2
J5  : T 101.93c W 100.00c S   1.93c (+32.9 L +32.7) LCB -248.07c P  0.18% WF   2.9 PSV       0 N       1  --  J5
B4  : T 102.35c W 100.00c S   2.35c (+33.5 L +33.4) LCB -247.65c P  0.13% WF   4.1 PSV       0 N       1  --  B4

2024-05-09 23:30:50+0800: = E2
2024-05-09 23:30:50+0800: Controller: play b H3
2024-05-09 23:30:50+0800: = 
2024-05-09 23:30:50+0800: Controller: genmove w
2024-05-09 23:30:53+0800: MoveNum: 23 HASH: D5760537F809458067239F8F2910C674
   A B C D E F G H J
 9 . . . . . . . . .
 8 . . . . . . . . .
 7 . . X O . O X . .
 6 . . . O . O O O .
 5 . . O . X X O X .
 4 . . . O . X X X .
 3 . . X O . X1X X3.
 2 . . . . O2@ . . .
 1 . . . . . . . . .

koSIMPLEscoreAREAtaxNONEsui0whbNfpok1komi6.5
Time taken: 2.171
Root visits: 1123
New playouts: 1123
NN rows: 1043
NN batches: 262
NN avg batch size: 3.98092
PV: F2 B5 B4 C4 B3 C6 D5 D8 B8 C8 A5 B7 A7 A8 A9 B9 C9 D9 A6 A4 A3 B6 E8
Tree:
: T 110.62c W  99.91c S  11.20c (+68.8 L +69.0) N    1123  --  F2 B5 B4 C4 B3 C6 D5
---White(^)---
F2  : T 111.17c W  99.89c S  11.78c (+69.3 L +69.6) LCB  108.51c P 47.76% WF 4772.1 PSV    4740 N     803  --  F2 B5 B4 C4 B3 C6 D5 D8
H1  : T 105.97c W  99.96c S   7.17c (+65.7 L +65.6) LCB  100.48c P 47.52% WF 616.9 PSV     632 N     105  --  H1 C2 B4 D2 E3 C4 D5 B3
F1  : T 111.66c W  99.94c S  11.87c (+68.9 L +69.0) LCB  108.13c P  2.20% WF 1219.0 PSV     567 N     204  --  F1 F2 G1 H1 J2 C2 B4 B3
G1  : T 106.29c W  99.95c S   4.91c (+64.4 L +64.2) LCB   30.82c P  0.83% WF  18.2 PSV      11 N       3  --  G1 H1
J5  : T  93.97c W 100.00c S  -6.03c (+55.5 L +54.4) LCB -256.03c P  0.25% WF   4.4 PSV       1 N       1  --  J5
J2  : T  89.52c W 100.00c S -10.48c (+49.5 L +48.2) LCB -260.48c P  0.15% WF   5.3 PSV       0 N       1  --  J2
H2  : T  83.08c W 100.00c S -16.92c (+43.5 L +42.8) LCB -266.92c P  0.13% WF   6.5 PSV       0 N       1  --  H2
G2  : T  82.65c W 100.00c S -17.35c (+41.8 L +41.5) LCB -267.35c P  0.09% WF   6.4 PSV       0 N       1  --  G2
J4  : T  83.15c W 100.00c S -16.85c (+42.6 L +41.7) LCB -266.85c P  0.08% WF   6.1 PSV       0 N       1  --  J4
E1  : T  84.62c W 100.00c S -15.38c (+44.3 L +43.7) LCB -265.38c P  0.06% WF   6.0 PSV       0 N       1  --  E1

2024-05-09 23:30:53+0800: = F2
2024-05-09 23:30:53+0800: Controller: play b H2
2024-05-09 23:30:53+0800: = 
2024-05-09 23:30:53+0800: Controller: genmove w
2024-05-09 23:30:55+0800: MoveNum: 25 HASH: 7F17C007A55C2F202DAF8CDB5A2BB6E9
   A B C D E F G H J
 9 . . . . . . . . .
 8 . . . . . . . . .
 7 . . X O . O X . .
 6 . . . O . O O O .
 5 . @ O . X X O X .
 4 . . . O . X X X .
 3 . . X O . X X X1.
 2 . . . . O O2. X3.
 1 . . . . . . . . .

koSIMPLEscoreAREAtaxNONEsui0whbNfpok1komi6.5
Time taken: 2.094
Root visits: 1051
New playouts: 1051
NN rows: 1010
NN batches: 254
NN avg batch size: 3.97638
PV: B5 C2 D2 J5 J3 H7 F8
Tree:
: T 117.70c W  99.99c S  17.21c (+84.8 L +84.1) N    1051  --  B5 C2 D2 J5 J3 H7 F8
---White(^)---
B5  : T 118.30c W  99.99c S  17.83c (+85.0 L +84.2) LCB  117.58c P 25.20% WF 4766.1 PSV    4733 N     672  --  B5 C2 D2 J5 J3 H7 F8
C2  : T 117.21c W  99.99c S  16.59c (+84.5 L +84.1) LCB  115.52c P 28.62% WF 1354.7 PSV    1011 N     195  --  C2 J5 H1 H7 J6 D8
B6  : T 117.54c W  99.99c S  17.27c (+84.6 L +83.8) LCB  116.05c P  7.63% WF 625.4 PSV     356 N      89  --  B6 J5 H1 C2 D2 G1
B4  : T 116.71c W  99.99c S  16.53c (+84.3 L +83.6) LCB  113.15c P  5.88% WF 181.8 PSV     150 N      26  --  B4 H7 J6 F8
C4  : T 115.65c W  99.99c S  15.45c (+83.8 L +83.5) LCB  110.50c P  7.80% WF 145.3 PSV     127 N      21  --  C4 H7 J6 F8
C6  : T 114.87c W  99.98c S  15.39c (+83.8 L +83.1) LCB  102.28c P  3.42% WF  54.3 PSV      43 N       8  --  C6 C2 B5
C8  : T 113.13c W  99.97c S  12.62c (+82.9 L +82.3) LCB   96.51c P  4.30% WF  51.3 PSV      37 N       8  --  C8 C2 B5
B3  : T 115.72c W  99.99c S  15.20c (+83.8 L +83.4) LCB  102.57c P  2.25% WF  55.6 PSV      37 N       8  --  B3 H7 J6
B7  : T 114.05c W  99.98c S  13.86c (+83.3 L +83.0) LCB  100.85c P  2.76% WF  58.8 PSV      29 N       9  --  B7 C2 B5 D2
D8  : T 114.14c W  99.93c S  14.01c (+83.6 L +84.0) LCB   40.09c P  1.65% WF  19.1 PSV      17 N       3  --  D8 C4

2024-05-09 23:30:55+0800: = B5
2024-05-09 23:30:55+0800: Controller: play b G2
2024-05-09 23:30:55+0800: = 
2024-05-09 23:30:55+0800: Controller: genmove w
2024-05-09 23:30:58+0800: MoveNum: 27 HASH: F798D79A5ACCB7A5E57CA8E37175B89C
   A B C D E F G H J
 9 . . . . . . . . .
 8 . . . . . . . . .
 7 . . X O . O X . .
 6 . . . O . O O O .
 5 . O2O . X X O X .
 4 . . . O . X X X .
 3 . . X O . X X X .
 2 . . . . O O X3X1.
 1 . . . . . . @ . .

koSIMPLEscoreAREAtaxNONEsui0whbNfpok1komi6.5
Time taken: 2.062
Root visits: 1157
New playouts: 1104
NN rows: 993
NN batches: 249
NN avg batch size: 3.98795
PV: G1 C2 D2 H1 J5 H7 J6
Tree:
: T 122.57c W  99.99c S  22.19c (+84.9 L +83.9) N    1157  --  G1 C2 D2 H1 J5 H7 J6
---White(^)---
G1  : T 122.74c W 100.00c S  22.38c (+85.0 L +84.0) LCB  122.10c P 40.22% WF 3622.2 PSV    7593 N     494  --  G1 C2 D2 H1 J5 H7 J6
J5  : T 122.46c W  99.99c S  22.11c (+84.8 L +83.8) LCB  121.76c P 49.36% WF 4143.2 PSV    4151 N     573  --  J5 G1 J1 H7 G8 H8 F8 J4
J2  : T 122.25c W  99.99c S  21.61c (+84.7 L +84.1) LCB  120.46c P  9.76% WF 629.7 PSV     595 N      89  --  J2 G1 J1 J5 J3 H7 F8

2024-05-09 23:30:58+0800: = G1
2024-05-09 23:30:58+0800: Controller: play b H1
2024-05-09 23:30:58+0800: = 
2024-05-09 23:30:58+0800: Controller: genmove w
2024-05-09 23:31:00+0800: MoveNum: 29 HASH: BA495B767E50398135FD2C0E58F3C9CF
   A B C D E F G H J
 9 . . . . . . . . .
 8 . . . . . . . . .
 7 . . X O . O X . .
 6 . . . O . O O O .
 5 . O O . X X O X @
 4 . . . O . X X X .
 3 . . X O . X X X .
 2 . . . . O O X1X .
 1 . . . . . . O2X3.

koSIMPLEscoreAREAtaxNONEsui0whbNfpok1komi6.5
Time taken: 2.078
Root visits: 1229
New playouts: 1118
NN rows: 992
NN batches: 248
NN avg batch size: 4
PV: J5 B8 D8 B6 C8 C2
Tree:
: T 122.50c W  99.99c S  22.03c (+85.1 L +83.9) N    1229  --  J5 B8 D8 B6 C8 C2
---White(^)---
J5  : T 122.64c W 100.00c S  22.16c (+85.2 L +84.0) LCB  122.08c P 58.36% WF 6495.5 PSV    6480 N     897  --  J5 B8 D8 B6 C8 C2
J2  : T 122.10c W  99.99c S  21.68c (+84.8 L +83.7) LCB  121.28c P 41.03% WF 2353.0 PSV    2056 N     331  --  J2 D5 C2 J5 J3

2024-05-09 23:31:00+0800: = J5
2024-05-09 23:31:01+0800: Controller: play b J4
2024-05-09 23:31:01+0800: = 
2024-05-09 23:31:01+0800: Controller: genmove w
2024-05-09 23:31:03+0800: MoveNum: 31 HASH: 3A0DC830CD56151D1B42B64CF5BC6E77
   A B C D E F G H J
 9 . . . . . . . . .
 8 . . . . . . . . .
 7 . . X O . O X . .
 6 . . . O . O O O .
 5 . O O . X X O X O2
 4 . . . O . X X X X3
 3 . . X O . X X X .
 2 . . . . O O X X @
 1 . . . . . . O X1.

koSIMPLEscoreAREAtaxNONEsui0whbNfpok1komi6.5
Time taken: 2.031
Root visits: 1210
New playouts: 1115
NN rows: 977
NN batches: 245
NN avg batch size: 3.98776
PV: J2 D8 B7 H7 F8 J6 G8 H8
Tree:
: T 123.21c W  99.99c S  22.70c (+85.4 L +84.2) N    1210  --  J2 D8 B7 H7 F8 J6 G8
---White(^)---
J2  : T 123.24c W  99.99c S  22.83c (+85.5 L +84.2) LCB  122.84c P 98.52% WF 8765.3 PSV    8764 N    1208  --  J2 D8 B7 H7 F8 J6 G8 H8
J6  : T  81.89c W 100.00c S -18.11c (+47.9 L +47.4) LCB -268.12c P  0.27% WF   6.3 PSV       0 N       1  --  J6

2024-05-09 23:31:03+0800: = J2
2024-05-09 23:31:04+0800: Controller: play b J3
2024-05-09 23:31:04+0800: = 
2024-05-09 23:31:04+0800: Controller: genmove w
2024-05-09 23:31:06+0800: MoveNum: 33 HASH: 9C629C02156667F6C6624697126C1798
   A B C D E F G H J
 9 . . . . . . . . .
 8 . . . . @ . . . .
 7 . . X O . O X . .
 6 . . . O . O O O .
 5 . O O . X X O X O
 4 . . . O . X X X X1
 3 . . X O . X X X X3
 2 . . . . O O X X O2
 1 . . . . . . O X .

koSIMPLEscoreAREAtaxNONEsui0whbNfpok1komi6.5
Time taken: 2.031
Root visits: 1027
New playouts: 1026
NN rows: 976
NN batches: 244
NN avg batch size: 4
PV: E8 J6 C2 H8 H7 J7 G8
Tree:
: T 120.13c W 100.00c S  20.01c (+86.3 L +84.4) N    1027  --  E8 J6 C2 H8 H7 J7 G8
---White(^)---
E8  : T 121.06c W 100.00c S  20.94c (+86.8 L +84.7) LCB  120.42c P  1.65% WF 3220.7 PSV    3184 N     434  --  E8 J6 C2 H8 H7 J7 G8
J6  : T 119.38c W 100.00c S  19.27c (+86.1 L +84.2) LCB  116.60c P 13.46% WF 403.6 PSV     345 N      56  --  J6 D8 B7 B8 B6
H7  : T 119.94c W 100.00c S  19.86c (+86.3 L +84.3) LCB  118.22c P  8.90% WF 613.5 PSV     339 N      84  --  H7 B6 C8 B8 D8
G8  : T 119.90c W 100.00c S  19.72c (+86.2 L +84.2) LCB  117.83c P  6.51% WF 487.2 PSV     240 N      67  --  G8 B6 C8 B8 D8
C2  : T 119.61c W 100.00c S  19.42c (+86.0 L +84.3) LCB  117.86c P  7.24% WF 334.4 PSV     214 N      47  --  C2 D8 E8 B8 A7
C8  : T 120.11c W 100.00c S  19.90c (+86.2 L +84.2) LCB  118.38c P  3.97% WF 523.1 PSV     178 N      73  --  C8 H7 J6 F8 H8 G8
B7  : T 119.64c W 100.00c S  19.70c (+86.2 L +84.1) LCB  117.28c P  3.93% WF 192.2 PSV     119 N      27  --  B7 H7 J6 F8 H8
F8  : T 120.41c W 100.00c S  20.38c (+86.6 L +84.6) LCB  118.30c P  1.74% WF 499.0 PSV      90 N      68  --  F8 J6 H7 pass J7
C6  : T 119.00c W 100.00c S  19.07c (+85.9 L +84.0) LCB  114.42c P  3.42% WF 112.2 PSV      71 N      16  --  C6 H7 J6 F8
D2  : T 118.79c W 100.00c S  19.14c (+85.9 L +84.1) LCB  112.33c P  3.60% WF  85.1 PSV      68 N      12  --  D2 H7 F8

2024-05-09 23:31:06+0800: = E8
2024-05-09 23:31:06+0800: Controller: play b E3
2024-05-09 23:31:06+0800: = 
2024-05-09 23:31:06+0800: Controller: genmove w
2024-05-09 23:31:08+0800: MoveNum: 35 HASH: 3BDC6B9EC6556D3ECE4208E30CAF7657
   A B C D E F G H J
 9 . . . . . . . . .
 8 . . . . O2. . . .
 7 . . X O . O X . .
 6 . . . O . O O O .
 5 . O O . X X O X O
 4 . . . O . X X X X
 3 . . X O X3X X X X1
 2 . . @ . O O X X O
 1 . . . . . . O X .

koSIMPLEscoreAREAtaxNONEsui0whbNfpok1komi6.5
Time taken: 2.031
Root visits: 1104
New playouts: 1097
NN rows: 961
NN batches: 241
NN avg batch size: 3.98755
PV: C2 J6 H7 pass J7 pass J5
Tree:
: T 122.81c W  99.99c S  22.65c (+87.2 L +85.1) N    1104  --  C2 J6 H7 pass J7 pass J5
---White(^)---
C2  : T 123.40c W 100.00c S  23.27c (+87.5 L +85.3) LCB  122.84c P 13.70% WF 3445.1 PSV    3626 N     454  --  C2 J6 H7 pass J7 pass J5
D2  : T 123.05c W 100.00c S  23.07c (+87.4 L +85.3) LCB  122.41c P 19.69% WF 2811.4 PSV    1685 N     372  --  D2 B8 C6 J6 H7 pass
J6  : T 121.91c W  99.98c S  21.16c (+86.5 L +84.4) LCB  119.73c P 11.46% WF 388.3 PSV     309 N      54  --  J6 pass C2 pass C8
G8  : T 122.82c W  99.99c S  22.40c (+87.1 L +85.0) LCB  121.38c P  4.57% WF 480.8 PSV     272 N      65  --  G8 J6 D2 J7 J8
H7  : T 121.63c W  99.98c S  21.43c (+86.6 L +84.6) LCB  117.55c P  4.47% WF 136.4 PSV     103 N      19  --  H7 pass D2 pass F1
D5  : T 121.87c W  99.95c S  20.79c (+86.4 L +84.6) LCB  117.37c P  3.13% WF  98.7 PSV      82 N      14  --  D5 J6 J7
C4  : T 121.43c W  99.97c S  20.89c (+86.2 L +84.4) LCB  116.90c P  3.43% WF  99.3 PSV      71 N      14  --  C4 J6 D2
F8  : T 121.63c W  99.97c S  21.37c (+86.6 L +84.8) LCB  112.76c P  2.20% WF  63.6 PSV      50 N       9  --  F8 J6 D2
B3  : T 120.69c W  99.94c S  20.25c (+86.0 L +84.2) LCB  110.87c P  3.00% WF  62.9 PSV      46 N       9  --  B3 F1 D2
D1  : T 122.41c W  99.99c S  22.24c (+86.9 L +84.9) LCB  116.20c P  1.76% WF  87.7 PSV      44 N      12  --  D1 J6 G8

2024-05-09 23:31:08+0800: = C2
2024-05-09 23:31:09+0800: Controller: play b E4
2024-05-09 23:31:09+0800: = 
2024-05-09 23:31:09+0800: Controller: genmove w
2024-05-09 23:31:11+0800: MoveNum: 37 HASH: A08B6401E070D536C4A5D1F2BF1D3D62
   A B C D E F G H J
 9 . . . . . . . . .
 8 . . . . O . @ . .
 7 . . X O . O X . .
 6 . . . O . O O O .
 5 . O O . X X O X O
 4 . . . O X3X X X X
 3 . . X O X1X X X X
 2 . . O2. O O X X O
 1 . . . . . . O X .

koSIMPLEscoreAREAtaxNONEsui0whbNfpok1komi6.5
Time taken: 2.031
Root visits: 1161
New playouts: 1161
NN rows: 962
NN batches: 242
NN avg batch size: 3.97521
PV: G8 F1 E1 pass D2
Tree:
: T 120.36c W 100.00c S  20.63c (+87.9 L +85.8) N    1161  --  G8 F1 E1 pass D2
---White(^)---
G8  : T 120.70c W 100.00c S  20.96c (+88.0 L +85.9) LCB  120.02c P  5.00% WF 1315.4 PSV    1958 N     173  --  G8 F1 E1 pass D2
H7  : T 120.77c W 100.00c S  21.11c (+88.1 L +85.9) LCB  119.95c P  4.80% WF 1053.2 PSV    1049 N     138  --  H7 F1 D2 pass E1
D5  : T 120.57c W 100.00c S  20.85c (+88.0 L +86.0) LCB  119.58c P  5.91% WF 1099.6 PSV     870 N     146  --  D5 J6 J7 pass J5
J6  : T 120.05c W  99.99c S  20.29c (+87.9 L +85.7) LCB  118.24c P 13.13% WF 799.8 PSV     712 N     107  --  J6 F1 D2 pass E1 pass G1
C8  : T 120.52c W 100.00c S  20.85c (+87.9 L +85.8) LCB  119.58c P  4.99% WF 779.0 PSV     631 N     103  --  C8 F1 E1 J6 G8
F1  : T 119.62c W 100.00c S  19.70c (+87.5 L +85.4) LCB  117.11c P  6.91% WF 266.1 PSV     248 N      36  --  F1 pass J6 pass E6
B3  : T 120.01c W 100.00c S  20.57c (+87.8 L +85.6) LCB  118.29c P  4.37% WF 240.8 PSV     226 N      32  --  B3 pass J6 F1
D2  : T 119.80c W 100.00c S  20.09c (+87.5 L +85.5) LCB  117.62c P  5.30% WF 225.5 PSV     222 N      30  --  D2 pass J6 pass F1
E6  : T 119.82c W 100.00c S  20.29c (+87.7 L +85.8) LCB  117.57c P  4.42% WF 194.0 PSV     187 N      26  --  E6 J6 H7 pass
J7  : T 120.54c W 100.00c S  21.00c (+88.0 L +85.9) LCB  118.86c P  1.52% WF 371.9 PSV     145 N      49  --  J7 pass J6 pass F1

2024-05-09 23:31:11+0800: = G8
2024-05-09 23:31:11+0800: Controller: play b E6
2024-05-09 23:31:11+0800: = 
2024-05-09 23:31:11+0800: Controller: genmove w
2024-05-09 23:31:13+0800: MoveNum: 39 HASH: F129760B50572C15CCA697FC3CBB2DA6
   A B C D E F G H J
 9 . . . . . . . . .
 8 . . @ . O . O2. .
 7 . . X O . O X . .
 6 . . . O X3O O O .
 5 . O O . X X O X O
 4 . . . O X1X X X X
 3 . . X O X X X X X
 2 . . O . O O X X O
 1 . . . . . . O X .

koSIMPLEscoreAREAtaxNONEsui0whbNfpok1komi6.5
Time taken: 2.016
Root visits: 1182
New playouts: 1171
NN rows: 961
NN batches: 241
NN avg batch size: 3.98755
PV: C8 pass J6 pass F1
Tree:
: T 123.40c W 100.00c S  23.68c (+88.4 L +86.3) N    1182  --  C8 pass J6 pass F1
---White(^)---
C8  : T 123.62c W 100.00c S  24.02c (+88.6 L +86.5) LCB  123.08c P  4.78% WF 835.3 PSV    1583 N     108  --  C8 pass J6 pass F1
D2  : T 123.71c W 100.00c S  23.99c (+88.6 L +86.6) LCB  122.97c P  4.87% WF 984.4 PSV     981 N     127  --  D2 pass C8 pass J6
D5  : T 123.54c W 100.00c S  23.87c (+88.6 L +86.5) LCB  122.55c P  7.26% WF 929.6 PSV     819 N     121  --  D5 F1 E1 pass G1
E7  : T 123.27c W 100.00c S  23.63c (+88.4 L +86.3) LCB  122.32c P  9.56% WF 880.8 PSV     636 N     115  --  E7 pass C8 pass J6
B3  : T 123.39c W 100.00c S  23.74c (+88.4 L +86.3) LCB  122.61c P  4.53% WF 514.7 PSV     367 N      67  --  B3 F1 E1 pass G1
F1  : T 122.87c W 100.00c S  23.11c (+88.1 L +86.1) LCB  121.47c P  8.64% WF 386.4 PSV     358 N      51  --  F1 pass J6 pass D5
J6  : T 122.80c W  99.99c S  23.10c (+88.1 L +86.0) LCB  121.09c P  9.13% WF 425.1 PSV     356 N      56  --  J6 pass F1 pass D5
H7  : T 123.17c W 100.00c S  23.55c (+88.3 L +86.1) LCB  122.21c P  5.63% WF 414.5 PSV     327 N      54  --  H7 pass J6 pass F1
D8  : T 123.49c W 100.00c S  23.87c (+88.5 L +86.4) LCB  122.43c P  3.22% WF 498.2 PSV     324 N      65  --  D8 pass J6 pass F1
B7  : T 123.37c W 100.00c S  23.75c (+88.3 L +86.3) LCB  122.49c P  3.69% WF 376.8 PSV     289 N      49  --  B7 F1 D2 pass E1

2024-05-09 23:31:13+0800: = C8
2024-05-09 23:31:14+0800: Controller: play b J1
2024-05-09 23:31:14+0800: = 
2024-05-09 23:31:14+0800: Controller: genmove w
2024-05-09 23:31:16+0800: MoveNum: 41 HASH: A3BA311DF2E118B85E3104F2233D0AC4
   A B C D E F G H J
 9 . . . . . . . . .
 8 . . O2. O . O . .
 7 . . X O . O X . .
 6 . . . O X1O O O .
 5 . O O . X X O X O
 4 . . . O X X X X X
 3 . . X O X X X X X
 2 . . O @ O O X X .
 1 . . . . . . O X X3

koSIMPLEscoreAREAtaxNONEsui0whbNfpok1komi6.5
Time taken: 2.015
Root visits: 1215
New playouts: 1215
NN rows: 961
NN batches: 241
NN avg batch size: 3.98755
PV: D2 J6 J7 pass J5 F1
Tree:
: T 119.98c W 100.00c S  20.12c (+87.8 L +85.7) N    1215  --  D2 J6 J7 pass J5 F1
---White(^)---
D2  : T 120.48c W 100.00c S  20.62c (+88.1 L +86.0) LCB  120.03c P  5.20% WF 2688.1 PSV    2669 N     348  --  D2 J6 J7 pass J5 F1
D5  : T 119.96c W 100.00c S  20.29c (+87.9 L +85.8) LCB  119.03c P  6.80% WF 935.2 PSV     519 N     123  --  D5 F1 D2 pass E1 J6
J6  : T 119.52c W  99.99c S  19.72c (+87.7 L +85.7) LCB  117.78c P 10.17% WF 714.0 PSV     447 N      95  --  J6 F1 D2 pass E1 pass G1
F1  : T 119.24c W  99.98c S  19.04c (+87.4 L +85.4) LCB  117.24c P 10.91% WF 514.7 PSV     378 N      69  --  F1 J6 J7 pass D2
E7  : T 119.79c W 100.00c S  19.93c (+87.7 L +85.7) LCB  118.45c P  6.41% WF 577.6 PSV     377 N      76  --  E7 F1 D2 pass D5
B3  : T 119.80c W 100.00c S  20.17c (+87.8 L +85.6) LCB  118.69c P  4.33% WF 388.7 PSV     259 N      51  --  B3 F1 E1 pass J6
H7  : T 119.31c W  99.99c S  19.64c (+87.6 L +85.5) LCB  117.43c P  5.21% WF 324.7 PSV     189 N      43  --  H7 pass J6 pass F1
B7  : T 119.25c W  99.99c S  19.64c (+87.6 L +85.5) LCB  117.41c P  4.95% WF 308.8 PSV     172 N      41  --  B7 F1 D2 pass J6
C4  : T 119.03c W 100.00c S  19.37c (+87.4 L +85.4) LCB  116.22c P  4.14% WF 158.0 PSV     123 N      21  --  C4 F1 D2 pass
C6  : T 119.07c W 100.00c S  19.36c (+87.4 L +85.4) LCB  116.42c P  3.79% WF 150.6 PSV     116 N      20  --  C6 pass D2 pass J6

2024-05-09 23:31:16+0800: = D2
2024-05-09 23:31:16+0800: Controller: play b E7
2024-05-09 23:31:16+0800: = 
2024-05-09 23:31:16+0800: Controller: genmove w
2024-05-09 23:31:19+0800: MoveNum: 43 HASH: ED16DB77EA9A64E14EA40E94A587CEAB
   A B C D E F G H J
 9 . . . . . . . . .
 8 . . O . O . O . .
 7 . . X O X3O X @ .
 6 . . . O X O O O .
 5 . O O . X X O X O
 4 . . . O X X X X X
 3 . . X O X X X X X
 2 . . O O2O O X X .
 1 . . . . . . O X X1

koSIMPLEscoreAREAtaxNONEsui0whbNfpok1komi6.5
Time taken: 2.015
Root visits: 1272
New playouts: 1260
NN rows: 962
NN batches: 241
NN avg batch size: 3.9917
PV: H7 pass F1 pass J6 pass B7
Tree:
: T 122.71c W  99.99c S  22.81c (+88.1 L +86.2) N    1272  --  H7 pass F1 pass J6 pass B7
---White(^)---
H7  : T 122.93c W 100.00c S  23.05c (+88.2 L +86.2) LCB  122.35c P  7.84% WF 1492.1 PSV    4339 N     192  --  H7 pass F1 pass J6 pass B7
J6  : T 122.73c W  99.98c S  22.74c (+88.3 L +86.6) LCB  121.77c P 14.71% WF 2125.9 PSV    2125 N     278  --  J6 H7 F1 pass B3
F8  : T 122.91c W 100.00c S  23.02c (+88.2 L +86.2) LCB  122.29c P  5.64% WF 1293.3 PSV    1290 N     167  --  F8 pass B3 pass F1
D8  : T 122.85c W 100.00c S  23.19c (+88.3 L +86.2) LCB  122.06c P  4.14% WF 623.4 PSV     623 N      81  --  D8 pass D5 J6 H7
D5  : T 122.21c W  99.98c S  22.66c (+88.1 L +86.2) LCB  120.86c P 10.52% WF 640.8 PSV     587 N      85  --  D5 J6 H7 pass J7 F1
B3  : T 122.61c W 100.00c S  22.84c (+88.0 L +86.1) LCB  121.72c P  4.26% WF 453.3 PSV     454 N      59  --  B3 pass J6 pass F1 pass D5
F1  : T 122.04c W  99.98c S  22.15c (+87.8 L +85.8) LCB  120.16c P  8.74% WF 407.1 PSV     408 N      54  --  F1 J6 H7 pass J7 pass
B7  : T 122.53c W 100.00c S  22.79c (+88.0 L +86.0) LCB  121.48c P  4.73% WF 368.5 PSV     370 N      48  --  B7 pass J6 pass F1 pass
C6  : T 122.48c W 100.00c S  22.76c (+88.0 L +86.1) LCB  121.22c P  3.96% WF 283.9 PSV     285 N      37  --  C6 pass J6 pass F1 pass
C4  : T 122.08c W 100.00c S  22.34c (+87.7 L +85.9) LCB  120.10c P  3.47% WF 175.2 PSV     168 N      23  --  C4 pass J6 pass F1

2024-05-09 23:31:19+0800: = H7
2024-05-09 23:31:19+0800: Controller: play b D5
2024-05-09 23:31:19+0800: = 
2024-05-09 23:31:19+0800: Controller: genmove w
2024-05-09 23:31:21+0800: MoveNum: 45 HASH: 19EC8D5791674804FCBCF5A353088387
   A B C D E F G H J
 9 . . . . . . . . .
 8 . . O @ O . O . .
 7 . . X O X1O . O2.
 6 . . . O X O O O .
 5 . O O X3X X O X O
 4 . . . O X X X X X
 3 . . X O X X X X X
 2 . . O O O O X X .
 1 . . . . . . O X X

koSIMPLEscoreAREAtaxNONEsui0whbNfpok1komi6.5
Time taken: 2.016
Root visits: 1276
New playouts: 1275
NN rows: 961
NN batches: 241
NN avg batch size: 3.98755
PV: D8 J6 J7 pass J5 F1 J6
Tree:
: T 119.32c W 100.00c S  19.67c (+88.1 L +86.5) N    1276  --  D8 J6 J7 pass J5 F1 J6
---White(^)---
D8  : T 119.66c W 100.00c S  20.10c (+88.3 L +86.6) LCB  118.69c P  5.57% WF 1793.6 PSV    3658 N     233  --  D8 J6 J7 pass J5 F1 J6
J2  : T 119.29c W 100.00c S  19.65c (+88.2 L +86.6) LCB  118.24c P 22.60% WF 2122.4 PSV    2124 N     277  --  J2 pass B3 pass B7 pass C6 pass
C6  : T 119.65c W 100.00c S  20.12c (+88.3 L +86.6) LCB  118.51c P  5.10% WF 1094.3 PSV    1091 N     142  --  C6 J6 J7 pass J5 F1 J6
B7  : T 119.34c W 100.00c S  19.67c (+88.0 L +86.3) LCB  118.06c P  3.73% WF 665.8 PSV     381 N      88  --  B7 J6 J7 pass D8
J6  : T 118.35c W  99.99c S  18.34c (+87.6 L +86.1) LCB  115.80c P  7.33% WF 368.0 PSV     250 N      50  --  J6 pass J2 pass B7 pass C6
H8  : T 119.13c W 100.00c S  19.61c (+88.0 L +86.4) LCB  117.23c P  2.84% WF 325.6 PSV     204 N      43  --  H8 J6 J7 pass J5
F1  : T 118.31c W  99.98c S  18.17c (+87.5 L +85.7) LCB  115.57c P  5.88% WF 203.9 PSV     196 N      28  --  F1 J6 J7 pass J5
F8  : T 118.77c W 100.00c S  19.23c (+87.8 L +86.3) LCB  116.45c P  3.30% WF 195.1 PSV     158 N      26  --  F8 J6 J7 pass
D9  : T 119.77c W 100.00c S  20.19c (+88.3 L +86.6) LCB  117.63c P  1.46% WF 267.1 PSV     154 N      35  --  D9 J6 J7 pass F1
G7  : T 118.69c W 100.00c S  18.96c (+87.7 L +86.3) LCB  115.90c P  3.00% WF 164.4 PSV     133 N      22  --  G7 pass J2 pass B7

2024-05-09 23:31:21+0800: = D8
2024-05-09 23:31:21+0800: Controller: play b J6
2024-05-09 23:31:21+0800: = 
2024-05-09 23:31:21+0800: Controller: genmove w
2024-05-09 23:31:24+0800: MoveNum: 47 HASH: F4B82E69792C5DF2AD984C5B2E652EE8
   A B C D E F G H J
 9 . . . . . . . . .
 8 . . O O2O . O @ .
 7 . . X O X O . O .
 6 . . . O X O O O X3
 5 . O O X1X X O X .
 4 . . . O X X X X X
 3 . . X O X X X X X
 2 . . O O O O X X .
 1 . . . . . . O X X

koSIMPLEscoreAREAtaxNONEsui0whbNfpok1komi6.5
Time taken: 2.015
Root visits: 1363
New playouts: 1268
NN rows: 953
NN batches: 239
NN avg batch size: 3.98745
PV: H8 pass J7 pass B7
Tree:
: T 122.72c W 100.00c S  22.91c (+88.1 L +86.4) N    1363  --  H8 pass J7 pass B7
---White(^)---
H8  : T 122.90c W 100.00c S  23.02c (+88.2 L +86.5) LCB  122.01c P  3.07% WF 961.4 PSV    3173 N     124  --  H8 pass J7 pass B7
J7  : T 122.32c W 100.00c S  22.55c (+88.0 L +86.4) LCB  121.50c P 20.48% WF 1518.8 PSV    1527 N     198  --  J7 J5 J2 pass B7 pass B3
B7  : T 122.77c W 100.00c S  22.97c (+88.1 L +86.4) LCB  121.99c P  4.58% WF 913.4 PSV     913 N     118  --  B7 pass J7 pass F1 pass
F1  : T 122.27c W 100.00c S  22.25c (+87.8 L +86.1) LCB  121.13c P 12.67% WF 903.4 PSV     878 N     118  --  F1 pass B3 pass J7 pass
F8  : T 122.79c W 100.00c S  22.97c (+88.2 L +86.5) LCB  121.82c P  3.98% WF 819.5 PSV     819 N     106  --  F8 pass J7 pass J5 F1 J6
G7  : T 122.94c W 100.00c S  23.01c (+88.2 L +86.5) LCB  121.83c P  3.37% WF 712.4 PSV     711 N      92  --  G7 pass J7 pass J5
B3  : T 122.53c W 100.00c S  22.88c (+88.1 L +86.3) LCB  121.56c P  5.86% WF 664.3 PSV     636 N      86  --  B3 pass J7 pass F1 pass
C6  : T 122.48c W 100.00c S  22.80c (+88.1 L +86.4) LCB  121.24c P  4.39% WF 486.1 PSV     433 N      63  --  C6 pass J7 pass B7
C4  : T 122.07c W 100.00c S  22.63c (+88.0 L +86.2) LCB  120.74c P  5.96% WF 322.8 PSV     321 N      42  --  C4 pass J7 pass J5
J8  : T 123.34c W 100.00c S  23.73c (+88.7 L +86.8) LCB  120.80c P  1.95% WF 202.9 PSV     202 N      26  --  J8 pass J7 F1

2024-05-09 23:31:24+0800: = H8
2024-05-09 23:31:24+0800: Controller: play b J7
2024-05-09 23:31:24+0800: = 
2024-05-09 23:31:24+0800: Controller: genmove w
2024-05-09 23:31:26+0800: MoveNum: 49 HASH: F6DF465817CF6002A83083CAAF07B17E
   A B C D E F G H J
 9 . . . . . . . . .
 8 . . O O O . O O2.
 7 . @ X O X O . O X3
 6 . . . O X O O O X1
 5 . O O X X X O X .
 4 . . . O X X X X X
 3 . . X O X X X X X
 2 . . O O O O X X .
 1 . . . . . . O X X

koSIMPLEscoreAREAtaxNONEsui0whbNfpok1komi6.5
Time taken: 2.016
Root visits: 1207
New playouts: 1201
NN rows: 968
NN batches: 242
NN avg batch size: 4
PV: B7 pass J8 pass J5 J6
Tree:
: T 121.89c W 100.00c S  22.15c (+88.4 L +86.8) N    1207  --  B7 pass J8 pass J5 J6
---White(^)---
B7  : T 121.84c W 100.00c S  22.23c (+88.4 L +86.6) LCB  121.05c P  4.55% WF 661.3 PSV    3361 N      86  --  B7 pass J8 pass J5 J6
J8  : T 121.14c W 100.00c S  21.35c (+88.0 L +86.5) LCB  120.11c P 28.00% WF 1277.1 PSV    1289 N     168  --  J8 J5 J2 pass B7 pass C6 pass
F8  : T 121.90c W 100.00c S  22.16c (+88.4 L +86.7) LCB  121.02c P  4.15% WF 922.0 PSV     829 N     120  --  F8 F1 C4 pass E1 pass
F1  : T 121.24c W 100.00c S  21.43c (+88.1 L +86.3) LCB  119.94c P 12.38% WF 674.9 PSV     632 N      89  --  F1 pass J8 pass J5 J6 B3
C4  : T 121.72c W 100.00c S  22.03c (+88.3 L +86.6) LCB  120.64c P  5.29% WF 683.0 PSV     590 N      89  --  C4 pass J8 pass J5 J6 J7
C6  : T 121.70c W 100.00c S  22.14c (+88.4 L +86.7) LCB  120.48c P  4.50% WF 567.0 PSV     481 N      74  --  C6 pass J8 pass J5 F1
B3  : T 121.51c W 100.00c S  22.00c (+88.3 L +86.5) LCB  120.41c P  5.02% WF 398.4 PSV     366 N      52  --  B3 pass J8 pass J5 J6
E1  : T 122.46c W 100.00c S  22.73c (+88.8 L +87.1) LCB  120.39c P  2.08% WF 349.4 PSV     264 N      45  --  E1 pass J8 pass J5 J6
G7  : T 122.43c W 100.00c S  22.52c (+88.6 L +87.1) LCB  119.99c P  1.93% WF 254.3 PSV     187 N      33  --  G7 pass J8 pass J5
B8  : T 122.43c W 100.00c S  22.75c (+88.7 L +87.1) LCB  120.22c P  1.71% WF 224.4 PSV     187 N      29  --  B8 pass J8 pass J5

2024-05-09 23:31:26+0800: = B7
2024-05-09 23:31:27+0800: Controller: play b J8
2024-05-09 23:31:27+0800: = 
2024-05-09 23:31:27+0800: Controller: genmove w
2024-05-09 23:31:29+0800: MoveNum: 51 HASH: 10C587A448EE7ECA317E850B245F5B33
   A B C D E F G H J
 9 . . . . . . . . .
 8 . . O O O . O O X3
 7 . O2X O X O . O X1
 6 . @ . O X O O O X
 5 . O O X X X O X .
 4 . . . O X X X X X
 3 . . X O X X X X X
 2 . . O O O O X X .
 1 . . . . . . O X X

koSIMPLEscoreAREAtaxNONEsui0whbNfpok1komi6.5
Time taken: 2.016
Root visits: 1187
New playouts: 1179
NN rows: 962
NN batches: 241
NN avg batch size: 3.9917
PV: B6 J5 J9 H9 G9 pass
Tree:
: T 122.94c W 100.00c S  23.10c (+88.5 L +87.1) N    1187  --  B6 J5 J9 H9 G9 pass
---White(^)---
B6  : T 123.12c W 100.00c S  23.33c (+88.7 L +87.1) LCB  122.51c P  3.38% WF 1009.8 PSV    3864 N     131  --  B6 J5 J9 H9 G9 pass
J9  : T 122.70c W 100.00c S  22.89c (+88.4 L +87.0) LCB  122.05c P 20.81% WF 1715.5 PSV    1721 N     224  --  J9 J5 J2 pass B3 pass G2
B8  : T 123.06c W 100.00c S  23.28c (+88.6 L +87.1) LCB  122.45c P  3.39% WF 1125.3 PSV     865 N     146  --  B8 pass J9 pass J5 J6
C6  : T 122.78c W 100.00c S  23.04c (+88.5 L +86.9) LCB  122.05c P  8.35% WF 891.0 PSV     821 N     116  --  C6 J5 F8 pass F1
F1  : T 121.97c W 100.00c S  22.15c (+87.9 L +86.3) LCB  120.97c P 14.13% WF 507.2 PSV     489 N      67  --  F1 pass J9 H9 G9 pass J9
F8  : T 122.90c W 100.00c S  23.10c (+88.5 L +87.1) LCB  122.01c P  4.14% WF 430.9 PSV     431 N      56  --  F8 pass J9 H9 G9 pass
E1  : T 123.57c W 100.00c S  23.63c (+88.8 L +87.6) LCB  122.04c P  1.90% WF 318.9 PSV     276 N      41  --  E1 pass J9 H9 G9
C4  : T 122.54c W 100.00c S  22.91c (+88.4 L +86.9) LCB  121.11c P  4.57% WF 260.4 PSV     262 N      34  --  C4 pass J9 H9 B3
H9  : T 122.42c W 100.00c S  22.46c (+88.1 L +86.8) LCB  120.06c P  9.46% WF 261.0 PSV     253 N      34  --  H9 J5 F1 pass J9
B3  : T 122.47c W 100.00c S  22.68c (+88.2 L +86.7) LCB  121.35c P  4.35% WF 268.1 PSV     249 N      35  --  B3 pass J9 H9 G9

2024-05-09 23:31:29+0800: = B6
2024-05-09 23:31:29+0800: Controller: play b H9
2024-05-09 23:31:29+0800: = 
2024-05-09 23:31:30+0800: Controller: genmove w
2024-05-09 23:31:32+0800: MoveNum: 53 HASH: 2E84B2FF22EE3E0DC07EF2EA738B8EFE
   A B C D E F G H J
 9 . . . . . . . X3.
 8 . . O O O @ O O X1
 7 . O X O X O . O X
 6 . O2. O X O O O X
 5 . O O X X X O X .
 4 . . . O X X X X X
 3 . . X O X X X X X
 2 . . O O O O X X .
 1 . . . . . . O X X

koSIMPLEscoreAREAtaxNONEsui0whbNfpok1komi6.5
Time taken: 2.032
Root visits: 1145
New playouts: 1139
NN rows: 945
NN batches: 237
NN avg batch size: 3.98734
PV: F8 pass G9 J5 F1 pass
Tree:
: T 121.61c W 100.00c S  21.91c (+88.9 L +87.5) N    1145  --  F8 pass G9 J5 F1 pass
---White(^)---
F8  : T 121.75c W 100.00c S  22.07c (+88.9 L +87.5) LCB  121.01c P  5.13% WF 1004.5 PSV    3513 N     131  --  F8 pass G9 J5 F1 pass
G9  : T 121.17c W 100.00c S  21.46c (+88.7 L +87.3) LCB  120.33c P 21.34% WF 1439.5 PSV    1447 N     189  --  G9 pass J9 pass J5 J6
C6  : T 121.40c W 100.00c S  21.70c (+88.8 L +87.5) LCB  120.25c P  6.98% WF 678.2 PSV     680 N      89  --  C6 pass F8 pass G9 pass
B8  : T 121.70c W 100.00c S  21.94c (+88.9 L +87.6) LCB  120.60c P  2.70% WF 671.0 PSV     670 N      88  --  B8 pass G9 J5 J9 F1
B3  : T 121.30c W 100.00c S  21.62c (+88.7 L +87.3) LCB  120.41c P  6.39% WF 546.6 PSV     540 N      72  --  B3 pass G9 J5 F1
F1  : T 120.23c W 100.00c S  20.57c (+88.2 L +86.7) LCB  118.77c P 17.95% WF 508.9 PSV     497 N      68  --  F1 pass G9 pass J9 pass
C4  : T 121.10c W 100.00c S  21.40c (+88.6 L +87.3) LCB  119.63c P  7.29% WF 439.0 PSV     442 N      58  --  C4 pass G9 pass J9
F9  : T 122.12c W 100.00c S  22.31c (+89.1 L +87.8) LCB  119.95c P  3.12% WF 347.0 PSV     310 N      45  --  F9 pass G9 pass J9
C9  : T 122.34c W 100.00c S  22.61c (+89.3 L +88.0) LCB  120.32c P  1.62% WF 285.5 PSV     284 N      37  --  C9 pass G9 pass F1
A8  : T 122.34c W 100.00c S  22.62c (+89.3 L +88.0) LCB  120.12c P  1.43% WF 262.2 PSV     261 N      34  --  A8 pass G9 pass J9

2024-05-09 23:31:32+0800: = F8
2024-05-09 23:31:32+0800: Controller: play b F1
2024-05-09 23:31:32+0800: = 
2024-05-09 23:31:32+0800: Controller: genmove w
2024-05-09 23:31:34+0800: MoveNum: 55 HASH: E5084C63A8F2E9F9332FC66ED67F6E72
   A B C D E F G H J
 9 . . . . . . . X1.
 8 . @ O O O O2O O X
 7 . O X O X O . O X
 6 . O . O X O O O X
 5 . O O X X X O X .
 4 . . . O X X X X X
 3 . . X O X X X X X
 2 . . O O O O X X .
 1 . . . . . X3. X X

koSIMPLEscoreAREAtaxNONEsui0whbNfpok1komi6.5
Time taken: 2.016
Root visits: 1238
New playouts: 1220
NN rows: 954
NN batches: 239
NN avg batch size: 3.99163
PV: B8 pass E1 pass G9 pass
Tree:
: T 122.81c W 100.00c S  22.94c (+88.9 L +87.6) N    1238  --  B8 pass E1 pass G9 pass
---White(^)---
B8  : T 122.89c W 100.00c S  23.02c (+89.0 L +87.6) LCB  122.14c P  2.09% WF 712.1 PSV    3226 N      93  --  B8 pass E1 pass G9 pass
E1  : T 122.62c W 100.00c S  22.68c (+88.8 L +87.4) LCB  122.01c P 18.65% WF 1742.4 PSV    1746 N     228  --  E1 G1 G9 pass J9 pass
G9  : T 122.41c W 100.00c S  22.51c (+88.7 L +87.3) LCB  121.68c P 23.58% WF 1711.1 PSV    1539 N     224  --  G9 J9 E1 pass G1 pass
C6  : T 122.62c W 100.00c S  22.77c (+88.8 L +87.5) LCB  121.61c P  5.41% WF 596.3 PSV     508 N      78  --  C6 pass E1 pass G1
B3  : T 122.39c W 100.00c S  22.45c (+88.6 L +87.1) LCB  121.52c P  7.55% WF 535.3 PSV     480 N      70  --  B3 pass E1 pass G9 pass
C4  : T 122.12c W 100.00c S  22.27c (+88.5 L +87.0) LCB  121.23c P  9.05% WF 449.5 PSV     416 N      59  --  C4 pass E1 pass G9 pass
A8  : T 123.53c W 100.00c S  23.61c (+89.4 L +88.1) LCB  121.50c P  1.52% WF 247.3 PSV     246 N      32  --  A8 pass G9 pass E1
G7  : T 123.47c W 100.00c S  23.52c (+89.3 L +88.1) LCB  121.80c P  1.72% WF 425.2 PSV     231 N      55  --  G7 pass G9 pass E1
A6  : T 123.42c W 100.00c S  23.60c (+89.4 L +88.1) LCB  121.43c P  1.71% WF 270.2 PSV     217 N      35  --  A6 pass E1 pass G9
B1  : T 123.34c W 100.00c S  23.40c (+89.2 L +87.9) LCB  121.54c P  1.81% WF 270.0 PSV     207 N      35  --  B1 pass G9 pass E1

2024-05-09 23:31:34+0800: = B8
2024-05-09 23:31:37+0800: Controller: play b E1
2024-05-09 23:31:37+0800: = 
2024-05-09 23:31:37+0800: Controller: genmove w
2024-05-09 23:31:39+0800: MoveNum: 57 HASH: 31D91B627BE12675A9830C8F335F1A2C
   A B C D E F G H J
 9 . . . . . @ . X .
 8 . O2O O O O O O X
 7 . O X O X O . O X
 6 . O . O X O O O X
 5 . O O X X X O X .
 4 . . . O X X X X X
 3 . . X O X X X X X
 2 . . O O O O X X .
 1 . . . . X3X1. X X

koSIMPLEscoreAREAtaxNONEsui0whbNfpok1komi6.5
Time taken: 2.016
Root visits: 989
New playouts: 986
NN rows: 857
NN batches: 215
NN avg batch size: 3.98605
PV: F9 pass G9 pass D1
Tree:
: T 121.99c W 100.00c S  22.13c (+89.5 L +88.2) N     989  --  F9 pass G9 pass D1
---White(^)---
F9  : T 122.74c W 100.00c S  22.79c (+89.9 L +88.8) LCB  120.87c P  1.77% WF 454.9 PSV    2006 N      60  --  F9 pass G9 pass D1
G9  : T 121.38c W 100.00c S  21.46c (+89.1 L +87.8) LCB  120.44c P 17.70% WF 903.2 PSV     909 N     121  --  G9 J9 J5 pass D1
D1  : T 121.15c W 100.00c S  21.15c (+88.9 L +87.6) LCB  119.88c P 21.59% WF 852.8 PSV     846 N     114  --  D1 J2 G9 pass G1 F1
C4  : T 121.35c W 100.00c S  21.52c (+89.1 L +87.6) LCB  120.38c P 13.33% WF 620.8 PSV     625 N      82  --  C4 pass D1 pass G9 pass G1
C6  : T 121.69c W 100.00c S  21.86c (+89.3 L +88.2) LCB  120.65c P  5.56% WF 532.9 PSV     478 N      71  --  C6 pass D1 pass G9
B3  : T 121.44c W 100.00c S  21.49c (+89.1 L +87.7) LCB  120.22c P  8.14% WF 447.0 PSV     449 N      59  --  B3 pass G9 pass J9
G7  : T 122.74c W 100.00c S  22.77c (+89.9 L +88.8) LCB  120.86c P  1.51% WF 441.0 PSV     404 N      58  --  G7 pass G9 pass B3
D9  : T 122.71c W 100.00c S  22.80c (+89.9 L +88.9) LCB  120.77c P  1.62% WF 359.0 PSV     337 N      47  --  D9 pass G9 pass D1
A5  : T 122.72c W 100.00c S  22.96c (+90.0 L +88.8) LCB  120.60c P  1.54% WF 311.8 PSV     310 N      41  --  A5 pass G9 pass D1
E9  : T 122.68c W 100.00c S  22.82c (+89.9 L +88.8) LCB  120.32c P  1.62% WF 274.1 PSV     266 N      36  --  E9 pass G9 pass D1

2024-05-09 23:31:39+0800: = F9
2024-05-09 23:31:41+0800: Controller: play b D1
2024-05-09 23:31:41+0800: = 
2024-05-09 23:31:41+0800: Controller: genmove w
2024-05-09 23:31:43+0800: MoveNum: 59 HASH: BDA96A6AA80BFB0A0C1A03EE16ACA733
   A B C D E F G H J
 9 . . . . . O2. X .
 8 . O O O O O O O X
 7 . O X O X O . O X
 6 . O . O X O O O X
 5 . O O X X X O X .
 4 . @ . O X X X X X
 3 . . X O X X X X X
 2 . . O O O O X X .
 1 . . . X3X1X . X X

koSIMPLEscoreAREAtaxNONEsui0whbNfpok1komi6.5
Time taken: 2.032
Root visits: 1113
New playouts: 1111
NN rows: 880
NN batches: 220
NN avg batch size: 4
PV: B4 pass G9 J9
Tree:
: T 118.95c W  99.93c S  19.36c (+89.5 L +88.4) N    1113  --  B4 pass G9 J9
---White(^)---
B4  : T 120.80c W 100.00c S  20.79c (+90.2 L +89.4) LCB  118.29c P  1.76% WF 361.9 PSV    3526 N      48  --  B4 pass G9 J9
C4  : T 118.76c W 100.00c S  19.30c (+89.3 L +88.0) LCB  117.87c P 15.95% WF 1535.2 PSV    1539 N     205  --  C4 J9 C1 pass G1 pass
G9  : T 118.85c W  99.98c S  19.04c (+89.5 L +88.5) LCB  117.60c P 13.15% WF 1241.9 PSV    1244 N     170  --  G9 pass C4 pass C1 pass G1
C1  : T 118.23c W 100.00c S  18.76c (+89.1 L +87.8) LCB  117.05c P 28.32% WF 1217.8 PSV    1230 N     165  --  C1 G1 C4 pass G9 pass J9 pass
B2  : T 119.45c W 100.00c S  19.89c (+89.6 L +88.3) LCB  117.60c P  7.78% WF 743.8 PSV     740 N      98  --  B2 pass C1 pass G9 pass G1
B3  : T 118.45c W 100.00c S  18.77c (+89.0 L +87.8) LCB  116.99c P 11.52% WF 663.0 PSV     667 N      89  --  B3 J9 C1 pass G9 pass
A3  : T 119.96c W  99.98c S  20.15c (+89.9 L +89.1) LCB  117.73c P  1.33% WF 521.6 PSV     517 N      70  --  A3 pass C1 pass G1
B1  : T 119.52c W  99.99c S  19.84c (+89.6 L +88.6) LCB  117.41c P  3.27% WF 450.2 PSV     448 N      60  --  B1 pass C1 pass G1
A4  : T 119.74c W  99.67c S  20.07c (+89.9 L +88.9) LCB  116.04c P  1.30% WF 435.0 PSV     403 N      59  --  A4 pass C4 pass G9
A2  : T 119.55c W  99.98c S  19.97c (+89.7 L +88.7) LCB  117.61c P  1.75% WF 582.8 PSV     400 N      78  --  A2 pass C4 pass G9 pass

2024-05-09 23:31:43+0800: = B4
2024-05-09 23:31:43+0800: Controller: play b G9
2024-05-09 23:31:43+0800: = 
2024-05-09 23:31:43+0800: Controller: genmove w
2024-05-09 23:31:45+0800: MoveNum: 61 HASH: E4E4024A336FF0AEC05BBEE609110800
   A B C D E F G H J
 9 . . . . . O X3X .
 8 . O O O O O O O X
 7 . O X O X O . O X
 6 . O . O X O O O X
 5 . O O X X X O X .
 4 . O2@ O X X X X X
 3 . . X O X X X X X
 2 . . O O O O X X .
 1 . . . X1X X . X X

koSIMPLEscoreAREAtaxNONEsui0whbNfpok1komi6.5
Time taken: 2.062
Root visits: 1163
New playouts: 1161
NN rows: 937
NN batches: 235
NN avg batch size: 3.98723
PV: C4 pass C1 pass G1 pass J9
Tree:
: T 121.74c W  99.98c S  21.74c (+89.4 L +88.3) N    1163  --  C4 pass C1 pass G1 pass J9
---White(^)---
C4  : T 121.80c W 100.00c S  21.87c (+89.4 L +88.0) LCB  121.00c P  7.35% WF 955.4 PSV    4072 N     126  --  C4 pass C1 pass G1 pass J9
J9  : T 121.42c W  99.94c S  21.37c (+89.2 L +88.2) LCB  120.43c P 26.09% WF 2035.4 PSV    2044 N     273  --  J9 J5 C1 pass G1 F1 E1
C1  : T 121.15c W 100.00c S  21.25c (+89.1 L +87.7) LCB  120.29c P 21.43% WF 1083.1 PSV    1091 N     144  --  C1 G1 C6 pass J9 pass
C6  : T 121.67c W 100.00c S  21.55c (+89.3 L +88.1) LCB  120.81c P  6.63% WF 957.1 PSV     927 N     128  --  C6 pass J9 H9 G9 pass
B3  : T 121.44c W 100.00c S  21.40c (+89.2 L +87.9) LCB  120.33c P  6.69% WF 630.7 PSV     539 N      84  --  B3 pass C1 pass G1 pass
D9  : T 122.52c W 100.00c S  22.54c (+89.9 L +89.0) LCB  120.58c P  2.07% WF 386.5 PSV     384 N      51  --  D9 pass J9 H9 G9
C9  : T 122.49c W 100.00c S  22.46c (+89.9 L +88.9) LCB  120.52c P  1.91% WF 416.3 PSV     345 N      55  --  C9 pass J9 J5
A4  : T 122.38c W 100.00c S  22.45c (+89.8 L +88.8) LCB  120.54c P  1.85% WF 409.5 PSV     323 N      54  --  A4 pass C1 pass G1
E9  : T 122.44c W 100.00c S  22.37c (+89.8 L +89.0) LCB  120.32c P  2.04% WF 439.0 PSV     278 N      58  --  E9 pass C1 G1
B2  : T 121.52c W 100.00c S  21.76c (+89.3 L +87.9) LCB  119.90c P  4.64% WF 242.1 PSV     234 N      32  --  B2 pass C1 pass J9

2024-05-09 23:31:45+0800: = C4
2024-05-09 23:31:46+0800: Controller: play b C1
2024-05-09 23:31:46+0800: = 
2024-05-09 23:31:46+0800: Controller: genmove w
2024-05-09 23:31:48+0800: MoveNum: 63 HASH: 3355E9693C031A82E9F233F3B10B5532
   A B C D E F G H J
 9 @ . . . . O X1X .
 8 . O O O O O O O X
 7 . O X O X O . O X
 6 . O . O X O O O X
 5 . O O X X X O X .
 4 . O O2O X X X X X
 3 . . X O X X X X X
 2 . . O O O O X X .
 1 . . X3X X X . X X

koSIMPLEscoreAREAtaxNONEsui0whbNfpok1komi6.5
Time taken: 2.047
Root visits: 1006
New playouts: 1002
NN rows: 936
NN batches: 234
NN avg batch size: 4
PV: A9 pass J9 pass
Tree:
: T 121.42c W 100.00c S  21.45c (+90.4 L +89.7) N    1006  --  A9 pass J9 pass
---White(^)---
A9  : T 122.49c W 100.00c S  22.47c (+91.0 L +90.5) LCB  119.86c P  1.73% WF 355.7 PSV    1821 N      47  --  A9 pass J9 pass
J9  : T 120.30c W 100.00c S  20.40c (+89.7 L +89.0) LCB  118.87c P 22.71% WF 811.8 PSV     823 N     110  --  J9 J5 A3 pass B1 pass
C6  : T 120.92c W 100.00c S  20.75c (+90.0 L +89.1) LCB  118.69c P  6.70% WF 584.4 PSV     494 N      79  --  C6 pass J9 pass B1
B3  : T 120.60c W 100.00c S  20.66c (+89.9 L +88.7) LCB  118.85c P 10.20% WF 516.0 PSV     488 N      70  --  B3 pass J9 H9 G9
B1  : T 119.40c W 100.00c S  19.47c (+89.2 L +88.1) LCB  117.45c P 22.80% WF 486.8 PSV     474 N      66  --  B1 pass G1 pass C6
A4  : T 122.16c W 100.00c S  22.24c (+90.8 L +90.1) LCB  119.71c P  2.11% WF 468.8 PSV     465 N      62  --  A4 pass J9 H9 B1
C9  : T 122.18c W 100.00c S  22.22c (+90.8 L +90.2) LCB  119.68c P  1.93% WF 422.2 PSV     419 N      56  --  C9 pass C6 pass J9
A7  : T 122.10c W 100.00c S  22.38c (+90.9 L +90.4) LCB  119.72c P  1.82% WF 415.5 PSV     413 N      55  --  A7 pass J9 H9 G9
A8  : T 122.50c W 100.00c S  22.27c (+90.9 L +90.3) LCB  119.69c P  1.74% WF 354.0 PSV     351 N      47  --  A8 pass C6 pass J9
E9  : T 122.02c W 100.00c S  22.16c (+90.8 L +90.2) LCB  119.10c P  1.99% WF 450.7 PSV     308 N      60  --  E9 J9 J5 pass B1

2024-05-09 23:31:48+0800: = A9
2024-05-09 23:31:48+0800: Controller: play b B2
2024-05-09 23:31:48+0800: = 
2024-05-09 23:31:48+0800: Controller: genmove w
2024-05-09 23:31:50+0800: MoveNum: 65 HASH: 325E12992A626D961FCF715A5D5D6DAF
   A B C D E F G H J
 9 O2. . . . O X X .
 8 . O O O O O O O X
 7 . O X O X O . O X
 6 . O . O X O O O X
 5 . O O X X X O X .
 4 @ O O O X X X X X
 3 . . X O X X X X X
 2 . X3O O O O X X .
 1 . . X1X X X . X X

koSIMPLEscoreAREAtaxNONEsui0whbNfpok1komi6.5
Time taken: 2.063
Root visits: 1108
New playouts: 1104
NN rows: 921
NN batches: 231
NN avg batch size: 3.98701
PV: A4 pass A2 pass B3
Tree:
: T 119.21c W  99.97c S  17.99c (+90.2 L +89.6) N    1108  --  A4 pass A2 pass B3
---White(^)---
A4  : T 121.03c W  99.97c S  20.02c (+91.0 L +90.6) LCB  118.72c P  2.76% WF 691.8 PSV    3894 N      92  --  A4 pass A2 pass B3
J9  : T 119.31c W  99.97c S  17.58c (+90.1 L +89.6) LCB  117.98c P 18.65% WF 1984.4 PSV    1982 N     270  --  J9 pass A2 pass A3
B1  : T 118.75c W  99.99c S  18.90c (+90.2 L +89.7) LCB  117.05c P 19.06% WF 1152.6 PSV     935 N     158  --  B1 J9 J5 A1 B3 pass
C6  : T 119.52c W  99.97c S  18.06c (+90.2 L +89.9) LCB  117.27c P  4.35% WF 778.0 PSV     776 N     108  --  C6 J9 B1 J5 A2 A1
B3  : T 118.27c W  99.99c S  17.77c (+89.5 L +88.5) LCB  116.26c P 18.65% WF 675.3 PSV     625 N      93  --  B3 J2 J9 H9 G9
A2  : T 118.41c W  99.97c S  15.56c (+89.5 L +89.0) LCB  114.77c P 12.53% WF 517.7 PSV     465 N      71  --  A2 J2 B3 pass J9
A3  : T 119.69c W  99.98c S  19.49c (+90.4 L +89.7) LCB  117.50c P  5.70% WF 721.6 PSV     463 N      97  --  A3 pass B1 A1 J9 pass
A8  : T 119.37c W  99.96c S  18.26c (+90.2 L +89.7) LCB  117.13c P  3.62% WF 742.7 PSV     435 N     103  --  A8 J9 A2 J5 B1 A1
B9  : T 119.39c W  99.95c S  18.10c (+90.2 L +89.7) LCB  117.31c P  3.16% WF 699.1 PSV     403 N      98  --  B9 J9 A2 pass J5
A5  : T 113.77c W  99.90c S  16.77c (+90.5 L +90.7) LCB  -38.17c P  1.97% WF  14.0 PSV      15 N       2  --  A5 B1

2024-05-09 23:31:50+0800: = A4
2024-05-09 23:31:51+0800: Controller: play b B3
2024-05-09 23:31:51+0800: = 
2024-05-09 23:31:51+0800: Controller: genmove w
2024-05-09 23:31:53+0800: MoveNum: 67 HASH: FDF5A0FFD5021F1AB577D8361621D70D
   A B C D E F G H J
 9 O . . . . O X X .
 8 . O O O O O O O X
 7 . O X O X O . O X
 6 . O . O X O O O X
 5 . O O X X X O X .
 4 O2O O O X X X X X
 3 . X3X O X X X X X
 2 @ X1O O O O X X .
 1 . . X X X X . X X

koSIMPLEscoreAREAtaxNONEsui0whbNfpok1komi6.5
Time taken: 2.032
Root visits: 1269
New playouts: 1265
NN rows: 905
NN batches: 227
NN avg batch size: 3.98678
PV: A2 J2 J9 J5 A3 H9 G9 pass
Tree:
: T 115.93c W 100.00c S  15.24c (+88.7 L +87.6) N    1269  --  A2 J2 J9 J5 A3 H9 G9
---White(^)---
A2  : T 116.15c W 100.00c S  15.87c (+88.8 L +87.6) LCB  115.04c P 28.23% WF 3027.2 PSV    4470 N     410  --  A2 J2 J9 J5 A3 H9 G9 pass
A3  : T 115.99c W 100.00c S  16.05c (+88.8 L +87.7) LCB  114.95c P 33.65% WF 3252.7 PSV    3251 N     442  --  A3 J2 J9 H9 G9 G1
B1  : T 115.81c W  99.99c S  15.88c (+88.8 L +87.7) LCB  114.62c P 37.78% WF 3038.4 PSV    2794 N     413  --  B1 J2 J9 pass A3 A1 A2 pass
J9  : T  76.88c W  99.96c S -23.08c (+18.3 L +19.4) LCB -273.12c P  0.11% WF   5.3 PSV       0 N       1  --  J9
A1  : T  75.41c W  99.65c S -24.24c (+13.3 L +14.9) LCB -274.67c P  0.04% WF   4.2 PSV       0 N       1  --  A1
C9  : T  75.22c W  99.76c S -24.54c (+12.0 L +13.3) LCB -274.90c P  0.02% WF   3.0 PSV       0 N       1  --  C9

2024-05-09 23:31:53+0800: = A2
2024-05-09 23:31:55+0800: Controller: play b B1
2024-05-09 23:31:55+0800: = 
2024-05-09 23:31:55+0800: Controller: genmove w
2024-05-09 23:31:57+0800: MoveNum: 69 HASH: 6CF8D6DA2E65939B4E0570AA9C1667FE
   A B C D E F G H J
 9 O . . . . O X X .
 8 . O O O O O O O X
 7 . O X O X O . O X
 6 . O . O X O O O X
 5 . O O X X X O X .
 4 O O O O X X X X X
 3 @ X1X O X X X X X
 2 O2X O O O O X X .
 1 . X3X X X X . X X

koSIMPLEscoreAREAtaxNONEsui0whbNfpok1komi6.5
Time taken: 2.031
Root visits: 1161
New playouts: 1141
NN rows: 857
NN batches: 215
NN avg batch size: 3.98605
PV: A3 J2 C6 pass J9 pass J5 J6
Tree:
: T 119.51c W 100.00c S  19.51c (+88.5 L +87.2) N    1161  --  A3 J2 C6 pass J9 pass J5
---White(^)---
A3  : T 119.54c W 100.00c S  19.83c (+88.5 L +87.3) LCB  118.99c P 99.18% WF 8791.7 PSV    8791 N    1159  --  A3 J2 C6 pass J9 pass J5 J6
J9  : T  76.56c W  99.87c S -23.30c (+17.1 L +18.5) LCB -273.44c P  0.32% WF   4.7 PSV       0 N       1  --  J9

2024-05-09 23:31:57+0800: = A3
2024-05-09 23:32:04+0800: Controller: play b G1
2024-05-09 23:32:04+0800: = 
2024-05-09 23:32:04+0800: Controller: genmove w
2024-05-09 23:32:06+0800: MoveNum: 71 HASH: D0E4EE004E0F40BFA58DC76106BEF20E
   A B C D E F G H J
 9 O . . . . O X X .
 8 . O O O O O O O X
 7 . O X O X O . O X
 6 . O . O X O O O X
 5 . O O X X X O X .
 4 O O O O X X X X X
 3 O2X X O X X X X X
 2 O X O O O O X X .
 1 . X1X X X X X3X X

koSIMPLEscoreAREAtaxNONEsui0whbNfpok1komi6.5
Time taken: 2.031
Root visits: 1368
New playouts: 1331
NN rows: 809
NN batches: 203
NN avg batch size: 3.98522
PV: pass A1 J9 pass A8 pass J5 J6
Tree:
: T 120.71c W 100.00c S  21.18c (+88.8 L +87.8) N    1368  --  pass A1 J9 pass A8 pass J5
---White(^)---
pss : T 120.99c W 100.00c S  21.57c (+89.0 L +87.9) LCB  119.65c P  0.37% WF 672.5 PSV    3887 N      90  --  pass A1 J9 pass A8 pass J5 J6
J9  : T 120.34c W 100.00c S  20.69c (+88.6 L +87.4) LCB  119.41c P 27.93% WF 2310.8 PSV    2322 N     307  --  J9 J2 A1 pass J5 pass J8
A1  : T 120.07c W 100.00c S  20.30c (+88.5 L +87.4) LCB  118.71c P 32.48% WF 1746.2 PSV    1761 N     232  --  A1 J2 J5 pass J9 pass pass
A8  : T 120.84c W 100.00c S  21.36c (+88.9 L +87.7) LCB  119.64c P  6.04% WF 1115.3 PSV    1113 N     149  --  A8 A1 J9 pass J5 J6 J7
C6  : T 120.52c W 100.00c S  20.98c (+88.7 L +87.8) LCB  119.04c P  8.39% WF 867.7 PSV     869 N     116  --  C6 A1 J9 pass J5 J6
B9  : T 120.63c W 100.00c S  21.33c (+88.9 L +87.6) LCB  119.34c P  6.39% WF 824.2 PSV     825 N     111  --  B9 A1 J9 pass J5 J6 J7
A6  : T 121.66c W 100.00c S  22.31c (+89.4 L +88.7) LCB  118.82c P  2.58% WF 379.2 PSV     376 N      50  --  A6 A1 J9 pass H9
D9  : T 121.40c W 100.00c S  22.04c (+89.3 L +88.7) LCB  118.52c P  2.67% WF 409.6 PSV     344 N      54  --  D9 A1 J9 pass H9
E9  : T 121.39c W 100.00c S  21.89c (+89.2 L +88.4) LCB  118.80c P  2.65% WF 459.1 PSV     327 N      61  --  E9 A1 J9 H9 G9 pass
C9  : T 121.32c W 100.00c S  21.84c (+89.2 L +88.4) LCB  118.65c P  3.08% WF 407.5 PSV     327 N      54  --  C9 A1 J9 pass C6

2024-05-09 23:32:06+0800: = pass
