2024-03-17 11:54:28+0800: Running with following config:
allowResignation = true
friendlyPassOk = true
hasButton = false
koRule = SIMPLE
lagBuffer = 1.0
logAllGTPCommunication = true
logDir = gtp_logs
logSearchInfo = true
logToStderr = false
multiStoneSuicideLegal = false
nnCacheSizePowerOfTwo = 20
nnMutexPoolSizePowerOfTwo = 16
numNNServerThreadsPerModel = 1
numSearchThreads = 8
openclDeviceToUseThread0 = 0
ponderingEnabled = false
resignConsecTurns = 3
resignThreshold = -0.90
scoringRule = AREA
searchFactorAfterOnePass = 0.50
searchFactorAfterTwoPass = 0.25
searchFactorWhenWinning = 0.40
searchFactorWhenWinningThreshold = 0.95
taxRule = NONE
whiteHandicapBonus = N

2024-03-17 11:54:28+0800: GTP Engine starting...
2024-03-17 11:54:28+0800: KataGo v1.13.0
2024-03-17 11:54:28+0800: Using Chinese rules initially, unless GTP/GUI overrides this
2024-03-17 11:54:28+0800: Using 8 CPU thread(s) for search
2024-03-17 11:54:29+0800: nnRandSeed0 = 10336268861864129375
2024-03-17 11:54:29+0800: After dedups: nnModelFile0 = F:\homework\毕业设计\katago-v1.13.0-opencl-windows-x64\model.bin useFP16 auto useNHWC auto
2024-03-17 11:54:29+0800: Initializing neural net buffer to be size 19 * 19 exactly
2024-03-17 11:54:29+0800: Found OpenCL Platform 0: NVIDIA CUDA (NVIDIA Corporation) (OpenCL 3.0 CUDA 12.3.99)
2024-03-17 11:54:29+0800: Found 1 device(s) on platform 0 with type CPU or GPU or Accelerator
2024-03-17 11:54:29+0800: Found OpenCL Device 0: NVIDIA GeForce RTX 2060 (NVIDIA Corporation) (score 11000300)
2024-03-17 11:54:29+0800: Creating context for OpenCL Platform: NVIDIA CUDA (NVIDIA Corporation) (OpenCL 3.0 CUDA 12.3.99)
2024-03-17 11:54:30+0800: Using OpenCL Device 0: NVIDIA GeForce RTX 2060 (NVIDIA Corporation) OpenCL 3.0 CUDA (Extensions: cl_khr_global_int32_base_atomics cl_khr_global_int32_extended_atomics cl_khr_local_int32_base_atomics cl_khr_local_int32_extended_atomics cl_khr_fp64 cl_khr_3d_image_writes cl_khr_byte_addressable_store cl_khr_icd cl_khr_gl_sharing cl_nv_compiler_options cl_nv_device_attribute_query cl_nv_pragma_unroll cl_nv_d3d10_sharing cl_khr_d3d10_sharing cl_nv_d3d11_sharing cl_nv_copy_opts cl_nv_create_buffer cl_khr_int64_base_atomics cl_khr_int64_extended_atomics cl_khr_device_uuid cl_khr_pci_bus_info cl_khr_external_semaphore cl_khr_external_memory cl_khr_external_semaphore_win32 cl_khr_external_memory_win32)
2024-03-17 11:54:30+0800: Loaded tuning parameters from: F:\homework\毕业设计\katago-v1.13.0-opencl-windows-x64/KataGoData/opencltuning/tune11_gpuNVIDIAGeForceRTX2060_x19_y19_c384_mv14.txt
2024-03-17 11:54:30+0800: OpenCL backend thread 0: Device 0 Model version 14
2024-03-17 11:54:30+0800: OpenCL backend thread 0: Device 0 Model name: kata1-b18c384nbt-s7192213760-d3579182099
2024-03-17 11:54:32+0800: OpenCL backend thread 0: Device 0 FP16Storage true FP16Compute false FP16TensorCores true FP16TensorCoresFor1x1 false
2024-03-17 11:54:32+0800: Loaded neural net with nnXLen 19 nnYLen 19
2024-03-17 11:54:32+0800: Initializing board with boardXSize 19 boardYSize 19
2024-03-17 11:54:32+0800: Loaded config F:\homework\毕业设计\katago-v1.13.0-opencl-windows-x64\gtp_custom.cfg
2024-03-17 11:54:32+0800: Loaded model F:\homework\毕业设计\katago-v1.13.0-opencl-windows-x64\model.bin
2024-03-17 11:54:32+0800: Model name: kata1-b18c384nbt-s7192213760-d3579182099
2024-03-17 11:54:32+0800: GTP ready, beginning main protocol loop
2024-03-17 11:54:36+0800: Controller: loadsgf C:/Users/KILLLAKILL/AppData/LocalLow/DefaultCompany/yiwu/RecentGames\sgf_1701255612.sgf 1
2024-03-17 11:54:36+0800: Changing komi to 5.5
2024-03-17 11:54:36+0800: GPU 0 finishing, processed 0 rows 0 batches
2024-03-17 11:54:36+0800: Cleaned up old neural net and bot
2024-03-17 11:54:36+0800: nnRandSeed0 = 15992861083050772649
2024-03-17 11:54:36+0800: After dedups: nnModelFile0 = F:\homework\毕业设计\katago-v1.13.0-opencl-windows-x64\model.bin useFP16 auto useNHWC auto
2024-03-17 11:54:36+0800: Initializing neural net buffer to be size 9 * 9 exactly
2024-03-17 11:54:36+0800: Found OpenCL Platform 0: NVIDIA CUDA (NVIDIA Corporation) (OpenCL 3.0 CUDA 12.3.99)
2024-03-17 11:54:36+0800: Found 1 device(s) on platform 0 with type CPU or GPU or Accelerator
2024-03-17 11:54:36+0800: Found OpenCL Device 0: NVIDIA GeForce RTX 2060 (NVIDIA Corporation) (score 11000300)
2024-03-17 11:54:36+0800: Creating context for OpenCL Platform: NVIDIA CUDA (NVIDIA Corporation) (OpenCL 3.0 CUDA 12.3.99)
2024-03-17 11:54:37+0800: Using OpenCL Device 0: NVIDIA GeForce RTX 2060 (NVIDIA Corporation) OpenCL 3.0 CUDA (Extensions: cl_khr_global_int32_base_atomics cl_khr_global_int32_extended_atomics cl_khr_local_int32_base_atomics cl_khr_local_int32_extended_atomics cl_khr_fp64 cl_khr_3d_image_writes cl_khr_byte_addressable_store cl_khr_icd cl_khr_gl_sharing cl_nv_compiler_options cl_nv_device_attribute_query cl_nv_pragma_unroll cl_nv_d3d10_sharing cl_khr_d3d10_sharing cl_nv_d3d11_sharing cl_nv_copy_opts cl_nv_create_buffer cl_khr_int64_base_atomics cl_khr_int64_extended_atomics cl_khr_device_uuid cl_khr_pci_bus_info cl_khr_external_semaphore cl_khr_external_memory cl_khr_external_semaphore_win32 cl_khr_external_memory_win32)
2024-03-17 11:54:37+0800: Loaded tuning parameters from: F:\homework\毕业设计\katago-v1.13.0-opencl-windows-x64/KataGoData/opencltuning/tune11_gpuNVIDIAGeForceRTX2060_x19_y19_c384_mv14.txt
2024-03-17 11:54:37+0800: OpenCL backend thread 0: Device 0 Model version 14
2024-03-17 11:54:37+0800: OpenCL backend thread 0: Device 0 Model name: kata1-b18c384nbt-s7192213760-d3579182099
2024-03-17 11:54:39+0800: OpenCL backend thread 0: Device 0 FP16Storage true FP16Compute false FP16TensorCores true FP16TensorCoresFor1x1 false
2024-03-17 11:54:39+0800: Loaded neural net with nnXLen 9 nnYLen 9
2024-03-17 11:54:39+0800: Initializing board with boardXSize 9 boardYSize 9
2024-03-17 11:54:39+0800: = 
2024-03-17 11:54:41+0800: Controller: loadsgf C:/Users/KILLLAKILL/AppData/LocalLow/DefaultCompany/yiwu/RecentGames\sgf_1701255612.sgf 6
2024-03-17 11:54:41+0800: = 
2024-03-17 11:54:41+0800: Controller: lz-genmove_analyze maxmoves 6
2024-03-17 11:54:46+0800: MoveNum: 5 HASH: FFE96295C396DA517064CFFB0FD39D37
   A B C D E F G H J
 9 . . . . . . . . .
 8 . . . . . . . . .
 7 . . X . . . . . .
 6 . . . . . . . . .
 5 . . . . O O2. . .
 4 . . . . . . . . .
 3 . . X1. @ . X3. .
 2 . . . . . . . . .
 1 . . . . . . . . .

koSIMPLEscoreAREAtaxNONEsui0whbNfpok1komi5.5
Time taken: 5
Root visits: 3172
New playouts: 3172
NN rows: 2513
NN batches: 629
NN avg batch size: 3.99523
PV: E3 D4 F3 H5 H4 G4 G5 J4 H6 H3 J6 D7 F2 J5 H2 G2 G1 G7 G6 H1 J1 J2 J3 F7 D5
Tree:
: T -55.77c W -51.70c S  -2.78c ( -2.2 L  -1.6) N    3172  --  E3 D4 F3 H5 H4 G4 G5
---White(^)---
E3  : T -53.94c W -49.93c S  -2.70c ( -2.1 L  -1.6) LCB  -58.83c P 38.50% WF 1524.1 PSV    1497 N    2178  --  E3 D4 F3 H5 H4 G4 G5 J4
E7  : T -59.75c W -55.48c S  -2.42c ( -1.9 L  -1.4) LCB  -71.65c P 16.02% WF 198.5 PSV     169 N     283  --  E7 D4 C6 D6 D7 B6 F3 G4
C5  : T -68.51c W -59.92c S  -4.37c ( -3.0 L  -2.4) LCB  -85.15c P 24.47% WF 118.1 PSV     123 N     162  --  C5 E7 F7 D4 D5 F8 G7 G8
F2  : T -53.97c W -51.55c S  -2.69c ( -2.2 L  -1.6) LCB  -61.17c P  1.82% WF 386.9 PSV      69 N     501  --  F2 H5 C5 D4 D5 F3 E7 E8
F3  : T -81.68c W -72.36c S  -3.65c ( -2.5 L  -1.8) LCB -100.78c P  8.97% WF  21.1 PSV      25 N      24  --  F3 F2 E7 C5 E2 E3
G4  : T -78.77c W -73.98c S  -3.42c ( -2.4 L  -1.9) LCB -108.96c P  2.13% WF   6.7 PSV       6 N       7  --  G4 F3 E3 E2
D7  : T -79.44c W -74.37c S  -3.41c ( -2.4 L  -1.5) LCB -129.97c P  1.71% WF   4.2 PSV       5 N       4  --  D7 C6 G4
C6  : T -86.71c W -79.28c S  -4.41c ( -2.9 L  -1.9) LCB -120.32c P  2.00% WF   5.3 PSV       4 N       5  --  C6 D6 D5 B6 C5
D3  : T -90.61c W -81.35c S  -5.12c ( -3.2 L  -2.3) LCB -166.43c P  1.98% WF   3.0 PSV       4 N       3  --  D3 D4 E3
C4  : T -79.66c W -76.13c S  -3.53c ( -2.5 L  -1.3) LCB -429.66c P  0.74% WF   1.2 PSV       2 N       1  --  C4

2024-03-17 11:54:46+0800: = play E3
