2024-04-17 21:28:10+0800: Running with following config:
allowResignation = true
friendlyPassOk = true
hasButton = false
koRule = SIMPLE
lagBuffer = 1.0
logAllGTPCommunication = true
logDir = gtp_logs
logSearchInfo = true
logToStderr = false
multiStoneSuicideLegal = false
nnCacheSizePowerOfTwo = 20
nnMutexPoolSizePowerOfTwo = 16
numNNServerThreadsPerModel = 1
numSearchThreads = 8
openclDeviceToUseThread0 = 0
ponderingEnabled = false
resignConsecTurns = 3
resignThreshold = -0.90
scoringRule = AREA
searchFactorAfterOnePass = 0.50
searchFactorAfterTwoPass = 0.25
searchFactorWhenWinning = 0.40
searchFactorWhenWinningThreshold = 0.95
taxRule = NONE
whiteHandicapBonus = N

2024-04-17 21:28:10+0800: GTP Engine starting...
2024-04-17 21:28:10+0800: KataGo v1.13.0
2024-04-17 21:28:10+0800: Using Chinese rules initially, unless GTP/GUI overrides this
2024-04-17 21:28:10+0800: Using 8 CPU thread(s) for search
2024-04-17 21:28:10+0800: nnRandSeed0 = 6168598500344268220
2024-04-17 21:28:10+0800: After dedups: nnModelFile0 = F:/unity_project/yiwu/Assets/StreamingAssets\katago-v1.13.0-opencl-windows-x64\model.bin useFP16 auto useNHWC auto
2024-04-17 21:28:10+0800: Initializing neural net buffer to be size 19 * 19 exactly
2024-04-17 21:28:11+0800: Found OpenCL Platform 0: NVIDIA CUDA (NVIDIA Corporation) (OpenCL 3.0 CUDA 12.3.99)
2024-04-17 21:28:11+0800: Found 1 device(s) on platform 0 with type CPU or GPU or Accelerator
2024-04-17 21:28:11+0800: Found OpenCL Device 0: NVIDIA GeForce RTX 2060 (NVIDIA Corporation) (score 11000300)
2024-04-17 21:28:11+0800: Creating context for OpenCL Platform: NVIDIA CUDA (NVIDIA Corporation) (OpenCL 3.0 CUDA 12.3.99)
2024-04-17 21:28:11+0800: Using OpenCL Device 0: NVIDIA GeForce RTX 2060 (NVIDIA Corporation) OpenCL 3.0 CUDA (Extensions: cl_khr_global_int32_base_atomics cl_khr_global_int32_extended_atomics cl_khr_local_int32_base_atomics cl_khr_local_int32_extended_atomics cl_khr_fp64 cl_khr_3d_image_writes cl_khr_byte_addressable_store cl_khr_icd cl_khr_gl_sharing cl_nv_compiler_options cl_nv_device_attribute_query cl_nv_pragma_unroll cl_nv_d3d10_sharing cl_khr_d3d10_sharing cl_nv_d3d11_sharing cl_nv_copy_opts cl_nv_create_buffer cl_khr_int64_base_atomics cl_khr_int64_extended_atomics cl_khr_device_uuid cl_khr_pci_bus_info cl_khr_external_semaphore cl_khr_external_memory cl_khr_external_semaphore_win32 cl_khr_external_memory_win32)
2024-04-17 21:28:11+0800: Loaded tuning parameters from: F:\unity_project\yiwu\Assets\StreamingAssets\katago-v1.13.0-opencl-windows-x64/KataGoData/opencltuning/tune11_gpuNVIDIAGeForceRTX2060_x19_y19_c384_mv14.txt
2024-04-17 21:28:12+0800: OpenCL backend thread 0: Device 0 Model version 14
2024-04-17 21:28:12+0800: OpenCL backend thread 0: Device 0 Model name: kata1-b18c384nbt-s7192213760-d3579182099
2024-04-17 21:28:14+0800: OpenCL backend thread 0: Device 0 FP16Storage true FP16Compute false FP16TensorCores true FP16TensorCoresFor1x1 false
2024-04-17 21:28:14+0800: Loaded neural net with nnXLen 19 nnYLen 19
2024-04-17 21:28:14+0800: Initializing board with boardXSize 19 boardYSize 19
2024-04-17 21:28:14+0800: Loaded config F:/unity_project/yiwu/Assets/StreamingAssets\katago-v1.13.0-opencl-windows-x64\gtp_custom.cfg
2024-04-17 21:28:14+0800: Loaded model F:/unity_project/yiwu/Assets/StreamingAssets\katago-v1.13.0-opencl-windows-x64\model.bin
2024-04-17 21:28:14+0800: Model name: kata1-b18c384nbt-s7192213760-d3579182099
2024-04-17 21:28:14+0800: GTP ready, beginning main protocol loop
2024-04-17 21:28:19+0800: Controller: loadsgf C:/Users/KILLLAKILL/AppData/LocalLow/DefaultCompany/yiwu/RecentGames\sgf_1659790193.sgf 1
2024-04-17 21:28:19+0800: Changing komi to 5.5
2024-04-17 21:28:19+0800: GPU 0 finishing, processed 0 rows 0 batches
2024-04-17 21:28:19+0800: Cleaned up old neural net and bot
2024-04-17 21:28:19+0800: nnRandSeed0 = 15216477375324179838
2024-04-17 21:28:19+0800: After dedups: nnModelFile0 = F:/unity_project/yiwu/Assets/StreamingAssets\katago-v1.13.0-opencl-windows-x64\model.bin useFP16 auto useNHWC auto
2024-04-17 21:28:19+0800: Initializing neural net buffer to be size 9 * 9 exactly
2024-04-17 21:28:19+0800: Found OpenCL Platform 0: NVIDIA CUDA (NVIDIA Corporation) (OpenCL 3.0 CUDA 12.3.99)
2024-04-17 21:28:19+0800: Found 1 device(s) on platform 0 with type CPU or GPU or Accelerator
2024-04-17 21:28:19+0800: Found OpenCL Device 0: NVIDIA GeForce RTX 2060 (NVIDIA Corporation) (score 11000300)
2024-04-17 21:28:19+0800: Creating context for OpenCL Platform: NVIDIA CUDA (NVIDIA Corporation) (OpenCL 3.0 CUDA 12.3.99)
2024-04-17 21:28:20+0800: Using OpenCL Device 0: NVIDIA GeForce RTX 2060 (NVIDIA Corporation) OpenCL 3.0 CUDA (Extensions: cl_khr_global_int32_base_atomics cl_khr_global_int32_extended_atomics cl_khr_local_int32_base_atomics cl_khr_local_int32_extended_atomics cl_khr_fp64 cl_khr_3d_image_writes cl_khr_byte_addressable_store cl_khr_icd cl_khr_gl_sharing cl_nv_compiler_options cl_nv_device_attribute_query cl_nv_pragma_unroll cl_nv_d3d10_sharing cl_khr_d3d10_sharing cl_nv_d3d11_sharing cl_nv_copy_opts cl_nv_create_buffer cl_khr_int64_base_atomics cl_khr_int64_extended_atomics cl_khr_device_uuid cl_khr_pci_bus_info cl_khr_external_semaphore cl_khr_external_memory cl_khr_external_semaphore_win32 cl_khr_external_memory_win32)
2024-04-17 21:28:20+0800: Loaded tuning parameters from: F:\unity_project\yiwu\Assets\StreamingAssets\katago-v1.13.0-opencl-windows-x64/KataGoData/opencltuning/tune11_gpuNVIDIAGeForceRTX2060_x19_y19_c384_mv14.txt
2024-04-17 21:28:20+0800: OpenCL backend thread 0: Device 0 Model version 14
2024-04-17 21:28:20+0800: OpenCL backend thread 0: Device 0 Model name: kata1-b18c384nbt-s7192213760-d3579182099
2024-04-17 21:28:22+0800: OpenCL backend thread 0: Device 0 FP16Storage true FP16Compute false FP16TensorCores true FP16TensorCoresFor1x1 false
2024-04-17 21:28:22+0800: Loaded neural net with nnXLen 9 nnYLen 9
2024-04-17 21:28:22+0800: Initializing board with boardXSize 9 boardYSize 9
2024-04-17 21:28:22+0800: = 
2024-04-17 21:28:25+0800: Controller: loadsgf C:/Users/KILLLAKILL/AppData/LocalLow/DefaultCompany/yiwu/RecentGames\sgf_1659790193.sgf 7
2024-04-17 21:28:25+0800: = 
2024-04-17 21:28:25+0800: Controller: lz-genmove_analyze maxmoves 6
2024-04-17 21:28:30+0800: MoveNum: 6 HASH: 3D4E0F78DD4BFC17707648C28C5310E5
   A B C D E F G H J
 9 . . . . . . . . .
 8 . . . . . . . . .
 7 . . . X . . . . .
 6 . . . . . . . . .
 5 . . . O X . . . .
 4 . . . @ . . . . .
 3 . . . . . . X2. .
 2 . . . . . . O3. .
 1 . . . . . O1. . .

koSIMPLEscoreAREAtaxNONEsui0whbNfpok1komi5.5
Time taken: 5
Root visits: 2642
New playouts: 2642
NN rows: 2441
NN batches: 611
NN avg batch size: 3.99509
PV: D4 F3 C5 F5 F6 E4 D6 G6 G5 F4 G7 H6 F8 D2 C2 D3 C3 H7 H8 H5 D1 J8
Tree:
: T 109.12c W  99.55c S   9.55c (+12.2 L +11.7) N    2642  --  D4 F3 C5 F5 F6 E4 D6
---Black(^)---
D4  : T 109.27c W  99.55c S   9.70c (+12.2 L +11.7) LCB  108.74c P 78.48% WF 9072.6 PSV    9065 N    2549  --  D4 F3 C5 F5 F6 E4 D6 G6
E3  : T 107.09c W  99.44c S   7.39c (+11.3 L +10.5) LCB  104.70c P  4.03% WF  96.0 PSV      90 N      25  --  E3 G4 F3 H3 C3
E4  : T 106.91c W  99.31c S   7.62c (+11.4 L +10.6) LCB  103.33c P  3.19% WF  71.1 PSV      66 N      17  --  E4 C3 D3 C2
D6  : T 107.35c W  99.48c S   7.59c (+11.3 L +10.5) LCB  102.38c P  1.90% WF  59.0 PSV      47 N      15  --  D6 F3 F4 G4
F3  : T 103.58c W  99.25c S   4.76c (+10.1 L  +9.5) LCB   97.17c P  4.62% WF  45.6 PSV      44 N      13  --  F3 E4 F5 D6 E7 C7
D3  : T 104.13c W  99.28c S   5.04c (+10.2 L  +9.5) LCB   60.10c P  1.42% WF  14.5 PSV      15 N       4  --  D3 E4 D4
E2  : T 101.37c W  99.04c S   2.87c ( +9.3 L  +8.5) LCB  -51.97c P  0.81% WF   7.1 PSV       5 N       2  --  E2 E4
F4  : T 100.41c W  99.03c S   2.40c ( +9.1 L  +8.5) LCB  -53.22c P  0.54% WF   7.6 PSV       3 N       2  --  F4 D3
E6  : T 101.73c W  99.19c S   3.21c ( +9.4 L  +8.7) LCB  -50.86c P  0.54% WF   7.6 PSV       3 N       2  --  E6 F3
C3  : T  99.88c W  99.33c S   0.55c ( +8.2 L  +8.2) LCB -250.12c P  0.33% WF   3.0 PSV       2 N       1  --  C3

2024-04-17 21:28:30+0800: = play D4
