2024-03-18 12:27:47+0800: Running with following config:
allowResignation = true
friendlyPassOk = true
hasButton = false
koRule = SIMPLE
lagBuffer = 1.0
logAllGTPCommunication = true
logDir = gtp_logs
logSearchInfo = true
logToStderr = false
multiStoneSuicideLegal = false
nnCacheSizePowerOfTwo = 20
nnMutexPoolSizePowerOfTwo = 16
numNNServerThreadsPerModel = 1
numSearchThreads = 8
openclDeviceToUseThread0 = 0
ponderingEnabled = false
resignConsecTurns = 3
resignThreshold = -0.90
scoringRule = AREA
searchFactorAfterOnePass = 0.50
searchFactorAfterTwoPass = 0.25
searchFactorWhenWinning = 0.40
searchFactorWhenWinningThreshold = 0.95
taxRule = NONE
whiteHandicapBonus = N

2024-03-18 12:27:47+0800: GTP Engine starting...
2024-03-18 12:27:47+0800: KataGo v1.13.0
2024-03-18 12:27:47+0800: Using Chinese rules initially, unless GTP/GUI overrides this
2024-03-18 12:27:47+0800: Using 8 CPU thread(s) for search
2024-03-18 12:27:47+0800: nnRandSeed0 = 18049251837210159800
2024-03-18 12:27:47+0800: After dedups: nnModelFile0 = F:\homework\毕业设计\katago-v1.13.0-opencl-windows-x64\model.bin useFP16 auto useNHWC auto
2024-03-18 12:27:47+0800: Initializing neural net buffer to be size 19 * 19 exactly
2024-03-18 12:27:48+0800: Found OpenCL Platform 0: NVIDIA CUDA (NVIDIA Corporation) (OpenCL 3.0 CUDA 12.3.99)
2024-03-18 12:27:48+0800: Found 1 device(s) on platform 0 with type CPU or GPU or Accelerator
2024-03-18 12:27:48+0800: Found OpenCL Device 0: NVIDIA GeForce RTX 2060 (NVIDIA Corporation) (score 11000300)
2024-03-18 12:27:48+0800: Creating context for OpenCL Platform: NVIDIA CUDA (NVIDIA Corporation) (OpenCL 3.0 CUDA 12.3.99)
2024-03-18 12:27:48+0800: Using OpenCL Device 0: NVIDIA GeForce RTX 2060 (NVIDIA Corporation) OpenCL 3.0 CUDA (Extensions: cl_khr_global_int32_base_atomics cl_khr_global_int32_extended_atomics cl_khr_local_int32_base_atomics cl_khr_local_int32_extended_atomics cl_khr_fp64 cl_khr_3d_image_writes cl_khr_byte_addressable_store cl_khr_icd cl_khr_gl_sharing cl_nv_compiler_options cl_nv_device_attribute_query cl_nv_pragma_unroll cl_nv_d3d10_sharing cl_khr_d3d10_sharing cl_nv_d3d11_sharing cl_nv_copy_opts cl_nv_create_buffer cl_khr_int64_base_atomics cl_khr_int64_extended_atomics cl_khr_device_uuid cl_khr_pci_bus_info cl_khr_external_semaphore cl_khr_external_memory cl_khr_external_semaphore_win32 cl_khr_external_memory_win32)
2024-03-18 12:27:48+0800: Loaded tuning parameters from: F:\homework\毕业设计\katago-v1.13.0-opencl-windows-x64/KataGoData/opencltuning/tune11_gpuNVIDIAGeForceRTX2060_x19_y19_c384_mv14.txt
2024-03-18 12:27:48+0800: OpenCL backend thread 0: Device 0 Model version 14
2024-03-18 12:27:48+0800: OpenCL backend thread 0: Device 0 Model name: kata1-b18c384nbt-s7192213760-d3579182099
2024-03-18 12:27:50+0800: OpenCL backend thread 0: Device 0 FP16Storage true FP16Compute false FP16TensorCores true FP16TensorCoresFor1x1 false
2024-03-18 12:27:50+0800: Loaded neural net with nnXLen 19 nnYLen 19
2024-03-18 12:27:50+0800: Initializing board with boardXSize 19 boardYSize 19
2024-03-18 12:27:50+0800: Loaded config F:\homework\毕业设计\katago-v1.13.0-opencl-windows-x64\gtp_custom.cfg
2024-03-18 12:27:50+0800: Loaded model F:\homework\毕业设计\katago-v1.13.0-opencl-windows-x64\model.bin
2024-03-18 12:27:50+0800: Model name: kata1-b18c384nbt-s7192213760-d3579182099
2024-03-18 12:27:50+0800: GTP ready, beginning main protocol loop
2024-03-18 12:27:54+0800: Controller: loadsgf C:/Users/KILLLAKILL/AppData/LocalLow/DefaultCompany/yiwu/RecentGames\sgf_1701255612.sgf 1
2024-03-18 12:27:54+0800: Changing komi to 5.5
2024-03-18 12:27:54+0800: GPU 0 finishing, processed 0 rows 0 batches
2024-03-18 12:27:54+0800: Cleaned up old neural net and bot
2024-03-18 12:27:54+0800: nnRandSeed0 = 4132699493120051410
2024-03-18 12:27:54+0800: After dedups: nnModelFile0 = F:\homework\毕业设计\katago-v1.13.0-opencl-windows-x64\model.bin useFP16 auto useNHWC auto
2024-03-18 12:27:54+0800: Initializing neural net buffer to be size 9 * 9 exactly
2024-03-18 12:27:54+0800: Found OpenCL Platform 0: NVIDIA CUDA (NVIDIA Corporation) (OpenCL 3.0 CUDA 12.3.99)
2024-03-18 12:27:54+0800: Found 1 device(s) on platform 0 with type CPU or GPU or Accelerator
2024-03-18 12:27:54+0800: Found OpenCL Device 0: NVIDIA GeForce RTX 2060 (NVIDIA Corporation) (score 11000300)
2024-03-18 12:27:54+0800: Creating context for OpenCL Platform: NVIDIA CUDA (NVIDIA Corporation) (OpenCL 3.0 CUDA 12.3.99)
2024-03-18 12:27:55+0800: Using OpenCL Device 0: NVIDIA GeForce RTX 2060 (NVIDIA Corporation) OpenCL 3.0 CUDA (Extensions: cl_khr_global_int32_base_atomics cl_khr_global_int32_extended_atomics cl_khr_local_int32_base_atomics cl_khr_local_int32_extended_atomics cl_khr_fp64 cl_khr_3d_image_writes cl_khr_byte_addressable_store cl_khr_icd cl_khr_gl_sharing cl_nv_compiler_options cl_nv_device_attribute_query cl_nv_pragma_unroll cl_nv_d3d10_sharing cl_khr_d3d10_sharing cl_nv_d3d11_sharing cl_nv_copy_opts cl_nv_create_buffer cl_khr_int64_base_atomics cl_khr_int64_extended_atomics cl_khr_device_uuid cl_khr_pci_bus_info cl_khr_external_semaphore cl_khr_external_memory cl_khr_external_semaphore_win32 cl_khr_external_memory_win32)
2024-03-18 12:27:55+0800: Loaded tuning parameters from: F:\homework\毕业设计\katago-v1.13.0-opencl-windows-x64/KataGoData/opencltuning/tune11_gpuNVIDIAGeForceRTX2060_x19_y19_c384_mv14.txt
2024-03-18 12:27:55+0800: OpenCL backend thread 0: Device 0 Model version 14
2024-03-18 12:27:55+0800: OpenCL backend thread 0: Device 0 Model name: kata1-b18c384nbt-s7192213760-d3579182099
2024-03-18 12:27:57+0800: OpenCL backend thread 0: Device 0 FP16Storage true FP16Compute false FP16TensorCores true FP16TensorCoresFor1x1 false
2024-03-18 12:27:57+0800: Loaded neural net with nnXLen 9 nnYLen 9
2024-03-18 12:27:57+0800: Initializing board with boardXSize 9 boardYSize 9
2024-03-18 12:27:57+0800: = 
2024-03-18 12:27:59+0800: Controller: loadsgf C:/Users/KILLLAKILL/AppData/LocalLow/DefaultCompany/yiwu/RecentGames\sgf_1701255612.sgf 6
2024-03-18 12:27:59+0800: = 
2024-03-18 12:27:59+0800: Controller: lz-genmove_analyze maxmoves 6
2024-03-18 12:28:04+0800: MoveNum: 5 HASH: FFE96295C396DA517064CFFB0FD39D37
   A B C D E F G H J
 9 . . . . . . . . .
 8 . . . . . . . . .
 7 . . X . . . . . .
 6 . . . . . . . . .
 5 . . . . O O2. . .
 4 . . . . . . . . .
 3 . . X1. @ . X3. .
 2 . . . . . . . . .
 1 . . . . . . . . .

koSIMPLEscoreAREAtaxNONEsui0whbNfpok1komi5.5
Time taken: 5
Root visits: 3271
New playouts: 3271
NN rows: 2530
NN batches: 634
NN avg batch size: 3.99054
PV: E3 D4 F3 H5 H4 G4 G5 J4 H6 H3 D7 D6 C8 C6 E7 E6 F7 H7 G7 J6 B8 G6 F6 B7 C2
Tree:
: T -44.78c W -41.92c S  -2.11c ( -1.8 L  -1.4) N    3271  --  E3 D4 F3 H5 H4 G4 G5
---White(^)---
E3  : T -42.26c W -39.83c S  -2.06c ( -1.8 L  -1.4) LCB  -47.20c P 33.02% WF 1750.9 PSV    1709 N    2676  --  E3 D4 F3 H5 H4 G4 G5 J4
E7  : T -48.60c W -46.18c S  -1.65c ( -1.5 L  -1.0) LCB  -58.76c P 15.68% WF 254.6 PSV     178 N     397  --  E7 D4 C6 D6 D7 B6 F3 G4
C5  : T -66.02c W -55.46c S  -3.52c ( -2.5 L  -1.9) LCB  -80.90c P 30.56% WF  90.1 PSV     110 N     137  --  C5 D4 C6 E7 F3 F2 E3 E2
F3  : T -83.25c W -73.54c S  -3.86c ( -2.5 L  -1.9) LCB  -99.97c P  8.27% WF  13.5 PSV      17 N      17  --  F3 F2 E7 C5 G4 E3
F2  : T -56.40c W -52.34c S  -2.57c ( -2.0 L  -1.3) LCB  -83.81c P  1.81% WF  17.4 PSV      10 N      22  --  F2 H5 C5 D4 F3
G4  : T -73.41c W -70.67c S  -3.58c ( -2.4 L  -2.1) LCB -110.41c P  2.28% WF   5.4 PSV       6 N       6  --  G4 F3 D4
D3  : T -91.12c W -81.83c S  -5.60c ( -3.4 L  -2.5) LCB -137.76c P  2.63% WF   4.0 PSV       4 N       4  --  D3 D4 F3
D7  : T -79.82c W -74.47c S  -3.49c ( -2.3 L  -1.4) LCB -128.38c P  1.34% WF   4.0 PSV       3 N       4  --  D7 C6 G4
C6  : T -87.54c W -79.76c S  -4.41c ( -2.8 L  -1.9) LCB -168.90c P  1.61% WF   3.2 PSV       3 N       3  --  C6 D6 D5
C4  : T -81.86c W -77.99c S  -3.87c ( -2.5 L  -1.3) LCB -431.86c P  0.85% WF   1.2 PSV       1 N       1  --  C4

2024-03-18 12:28:04+0800: = play E3
