2024-05-09 21:56:49+0800: Running with following config:
allowResignation = true
friendlyPassOk = true
hasButton = false
koRule = SIMPLE
lagBuffer = 1.0
logAllGTPCommunication = true
logDir = gtp_logs
logSearchInfo = true
logToStderr = false
multiStoneSuicideLegal = false
nnCacheSizePowerOfTwo = 20
nnMutexPoolSizePowerOfTwo = 16
numNNServerThreadsPerModel = 1
numSearchThreads = 8
openclDeviceToUseThread0 = 0
ponderingEnabled = false
resignConsecTurns = 3
resignThreshold = -0.90
scoringRule = AREA
searchFactorAfterOnePass = 0.50
searchFactorAfterTwoPass = 0.25
searchFactorWhenWinning = 0.40
searchFactorWhenWinningThreshold = 0.95
taxRule = NONE
whiteHandicapBonus = N

2024-05-09 21:56:49+0800: GTP Engine starting...
2024-05-09 21:56:49+0800: KataGo v1.13.0
2024-05-09 21:56:49+0800: Using Chinese rules initially, unless GTP/GUI overrides this
2024-05-09 21:56:49+0800: Using 8 CPU thread(s) for search
2024-05-09 21:56:49+0800: nnRandSeed0 = 17880779407484194151
2024-05-09 21:56:49+0800: After dedups: nnModelFile0 = F:/unity_project/yiwu/Assets/StreamingAssets\katago-v1.13.0-opencl-windows-x64\model.bin useFP16 auto useNHWC auto
2024-05-09 21:56:49+0800: Initializing neural net buffer to be size 19 * 19 exactly
2024-05-09 21:56:50+0800: Found OpenCL Platform 0: NVIDIA CUDA (NVIDIA Corporation) (OpenCL 3.0 CUDA 12.3.99)
2024-05-09 21:56:50+0800: Found 1 device(s) on platform 0 with type CPU or GPU or Accelerator
2024-05-09 21:56:50+0800: Found OpenCL Device 0: NVIDIA GeForce RTX 2060 (NVIDIA Corporation) (score 11000300)
2024-05-09 21:56:50+0800: Creating context for OpenCL Platform: NVIDIA CUDA (NVIDIA Corporation) (OpenCL 3.0 CUDA 12.3.99)
2024-05-09 21:56:50+0800: Using OpenCL Device 0: NVIDIA GeForce RTX 2060 (NVIDIA Corporation) OpenCL 3.0 CUDA (Extensions: cl_khr_global_int32_base_atomics cl_khr_global_int32_extended_atomics cl_khr_local_int32_base_atomics cl_khr_local_int32_extended_atomics cl_khr_fp64 cl_khr_3d_image_writes cl_khr_byte_addressable_store cl_khr_icd cl_khr_gl_sharing cl_nv_compiler_options cl_nv_device_attribute_query cl_nv_pragma_unroll cl_nv_d3d10_sharing cl_khr_d3d10_sharing cl_nv_d3d11_sharing cl_nv_copy_opts cl_nv_create_buffer cl_khr_int64_base_atomics cl_khr_int64_extended_atomics cl_khr_device_uuid cl_khr_pci_bus_info cl_khr_external_semaphore cl_khr_external_memory cl_khr_external_semaphore_win32 cl_khr_external_memory_win32)
2024-05-09 21:56:50+0800: Loaded tuning parameters from: F:\unity_project\yiwu\Assets\StreamingAssets\katago-v1.13.0-opencl-windows-x64/KataGoData/opencltuning/tune11_gpuNVIDIAGeForceRTX2060_x19_y19_c384_mv14.txt
2024-05-09 21:56:51+0800: OpenCL backend thread 0: Device 0 Model version 14
2024-05-09 21:56:51+0800: OpenCL backend thread 0: Device 0 Model name: kata1-b18c384nbt-s7192213760-d3579182099
2024-05-09 21:56:53+0800: OpenCL backend thread 0: Device 0 FP16Storage true FP16Compute false FP16TensorCores true FP16TensorCoresFor1x1 false
2024-05-09 21:56:53+0800: Loaded neural net with nnXLen 19 nnYLen 19
2024-05-09 21:56:53+0800: Initializing board with boardXSize 19 boardYSize 19
2024-05-09 21:56:53+0800: Loaded config F:/unity_project/yiwu/Assets/StreamingAssets\katago-v1.13.0-opencl-windows-x64\gtp_custom.cfg
2024-05-09 21:56:53+0800: Loaded model F:/unity_project/yiwu/Assets/StreamingAssets\katago-v1.13.0-opencl-windows-x64\model.bin
2024-05-09 21:56:53+0800: Model name: kata1-b18c384nbt-s7192213760-d3579182099
2024-05-09 21:56:53+0800: GTP ready, beginning main protocol loop
2024-05-09 21:56:57+0800: Controller: clear_board
2024-05-09 21:56:57+0800: = 
2024-05-09 21:56:57+0800: Controller: komi 7.5
2024-05-09 21:56:57+0800: = 
2024-05-09 21:56:57+0800: Controller: boardsize 19
2024-05-09 21:56:57+0800: = 
2024-05-09 21:56:58+0800: Controller: play b O13
2024-05-09 21:56:58+0800: = 
2024-05-09 21:56:58+0800: Controller: genmove w
2024-05-09 21:57:03+0800: MoveNum: 1 HASH: DBCEE65AE43498E0D031342503F88371
   A B C D E F G H J K L M N O P Q R S T
19 . . . . . . . . . . . . . . . . . . .
18 . . . . . . . . . . . . . . . . . . .
17 . . . . . . . . . . . . . . . . . . .
16 . . . . . . . . . . . . . . . . . . .
15 . . . . . . . . . . . . . . . . . . .
14 . . . . . . . . . . . . . . . . . . .
13 . . . . . . . . . . . . . X1. . . . .
12 . . . . . . . . . . . . . . . . . . .
11 . . . . . . . . . . . . . . . . . . .
10 . . . . . . . . . . . . . . . . . . .
 9 . . . . . . . . . . . . . . . . . . .
 8 . . . . . . . . . . . . . . . . . . .
 7 . . . . . . . . . . . . . . . . . . .
 6 . . . . . . . . . . . . . . . . . . .
 5 . . . . . . . . . . . . . . . . . . .
 4 . . . . . . . . . . . . . . . @ . . .
 3 . . . . . . . . . . . . . . . . . . .
 2 . . . . . . . . . . . . . . . . . . .
 1 . . . . . . . . . . . . . . . . . . .

koSIMPLEscoreAREAtaxNONEsui0whbNfpok1komi7.5
Time taken: 5.016
Root visits: 1529
New playouts: 1529
NN rows: 1082
NN batches: 272
NN avg batch size: 3.97794
PV: Q4 D16 R16 D4 O17 R3 Q3 R4 R5 S5 S6 R6
Tree:
: T  35.98c W  35.43c S   0.72c ( +2.5 L  +1.7) N    1529  --  Q4 D16 R16 D4 O17 R3 Q3
---White(^)---
Q4  : T  36.60c W  35.90c S   0.79c ( +2.5 L  +1.7) LCB   35.71c P  7.95% WF 792.6 PSV    1789 N     332  --  Q4 D16 R16 D4 O17 R3 Q3 R4
Q16 : T  36.09c W  35.45c S   0.68c ( +2.4 L  +1.7) LCB   35.50c P 25.78% WF 1112.2 PSV    1112 N     474  --  Q16 D4 Q4 D16 C3 D3 C4 C6
R16 : T  36.21c W  35.73c S   0.75c ( +2.5 L  +1.7) LCB   35.42c P 10.06% WF 693.6 PSV     541 N     300  --  R16 Q4 O17 C4 D16 C17 C16
Q17 : T  35.33c W  35.00c S   0.67c ( +2.4 L  +1.6) LCB   34.44c P 24.80% WF 455.9 PSV     460 N     199  --  Q17 Q4 D4 D16 R3 R4 Q3 O3
D16 : T  35.74c W  35.23c S   0.72c ( +2.5 L  +1.7) LCB   34.49c P  6.48% WF 245.0 PSV     174 N     103  --  D16 Q4 R16 D4 O17 C17 C16 D17
Q3  : T  36.01c W  35.46c S   0.77c ( +2.5 L  +1.6) LCB   33.84c P  1.33% WF  82.3 PSV      49 N      34  --  Q3 Q17 D16 D4 R6 C17 D17
D4  : T  34.62c W  33.96c S   0.74c ( +2.5 L  +1.6) LCB   31.85c P  3.60% WF  54.2 PSV      44 N      22  --  D4 R16 D16 Q4 R3 Q3
R4  : T  34.93c W  34.54c S   0.63c ( +2.4 L  +1.6) LCB   31.84c P  1.96% WF  38.0 PSV      28 N      16  --  R4 Q17 D16 D4 O3 C17 C16
D17 : T  34.90c W  34.59c S   0.69c ( +2.4 L  +1.7) LCB   30.35c P  1.80% WF  30.3 PSV      25 N      13  --  D17 Q17 Q4 D4 C14 R6 O3
C16 : T  34.20c W  34.04c S   0.61c ( +2.4 L  +1.6) LCB   21.56c P  1.47% WF  16.2 PSV      14 N       7  --  C16 Q17 Q4 D4 F17 R6

2024-05-09 21:57:03+0800: = Q4
