2024-03-16 23:38:14+0800: Running with following config:
allowResignation = true
friendlyPassOk = true
hasButton = false
koRule = SIMPLE
lagBuffer = 1.0
logAllGTPCommunication = true
logDir = gtp_logs
logSearchInfo = true
logToStderr = false
multiStoneSuicideLegal = false
nnCacheSizePowerOfTwo = 20
nnMutexPoolSizePowerOfTwo = 16
numNNServerThreadsPerModel = 1
numSearchThreads = 8
openclDeviceToUseThread0 = 0
ponderingEnabled = false
resignConsecTurns = 3
resignThreshold = -0.90
scoringRule = AREA
searchFactorAfterOnePass = 0.50
searchFactorAfterTwoPass = 0.25
searchFactorWhenWinning = 0.40
searchFactorWhenWinningThreshold = 0.95
taxRule = NONE
whiteHandicapBonus = N

2024-03-16 23:38:14+0800: GTP Engine starting...
2024-03-16 23:38:14+0800: KataGo v1.13.0
2024-03-16 23:38:14+0800: Using Chinese rules initially, unless GTP/GUI overrides this
2024-03-16 23:38:14+0800: Using 8 CPU thread(s) for search
2024-03-16 23:38:14+0800: nnRandSeed0 = 9897371683042839387
2024-03-16 23:38:14+0800: After dedups: nnModelFile0 = F:\homework\毕业设计\katago-v1.13.0-opencl-windows-x64\model.bin useFP16 auto useNHWC auto
2024-03-16 23:38:14+0800: Initializing neural net buffer to be size 19 * 19 exactly
2024-03-16 23:38:14+0800: Found OpenCL Platform 0: NVIDIA CUDA (NVIDIA Corporation) (OpenCL 3.0 CUDA 12.3.99)
2024-03-16 23:38:14+0800: Found 1 device(s) on platform 0 with type CPU or GPU or Accelerator
2024-03-16 23:38:14+0800: Found OpenCL Device 0: NVIDIA GeForce RTX 2060 (NVIDIA Corporation) (score 11000300)
2024-03-16 23:38:14+0800: Creating context for OpenCL Platform: NVIDIA CUDA (NVIDIA Corporation) (OpenCL 3.0 CUDA 12.3.99)
2024-03-16 23:38:15+0800: Using OpenCL Device 0: NVIDIA GeForce RTX 2060 (NVIDIA Corporation) OpenCL 3.0 CUDA (Extensions: cl_khr_global_int32_base_atomics cl_khr_global_int32_extended_atomics cl_khr_local_int32_base_atomics cl_khr_local_int32_extended_atomics cl_khr_fp64 cl_khr_3d_image_writes cl_khr_byte_addressable_store cl_khr_icd cl_khr_gl_sharing cl_nv_compiler_options cl_nv_device_attribute_query cl_nv_pragma_unroll cl_nv_d3d10_sharing cl_khr_d3d10_sharing cl_nv_d3d11_sharing cl_nv_copy_opts cl_nv_create_buffer cl_khr_int64_base_atomics cl_khr_int64_extended_atomics cl_khr_device_uuid cl_khr_pci_bus_info cl_khr_external_semaphore cl_khr_external_memory cl_khr_external_semaphore_win32 cl_khr_external_memory_win32)
2024-03-16 23:38:15+0800: Loaded tuning parameters from: F:\homework\毕业设计\katago-v1.13.0-opencl-windows-x64/KataGoData/opencltuning/tune11_gpuNVIDIAGeForceRTX2060_x19_y19_c384_mv14.txt
2024-03-16 23:38:15+0800: OpenCL backend thread 0: Device 0 Model version 14
2024-03-16 23:38:15+0800: OpenCL backend thread 0: Device 0 Model name: kata1-b18c384nbt-s7192213760-d3579182099
2024-03-16 23:38:17+0800: OpenCL backend thread 0: Device 0 FP16Storage true FP16Compute false FP16TensorCores true FP16TensorCoresFor1x1 false
2024-03-16 23:38:17+0800: Loaded neural net with nnXLen 19 nnYLen 19
2024-03-16 23:38:17+0800: Initializing board with boardXSize 19 boardYSize 19
2024-03-16 23:38:17+0800: Loaded config F:\homework\毕业设计\katago-v1.13.0-opencl-windows-x64\gtp_custom.cfg
2024-03-16 23:38:17+0800: Loaded model F:\homework\毕业设计\katago-v1.13.0-opencl-windows-x64\model.bin
2024-03-16 23:38:17+0800: Model name: kata1-b18c384nbt-s7192213760-d3579182099
2024-03-16 23:38:17+0800: GTP ready, beginning main protocol loop
2024-03-16 23:38:26+0800: Controller: loadsgf C:/Users/KILLLAKILL/AppData/LocalLow/DefaultCompany/yiwu/RecentGames\sgf_1659790193.sgf 1
2024-03-16 23:38:26+0800: Changing komi to 5.5
2024-03-16 23:38:26+0800: GPU 0 finishing, processed 0 rows 0 batches
2024-03-16 23:38:26+0800: Cleaned up old neural net and bot
2024-03-16 23:38:26+0800: nnRandSeed0 = 15155474594520346465
2024-03-16 23:38:26+0800: After dedups: nnModelFile0 = F:\homework\毕业设计\katago-v1.13.0-opencl-windows-x64\model.bin useFP16 auto useNHWC auto
2024-03-16 23:38:26+0800: Initializing neural net buffer to be size 9 * 9 exactly
2024-03-16 23:38:27+0800: Found OpenCL Platform 0: NVIDIA CUDA (NVIDIA Corporation) (OpenCL 3.0 CUDA 12.3.99)
2024-03-16 23:38:27+0800: Found 1 device(s) on platform 0 with type CPU or GPU or Accelerator
2024-03-16 23:38:27+0800: Found OpenCL Device 0: NVIDIA GeForce RTX 2060 (NVIDIA Corporation) (score 11000300)
2024-03-16 23:38:27+0800: Creating context for OpenCL Platform: NVIDIA CUDA (NVIDIA Corporation) (OpenCL 3.0 CUDA 12.3.99)
2024-03-16 23:38:27+0800: Using OpenCL Device 0: NVIDIA GeForce RTX 2060 (NVIDIA Corporation) OpenCL 3.0 CUDA (Extensions: cl_khr_global_int32_base_atomics cl_khr_global_int32_extended_atomics cl_khr_local_int32_base_atomics cl_khr_local_int32_extended_atomics cl_khr_fp64 cl_khr_3d_image_writes cl_khr_byte_addressable_store cl_khr_icd cl_khr_gl_sharing cl_nv_compiler_options cl_nv_device_attribute_query cl_nv_pragma_unroll cl_nv_d3d10_sharing cl_khr_d3d10_sharing cl_nv_d3d11_sharing cl_nv_copy_opts cl_nv_create_buffer cl_khr_int64_base_atomics cl_khr_int64_extended_atomics cl_khr_device_uuid cl_khr_pci_bus_info cl_khr_external_semaphore cl_khr_external_memory cl_khr_external_semaphore_win32 cl_khr_external_memory_win32)
2024-03-16 23:38:27+0800: Loaded tuning parameters from: F:\homework\毕业设计\katago-v1.13.0-opencl-windows-x64/KataGoData/opencltuning/tune11_gpuNVIDIAGeForceRTX2060_x19_y19_c384_mv14.txt
2024-03-16 23:38:27+0800: OpenCL backend thread 0: Device 0 Model version 14
2024-03-16 23:38:27+0800: OpenCL backend thread 0: Device 0 Model name: kata1-b18c384nbt-s7192213760-d3579182099
2024-03-16 23:38:30+0800: OpenCL backend thread 0: Device 0 FP16Storage true FP16Compute false FP16TensorCores true FP16TensorCoresFor1x1 false
2024-03-16 23:38:30+0800: Loaded neural net with nnXLen 9 nnYLen 9
2024-03-16 23:38:30+0800: Initializing board with boardXSize 9 boardYSize 9
2024-03-16 23:38:30+0800: = 
2024-03-16 23:38:39+0800: Controller: loadsgf C:/Users/KILLLAKILL/AppData/LocalLow/DefaultCompany/yiwu/RecentGames\sgf_1659790193.sgf 4
2024-03-16 23:38:39+0800: = 
2024-03-16 23:38:40+0800: Controller: lz-genmove_analyze maxmoves 6
2024-03-16 23:38:45+0800: MoveNum: 3 HASH: 4FD053605BDA3B3AC611A19BC31D9EF0
   A B C D E F G H J
 9 . . . . . . . . .
 8 . . . . . . . . .
 7 . . . X3. . . . .
 6 . . . . . . . . .
 5 . . . O2X1. . . .
 4 . . . . @ . . . .
 3 . . . . . . . . .
 2 . . . . . . . . .
 1 . . . . . . . . .

koSIMPLEscoreAREAtaxNONEsui0whbNfpok1komi5.5
Time taken: 5
Root visits: 4527
New playouts: 4527
NN rows: 2381
NN batches: 596
NN avg batch size: 3.99497
PV: E4 F5 D6 E7 D4 G3 C7 C8 E6 F6 F7 G7 F3 F8 G2 B7 C6 H2 H3 G4 J2 B3 E2 B5
Tree:
: T  41.54c W  39.39c S   2.81c ( +0.9 L  +0.8) N    4527  --  E4 F5 D6 E7 D4 G3 C7
---White(^)---
E4  : T  42.59c W  40.37c S   2.90c ( +1.0 L  +0.8) LCB   39.26c P 85.68% WF 2681.9 PSV    2668 N    4499  --  E4 F5 D6 E7 D4 G3 C7 C8
D4  : T -42.57c W -38.71c S  -2.15c ( -1.5 L  -1.0) LCB  -60.24c P  7.42% WF   5.2 PSV       8 N       8  --  D4 E4 E3 F3 D3 G4 E6
D6  : T -76.29c W -67.51c S  -4.24c ( -2.6 L  -1.9) LCB -153.02c P  4.33% WF   1.9 PSV       3 N       3  --  D6 E6 D4
E6  : T -92.51c W -85.53c S  -6.98c ( -4.1 L  -3.6) LCB -442.51c P  1.61% WF   1.2 PSV       1 N       1  --  E6
D3  : T -74.30c W -69.87c S  -4.43c ( -2.7 L  -1.1) LCB -424.30c P  0.19% WF   0.8 PSV       0 N       1  --  D3
G6  : T -100.91c W -91.05c S  -9.86c ( -5.4 L  -4.2) LCB -450.91c P  0.15% WF   1.2 PSV       0 N       1  --  G6
G5  : T -97.68c W -89.31c S  -8.37c ( -4.7 L  -3.5) LCB -447.68c P  0.10% WF   1.0 PSV       0 N       1  --  G5
E3  : T -94.96c W -87.11c S  -7.85c ( -4.1 L  -3.4) LCB -444.96c P  0.05% WF   1.0 PSV       0 N       1  --  E3
G4  : T -101.28c W -91.81c S  -9.47c ( -5.1 L  -4.2) LCB -451.28c P  0.04% WF   1.4 PSV       0 N       1  --  G4
C7  : T -99.25c W -91.77c S  -7.48c ( -4.2 L  -2.9) LCB -449.25c P  0.04% WF   1.3 PSV       0 N       1  --  C7

2024-03-16 23:38:45+0800: = play E4
