2024-03-15 15:36:10+0800: Running with following config:
allowResignation = true
friendlyPassOk = true
hasButton = false
koRule = SIMPLE
lagBuffer = 1.0
logAllGTPCommunication = true
logDir = gtp_logs
logSearchInfo = true
logToStderr = false
multiStoneSuicideLegal = false
nnCacheSizePowerOfTwo = 20
nnMutexPoolSizePowerOfTwo = 16
numNNServerThreadsPerModel = 1
numSearchThreads = 8
openclDeviceToUseThread0 = 0
ponderingEnabled = false
resignConsecTurns = 3
resignThreshold = -0.90
scoringRule = AREA
searchFactorAfterOnePass = 0.50
searchFactorAfterTwoPass = 0.25
searchFactorWhenWinning = 0.40
searchFactorWhenWinningThreshold = 0.95
taxRule = NONE
whiteHandicapBonus = N

2024-03-15 15:36:10+0800: GTP Engine starting...
2024-03-15 15:36:10+0800: KataGo v1.13.0
2024-03-15 15:36:10+0800: Using Chinese rules initially, unless GTP/GUI overrides this
2024-03-15 15:36:10+0800: Using 8 CPU thread(s) for search
2024-03-15 15:36:10+0800: nnRandSeed0 = 17632890458724086642
2024-03-15 15:36:10+0800: After dedups: nnModelFile0 = F:\homework\毕业设计\katago-v1.13.0-opencl-windows-x64\model.bin useFP16 auto useNHWC auto
2024-03-15 15:36:10+0800: Initializing neural net buffer to be size 19 * 19 exactly
2024-03-15 15:36:10+0800: Found OpenCL Platform 0: NVIDIA CUDA (NVIDIA Corporation) (OpenCL 3.0 CUDA 12.3.99)
2024-03-15 15:36:10+0800: Found 1 device(s) on platform 0 with type CPU or GPU or Accelerator
2024-03-15 15:36:10+0800: Found OpenCL Device 0: NVIDIA GeForce RTX 2060 (NVIDIA Corporation) (score 11000300)
2024-03-15 15:36:10+0800: Creating context for OpenCL Platform: NVIDIA CUDA (NVIDIA Corporation) (OpenCL 3.0 CUDA 12.3.99)
2024-03-15 15:36:11+0800: Using OpenCL Device 0: NVIDIA GeForce RTX 2060 (NVIDIA Corporation) OpenCL 3.0 CUDA (Extensions: cl_khr_global_int32_base_atomics cl_khr_global_int32_extended_atomics cl_khr_local_int32_base_atomics cl_khr_local_int32_extended_atomics cl_khr_fp64 cl_khr_3d_image_writes cl_khr_byte_addressable_store cl_khr_icd cl_khr_gl_sharing cl_nv_compiler_options cl_nv_device_attribute_query cl_nv_pragma_unroll cl_nv_d3d10_sharing cl_khr_d3d10_sharing cl_nv_d3d11_sharing cl_nv_copy_opts cl_nv_create_buffer cl_khr_int64_base_atomics cl_khr_int64_extended_atomics cl_khr_device_uuid cl_khr_pci_bus_info cl_khr_external_semaphore cl_khr_external_memory cl_khr_external_semaphore_win32 cl_khr_external_memory_win32)
2024-03-15 15:36:11+0800: Loaded tuning parameters from: F:\homework\毕业设计\katago-v1.13.0-opencl-windows-x64/KataGoData/opencltuning/tune11_gpuNVIDIAGeForceRTX2060_x19_y19_c384_mv14.txt
2024-03-15 15:36:11+0800: OpenCL backend thread 0: Device 0 Model version 14
2024-03-15 15:36:11+0800: OpenCL backend thread 0: Device 0 Model name: kata1-b18c384nbt-s7192213760-d3579182099
2024-03-15 15:36:13+0800: OpenCL backend thread 0: Device 0 FP16Storage true FP16Compute false FP16TensorCores true FP16TensorCoresFor1x1 false
2024-03-15 15:36:13+0800: Loaded neural net with nnXLen 19 nnYLen 19
2024-03-15 15:36:13+0800: Initializing board with boardXSize 19 boardYSize 19
2024-03-15 15:36:13+0800: Loaded config F:\homework\毕业设计\katago-v1.13.0-opencl-windows-x64\gtp_custom.cfg
2024-03-15 15:36:13+0800: Loaded model F:\homework\毕业设计\katago-v1.13.0-opencl-windows-x64\model.bin
2024-03-15 15:36:13+0800: Model name: kata1-b18c384nbt-s7192213760-d3579182099
2024-03-15 15:36:13+0800: GTP ready, beginning main protocol loop
2024-03-15 15:36:19+0800: Controller: loadsgf C:/Users/KILLLAKILL/AppData/LocalLow/DefaultCompany/yiwu/RecentGames\sgf_1659790193.sgf 1
2024-03-15 15:36:19+0800: Changing komi to 5.5
2024-03-15 15:36:19+0800: GPU 0 finishing, processed 0 rows 0 batches
2024-03-15 15:36:19+0800: Cleaned up old neural net and bot
2024-03-15 15:36:19+0800: nnRandSeed0 = 10319745490786017365
2024-03-15 15:36:19+0800: After dedups: nnModelFile0 = F:\homework\毕业设计\katago-v1.13.0-opencl-windows-x64\model.bin useFP16 auto useNHWC auto
2024-03-15 15:36:19+0800: Initializing neural net buffer to be size 9 * 9 exactly
2024-03-15 15:36:19+0800: Found OpenCL Platform 0: NVIDIA CUDA (NVIDIA Corporation) (OpenCL 3.0 CUDA 12.3.99)
2024-03-15 15:36:19+0800: Found 1 device(s) on platform 0 with type CPU or GPU or Accelerator
2024-03-15 15:36:19+0800: Found OpenCL Device 0: NVIDIA GeForce RTX 2060 (NVIDIA Corporation) (score 11000300)
2024-03-15 15:36:19+0800: Creating context for OpenCL Platform: NVIDIA CUDA (NVIDIA Corporation) (OpenCL 3.0 CUDA 12.3.99)
2024-03-15 15:36:20+0800: Using OpenCL Device 0: NVIDIA GeForce RTX 2060 (NVIDIA Corporation) OpenCL 3.0 CUDA (Extensions: cl_khr_global_int32_base_atomics cl_khr_global_int32_extended_atomics cl_khr_local_int32_base_atomics cl_khr_local_int32_extended_atomics cl_khr_fp64 cl_khr_3d_image_writes cl_khr_byte_addressable_store cl_khr_icd cl_khr_gl_sharing cl_nv_compiler_options cl_nv_device_attribute_query cl_nv_pragma_unroll cl_nv_d3d10_sharing cl_khr_d3d10_sharing cl_nv_d3d11_sharing cl_nv_copy_opts cl_nv_create_buffer cl_khr_int64_base_atomics cl_khr_int64_extended_atomics cl_khr_device_uuid cl_khr_pci_bus_info cl_khr_external_semaphore cl_khr_external_memory cl_khr_external_semaphore_win32 cl_khr_external_memory_win32)
2024-03-15 15:36:20+0800: Loaded tuning parameters from: F:\homework\毕业设计\katago-v1.13.0-opencl-windows-x64/KataGoData/opencltuning/tune11_gpuNVIDIAGeForceRTX2060_x19_y19_c384_mv14.txt
2024-03-15 15:36:20+0800: OpenCL backend thread 0: Device 0 Model version 14
2024-03-15 15:36:20+0800: OpenCL backend thread 0: Device 0 Model name: kata1-b18c384nbt-s7192213760-d3579182099
2024-03-15 15:36:22+0800: OpenCL backend thread 0: Device 0 FP16Storage true FP16Compute false FP16TensorCores true FP16TensorCoresFor1x1 false
2024-03-15 15:36:22+0800: Loaded neural net with nnXLen 9 nnYLen 9
2024-03-15 15:36:22+0800: Initializing board with boardXSize 9 boardYSize 9
2024-03-15 15:36:22+0800: = 
2024-03-15 15:36:25+0800: Controller: loadsgf C:/Users/KILLLAKILL/AppData/LocalLow/DefaultCompany/yiwu/RecentGames\sgf_1659790193.sgf 1
2024-03-15 15:36:25+0800: = 
2024-03-15 15:36:25+0800: Controller: lz-genmove_analyze maxmoves 6
2024-03-15 15:36:30+0800: MoveNum: 0 HASH: 9F0B2D702FC8448C75410E097F089AEB
   A B C D E F G H J
 9 . . . . . . . . .
 8 . . . . . . . . .
 7 . . . . . . . . .
 6 . . . . . @ . . .
 5 . . . . . . . . .
 4 . . . . . . . . .
 3 . . . . . . . . .
 2 . . . . . . . . .
 1 . . . . . . . . .

koSIMPLEscoreAREAtaxNONEsui0whbNfpok1komi5.5
Time taken: 5
Root visits: 2777
New playouts: 2777
NN rows: 2539
NN batches: 636
NN avg batch size: 3.99214
PV: F6 D6 E4 C4 C3 B3 D3 G7 F7 G6 F5 H4 B5 D8 C7 D7 B4 C6 B6 F8 E8 G8 C8 B8 B7
Tree:
: T  46.55c W  46.69c S   0.57c ( +1.8 L  +1.3) N    2777  --  F6 D6 E4 C4 C3 B3 D3
---Black(^)---
F6  : T  47.48c W  47.65c S   0.66c ( +1.9 L  +1.3) LCB   44.49c P 21.54% WF 1863.9 PSV    1848 N    2536  --  F6 D6 E4 C4 C3 B3 D3 G7
E5  : T  41.01c W  40.78c S  -0.07c ( +1.5 L  +0.9) LCB   36.99c P  7.17% WF 223.6 PSV      60 N     204  --  E5 G6 F7 G4 C4 F3 G7 C6
F5  : T  40.16c W  40.97c S  -0.27c ( +1.4 L  +0.9) LCB   30.36c P  0.48% WF  23.5 PSV       3 N      19  --  F5 D5 E3 C3 C7 D7
G5  : T  18.78c W  21.59c S  -1.31c ( +0.9 L  +0.6) LCB  -27.32c P  0.11% WF   3.9 PSV       0 N       4  --  G5 D5 E5 D6
G6  : T  11.96c W  13.12c S  -1.15c ( +1.0 L  +0.9) LCB -137.17c P  0.12% WF   2.4 PSV       0 N       2  --  G6 D4
G7  : T -59.13c W -53.74c S  -5.39c ( -1.1 L  -0.2) LCB -409.13c P  0.00% WF   0.5 PSV       0 N       1  --  G7
H5  : T -73.95c W -67.30c S  -6.65c ( -1.8 L  -0.7) LCB -423.95c P  0.00% WF   0.2 PSV       0 N       1  --  H5
H7  : T -106.27c W -93.72c S -12.55c ( -4.3 L  -3.3) LCB -456.27c P  0.00% WF   0.1 PSV       0 N       1  --  H7
H6  : T -91.11c W -82.40c S  -8.70c ( -2.7 L  -1.5) LCB -441.11c P  0.00% WF   0.1 PSV       0 N       1  --  H6
J6  : T -118.46c W -99.51c S -18.95c ( -7.6 L  -7.7) LCB -468.46c P  0.00% WF   0.1 PSV       0 N       1  --  J6

2024-03-15 15:36:30+0800: = play F6
