2024-03-17 00:01:05+0800: Running with following config:
allowResignation = true
friendlyPassOk = true
hasButton = false
koRule = SIMPLE
lagBuffer = 1.0
logAllGTPCommunication = true
logDir = gtp_logs
logSearchInfo = true
logToStderr = false
multiStoneSuicideLegal = false
nnCacheSizePowerOfTwo = 20
nnMutexPoolSizePowerOfTwo = 16
numNNServerThreadsPerModel = 1
numSearchThreads = 8
openclDeviceToUseThread0 = 0
ponderingEnabled = false
resignConsecTurns = 3
resignThreshold = -0.90
scoringRule = AREA
searchFactorAfterOnePass = 0.50
searchFactorAfterTwoPass = 0.25
searchFactorWhenWinning = 0.40
searchFactorWhenWinningThreshold = 0.95
taxRule = NONE
whiteHandicapBonus = N

2024-03-17 00:01:05+0800: GTP Engine starting...
2024-03-17 00:01:05+0800: KataGo v1.13.0
2024-03-17 00:01:05+0800: Using Chinese rules initially, unless GTP/GUI overrides this
2024-03-17 00:01:05+0800: Using 8 CPU thread(s) for search
2024-03-17 00:01:05+0800: nnRandSeed0 = 6766766326949547887
2024-03-17 00:01:05+0800: After dedups: nnModelFile0 = F:\homework\毕业设计\katago-v1.13.0-opencl-windows-x64\model.bin useFP16 auto useNHWC auto
2024-03-17 00:01:05+0800: Initializing neural net buffer to be size 19 * 19 exactly
2024-03-17 00:01:06+0800: Found OpenCL Platform 0: NVIDIA CUDA (NVIDIA Corporation) (OpenCL 3.0 CUDA 12.3.99)
2024-03-17 00:01:06+0800: Found 1 device(s) on platform 0 with type CPU or GPU or Accelerator
2024-03-17 00:01:06+0800: Found OpenCL Device 0: NVIDIA GeForce RTX 2060 (NVIDIA Corporation) (score 11000300)
2024-03-17 00:01:06+0800: Creating context for OpenCL Platform: NVIDIA CUDA (NVIDIA Corporation) (OpenCL 3.0 CUDA 12.3.99)
2024-03-17 00:01:06+0800: Using OpenCL Device 0: NVIDIA GeForce RTX 2060 (NVIDIA Corporation) OpenCL 3.0 CUDA (Extensions: cl_khr_global_int32_base_atomics cl_khr_global_int32_extended_atomics cl_khr_local_int32_base_atomics cl_khr_local_int32_extended_atomics cl_khr_fp64 cl_khr_3d_image_writes cl_khr_byte_addressable_store cl_khr_icd cl_khr_gl_sharing cl_nv_compiler_options cl_nv_device_attribute_query cl_nv_pragma_unroll cl_nv_d3d10_sharing cl_khr_d3d10_sharing cl_nv_d3d11_sharing cl_nv_copy_opts cl_nv_create_buffer cl_khr_int64_base_atomics cl_khr_int64_extended_atomics cl_khr_device_uuid cl_khr_pci_bus_info cl_khr_external_semaphore cl_khr_external_memory cl_khr_external_semaphore_win32 cl_khr_external_memory_win32)
2024-03-17 00:01:06+0800: Loaded tuning parameters from: F:\homework\毕业设计\katago-v1.13.0-opencl-windows-x64/KataGoData/opencltuning/tune11_gpuNVIDIAGeForceRTX2060_x19_y19_c384_mv14.txt
2024-03-17 00:01:06+0800: OpenCL backend thread 0: Device 0 Model version 14
2024-03-17 00:01:06+0800: OpenCL backend thread 0: Device 0 Model name: kata1-b18c384nbt-s7192213760-d3579182099
2024-03-17 00:01:09+0800: OpenCL backend thread 0: Device 0 FP16Storage true FP16Compute false FP16TensorCores true FP16TensorCoresFor1x1 false
2024-03-17 00:01:09+0800: Loaded neural net with nnXLen 19 nnYLen 19
2024-03-17 00:01:09+0800: Initializing board with boardXSize 19 boardYSize 19
2024-03-17 00:01:09+0800: Loaded config F:\homework\毕业设计\katago-v1.13.0-opencl-windows-x64\gtp_custom.cfg
2024-03-17 00:01:09+0800: Loaded model F:\homework\毕业设计\katago-v1.13.0-opencl-windows-x64\model.bin
2024-03-17 00:01:09+0800: Model name: kata1-b18c384nbt-s7192213760-d3579182099
2024-03-17 00:01:09+0800: GTP ready, beginning main protocol loop
2024-03-17 00:01:12+0800: Controller: loadsgf C:/Users/KILLLAKILL/AppData/LocalLow/DefaultCompany/yiwu/RecentGames\sgf_1659790193.sgf 1
2024-03-17 00:01:12+0800: Changing komi to 5.5
2024-03-17 00:01:12+0800: GPU 0 finishing, processed 0 rows 0 batches
2024-03-17 00:01:12+0800: Cleaned up old neural net and bot
2024-03-17 00:01:12+0800: nnRandSeed0 = 13735842905024856444
2024-03-17 00:01:12+0800: After dedups: nnModelFile0 = F:\homework\毕业设计\katago-v1.13.0-opencl-windows-x64\model.bin useFP16 auto useNHWC auto
2024-03-17 00:01:12+0800: Initializing neural net buffer to be size 9 * 9 exactly
2024-03-17 00:01:13+0800: Found OpenCL Platform 0: NVIDIA CUDA (NVIDIA Corporation) (OpenCL 3.0 CUDA 12.3.99)
2024-03-17 00:01:13+0800: Found 1 device(s) on platform 0 with type CPU or GPU or Accelerator
2024-03-17 00:01:13+0800: Found OpenCL Device 0: NVIDIA GeForce RTX 2060 (NVIDIA Corporation) (score 11000300)
2024-03-17 00:01:13+0800: Creating context for OpenCL Platform: NVIDIA CUDA (NVIDIA Corporation) (OpenCL 3.0 CUDA 12.3.99)
2024-03-17 00:01:13+0800: Using OpenCL Device 0: NVIDIA GeForce RTX 2060 (NVIDIA Corporation) OpenCL 3.0 CUDA (Extensions: cl_khr_global_int32_base_atomics cl_khr_global_int32_extended_atomics cl_khr_local_int32_base_atomics cl_khr_local_int32_extended_atomics cl_khr_fp64 cl_khr_3d_image_writes cl_khr_byte_addressable_store cl_khr_icd cl_khr_gl_sharing cl_nv_compiler_options cl_nv_device_attribute_query cl_nv_pragma_unroll cl_nv_d3d10_sharing cl_khr_d3d10_sharing cl_nv_d3d11_sharing cl_nv_copy_opts cl_nv_create_buffer cl_khr_int64_base_atomics cl_khr_int64_extended_atomics cl_khr_device_uuid cl_khr_pci_bus_info cl_khr_external_semaphore cl_khr_external_memory cl_khr_external_semaphore_win32 cl_khr_external_memory_win32)
2024-03-17 00:01:13+0800: Loaded tuning parameters from: F:\homework\毕业设计\katago-v1.13.0-opencl-windows-x64/KataGoData/opencltuning/tune11_gpuNVIDIAGeForceRTX2060_x19_y19_c384_mv14.txt
2024-03-17 00:01:14+0800: OpenCL backend thread 0: Device 0 Model version 14
2024-03-17 00:01:14+0800: OpenCL backend thread 0: Device 0 Model name: kata1-b18c384nbt-s7192213760-d3579182099
2024-03-17 00:01:16+0800: OpenCL backend thread 0: Device 0 FP16Storage true FP16Compute false FP16TensorCores true FP16TensorCoresFor1x1 false
2024-03-17 00:01:16+0800: Loaded neural net with nnXLen 9 nnYLen 9
2024-03-17 00:01:16+0800: Initializing board with boardXSize 9 boardYSize 9
2024-03-17 00:01:16+0800: = 
2024-03-17 00:01:17+0800: Controller: loadsgf C:/Users/KILLLAKILL/AppData/LocalLow/DefaultCompany/yiwu/RecentGames\sgf_1659790193.sgf 1
2024-03-17 00:01:17+0800: = 
2024-03-17 00:01:17+0800: Controller: lz-genmove_analyze maxmoves 6
2024-03-17 00:01:22+0800: MoveNum: 0 HASH: 9F0B2D702FC8448C75410E097F089AEB
   A B C D E F G H J
 9 . . . . . . . . .
 8 . . . . . . . . .
 7 . . . . . . . . .
 6 . . . . . @ . . .
 5 . . . . . . . . .
 4 . . . . . . . . .
 3 . . . . . . . . .
 2 . . . . . . . . .
 1 . . . . . . . . .

koSIMPLEscoreAREAtaxNONEsui0whbNfpok1komi5.5
Time taken: 5
Root visits: 2538
New playouts: 2538
NN rows: 2389
NN batches: 598
NN avg batch size: 3.99498
PV: F6 D6 E4 C4 C3 B3 D3 G7 G6 F7 C5 D5 D4 B4 E7 F5 G5 E6 E8 F4
Tree:
: T  45.71c W  45.78c S   0.54c ( +1.8 L  +1.2) N    2538  --  F6 D6 E4 C4 C3 B3 D3
---Black(^)---
F6  : T  46.86c W  46.89c S   0.67c ( +1.9 L  +1.3) LCB   43.80c P 24.70% WF 1709.3 PSV    1690 N    2206  --  F6 D6 E4 C4 C3 B3 D3 G7
E5  : T  41.20c W  41.14c S  -0.05c ( +1.5 L  +0.9) LCB   37.73c P  7.17% WF 327.9 PSV      61 N     288  --  E5 G4 E3 C6 G6 D7 E7 E8
F5  : T  39.94c W  42.46c S  -0.20c ( +1.4 L  +0.9) LCB   31.55c P  0.43% WF  30.4 PSV       3 N      25  --  F5 D5 E7 D3 C6 C5 F3
G5  : T  19.47c W  23.37c S  -0.96c ( +1.1 L  +0.7) LCB  -26.65c P  0.09% WF   4.6 PSV       0 N       5  --  G5 D5 E5 D4
G6  : T  13.93c W  15.31c S  -1.38c ( +0.9 L  +0.9) LCB -336.07c P  0.09% WF   1.2 PSV       0 N       1  --  G6
G7  : T -57.75c W -52.61c S  -5.14c ( -1.0 L  -0.2) LCB -407.75c P  0.00% WF   0.4 PSV       0 N       1  --  G7
H5  : T -80.22c W -72.78c S  -7.44c ( -2.2 L  -1.1) LCB -430.22c P  0.00% WF   0.1 PSV       0 N       1  --  H5
H6  : T -91.11c W -82.40c S  -8.70c ( -2.7 L  -1.5) LCB -441.11c P  0.00% WF   0.1 PSV       0 N       1  --  H6
H7  : T -106.40c W -93.94c S -12.45c ( -4.3 L  -3.3) LCB -456.40c P  0.00% WF   0.1 PSV       0 N       1  --  H7
J8  : T -119.75c W -99.27c S -20.48c ( -8.7 L  -8.8) LCB -469.75c P  0.00% WF   0.1 PSV       0 N       1  --  J8

2024-03-17 00:01:22+0800: = play F6
