2024-03-18 17:43:41+0800: Running with following config:
allowResignation = true
friendlyPassOk = true
hasButton = false
koRule = SIMPLE
lagBuffer = 1.0
logAllGTPCommunication = true
logDir = gtp_logs
logSearchInfo = true
logToStderr = false
multiStoneSuicideLegal = false
nnCacheSizePowerOfTwo = 20
nnMutexPoolSizePowerOfTwo = 16
numNNServerThreadsPerModel = 1
numSearchThreads = 8
openclDeviceToUseThread0 = 0
ponderingEnabled = false
resignConsecTurns = 3
resignThreshold = -0.90
scoringRule = AREA
searchFactorAfterOnePass = 0.50
searchFactorAfterTwoPass = 0.25
searchFactorWhenWinning = 0.40
searchFactorWhenWinningThreshold = 0.95
taxRule = NONE
whiteHandicapBonus = N

2024-03-18 17:43:41+0800: GTP Engine starting...
2024-03-18 17:43:41+0800: KataGo v1.13.0
2024-03-18 17:43:41+0800: Using Chinese rules initially, unless GTP/GUI overrides this
2024-03-18 17:43:41+0800: Using 8 CPU thread(s) for search
2024-03-18 17:43:41+0800: nnRandSeed0 = 919474892528529939
2024-03-18 17:43:41+0800: After dedups: nnModelFile0 = F:\homework\毕业设计\katago-v1.13.0-opencl-windows-x64\model.bin useFP16 auto useNHWC auto
2024-03-18 17:43:41+0800: Initializing neural net buffer to be size 19 * 19 exactly
2024-03-18 17:43:42+0800: Found OpenCL Platform 0: NVIDIA CUDA (NVIDIA Corporation) (OpenCL 3.0 CUDA 12.3.99)
2024-03-18 17:43:42+0800: Found 1 device(s) on platform 0 with type CPU or GPU or Accelerator
2024-03-18 17:43:42+0800: Found OpenCL Device 0: NVIDIA GeForce RTX 2060 (NVIDIA Corporation) (score 11000300)
2024-03-18 17:43:42+0800: Creating context for OpenCL Platform: NVIDIA CUDA (NVIDIA Corporation) (OpenCL 3.0 CUDA 12.3.99)
2024-03-18 17:43:42+0800: Using OpenCL Device 0: NVIDIA GeForce RTX 2060 (NVIDIA Corporation) OpenCL 3.0 CUDA (Extensions: cl_khr_global_int32_base_atomics cl_khr_global_int32_extended_atomics cl_khr_local_int32_base_atomics cl_khr_local_int32_extended_atomics cl_khr_fp64 cl_khr_3d_image_writes cl_khr_byte_addressable_store cl_khr_icd cl_khr_gl_sharing cl_nv_compiler_options cl_nv_device_attribute_query cl_nv_pragma_unroll cl_nv_d3d10_sharing cl_khr_d3d10_sharing cl_nv_d3d11_sharing cl_nv_copy_opts cl_nv_create_buffer cl_khr_int64_base_atomics cl_khr_int64_extended_atomics cl_khr_device_uuid cl_khr_pci_bus_info cl_khr_external_semaphore cl_khr_external_memory cl_khr_external_semaphore_win32 cl_khr_external_memory_win32)
2024-03-18 17:43:42+0800: Loaded tuning parameters from: F:\homework\毕业设计\katago-v1.13.0-opencl-windows-x64/KataGoData/opencltuning/tune11_gpuNVIDIAGeForceRTX2060_x19_y19_c384_mv14.txt
2024-03-18 17:43:42+0800: OpenCL backend thread 0: Device 0 Model version 14
2024-03-18 17:43:42+0800: OpenCL backend thread 0: Device 0 Model name: kata1-b18c384nbt-s7192213760-d3579182099
2024-03-18 17:43:44+0800: OpenCL backend thread 0: Device 0 FP16Storage true FP16Compute false FP16TensorCores true FP16TensorCoresFor1x1 false
2024-03-18 17:43:44+0800: Loaded neural net with nnXLen 19 nnYLen 19
2024-03-18 17:43:44+0800: Initializing board with boardXSize 19 boardYSize 19
2024-03-18 17:43:44+0800: Loaded config F:\homework\毕业设计\katago-v1.13.0-opencl-windows-x64\gtp_custom.cfg
2024-03-18 17:43:44+0800: Loaded model F:\homework\毕业设计\katago-v1.13.0-opencl-windows-x64\model.bin
2024-03-18 17:43:44+0800: Model name: kata1-b18c384nbt-s7192213760-d3579182099
2024-03-18 17:43:44+0800: GTP ready, beginning main protocol loop
2024-03-18 17:43:52+0800: Controller: loadsgf C:/Users/KILLLAKILL/AppData/LocalLow/DefaultCompany/yiwu/RecentGames\sgf_1701255612.sgf 1
2024-03-18 17:43:52+0800: Changing komi to 5.5
2024-03-18 17:43:52+0800: GPU 0 finishing, processed 0 rows 0 batches
2024-03-18 17:43:52+0800: Cleaned up old neural net and bot
2024-03-18 17:43:52+0800: nnRandSeed0 = 1741932603494557367
2024-03-18 17:43:52+0800: After dedups: nnModelFile0 = F:\homework\毕业设计\katago-v1.13.0-opencl-windows-x64\model.bin useFP16 auto useNHWC auto
2024-03-18 17:43:52+0800: Initializing neural net buffer to be size 9 * 9 exactly
2024-03-18 17:43:53+0800: Found OpenCL Platform 0: NVIDIA CUDA (NVIDIA Corporation) (OpenCL 3.0 CUDA 12.3.99)
2024-03-18 17:43:53+0800: Found 1 device(s) on platform 0 with type CPU or GPU or Accelerator
2024-03-18 17:43:53+0800: Found OpenCL Device 0: NVIDIA GeForce RTX 2060 (NVIDIA Corporation) (score 11000300)
2024-03-18 17:43:53+0800: Creating context for OpenCL Platform: NVIDIA CUDA (NVIDIA Corporation) (OpenCL 3.0 CUDA 12.3.99)
2024-03-18 17:43:53+0800: Using OpenCL Device 0: NVIDIA GeForce RTX 2060 (NVIDIA Corporation) OpenCL 3.0 CUDA (Extensions: cl_khr_global_int32_base_atomics cl_khr_global_int32_extended_atomics cl_khr_local_int32_base_atomics cl_khr_local_int32_extended_atomics cl_khr_fp64 cl_khr_3d_image_writes cl_khr_byte_addressable_store cl_khr_icd cl_khr_gl_sharing cl_nv_compiler_options cl_nv_device_attribute_query cl_nv_pragma_unroll cl_nv_d3d10_sharing cl_khr_d3d10_sharing cl_nv_d3d11_sharing cl_nv_copy_opts cl_nv_create_buffer cl_khr_int64_base_atomics cl_khr_int64_extended_atomics cl_khr_device_uuid cl_khr_pci_bus_info cl_khr_external_semaphore cl_khr_external_memory cl_khr_external_semaphore_win32 cl_khr_external_memory_win32)
2024-03-18 17:43:53+0800: Loaded tuning parameters from: F:\homework\毕业设计\katago-v1.13.0-opencl-windows-x64/KataGoData/opencltuning/tune11_gpuNVIDIAGeForceRTX2060_x19_y19_c384_mv14.txt
2024-03-18 17:43:53+0800: OpenCL backend thread 0: Device 0 Model version 14
2024-03-18 17:43:53+0800: OpenCL backend thread 0: Device 0 Model name: kata1-b18c384nbt-s7192213760-d3579182099
2024-03-18 17:43:55+0800: OpenCL backend thread 0: Device 0 FP16Storage true FP16Compute false FP16TensorCores true FP16TensorCoresFor1x1 false
2024-03-18 17:43:55+0800: Loaded neural net with nnXLen 9 nnYLen 9
2024-03-18 17:43:55+0800: Initializing board with boardXSize 9 boardYSize 9
2024-03-18 17:43:55+0800: = 
2024-03-18 17:43:59+0800: Controller: loadsgf C:/Users/KILLLAKILL/AppData/LocalLow/DefaultCompany/yiwu/RecentGames\sgf_1701255612.sgf 6
2024-03-18 17:43:59+0800: = 
2024-03-18 17:43:59+0800: Controller: lz-genmove_analyze maxmoves 6
2024-03-18 17:44:04+0800: MoveNum: 5 HASH: FFE96295C396DA517064CFFB0FD39D37
   A B C D E F G H J
 9 . . . . . . . . .
 8 . . . . . . . . .
 7 . . X . . . . . .
 6 . . . . . . . . .
 5 . . . . O O2. . .
 4 . . . . . . . . .
 3 . . X1. @ . X3. .
 2 . . . . . . . . .
 1 . . . . . . . . .

koSIMPLEscoreAREAtaxNONEsui0whbNfpok1komi5.5
Time taken: 5
Root visits: 3518
New playouts: 3518
NN rows: 2497
NN batches: 625
NN avg batch size: 3.9952
PV: E3 D4 F3 H5 H4 G4 G5 J4 D7 D6 H6 H3 C8 C6 E7 E6 F6 G7 H7 B8 D8 F7 B9 F8 B7
Tree:
: T -48.41c W -45.12c S  -2.62c ( -2.1 L  -1.7) N    3518  --  E3 D4 F3 H5 H4 G4 G5
---White(^)---
E3  : T -47.12c W -43.87c S  -2.65c ( -2.2 L  -1.8) LCB  -51.70c P 33.02% WF 1887.0 PSV    1864 N    2912  --  E3 D4 F3 H5 H4 G4 G5 J4
E7  : T -44.28c W -44.07c S  -1.60c ( -1.4 L  -1.1) LCB  -55.85c P 15.68% WF 268.1 PSV     262 N     395  --  E7 C5 D4 H5 C4 B4 H6 G6
C5  : T -68.66c W -58.53c S  -3.94c ( -2.7 L  -2.1) LCB  -82.86c P 30.56% WF  98.0 PSV     120 N     149  --  C5 D4 D7 D8 F3 F2 E3 E2
F3  : T -82.58c W -72.84c S  -3.87c ( -2.5 L  -1.8) LCB -101.06c P  8.27% WF  15.8 PSV      20 N      19  --  F3 F2 E2 E3 D3 F4 E4 F3
F2  : T -59.11c W -52.98c S  -2.67c ( -2.1 L  -1.4) LCB  -92.40c P  1.81% WF  16.1 PSV      12 N      19  --  F2 H5 C5 D4 D5
G4  : T -76.07c W -72.98c S  -3.54c ( -2.4 L  -2.0) LCB -109.93c P  2.28% WF   5.9 PSV       7 N       6  --  G4 F3 E3
D3  : T -91.20c W -82.24c S  -5.54c ( -3.4 L  -2.4) LCB -137.59c P  2.63% WF   4.1 PSV       5 N       4  --  D3 D4 F3
D7  : T -79.76c W -74.24c S  -3.49c ( -2.3 L  -1.4) LCB -129.12c P  1.34% WF   4.1 PSV       3 N       4  --  D7 C6 G4
C6  : T -88.58c W -80.50c S  -4.62c ( -2.9 L  -1.8) LCB -173.99c P  1.61% WF   3.5 PSV       3 N       3  --  C6 D6 D5
C4  : T -77.48c W -74.41c S  -3.54c ( -2.4 L  -1.5) LCB -229.71c P  0.85% WF   2.1 PSV       2 N       2  --  C4 D4

2024-03-18 17:44:04+0800: = play E3
