2024-03-17 12:17:16+0800: Running with following config:
allowResignation = true
friendlyPassOk = true
hasButton = false
koRule = SIMPLE
lagBuffer = 1.0
logAllGTPCommunication = true
logDir = gtp_logs
logSearchInfo = true
logToStderr = false
multiStoneSuicideLegal = false
nnCacheSizePowerOfTwo = 20
nnMutexPoolSizePowerOfTwo = 16
numNNServerThreadsPerModel = 1
numSearchThreads = 8
openclDeviceToUseThread0 = 0
ponderingEnabled = false
resignConsecTurns = 3
resignThreshold = -0.90
scoringRule = AREA
searchFactorAfterOnePass = 0.50
searchFactorAfterTwoPass = 0.25
searchFactorWhenWinning = 0.40
searchFactorWhenWinningThreshold = 0.95
taxRule = NONE
whiteHandicapBonus = N

2024-03-17 12:17:16+0800: GTP Engine starting...
2024-03-17 12:17:16+0800: KataGo v1.13.0
2024-03-17 12:17:16+0800: Using Chinese rules initially, unless GTP/GUI overrides this
2024-03-17 12:17:16+0800: Using 8 CPU thread(s) for search
2024-03-17 12:17:16+0800: nnRandSeed0 = 286872383691373980
2024-03-17 12:17:16+0800: After dedups: nnModelFile0 = F:\homework\毕业设计\katago-v1.13.0-opencl-windows-x64\model.bin useFP16 auto useNHWC auto
2024-03-17 12:17:16+0800: Initializing neural net buffer to be size 19 * 19 exactly
2024-03-17 12:17:17+0800: Found OpenCL Platform 0: NVIDIA CUDA (NVIDIA Corporation) (OpenCL 3.0 CUDA 12.3.99)
2024-03-17 12:17:17+0800: Found 1 device(s) on platform 0 with type CPU or GPU or Accelerator
2024-03-17 12:17:17+0800: Found OpenCL Device 0: NVIDIA GeForce RTX 2060 (NVIDIA Corporation) (score 11000300)
2024-03-17 12:17:17+0800: Creating context for OpenCL Platform: NVIDIA CUDA (NVIDIA Corporation) (OpenCL 3.0 CUDA 12.3.99)
2024-03-17 12:17:17+0800: Using OpenCL Device 0: NVIDIA GeForce RTX 2060 (NVIDIA Corporation) OpenCL 3.0 CUDA (Extensions: cl_khr_global_int32_base_atomics cl_khr_global_int32_extended_atomics cl_khr_local_int32_base_atomics cl_khr_local_int32_extended_atomics cl_khr_fp64 cl_khr_3d_image_writes cl_khr_byte_addressable_store cl_khr_icd cl_khr_gl_sharing cl_nv_compiler_options cl_nv_device_attribute_query cl_nv_pragma_unroll cl_nv_d3d10_sharing cl_khr_d3d10_sharing cl_nv_d3d11_sharing cl_nv_copy_opts cl_nv_create_buffer cl_khr_int64_base_atomics cl_khr_int64_extended_atomics cl_khr_device_uuid cl_khr_pci_bus_info cl_khr_external_semaphore cl_khr_external_memory cl_khr_external_semaphore_win32 cl_khr_external_memory_win32)
2024-03-17 12:17:17+0800: Loaded tuning parameters from: F:\homework\毕业设计\katago-v1.13.0-opencl-windows-x64/KataGoData/opencltuning/tune11_gpuNVIDIAGeForceRTX2060_x19_y19_c384_mv14.txt
2024-03-17 12:17:17+0800: OpenCL backend thread 0: Device 0 Model version 14
2024-03-17 12:17:17+0800: OpenCL backend thread 0: Device 0 Model name: kata1-b18c384nbt-s7192213760-d3579182099
2024-03-17 12:17:20+0800: OpenCL backend thread 0: Device 0 FP16Storage true FP16Compute false FP16TensorCores true FP16TensorCoresFor1x1 false
2024-03-17 12:17:20+0800: Loaded neural net with nnXLen 19 nnYLen 19
2024-03-17 12:17:20+0800: Initializing board with boardXSize 19 boardYSize 19
2024-03-17 12:17:20+0800: Loaded config F:\homework\毕业设计\katago-v1.13.0-opencl-windows-x64\gtp_custom.cfg
2024-03-17 12:17:20+0800: Loaded model F:\homework\毕业设计\katago-v1.13.0-opencl-windows-x64\model.bin
2024-03-17 12:17:20+0800: Model name: kata1-b18c384nbt-s7192213760-d3579182099
2024-03-17 12:17:20+0800: GTP ready, beginning main protocol loop
2024-03-17 12:17:25+0800: Controller: loadsgf C:/Users/KILLLAKILL/AppData/LocalLow/DefaultCompany/yiwu/RecentGames\sgf_1701255612.sgf 1
2024-03-17 12:17:25+0800: Changing komi to 5.5
2024-03-17 12:17:25+0800: GPU 0 finishing, processed 0 rows 0 batches
2024-03-17 12:17:25+0800: Cleaned up old neural net and bot
2024-03-17 12:17:25+0800: nnRandSeed0 = 13563409538908325051
2024-03-17 12:17:25+0800: After dedups: nnModelFile0 = F:\homework\毕业设计\katago-v1.13.0-opencl-windows-x64\model.bin useFP16 auto useNHWC auto
2024-03-17 12:17:25+0800: Initializing neural net buffer to be size 9 * 9 exactly
2024-03-17 12:17:26+0800: Found OpenCL Platform 0: NVIDIA CUDA (NVIDIA Corporation) (OpenCL 3.0 CUDA 12.3.99)
2024-03-17 12:17:26+0800: Found 1 device(s) on platform 0 with type CPU or GPU or Accelerator
2024-03-17 12:17:26+0800: Found OpenCL Device 0: NVIDIA GeForce RTX 2060 (NVIDIA Corporation) (score 11000300)
2024-03-17 12:17:26+0800: Creating context for OpenCL Platform: NVIDIA CUDA (NVIDIA Corporation) (OpenCL 3.0 CUDA 12.3.99)
2024-03-17 12:17:26+0800: Using OpenCL Device 0: NVIDIA GeForce RTX 2060 (NVIDIA Corporation) OpenCL 3.0 CUDA (Extensions: cl_khr_global_int32_base_atomics cl_khr_global_int32_extended_atomics cl_khr_local_int32_base_atomics cl_khr_local_int32_extended_atomics cl_khr_fp64 cl_khr_3d_image_writes cl_khr_byte_addressable_store cl_khr_icd cl_khr_gl_sharing cl_nv_compiler_options cl_nv_device_attribute_query cl_nv_pragma_unroll cl_nv_d3d10_sharing cl_khr_d3d10_sharing cl_nv_d3d11_sharing cl_nv_copy_opts cl_nv_create_buffer cl_khr_int64_base_atomics cl_khr_int64_extended_atomics cl_khr_device_uuid cl_khr_pci_bus_info cl_khr_external_semaphore cl_khr_external_memory cl_khr_external_semaphore_win32 cl_khr_external_memory_win32)
2024-03-17 12:17:26+0800: Loaded tuning parameters from: F:\homework\毕业设计\katago-v1.13.0-opencl-windows-x64/KataGoData/opencltuning/tune11_gpuNVIDIAGeForceRTX2060_x19_y19_c384_mv14.txt
2024-03-17 12:17:26+0800: OpenCL backend thread 0: Device 0 Model version 14
2024-03-17 12:17:26+0800: OpenCL backend thread 0: Device 0 Model name: kata1-b18c384nbt-s7192213760-d3579182099
2024-03-17 12:17:28+0800: OpenCL backend thread 0: Device 0 FP16Storage true FP16Compute false FP16TensorCores true FP16TensorCoresFor1x1 false
2024-03-17 12:17:28+0800: Loaded neural net with nnXLen 9 nnYLen 9
2024-03-17 12:17:28+0800: Initializing board with boardXSize 9 boardYSize 9
2024-03-17 12:17:28+0800: = 
2024-03-17 12:17:31+0800: Controller: loadsgf C:/Users/KILLLAKILL/AppData/LocalLow/DefaultCompany/yiwu/RecentGames\sgf_1701255612.sgf 6
2024-03-17 12:17:31+0800: = 
2024-03-17 12:17:31+0800: Controller: lz-genmove_analyze maxmoves 6
2024-03-17 12:17:36+0800: MoveNum: 5 HASH: FFE96295C396DA517064CFFB0FD39D37
   A B C D E F G H J
 9 . . . . . . . . .
 8 . . . . . . . . .
 7 . . X . @ . . . .
 6 . . . . . . . . .
 5 . . . . O O2. . .
 4 . . . . . . . . .
 3 . . X1. . . X3. .
 2 . . . . . . . . .
 1 . . . . . . . . .

koSIMPLEscoreAREAtaxNONEsui0whbNfpok1komi5.5
Time taken: 5
Root visits: 3106
New playouts: 3106
NN rows: 2572
NN batches: 644
NN avg batch size: 3.99379
PV: E7 C5 D4 H5 C4 B4 B3 B5 D3 H7 G2 F2 F3 E3 H4 H3 G5
Tree:
: T -54.84c W -52.01c S  -2.59c ( -2.1 L  -1.7) N    3106  --  E7 C5 D4 H5 C4 B4 B3
---White(^)---
E7  : T -48.99c W -48.65c S  -1.68c ( -1.6 L  -1.2) LCB  -57.16c P 17.52% WF 583.5 PSV    2891 N     814  --  E7 C5 D4 H5 C4 B4 B3 B5
E3  : T -54.98c W -51.81c S  -2.84c ( -2.3 L  -1.8) LCB  -60.60c P 34.58% WF 1397.4 PSV    1402 N    2058  --  E3 D4 F3 H5 H4 D6 H6 G6
C5  : T -72.16c W -61.25c S  -3.71c ( -2.7 L  -2.1) LCB  -86.05c P 26.16% WF  97.4 PSV     114 N     139  --  C5 D4 C6 E7 F3 F2 E3 E2
F3  : T -80.21c W -71.13c S  -3.45c ( -2.5 L  -1.8) LCB  -99.00c P  7.30% WF  20.6 PSV      23 N      24  --  F3 F2 E7 C5 G4 E3
D7  : T -62.49c W -62.79c S  -2.23c ( -1.9 L  -1.2) LCB  -76.44c P  2.34% WF  21.3 PSV      21 N      24  --  D7 C6 G4 D8 E8 E7
F2  : T -63.02c W -56.99c S  -2.61c ( -2.2 L  -1.4) LCB  -88.75c P  2.18% WF  19.5 PSV      18 N      22  --  F2 H5 C5 D4 D5 F3
G4  : T -77.59c W -73.98c S  -3.63c ( -2.6 L  -2.2) LCB -100.38c P  2.54% WF   7.5 PSV       9 N       8  --  G4 F3 E3
C6  : T -86.37c W -78.91c S  -4.26c ( -2.9 L  -2.0) LCB -111.64c P  2.37% WF   6.0 PSV       6 N       6  --  C6 D6 D5 B6 C5
D3  : T -90.53c W -81.46c S  -4.99c ( -3.2 L  -2.3) LCB -166.30c P  1.81% WF   3.1 PSV       4 N       3  --  D3 D4 E3
C4  : T -86.06c W -78.99c S  -3.98c ( -2.8 L  -1.7) LCB -163.22c P  1.11% WF   3.3 PSV       2 N       3  --  C4 D4 D5

2024-03-17 12:17:36+0800: = play E7
