2024-03-17 11:27:41+0800: Running with following config:
allowResignation = true
friendlyPassOk = true
hasButton = false
koRule = SIMPLE
lagBuffer = 1.0
logAllGTPCommunication = true
logDir = gtp_logs
logSearchInfo = true
logToStderr = false
multiStoneSuicideLegal = false
nnCacheSizePowerOfTwo = 20
nnMutexPoolSizePowerOfTwo = 16
numNNServerThreadsPerModel = 1
numSearchThreads = 8
openclDeviceToUseThread0 = 0
ponderingEnabled = false
resignConsecTurns = 3
resignThreshold = -0.90
scoringRule = AREA
searchFactorAfterOnePass = 0.50
searchFactorAfterTwoPass = 0.25
searchFactorWhenWinning = 0.40
searchFactorWhenWinningThreshold = 0.95
taxRule = NONE
whiteHandicapBonus = N

2024-03-17 11:27:41+0800: GTP Engine starting...
2024-03-17 11:27:41+0800: KataGo v1.13.0
2024-03-17 11:27:41+0800: Using Chinese rules initially, unless GTP/GUI overrides this
2024-03-17 11:27:41+0800: Using 8 CPU thread(s) for search
2024-03-17 11:27:42+0800: nnRandSeed0 = 16610538135566469418
2024-03-17 11:27:42+0800: After dedups: nnModelFile0 = F:\homework\毕业设计\katago-v1.13.0-opencl-windows-x64\model.bin useFP16 auto useNHWC auto
2024-03-17 11:27:42+0800: Initializing neural net buffer to be size 19 * 19 exactly
2024-03-17 11:27:42+0800: Found OpenCL Platform 0: NVIDIA CUDA (NVIDIA Corporation) (OpenCL 3.0 CUDA 12.3.99)
2024-03-17 11:27:42+0800: Found 1 device(s) on platform 0 with type CPU or GPU or Accelerator
2024-03-17 11:27:42+0800: Found OpenCL Device 0: NVIDIA GeForce RTX 2060 (NVIDIA Corporation) (score 11000300)
2024-03-17 11:27:42+0800: Creating context for OpenCL Platform: NVIDIA CUDA (NVIDIA Corporation) (OpenCL 3.0 CUDA 12.3.99)
2024-03-17 11:27:43+0800: Using OpenCL Device 0: NVIDIA GeForce RTX 2060 (NVIDIA Corporation) OpenCL 3.0 CUDA (Extensions: cl_khr_global_int32_base_atomics cl_khr_global_int32_extended_atomics cl_khr_local_int32_base_atomics cl_khr_local_int32_extended_atomics cl_khr_fp64 cl_khr_3d_image_writes cl_khr_byte_addressable_store cl_khr_icd cl_khr_gl_sharing cl_nv_compiler_options cl_nv_device_attribute_query cl_nv_pragma_unroll cl_nv_d3d10_sharing cl_khr_d3d10_sharing cl_nv_d3d11_sharing cl_nv_copy_opts cl_nv_create_buffer cl_khr_int64_base_atomics cl_khr_int64_extended_atomics cl_khr_device_uuid cl_khr_pci_bus_info cl_khr_external_semaphore cl_khr_external_memory cl_khr_external_semaphore_win32 cl_khr_external_memory_win32)
2024-03-17 11:27:43+0800: Loaded tuning parameters from: F:\homework\毕业设计\katago-v1.13.0-opencl-windows-x64/KataGoData/opencltuning/tune11_gpuNVIDIAGeForceRTX2060_x19_y19_c384_mv14.txt
2024-03-17 11:27:43+0800: OpenCL backend thread 0: Device 0 Model version 14
2024-03-17 11:27:43+0800: OpenCL backend thread 0: Device 0 Model name: kata1-b18c384nbt-s7192213760-d3579182099
2024-03-17 11:27:45+0800: OpenCL backend thread 0: Device 0 FP16Storage true FP16Compute false FP16TensorCores true FP16TensorCoresFor1x1 false
2024-03-17 11:27:45+0800: Loaded neural net with nnXLen 19 nnYLen 19
2024-03-17 11:27:45+0800: Initializing board with boardXSize 19 boardYSize 19
2024-03-17 11:27:45+0800: Loaded config F:\homework\毕业设计\katago-v1.13.0-opencl-windows-x64\gtp_custom.cfg
2024-03-17 11:27:45+0800: Loaded model F:\homework\毕业设计\katago-v1.13.0-opencl-windows-x64\model.bin
2024-03-17 11:27:45+0800: Model name: kata1-b18c384nbt-s7192213760-d3579182099
2024-03-17 11:27:45+0800: GTP ready, beginning main protocol loop
2024-03-17 11:27:55+0800: Controller: loadsgf C:/Users/KILLLAKILL/AppData/LocalLow/DefaultCompany/yiwu/RecentGames\sgf_1701255612.sgf 1
2024-03-17 11:27:55+0800: Changing komi to 5.5
2024-03-17 11:27:55+0800: GPU 0 finishing, processed 0 rows 0 batches
2024-03-17 11:27:55+0800: Cleaned up old neural net and bot
2024-03-17 11:27:55+0800: nnRandSeed0 = 15421296187266906013
2024-03-17 11:27:55+0800: After dedups: nnModelFile0 = F:\homework\毕业设计\katago-v1.13.0-opencl-windows-x64\model.bin useFP16 auto useNHWC auto
2024-03-17 11:27:55+0800: Initializing neural net buffer to be size 9 * 9 exactly
2024-03-17 11:27:56+0800: Found OpenCL Platform 0: NVIDIA CUDA (NVIDIA Corporation) (OpenCL 3.0 CUDA 12.3.99)
2024-03-17 11:27:56+0800: Found 1 device(s) on platform 0 with type CPU or GPU or Accelerator
2024-03-17 11:27:56+0800: Found OpenCL Device 0: NVIDIA GeForce RTX 2060 (NVIDIA Corporation) (score 11000300)
2024-03-17 11:27:56+0800: Creating context for OpenCL Platform: NVIDIA CUDA (NVIDIA Corporation) (OpenCL 3.0 CUDA 12.3.99)
2024-03-17 11:27:56+0800: Using OpenCL Device 0: NVIDIA GeForce RTX 2060 (NVIDIA Corporation) OpenCL 3.0 CUDA (Extensions: cl_khr_global_int32_base_atomics cl_khr_global_int32_extended_atomics cl_khr_local_int32_base_atomics cl_khr_local_int32_extended_atomics cl_khr_fp64 cl_khr_3d_image_writes cl_khr_byte_addressable_store cl_khr_icd cl_khr_gl_sharing cl_nv_compiler_options cl_nv_device_attribute_query cl_nv_pragma_unroll cl_nv_d3d10_sharing cl_khr_d3d10_sharing cl_nv_d3d11_sharing cl_nv_copy_opts cl_nv_create_buffer cl_khr_int64_base_atomics cl_khr_int64_extended_atomics cl_khr_device_uuid cl_khr_pci_bus_info cl_khr_external_semaphore cl_khr_external_memory cl_khr_external_semaphore_win32 cl_khr_external_memory_win32)
2024-03-17 11:27:56+0800: Loaded tuning parameters from: F:\homework\毕业设计\katago-v1.13.0-opencl-windows-x64/KataGoData/opencltuning/tune11_gpuNVIDIAGeForceRTX2060_x19_y19_c384_mv14.txt
2024-03-17 11:27:56+0800: OpenCL backend thread 0: Device 0 Model version 14
2024-03-17 11:27:56+0800: OpenCL backend thread 0: Device 0 Model name: kata1-b18c384nbt-s7192213760-d3579182099
2024-03-17 11:27:58+0800: OpenCL backend thread 0: Device 0 FP16Storage true FP16Compute false FP16TensorCores true FP16TensorCoresFor1x1 false
2024-03-17 11:27:58+0800: Loaded neural net with nnXLen 9 nnYLen 9
2024-03-17 11:27:58+0800: Initializing board with boardXSize 9 boardYSize 9
2024-03-17 11:27:58+0800: = 
2024-03-17 11:28:00+0800: Controller: loadsgf C:/Users/KILLLAKILL/AppData/LocalLow/DefaultCompany/yiwu/RecentGames\sgf_1701255612.sgf 6
2024-03-17 11:28:00+0800: = 
2024-03-17 11:28:00+0800: Controller: lz-genmove_analyze maxmoves 6
2024-03-17 11:28:05+0800: MoveNum: 5 HASH: FFE96295C396DA517064CFFB0FD39D37
   A B C D E F G H J
 9 . . . . . . . . .
 8 . . . . . . . . .
 7 . . X . . . . . .
 6 . . . . . . . . .
 5 . . . . O O2. . .
 4 . . . . . . . . .
 3 . . X1. @ . X3. .
 2 . . . . . . . . .
 1 . . . . . . . . .

koSIMPLEscoreAREAtaxNONEsui0whbNfpok1komi5.5
Time taken: 5
Root visits: 2892
New playouts: 2892
NN rows: 2482
NN batches: 622
NN avg batch size: 3.99035
PV: E3 D4 F3 H5 H4 D6 H6 G6 G7 G5 G4 F6 E6 F7 D7 D5 E7 H7 C2 B2
Tree:
: T -57.21c W -53.02c S  -3.16c ( -2.2 L  -1.8) N    2892  --  E3 D4 F3 H5 H4 D6 H6
---White(^)---
E3  : T -55.94c W -51.41c S  -3.37c ( -2.3 L  -2.0) LCB  -62.35c P 38.51% WF 1298.7 PSV    1283 N    1880  --  E3 D4 F3 H5 H4 D6 H6 G6
E7  : T -56.19c W -53.43c S  -2.24c ( -1.7 L  -1.3) LCB  -65.22c P 13.01% WF 360.0 PSV     359 N     510  --  E7 C5 D4 H5 C4 B4 B3 B5
F2  : T -54.59c W -51.79c S  -2.83c ( -2.2 L  -1.5) LCB  -63.88c P  3.29% WF 228.0 PSV     225 N     278  --  F2 H5 C5 D4 D5 F3 E7 E8
C5  : T -70.56c W -62.56c S  -4.07c ( -2.7 L  -2.1) LCB  -86.47c P 24.63% WF 108.6 PSV     121 N     144  --  C5 E7 E3 D4 F3 D5 G6 H5
D7  : T -59.75c W -59.87c S  -2.41c ( -1.8 L  -1.1) LCB  -77.97c P  2.04% WF  29.4 PSV      27 N      33  --  D7 D6 E7 C6 G4 E6 F6 F7
F3  : T -83.15c W -74.95c S  -4.10c ( -2.6 L  -2.0) LCB  -98.90c P  9.67% WF  22.7 PSV      27 N      26  --  F3 F2 E2 E3 D3 F4 E4 F3
G4  : T -77.57c W -74.13c S  -3.52c ( -2.3 L  -1.9) LCB -110.89c P  2.14% WF   6.8 PSV       7 N       7  --  G4 F3 D4 D3
D3  : T -83.39c W -77.62c S  -5.43c ( -3.3 L  -2.6) LCB -121.88c P  2.46% WF   5.9 PSV       6 N       6  --  D3 D4 E3 E4
C6  : T -87.96c W -79.62c S  -4.51c ( -2.8 L  -1.8) LCB -173.27c P  1.73% WF   3.6 PSV       4 N       3  --  C6 D6 D5
F7  : T -83.92c W -79.63c S  -4.29c ( -2.6 L  -1.6) LCB -433.92c P  0.79% WF   1.2 PSV       2 N       1  --  F7

2024-03-17 11:28:05+0800: = play E3
