2024-04-17 21:46:08+0800: Running with following config:
allowResignation = true
friendlyPassOk = true
hasButton = false
koRule = SIMPLE
lagBuffer = 1.0
logAllGTPCommunication = true
logDir = gtp_logs
logSearchInfo = true
logToStderr = false
multiStoneSuicideLegal = false
nnCacheSizePowerOfTwo = 20
nnMutexPoolSizePowerOfTwo = 16
numNNServerThreadsPerModel = 1
numSearchThreads = 8
openclDeviceToUseThread0 = 0
ponderingEnabled = false
resignConsecTurns = 3
resignThreshold = -0.90
scoringRule = AREA
searchFactorAfterOnePass = 0.50
searchFactorAfterTwoPass = 0.25
searchFactorWhenWinning = 0.40
searchFactorWhenWinningThreshold = 0.95
taxRule = NONE
whiteHandicapBonus = N

2024-04-17 21:46:08+0800: GTP Engine starting...
2024-04-17 21:46:08+0800: KataGo v1.13.0
2024-04-17 21:46:08+0800: Using Chinese rules initially, unless GTP/GUI overrides this
2024-04-17 21:46:08+0800: Using 8 CPU thread(s) for search
2024-04-17 21:46:08+0800: nnRandSeed0 = 8144367998970132972
2024-04-17 21:46:08+0800: After dedups: nnModelFile0 = F:/unity_project/yiwu/Assets/StreamingAssets\katago-v1.13.0-opencl-windows-x64\model.bin useFP16 auto useNHWC auto
2024-04-17 21:46:08+0800: Initializing neural net buffer to be size 19 * 19 exactly
2024-04-17 21:46:09+0800: Found OpenCL Platform 0: NVIDIA CUDA (NVIDIA Corporation) (OpenCL 3.0 CUDA 12.3.99)
2024-04-17 21:46:09+0800: Found 1 device(s) on platform 0 with type CPU or GPU or Accelerator
2024-04-17 21:46:09+0800: Found OpenCL Device 0: NVIDIA GeForce RTX 2060 (NVIDIA Corporation) (score 11000300)
2024-04-17 21:46:09+0800: Creating context for OpenCL Platform: NVIDIA CUDA (NVIDIA Corporation) (OpenCL 3.0 CUDA 12.3.99)
2024-04-17 21:46:09+0800: Using OpenCL Device 0: NVIDIA GeForce RTX 2060 (NVIDIA Corporation) OpenCL 3.0 CUDA (Extensions: cl_khr_global_int32_base_atomics cl_khr_global_int32_extended_atomics cl_khr_local_int32_base_atomics cl_khr_local_int32_extended_atomics cl_khr_fp64 cl_khr_3d_image_writes cl_khr_byte_addressable_store cl_khr_icd cl_khr_gl_sharing cl_nv_compiler_options cl_nv_device_attribute_query cl_nv_pragma_unroll cl_nv_d3d10_sharing cl_khr_d3d10_sharing cl_nv_d3d11_sharing cl_nv_copy_opts cl_nv_create_buffer cl_khr_int64_base_atomics cl_khr_int64_extended_atomics cl_khr_device_uuid cl_khr_pci_bus_info cl_khr_external_semaphore cl_khr_external_memory cl_khr_external_semaphore_win32 cl_khr_external_memory_win32)
2024-04-17 21:46:09+0800: Loaded tuning parameters from: F:\unity_project\yiwu\Assets\StreamingAssets\katago-v1.13.0-opencl-windows-x64/KataGoData/opencltuning/tune11_gpuNVIDIAGeForceRTX2060_x19_y19_c384_mv14.txt
2024-04-17 21:46:09+0800: OpenCL backend thread 0: Device 0 Model version 14
2024-04-17 21:46:09+0800: OpenCL backend thread 0: Device 0 Model name: kata1-b18c384nbt-s7192213760-d3579182099
2024-04-17 21:46:12+0800: OpenCL backend thread 0: Device 0 FP16Storage true FP16Compute false FP16TensorCores true FP16TensorCoresFor1x1 false
2024-04-17 21:46:12+0800: Loaded neural net with nnXLen 19 nnYLen 19
2024-04-17 21:46:12+0800: Initializing board with boardXSize 19 boardYSize 19
2024-04-17 21:46:12+0800: Loaded config F:/unity_project/yiwu/Assets/StreamingAssets\katago-v1.13.0-opencl-windows-x64\gtp_custom.cfg
2024-04-17 21:46:12+0800: Loaded model F:/unity_project/yiwu/Assets/StreamingAssets\katago-v1.13.0-opencl-windows-x64\model.bin
2024-04-17 21:46:12+0800: Model name: kata1-b18c384nbt-s7192213760-d3579182099
2024-04-17 21:46:12+0800: GTP ready, beginning main protocol loop
2024-04-17 21:46:16+0800: Controller: loadsgf C:/Users/KILLLAKILL/AppData/LocalLow/DefaultCompany/yiwu/RecentGames\sgf_1659790193.sgf 1
2024-04-17 21:46:16+0800: Changing komi to 5.5
2024-04-17 21:46:16+0800: GPU 0 finishing, processed 0 rows 0 batches
2024-04-17 21:46:16+0800: Cleaned up old neural net and bot
2024-04-17 21:46:16+0800: nnRandSeed0 = 6008152434129278776
2024-04-17 21:46:16+0800: After dedups: nnModelFile0 = F:/unity_project/yiwu/Assets/StreamingAssets\katago-v1.13.0-opencl-windows-x64\model.bin useFP16 auto useNHWC auto
2024-04-17 21:46:16+0800: Initializing neural net buffer to be size 9 * 9 exactly
2024-04-17 21:46:17+0800: Found OpenCL Platform 0: NVIDIA CUDA (NVIDIA Corporation) (OpenCL 3.0 CUDA 12.3.99)
2024-04-17 21:46:17+0800: Found 1 device(s) on platform 0 with type CPU or GPU or Accelerator
2024-04-17 21:46:17+0800: Found OpenCL Device 0: NVIDIA GeForce RTX 2060 (NVIDIA Corporation) (score 11000300)
2024-04-17 21:46:17+0800: Creating context for OpenCL Platform: NVIDIA CUDA (NVIDIA Corporation) (OpenCL 3.0 CUDA 12.3.99)
2024-04-17 21:46:17+0800: Using OpenCL Device 0: NVIDIA GeForce RTX 2060 (NVIDIA Corporation) OpenCL 3.0 CUDA (Extensions: cl_khr_global_int32_base_atomics cl_khr_global_int32_extended_atomics cl_khr_local_int32_base_atomics cl_khr_local_int32_extended_atomics cl_khr_fp64 cl_khr_3d_image_writes cl_khr_byte_addressable_store cl_khr_icd cl_khr_gl_sharing cl_nv_compiler_options cl_nv_device_attribute_query cl_nv_pragma_unroll cl_nv_d3d10_sharing cl_khr_d3d10_sharing cl_nv_d3d11_sharing cl_nv_copy_opts cl_nv_create_buffer cl_khr_int64_base_atomics cl_khr_int64_extended_atomics cl_khr_device_uuid cl_khr_pci_bus_info cl_khr_external_semaphore cl_khr_external_memory cl_khr_external_semaphore_win32 cl_khr_external_memory_win32)
2024-04-17 21:46:17+0800: Loaded tuning parameters from: F:\unity_project\yiwu\Assets\StreamingAssets\katago-v1.13.0-opencl-windows-x64/KataGoData/opencltuning/tune11_gpuNVIDIAGeForceRTX2060_x19_y19_c384_mv14.txt
2024-04-17 21:46:18+0800: OpenCL backend thread 0: Device 0 Model version 14
2024-04-17 21:46:18+0800: OpenCL backend thread 0: Device 0 Model name: kata1-b18c384nbt-s7192213760-d3579182099
2024-04-17 21:46:20+0800: OpenCL backend thread 0: Device 0 FP16Storage true FP16Compute false FP16TensorCores true FP16TensorCoresFor1x1 false
2024-04-17 21:46:20+0800: Loaded neural net with nnXLen 9 nnYLen 9
2024-04-17 21:46:20+0800: Initializing board with boardXSize 9 boardYSize 9
2024-04-17 21:46:20+0800: = 
2024-04-17 21:46:24+0800: Controller: loadsgf C:/Users/KILLLAKILL/AppData/LocalLow/DefaultCompany/yiwu/RecentGames\sgf_1659790193.sgf 6
2024-04-17 21:46:24+0800: = 
2024-04-17 21:46:24+0800: Controller: lz-genmove_analyze maxmoves 6
2024-04-17 21:46:29+0800: MoveNum: 5 HASH: 611BD4CBA6629026667128E5EC901D9B
   A B C D E F G H J
 9 . . . . . . . . .
 8 . . . . . . . . .
 7 . . . X1. . . . .
 6 . . . . . . . . .
 5 . . . O X . . . .
 4 . . . . @ . . . .
 3 . . . . . . X3. .
 2 . . . . . . . . .
 1 . . . . . O2. . .

koSIMPLEscoreAREAtaxNONEsui0whbNfpok1komi5.5
Time taken: 5
Root visits: 2648
New playouts: 2648
NN rows: 2370
NN batches: 594
NN avg batch size: 3.9899
PV: E4 F5 D6 E7 C7 D4 C4 D3 C3 E3 H3 C8 G4 F4 G5 B7 B5 H2 G2 F3
Tree:
: T -103.80c W -97.93c S  -6.17c ( -7.4 L  -7.0) N    2648  --  E4 F5 D6 E7 C7 D4 C4
---White(^)---
E4  : T -103.14c W -97.81c S  -5.70c ( -7.2 L  -6.8) LCB -104.00c P 23.30% WF 5103.2 PSV    5067 N    2384  --  E4 F5 D6 E7 C7 D4 C4 D3
D4  : T -108.06c W -98.59c S  -9.23c ( -9.1 L  -8.5) LCB -110.00c P 41.35% WF 404.3 PSV     418 N     127  --  D4 D6 G6 E4 D3 H5 G5 E3
F4  : T -106.54c W -98.72c S  -7.72c ( -8.1 L  -7.5) LCB -108.07c P 22.00% WF 309.8 PSV     315 N     101  --  F4 E4 F3 E3 E2 F5 G4 G5
D3  : T -106.65c W -98.80c S  -7.61c ( -8.1 L  -7.6) LCB -109.82c P  4.07% WF  60.3 PSV      56 N      18  --  D3 E4 D4 D6 E3
D6  : T -109.78c W -99.02c S  -9.65c ( -9.0 L  -8.3) LCB -187.70c P  1.39% WF  10.9 PSV      10 N       3  --  D6 E6 C7
F3  : T -108.78c W -98.48c S -10.29c ( -9.1 L  -8.0) LCB -458.78c P  0.53% WF   4.5 PSV       4 N       1  --  F3
G5  : T -111.42c W -98.71c S -12.71c (-10.3 L  -9.3) LCB -461.42c P  0.62% WF   4.8 PSV       3 N       1  --  G5
C3  : T -111.79c W -98.93c S -12.86c (-10.3 L  -9.2) LCB -461.79c P  0.53% WF   5.2 PSV       3 N       1  --  C3
G6  : T -111.93c W -98.72c S -13.21c (-10.7 L  -9.5) LCB -461.93c P  0.53% WF   5.1 PSV       3 N       1  --  G6
C4  : T -110.45c W -98.69c S -11.76c ( -9.9 L  -8.6) LCB -460.45c P  0.46% WF   5.0 PSV       3 N       1  --  C4

2024-04-17 21:46:29+0800: = play E4
