2024-03-17 16:58:05+0800: Running with following config:
allowResignation = true
friendlyPassOk = true
hasButton = false
koRule = SIMPLE
lagBuffer = 1.0
logAllGTPCommunication = true
logDir = gtp_logs
logSearchInfo = true
logToStderr = false
multiStoneSuicideLegal = false
nnCacheSizePowerOfTwo = 20
nnMutexPoolSizePowerOfTwo = 16
numNNServerThreadsPerModel = 1
numSearchThreads = 8
openclDeviceToUseThread0 = 0
ponderingEnabled = false
resignConsecTurns = 3
resignThreshold = -0.90
scoringRule = AREA
searchFactorAfterOnePass = 0.50
searchFactorAfterTwoPass = 0.25
searchFactorWhenWinning = 0.40
searchFactorWhenWinningThreshold = 0.95
taxRule = NONE
whiteHandicapBonus = N

2024-03-17 16:58:05+0800: GTP Engine starting...
2024-03-17 16:58:05+0800: KataGo v1.13.0
2024-03-17 16:58:05+0800: Using Chinese rules initially, unless GTP/GUI overrides this
2024-03-17 16:58:05+0800: Using 8 CPU thread(s) for search
2024-03-17 16:58:05+0800: nnRandSeed0 = 13596237641708247223
2024-03-17 16:58:05+0800: After dedups: nnModelFile0 = F:\homework\毕业设计\katago-v1.13.0-opencl-windows-x64\model.bin useFP16 auto useNHWC auto
2024-03-17 16:58:05+0800: Initializing neural net buffer to be size 19 * 19 exactly
2024-03-17 16:58:06+0800: Found OpenCL Platform 0: NVIDIA CUDA (NVIDIA Corporation) (OpenCL 3.0 CUDA 12.3.99)
2024-03-17 16:58:06+0800: Found 1 device(s) on platform 0 with type CPU or GPU or Accelerator
2024-03-17 16:58:06+0800: Found OpenCL Device 0: NVIDIA GeForce RTX 2060 (NVIDIA Corporation) (score 11000300)
2024-03-17 16:58:06+0800: Creating context for OpenCL Platform: NVIDIA CUDA (NVIDIA Corporation) (OpenCL 3.0 CUDA 12.3.99)
2024-03-17 16:58:06+0800: Using OpenCL Device 0: NVIDIA GeForce RTX 2060 (NVIDIA Corporation) OpenCL 3.0 CUDA (Extensions: cl_khr_global_int32_base_atomics cl_khr_global_int32_extended_atomics cl_khr_local_int32_base_atomics cl_khr_local_int32_extended_atomics cl_khr_fp64 cl_khr_3d_image_writes cl_khr_byte_addressable_store cl_khr_icd cl_khr_gl_sharing cl_nv_compiler_options cl_nv_device_attribute_query cl_nv_pragma_unroll cl_nv_d3d10_sharing cl_khr_d3d10_sharing cl_nv_d3d11_sharing cl_nv_copy_opts cl_nv_create_buffer cl_khr_int64_base_atomics cl_khr_int64_extended_atomics cl_khr_device_uuid cl_khr_pci_bus_info cl_khr_external_semaphore cl_khr_external_memory cl_khr_external_semaphore_win32 cl_khr_external_memory_win32)
2024-03-17 16:58:06+0800: Loaded tuning parameters from: F:\homework\毕业设计\katago-v1.13.0-opencl-windows-x64/KataGoData/opencltuning/tune11_gpuNVIDIAGeForceRTX2060_x19_y19_c384_mv14.txt
2024-03-17 16:58:06+0800: OpenCL backend thread 0: Device 0 Model version 14
2024-03-17 16:58:06+0800: OpenCL backend thread 0: Device 0 Model name: kata1-b18c384nbt-s7192213760-d3579182099
2024-03-17 16:58:09+0800: OpenCL backend thread 0: Device 0 FP16Storage true FP16Compute false FP16TensorCores true FP16TensorCoresFor1x1 false
2024-03-17 16:58:09+0800: Loaded neural net with nnXLen 19 nnYLen 19
2024-03-17 16:58:09+0800: Initializing board with boardXSize 19 boardYSize 19
2024-03-17 16:58:09+0800: Loaded config F:\homework\毕业设计\katago-v1.13.0-opencl-windows-x64\gtp_custom.cfg
2024-03-17 16:58:09+0800: Loaded model F:\homework\毕业设计\katago-v1.13.0-opencl-windows-x64\model.bin
2024-03-17 16:58:09+0800: Model name: kata1-b18c384nbt-s7192213760-d3579182099
2024-03-17 16:58:09+0800: GTP ready, beginning main protocol loop
2024-03-17 16:58:12+0800: Controller: loadsgf C:/Users/KILLLAKILL/AppData/LocalLow/DefaultCompany/yiwu/RecentGames\sgf_1701255612.sgf 1
2024-03-17 16:58:12+0800: Changing komi to 5.5
2024-03-17 16:58:12+0800: GPU 0 finishing, processed 0 rows 0 batches
2024-03-17 16:58:12+0800: Cleaned up old neural net and bot
2024-03-17 16:58:12+0800: nnRandSeed0 = 3800077654139529322
2024-03-17 16:58:12+0800: After dedups: nnModelFile0 = F:\homework\毕业设计\katago-v1.13.0-opencl-windows-x64\model.bin useFP16 auto useNHWC auto
2024-03-17 16:58:12+0800: Initializing neural net buffer to be size 9 * 9 exactly
2024-03-17 16:58:13+0800: Found OpenCL Platform 0: NVIDIA CUDA (NVIDIA Corporation) (OpenCL 3.0 CUDA 12.3.99)
2024-03-17 16:58:13+0800: Found 1 device(s) on platform 0 with type CPU or GPU or Accelerator
2024-03-17 16:58:13+0800: Found OpenCL Device 0: NVIDIA GeForce RTX 2060 (NVIDIA Corporation) (score 11000300)
2024-03-17 16:58:13+0800: Creating context for OpenCL Platform: NVIDIA CUDA (NVIDIA Corporation) (OpenCL 3.0 CUDA 12.3.99)
2024-03-17 16:58:13+0800: Using OpenCL Device 0: NVIDIA GeForce RTX 2060 (NVIDIA Corporation) OpenCL 3.0 CUDA (Extensions: cl_khr_global_int32_base_atomics cl_khr_global_int32_extended_atomics cl_khr_local_int32_base_atomics cl_khr_local_int32_extended_atomics cl_khr_fp64 cl_khr_3d_image_writes cl_khr_byte_addressable_store cl_khr_icd cl_khr_gl_sharing cl_nv_compiler_options cl_nv_device_attribute_query cl_nv_pragma_unroll cl_nv_d3d10_sharing cl_khr_d3d10_sharing cl_nv_d3d11_sharing cl_nv_copy_opts cl_nv_create_buffer cl_khr_int64_base_atomics cl_khr_int64_extended_atomics cl_khr_device_uuid cl_khr_pci_bus_info cl_khr_external_semaphore cl_khr_external_memory cl_khr_external_semaphore_win32 cl_khr_external_memory_win32)
2024-03-17 16:58:13+0800: Loaded tuning parameters from: F:\homework\毕业设计\katago-v1.13.0-opencl-windows-x64/KataGoData/opencltuning/tune11_gpuNVIDIAGeForceRTX2060_x19_y19_c384_mv14.txt
2024-03-17 16:58:13+0800: OpenCL backend thread 0: Device 0 Model version 14
2024-03-17 16:58:13+0800: OpenCL backend thread 0: Device 0 Model name: kata1-b18c384nbt-s7192213760-d3579182099
2024-03-17 16:58:15+0800: OpenCL backend thread 0: Device 0 FP16Storage true FP16Compute false FP16TensorCores true FP16TensorCoresFor1x1 false
2024-03-17 16:58:15+0800: Loaded neural net with nnXLen 9 nnYLen 9
2024-03-17 16:58:15+0800: Initializing board with boardXSize 9 boardYSize 9
2024-03-17 16:58:15+0800: = 
2024-03-17 16:58:20+0800: Controller: loadsgf C:/Users/KILLLAKILL/AppData/LocalLow/DefaultCompany/yiwu/RecentGames\sgf_1701255612.sgf 6
2024-03-17 16:58:20+0800: = 
2024-03-17 16:58:20+0800: Controller: lz-genmove_analyze maxmoves 6
2024-03-17 16:58:25+0800: MoveNum: 5 HASH: FFE96295C396DA517064CFFB0FD39D37
   A B C D E F G H J
 9 . . . . . . . . .
 8 . . . . . . . . .
 7 . . X . . . . . .
 6 . . . . . . . . .
 5 . . . . O O2. . .
 4 . . . . . . . . .
 3 . . X1. @ . X3. .
 2 . . . . . . . . .
 1 . . . . . . . . .

koSIMPLEscoreAREAtaxNONEsui0whbNfpok1komi5.5
Time taken: 5
Root visits: 2735
New playouts: 2735
NN rows: 2409
NN batches: 603
NN avg batch size: 3.99502
PV: E3 D4 F3 H5 F7 G4 H6 G6 G5 H7 H4 J6 H3 G7 G8 H8 D7 C6 C2 B2 D3 C4 E8 G2
Tree:
: T -51.67c W -47.33c S  -2.28c ( -1.9 L  -1.5) N    2735  --  E3 D4 F3 H5 F7 G4 H6
---White(^)---
E3  : T -49.78c W -45.39c S  -2.33c ( -2.0 L  -1.6) LCB  -55.48c P 37.30% WF 1396.0 PSV    1373 N    2043  --  E3 D4 F3 H5 F7 G4 H6 G6
E7  : T -52.48c W -49.08c S  -1.59c ( -1.6 L  -1.1) LCB  -62.17c P 17.04% WF 311.3 PSV     280 N     457  --  E7 D4 C6 D7 B5 E8 F7 F8
C5  : T -65.68c W -56.68c S  -3.19c ( -2.4 L  -1.8) LCB  -81.07c P 21.83% WF  89.0 PSV      97 N     126  --  C5 D4 C6 E7 F3 F2 E3 E2
F2  : T -49.67c W -50.97c S  -2.22c ( -2.0 L  -1.3) LCB  -64.78c P  3.38% WF  55.0 PSV      55 N      64  --  F2 H5 C5 D4 D5 F3 E7 E8
F3  : T -79.49c W -70.67c S  -3.50c ( -2.5 L  -1.9) LCB -100.63c P  8.63% WF  18.3 PSV      21 N      22  --  F3 F2 E7 C5 E2 E3 F4
G4  : T -80.23c W -75.88c S  -3.23c ( -2.3 L  -1.8) LCB -124.59c P  2.29% WF   4.7 PSV       5 N       5  --  G4 F3 D4 D3
D3  : T -89.81c W -81.90c S  -5.04c ( -3.2 L  -2.3) LCB -134.44c P  2.34% WF   4.0 PSV       4 N       4  --  D3 D4 F3
C6  : T -87.76c W -79.67c S  -4.34c ( -2.9 L  -1.8) LCB -173.06c P  2.03% WF   3.5 PSV       4 N       3  --  C6 D6 D5
E8  : T -71.01c W -69.13c S  -2.72c ( -2.1 L  -1.3) LCB -147.97c P  1.17% WF   3.0 PSV       4 N       3  --  E8 D6
D7  : T -83.93c W -77.32c S  -3.39c ( -2.4 L  -1.4) LCB -160.64c P  1.31% WF   3.3 PSV       2 N       3  --  D7 C6 G4

2024-03-17 16:58:25+0800: = play E3
