2024-03-18 14:32:20+0800: Running with following config:
allowResignation = true
friendlyPassOk = true
hasButton = false
koRule = SIMPLE
lagBuffer = 1.0
logAllGTPCommunication = true
logDir = gtp_logs
logSearchInfo = true
logToStderr = false
multiStoneSuicideLegal = false
nnCacheSizePowerOfTwo = 20
nnMutexPoolSizePowerOfTwo = 16
numNNServerThreadsPerModel = 1
numSearchThreads = 8
openclDeviceToUseThread0 = 0
ponderingEnabled = false
resignConsecTurns = 3
resignThreshold = -0.90
scoringRule = AREA
searchFactorAfterOnePass = 0.50
searchFactorAfterTwoPass = 0.25
searchFactorWhenWinning = 0.40
searchFactorWhenWinningThreshold = 0.95
taxRule = NONE
whiteHandicapBonus = N

2024-03-18 14:32:20+0800: GTP Engine starting...
2024-03-18 14:32:20+0800: KataGo v1.13.0
2024-03-18 14:32:20+0800: Using Chinese rules initially, unless GTP/GUI overrides this
2024-03-18 14:32:20+0800: Using 8 CPU thread(s) for search
2024-03-18 14:32:21+0800: nnRandSeed0 = 2068443397523704886
2024-03-18 14:32:21+0800: After dedups: nnModelFile0 = F:\homework\毕业设计\katago-v1.13.0-opencl-windows-x64\model.bin useFP16 auto useNHWC auto
2024-03-18 14:32:21+0800: Initializing neural net buffer to be size 19 * 19 exactly
2024-03-18 14:32:21+0800: Found OpenCL Platform 0: NVIDIA CUDA (NVIDIA Corporation) (OpenCL 3.0 CUDA 12.3.99)
2024-03-18 14:32:21+0800: Found 1 device(s) on platform 0 with type CPU or GPU or Accelerator
2024-03-18 14:32:21+0800: Found OpenCL Device 0: NVIDIA GeForce RTX 2060 (NVIDIA Corporation) (score 11000300)
2024-03-18 14:32:21+0800: Creating context for OpenCL Platform: NVIDIA CUDA (NVIDIA Corporation) (OpenCL 3.0 CUDA 12.3.99)
2024-03-18 14:32:21+0800: Using OpenCL Device 0: NVIDIA GeForce RTX 2060 (NVIDIA Corporation) OpenCL 3.0 CUDA (Extensions: cl_khr_global_int32_base_atomics cl_khr_global_int32_extended_atomics cl_khr_local_int32_base_atomics cl_khr_local_int32_extended_atomics cl_khr_fp64 cl_khr_3d_image_writes cl_khr_byte_addressable_store cl_khr_icd cl_khr_gl_sharing cl_nv_compiler_options cl_nv_device_attribute_query cl_nv_pragma_unroll cl_nv_d3d10_sharing cl_khr_d3d10_sharing cl_nv_d3d11_sharing cl_nv_copy_opts cl_nv_create_buffer cl_khr_int64_base_atomics cl_khr_int64_extended_atomics cl_khr_device_uuid cl_khr_pci_bus_info cl_khr_external_semaphore cl_khr_external_memory cl_khr_external_semaphore_win32 cl_khr_external_memory_win32)
2024-03-18 14:32:21+0800: Loaded tuning parameters from: F:\homework\毕业设计\katago-v1.13.0-opencl-windows-x64/KataGoData/opencltuning/tune11_gpuNVIDIAGeForceRTX2060_x19_y19_c384_mv14.txt
2024-03-18 14:32:22+0800: OpenCL backend thread 0: Device 0 Model version 14
2024-03-18 14:32:22+0800: OpenCL backend thread 0: Device 0 Model name: kata1-b18c384nbt-s7192213760-d3579182099
2024-03-18 14:32:24+0800: OpenCL backend thread 0: Device 0 FP16Storage true FP16Compute false FP16TensorCores true FP16TensorCoresFor1x1 false
2024-03-18 14:32:24+0800: Loaded neural net with nnXLen 19 nnYLen 19
2024-03-18 14:32:24+0800: Initializing board with boardXSize 19 boardYSize 19
2024-03-18 14:32:24+0800: Loaded config F:\homework\毕业设计\katago-v1.13.0-opencl-windows-x64\gtp_custom.cfg
2024-03-18 14:32:24+0800: Loaded model F:\homework\毕业设计\katago-v1.13.0-opencl-windows-x64\model.bin
2024-03-18 14:32:24+0800: Model name: kata1-b18c384nbt-s7192213760-d3579182099
2024-03-18 14:32:24+0800: GTP ready, beginning main protocol loop
2024-03-18 14:32:27+0800: Controller: loadsgf C:/Users/KILLLAKILL/AppData/LocalLow/DefaultCompany/yiwu/RecentGames\sgf_1701255612.sgf 1
2024-03-18 14:32:27+0800: Changing komi to 5.5
2024-03-18 14:32:27+0800: GPU 0 finishing, processed 0 rows 0 batches
2024-03-18 14:32:27+0800: Cleaned up old neural net and bot
2024-03-18 14:32:27+0800: nnRandSeed0 = 10095648380029072030
2024-03-18 14:32:27+0800: After dedups: nnModelFile0 = F:\homework\毕业设计\katago-v1.13.0-opencl-windows-x64\model.bin useFP16 auto useNHWC auto
2024-03-18 14:32:27+0800: Initializing neural net buffer to be size 9 * 9 exactly
2024-03-18 14:32:28+0800: Found OpenCL Platform 0: NVIDIA CUDA (NVIDIA Corporation) (OpenCL 3.0 CUDA 12.3.99)
2024-03-18 14:32:28+0800: Found 1 device(s) on platform 0 with type CPU or GPU or Accelerator
2024-03-18 14:32:28+0800: Found OpenCL Device 0: NVIDIA GeForce RTX 2060 (NVIDIA Corporation) (score 11000300)
2024-03-18 14:32:28+0800: Creating context for OpenCL Platform: NVIDIA CUDA (NVIDIA Corporation) (OpenCL 3.0 CUDA 12.3.99)
2024-03-18 14:32:28+0800: Using OpenCL Device 0: NVIDIA GeForce RTX 2060 (NVIDIA Corporation) OpenCL 3.0 CUDA (Extensions: cl_khr_global_int32_base_atomics cl_khr_global_int32_extended_atomics cl_khr_local_int32_base_atomics cl_khr_local_int32_extended_atomics cl_khr_fp64 cl_khr_3d_image_writes cl_khr_byte_addressable_store cl_khr_icd cl_khr_gl_sharing cl_nv_compiler_options cl_nv_device_attribute_query cl_nv_pragma_unroll cl_nv_d3d10_sharing cl_khr_d3d10_sharing cl_nv_d3d11_sharing cl_nv_copy_opts cl_nv_create_buffer cl_khr_int64_base_atomics cl_khr_int64_extended_atomics cl_khr_device_uuid cl_khr_pci_bus_info cl_khr_external_semaphore cl_khr_external_memory cl_khr_external_semaphore_win32 cl_khr_external_memory_win32)
2024-03-18 14:32:28+0800: Loaded tuning parameters from: F:\homework\毕业设计\katago-v1.13.0-opencl-windows-x64/KataGoData/opencltuning/tune11_gpuNVIDIAGeForceRTX2060_x19_y19_c384_mv14.txt
2024-03-18 14:32:28+0800: OpenCL backend thread 0: Device 0 Model version 14
2024-03-18 14:32:28+0800: OpenCL backend thread 0: Device 0 Model name: kata1-b18c384nbt-s7192213760-d3579182099
2024-03-18 14:32:30+0800: OpenCL backend thread 0: Device 0 FP16Storage true FP16Compute false FP16TensorCores true FP16TensorCoresFor1x1 false
2024-03-18 14:32:30+0800: Loaded neural net with nnXLen 9 nnYLen 9
2024-03-18 14:32:30+0800: Initializing board with boardXSize 9 boardYSize 9
2024-03-18 14:32:30+0800: = 
2024-03-18 14:32:34+0800: Controller: loadsgf C:/Users/KILLLAKILL/AppData/LocalLow/DefaultCompany/yiwu/RecentGames\sgf_1701255612.sgf 6
2024-03-18 14:32:34+0800: = 
2024-03-18 14:32:34+0800: Controller: lz-genmove_analyze maxmoves 6
2024-03-18 14:32:39+0800: MoveNum: 5 HASH: FFE96295C396DA517064CFFB0FD39D37
   A B C D E F G H J
 9 . . . . . . . . .
 8 . . . . . . . . .
 7 . . X . . . . . .
 6 . . . . . . . . .
 5 . . . . O O2. . .
 4 . . . . . . . . .
 3 . . X1. @ . X3. .
 2 . . . . . . . . .
 1 . . . . . . . . .

koSIMPLEscoreAREAtaxNONEsui0whbNfpok1komi5.5
Time taken: 5
Root visits: 3256
New playouts: 3256
NN rows: 2529
NN batches: 633
NN avg batch size: 3.99526
PV: E3 D4 F3 H5 H4 G4 G5 H3 H6 J4 J6 G7 G6 D7 F2 J5 H2 G2 G1 H1 J1 J2 J3 F7 D5
Tree:
: T -51.80c W -48.27c S  -2.66c ( -2.1 L  -1.6) N    3256  --  E3 D4 F3 H5 H4 G4 G5
---White(^)---
E3  : T -49.80c W -46.25c S  -2.66c ( -2.1 L  -1.6) LCB  -54.48c P 33.02% WF 1769.0 PSV    1735 N    2583  --  E3 D4 F3 H5 H4 G4 G5 H3
E7  : T -52.64c W -51.91c S  -1.96c ( -1.6 L  -1.2) LCB  -62.77c P 15.68% WF 303.4 PSV     309 N     441  --  E7 C5 D4 H5 C4 B4 B3 B5
C5  : T -70.87c W -60.38c S  -4.19c ( -2.9 L  -2.2) LCB  -84.68c P 30.56% WF 102.2 PSV     120 N     148  --  C5 D4 C6 E7 F3 F2 E3 E2
F2  : T -54.91c W -52.65c S  -2.61c ( -2.0 L  -1.3) LCB  -76.67c P  1.81% WF  29.1 PSV      23 N      35  --  F2 H5 C5 D4 D5 F3 F7 E8
F3  : T -80.94c W -71.66c S  -3.75c ( -2.5 L  -1.8) LCB -100.20c P  8.27% WF  18.1 PSV      22 N      22  --  F3 F2 E7 C5 E2 E3 F4
D3  : T -75.73c W -72.38c S  -4.32c ( -2.8 L  -2.0) LCB -109.65c P  2.63% WF   7.2 PSV       8 N       8  --  D3 D4 E3 C4
G4  : T -80.36c W -76.09c S  -3.73c ( -2.4 L  -2.0) LCB -111.58c P  2.28% WF   6.7 PSV       6 N       7  --  G4 F3 D4 D3
C6  : T -86.33c W -78.95c S  -4.23c ( -2.7 L  -1.7) LCB -165.49c P  1.61% WF   3.3 PSV       3 N       3  --  C6 D6 D5
D7  : T -81.94c W -76.01c S  -3.44c ( -2.3 L  -1.3) LCB -157.05c P  1.34% WF   3.2 PSV       3 N       3  --  D7 C6 G4
C4  : T -77.48c W -74.41c S  -3.54c ( -2.4 L  -1.5) LCB -229.71c P  0.85% WF   2.1 PSV       2 N       2  --  C4 D4

2024-03-18 14:32:39+0800: = play E3
2024-03-18 14:33:14+0800: Controller: loadsgf C:/Users/KILLLAKILL/AppData/LocalLow/DefaultCompany/yiwu/RecentGames\sgf_1701255612.sgf 6
2024-03-18 14:33:14+0800: = 
2024-03-18 14:33:14+0800: Controller: lz-genmove_analyze maxmoves 6
2024-03-18 14:33:19+0800: MoveNum: 5 HASH: FFE96295C396DA517064CFFB0FD39D37
   A B C D E F G H J
 9 . . . . . . . . .
 8 . . . . . . . . .
 7 . . X . . . . . .
 6 . . . . . . . . .
 5 . . . . O O2. . .
 4 . . . . . . . . .
 3 . . X1. @ . X3. .
 2 . . . . . . . . .
 1 . . . . . . . . .

koSIMPLEscoreAREAtaxNONEsui0whbNfpok1komi5.5
Time taken: 5
Root visits: 6292
New playouts: 6292
NN rows: 2490
NN batches: 623
NN avg batch size: 3.99679
PV: E3 D4 F3 H5 H4 D6 H6 G6 F7 G7 G8 H7 E8 H3 G4 J4 J2 G5 F4 H2 J3 J1 J3 F2 E2
Tree:
: T -58.93c W -54.64c S  -3.43c ( -2.4 L  -2.0) N    6292  --  E3 D4 F3 H5 H4 D6 H6
---White(^)---
E3  : T -57.35c W -52.89c S  -3.47c ( -2.4 L  -2.0) LCB  -61.39c P 33.02% WF 3366.9 PSV    3303 N    4812  --  E3 D4 F3 H5 H4 D6 H6 G6
E7  : T -60.92c W -58.36c S  -2.72c ( -1.9 L  -1.5) LCB  -69.06c P 15.68% WF 446.6 PSV     460 N     613  --  E7 C5 D4 H5 C4 B4 B3 B5
F2  : T -56.05c W -52.54c S  -2.83c ( -2.2 L  -1.6) LCB  -64.86c P  1.81% WF 246.5 PSV     243 N     310  --  F2 H5 C5 D4 D5 F3 E7 E8
F3  : T -62.23c W -60.44c S  -3.52c ( -2.4 L  -1.9) LCB  -73.46c P  8.27% WF 216.5 PSV     193 N     282  --  F3 F2 C5 E3 E7 B5 B6 C6
C5  : T -82.73c W -70.35c S  -5.53c ( -3.5 L  -2.9) LCB  -94.13c P 30.56% WF 131.4 PSV     169 N     182  --  C5 D4 C6 E7 F3 F2 E3 E2
D7  : T -61.88c W -60.69c S  -2.59c ( -1.9 L  -1.2) LCB  -81.33c P  1.34% WF  33.0 PSV      33 N      37  --  D7 D6 E7 C6 G4 E6 F6 F7
D3  : T -76.99c W -75.66c S  -4.67c ( -2.9 L  -2.2) LCB  -99.90c P  2.63% WF  21.3 PSV      18 N      22  --  D3 D4 E3 C4 F3 H5 C6
G4  : T -83.81c W -78.16c S  -4.16c ( -2.6 L  -2.2) LCB -105.32c P  2.28% WF  10.2 PSV      12 N      11  --  G4 F3 D3 D4
C6  : T -80.05c W -75.89c S  -4.53c ( -2.9 L  -1.9) LCB -109.29c P  1.61% WF   9.1 PSV       9 N       9  --  C6 D6 D5 E3 D7
E8  : T -78.21c W -71.09c S  -3.13c ( -2.1 L  -1.3) LCB -109.16c P  0.57% WF   4.8 PSV       3 N       5  --  E8 C5 G4

2024-03-18 14:33:19+0800: = play E3
