2024-05-09 22:57:53+0800: Running with following config:
allowResignation = true
friendlyPassOk = true
hasButton = false
koRule = SIMPLE
lagBuffer = 1.0
logAllGTPCommunication = true
logDir = gtp_logs
logSearchInfo = true
logToStderr = false
multiStoneSuicideLegal = false
nnCacheSizePowerOfTwo = 20
nnMutexPoolSizePowerOfTwo = 16
numNNServerThreadsPerModel = 1
numSearchThreads = 8
openclDeviceToUseThread0 = 0
ponderingEnabled = false
resignConsecTurns = 3
resignThreshold = -0.90
scoringRule = AREA
searchFactorAfterOnePass = 0.50
searchFactorAfterTwoPass = 0.25
searchFactorWhenWinning = 0.40
searchFactorWhenWinningThreshold = 0.95
taxRule = NONE
whiteHandicapBonus = N

2024-05-09 22:57:53+0800: GTP Engine starting...
2024-05-09 22:57:53+0800: KataGo v1.13.0
2024-05-09 22:57:53+0800: Using Chinese rules initially, unless GTP/GUI overrides this
2024-05-09 22:57:53+0800: Using 8 CPU thread(s) for search
2024-05-09 22:57:53+0800: nnRandSeed0 = 3629756914208272472
2024-05-09 22:57:53+0800: After dedups: nnModelFile0 = F:/unity_project/yiwu/Assets/StreamingAssets\katago-v1.13.0-opencl-windows-x64\model.bin useFP16 auto useNHWC auto
2024-05-09 22:57:53+0800: Initializing neural net buffer to be size 19 * 19 exactly
2024-05-09 22:57:54+0800: Found OpenCL Platform 0: NVIDIA CUDA (NVIDIA Corporation) (OpenCL 3.0 CUDA 12.3.99)
2024-05-09 22:57:54+0800: Found 1 device(s) on platform 0 with type CPU or GPU or Accelerator
2024-05-09 22:57:54+0800: Found OpenCL Device 0: NVIDIA GeForce RTX 2060 (NVIDIA Corporation) (score 11000300)
2024-05-09 22:57:54+0800: Creating context for OpenCL Platform: NVIDIA CUDA (NVIDIA Corporation) (OpenCL 3.0 CUDA 12.3.99)
2024-05-09 22:57:54+0800: Using OpenCL Device 0: NVIDIA GeForce RTX 2060 (NVIDIA Corporation) OpenCL 3.0 CUDA (Extensions: cl_khr_global_int32_base_atomics cl_khr_global_int32_extended_atomics cl_khr_local_int32_base_atomics cl_khr_local_int32_extended_atomics cl_khr_fp64 cl_khr_3d_image_writes cl_khr_byte_addressable_store cl_khr_icd cl_khr_gl_sharing cl_nv_compiler_options cl_nv_device_attribute_query cl_nv_pragma_unroll cl_nv_d3d10_sharing cl_khr_d3d10_sharing cl_nv_d3d11_sharing cl_nv_copy_opts cl_nv_create_buffer cl_khr_int64_base_atomics cl_khr_int64_extended_atomics cl_khr_device_uuid cl_khr_pci_bus_info cl_khr_external_semaphore cl_khr_external_memory cl_khr_external_semaphore_win32 cl_khr_external_memory_win32)
2024-05-09 22:57:54+0800: Loaded tuning parameters from: F:\unity_project\yiwu\Assets\StreamingAssets\katago-v1.13.0-opencl-windows-x64/KataGoData/opencltuning/tune11_gpuNVIDIAGeForceRTX2060_x19_y19_c384_mv14.txt
2024-05-09 22:57:54+0800: OpenCL backend thread 0: Device 0 Model version 14
2024-05-09 22:57:54+0800: OpenCL backend thread 0: Device 0 Model name: kata1-b18c384nbt-s7192213760-d3579182099
2024-05-09 22:57:57+0800: OpenCL backend thread 0: Device 0 FP16Storage true FP16Compute false FP16TensorCores true FP16TensorCoresFor1x1 false
2024-05-09 22:57:57+0800: Loaded neural net with nnXLen 19 nnYLen 19
2024-05-09 22:57:57+0800: Initializing board with boardXSize 19 boardYSize 19
2024-05-09 22:57:57+0800: Loaded config F:/unity_project/yiwu/Assets/StreamingAssets\katago-v1.13.0-opencl-windows-x64\gtp_custom.cfg
2024-05-09 22:57:57+0800: Loaded model F:/unity_project/yiwu/Assets/StreamingAssets\katago-v1.13.0-opencl-windows-x64\model.bin
2024-05-09 22:57:57+0800: Model name: kata1-b18c384nbt-s7192213760-d3579182099
2024-05-09 22:57:57+0800: GTP ready, beginning main protocol loop
2024-05-09 22:58:01+0800: Controller: clear_board
2024-05-09 22:58:01+0800: = 
2024-05-09 22:58:01+0800: Controller: komi 7.5
2024-05-09 22:58:01+0800: = 
2024-05-09 22:58:01+0800: Controller: boardsize 19
2024-05-09 22:58:01+0800: = 
2024-05-09 22:58:03+0800: Controller: play b K13
2024-05-09 22:58:03+0800: = 
2024-05-09 22:58:03+0800: Controller: genmove w
2024-05-09 22:58:08+0800: MoveNum: 1 HASH: 1F5B8D3F86C128026963AEE36F0492B2
   A B C D E F G H J K L M N O P Q R S T
19 . . . . . . . . . . . . . . . . . . .
18 . . . . . . . . . . . . . . . . . . .
17 . . . . . . . . . . . . . . . . . . .
16 . . @ . . . . . . . . . . . . . . . .
15 . . . . . . . . . . . . . . . . . . .
14 . . . . . . . . . . . . . . . . . . .
13 . . . . . . . . . X1. . . . . . . . .
12 . . . . . . . . . . . . . . . . . . .
11 . . . . . . . . . . . . . . . . . . .
10 . . . . . . . . . . . . . . . . . . .
 9 . . . . . . . . . . . . . . . . . . .
 8 . . . . . . . . . . . . . . . . . . .
 7 . . . . . . . . . . . . . . . . . . .
 6 . . . . . . . . . . . . . . . . . . .
 5 . . . . . . . . . . . . . . . . . . .
 4 . . . . . . . . . . . . . . . . . . .
 3 . . . . . . . . . . . . . . . . . . .
 2 . . . . . . . . . . . . . . . . . . .
 1 . . . . . . . . . . . . . . . . . . .

koSIMPLEscoreAREAtaxNONEsui0whbNfpok1komi7.5
Time taken: 5.015
Root visits: 1198
New playouts: 1198
NN rows: 1138
NN batches: 286
NN avg batch size: 3.97902
PV: C16 Q4 Q16 D4 F17 R14 O17 R16 R17 S17 S18 R6
Tree:
: T  37.05c W  36.27c S   0.81c ( +2.6 L  +1.7) N    1198  --  C16 Q4 Q16 D4 F17 R14 O17
---White(^)---
C16 : T  37.54c W  36.55c S   0.83c ( +2.6 L  +1.7) LCB   36.67c P  3.63% WF 781.3 PSV    1641 N     326  --  C16 Q4 Q16 D4 F17 R14 O17 R16
D16 : T  37.23c W  36.49c S   0.82c ( +2.6 L  +1.7) LCB   36.63c P 23.25% WF 1458.8 PSV    1457 N     613  --  D16 Q4 Q17 C4 E3 H3 D5 D4
D17 : T  36.71c W  35.93c S   0.78c ( +2.5 L  +1.7) LCB   35.68c P  3.67% WF 364.8 PSV      92 N     151  --  D17 Q16 Q4 D4 C14 R3 R4 Q3
D4  : T  35.53c W  35.20c S   0.80c ( +2.6 L  +1.7) LCB   32.93c P  6.76% WF 111.9 PSV      72 N      46  --  D4 Q16 D16 Q4 R3 Q3 R4 R6
D3  : T  35.42c W  35.03c S   0.73c ( +2.5 L  +1.7) LCB   33.13c P  2.05% WF  67.2 PSV      20 N      28  --  D3 Q16 D16 Q4 C6 F17
C4  : T  34.86c W  34.30c S   0.65c ( +2.4 L  +1.7) LCB   31.71c P  2.31% WF  43.4 PSV      18 N      18  --  C4 Q16 D16 Q4 F3 F17
D5  : T  31.68c W  32.37c S   0.45c ( +2.2 L  +1.5) LCB -118.17c P  0.55% WF   4.1 PSV       2 N       2  --  D5 Q16
E4  : T  32.08c W  32.59c S   0.48c ( +2.3 L  +1.5) LCB -117.45c P  0.52% WF   4.1 PSV       2 N       2  --  E4 D16
C17 : T  32.12c W  31.63c S   0.49c ( +2.3 L  +2.0) LCB -317.88c P  0.66% WF   2.1 PSV       2 N       1  --  C17
E16 : T  31.42c W  32.09c S   0.33c ( +2.1 L  +1.5) LCB -117.72c P  0.46% WF   3.9 PSV       1 N       2  --  E16 C17

2024-05-09 22:58:08+0800: = C16
2024-05-09 22:58:12+0800: Controller: play b P17
2024-05-09 22:58:12+0800: = 
2024-05-09 22:58:12+0800: Controller: genmove w
2024-05-09 22:58:17+0800: MoveNum: 3 HASH: 5E952696A4A50B3E922AA465A88B5644
   A B C D E F G H J K L M N O P Q R S T
19 . . . . . . . . . . . . . . . . . . .
18 . . . . . . . . . . . . . . . . . . .
17 . . . . . . . . . . . . . . X3. . . .
16 . . O2. . . . . . . . . . . . . . . .
15 . . . . . . . . . . . . . . . . . . .
14 . . . . . . . . . . . . . . . . . . .
13 . . . . . . . . . X1. . . . . . . . .
12 . . . . . . . . . . . . . . . . . . .
11 . . . . . . . . . . . . . . . . . . .
10 . . . . . . . . . . . . . . . . . . .
 9 . . . . . . . . . . . . . . . . . . .
 8 . . . . . . . . . . . . . . . . . . .
 7 . . . . . . . . . . . . . . . . . . .
 6 . . . . . . . . . . . . . . . . . . .
 5 . . . . . . . . . . . . . . . . . . .
 4 . . . . . . . . . . . . . . . @ . . .
 3 . . . . . . . . . . . . . . . . . . .
 2 . . . . . . . . . . . . . . . . . . .
 1 . . . . . . . . . . . . . . . . . . .

koSIMPLEscoreAREAtaxNONEsui0whbNfpok1komi7.5
Time taken: 5.031
Root visits: 1370
New playouts: 1370
NN rows: 1153
NN batches: 289
NN avg batch size: 3.98962
PV: Q4 R16 D4 E16 E17 F17 D17 F16 C14 R6 O3 C3 D3 C4 C5 B5 B6 C6 D5 B7 B4 A6 B3 R4 R3
Tree:
: T  45.34c W  43.91c S   1.13c ( +3.2 L  +2.2) N    1370  --  Q4 R16 D4 E16 E17 F17 D17
---White(^)---
Q4  : T  46.18c W  44.63c S   1.19c ( +3.3 L  +2.2) LCB   45.35c P 46.65% WF 2371.5 PSV    2354 N    1115  --  Q4 R16 D4 E16 E17 F17 D17 F16
R4  : T  42.48c W  41.46c S   0.86c ( +3.0 L  +2.0) LCB   40.62c P 12.46% WF 150.5 PSV      80 N      68  --  R4 D3 R17 Q15 Q16 P16 R15 Q14
D4  : T  41.28c W  40.54c S   0.85c ( +3.0 L  +2.0) LCB   39.56c P 10.71% WF  88.3 PSV      53 N      41  --  D4 Q4 R17 Q15 Q16 P16 R15 R14
Q3  : T  42.50c W  41.54c S   0.91c ( +3.0 L  +2.0) LCB   40.14c P  7.90% WF 136.1 PSV      51 N      61  --  Q3 D3 R17 Q15 Q16 P16 R15 R14
R17 : T  42.06c W  40.74c S   0.85c ( +3.0 L  +2.0) LCB   39.56c P  5.46% WF 101.7 PSV      31 N      50  --  R17 Q15 Q16 P16 R15 R14 S14 Q14
D3  : T  38.80c W  39.01c S   0.71c ( +2.8 L  +1.9) LCB   29.08c P  3.13% WF  20.2 PSV      10 N       9  --  D3 Q4 R16 E16
F17 : T  39.94c W  39.20c S   0.76c ( +2.9 L  +2.0) LCB   34.76c P  2.34% WF  31.2 PSV       9 N      13  --  F17 Q4 D4 R16 R3
C4  : T  37.41c W  37.49c S   0.61c ( +2.7 L  +1.9) LCB   -5.54c P  2.24% WF   8.5 PSV       6 N       4  --  C4 Q4 R17 Q15
R16 : T  42.08c W  41.81c S   0.91c ( +3.0 L  +2.1) LCB -108.01c P  0.74% WF   4.1 PSV       4 N       2  --  R16 Q4
R3  : T  38.20c W  37.91c S   0.55c ( +2.7 L  +1.8) LCB -111.33c P  1.02% WF   4.3 PSV       3 N       2  --  R3 D4

2024-05-09 22:58:17+0800: = Q4
2024-05-09 22:58:19+0800: Controller: play b E4
2024-05-09 22:58:19+0800: = 
2024-05-09 22:58:19+0800: Controller: genmove w
2024-05-09 22:58:24+0800: MoveNum: 5 HASH: 8FA6F25F4D148876D6BFEE297BF0A610
   A B C D E F G H J K L M N O P Q R S T
19 . . . . . . . . . . . . . . . . . . .
18 . . . . . . . . . . . . . . . . . . .
17 . . . . . @ . . . . . . . . X1. . . .
16 . . O . . . . . . . . . . . . . . . .
15 . . . . . . . . . . . . . . . . . . .
14 . . . . . . . . . . . . . . . . . . .
13 . . . . . . . . . X . . . . . . . . .
12 . . . . . . . . . . . . . . . . . . .
11 . . . . . . . . . . . . . . . . . . .
10 . . . . . . . . . . . . . . . . . . .
 9 . . . . . . . . . . . . . . . . . . .
 8 . . . . . . . . . . . . . . . . . . .
 7 . . . . . . . . . . . . . . . . . . .
 6 . . . . . . . . . . . . . . . . . . .
 5 . . . . . . . . . . . . . . . . . . .
 4 . . . . X3. . . . . . . . . . O2. . .
 3 . . . . . . . . . . . . . . . . . . .
 2 . . . . . . . . . . . . . . . . . . .
 1 . . . . . . . . . . . . . . . . . . .

koSIMPLEscoreAREAtaxNONEsui0whbNfpok1komi7.5
Time taken: 5
Root visits: 1279
New playouts: 1279
NN rows: 1163
NN batches: 292
NN avg batch size: 3.98288
PV: F17 C4 R16 O3 R6 Q15 R15 Q14 R13 Q13 R12 Q12 Q11 P11 P10 R14 S14 S15
Tree:
: T  51.76c W  50.63c S   1.35c ( +3.9 L  +2.7) N    1279  --  F17 C4 R16 O3 R6 Q15 R15
---White(^)---
F17 : T  53.06c W  51.74c S   1.39c ( +3.9 L  +2.6) LCB   51.74c P  8.49% WF 709.6 PSV    2452 N     346  --  F17 C4 R16 O3 R6 Q15 R15 Q14
C3  : T  51.76c W  50.51c S   1.38c ( +3.9 L  +2.7) LCB   50.53c P 34.91% WF 892.5 PSV     893 N     447  --  C3 C5 D4 D5 E3 F3 F2 F4
R17 : T  50.19c W  49.92c S   1.35c ( +3.9 L  +2.7) LCB   48.20c P 29.68% WF 361.2 PSV     283 N     195  --  R17 Q14 C3 C5 D4 D5 E3 F3
C4  : T  50.61c W  49.41c S   1.22c ( +3.8 L  +2.6) LCB   49.18c P 16.41% WF 232.8 PSV     188 N     106  --  C4 R16 E3 F3 D3 F4 D6 E17
R16 : T  52.07c W  50.75c S   1.31c ( +3.9 L  +2.7) LCB   50.64c P  2.82% WF 329.1 PSV     107 N     162  --  R16 E17 C4 D15 C15 D14 C13 Q14
F16 : T  48.79c W  47.85c S   1.14c ( +3.7 L  +2.5) LCB   39.70c P  0.74% WF  20.6 PSV       4 N       9  --  F16 C4 R16 R3 R4 Q3
E16 : T  47.01c W  46.50c S   0.99c ( +3.6 L  +2.4) LCB   35.67c P  0.91% WF  18.3 PSV       3 N       8  --  E16 C4 R17 Q15
D4  : T  47.12c W  45.87c S   0.93c ( +3.5 L  +2.4) LCB    4.00c P  0.76% WF   8.3 PSV       3 N       4  --  D4 E3 D5
E17 : T  48.22c W  47.13c S   1.10c ( +3.6 L  +2.6) LCB -301.78c P  0.56% WF   2.3 PSV       2 N       1  --  E17

2024-05-09 22:58:24+0800: = F17
2024-05-09 22:58:33+0800: Controller: final_score
2024-05-09 22:58:35+0800: = W+2.5
