2024-03-18 20:18:47+0800: Running with following config:
allowResignation = true
friendlyPassOk = true
hasButton = false
koRule = SIMPLE
lagBuffer = 1.0
logAllGTPCommunication = true
logDir = gtp_logs
logSearchInfo = true
logToStderr = false
multiStoneSuicideLegal = false
nnCacheSizePowerOfTwo = 20
nnMutexPoolSizePowerOfTwo = 16
numNNServerThreadsPerModel = 1
numSearchThreads = 8
openclDeviceToUseThread0 = 0
ponderingEnabled = false
resignConsecTurns = 3
resignThreshold = -0.90
scoringRule = AREA
searchFactorAfterOnePass = 0.50
searchFactorAfterTwoPass = 0.25
searchFactorWhenWinning = 0.40
searchFactorWhenWinningThreshold = 0.95
taxRule = NONE
whiteHandicapBonus = N

2024-03-18 20:18:47+0800: GTP Engine starting...
2024-03-18 20:18:47+0800: KataGo v1.13.0
2024-03-18 20:18:47+0800: Using Chinese rules initially, unless GTP/GUI overrides this
2024-03-18 20:18:47+0800: Using 8 CPU thread(s) for search
2024-03-18 20:18:47+0800: nnRandSeed0 = 16913454289503065912
2024-03-18 20:18:47+0800: After dedups: nnModelFile0 = F:\homework\毕业设计\katago-v1.13.0-opencl-windows-x64\model.bin useFP16 auto useNHWC auto
2024-03-18 20:18:47+0800: Initializing neural net buffer to be size 19 * 19 exactly
2024-03-18 20:18:48+0800: Found OpenCL Platform 0: NVIDIA CUDA (NVIDIA Corporation) (OpenCL 3.0 CUDA 12.3.99)
2024-03-18 20:18:48+0800: Found 1 device(s) on platform 0 with type CPU or GPU or Accelerator
2024-03-18 20:18:48+0800: Found OpenCL Device 0: NVIDIA GeForce RTX 2060 (NVIDIA Corporation) (score 11000300)
2024-03-18 20:18:48+0800: Creating context for OpenCL Platform: NVIDIA CUDA (NVIDIA Corporation) (OpenCL 3.0 CUDA 12.3.99)
2024-03-18 20:18:48+0800: Using OpenCL Device 0: NVIDIA GeForce RTX 2060 (NVIDIA Corporation) OpenCL 3.0 CUDA (Extensions: cl_khr_global_int32_base_atomics cl_khr_global_int32_extended_atomics cl_khr_local_int32_base_atomics cl_khr_local_int32_extended_atomics cl_khr_fp64 cl_khr_3d_image_writes cl_khr_byte_addressable_store cl_khr_icd cl_khr_gl_sharing cl_nv_compiler_options cl_nv_device_attribute_query cl_nv_pragma_unroll cl_nv_d3d10_sharing cl_khr_d3d10_sharing cl_nv_d3d11_sharing cl_nv_copy_opts cl_nv_create_buffer cl_khr_int64_base_atomics cl_khr_int64_extended_atomics cl_khr_device_uuid cl_khr_pci_bus_info cl_khr_external_semaphore cl_khr_external_memory cl_khr_external_semaphore_win32 cl_khr_external_memory_win32)
2024-03-18 20:18:48+0800: Loaded tuning parameters from: F:\homework\毕业设计\katago-v1.13.0-opencl-windows-x64/KataGoData/opencltuning/tune11_gpuNVIDIAGeForceRTX2060_x19_y19_c384_mv14.txt
2024-03-18 20:18:48+0800: OpenCL backend thread 0: Device 0 Model version 14
2024-03-18 20:18:48+0800: OpenCL backend thread 0: Device 0 Model name: kata1-b18c384nbt-s7192213760-d3579182099
2024-03-18 20:18:50+0800: OpenCL backend thread 0: Device 0 FP16Storage true FP16Compute false FP16TensorCores true FP16TensorCoresFor1x1 false
2024-03-18 20:18:50+0800: Loaded neural net with nnXLen 19 nnYLen 19
2024-03-18 20:18:50+0800: Initializing board with boardXSize 19 boardYSize 19
2024-03-18 20:18:50+0800: Loaded config F:\homework\毕业设计\katago-v1.13.0-opencl-windows-x64\gtp_custom.cfg
2024-03-18 20:18:50+0800: Loaded model F:\homework\毕业设计\katago-v1.13.0-opencl-windows-x64\model.bin
2024-03-18 20:18:50+0800: Model name: kata1-b18c384nbt-s7192213760-d3579182099
2024-03-18 20:18:50+0800: GTP ready, beginning main protocol loop
2024-03-18 20:18:53+0800: Controller: loadsgf C:/Users/KILLLAKILL/AppData/LocalLow/DefaultCompany/yiwu/RecentGames\sgf_1701255612.sgf 1
2024-03-18 20:18:53+0800: Changing komi to 5.5
2024-03-18 20:18:53+0800: GPU 0 finishing, processed 0 rows 0 batches
2024-03-18 20:18:53+0800: Cleaned up old neural net and bot
2024-03-18 20:18:53+0800: nnRandSeed0 = 7301056618649366641
2024-03-18 20:18:53+0800: After dedups: nnModelFile0 = F:\homework\毕业设计\katago-v1.13.0-opencl-windows-x64\model.bin useFP16 auto useNHWC auto
2024-03-18 20:18:53+0800: Initializing neural net buffer to be size 9 * 9 exactly
2024-03-18 20:18:54+0800: Found OpenCL Platform 0: NVIDIA CUDA (NVIDIA Corporation) (OpenCL 3.0 CUDA 12.3.99)
2024-03-18 20:18:54+0800: Found 1 device(s) on platform 0 with type CPU or GPU or Accelerator
2024-03-18 20:18:54+0800: Found OpenCL Device 0: NVIDIA GeForce RTX 2060 (NVIDIA Corporation) (score 11000300)
2024-03-18 20:18:54+0800: Creating context for OpenCL Platform: NVIDIA CUDA (NVIDIA Corporation) (OpenCL 3.0 CUDA 12.3.99)
2024-03-18 20:18:54+0800: Using OpenCL Device 0: NVIDIA GeForce RTX 2060 (NVIDIA Corporation) OpenCL 3.0 CUDA (Extensions: cl_khr_global_int32_base_atomics cl_khr_global_int32_extended_atomics cl_khr_local_int32_base_atomics cl_khr_local_int32_extended_atomics cl_khr_fp64 cl_khr_3d_image_writes cl_khr_byte_addressable_store cl_khr_icd cl_khr_gl_sharing cl_nv_compiler_options cl_nv_device_attribute_query cl_nv_pragma_unroll cl_nv_d3d10_sharing cl_khr_d3d10_sharing cl_nv_d3d11_sharing cl_nv_copy_opts cl_nv_create_buffer cl_khr_int64_base_atomics cl_khr_int64_extended_atomics cl_khr_device_uuid cl_khr_pci_bus_info cl_khr_external_semaphore cl_khr_external_memory cl_khr_external_semaphore_win32 cl_khr_external_memory_win32)
2024-03-18 20:18:54+0800: Loaded tuning parameters from: F:\homework\毕业设计\katago-v1.13.0-opencl-windows-x64/KataGoData/opencltuning/tune11_gpuNVIDIAGeForceRTX2060_x19_y19_c384_mv14.txt
2024-03-18 20:18:54+0800: OpenCL backend thread 0: Device 0 Model version 14
2024-03-18 20:18:54+0800: OpenCL backend thread 0: Device 0 Model name: kata1-b18c384nbt-s7192213760-d3579182099
2024-03-18 20:18:56+0800: OpenCL backend thread 0: Device 0 FP16Storage true FP16Compute false FP16TensorCores true FP16TensorCoresFor1x1 false
2024-03-18 20:18:56+0800: Loaded neural net with nnXLen 9 nnYLen 9
2024-03-18 20:18:56+0800: Initializing board with boardXSize 9 boardYSize 9
2024-03-18 20:18:56+0800: = 
2024-03-18 20:19:02+0800: Controller: loadsgf C:/Users/KILLLAKILL/AppData/LocalLow/DefaultCompany/yiwu/RecentGames\sgf_1701255612.sgf 6
2024-03-18 20:19:02+0800: = 
2024-03-18 20:19:02+0800: Controller: lz-genmove_analyze maxmoves 6
2024-03-18 20:19:07+0800: MoveNum: 5 HASH: FFE96295C396DA517064CFFB0FD39D37
   A B C D E F G H J
 9 . . . . . . . . .
 8 . . . . . . . . .
 7 . . X . . . . . .
 6 . . . . . . . . .
 5 . . . . O O2. . .
 4 . . . . . . . . .
 3 . . X1. @ . X3. .
 2 . . . . . . . . .
 1 . . . . . . . . .

koSIMPLEscoreAREAtaxNONEsui0whbNfpok1komi5.5
Time taken: 5
Root visits: 3088
New playouts: 3088
NN rows: 2409
NN batches: 603
NN avg batch size: 3.99502
PV: E3 D4 F3 H5 H4 G4 G5 H3 D7 D6 H6 J4 C8 C6 E7 E6 F6 G7 H7 B8 D8 F7 B9 F8 B7
Tree:
: T -54.53c W -50.50c S  -3.10c ( -2.4 L  -2.1) N    3088  --  E3 D4 F3 H5 H4 G4 G5
---White(^)---
E3  : T -52.69c W -48.93c S  -3.19c ( -2.5 L  -2.2) LCB  -57.70c P 38.50% WF 1664.1 PSV    1636 N    2433  --  E3 D4 F3 H5 H4 G4 G5 H3
E7  : T -55.38c W -52.34c S  -2.35c ( -1.9 L  -1.5) LCB  -65.25c P 16.02% WF 303.4 PSV     295 N     452  --  E7 D4 C6 D6 D7 D5 F3 C8
C5  : T -70.46c W -60.36c S  -3.75c ( -2.7 L  -2.0) LCB  -85.45c P 24.47% WF  94.1 PSV     108 N     131  --  C5 E7 F7 D4 D5 F8 G7 G8
F3  : T -81.75c W -71.93c S  -3.61c ( -2.5 L  -1.8) LCB -100.07c P  8.97% WF  21.2 PSV      25 N      25  --  F3 F2 E7 C5 E2 E3
F2  : T -57.96c W -53.71c S  -2.52c ( -2.1 L  -1.4) LCB  -79.24c P  1.82% WF  21.2 PSV      21 N      25  --  F2 H5 C5 D4 D5 F3
G4  : T -80.58c W -76.45c S  -3.47c ( -2.4 L  -2.0) LCB -120.55c P  2.13% WF   6.0 PSV       6 N       6  --  G4 F3 D4 D3
D7  : T -79.51c W -74.16c S  -3.43c ( -2.4 L  -1.4) LCB -129.24c P  1.71% WF   4.1 PSV       5 N       4  --  D7 C6 G4
C6  : T -87.97c W -80.60c S  -4.65c ( -3.0 L  -1.9) LCB -134.22c P  2.00% WF   4.3 PSV       4 N       4  --  C6 D6 D5
D3  : T -90.98c W -81.07c S  -5.31c ( -3.3 L  -2.4) LCB -167.59c P  1.98% WF   3.1 PSV       4 N       3  --  D3 D4 E3
C4  : T -79.78c W -76.40c S  -3.38c ( -2.4 L  -1.2) LCB -429.78c P  0.74% WF   1.2 PSV       2 N       1  --  C4

2024-03-18 20:19:07+0800: = play E3
