2024-05-08 23:06:05+0800: Running with following config:
allowResignation = true
friendlyPassOk = true
hasButton = false
koRule = SIMPLE
lagBuffer = 1.0
logAllGTPCommunication = true
logDir = gtp_logs
logSearchInfo = true
logToStderr = false
multiStoneSuicideLegal = false
nnCacheSizePowerOfTwo = 20
nnMutexPoolSizePowerOfTwo = 16
numNNServerThreadsPerModel = 1
numSearchThreads = 8
openclDeviceToUseThread0 = 0
ponderingEnabled = false
resignConsecTurns = 3
resignThreshold = -0.90
scoringRule = AREA
searchFactorAfterOnePass = 0.50
searchFactorAfterTwoPass = 0.25
searchFactorWhenWinning = 0.40
searchFactorWhenWinningThreshold = 0.95
taxRule = NONE
whiteHandicapBonus = N

2024-05-08 23:06:05+0800: GTP Engine starting...
2024-05-08 23:06:05+0800: KataGo v1.13.0
2024-05-08 23:06:05+0800: Using Chinese rules initially, unless GTP/GUI overrides this
2024-05-08 23:06:05+0800: Using 8 CPU thread(s) for search
2024-05-08 23:06:05+0800: nnRandSeed0 = 5323979431791592528
2024-05-08 23:06:05+0800: After dedups: nnModelFile0 = F:/unity_project/yiwu/Assets/StreamingAssets\katago-v1.13.0-opencl-windows-x64\model.bin useFP16 auto useNHWC auto
2024-05-08 23:06:05+0800: Initializing neural net buffer to be size 19 * 19 exactly
2024-05-08 23:06:06+0800: Found OpenCL Platform 0: NVIDIA CUDA (NVIDIA Corporation) (OpenCL 3.0 CUDA 12.3.99)
2024-05-08 23:06:06+0800: Found 1 device(s) on platform 0 with type CPU or GPU or Accelerator
2024-05-08 23:06:06+0800: Found OpenCL Device 0: NVIDIA GeForce RTX 2060 (NVIDIA Corporation) (score 11000300)
2024-05-08 23:06:06+0800: Creating context for OpenCL Platform: NVIDIA CUDA (NVIDIA Corporation) (OpenCL 3.0 CUDA 12.3.99)
2024-05-08 23:06:06+0800: Using OpenCL Device 0: NVIDIA GeForce RTX 2060 (NVIDIA Corporation) OpenCL 3.0 CUDA (Extensions: cl_khr_global_int32_base_atomics cl_khr_global_int32_extended_atomics cl_khr_local_int32_base_atomics cl_khr_local_int32_extended_atomics cl_khr_fp64 cl_khr_3d_image_writes cl_khr_byte_addressable_store cl_khr_icd cl_khr_gl_sharing cl_nv_compiler_options cl_nv_device_attribute_query cl_nv_pragma_unroll cl_nv_d3d10_sharing cl_khr_d3d10_sharing cl_nv_d3d11_sharing cl_nv_copy_opts cl_nv_create_buffer cl_khr_int64_base_atomics cl_khr_int64_extended_atomics cl_khr_device_uuid cl_khr_pci_bus_info cl_khr_external_semaphore cl_khr_external_memory cl_khr_external_semaphore_win32 cl_khr_external_memory_win32)
2024-05-08 23:06:06+0800: Loaded tuning parameters from: F:\unity_project\yiwu\Assets\StreamingAssets\katago-v1.13.0-opencl-windows-x64/KataGoData/opencltuning/tune11_gpuNVIDIAGeForceRTX2060_x19_y19_c384_mv14.txt
2024-05-08 23:06:06+0800: OpenCL backend thread 0: Device 0 Model version 14
2024-05-08 23:06:06+0800: OpenCL backend thread 0: Device 0 Model name: kata1-b18c384nbt-s7192213760-d3579182099
2024-05-08 23:06:08+0800: OpenCL backend thread 0: Device 0 FP16Storage true FP16Compute false FP16TensorCores true FP16TensorCoresFor1x1 false
2024-05-08 23:06:08+0800: Loaded neural net with nnXLen 19 nnYLen 19
2024-05-08 23:06:08+0800: Initializing board with boardXSize 19 boardYSize 19
2024-05-08 23:06:08+0800: Loaded config F:/unity_project/yiwu/Assets/StreamingAssets\katago-v1.13.0-opencl-windows-x64\gtp_custom.cfg
2024-05-08 23:06:08+0800: Loaded model F:/unity_project/yiwu/Assets/StreamingAssets\katago-v1.13.0-opencl-windows-x64\model.bin
2024-05-08 23:06:08+0800: Model name: kata1-b18c384nbt-s7192213760-d3579182099
2024-05-08 23:06:08+0800: GTP ready, beginning main protocol loop
2024-05-08 23:06:08+0800: Controller: clear_board
2024-05-08 23:06:08+0800: = 
2024-05-08 23:06:08+0800: Controller: play b K9
2024-05-08 23:06:08+0800: = 
2024-05-08 23:06:08+0800: Controller: komi 7.5
2024-05-08 23:06:08+0800: = 
2024-05-08 23:06:08+0800: Controller: boardsize 19
2024-05-08 23:06:08+0800: = 
2024-05-08 23:06:08+0800: Controller: genmove w
2024-05-08 23:06:13+0800: MoveNum: 1 HASH: C5B3A86777AAE45F1CA80B82D8B9A186
   A B C D E F G H J K L M N O P Q R S T
19 . . . . . . . . . . . . . . . . . . .
18 . . . . . . . . . . . . . . . . . . .
17 . . . . . . . . . . . . . . . . . . .
16 . . . . . . . . . . . . . . . . . . .
15 . . . . . . . . . . . . . . . . . . .
14 . . . . . . . . . . . . . . . . . . .
13 . . . . . . . . . . . . . . . . . . .
12 . . . . . . . . . . . . . . . . . . .
11 . . . . . . . . . . . . . . . . . . .
10 . . . . . . . . . . . . . . . . . . .
 9 . . . . . . . . . X1. . . . . . . . .
 8 . . . . . . . . . . . . . . . . . . .
 7 . . . . . . . . . . . . . . . . . . .
 6 . . . . . . . . . . . . . . . . . . .
 5 . . . . . . . . . . . . . . . . . . .
 4 . . @ . . . . . . . . . . . . . . . .
 3 . . . . . . . . . . . . . . . . . . .
 2 . . . . . . . . . . . . . . . . . . .
 1 . . . . . . . . . . . . . . . . . . .

koSIMPLEscoreAREAtaxNONEsui0whbNfpok1komi7.5
Time taken: 5.015
Root visits: 1346
New playouts: 1346
NN rows: 1209
NN batches: 303
NN avg batch size: 3.9901
PV: C4 Q4 Q16 D16 F3 R17 R16 Q17 P17 P18 O18 O17 P16 N18 Q18 O19 R18 D4 D5 C3 D3 S17 S18 E4
Tree:
: T  35.33c W  34.75c S   0.72c ( +2.4 L  +1.6) N    1346  --  C4 Q4 Q16 D16 F3 R17 R16
---White(^)---
C4  : T  35.81c W  35.03c S   0.71c ( +2.4 L  +1.6) LCB   34.95c P  3.42% WF 857.7 PSV    2119 N     373  --  C4 Q4 Q16 D16 F3 R17 R16 Q17
D4  : T  35.29c W  34.72c S   0.73c ( +2.4 L  +1.6) LCB   34.59c P 19.72% WF 1132.3 PSV    1134 N     469  --  D4 Q16 Q4 D16 R17 R16 Q17 O17
D3  : T  35.64c W  34.93c S   0.73c ( +2.4 L  +1.6) LCB   34.86c P  3.77% WF 560.7 PSV     560 N     232  --  D3 Q16 Q4 C16 C6 R3 R4 Q3
D16 : T  34.53c W  34.33c S   0.75c ( +2.5 L  +1.6) LCB   33.14c P 10.93% WF 308.6 PSV     220 N     126  --  D16 Q4 D3 Q17 R15 R12 P16 Q16
D17 : T  35.03c W  34.64c S   0.72c ( +2.4 L  +1.7) LCB   33.73c P  2.75% WF 232.0 PSV      96 N      95  --  D17 Q4 D4 Q16 C14 C3 D3 C4
C16 : T  33.93c W  33.96c S   0.69c ( +2.4 L  +1.7) LCB   30.75c P  2.88% WF  52.1 PSV      38 N      21  --  C16 Q4 Q16 D4 F17 R17
D5  : T  34.03c W  33.64c S   0.55c ( +2.3 L  +1.4) LCB    6.14c P  0.65% WF  10.8 PSV       9 N       5  --  D5 Q4 D3
D15 : T  34.21c W  34.01c S   0.66c ( +2.4 L  +1.5) LCB   14.62c P  0.54% WF  13.1 PSV       8 N       6  --  D15 D4 D17
E16 : T  33.38c W  33.44c S   0.56c ( +2.3 L  +1.5) LCB  -40.96c P  0.56% WF   6.3 PSV       5 N       3  --  E16 Q4
E4  : T  32.63c W  32.79c S   0.44c ( +2.2 L  +1.4) LCB  -41.64c P  0.57% WF   6.2 PSV       4 N       3  --  E4 C3

2024-05-08 23:06:13+0800: = C4
