2024-03-17 11:52:06+0800: Running with following config:
allowResignation = true
friendlyPassOk = true
hasButton = false
koRule = SIMPLE
lagBuffer = 1.0
logAllGTPCommunication = true
logDir = gtp_logs
logSearchInfo = true
logToStderr = false
multiStoneSuicideLegal = false
nnCacheSizePowerOfTwo = 20
nnMutexPoolSizePowerOfTwo = 16
numNNServerThreadsPerModel = 1
numSearchThreads = 8
openclDeviceToUseThread0 = 0
ponderingEnabled = false
resignConsecTurns = 3
resignThreshold = -0.90
scoringRule = AREA
searchFactorAfterOnePass = 0.50
searchFactorAfterTwoPass = 0.25
searchFactorWhenWinning = 0.40
searchFactorWhenWinningThreshold = 0.95
taxRule = NONE
whiteHandicapBonus = N

2024-03-17 11:52:06+0800: GTP Engine starting...
2024-03-17 11:52:06+0800: KataGo v1.13.0
2024-03-17 11:52:06+0800: Using Chinese rules initially, unless GTP/GUI overrides this
2024-03-17 11:52:06+0800: Using 8 CPU thread(s) for search
2024-03-17 11:52:06+0800: nnRandSeed0 = 6237303400953237899
2024-03-17 11:52:06+0800: After dedups: nnModelFile0 = F:\homework\毕业设计\katago-v1.13.0-opencl-windows-x64\model.bin useFP16 auto useNHWC auto
2024-03-17 11:52:06+0800: Initializing neural net buffer to be size 19 * 19 exactly
2024-03-17 11:52:07+0800: Found OpenCL Platform 0: NVIDIA CUDA (NVIDIA Corporation) (OpenCL 3.0 CUDA 12.3.99)
2024-03-17 11:52:07+0800: Found 1 device(s) on platform 0 with type CPU or GPU or Accelerator
2024-03-17 11:52:07+0800: Found OpenCL Device 0: NVIDIA GeForce RTX 2060 (NVIDIA Corporation) (score 11000300)
2024-03-17 11:52:07+0800: Creating context for OpenCL Platform: NVIDIA CUDA (NVIDIA Corporation) (OpenCL 3.0 CUDA 12.3.99)
2024-03-17 11:52:07+0800: Using OpenCL Device 0: NVIDIA GeForce RTX 2060 (NVIDIA Corporation) OpenCL 3.0 CUDA (Extensions: cl_khr_global_int32_base_atomics cl_khr_global_int32_extended_atomics cl_khr_local_int32_base_atomics cl_khr_local_int32_extended_atomics cl_khr_fp64 cl_khr_3d_image_writes cl_khr_byte_addressable_store cl_khr_icd cl_khr_gl_sharing cl_nv_compiler_options cl_nv_device_attribute_query cl_nv_pragma_unroll cl_nv_d3d10_sharing cl_khr_d3d10_sharing cl_nv_d3d11_sharing cl_nv_copy_opts cl_nv_create_buffer cl_khr_int64_base_atomics cl_khr_int64_extended_atomics cl_khr_device_uuid cl_khr_pci_bus_info cl_khr_external_semaphore cl_khr_external_memory cl_khr_external_semaphore_win32 cl_khr_external_memory_win32)
2024-03-17 11:52:07+0800: Loaded tuning parameters from: F:\homework\毕业设计\katago-v1.13.0-opencl-windows-x64/KataGoData/opencltuning/tune11_gpuNVIDIAGeForceRTX2060_x19_y19_c384_mv14.txt
2024-03-17 11:52:07+0800: OpenCL backend thread 0: Device 0 Model version 14
2024-03-17 11:52:07+0800: OpenCL backend thread 0: Device 0 Model name: kata1-b18c384nbt-s7192213760-d3579182099
2024-03-17 11:52:09+0800: OpenCL backend thread 0: Device 0 FP16Storage true FP16Compute false FP16TensorCores true FP16TensorCoresFor1x1 false
2024-03-17 11:52:09+0800: Loaded neural net with nnXLen 19 nnYLen 19
2024-03-17 11:52:09+0800: Initializing board with boardXSize 19 boardYSize 19
2024-03-17 11:52:09+0800: Loaded config F:\homework\毕业设计\katago-v1.13.0-opencl-windows-x64\gtp_custom.cfg
2024-03-17 11:52:09+0800: Loaded model F:\homework\毕业设计\katago-v1.13.0-opencl-windows-x64\model.bin
2024-03-17 11:52:09+0800: Model name: kata1-b18c384nbt-s7192213760-d3579182099
2024-03-17 11:52:09+0800: GTP ready, beginning main protocol loop
2024-03-17 11:52:19+0800: Controller: loadsgf C:/Users/KILLLAKILL/AppData/LocalLow/DefaultCompany/yiwu/RecentGames\sgf_1701255612.sgf 1
2024-03-17 11:52:19+0800: Changing komi to 5.5
2024-03-17 11:52:19+0800: GPU 0 finishing, processed 0 rows 0 batches
2024-03-17 11:52:19+0800: Cleaned up old neural net and bot
2024-03-17 11:52:19+0800: nnRandSeed0 = 2688033041783595131
2024-03-17 11:52:19+0800: After dedups: nnModelFile0 = F:\homework\毕业设计\katago-v1.13.0-opencl-windows-x64\model.bin useFP16 auto useNHWC auto
2024-03-17 11:52:19+0800: Initializing neural net buffer to be size 9 * 9 exactly
2024-03-17 11:52:20+0800: Found OpenCL Platform 0: NVIDIA CUDA (NVIDIA Corporation) (OpenCL 3.0 CUDA 12.3.99)
2024-03-17 11:52:20+0800: Found 1 device(s) on platform 0 with type CPU or GPU or Accelerator
2024-03-17 11:52:20+0800: Found OpenCL Device 0: NVIDIA GeForce RTX 2060 (NVIDIA Corporation) (score 11000300)
2024-03-17 11:52:20+0800: Creating context for OpenCL Platform: NVIDIA CUDA (NVIDIA Corporation) (OpenCL 3.0 CUDA 12.3.99)
2024-03-17 11:52:20+0800: Using OpenCL Device 0: NVIDIA GeForce RTX 2060 (NVIDIA Corporation) OpenCL 3.0 CUDA (Extensions: cl_khr_global_int32_base_atomics cl_khr_global_int32_extended_atomics cl_khr_local_int32_base_atomics cl_khr_local_int32_extended_atomics cl_khr_fp64 cl_khr_3d_image_writes cl_khr_byte_addressable_store cl_khr_icd cl_khr_gl_sharing cl_nv_compiler_options cl_nv_device_attribute_query cl_nv_pragma_unroll cl_nv_d3d10_sharing cl_khr_d3d10_sharing cl_nv_d3d11_sharing cl_nv_copy_opts cl_nv_create_buffer cl_khr_int64_base_atomics cl_khr_int64_extended_atomics cl_khr_device_uuid cl_khr_pci_bus_info cl_khr_external_semaphore cl_khr_external_memory cl_khr_external_semaphore_win32 cl_khr_external_memory_win32)
2024-03-17 11:52:20+0800: Loaded tuning parameters from: F:\homework\毕业设计\katago-v1.13.0-opencl-windows-x64/KataGoData/opencltuning/tune11_gpuNVIDIAGeForceRTX2060_x19_y19_c384_mv14.txt
2024-03-17 11:52:20+0800: OpenCL backend thread 0: Device 0 Model version 14
2024-03-17 11:52:20+0800: OpenCL backend thread 0: Device 0 Model name: kata1-b18c384nbt-s7192213760-d3579182099
2024-03-17 11:52:22+0800: OpenCL backend thread 0: Device 0 FP16Storage true FP16Compute false FP16TensorCores true FP16TensorCoresFor1x1 false
2024-03-17 11:52:22+0800: Loaded neural net with nnXLen 9 nnYLen 9
2024-03-17 11:52:22+0800: Initializing board with boardXSize 9 boardYSize 9
2024-03-17 11:52:22+0800: = 
2024-03-17 11:52:52+0800: Controller: loadsgf C:/Users/KILLLAKILL/AppData/LocalLow/DefaultCompany/yiwu/RecentGames\sgf_1701255612.sgf 6
2024-03-17 11:52:52+0800: = 
2024-03-17 11:52:52+0800: Controller: lz-genmove_analyze maxmoves 6
2024-03-17 11:52:57+0800: MoveNum: 5 HASH: FFE96295C396DA517064CFFB0FD39D37
   A B C D E F G H J
 9 . . . . . . . . .
 8 . . . . . . . . .
 7 . . X . . . . . .
 6 . . . . . . . . .
 5 . . . . O O2. . .
 4 . . . . . . . . .
 3 . . X1. @ . X3. .
 2 . . . . . . . . .
 1 . . . . . . . . .

koSIMPLEscoreAREAtaxNONEsui0whbNfpok1komi5.5
Time taken: 5
Root visits: 3414
New playouts: 3414
NN rows: 2452
NN batches: 614
NN avg batch size: 3.99349
PV: E3 D4 F3 H5 H4 G4 G5 H3 D7 D6 H6 J4 C8 C6 E7 E6 F7 H7 G7 J6 B8 G6 F6 B7 C2
Tree:
: T -46.56c W -44.39c S  -1.98c ( -1.9 L  -1.5) N    3414  --  E3 D4 F3 H5 H4 G4 G5
---White(^)---
E3  : T -44.02c W -41.93c S  -1.89c ( -1.8 L  -1.5) LCB  -48.66c P 34.58% WF 1819.6 PSV    1776 N    2804  --  E3 D4 F3 H5 H4 G4 G5 H3
E7  : T -52.42c W -51.69c S  -1.84c ( -1.7 L  -1.3) LCB  -63.39c P 17.52% WF 227.4 PSV     161 N     345  --  E7 C5 D4 H5 C4 B4 H6 D3
C5  : T -67.03c W -58.01c S  -3.57c ( -2.6 L  -2.0) LCB  -84.05c P 26.16% WF  83.4 PSV      99 N     121  --  C5 E7 F7 D4 D5 F8 G7 G8
F2  : T -48.02c W -49.28c S  -2.08c ( -1.9 L  -1.3) LCB  -62.38c P  2.18% WF  78.6 PSV      35 N      97  --  F2 H5 C5 D4 D5 F3 E7 E8
F3  : T -83.80c W -74.79c S  -3.86c ( -2.7 L  -2.0) LCB  -99.38c P  7.30% WF  14.7 PSV      16 N      18  --  F3 F2 E2 E3 D3 F4 E4 F3
D7  : T -67.76c W -67.38c S  -2.67c ( -2.1 L  -1.3) LCB  -90.12c P  2.34% WF   7.6 PSV       8 N       8  --  D7 D6 E7 C6
G4  : T -76.57c W -73.64c S  -3.01c ( -2.2 L  -1.8) LCB -116.05c P  2.54% WF   5.6 PSV       6 N       6  --  G4 F3 D4 D3
C6  : T -83.79c W -78.80c S  -3.96c ( -2.7 L  -1.9) LCB -116.71c P  2.37% WF   4.7 PSV       5 N       5  --  C6 D6 D5 E3
D3  : T -91.42c W -81.19c S  -5.19c ( -3.3 L  -2.4) LCB -169.50c P  1.81% WF   3.0 PSV       3 N       3  --  D3 D4 E3
C4  : T -78.86c W -75.80c S  -3.35c ( -2.5 L  -1.5) LCB -231.38c P  1.11% WF   2.1 PSV       2 N       2  --  C4 D4

2024-03-17 11:52:57+0800: = play E3
