2024-03-18 17:10:08+0800: Running with following config:
allowResignation = true
friendlyPassOk = true
hasButton = false
koRule = SIMPLE
lagBuffer = 1.0
logAllGTPCommunication = true
logDir = gtp_logs
logSearchInfo = true
logToStderr = false
multiStoneSuicideLegal = false
nnCacheSizePowerOfTwo = 20
nnMutexPoolSizePowerOfTwo = 16
numNNServerThreadsPerModel = 1
numSearchThreads = 8
openclDeviceToUseThread0 = 0
ponderingEnabled = false
resignConsecTurns = 3
resignThreshold = -0.90
scoringRule = AREA
searchFactorAfterOnePass = 0.50
searchFactorAfterTwoPass = 0.25
searchFactorWhenWinning = 0.40
searchFactorWhenWinningThreshold = 0.95
taxRule = NONE
whiteHandicapBonus = N

2024-03-18 17:10:08+0800: GTP Engine starting...
2024-03-18 17:10:08+0800: KataGo v1.13.0
2024-03-18 17:10:08+0800: Using Chinese rules initially, unless GTP/GUI overrides this
2024-03-18 17:10:08+0800: Using 8 CPU thread(s) for search
2024-03-18 17:10:08+0800: nnRandSeed0 = 2555707417603277961
2024-03-18 17:10:08+0800: After dedups: nnModelFile0 = F:\homework\毕业设计\katago-v1.13.0-opencl-windows-x64\model.bin useFP16 auto useNHWC auto
2024-03-18 17:10:08+0800: Initializing neural net buffer to be size 19 * 19 exactly
2024-03-18 17:10:09+0800: Found OpenCL Platform 0: NVIDIA CUDA (NVIDIA Corporation) (OpenCL 3.0 CUDA 12.3.99)
2024-03-18 17:10:09+0800: Found 1 device(s) on platform 0 with type CPU or GPU or Accelerator
2024-03-18 17:10:09+0800: Found OpenCL Device 0: NVIDIA GeForce RTX 2060 (NVIDIA Corporation) (score 11000300)
2024-03-18 17:10:09+0800: Creating context for OpenCL Platform: NVIDIA CUDA (NVIDIA Corporation) (OpenCL 3.0 CUDA 12.3.99)
2024-03-18 17:10:09+0800: Using OpenCL Device 0: NVIDIA GeForce RTX 2060 (NVIDIA Corporation) OpenCL 3.0 CUDA (Extensions: cl_khr_global_int32_base_atomics cl_khr_global_int32_extended_atomics cl_khr_local_int32_base_atomics cl_khr_local_int32_extended_atomics cl_khr_fp64 cl_khr_3d_image_writes cl_khr_byte_addressable_store cl_khr_icd cl_khr_gl_sharing cl_nv_compiler_options cl_nv_device_attribute_query cl_nv_pragma_unroll cl_nv_d3d10_sharing cl_khr_d3d10_sharing cl_nv_d3d11_sharing cl_nv_copy_opts cl_nv_create_buffer cl_khr_int64_base_atomics cl_khr_int64_extended_atomics cl_khr_device_uuid cl_khr_pci_bus_info cl_khr_external_semaphore cl_khr_external_memory cl_khr_external_semaphore_win32 cl_khr_external_memory_win32)
2024-03-18 17:10:09+0800: Loaded tuning parameters from: F:\homework\毕业设计\katago-v1.13.0-opencl-windows-x64/KataGoData/opencltuning/tune11_gpuNVIDIAGeForceRTX2060_x19_y19_c384_mv14.txt
2024-03-18 17:10:09+0800: OpenCL backend thread 0: Device 0 Model version 14
2024-03-18 17:10:09+0800: OpenCL backend thread 0: Device 0 Model name: kata1-b18c384nbt-s7192213760-d3579182099
2024-03-18 17:10:11+0800: OpenCL backend thread 0: Device 0 FP16Storage true FP16Compute false FP16TensorCores true FP16TensorCoresFor1x1 false
2024-03-18 17:10:11+0800: Loaded neural net with nnXLen 19 nnYLen 19
2024-03-18 17:10:11+0800: Initializing board with boardXSize 19 boardYSize 19
2024-03-18 17:10:11+0800: Loaded config F:\homework\毕业设计\katago-v1.13.0-opencl-windows-x64\gtp_custom.cfg
2024-03-18 17:10:11+0800: Loaded model F:\homework\毕业设计\katago-v1.13.0-opencl-windows-x64\model.bin
2024-03-18 17:10:11+0800: Model name: kata1-b18c384nbt-s7192213760-d3579182099
2024-03-18 17:10:11+0800: GTP ready, beginning main protocol loop
2024-03-18 17:10:21+0800: Controller: loadsgf C:/Users/KILLLAKILL/AppData/LocalLow/DefaultCompany/yiwu/RecentGames\sgf_1701255612.sgf 1
2024-03-18 17:10:21+0800: Changing komi to 5.5
2024-03-18 17:10:21+0800: GPU 0 finishing, processed 0 rows 0 batches
2024-03-18 17:10:21+0800: Cleaned up old neural net and bot
2024-03-18 17:10:21+0800: nnRandSeed0 = 4303971691613635506
2024-03-18 17:10:21+0800: After dedups: nnModelFile0 = F:\homework\毕业设计\katago-v1.13.0-opencl-windows-x64\model.bin useFP16 auto useNHWC auto
2024-03-18 17:10:21+0800: Initializing neural net buffer to be size 9 * 9 exactly
2024-03-18 17:10:22+0800: Found OpenCL Platform 0: NVIDIA CUDA (NVIDIA Corporation) (OpenCL 3.0 CUDA 12.3.99)
2024-03-18 17:10:22+0800: Found 1 device(s) on platform 0 with type CPU or GPU or Accelerator
2024-03-18 17:10:22+0800: Found OpenCL Device 0: NVIDIA GeForce RTX 2060 (NVIDIA Corporation) (score 11000300)
2024-03-18 17:10:22+0800: Creating context for OpenCL Platform: NVIDIA CUDA (NVIDIA Corporation) (OpenCL 3.0 CUDA 12.3.99)
2024-03-18 17:10:22+0800: Using OpenCL Device 0: NVIDIA GeForce RTX 2060 (NVIDIA Corporation) OpenCL 3.0 CUDA (Extensions: cl_khr_global_int32_base_atomics cl_khr_global_int32_extended_atomics cl_khr_local_int32_base_atomics cl_khr_local_int32_extended_atomics cl_khr_fp64 cl_khr_3d_image_writes cl_khr_byte_addressable_store cl_khr_icd cl_khr_gl_sharing cl_nv_compiler_options cl_nv_device_attribute_query cl_nv_pragma_unroll cl_nv_d3d10_sharing cl_khr_d3d10_sharing cl_nv_d3d11_sharing cl_nv_copy_opts cl_nv_create_buffer cl_khr_int64_base_atomics cl_khr_int64_extended_atomics cl_khr_device_uuid cl_khr_pci_bus_info cl_khr_external_semaphore cl_khr_external_memory cl_khr_external_semaphore_win32 cl_khr_external_memory_win32)
2024-03-18 17:10:22+0800: Loaded tuning parameters from: F:\homework\毕业设计\katago-v1.13.0-opencl-windows-x64/KataGoData/opencltuning/tune11_gpuNVIDIAGeForceRTX2060_x19_y19_c384_mv14.txt
2024-03-18 17:10:22+0800: OpenCL backend thread 0: Device 0 Model version 14
2024-03-18 17:10:22+0800: OpenCL backend thread 0: Device 0 Model name: kata1-b18c384nbt-s7192213760-d3579182099
2024-03-18 17:10:24+0800: OpenCL backend thread 0: Device 0 FP16Storage true FP16Compute false FP16TensorCores true FP16TensorCoresFor1x1 false
2024-03-18 17:10:24+0800: Loaded neural net with nnXLen 9 nnYLen 9
2024-03-18 17:10:24+0800: Initializing board with boardXSize 9 boardYSize 9
2024-03-18 17:10:24+0800: = 
2024-03-18 17:11:28+0800: Controller: loadsgf C:/Users/KILLLAKILL/AppData/LocalLow/DefaultCompany/yiwu/RecentGames\sgf_1701255612.sgf 7
2024-03-18 17:11:28+0800: = 
2024-03-18 17:11:28+0800: Controller: lz-genmove_analyze maxmoves 6
2024-03-18 17:11:33+0800: MoveNum: 6 HASH: 2733791EA78FF924FDD84A034F99EEAA
   A B C D E F G H J
 9 . . . . . . . . .
 8 . . . . . . . . .
 7 . . X . . . . . .
 6 . . . . . . . . .
 5 . . . . O O1. . .
 4 . . . . . O3. . .
 3 . . X . . . X2. .
 2 . . . . @ . . . .
 1 . . . . . . . . .

koSIMPLEscoreAREAtaxNONEsui0whbNfpok1komi5.5
Time taken: 5
Root visits: 2923
New playouts: 2923
NN rows: 2417
NN batches: 605
NN avg batch size: 3.99504
PV: E2 E7 C5 H4 D8 H3 F8 D4 C4 E8 E9 D7 C8 G8 F7 G7 H2 F6 F9 D2 D3
Tree:
: T 100.29c W  98.76c S   1.65c ( +6.5 L  +6.1) N    2923  --  E2 E7 C5 H4 D8 H3 F8
---Black(^)---
E2  : T 100.65c W  99.01c S   1.78c ( +6.5 L  +6.2) LCB   99.95c P 15.41% WF 3444.3 PSV    6980 N    1167  --  E2 E7 C5 H4 D8 H3 F8 D4
F3  : T 100.35c W  98.71c S   1.77c ( +6.5 L  +6.1) LCB   99.68c P 52.32% WF 4128.8 PSV    4132 N    1512  --  F3 E7 C5 H4 D8 H3 F8 E8
C5  : T  98.99c W  98.57c S   0.55c ( +6.0 L  +5.6) LCB   97.08c P  4.81% WF 148.7 PSV     126 N      51  --  C5 D6 C6 H5 F3 D7
H5  : T  96.73c W  96.97c S   0.20c ( +5.8 L  +5.1) LCB   93.81c P  9.59% WF 132.3 PSV     119 N      66  --  H5 C5 E7 F3 F2 E2 G2 F7
F7  : T  97.27c W  97.73c S  -0.44c ( +5.6 L  +4.9) LCB   94.81c P  6.57% WF  98.8 PSV      93 N      43  --  F7 E2 D6 G6 G7
E7  : T  94.59c W  96.33c S  -1.29c ( +5.2 L  +4.5) LCB   92.11c P  5.84% WF  49.4 PSV      48 N      26  --  E7 E2 H5 C5 F2 F7
D6  : T  99.59c W  98.02c S   1.41c ( +6.4 L  +5.8) LCB   97.66c P  0.57% WF  97.1 PSV      21 N      41  --  D6 E2 H5 C4 B4
F2  : T  94.85c W  97.45c S  -1.98c ( +4.9 L  +4.4) LCB   18.55c P  0.67% WF   8.2 PSV       5 N       3  --  F2 E7
C6  : T  95.93c W  97.98c S  -1.68c ( +5.1 L  +4.6) LCB  -68.04c P  0.44% WF   5.4 PSV       4 N       2  --  C6 D3
H4  : T  93.41c W  94.94c S  -1.16c ( +5.2 L  +4.6) LCB  -64.33c P  0.55% WF   3.8 PSV       3 N       2  --  H4 C5

2024-03-18 17:11:33+0800: = play E2
