2024-03-17 17:49:09+0800: Running with following config:
allowResignation = true
friendlyPassOk = true
hasButton = false
koRule = SIMPLE
lagBuffer = 1.0
logAllGTPCommunication = true
logDir = gtp_logs
logSearchInfo = true
logToStderr = false
multiStoneSuicideLegal = false
nnCacheSizePowerOfTwo = 20
nnMutexPoolSizePowerOfTwo = 16
numNNServerThreadsPerModel = 1
numSearchThreads = 8
openclDeviceToUseThread0 = 0
ponderingEnabled = false
resignConsecTurns = 3
resignThreshold = -0.90
scoringRule = AREA
searchFactorAfterOnePass = 0.50
searchFactorAfterTwoPass = 0.25
searchFactorWhenWinning = 0.40
searchFactorWhenWinningThreshold = 0.95
taxRule = NONE
whiteHandicapBonus = N

2024-03-17 17:49:09+0800: GTP Engine starting...
2024-03-17 17:49:09+0800: KataGo v1.13.0
2024-03-17 17:49:09+0800: Using Chinese rules initially, unless GTP/GUI overrides this
2024-03-17 17:49:09+0800: Using 8 CPU thread(s) for search
2024-03-17 17:49:09+0800: nnRandSeed0 = 1694477360142661988
2024-03-17 17:49:09+0800: After dedups: nnModelFile0 = F:\homework\毕业设计\katago-v1.13.0-opencl-windows-x64\model.bin useFP16 auto useNHWC auto
2024-03-17 17:49:09+0800: Initializing neural net buffer to be size 19 * 19 exactly
2024-03-17 17:49:10+0800: Found OpenCL Platform 0: NVIDIA CUDA (NVIDIA Corporation) (OpenCL 3.0 CUDA 12.3.99)
2024-03-17 17:49:10+0800: Found 1 device(s) on platform 0 with type CPU or GPU or Accelerator
2024-03-17 17:49:10+0800: Found OpenCL Device 0: NVIDIA GeForce RTX 2060 (NVIDIA Corporation) (score 11000300)
2024-03-17 17:49:10+0800: Creating context for OpenCL Platform: NVIDIA CUDA (NVIDIA Corporation) (OpenCL 3.0 CUDA 12.3.99)
2024-03-17 17:49:10+0800: Using OpenCL Device 0: NVIDIA GeForce RTX 2060 (NVIDIA Corporation) OpenCL 3.0 CUDA (Extensions: cl_khr_global_int32_base_atomics cl_khr_global_int32_extended_atomics cl_khr_local_int32_base_atomics cl_khr_local_int32_extended_atomics cl_khr_fp64 cl_khr_3d_image_writes cl_khr_byte_addressable_store cl_khr_icd cl_khr_gl_sharing cl_nv_compiler_options cl_nv_device_attribute_query cl_nv_pragma_unroll cl_nv_d3d10_sharing cl_khr_d3d10_sharing cl_nv_d3d11_sharing cl_nv_copy_opts cl_nv_create_buffer cl_khr_int64_base_atomics cl_khr_int64_extended_atomics cl_khr_device_uuid cl_khr_pci_bus_info cl_khr_external_semaphore cl_khr_external_memory cl_khr_external_semaphore_win32 cl_khr_external_memory_win32)
2024-03-17 17:49:10+0800: Loaded tuning parameters from: F:\homework\毕业设计\katago-v1.13.0-opencl-windows-x64/KataGoData/opencltuning/tune11_gpuNVIDIAGeForceRTX2060_x19_y19_c384_mv14.txt
2024-03-17 17:49:10+0800: OpenCL backend thread 0: Device 0 Model version 14
2024-03-17 17:49:10+0800: OpenCL backend thread 0: Device 0 Model name: kata1-b18c384nbt-s7192213760-d3579182099
2024-03-17 17:49:12+0800: OpenCL backend thread 0: Device 0 FP16Storage true FP16Compute false FP16TensorCores true FP16TensorCoresFor1x1 false
2024-03-17 17:49:12+0800: Loaded neural net with nnXLen 19 nnYLen 19
2024-03-17 17:49:12+0800: Initializing board with boardXSize 19 boardYSize 19
2024-03-17 17:49:12+0800: Loaded config F:\homework\毕业设计\katago-v1.13.0-opencl-windows-x64\gtp_custom.cfg
2024-03-17 17:49:12+0800: Loaded model F:\homework\毕业设计\katago-v1.13.0-opencl-windows-x64\model.bin
2024-03-17 17:49:12+0800: Model name: kata1-b18c384nbt-s7192213760-d3579182099
2024-03-17 17:49:12+0800: GTP ready, beginning main protocol loop
2024-03-17 17:49:18+0800: Controller: loadsgf C:/Users/KILLLAKILL/AppData/LocalLow/DefaultCompany/yiwu/RecentGames\sgf_1701255612.sgf 1
2024-03-17 17:49:18+0800: Changing komi to 5.5
2024-03-17 17:49:18+0800: GPU 0 finishing, processed 0 rows 0 batches
2024-03-17 17:49:18+0800: Cleaned up old neural net and bot
2024-03-17 17:49:18+0800: nnRandSeed0 = 15168945661346693938
2024-03-17 17:49:18+0800: After dedups: nnModelFile0 = F:\homework\毕业设计\katago-v1.13.0-opencl-windows-x64\model.bin useFP16 auto useNHWC auto
2024-03-17 17:49:18+0800: Initializing neural net buffer to be size 9 * 9 exactly
2024-03-17 17:49:18+0800: Found OpenCL Platform 0: NVIDIA CUDA (NVIDIA Corporation) (OpenCL 3.0 CUDA 12.3.99)
2024-03-17 17:49:18+0800: Found 1 device(s) on platform 0 with type CPU or GPU or Accelerator
2024-03-17 17:49:18+0800: Found OpenCL Device 0: NVIDIA GeForce RTX 2060 (NVIDIA Corporation) (score 11000300)
2024-03-17 17:49:18+0800: Creating context for OpenCL Platform: NVIDIA CUDA (NVIDIA Corporation) (OpenCL 3.0 CUDA 12.3.99)
2024-03-17 17:49:19+0800: Using OpenCL Device 0: NVIDIA GeForce RTX 2060 (NVIDIA Corporation) OpenCL 3.0 CUDA (Extensions: cl_khr_global_int32_base_atomics cl_khr_global_int32_extended_atomics cl_khr_local_int32_base_atomics cl_khr_local_int32_extended_atomics cl_khr_fp64 cl_khr_3d_image_writes cl_khr_byte_addressable_store cl_khr_icd cl_khr_gl_sharing cl_nv_compiler_options cl_nv_device_attribute_query cl_nv_pragma_unroll cl_nv_d3d10_sharing cl_khr_d3d10_sharing cl_nv_d3d11_sharing cl_nv_copy_opts cl_nv_create_buffer cl_khr_int64_base_atomics cl_khr_int64_extended_atomics cl_khr_device_uuid cl_khr_pci_bus_info cl_khr_external_semaphore cl_khr_external_memory cl_khr_external_semaphore_win32 cl_khr_external_memory_win32)
2024-03-17 17:49:19+0800: Loaded tuning parameters from: F:\homework\毕业设计\katago-v1.13.0-opencl-windows-x64/KataGoData/opencltuning/tune11_gpuNVIDIAGeForceRTX2060_x19_y19_c384_mv14.txt
2024-03-17 17:49:19+0800: OpenCL backend thread 0: Device 0 Model version 14
2024-03-17 17:49:19+0800: OpenCL backend thread 0: Device 0 Model name: kata1-b18c384nbt-s7192213760-d3579182099
2024-03-17 17:49:21+0800: OpenCL backend thread 0: Device 0 FP16Storage true FP16Compute false FP16TensorCores true FP16TensorCoresFor1x1 false
2024-03-17 17:49:21+0800: Loaded neural net with nnXLen 9 nnYLen 9
2024-03-17 17:49:21+0800: Initializing board with boardXSize 9 boardYSize 9
2024-03-17 17:49:21+0800: = 
2024-03-17 17:49:25+0800: Controller: loadsgf C:/Users/KILLLAKILL/AppData/LocalLow/DefaultCompany/yiwu/RecentGames\sgf_1701255612.sgf 6
2024-03-17 17:49:25+0800: = 
2024-03-17 17:49:25+0800: Controller: lz-genmove_analyze maxmoves 6
2024-03-17 17:49:30+0800: MoveNum: 5 HASH: FFE96295C396DA517064CFFB0FD39D37
   A B C D E F G H J
 9 . . . . . . . . .
 8 . . . . . . . . .
 7 . . X . . . . . .
 6 . . . . . . . . .
 5 . . . . O O2. . .
 4 . . . . . . . . .
 3 . . X1. @ . X3. .
 2 . . . . . . . . .
 1 . . . . . . . . .

koSIMPLEscoreAREAtaxNONEsui0whbNfpok1komi5.5
Time taken: 5
Root visits: 3765
New playouts: 3765
NN rows: 2409
NN batches: 603
NN avg batch size: 3.99502
PV: E3 D4 F3 H5 H4 G4 G5 J4 H6 H3 J6 D7 F2 J5 H2 G2 G1 G7 G6 H1 J1 J2 J3 F7 C2
Tree:
: T -37.20c W -36.64c S  -2.09c ( -1.7 L  -1.4) N    3765  --  E3 D4 F3 H5 H4 G4 G5
---White(^)---
E3  : T -34.97c W -34.81c S  -2.03c ( -1.7 L  -1.4) LCB  -39.14c P 35.89% WF 2155.3 PSV    2112 N    3378  --  E3 D4 F3 H5 H4 G4 G5 J4
E7  : T -44.94c W -44.56c S  -1.65c ( -1.4 L  -1.0) LCB  -57.89c P 15.39% WF 144.6 PSV     136 N     235  --  E7 C5 D4 H5 C4 B4 B3 B5
C5  : T -67.45c W -56.26c S  -4.04c ( -2.7 L  -2.1) LCB  -87.26c P 25.79% WF  60.2 PSV      78 N      96  --  C5 D4 C6 E7 F3 F2 E3 E2
F3  : T -77.64c W -70.34c S  -3.92c ( -2.5 L  -1.9) LCB -100.94c P 10.05% WF  19.3 PSV      23 N      25  --  F3 F2 E7 C5 G4 E3
F2  : T -57.76c W -53.90c S  -2.33c ( -1.8 L  -1.0) LCB  -90.71c P  1.84% WF   7.5 PSV       7 N       9  --  F2 C5 D4
D3  : T -85.15c W -79.59c S  -5.39c ( -3.2 L  -2.5) LCB -115.19c P  3.75% WF   5.4 PSV       7 N       6  --  D3 D4 F3 E3
G4  : T -74.21c W -71.00c S  -3.54c ( -2.3 L  -1.6) LCB -129.08c P  1.85% WF   3.6 PSV       4 N       4  --  G4 F3 E3
C6  : T -86.34c W -78.38c S  -4.40c ( -2.7 L  -1.7) LCB -165.50c P  1.65% WF   3.1 PSV       3 N       3  --  C6 D6 D5
D7  : T -82.10c W -76.00c S  -3.60c ( -2.3 L  -1.3) LCB -157.21c P  1.59% WF   3.0 PSV       3 N       3  --  D7 C6 G4
C4  : T -82.02c W -77.99c S  -4.02c ( -2.5 L  -1.3) LCB -432.02c P  0.72% WF   1.2 PSV       1 N       1  --  C4

2024-03-17 17:49:30+0800: = play E3
