2024-03-15 21:54:36+0800: Running with following config:
allowResignation = true
friendlyPassOk = true
hasButton = false
koRule = SIMPLE
lagBuffer = 1.0
logAllGTPCommunication = true
logDir = gtp_logs
logSearchInfo = true
logToStderr = false
multiStoneSuicideLegal = false
nnCacheSizePowerOfTwo = 20
nnMutexPoolSizePowerOfTwo = 16
numNNServerThreadsPerModel = 1
numSearchThreads = 8
openclDeviceToUseThread0 = 0
ponderingEnabled = false
resignConsecTurns = 3
resignThreshold = -0.90
scoringRule = AREA
searchFactorAfterOnePass = 0.50
searchFactorAfterTwoPass = 0.25
searchFactorWhenWinning = 0.40
searchFactorWhenWinningThreshold = 0.95
taxRule = NONE
whiteHandicapBonus = N

2024-03-15 21:54:36+0800: GTP Engine starting...
2024-03-15 21:54:36+0800: KataGo v1.13.0
2024-03-15 21:54:36+0800: Using Chinese rules initially, unless GTP/GUI overrides this
2024-03-15 21:54:36+0800: Using 8 CPU thread(s) for search
2024-03-15 21:54:36+0800: nnRandSeed0 = 9750379412437037102
2024-03-15 21:54:36+0800: After dedups: nnModelFile0 = F:\homework\毕业设计\katago-v1.13.0-opencl-windows-x64\model.bin useFP16 auto useNHWC auto
2024-03-15 21:54:36+0800: Initializing neural net buffer to be size 19 * 19 exactly
2024-03-15 21:54:37+0800: Found OpenCL Platform 0: NVIDIA CUDA (NVIDIA Corporation) (OpenCL 3.0 CUDA 12.3.99)
2024-03-15 21:54:37+0800: Found 1 device(s) on platform 0 with type CPU or GPU or Accelerator
2024-03-15 21:54:37+0800: Found OpenCL Device 0: NVIDIA GeForce RTX 2060 (NVIDIA Corporation) (score 11000300)
2024-03-15 21:54:37+0800: Creating context for OpenCL Platform: NVIDIA CUDA (NVIDIA Corporation) (OpenCL 3.0 CUDA 12.3.99)
2024-03-15 21:54:37+0800: Using OpenCL Device 0: NVIDIA GeForce RTX 2060 (NVIDIA Corporation) OpenCL 3.0 CUDA (Extensions: cl_khr_global_int32_base_atomics cl_khr_global_int32_extended_atomics cl_khr_local_int32_base_atomics cl_khr_local_int32_extended_atomics cl_khr_fp64 cl_khr_3d_image_writes cl_khr_byte_addressable_store cl_khr_icd cl_khr_gl_sharing cl_nv_compiler_options cl_nv_device_attribute_query cl_nv_pragma_unroll cl_nv_d3d10_sharing cl_khr_d3d10_sharing cl_nv_d3d11_sharing cl_nv_copy_opts cl_nv_create_buffer cl_khr_int64_base_atomics cl_khr_int64_extended_atomics cl_khr_device_uuid cl_khr_pci_bus_info cl_khr_external_semaphore cl_khr_external_memory cl_khr_external_semaphore_win32 cl_khr_external_memory_win32)
2024-03-15 21:54:37+0800: Loaded tuning parameters from: F:\homework\毕业设计\katago-v1.13.0-opencl-windows-x64/KataGoData/opencltuning/tune11_gpuNVIDIAGeForceRTX2060_x19_y19_c384_mv14.txt
2024-03-15 21:54:37+0800: OpenCL backend thread 0: Device 0 Model version 14
2024-03-15 21:54:37+0800: OpenCL backend thread 0: Device 0 Model name: kata1-b18c384nbt-s7192213760-d3579182099
2024-03-15 21:54:40+0800: OpenCL backend thread 0: Device 0 FP16Storage true FP16Compute false FP16TensorCores true FP16TensorCoresFor1x1 false
2024-03-15 21:54:40+0800: Loaded neural net with nnXLen 19 nnYLen 19
2024-03-15 21:54:40+0800: Initializing board with boardXSize 19 boardYSize 19
2024-03-15 21:54:40+0800: Loaded config F:\homework\毕业设计\katago-v1.13.0-opencl-windows-x64\gtp_custom.cfg
2024-03-15 21:54:40+0800: Loaded model F:\homework\毕业设计\katago-v1.13.0-opencl-windows-x64\model.bin
2024-03-15 21:54:40+0800: Model name: kata1-b18c384nbt-s7192213760-d3579182099
2024-03-15 21:54:40+0800: GTP ready, beginning main protocol loop
2024-03-15 21:54:48+0800: Controller: loadsgf C:/Users/KILLLAKILL/AppData/LocalLow/DefaultCompany/yiwu/RecentGames\sgf_1659790193.sgf 1
2024-03-15 21:54:48+0800: Changing komi to 5.5
2024-03-15 21:54:48+0800: GPU 0 finishing, processed 0 rows 0 batches
2024-03-15 21:54:49+0800: Cleaned up old neural net and bot
2024-03-15 21:54:49+0800: nnRandSeed0 = 5297242081724459797
2024-03-15 21:54:49+0800: After dedups: nnModelFile0 = F:\homework\毕业设计\katago-v1.13.0-opencl-windows-x64\model.bin useFP16 auto useNHWC auto
2024-03-15 21:54:49+0800: Initializing neural net buffer to be size 9 * 9 exactly
2024-03-15 21:54:49+0800: Found OpenCL Platform 0: NVIDIA CUDA (NVIDIA Corporation) (OpenCL 3.0 CUDA 12.3.99)
2024-03-15 21:54:49+0800: Found 1 device(s) on platform 0 with type CPU or GPU or Accelerator
2024-03-15 21:54:49+0800: Found OpenCL Device 0: NVIDIA GeForce RTX 2060 (NVIDIA Corporation) (score 11000300)
2024-03-15 21:54:49+0800: Creating context for OpenCL Platform: NVIDIA CUDA (NVIDIA Corporation) (OpenCL 3.0 CUDA 12.3.99)
2024-03-15 21:54:49+0800: Using OpenCL Device 0: NVIDIA GeForce RTX 2060 (NVIDIA Corporation) OpenCL 3.0 CUDA (Extensions: cl_khr_global_int32_base_atomics cl_khr_global_int32_extended_atomics cl_khr_local_int32_base_atomics cl_khr_local_int32_extended_atomics cl_khr_fp64 cl_khr_3d_image_writes cl_khr_byte_addressable_store cl_khr_icd cl_khr_gl_sharing cl_nv_compiler_options cl_nv_device_attribute_query cl_nv_pragma_unroll cl_nv_d3d10_sharing cl_khr_d3d10_sharing cl_nv_d3d11_sharing cl_nv_copy_opts cl_nv_create_buffer cl_khr_int64_base_atomics cl_khr_int64_extended_atomics cl_khr_device_uuid cl_khr_pci_bus_info cl_khr_external_semaphore cl_khr_external_memory cl_khr_external_semaphore_win32 cl_khr_external_memory_win32)
2024-03-15 21:54:49+0800: Loaded tuning parameters from: F:\homework\毕业设计\katago-v1.13.0-opencl-windows-x64/KataGoData/opencltuning/tune11_gpuNVIDIAGeForceRTX2060_x19_y19_c384_mv14.txt
2024-03-15 21:54:50+0800: OpenCL backend thread 0: Device 0 Model version 14
2024-03-15 21:54:50+0800: OpenCL backend thread 0: Device 0 Model name: kata1-b18c384nbt-s7192213760-d3579182099
2024-03-15 21:54:53+0800: OpenCL backend thread 0: Device 0 FP16Storage true FP16Compute false FP16TensorCores true FP16TensorCoresFor1x1 false
2024-03-15 21:54:53+0800: Loaded neural net with nnXLen 9 nnYLen 9
2024-03-15 21:54:53+0800: Initializing board with boardXSize 9 boardYSize 9
2024-03-15 21:54:53+0800: = 
2024-03-15 21:54:54+0800: Controller: loadsgf C:/Users/KILLLAKILL/AppData/LocalLow/DefaultCompany/yiwu/RecentGames\sgf_1659790193.sgf 1
2024-03-15 21:54:54+0800: = 
2024-03-15 21:54:54+0800: Controller: lz-genmove_analyze maxmoves 6
2024-03-15 21:54:59+0800: MoveNum: 0 HASH: 9F0B2D702FC8448C75410E097F089AEB
   A B C D E F G H J
 9 . . . . . . . . .
 8 . . . . . . . . .
 7 . . . . . . . . .
 6 . . . . . @ . . .
 5 . . . . . . . . .
 4 . . . . . . . . .
 3 . . . . . . . . .
 2 . . . . . . . . .
 1 . . . . . . . . .

koSIMPLEscoreAREAtaxNONEsui0whbNfpok1komi5.5
Time taken: 5.015
Root visits: 2209
New playouts: 2209
NN rows: 2005
NN batches: 489
NN avg batch size: 4.1002
PV: F6 D6 E4 C4 C3 B3 D3 G6 F7 G4 G7 G2 B4 B5 C5 A4 C6 C7 B6 D5
Tree:
: T  46.04c W  45.96c S   0.56c ( +1.8 L  +1.2) N    2209  --  F6 D6 E4 C4 C3 B3 D3
---Black(^)---
F6  : T  46.64c W  46.57c S   0.64c ( +1.9 L  +1.3) LCB   43.48c P 24.70% WF 1560.3 PSV    1553 N    2029  --  F6 D6 E4 C4 C3 B3 D3 G6
E5  : T  43.12c W  42.45c S   0.03c ( +1.5 L  +0.9) LCB   39.09c P  7.17% WF 177.7 PSV      84 N     147  --  E5 C4 E3 G6 C6 F7 E7 E8
F5  : T  41.11c W  43.98c S  -0.08c ( +1.5 L  +0.9) LCB   31.61c P  0.48% WF  19.3 PSV       3 N      15  --  F5 D5 E7 C7 C3 G7
G5  : T  18.01c W  21.45c S  -1.22c ( +0.9 L  +0.6) LCB  -29.93c P  0.11% WF   3.8 PSV       0 N       4  --  G5 D5 E5 D6
G6  : T  10.96c W  12.21c S  -1.24c ( +0.9 L  +0.8) LCB -138.63c P  0.13% WF   2.4 PSV       0 N       2  --  G6 D4
G7  : T -59.13c W -53.74c S  -5.39c ( -1.1 L  -0.2) LCB -409.13c P  0.00% WF   0.3 PSV       0 N       1  --  G7
H5  : T -80.22c W -72.78c S  -7.44c ( -2.2 L  -1.1) LCB -430.22c P  0.00% WF   0.1 PSV       0 N       1  --  H5
H6  : T -90.96c W -82.15c S  -8.81c ( -2.8 L  -1.6) LCB -440.96c P  0.00% WF   0.1 PSV       0 N       1  --  H6
H7  : T -106.40c W -93.94c S -12.45c ( -4.3 L  -3.3) LCB -456.40c P  0.00% WF   0.1 PSV       0 N       1  --  H7
J6  : T -118.47c W -99.48c S -18.99c ( -7.7 L  -7.8) LCB -468.47c P  0.00% WF   0.1 PSV       0 N       1  --  J6

2024-03-15 21:54:59+0800: = play F6
