2024-05-14 13:18:01+0800: Running with following config:
allowResignation = true
friendlyPassOk = true
hasButton = false
koRule = SIMPLE
lagBuffer = 1.0
logAllGTPCommunication = true
logDir = gtp_logs
logSearchInfo = true
logToStderr = false
multiStoneSuicideLegal = false
nnCacheSizePowerOfTwo = 20
nnMutexPoolSizePowerOfTwo = 16
numNNServerThreadsPerModel = 1
numSearchThreads = 8
openclDeviceToUseThread0 = 0
ponderingEnabled = false
resignConsecTurns = 3
resignThreshold = -0.90
scoringRule = AREA
searchFactorAfterOnePass = 0.50
searchFactorAfterTwoPass = 0.25
searchFactorWhenWinning = 0.40
searchFactorWhenWinningThreshold = 0.95
taxRule = NONE
whiteHandicapBonus = N

2024-05-14 13:18:01+0800: GTP Engine starting...
2024-05-14 13:18:01+0800: KataGo v1.13.0
2024-05-14 13:18:01+0800: Using Chinese rules initially, unless GTP/GUI overrides this
2024-05-14 13:18:01+0800: Using 8 CPU thread(s) for search
2024-05-14 13:18:01+0800: nnRandSeed0 = 1450412436788432779
2024-05-14 13:18:01+0800: After dedups: nnModelFile0 = F:/unity_project/yiwu/Assets/StreamingAssets\katago-v1.13.0-opencl-windows-x64\model.bin useFP16 auto useNHWC auto
2024-05-14 13:18:01+0800: Initializing neural net buffer to be size 19 * 19 exactly
2024-05-14 13:18:02+0800: Found OpenCL Platform 0: NVIDIA CUDA (NVIDIA Corporation) (OpenCL 3.0 CUDA 12.3.99)
2024-05-14 13:18:02+0800: Found 1 device(s) on platform 0 with type CPU or GPU or Accelerator
2024-05-14 13:18:02+0800: Found OpenCL Device 0: NVIDIA GeForce RTX 2060 (NVIDIA Corporation) (score 11000300)
2024-05-14 13:18:02+0800: Creating context for OpenCL Platform: NVIDIA CUDA (NVIDIA Corporation) (OpenCL 3.0 CUDA 12.3.99)
2024-05-14 13:18:02+0800: Using OpenCL Device 0: NVIDIA GeForce RTX 2060 (NVIDIA Corporation) OpenCL 3.0 CUDA (Extensions: cl_khr_global_int32_base_atomics cl_khr_global_int32_extended_atomics cl_khr_local_int32_base_atomics cl_khr_local_int32_extended_atomics cl_khr_fp64 cl_khr_3d_image_writes cl_khr_byte_addressable_store cl_khr_icd cl_khr_gl_sharing cl_nv_compiler_options cl_nv_device_attribute_query cl_nv_pragma_unroll cl_nv_d3d10_sharing cl_khr_d3d10_sharing cl_nv_d3d11_sharing cl_nv_copy_opts cl_nv_create_buffer cl_khr_int64_base_atomics cl_khr_int64_extended_atomics cl_khr_device_uuid cl_khr_pci_bus_info cl_khr_external_semaphore cl_khr_external_memory cl_khr_external_semaphore_win32 cl_khr_external_memory_win32)
2024-05-14 13:18:02+0800: Loaded tuning parameters from: F:\unity_project\yiwu\Assets\StreamingAssets\katago-v1.13.0-opencl-windows-x64/KataGoData/opencltuning/tune11_gpuNVIDIAGeForceRTX2060_x19_y19_c384_mv14.txt
2024-05-14 13:18:03+0800: OpenCL backend thread 0: Device 0 Model version 14
2024-05-14 13:18:03+0800: OpenCL backend thread 0: Device 0 Model name: kata1-b18c384nbt-s7192213760-d3579182099
2024-05-14 13:18:06+0800: OpenCL backend thread 0: Device 0 FP16Storage true FP16Compute false FP16TensorCores true FP16TensorCoresFor1x1 false
2024-05-14 13:18:06+0800: Loaded neural net with nnXLen 19 nnYLen 19
2024-05-14 13:18:06+0800: Initializing board with boardXSize 19 boardYSize 19
2024-05-14 13:18:06+0800: Loaded config F:/unity_project/yiwu/Assets/StreamingAssets\katago-v1.13.0-opencl-windows-x64\gtp_custom.cfg
2024-05-14 13:18:06+0800: Loaded model F:/unity_project/yiwu/Assets/StreamingAssets\katago-v1.13.0-opencl-windows-x64\model.bin
2024-05-14 13:18:06+0800: Model name: kata1-b18c384nbt-s7192213760-d3579182099
2024-05-14 13:18:06+0800: GTP ready, beginning main protocol loop
2024-05-14 13:30:56+0800: Controller: loadsgf C:/Users/KILLLAKILL/AppData/LocalLow/DefaultCompany/yiwu/RecentGames\sgf_1712592908.sgf 1
2024-05-14 13:30:56+0800: Changing komi to 6.5
2024-05-14 13:30:56+0800: GPU 0 finishing, processed 0 rows 0 batches
2024-05-14 13:30:56+0800: Cleaned up old neural net and bot
2024-05-14 13:30:56+0800: nnRandSeed0 = 3999896262624518009
2024-05-14 13:30:56+0800: After dedups: nnModelFile0 = F:/unity_project/yiwu/Assets/StreamingAssets\katago-v1.13.0-opencl-windows-x64\model.bin useFP16 auto useNHWC auto
2024-05-14 13:30:56+0800: Initializing neural net buffer to be size 9 * 9 exactly
2024-05-14 13:30:57+0800: Found OpenCL Platform 0: NVIDIA CUDA (NVIDIA Corporation) (OpenCL 3.0 CUDA 12.3.99)
2024-05-14 13:30:57+0800: Found 1 device(s) on platform 0 with type CPU or GPU or Accelerator
2024-05-14 13:30:57+0800: Found OpenCL Device 0: NVIDIA GeForce RTX 2060 (NVIDIA Corporation) (score 11000300)
2024-05-14 13:30:57+0800: Creating context for OpenCL Platform: NVIDIA CUDA (NVIDIA Corporation) (OpenCL 3.0 CUDA 12.3.99)
2024-05-14 13:30:57+0800: Using OpenCL Device 0: NVIDIA GeForce RTX 2060 (NVIDIA Corporation) OpenCL 3.0 CUDA (Extensions: cl_khr_global_int32_base_atomics cl_khr_global_int32_extended_atomics cl_khr_local_int32_base_atomics cl_khr_local_int32_extended_atomics cl_khr_fp64 cl_khr_3d_image_writes cl_khr_byte_addressable_store cl_khr_icd cl_khr_gl_sharing cl_nv_compiler_options cl_nv_device_attribute_query cl_nv_pragma_unroll cl_nv_d3d10_sharing cl_khr_d3d10_sharing cl_nv_d3d11_sharing cl_nv_copy_opts cl_nv_create_buffer cl_khr_int64_base_atomics cl_khr_int64_extended_atomics cl_khr_device_uuid cl_khr_pci_bus_info cl_khr_external_semaphore cl_khr_external_memory cl_khr_external_semaphore_win32 cl_khr_external_memory_win32)
2024-05-14 13:30:57+0800: Loaded tuning parameters from: F:\unity_project\yiwu\Assets\StreamingAssets\katago-v1.13.0-opencl-windows-x64/KataGoData/opencltuning/tune11_gpuNVIDIAGeForceRTX2060_x19_y19_c384_mv14.txt
2024-05-14 13:30:57+0800: OpenCL backend thread 0: Device 0 Model version 14
2024-05-14 13:30:57+0800: OpenCL backend thread 0: Device 0 Model name: kata1-b18c384nbt-s7192213760-d3579182099
2024-05-14 13:30:59+0800: OpenCL backend thread 0: Device 0 FP16Storage true FP16Compute false FP16TensorCores true FP16TensorCoresFor1x1 false
2024-05-14 13:30:59+0800: Loaded neural net with nnXLen 9 nnYLen 9
2024-05-14 13:30:59+0800: Initializing board with boardXSize 9 boardYSize 9
2024-05-14 13:30:59+0800: = 
2024-05-14 13:31:19+0800: Controller: loadsgf C:/Users/KILLLAKILL/AppData/LocalLow/DefaultCompany/yiwu/RecentGames\sgf_1712592908.sgf 3
2024-05-14 13:31:19+0800: = 
2024-05-14 13:31:19+0800: Controller: lz-genmove_analyze maxmoves 6
2024-05-14 13:31:24+0800: MoveNum: 2 HASH: B3CC67F580770CC9A12FCD2306A30936
   A B C D E F G H J
 9 . . . . . . . . .
 8 . . . . . . . . .
 7 . . . . . . . . .
 6 . . . . . @ . . .
 5 . O2. . . . . . .
 4 . . . . . . . . .
 3 . . . . . X1. . .
 2 . . . . . . . . .
 1 . . . . . . . . .

koSIMPLEscoreAREAtaxNONEsui0whbNfpok1komi6.5
Time taken: 5
Root visits: 2661
New playouts: 2661
NN rows: 2385
NN batches: 597
NN avg batch size: 3.99497
PV: F6 D4 E7 H5 G5 G7 H4 E3 F2 H6 F8 G8 C6 D6 C5 C4 B6 E6
Tree:
: T  85.20c W  84.36c S   1.54c ( +3.2 L  +2.0) N    2661  --  F6 D4 E7 H5 G5 G7 H4
---Black(^)---
F6  : T  85.63c W  84.74c S   1.62c ( +3.2 L  +2.1) LCB   84.02c P 72.43% WF 3227.5 PSV    3218 N    2488  --  F6 D4 E7 H5 G5 G7 H4 E3
F7  : T  81.33c W  80.84c S   0.79c ( +2.8 L  +1.5) LCB   77.54c P 12.13% WF 135.0 PSV     117 N     104  --  F7 F4 E4 G3 E3 G6 C6 B6
E6  : T  75.12c W  76.47c S  -0.20c ( +2.3 L  +1.1) LCB   67.65c P  5.83% WF  26.0 PSV      26 N      20  --  E6 D4 G6 D7 E7
E7  : T  79.51c W  79.28c S   0.24c ( +2.5 L  +1.2) LCB   73.62c P  1.52% WF  27.5 PSV      11 N      19  --  E7 F6 F7 G7 E6 G6
D6  : T  74.12c W  75.11c S   0.17c ( +2.5 L  +1.2) LCB   55.50c P  2.09% WF  11.5 PSV       8 N       9  --  D6 E4 E3 D4
G6  : T  76.62c W  76.63c S  -0.27c ( +2.3 L  +1.1) LCB   62.72c P  1.18% WF  10.1 PSV       6 N       8  --  G6 F6 F7 G5
C4  : T  76.52c W  76.55c S   0.07c ( +2.5 L  +1.0) LCB   51.91c P  1.07% WF   8.7 PSV       5 N       6  --  C4 E6 D6 D7
C6  : T  63.57c W  66.08c S  -1.29c ( +1.7 L  +0.6) LCB  -85.46c P  1.08% WF   2.6 PSV       2 N       2  --  C6 E4
D4  : T  62.54c W  64.70c S  -2.17c ( +1.3 L  +0.5) LCB -287.46c P  0.99% WF   1.2 PSV       2 N       1  --  D4
F5  : T  72.16c W  73.42c S  -1.26c ( +1.8 L  +0.9) LCB -277.84c P  0.62% WF   1.3 PSV       2 N       1  --  F5

2024-05-14 13:31:24+0800: = play F6
2024-05-14 13:31:46+0800: Controller: loadsgf C:/Users/KILLLAKILL/AppData/LocalLow/DefaultCompany/yiwu/RecentGames\sgf_1712592908.sgf 3
2024-05-14 13:31:46+0800: = 
2024-05-14 13:31:46+0800: Controller: lz-genmove_analyze maxmoves 6
2024-05-14 13:31:51+0800: MoveNum: 2 HASH: B3CC67F580770CC9A12FCD2306A30936
   A B C D E F G H J
 9 . . . . . . . . .
 8 . . . . . . . . .
 7 . . . . . . . . .
 6 . . . . . @ . . .
 5 . O2. . . . . . .
 4 . . . . . . . . .
 3 . . . . . X1. . .
 2 . . . . . . . . .
 1 . . . . . . . . .

koSIMPLEscoreAREAtaxNONEsui0whbNfpok1komi6.5
Time taken: 5
Root visits: 5384
New playouts: 5384
NN rows: 2476
NN batches: 620
NN avg batch size: 3.99355
PV: F6 D4 D7 G5 G6 F5 D3 H6 H7 C3 E4 E5 D5 C4 E6 H3 H5 G4 H2 G2 G3 H4 F2 J2 H1
Tree:
: T  86.01c W  84.28c S   2.29c ( +3.5 L  +2.5) N    5384  --  F6 D4 D7 G5 G6 F5 D3
---Black(^)---
F6  : T  86.36c W  84.55c S   2.38c ( +3.6 L  +2.5) LCB   85.08c P 72.43% WF 6360.8 PSV    6344 N    5167  --  F6 D4 D7 G5 G6 F5 D3 H6
F7  : T  79.79c W  79.96c S   0.63c ( +2.7 L  +1.4) LCB   75.85c P 12.13% WF 160.0 PSV     146 N     128  --  F7 F4 E3 G3 G4 G5 H4 E4
E6  : T  75.35c W  76.35c S  -0.34c ( +2.3 L  +1.1) LCB   70.24c P  5.83% WF  42.4 PSV      44 N      34  --  E6 D4 G6 F4 E3 E4
E7  : T  79.86c W  79.37c S   0.26c ( +2.5 L  +1.1) LCB   73.50c P  1.52% WF  24.9 PSV      18 N      17  --  E7 G6 F5 G4 C4
D6  : T  73.61c W  74.71c S   0.05c ( +2.4 L  +1.2) LCB   57.05c P  2.09% WF  12.5 PSV      13 N      10  --  D6 E4 E3 D4 F4
G6  : T  76.62c W  76.63c S  -0.27c ( +2.3 L  +1.1) LCB   62.72c P  1.18% WF  10.0 PSV      10 N       8  --  G6 F6 F7 G5
C4  : T  76.52c W  76.55c S   0.07c ( +2.5 L  +1.0) LCB   51.91c P  1.07% WF   8.6 PSV       9 N       6  --  C4 E6 D6 D7
F5  : T  74.96c W  75.07c S  -0.57c ( +2.1 L  +0.6) LCB    0.44c P  0.62% WF   4.3 PSV       4 N       3  --  F5 F7
C6  : T  61.53c W  64.77c S  -1.56c ( +1.6 L  +0.6) LCB  -14.21c P  1.08% WF   3.6 PSV       3 N       3  --  C6 E4 F4
D4  : T  60.84c W  62.83c S  -1.50c ( +1.7 L  +0.4) LCB  -88.91c P  0.99% WF   2.5 PSV       3 N       2  --  D4 G6

2024-05-14 13:31:51+0800: = play F6
2024-05-14 13:32:54+0800: Controller: loadsgf C:/Users/KILLLAKILL/AppData/LocalLow/DefaultCompany/yiwu/RecentGames\sgf_1659790193.sgf 1
2024-05-14 13:32:54+0800: Changing komi to 5.5
2024-05-14 13:32:54+0800: = 
2024-05-14 13:33:04+0800: Controller: loadsgf C:/Users/KILLLAKILL/AppData/LocalLow/DefaultCompany/yiwu/RecentGames\sgf_1659790193.sgf 6
2024-05-14 13:33:04+0800: = 
2024-05-14 13:33:04+0800: Controller: lz-genmove_analyze maxmoves 6
2024-05-14 13:33:09+0800: MoveNum: 5 HASH: 611BD4CBA6629026667128E5EC901D9B
   A B C D E F G H J
 9 . . . . . . . . .
 8 . . . . . . . . .
 7 . . . X1. . . . .
 6 . . . . . . . . .
 5 . . . O X . . . .
 4 . . . . @ . . . .
 3 . . . . . . X3. .
 2 . . . . . . . . .
 1 . . . . . O2. . .

koSIMPLEscoreAREAtaxNONEsui0whbNfpok1komi5.5
Time taken: 5
Root visits: 2671
New playouts: 2671
NN rows: 2424
NN batches: 607
NN avg batch size: 3.99341
PV: E4 F5 D6 E7 C7 D4 C4 D3 C3 E3 H3 C8 G4 F4 G2 B7 C2 G5 F3
Tree:
: T -104.95c W -98.08c S  -7.11c ( -7.6 L  -7.2) N    2671  --  E4 F5 D6 E7 C7 D4 C4
---White(^)---
E4  : T -104.29c W -97.97c S  -6.64c ( -7.3 L  -7.0) LCB -105.12c P 20.84% WF 5369.9 PSV    5329 N    2382  --  E4 F5 D6 E7 C7 D4 C4 D3
D4  : T -109.11c W -98.63c S -10.14c ( -9.3 L  -8.7) LCB -110.94c P 48.01% WF 487.8 PSV     510 N     150  --  D4 D6 G6 E4 D3 H5 G5 E3
F4  : T -107.42c W -98.76c S  -8.36c ( -8.1 L  -7.5) LCB -108.90c P 21.66% WF 343.8 PSV     346 N     110  --  F4 E4 F3 G6 G4 D4 C7 C6
D3  : T -106.56c W -98.77c S  -7.74c ( -7.9 L  -7.4) LCB -113.01c P  1.54% WF  34.4 PSV      33 N      10  --  D3 E4 D4 D6 E3
D6  : T -109.84c W -99.11c S -10.06c ( -8.9 L  -8.3) LCB -186.57c P  1.20% WF  11.0 PSV      11 N       3  --  D6 E6 C7
G5  : T -111.85c W -98.71c S -13.14c (-10.3 L  -9.1) LCB -461.85c P  0.60% WF   4.9 PSV       4 N       1  --  G5
F3  : T -109.21c W -98.43c S -10.78c ( -9.0 L  -8.0) LCB -459.21c P  0.43% WF   4.6 PSV       4 N       1  --  F3
C4  : T -110.46c W -98.57c S -11.88c ( -9.7 L  -8.5) LCB -460.46c P  0.37% WF   5.0 PSV       3 N       1  --  C4
G6  : T -112.52c W -98.68c S -13.85c (-10.9 L  -9.6) LCB -462.52c P  0.44% WF   5.2 PSV       2 N       1  --  G6
C3  : T -112.18c W -98.90c S -13.28c (-10.3 L  -9.1) LCB -462.18c P  0.40% WF   5.3 PSV       2 N       1  --  C3

2024-05-14 13:33:09+0800: = play E4
